============================================================
  Generated by:           Genus(TM) Synthesis Solution 23.12-s086_1
  Generated on:           Apr 14 2025  02:21:44 pm
  Module:                 signal_32bits
  Operating conditions:   tt_025C_1v80 
  Interconnect mode:      global
  Area mode:              physical library
============================================================


Path 1: MET (0 ps) Path Delay Check
     Startpoint: (F) A[0]
       Endpoint: (R) S[31]

                   Capture    Launch  
      Path Delay:+    5800         -  
      Drv Adjust:+       0         0  
         Arrival:=    5800            
                                      
   Required Time:=    5800            
       Data Path:-    5800            
           Slack:=       0            

Exceptions/Constraints:
  max_delay             5800            constraints.sdc_line_1 

#------------------------------------------------------------------------------------------------------------------------------
#          Timing Point            Flags     Arc     Edge            Cell             Fanout Load Trans Delay Arrival Instance 
#                                                                                            (fF)  (ps)  (ps)   (ps)  Location 
#------------------------------------------------------------------------------------------------------------------------------
  A[0]                             -       -         F     (arrival)                       3 11.3  1000     0       0    (-,-) 
  addinc_add_7_30_g2492__2346/Y    -       A->Y      R     sky130_fd_sc_hd__nor2_1         1  3.8   232   333     333    (-,-) 
  addinc_add_7_30_g2456__5115/Y    -       B2->Y     F     sky130_fd_sc_hd__o2bb2ai_1      1  3.6    66    94     427    (-,-) 
  g2547/COUT                       -       CI->COUT  F     sky130_fd_sc_hd__fah_1          2  8.4    83   282     710    (-,-) 
  addinc_add_7_30_g2449__2802/Y    -       A->Y      R     sky130_fd_sc_hd__nand2_1        1  3.7    56    76     785    (-,-) 
  addinc_add_7_30_g2447__3680/Y    -       A->Y      F     sky130_fd_sc_hd__nand2_1        2  8.4    87    77     862    (-,-) 
  addinc_add_7_30_g2446__6783/Y    -       A->Y      R     sky130_fd_sc_hd__nand2_1        1  3.7    56    77     940    (-,-) 
  addinc_add_7_30_g2444__8428/Y    -       A->Y      F     sky130_fd_sc_hd__nand2_1        2  8.4    87    77    1016    (-,-) 
  addinc_add_7_30_g2443__4319/Y    -       A->Y      R     sky130_fd_sc_hd__nand2_1        1  3.7    56    77    1094    (-,-) 
  addinc_add_7_30_g2441__5107/Y    -       A->Y      F     sky130_fd_sc_hd__nand2_1        2  8.4    87    77    1170    (-,-) 
  addinc_add_7_30_g2440__2398/Y    -       A->Y      R     sky130_fd_sc_hd__nand2_1        1  3.7    56    77    1248    (-,-) 
  addinc_add_7_30_g2438__6417/Y    -       A->Y      F     sky130_fd_sc_hd__nand2_1        2  8.4    87    77    1325    (-,-) 
  addinc_add_7_30_g2437__7410/Y    -       A->Y      R     sky130_fd_sc_hd__nand2_1        1  3.7    56    77    1402    (-,-) 
  addinc_add_7_30_g2435__2346/Y    -       A->Y      F     sky130_fd_sc_hd__nand2_1        2  8.4    87    77    1479    (-,-) 
  addinc_add_7_30_g2434__2883/Y    -       A->Y      R     sky130_fd_sc_hd__nand2_1        1  3.7    56    77    1556    (-,-) 
  addinc_add_7_30_g2432__9315/Y    -       A->Y      F     sky130_fd_sc_hd__nand2_1        3 13.3   116   102    1658    (-,-) 
  addinc_add_7_30_g2429__7482/Y    -       A1->Y     R     sky130_fd_sc_hd__a31oi_2        2  9.0   191   196    1854    (-,-) 
  addinc_add_7_30_g2426__6131/Y    -       A2->Y     F     sky130_fd_sc_hd__o21ai_1        2  8.4   110   119    1973    (-,-) 
  addinc_add_7_30_g2425__7098/Y    -       A->Y      R     sky130_fd_sc_hd__nand2_1        1  3.7    56    87    2060    (-,-) 
  addinc_add_7_30_g2423__5122/Y    -       A->Y      F     sky130_fd_sc_hd__nand2_1        1  3.6    59    52    2112    (-,-) 
  addinc_add_7_30_g2422__1705/COUT -       CI->COUT  F     sky130_fd_sc_hd__fah_1          2  8.4    83   279    2392    (-,-) 
  addinc_add_7_30_g2421__2802/Y    -       A->Y      R     sky130_fd_sc_hd__nand2_1        1  3.7    56    76    2467    (-,-) 
  addinc_add_7_30_g2419__3680/Y    -       A->Y      F     sky130_fd_sc_hd__nand2_1        2  8.4    87    77    2544    (-,-) 
  addinc_add_7_30_g2418__6783/Y    -       A->Y      R     sky130_fd_sc_hd__nand2_1        1  3.7    56    77    2622    (-,-) 
  addinc_add_7_30_g2416__8428/Y    -       A->Y      F     sky130_fd_sc_hd__nand2_1        1  3.6    59    52    2673    (-,-) 
  addinc_add_7_30_g2415__4319/COUT -       CI->COUT  F     sky130_fd_sc_hd__fah_1          3 11.2    94   293    2966    (-,-) 
  addinc_add_7_30_g2413__6260/Y    -       A->Y      R     sky130_fd_sc_hd__nand2_1        2  5.9    73    94    3061    (-,-) 
  addinc_add_7_30_g2409__6417/X    -       A3->X     R     sky130_fd_sc_hd__o311a_1        3 11.1   127   202    3263    (-,-) 
  addinc_add_7_30_g2406__2346/X    -       C->X      R     sky130_fd_sc_hd__or3_1          2  5.9    69   138    3401    (-,-) 
  addinc_add_7_30_g2400__7482/X    -       A3->X     R     sky130_fd_sc_hd__o311a_1        3 11.0   126   200    3601    (-,-) 
  addinc_add_7_30_g2390__3680/X    -       A4->X     R     sky130_fd_sc_hd__o41a_2         2  9.0    65   159    3760    (-,-) 
  addinc_add_7_30_g2387__8428/Y    -       A2->Y     F     sky130_fd_sc_hd__o21ai_1        1  6.3    97    76    3836    (-,-) 
  addinc_add_7_30_g2386__4319/COUT -       CIN->COUT F     sky130_fd_sc_hd__fa_2           1  5.8    81   354    4190    (-,-) 
  addinc_add_7_30_g2385__6260/COUT -       CIN->COUT F     sky130_fd_sc_hd__fa_1           1  5.8    96   391    4581    (-,-) 
  addinc_add_7_30_g2384__5107/COUT -       CIN->COUT F     sky130_fd_sc_hd__fa_1           1  5.8    96   396    4978    (-,-) 
  addinc_add_7_30_g2383__2398/SUM  -       CIN->SUM  R     sky130_fd_sc_hd__fa_1           1 51.3   506   822    5799    (-,-) 
  S[31]                            <<<     -         R     (port)                          -    -     -     0    5800    (-,-) 
#------------------------------------------------------------------------------------------------------------------------------

