Instance: /exponentiation
Power Unit: mW
PDB Frames: /stim#0/frame#0
  -------------------------------------------------------------------------
    Category         Leakage     Internal    Switching        Total    Row%
  -------------------------------------------------------------------------
      memory     0.00000e+00  0.00000e+00  0.00000e+00  0.00000e+00   0.00%
    register     1.43602e-03  4.61104e-01  6.41202e-02  5.26660e-01  76.25%
       latch     0.00000e+00  0.00000e+00  0.00000e+00  0.00000e+00   0.00%
       logic     3.41648e-04  4.28980e-02  6.41501e-02  1.07390e-01  15.55%
        bbox     0.00000e+00  0.00000e+00  0.00000e+00  0.00000e+00   0.00%
       clock     2.07711e-05  1.85047e-02  3.81634e-02  5.66888e-02   8.21%
         pad     0.00000e+00  0.00000e+00  0.00000e+00  0.00000e+00   0.00%
          pm     0.00000e+00  0.00000e+00  0.00000e+00  0.00000e+00   0.00%
  -------------------------------------------------------------------------
    Subtotal     1.79844e-03  5.22507e-01  1.66434e-01  6.90739e-01 100.01%
  Percentage           0.26%       75.64%       24.10%      100.00% 100.00%
  -------------------------------------------------------------------------
Instance: /exponentiation
Power Unit: mW
PDB Frames: /stim#0/frame#0
  -------------------------------------------------------------------------
    Category         Leakage     Internal    Switching        Total    Row%
  -------------------------------------------------------------------------
      memory     0.00000e+00  0.00000e+00  0.00000e+00  0.00000e+00   0.00%
    register     1.54620e-03  4.66233e-01  1.02542e-01  5.70322e-01  63.23%
       latch     0.00000e+00  0.00000e+00  0.00000e+00  0.00000e+00   0.00%
       logic     9.39833e-04  1.07790e-01  1.66794e-01  2.75524e-01  30.55%
        bbox     0.00000e+00  0.00000e+00  0.00000e+00  0.00000e+00   0.00%
       clock     2.07918e-05  1.84429e-02  3.76862e-02  5.61499e-02   6.23%
         pad     0.00000e+00  0.00000e+00  0.00000e+00  0.00000e+00   0.00%
          pm     0.00000e+00  0.00000e+00  0.00000e+00  0.00000e+00   0.00%
  -------------------------------------------------------------------------
    Subtotal     2.50683e-03  5.92466e-01  3.07022e-01  9.01995e-01 100.01%
  Percentage           0.28%       65.68%       34.04%      100.00% 100.00%
  -------------------------------------------------------------------------
