============================================================
  Generated by:           Genus(TM) Synthesis Solution 23.12-s086_1
  Generated on:           Jan 23 2025  10:20:42 pm
  Module:                 alu
  Technology libraries:   fast_vdd1v2 1.0
                          physical_cells 
                          fast_vdd1v2 1.0
                          physical_cells 
  Operating conditions:   PVT_1P32V_0C 
  Interconnect mode:      global
  Area mode:              physical library
============================================================

                                 
    Gate      Instances   Area       Library    
------------------------------------------------
ADDFX1LVT             3   15.390    fast_vdd1v2 
ADDHX1LVT             1    3.762    fast_vdd1v2 
AND2X1LVT            20   27.360    fast_vdd1v2 
AOI21X1LVT            2    3.420    fast_vdd1v2 
AOI22X1LVT           32   65.664    fast_vdd1v2 
AOI2BB2X1LVT          2    6.840    fast_vdd1v2 
AOI31X1LVT            2    4.104    fast_vdd1v2 
BUFX2LVT             37   63.270    fast_vdd1v2 
CLKXOR2X1LVT          1    2.736    fast_vdd1v2 
DFFRHQX1LVT          56  344.736    fast_vdd1v2 
INVX1LVT              5    3.420    fast_vdd1v2 
INVXLLVT              7    4.788    fast_vdd1v2 
NAND2BX1LVT          14   19.152    fast_vdd1v2 
NAND2X1LVT           17   17.442    fast_vdd1v2 
NAND3BXLLVT          15   25.650    fast_vdd1v2 
NAND3X1LVT            1    1.710    fast_vdd1v2 
NOR2BX1LVT           11   15.048    fast_vdd1v2 
NOR2X1LVT            25   25.650    fast_vdd1v2 
NOR2X2LVT             1    1.710    fast_vdd1v2 
NOR3BX1LVT            1    2.052    fast_vdd1v2 
NOR3X1LVT             1    1.710    fast_vdd1v2 
OA22X1LVT             1    2.394    fast_vdd1v2 
OAI211X1LVT           2    3.420    fast_vdd1v2 
OAI21X1LVT            6   10.260    fast_vdd1v2 
OAI2BB1X1LVT          6   10.260    fast_vdd1v2 
OAI31X1LVT            1    2.052    fast_vdd1v2 
OAI32X1LVT           15   35.910    fast_vdd1v2 
OR2X1LVT              3    4.104    fast_vdd1v2 
XNOR2X1LVT           29   69.426    fast_vdd1v2 
------------------------------------------------
total               317  793.440                


                                        
     Type      Instances   Area  Area % 
----------------------------------------
sequential            56 344.736   43.4 
inverter              12   8.208    1.0 
buffer                37  63.270    8.0 
logic                212 377.226   47.5 
physical_cells         0   0.000    0.0 
----------------------------------------
total                317 793.440  100.0 

