============================================================
  Generated by:           Genus(TM) Synthesis Solution 23.12-s086_1
  Generated on:           Apr 11 2025  03:02:14 pm
  Module:                 brent_kung_32bits
  Operating conditions:   tt_025C_1v80 
  Interconnect mode:      global
  Area mode:              physical library
============================================================


Path 1: MET (0 ps) Path Delay Check
     Startpoint: (F) A[11]
       Endpoint: (F) S[31]

                   Capture    Launch  
      Path Delay:+    2090         -  
      Drv Adjust:+       0         0  
         Arrival:=    2090            
                                      
   Required Time:=    2090            
       Data Path:-    2090            
           Slack:=       0            

Exceptions/Constraints:
  max_delay             2090            constraints.sdc_line_1 

#--------------------------------------------------------------------------------------------------------------------------------------
#                Timing Point                  Flags    Arc   Edge           Cell             Fanout Load Trans Delay Arrival Instance 
#                                                                                                    (fF)  (ps)  (ps)   (ps)  Location 
#--------------------------------------------------------------------------------------------------------------------------------------
  A[11]                                        -       -      F     (arrival)                      1  3.3  1000     0       0    (-,-) 
  g13/X                                        -       A->X   F     sky130_fd_sc_hd__clkbuf_1      3  7.5    71   337     337    (-,-) 
  GENERATE_PROPAGATE[11].PROPAGATE/g24/Y       -       A_N->Y F     sky130_fd_sc_hd__nand2b_1      1  5.5    60   164     500    (-,-) 
  GENERATE_PROPAGATE[11].PROPAGATE/g19__2802/Y -       B->Y   R     sky130_fd_sc_hd__nand2_2       3 11.2    78    94     594    (-,-) 
  LEVEL_1[11].B1/PROPAGATE/g11__8428/X         -       B->X   R     sky130_fd_sc_hd__and2_4        2  6.7    42   145     739    (-,-) 
  LEVEL_2[11].B2/PROPAGATE/g11__4319/X         -       A->X   R     sky130_fd_sc_hd__and2_4        3  9.1    48   136     876    (-,-) 
  LEVEL_3[15].B3/PROPAGATE/g11__4733/X         -       B->X   R     sky130_fd_sc_hd__and2_4        2 13.8    61   154    1030    (-,-) 
  LEVEL_4[15].B4/PROPAGATE/g11__7410/X         -       B->X   R     sky130_fd_sc_hd__and2_4        4 10.3    52   149    1180    (-,-) 
  B6/PROPAGATE/g11__8428/X                     -       A->X   R     sky130_fd_sc_hd__and2_4        4 11.0    53   144    1324    (-,-) 
  LEVEL_7[27].B7/PROPAGATE/g11__3680/X         -       A->X   R     sky130_fd_sc_hd__and2_4        3  8.9    48   140    1464    (-,-) 
  LEVEL_8[29].B8/PROPAGATE/g11__2883/X         -       A->X   R     sky130_fd_sc_hd__and2_4        2  5.8    40   130    1594    (-,-) 
  LEVEL_9[30].B9/PROPAGATE/g11__7410/X         -       A->X   R     sky130_fd_sc_hd__and2_1        1  3.7    59   115    1709    (-,-) 
  C30/g20__4733/Y                              -       A->Y   F     sky130_fd_sc_hd__nand2_1       1  5.6    54    63    1772    (-,-) 
  C30/g19__7482/Y                              -       A->Y   R     sky130_fd_sc_hd__nand2_2       2 11.3    78    81    1854    (-,-) 
  S31/g19/Y                                    -       A->Y   F     sky130_fd_sc_hd__inv_2         1  5.6    26    39    1893    (-,-) 
  S31/g17__1705/Y                              -       A->Y   R     sky130_fd_sc_hd__nand2_2       1 18.7   115    96    1989    (-,-) 
  S31/g15__2802/Y                              -       A->Y   F     sky130_fd_sc_hd__nand2_8       1 51.3    86   101    2090    (-,-) 
  S[31]                                        <<<     -      F     (port)                         -    -     -     0    2090    (-,-) 
#--------------------------------------------------------------------------------------------------------------------------------------

