============================================================
  Generated by:           Genus(TM) Synthesis Solution 23.12-s086_1
  Generated on:           Jan 27 2025  03:02:24 pm
  Module:                 alu
  Technology libraries:   fast_vdd1v2 1.0
                          physical_cells 
                          fast_vdd1v2 1.0
                          physical_cells 
  Operating conditions:   PVT_1P32V_0C 
  Interconnect mode:      global
  Area mode:              physical library
============================================================

Instance        Module        Cell-Count  Cell-Area  Net-Area   Total-Area 
---------------------------------------------------------------------------
alu      NA                          457   1035.234   551.969     1587.203 
  donee  register_WIDTH1_23            2      6.840     0.000        6.840 
  in1    register_WIDTH16             17    104.994     0.000      104.994 
  in2    register_WIDTH16_25          17    104.994     0.000      104.994 
  out    register_WIDTH16_24          17     99.180     0.000       99.180 
  sel    register_WIDTH3               4     19.152     0.000       19.152 
  start  register_WIDTH1               2      6.840     0.000        6.840 
