###############################################################
#  Generated by:      Cadence Innovus 23.32-s091_1
#  OS:                Linux x86_64(Host ID cadmicro-inf-el8-623207)
#  Generated on:      Fri Apr 11 15:11:41 2025
#  Design:            brent_kung_32bits
#  Command:           report_timing > reports/report_timing.rpt
###############################################################
Path 1: VIOLATED Path Delay Check
Endpoint:   S[15] (v)
Beginpoint: A[2]  (v) triggered by  leading edge of '@'
Path Groups: {default}
Analysis View: default_emulate_view
- External Delay                0.000
+ Path Delay                    2.084
= Required Time                 2.084
- Arrival Time                  2.098
= Slack Time                   -0.014
     Clock Rise Edge                      0.000
     + Input Delay                        0.000
     = Beginpoint Arrival Time            0.000
     +-----------------------------------------------------------------------------------------------------------------+ 
     |                 Instance                 |     Arc     |           Cell            | Delay | Arrival | Required | 
     |                                          |             |                           |       |  Time   |   Time   | 
     |------------------------------------------+-------------+---------------------------+-------+---------+----------| 
     |                                          | A[2] v      |                           |       |   0.000 |   -0.014 | 
     | GENERATE_PROPAGATE[2].PROPAGATE/g2__5107 | A v -> X v  | sky130_fd_sc_hd__xor2_2   | 0.421 |   0.421 |    0.407 | 
     | FE_PSC8_P_2                              | A v -> X v  | sky130_fd_sc_hd__buf_2    | 0.184 |   0.605 |    0.591 | 
     | LEVEL_1[3].B1/PROPAGATE/g11__2883        | A v -> X v  | sky130_fd_sc_hd__and2_4   | 0.139 |   0.743 |    0.730 | 
     | LEVEL_2[3].B2/GENERATE/g20__1666         | A v -> Y ^  | sky130_fd_sc_hd__nand2_2  | 0.072 |   0.815 |    0.801 | 
     | LEVEL_2[3].B2/GENERATE/g2                | B ^ -> Y v  | sky130_fd_sc_hd__nand2b_4 | 0.072 |   0.888 |    0.874 | 
     | LEVEL_3[7].B3/GENERATE/g20__6131         | A v -> Y ^  | sky130_fd_sc_hd__nand2_2  | 0.079 |   0.966 |    0.952 | 
     | LEVEL_3[7].B3/GENERATE/g19__7098         | B ^ -> Y v  | sky130_fd_sc_hd__nand2b_4 | 0.071 |   1.038 |    1.024 | 
     | LEVEL_7[11].B7/GENERATE/g13__5477        | A1 v -> X v | sky130_fd_sc_hd__a21o_1   | 0.197 |   1.235 |    1.221 | 
     | LEVEL_8[13].B8/GENERATE/g13__5122        | A1 v -> X v | sky130_fd_sc_hd__a21o_1   | 0.183 |   1.418 |    1.404 | 
     | LEVEL_9[14].B9/GENERATE/g13__6783        | A1 v -> X v | sky130_fd_sc_hd__a21o_1   | 0.154 |   1.572 |    1.558 | 
     | C14/g2                                   | B1 v -> X v | sky130_fd_sc_hd__a21o_1   | 0.161 |   1.733 |    1.719 | 
     | S15/g10__8246                            | A0 v -> X v | sky130_fd_sc_hd__mux2_4   | 0.363 |   2.097 |    2.083 | 
     |                                          | S[15] v     |                           | 0.001 |   2.098 |    2.084 | 
     +-----------------------------------------------------------------------------------------------------------------+ 

