============================================================
  Generated by:           Genus(TM) Synthesis Solution 23.12-s086_1
  Generated on:           Jan 23 2025  01:36:34 pm
  Module:                 alu
  Technology libraries:   fast_vdd1v2 1.0
                          physical_cells 
                          fast_vdd1v2 1.0
                          physical_cells 
  Operating conditions:   PVT_1P32V_0C 
  Interconnect mode:      global
  Area mode:              physical library
============================================================

                                 
    Gate      Instances   Area       Library    
------------------------------------------------
ADDFX1LVT            28  143.640    fast_vdd1v2 
ADDHX1LVT             1    3.762    fast_vdd1v2 
AND2X1LVT             3    4.104    fast_vdd1v2 
AOI2BB2X2LVT          1    5.130    fast_vdd1v2 
AOI32X1LVT            3    7.182    fast_vdd1v2 
AOI33XLLVT           13   31.122    fast_vdd1v2 
CLKINVX4LVT           2    3.420    fast_vdd1v2 
CLKXOR2X1LVT          1    2.736    fast_vdd1v2 
INVX1LVT             31   21.204    fast_vdd1v2 
MX2X1LVT              3    7.182    fast_vdd1v2 
NAND2XLLVT           30   30.780    fast_vdd1v2 
NOR2XLLVT             3    3.078    fast_vdd1v2 
OA21X1LVT            15   30.780    fast_vdd1v2 
OAI21XLLVT            1    1.710    fast_vdd1v2 
OAI221X1LVT          15   35.910    fast_vdd1v2 
OAI22XLLVT           16   32.832    fast_vdd1v2 
OR2X1LVT             26   35.568    fast_vdd1v2 
XNOR2X1LVT            3    7.182    fast_vdd1v2 
------------------------------------------------
total               195  407.322                


                                        
     Type      Instances   Area  Area % 
----------------------------------------
inverter              33  24.624    6.0 
unresolved             4   0.000    0.0 
logic                162 382.698   94.0 
physical_cells         0   0.000    0.0 
----------------------------------------
total                199 407.322  100.0 

