
*** Running vivado
    with args -log bd_0_hls_inst_0.vds -m64 -product Vivado -mode batch -messageDb vivado.pb -notrace -source bd_0_hls_inst_0.tcl


****** Vivado v2023.2 (64-bit)
  **** SW Build 4029153 on Fri Oct 13 20:13:54 MDT 2023
  **** IP Build 4028589 on Sat Oct 14 00:45:43 MDT 2023
  **** SharedData Build 4025554 on Tue Oct 10 17:18:54 MDT 2023
    ** Copyright 1986-2022 Xilinx, Inc. All Rights Reserved.
    ** Copyright 2022-2023 Advanced Micro Devices, Inc. All Rights Reserved.

source bd_0_hls_inst_0.tcl -notrace
INFO: [IP_Flow 19-234] Refreshing IP repositories
INFO: [IP_Flow 19-1700] Loaded user IP repository '/home/gme/guilherme.manske/hls/template/solution1/impl/ip'.
INFO: [IP_Flow 19-2313] Loaded Vivado IP repository '/tools/amd/Vivado/2023.2/data/ip'.
INFO: [IP_Flow 19-6924] IPCACHE: Running cache check for IP inst: bd_0_hls_inst_0
Command: synth_design -top bd_0_hls_inst_0 -part xc7a200tfbg484-3 -directive sdx_optimization_effort_high -incremental_mode off -mode out_of_context
Starting synth_design
Attempting to get a license for feature 'Synthesis' and/or device 'xc7a200t'
INFO: [Common 17-349] Got license for feature 'Synthesis' and/or device 'xc7a200t'
INFO: [Device 21-403] Loading part xc7a200tfbg484-3
INFO: [Synth 8-7079] Multithreading enabled for synth_design using a maximum of 4 processes.
INFO: [Synth 8-7078] Launching helper process for spawning children vivado processes
INFO: [Synth 8-7075] Helper process launched with PID 1394173
---------------------------------------------------------------------------------
Starting RTL Elaboration : Time (s): cpu = 00:00:02 ; elapsed = 00:00:02 . Memory (MB): peak = 2318.309 ; gain = 405.684 ; free physical = 8232 ; free virtual = 53889
---------------------------------------------------------------------------------
INFO: [Synth 8-6157] synthesizing module 'bd_0_hls_inst_0' [/home/gme/guilherme.manske/hls/template/solution1/impl/verilog/project.gen/sources_1/bd/bd_0/ip/bd_0_hls_inst_0/synth/bd_0_hls_inst_0.v:53]
INFO: [Synth 8-6157] synthesizing module 'kernel' [/home/gme/guilherme.manske/hls/template/solution1/impl/verilog/project.gen/sources_1/bd/bd_0/ipshared/3967/hdl/verilog/kernel.v:9]
INFO: [Synth 8-6157] synthesizing module 'kernel_control_s_axi' [/home/gme/guilherme.manske/hls/template/solution1/impl/verilog/project.gen/sources_1/bd/bd_0/ipshared/3967/hdl/verilog/kernel_control_s_axi.v:9]
INFO: [Synth 8-155] case statement is not full and has no default [/home/gme/guilherme.manske/hls/template/solution1/impl/verilog/project.gen/sources_1/bd/bd_0/ipshared/3967/hdl/verilog/kernel_control_s_axi.v:189]
INFO: [Synth 8-6155] done synthesizing module 'kernel_control_s_axi' (0#1) [/home/gme/guilherme.manske/hls/template/solution1/impl/verilog/project.gen/sources_1/bd/bd_0/ipshared/3967/hdl/verilog/kernel_control_s_axi.v:9]
INFO: [Synth 8-6157] synthesizing module 'kernel_gmem0_m_axi' [/home/gme/guilherme.manske/hls/template/solution1/impl/verilog/project.gen/sources_1/bd/bd_0/ipshared/3967/hdl/verilog/kernel_gmem0_m_axi.v:11]
INFO: [Synth 8-6157] synthesizing module 'kernel_gmem0_m_axi_store' [/home/gme/guilherme.manske/hls/template/solution1/impl/verilog/project.gen/sources_1/bd/bd_0/ipshared/3967/hdl/verilog/kernel_gmem0_m_axi.v:796]
INFO: [Synth 8-6157] synthesizing module 'kernel_gmem0_m_axi_fifo' [/home/gme/guilherme.manske/hls/template/solution1/impl/verilog/project.gen/sources_1/bd/bd_0/ipshared/3967/hdl/verilog/kernel_gmem0_m_axi.v:2501]
INFO: [Synth 8-6157] synthesizing module 'kernel_gmem0_m_axi_srl' [/home/gme/guilherme.manske/hls/template/solution1/impl/verilog/project.gen/sources_1/bd/bd_0/ipshared/3967/hdl/verilog/kernel_gmem0_m_axi.v:2679]
INFO: [Synth 8-6155] done synthesizing module 'kernel_gmem0_m_axi_srl' (0#1) [/home/gme/guilherme.manske/hls/template/solution1/impl/verilog/project.gen/sources_1/bd/bd_0/ipshared/3967/hdl/verilog/kernel_gmem0_m_axi.v:2679]
INFO: [Synth 8-6155] done synthesizing module 'kernel_gmem0_m_axi_fifo' (0#1) [/home/gme/guilherme.manske/hls/template/solution1/impl/verilog/project.gen/sources_1/bd/bd_0/ipshared/3967/hdl/verilog/kernel_gmem0_m_axi.v:2501]
INFO: [Synth 8-6157] synthesizing module 'kernel_gmem0_m_axi_fifo__parameterized0' [/home/gme/guilherme.manske/hls/template/solution1/impl/verilog/project.gen/sources_1/bd/bd_0/ipshared/3967/hdl/verilog/kernel_gmem0_m_axi.v:2501]
INFO: [Synth 8-6157] synthesizing module 'kernel_gmem0_m_axi_srl__parameterized0' [/home/gme/guilherme.manske/hls/template/solution1/impl/verilog/project.gen/sources_1/bd/bd_0/ipshared/3967/hdl/verilog/kernel_gmem0_m_axi.v:2679]
INFO: [Synth 8-6155] done synthesizing module 'kernel_gmem0_m_axi_srl__parameterized0' (0#1) [/home/gme/guilherme.manske/hls/template/solution1/impl/verilog/project.gen/sources_1/bd/bd_0/ipshared/3967/hdl/verilog/kernel_gmem0_m_axi.v:2679]
INFO: [Synth 8-6155] done synthesizing module 'kernel_gmem0_m_axi_fifo__parameterized0' (0#1) [/home/gme/guilherme.manske/hls/template/solution1/impl/verilog/project.gen/sources_1/bd/bd_0/ipshared/3967/hdl/verilog/kernel_gmem0_m_axi.v:2501]
INFO: [Synth 8-6157] synthesizing module 'kernel_gmem0_m_axi_fifo__parameterized1' [/home/gme/guilherme.manske/hls/template/solution1/impl/verilog/project.gen/sources_1/bd/bd_0/ipshared/3967/hdl/verilog/kernel_gmem0_m_axi.v:2501]
INFO: [Synth 8-6157] synthesizing module 'kernel_gmem0_m_axi_mem' [/home/gme/guilherme.manske/hls/template/solution1/impl/verilog/project.gen/sources_1/bd/bd_0/ipshared/3967/hdl/verilog/kernel_gmem0_m_axi.v:2733]
INFO: [Synth 8-6155] done synthesizing module 'kernel_gmem0_m_axi_mem' (0#1) [/home/gme/guilherme.manske/hls/template/solution1/impl/verilog/project.gen/sources_1/bd/bd_0/ipshared/3967/hdl/verilog/kernel_gmem0_m_axi.v:2733]
INFO: [Synth 8-6155] done synthesizing module 'kernel_gmem0_m_axi_fifo__parameterized1' (0#1) [/home/gme/guilherme.manske/hls/template/solution1/impl/verilog/project.gen/sources_1/bd/bd_0/ipshared/3967/hdl/verilog/kernel_gmem0_m_axi.v:2501]
INFO: [Synth 8-6157] synthesizing module 'kernel_gmem0_m_axi_fifo__parameterized2' [/home/gme/guilherme.manske/hls/template/solution1/impl/verilog/project.gen/sources_1/bd/bd_0/ipshared/3967/hdl/verilog/kernel_gmem0_m_axi.v:2501]
INFO: [Synth 8-6157] synthesizing module 'kernel_gmem0_m_axi_srl__parameterized1' [/home/gme/guilherme.manske/hls/template/solution1/impl/verilog/project.gen/sources_1/bd/bd_0/ipshared/3967/hdl/verilog/kernel_gmem0_m_axi.v:2679]
INFO: [Synth 8-6155] done synthesizing module 'kernel_gmem0_m_axi_srl__parameterized1' (0#1) [/home/gme/guilherme.manske/hls/template/solution1/impl/verilog/project.gen/sources_1/bd/bd_0/ipshared/3967/hdl/verilog/kernel_gmem0_m_axi.v:2679]
INFO: [Synth 8-6155] done synthesizing module 'kernel_gmem0_m_axi_fifo__parameterized2' (0#1) [/home/gme/guilherme.manske/hls/template/solution1/impl/verilog/project.gen/sources_1/bd/bd_0/ipshared/3967/hdl/verilog/kernel_gmem0_m_axi.v:2501]
INFO: [Synth 8-6157] synthesizing module 'kernel_gmem0_m_axi_fifo__parameterized3' [/home/gme/guilherme.manske/hls/template/solution1/impl/verilog/project.gen/sources_1/bd/bd_0/ipshared/3967/hdl/verilog/kernel_gmem0_m_axi.v:2501]
INFO: [Synth 8-6157] synthesizing module 'kernel_gmem0_m_axi_srl__parameterized2' [/home/gme/guilherme.manske/hls/template/solution1/impl/verilog/project.gen/sources_1/bd/bd_0/ipshared/3967/hdl/verilog/kernel_gmem0_m_axi.v:2679]
INFO: [Synth 8-6155] done synthesizing module 'kernel_gmem0_m_axi_srl__parameterized2' (0#1) [/home/gme/guilherme.manske/hls/template/solution1/impl/verilog/project.gen/sources_1/bd/bd_0/ipshared/3967/hdl/verilog/kernel_gmem0_m_axi.v:2679]
INFO: [Synth 8-6155] done synthesizing module 'kernel_gmem0_m_axi_fifo__parameterized3' (0#1) [/home/gme/guilherme.manske/hls/template/solution1/impl/verilog/project.gen/sources_1/bd/bd_0/ipshared/3967/hdl/verilog/kernel_gmem0_m_axi.v:2501]
INFO: [Synth 8-6155] done synthesizing module 'kernel_gmem0_m_axi_store' (0#1) [/home/gme/guilherme.manske/hls/template/solution1/impl/verilog/project.gen/sources_1/bd/bd_0/ipshared/3967/hdl/verilog/kernel_gmem0_m_axi.v:796]
INFO: [Synth 8-6157] synthesizing module 'kernel_gmem0_m_axi_load' [/home/gme/guilherme.manske/hls/template/solution1/impl/verilog/project.gen/sources_1/bd/bd_0/ipshared/3967/hdl/verilog/kernel_gmem0_m_axi.v:327]
INFO: [Synth 8-6157] synthesizing module 'kernel_gmem0_m_axi_fifo__parameterized4' [/home/gme/guilherme.manske/hls/template/solution1/impl/verilog/project.gen/sources_1/bd/bd_0/ipshared/3967/hdl/verilog/kernel_gmem0_m_axi.v:2501]
INFO: [Synth 8-6157] synthesizing module 'kernel_gmem0_m_axi_srl__parameterized3' [/home/gme/guilherme.manske/hls/template/solution1/impl/verilog/project.gen/sources_1/bd/bd_0/ipshared/3967/hdl/verilog/kernel_gmem0_m_axi.v:2679]
INFO: [Synth 8-6155] done synthesizing module 'kernel_gmem0_m_axi_srl__parameterized3' (0#1) [/home/gme/guilherme.manske/hls/template/solution1/impl/verilog/project.gen/sources_1/bd/bd_0/ipshared/3967/hdl/verilog/kernel_gmem0_m_axi.v:2679]
INFO: [Synth 8-6155] done synthesizing module 'kernel_gmem0_m_axi_fifo__parameterized4' (0#1) [/home/gme/guilherme.manske/hls/template/solution1/impl/verilog/project.gen/sources_1/bd/bd_0/ipshared/3967/hdl/verilog/kernel_gmem0_m_axi.v:2501]
INFO: [Synth 8-6157] synthesizing module 'kernel_gmem0_m_axi_fifo__parameterized5' [/home/gme/guilherme.manske/hls/template/solution1/impl/verilog/project.gen/sources_1/bd/bd_0/ipshared/3967/hdl/verilog/kernel_gmem0_m_axi.v:2501]
INFO: [Synth 8-6157] synthesizing module 'kernel_gmem0_m_axi_mem__parameterized0' [/home/gme/guilherme.manske/hls/template/solution1/impl/verilog/project.gen/sources_1/bd/bd_0/ipshared/3967/hdl/verilog/kernel_gmem0_m_axi.v:2733]
INFO: [Synth 8-6155] done synthesizing module 'kernel_gmem0_m_axi_mem__parameterized0' (0#1) [/home/gme/guilherme.manske/hls/template/solution1/impl/verilog/project.gen/sources_1/bd/bd_0/ipshared/3967/hdl/verilog/kernel_gmem0_m_axi.v:2733]
INFO: [Synth 8-6155] done synthesizing module 'kernel_gmem0_m_axi_fifo__parameterized5' (0#1) [/home/gme/guilherme.manske/hls/template/solution1/impl/verilog/project.gen/sources_1/bd/bd_0/ipshared/3967/hdl/verilog/kernel_gmem0_m_axi.v:2501]
INFO: [Synth 8-6155] done synthesizing module 'kernel_gmem0_m_axi_load' (0#1) [/home/gme/guilherme.manske/hls/template/solution1/impl/verilog/project.gen/sources_1/bd/bd_0/ipshared/3967/hdl/verilog/kernel_gmem0_m_axi.v:327]
INFO: [Synth 8-6157] synthesizing module 'kernel_gmem0_m_axi_write' [/home/gme/guilherme.manske/hls/template/solution1/impl/verilog/project.gen/sources_1/bd/bd_0/ipshared/3967/hdl/verilog/kernel_gmem0_m_axi.v:1547]
INFO: [Synth 8-6157] synthesizing module 'kernel_gmem0_m_axi_burst_converter' [/home/gme/guilherme.manske/hls/template/solution1/impl/verilog/project.gen/sources_1/bd/bd_0/ipshared/3967/hdl/verilog/kernel_gmem0_m_axi.v:1867]
INFO: [Synth 8-6157] synthesizing module 'kernel_gmem0_m_axi_reg_slice' [/home/gme/guilherme.manske/hls/template/solution1/impl/verilog/project.gen/sources_1/bd/bd_0/ipshared/3967/hdl/verilog/kernel_gmem0_m_axi.v:2399]
INFO: [Synth 8-6155] done synthesizing module 'kernel_gmem0_m_axi_reg_slice' (0#1) [/home/gme/guilherme.manske/hls/template/solution1/impl/verilog/project.gen/sources_1/bd/bd_0/ipshared/3967/hdl/verilog/kernel_gmem0_m_axi.v:2399]
INFO: [Synth 8-6155] done synthesizing module 'kernel_gmem0_m_axi_burst_converter' (0#1) [/home/gme/guilherme.manske/hls/template/solution1/impl/verilog/project.gen/sources_1/bd/bd_0/ipshared/3967/hdl/verilog/kernel_gmem0_m_axi.v:1867]
INFO: [Synth 8-6157] synthesizing module 'kernel_gmem0_m_axi_fifo__parameterized6' [/home/gme/guilherme.manske/hls/template/solution1/impl/verilog/project.gen/sources_1/bd/bd_0/ipshared/3967/hdl/verilog/kernel_gmem0_m_axi.v:2501]
INFO: [Synth 8-6157] synthesizing module 'kernel_gmem0_m_axi_srl__parameterized4' [/home/gme/guilherme.manske/hls/template/solution1/impl/verilog/project.gen/sources_1/bd/bd_0/ipshared/3967/hdl/verilog/kernel_gmem0_m_axi.v:2679]
INFO: [Synth 8-6155] done synthesizing module 'kernel_gmem0_m_axi_srl__parameterized4' (0#1) [/home/gme/guilherme.manske/hls/template/solution1/impl/verilog/project.gen/sources_1/bd/bd_0/ipshared/3967/hdl/verilog/kernel_gmem0_m_axi.v:2679]
INFO: [Synth 8-6155] done synthesizing module 'kernel_gmem0_m_axi_fifo__parameterized6' (0#1) [/home/gme/guilherme.manske/hls/template/solution1/impl/verilog/project.gen/sources_1/bd/bd_0/ipshared/3967/hdl/verilog/kernel_gmem0_m_axi.v:2501]
INFO: [Synth 8-6157] synthesizing module 'kernel_gmem0_m_axi_throttle' [/home/gme/guilherme.manske/hls/template/solution1/impl/verilog/project.gen/sources_1/bd/bd_0/ipshared/3967/hdl/verilog/kernel_gmem0_m_axi.v:2173]
INFO: [Synth 8-6157] synthesizing module 'kernel_gmem0_m_axi_reg_slice__parameterized0' [/home/gme/guilherme.manske/hls/template/solution1/impl/verilog/project.gen/sources_1/bd/bd_0/ipshared/3967/hdl/verilog/kernel_gmem0_m_axi.v:2399]
INFO: [Synth 8-6155] done synthesizing module 'kernel_gmem0_m_axi_reg_slice__parameterized0' (0#1) [/home/gme/guilherme.manske/hls/template/solution1/impl/verilog/project.gen/sources_1/bd/bd_0/ipshared/3967/hdl/verilog/kernel_gmem0_m_axi.v:2399]
INFO: [Synth 8-6157] synthesizing module 'kernel_gmem0_m_axi_fifo__parameterized7' [/home/gme/guilherme.manske/hls/template/solution1/impl/verilog/project.gen/sources_1/bd/bd_0/ipshared/3967/hdl/verilog/kernel_gmem0_m_axi.v:2501]
INFO: [Synth 8-6157] synthesizing module 'kernel_gmem0_m_axi_srl__parameterized5' [/home/gme/guilherme.manske/hls/template/solution1/impl/verilog/project.gen/sources_1/bd/bd_0/ipshared/3967/hdl/verilog/kernel_gmem0_m_axi.v:2679]
INFO: [Synth 8-6155] done synthesizing module 'kernel_gmem0_m_axi_srl__parameterized5' (0#1) [/home/gme/guilherme.manske/hls/template/solution1/impl/verilog/project.gen/sources_1/bd/bd_0/ipshared/3967/hdl/verilog/kernel_gmem0_m_axi.v:2679]
INFO: [Synth 8-6155] done synthesizing module 'kernel_gmem0_m_axi_fifo__parameterized7' (0#1) [/home/gme/guilherme.manske/hls/template/solution1/impl/verilog/project.gen/sources_1/bd/bd_0/ipshared/3967/hdl/verilog/kernel_gmem0_m_axi.v:2501]
INFO: [Synth 8-6157] synthesizing module 'kernel_gmem0_m_axi_fifo__parameterized8' [/home/gme/guilherme.manske/hls/template/solution1/impl/verilog/project.gen/sources_1/bd/bd_0/ipshared/3967/hdl/verilog/kernel_gmem0_m_axi.v:2501]
INFO: [Synth 8-6157] synthesizing module 'kernel_gmem0_m_axi_srl__parameterized6' [/home/gme/guilherme.manske/hls/template/solution1/impl/verilog/project.gen/sources_1/bd/bd_0/ipshared/3967/hdl/verilog/kernel_gmem0_m_axi.v:2679]
INFO: [Synth 8-6155] done synthesizing module 'kernel_gmem0_m_axi_srl__parameterized6' (0#1) [/home/gme/guilherme.manske/hls/template/solution1/impl/verilog/project.gen/sources_1/bd/bd_0/ipshared/3967/hdl/verilog/kernel_gmem0_m_axi.v:2679]
INFO: [Synth 8-6155] done synthesizing module 'kernel_gmem0_m_axi_fifo__parameterized8' (0#1) [/home/gme/guilherme.manske/hls/template/solution1/impl/verilog/project.gen/sources_1/bd/bd_0/ipshared/3967/hdl/verilog/kernel_gmem0_m_axi.v:2501]
INFO: [Synth 8-6155] done synthesizing module 'kernel_gmem0_m_axi_throttle' (0#1) [/home/gme/guilherme.manske/hls/template/solution1/impl/verilog/project.gen/sources_1/bd/bd_0/ipshared/3967/hdl/verilog/kernel_gmem0_m_axi.v:2173]
INFO: [Synth 8-6157] synthesizing module 'kernel_gmem0_m_axi_reg_slice__parameterized1' [/home/gme/guilherme.manske/hls/template/solution1/impl/verilog/project.gen/sources_1/bd/bd_0/ipshared/3967/hdl/verilog/kernel_gmem0_m_axi.v:2399]
INFO: [Synth 8-6155] done synthesizing module 'kernel_gmem0_m_axi_reg_slice__parameterized1' (0#1) [/home/gme/guilherme.manske/hls/template/solution1/impl/verilog/project.gen/sources_1/bd/bd_0/ipshared/3967/hdl/verilog/kernel_gmem0_m_axi.v:2399]
WARNING: [Synth 8-589] replacing case/wildcard equality operator === with logical equality operator == [/home/gme/guilherme.manske/hls/template/solution1/impl/verilog/project.gen/sources_1/bd/bd_0/ipshared/3967/hdl/verilog/kernel_gmem0_m_axi.v:1858]
WARNING: [Synth 8-589] replacing case/wildcard equality operator === with logical equality operator == [/home/gme/guilherme.manske/hls/template/solution1/impl/verilog/project.gen/sources_1/bd/bd_0/ipshared/3967/hdl/verilog/kernel_gmem0_m_axi.v:1861]
INFO: [Synth 8-6155] done synthesizing module 'kernel_gmem0_m_axi_write' (0#1) [/home/gme/guilherme.manske/hls/template/solution1/impl/verilog/project.gen/sources_1/bd/bd_0/ipshared/3967/hdl/verilog/kernel_gmem0_m_axi.v:1547]
INFO: [Synth 8-6157] synthesizing module 'kernel_gmem0_m_axi_read' [/home/gme/guilherme.manske/hls/template/solution1/impl/verilog/project.gen/sources_1/bd/bd_0/ipshared/3967/hdl/verilog/kernel_gmem0_m_axi.v:1355]
INFO: [Synth 8-6157] synthesizing module 'kernel_gmem0_m_axi_reg_slice__parameterized2' [/home/gme/guilherme.manske/hls/template/solution1/impl/verilog/project.gen/sources_1/bd/bd_0/ipshared/3967/hdl/verilog/kernel_gmem0_m_axi.v:2399]
INFO: [Synth 8-6155] done synthesizing module 'kernel_gmem0_m_axi_reg_slice__parameterized2' (0#1) [/home/gme/guilherme.manske/hls/template/solution1/impl/verilog/project.gen/sources_1/bd/bd_0/ipshared/3967/hdl/verilog/kernel_gmem0_m_axi.v:2399]
WARNING: [Synth 8-589] replacing case/wildcard equality operator === with logical equality operator == [/home/gme/guilherme.manske/hls/template/solution1/impl/verilog/project.gen/sources_1/bd/bd_0/ipshared/3967/hdl/verilog/kernel_gmem0_m_axi.v:1539]
INFO: [Synth 8-6155] done synthesizing module 'kernel_gmem0_m_axi_read' (0#1) [/home/gme/guilherme.manske/hls/template/solution1/impl/verilog/project.gen/sources_1/bd/bd_0/ipshared/3967/hdl/verilog/kernel_gmem0_m_axi.v:1355]
INFO: [Synth 8-6155] done synthesizing module 'kernel_gmem0_m_axi' (0#1) [/home/gme/guilherme.manske/hls/template/solution1/impl/verilog/project.gen/sources_1/bd/bd_0/ipshared/3967/hdl/verilog/kernel_gmem0_m_axi.v:11]
INFO: [Synth 8-6157] synthesizing module 'kernel_gmem1_m_axi' [/home/gme/guilherme.manske/hls/template/solution1/impl/verilog/project.gen/sources_1/bd/bd_0/ipshared/3967/hdl/verilog/kernel_gmem1_m_axi.v:11]
INFO: [Synth 8-6157] synthesizing module 'kernel_gmem1_m_axi_store' [/home/gme/guilherme.manske/hls/template/solution1/impl/verilog/project.gen/sources_1/bd/bd_0/ipshared/3967/hdl/verilog/kernel_gmem1_m_axi.v:796]
INFO: [Synth 8-6157] synthesizing module 'kernel_gmem1_m_axi_fifo' [/home/gme/guilherme.manske/hls/template/solution1/impl/verilog/project.gen/sources_1/bd/bd_0/ipshared/3967/hdl/verilog/kernel_gmem1_m_axi.v:2501]
INFO: [Synth 8-6157] synthesizing module 'kernel_gmem1_m_axi_srl' [/home/gme/guilherme.manske/hls/template/solution1/impl/verilog/project.gen/sources_1/bd/bd_0/ipshared/3967/hdl/verilog/kernel_gmem1_m_axi.v:2679]
INFO: [Synth 8-6155] done synthesizing module 'kernel_gmem1_m_axi_srl' (0#1) [/home/gme/guilherme.manske/hls/template/solution1/impl/verilog/project.gen/sources_1/bd/bd_0/ipshared/3967/hdl/verilog/kernel_gmem1_m_axi.v:2679]
INFO: [Synth 8-6155] done synthesizing module 'kernel_gmem1_m_axi_fifo' (0#1) [/home/gme/guilherme.manske/hls/template/solution1/impl/verilog/project.gen/sources_1/bd/bd_0/ipshared/3967/hdl/verilog/kernel_gmem1_m_axi.v:2501]
INFO: [Synth 8-6157] synthesizing module 'kernel_gmem1_m_axi_fifo__parameterized0' [/home/gme/guilherme.manske/hls/template/solution1/impl/verilog/project.gen/sources_1/bd/bd_0/ipshared/3967/hdl/verilog/kernel_gmem1_m_axi.v:2501]
INFO: [Synth 8-6157] synthesizing module 'kernel_gmem1_m_axi_srl__parameterized0' [/home/gme/guilherme.manske/hls/template/solution1/impl/verilog/project.gen/sources_1/bd/bd_0/ipshared/3967/hdl/verilog/kernel_gmem1_m_axi.v:2679]
INFO: [Synth 8-6155] done synthesizing module 'kernel_gmem1_m_axi_srl__parameterized0' (0#1) [/home/gme/guilherme.manske/hls/template/solution1/impl/verilog/project.gen/sources_1/bd/bd_0/ipshared/3967/hdl/verilog/kernel_gmem1_m_axi.v:2679]
INFO: [Synth 8-6155] done synthesizing module 'kernel_gmem1_m_axi_fifo__parameterized0' (0#1) [/home/gme/guilherme.manske/hls/template/solution1/impl/verilog/project.gen/sources_1/bd/bd_0/ipshared/3967/hdl/verilog/kernel_gmem1_m_axi.v:2501]
INFO: [Synth 8-6157] synthesizing module 'kernel_gmem1_m_axi_fifo__parameterized1' [/home/gme/guilherme.manske/hls/template/solution1/impl/verilog/project.gen/sources_1/bd/bd_0/ipshared/3967/hdl/verilog/kernel_gmem1_m_axi.v:2501]
INFO: [Synth 8-6157] synthesizing module 'kernel_gmem1_m_axi_mem' [/home/gme/guilherme.manske/hls/template/solution1/impl/verilog/project.gen/sources_1/bd/bd_0/ipshared/3967/hdl/verilog/kernel_gmem1_m_axi.v:2733]
INFO: [Synth 8-6155] done synthesizing module 'kernel_gmem1_m_axi_mem' (0#1) [/home/gme/guilherme.manske/hls/template/solution1/impl/verilog/project.gen/sources_1/bd/bd_0/ipshared/3967/hdl/verilog/kernel_gmem1_m_axi.v:2733]
INFO: [Synth 8-6155] done synthesizing module 'kernel_gmem1_m_axi_fifo__parameterized1' (0#1) [/home/gme/guilherme.manske/hls/template/solution1/impl/verilog/project.gen/sources_1/bd/bd_0/ipshared/3967/hdl/verilog/kernel_gmem1_m_axi.v:2501]
INFO: [Synth 8-6157] synthesizing module 'kernel_gmem1_m_axi_fifo__parameterized2' [/home/gme/guilherme.manske/hls/template/solution1/impl/verilog/project.gen/sources_1/bd/bd_0/ipshared/3967/hdl/verilog/kernel_gmem1_m_axi.v:2501]
INFO: [Synth 8-6157] synthesizing module 'kernel_gmem1_m_axi_srl__parameterized1' [/home/gme/guilherme.manske/hls/template/solution1/impl/verilog/project.gen/sources_1/bd/bd_0/ipshared/3967/hdl/verilog/kernel_gmem1_m_axi.v:2679]
INFO: [Synth 8-6155] done synthesizing module 'kernel_gmem1_m_axi_srl__parameterized1' (0#1) [/home/gme/guilherme.manske/hls/template/solution1/impl/verilog/project.gen/sources_1/bd/bd_0/ipshared/3967/hdl/verilog/kernel_gmem1_m_axi.v:2679]
INFO: [Synth 8-6155] done synthesizing module 'kernel_gmem1_m_axi_fifo__parameterized2' (0#1) [/home/gme/guilherme.manske/hls/template/solution1/impl/verilog/project.gen/sources_1/bd/bd_0/ipshared/3967/hdl/verilog/kernel_gmem1_m_axi.v:2501]
INFO: [Synth 8-6157] synthesizing module 'kernel_gmem1_m_axi_fifo__parameterized3' [/home/gme/guilherme.manske/hls/template/solution1/impl/verilog/project.gen/sources_1/bd/bd_0/ipshared/3967/hdl/verilog/kernel_gmem1_m_axi.v:2501]
INFO: [Synth 8-6157] synthesizing module 'kernel_gmem1_m_axi_srl__parameterized2' [/home/gme/guilherme.manske/hls/template/solution1/impl/verilog/project.gen/sources_1/bd/bd_0/ipshared/3967/hdl/verilog/kernel_gmem1_m_axi.v:2679]
INFO: [Synth 8-6155] done synthesizing module 'kernel_gmem1_m_axi_srl__parameterized2' (0#1) [/home/gme/guilherme.manske/hls/template/solution1/impl/verilog/project.gen/sources_1/bd/bd_0/ipshared/3967/hdl/verilog/kernel_gmem1_m_axi.v:2679]
INFO: [Synth 8-6155] done synthesizing module 'kernel_gmem1_m_axi_fifo__parameterized3' (0#1) [/home/gme/guilherme.manske/hls/template/solution1/impl/verilog/project.gen/sources_1/bd/bd_0/ipshared/3967/hdl/verilog/kernel_gmem1_m_axi.v:2501]
INFO: [Synth 8-6155] done synthesizing module 'kernel_gmem1_m_axi_store' (0#1) [/home/gme/guilherme.manske/hls/template/solution1/impl/verilog/project.gen/sources_1/bd/bd_0/ipshared/3967/hdl/verilog/kernel_gmem1_m_axi.v:796]
INFO: [Synth 8-6157] synthesizing module 'kernel_gmem1_m_axi_load' [/home/gme/guilherme.manske/hls/template/solution1/impl/verilog/project.gen/sources_1/bd/bd_0/ipshared/3967/hdl/verilog/kernel_gmem1_m_axi.v:327]
INFO: [Synth 8-6157] synthesizing module 'kernel_gmem1_m_axi_fifo__parameterized4' [/home/gme/guilherme.manske/hls/template/solution1/impl/verilog/project.gen/sources_1/bd/bd_0/ipshared/3967/hdl/verilog/kernel_gmem1_m_axi.v:2501]
INFO: [Synth 8-6157] synthesizing module 'kernel_gmem1_m_axi_srl__parameterized3' [/home/gme/guilherme.manske/hls/template/solution1/impl/verilog/project.gen/sources_1/bd/bd_0/ipshared/3967/hdl/verilog/kernel_gmem1_m_axi.v:2679]
INFO: [Synth 8-6155] done synthesizing module 'kernel_gmem1_m_axi_srl__parameterized3' (0#1) [/home/gme/guilherme.manske/hls/template/solution1/impl/verilog/project.gen/sources_1/bd/bd_0/ipshared/3967/hdl/verilog/kernel_gmem1_m_axi.v:2679]
INFO: [Synth 8-6155] done synthesizing module 'kernel_gmem1_m_axi_fifo__parameterized4' (0#1) [/home/gme/guilherme.manske/hls/template/solution1/impl/verilog/project.gen/sources_1/bd/bd_0/ipshared/3967/hdl/verilog/kernel_gmem1_m_axi.v:2501]
INFO: [Synth 8-6157] synthesizing module 'kernel_gmem1_m_axi_fifo__parameterized5' [/home/gme/guilherme.manske/hls/template/solution1/impl/verilog/project.gen/sources_1/bd/bd_0/ipshared/3967/hdl/verilog/kernel_gmem1_m_axi.v:2501]
INFO: [Synth 8-6157] synthesizing module 'kernel_gmem1_m_axi_mem__parameterized0' [/home/gme/guilherme.manske/hls/template/solution1/impl/verilog/project.gen/sources_1/bd/bd_0/ipshared/3967/hdl/verilog/kernel_gmem1_m_axi.v:2733]
INFO: [Synth 8-6155] done synthesizing module 'kernel_gmem1_m_axi_mem__parameterized0' (0#1) [/home/gme/guilherme.manske/hls/template/solution1/impl/verilog/project.gen/sources_1/bd/bd_0/ipshared/3967/hdl/verilog/kernel_gmem1_m_axi.v:2733]
INFO: [Synth 8-6155] done synthesizing module 'kernel_gmem1_m_axi_fifo__parameterized5' (0#1) [/home/gme/guilherme.manske/hls/template/solution1/impl/verilog/project.gen/sources_1/bd/bd_0/ipshared/3967/hdl/verilog/kernel_gmem1_m_axi.v:2501]
INFO: [Synth 8-6155] done synthesizing module 'kernel_gmem1_m_axi_load' (0#1) [/home/gme/guilherme.manske/hls/template/solution1/impl/verilog/project.gen/sources_1/bd/bd_0/ipshared/3967/hdl/verilog/kernel_gmem1_m_axi.v:327]
INFO: [Synth 8-6157] synthesizing module 'kernel_gmem1_m_axi_write' [/home/gme/guilherme.manske/hls/template/solution1/impl/verilog/project.gen/sources_1/bd/bd_0/ipshared/3967/hdl/verilog/kernel_gmem1_m_axi.v:1547]
INFO: [Synth 8-6157] synthesizing module 'kernel_gmem1_m_axi_burst_converter' [/home/gme/guilherme.manske/hls/template/solution1/impl/verilog/project.gen/sources_1/bd/bd_0/ipshared/3967/hdl/verilog/kernel_gmem1_m_axi.v:1867]
INFO: [Synth 8-6157] synthesizing module 'kernel_gmem1_m_axi_reg_slice' [/home/gme/guilherme.manske/hls/template/solution1/impl/verilog/project.gen/sources_1/bd/bd_0/ipshared/3967/hdl/verilog/kernel_gmem1_m_axi.v:2399]
INFO: [Synth 8-6155] done synthesizing module 'kernel_gmem1_m_axi_reg_slice' (0#1) [/home/gme/guilherme.manske/hls/template/solution1/impl/verilog/project.gen/sources_1/bd/bd_0/ipshared/3967/hdl/verilog/kernel_gmem1_m_axi.v:2399]
INFO: [Synth 8-6155] done synthesizing module 'kernel_gmem1_m_axi_burst_converter' (0#1) [/home/gme/guilherme.manske/hls/template/solution1/impl/verilog/project.gen/sources_1/bd/bd_0/ipshared/3967/hdl/verilog/kernel_gmem1_m_axi.v:1867]
INFO: [Synth 8-6157] synthesizing module 'kernel_gmem1_m_axi_fifo__parameterized6' [/home/gme/guilherme.manske/hls/template/solution1/impl/verilog/project.gen/sources_1/bd/bd_0/ipshared/3967/hdl/verilog/kernel_gmem1_m_axi.v:2501]
INFO: [Synth 8-6157] synthesizing module 'kernel_gmem1_m_axi_srl__parameterized4' [/home/gme/guilherme.manske/hls/template/solution1/impl/verilog/project.gen/sources_1/bd/bd_0/ipshared/3967/hdl/verilog/kernel_gmem1_m_axi.v:2679]
INFO: [Synth 8-6155] done synthesizing module 'kernel_gmem1_m_axi_srl__parameterized4' (0#1) [/home/gme/guilherme.manske/hls/template/solution1/impl/verilog/project.gen/sources_1/bd/bd_0/ipshared/3967/hdl/verilog/kernel_gmem1_m_axi.v:2679]
INFO: [Synth 8-6155] done synthesizing module 'kernel_gmem1_m_axi_fifo__parameterized6' (0#1) [/home/gme/guilherme.manske/hls/template/solution1/impl/verilog/project.gen/sources_1/bd/bd_0/ipshared/3967/hdl/verilog/kernel_gmem1_m_axi.v:2501]
INFO: [Synth 8-6157] synthesizing module 'kernel_gmem1_m_axi_throttle' [/home/gme/guilherme.manske/hls/template/solution1/impl/verilog/project.gen/sources_1/bd/bd_0/ipshared/3967/hdl/verilog/kernel_gmem1_m_axi.v:2173]
INFO: [Synth 8-6157] synthesizing module 'kernel_gmem1_m_axi_reg_slice__parameterized0' [/home/gme/guilherme.manske/hls/template/solution1/impl/verilog/project.gen/sources_1/bd/bd_0/ipshared/3967/hdl/verilog/kernel_gmem1_m_axi.v:2399]
INFO: [Synth 8-6155] done synthesizing module 'kernel_gmem1_m_axi_reg_slice__parameterized0' (0#1) [/home/gme/guilherme.manske/hls/template/solution1/impl/verilog/project.gen/sources_1/bd/bd_0/ipshared/3967/hdl/verilog/kernel_gmem1_m_axi.v:2399]
INFO: [Synth 8-6157] synthesizing module 'kernel_gmem1_m_axi_fifo__parameterized7' [/home/gme/guilherme.manske/hls/template/solution1/impl/verilog/project.gen/sources_1/bd/bd_0/ipshared/3967/hdl/verilog/kernel_gmem1_m_axi.v:2501]
INFO: [Synth 8-6157] synthesizing module 'kernel_gmem1_m_axi_srl__parameterized5' [/home/gme/guilherme.manske/hls/template/solution1/impl/verilog/project.gen/sources_1/bd/bd_0/ipshared/3967/hdl/verilog/kernel_gmem1_m_axi.v:2679]
INFO: [Synth 8-6155] done synthesizing module 'kernel_gmem1_m_axi_srl__parameterized5' (0#1) [/home/gme/guilherme.manske/hls/template/solution1/impl/verilog/project.gen/sources_1/bd/bd_0/ipshared/3967/hdl/verilog/kernel_gmem1_m_axi.v:2679]
INFO: [Synth 8-6155] done synthesizing module 'kernel_gmem1_m_axi_fifo__parameterized7' (0#1) [/home/gme/guilherme.manske/hls/template/solution1/impl/verilog/project.gen/sources_1/bd/bd_0/ipshared/3967/hdl/verilog/kernel_gmem1_m_axi.v:2501]
INFO: [Synth 8-6157] synthesizing module 'kernel_gmem1_m_axi_fifo__parameterized8' [/home/gme/guilherme.manske/hls/template/solution1/impl/verilog/project.gen/sources_1/bd/bd_0/ipshared/3967/hdl/verilog/kernel_gmem1_m_axi.v:2501]
INFO: [Synth 8-6157] synthesizing module 'kernel_gmem1_m_axi_srl__parameterized6' [/home/gme/guilherme.manske/hls/template/solution1/impl/verilog/project.gen/sources_1/bd/bd_0/ipshared/3967/hdl/verilog/kernel_gmem1_m_axi.v:2679]
INFO: [Synth 8-6155] done synthesizing module 'kernel_gmem1_m_axi_srl__parameterized6' (0#1) [/home/gme/guilherme.manske/hls/template/solution1/impl/verilog/project.gen/sources_1/bd/bd_0/ipshared/3967/hdl/verilog/kernel_gmem1_m_axi.v:2679]
INFO: [Synth 8-6155] done synthesizing module 'kernel_gmem1_m_axi_fifo__parameterized8' (0#1) [/home/gme/guilherme.manske/hls/template/solution1/impl/verilog/project.gen/sources_1/bd/bd_0/ipshared/3967/hdl/verilog/kernel_gmem1_m_axi.v:2501]
INFO: [Synth 8-6155] done synthesizing module 'kernel_gmem1_m_axi_throttle' (0#1) [/home/gme/guilherme.manske/hls/template/solution1/impl/verilog/project.gen/sources_1/bd/bd_0/ipshared/3967/hdl/verilog/kernel_gmem1_m_axi.v:2173]
INFO: [Synth 8-6157] synthesizing module 'kernel_gmem1_m_axi_reg_slice__parameterized1' [/home/gme/guilherme.manske/hls/template/solution1/impl/verilog/project.gen/sources_1/bd/bd_0/ipshared/3967/hdl/verilog/kernel_gmem1_m_axi.v:2399]
INFO: [Synth 8-6155] done synthesizing module 'kernel_gmem1_m_axi_reg_slice__parameterized1' (0#1) [/home/gme/guilherme.manske/hls/template/solution1/impl/verilog/project.gen/sources_1/bd/bd_0/ipshared/3967/hdl/verilog/kernel_gmem1_m_axi.v:2399]
WARNING: [Synth 8-589] replacing case/wildcard equality operator === with logical equality operator == [/home/gme/guilherme.manske/hls/template/solution1/impl/verilog/project.gen/sources_1/bd/bd_0/ipshared/3967/hdl/verilog/kernel_gmem1_m_axi.v:1858]
WARNING: [Synth 8-589] replacing case/wildcard equality operator === with logical equality operator == [/home/gme/guilherme.manske/hls/template/solution1/impl/verilog/project.gen/sources_1/bd/bd_0/ipshared/3967/hdl/verilog/kernel_gmem1_m_axi.v:1861]
INFO: [Synth 8-6155] done synthesizing module 'kernel_gmem1_m_axi_write' (0#1) [/home/gme/guilherme.manske/hls/template/solution1/impl/verilog/project.gen/sources_1/bd/bd_0/ipshared/3967/hdl/verilog/kernel_gmem1_m_axi.v:1547]
INFO: [Synth 8-6157] synthesizing module 'kernel_gmem1_m_axi_read' [/home/gme/guilherme.manske/hls/template/solution1/impl/verilog/project.gen/sources_1/bd/bd_0/ipshared/3967/hdl/verilog/kernel_gmem1_m_axi.v:1355]
INFO: [Synth 8-6157] synthesizing module 'kernel_gmem1_m_axi_reg_slice__parameterized2' [/home/gme/guilherme.manske/hls/template/solution1/impl/verilog/project.gen/sources_1/bd/bd_0/ipshared/3967/hdl/verilog/kernel_gmem1_m_axi.v:2399]
INFO: [Synth 8-6155] done synthesizing module 'kernel_gmem1_m_axi_reg_slice__parameterized2' (0#1) [/home/gme/guilherme.manske/hls/template/solution1/impl/verilog/project.gen/sources_1/bd/bd_0/ipshared/3967/hdl/verilog/kernel_gmem1_m_axi.v:2399]
WARNING: [Synth 8-589] replacing case/wildcard equality operator === with logical equality operator == [/home/gme/guilherme.manske/hls/template/solution1/impl/verilog/project.gen/sources_1/bd/bd_0/ipshared/3967/hdl/verilog/kernel_gmem1_m_axi.v:1539]
INFO: [Synth 8-6155] done synthesizing module 'kernel_gmem1_m_axi_read' (0#1) [/home/gme/guilherme.manske/hls/template/solution1/impl/verilog/project.gen/sources_1/bd/bd_0/ipshared/3967/hdl/verilog/kernel_gmem1_m_axi.v:1355]
INFO: [Synth 8-6155] done synthesizing module 'kernel_gmem1_m_axi' (0#1) [/home/gme/guilherme.manske/hls/template/solution1/impl/verilog/project.gen/sources_1/bd/bd_0/ipshared/3967/hdl/verilog/kernel_gmem1_m_axi.v:11]
INFO: [Synth 8-6155] done synthesizing module 'kernel' (0#1) [/home/gme/guilherme.manske/hls/template/solution1/impl/verilog/project.gen/sources_1/bd/bd_0/ipshared/3967/hdl/verilog/kernel.v:9]
INFO: [Synth 8-6155] done synthesizing module 'bd_0_hls_inst_0' (0#1) [/home/gme/guilherme.manske/hls/template/solution1/impl/verilog/project.gen/sources_1/bd/bd_0/ip/bd_0_hls_inst_0/synth/bd_0_hls_inst_0.v:53]
WARNING: [Synth 8-7129] Port in_BUS_RID[0] in module kernel_gmem1_m_axi_read is either unconnected or has no load
WARNING: [Synth 8-7129] Port in_BUS_RRESP[1] in module kernel_gmem1_m_axi_read is either unconnected or has no load
WARNING: [Synth 8-7129] Port in_BUS_RRESP[0] in module kernel_gmem1_m_axi_read is either unconnected or has no load
WARNING: [Synth 8-7129] Port in_BUS_RUSER[0] in module kernel_gmem1_m_axi_read is either unconnected or has no load
WARNING: [Synth 8-7129] Port in_BUS_BID[0] in module kernel_gmem1_m_axi_write is either unconnected or has no load
WARNING: [Synth 8-7129] Port in_BUS_BRESP[1] in module kernel_gmem1_m_axi_write is either unconnected or has no load
WARNING: [Synth 8-7129] Port in_BUS_BRESP[0] in module kernel_gmem1_m_axi_write is either unconnected or has no load
WARNING: [Synth 8-7129] Port in_BUS_BUSER[0] in module kernel_gmem1_m_axi_write is either unconnected or has no load
WARNING: [Synth 8-7129] Port in_BUS_RID[0] in module kernel_gmem0_m_axi_read is either unconnected or has no load
WARNING: [Synth 8-7129] Port in_BUS_RRESP[1] in module kernel_gmem0_m_axi_read is either unconnected or has no load
WARNING: [Synth 8-7129] Port in_BUS_RRESP[0] in module kernel_gmem0_m_axi_read is either unconnected or has no load
WARNING: [Synth 8-7129] Port in_BUS_RUSER[0] in module kernel_gmem0_m_axi_read is either unconnected or has no load
WARNING: [Synth 8-7129] Port in_BUS_BID[0] in module kernel_gmem0_m_axi_write is either unconnected or has no load
WARNING: [Synth 8-7129] Port in_BUS_BRESP[1] in module kernel_gmem0_m_axi_write is either unconnected or has no load
WARNING: [Synth 8-7129] Port in_BUS_BRESP[0] in module kernel_gmem0_m_axi_write is either unconnected or has no load
WARNING: [Synth 8-7129] Port in_BUS_BUSER[0] in module kernel_gmem0_m_axi_write is either unconnected or has no load
---------------------------------------------------------------------------------
Finished RTL Elaboration : Time (s): cpu = 00:00:03 ; elapsed = 00:00:04 . Memory (MB): peak = 2446.277 ; gain = 533.652 ; free physical = 8104 ; free virtual = 53762
---------------------------------------------------------------------------------
---------------------------------------------------------------------------------
Start Handling Custom Attributes
---------------------------------------------------------------------------------
---------------------------------------------------------------------------------
Finished Handling Custom Attributes : Time (s): cpu = 00:00:04 ; elapsed = 00:00:04 . Memory (MB): peak = 2461.121 ; gain = 548.496 ; free physical = 8094 ; free virtual = 53753
---------------------------------------------------------------------------------
---------------------------------------------------------------------------------
Finished RTL Optimization Phase 1 : Time (s): cpu = 00:00:04 ; elapsed = 00:00:04 . Memory (MB): peak = 2461.121 ; gain = 548.496 ; free physical = 8094 ; free virtual = 53753
---------------------------------------------------------------------------------
Netlist sorting complete. Time (s): cpu = 00:00:00.07 ; elapsed = 00:00:00.07 . Memory (MB): peak = 2461.121 ; gain = 0.000 ; free physical = 8094 ; free virtual = 53753
INFO: [Project 1-570] Preparing netlist for logic optimization

Processing XDC Constraints
Initializing timing engine
Parsing XDC File [/home/gme/guilherme.manske/hls/template/solution1/impl/verilog/project.gen/sources_1/bd/bd_0/ip/bd_0_hls_inst_0/constraints/kernel_ooc.xdc] for cell 'inst'
Finished Parsing XDC File [/home/gme/guilherme.manske/hls/template/solution1/impl/verilog/project.gen/sources_1/bd/bd_0/ip/bd_0_hls_inst_0/constraints/kernel_ooc.xdc] for cell 'inst'
Parsing XDC File [/home/gme/guilherme.manske/hls/template/solution1/impl/verilog/project.runs/bd_0_hls_inst_0_synth_1/dont_touch.xdc]
Finished Parsing XDC File [/home/gme/guilherme.manske/hls/template/solution1/impl/verilog/project.runs/bd_0_hls_inst_0_synth_1/dont_touch.xdc]
Completed Processing XDC Constraints

Netlist sorting complete. Time (s): cpu = 00:00:00 ; elapsed = 00:00:00.01 . Memory (MB): peak = 2611.902 ; gain = 0.000 ; free physical = 8007 ; free virtual = 53665
INFO: [Project 1-111] Unisim Transformation Summary:
No Unisim elements were transformed.

Constraint Validation Runtime : Time (s): cpu = 00:00:00.2 ; elapsed = 00:00:00.07 . Memory (MB): peak = 2611.938 ; gain = 0.000 ; free physical = 8007 ; free virtual = 53665
INFO: [Designutils 20-5008] Incremental synthesis strategy off
---------------------------------------------------------------------------------
Finished Constraint Validation : Time (s): cpu = 00:00:08 ; elapsed = 00:00:08 . Memory (MB): peak = 2611.938 ; gain = 699.312 ; free physical = 8007 ; free virtual = 53665
---------------------------------------------------------------------------------
---------------------------------------------------------------------------------
Start Loading Part and Timing Information
---------------------------------------------------------------------------------
Loading part: xc7a200tfbg484-3
---------------------------------------------------------------------------------
Finished Loading Part and Timing Information : Time (s): cpu = 00:00:08 ; elapsed = 00:00:08 . Memory (MB): peak = 2611.938 ; gain = 699.312 ; free physical = 8007 ; free virtual = 53665
---------------------------------------------------------------------------------
---------------------------------------------------------------------------------
Start Applying 'set_property' XDC Constraints
---------------------------------------------------------------------------------
Applied set_property KEEP_HIERARCHY = SOFT for inst. (constraint file  /home/gme/guilherme.manske/hls/template/solution1/impl/verilog/project.runs/bd_0_hls_inst_0_synth_1/dont_touch.xdc, line 9).
---------------------------------------------------------------------------------
Finished applying 'set_property' XDC Constraints : Time (s): cpu = 00:00:08 ; elapsed = 00:00:08 . Memory (MB): peak = 2611.938 ; gain = 699.312 ; free physical = 8007 ; free virtual = 53665
---------------------------------------------------------------------------------
INFO: [Synth 8-802] inferred FSM for state register 'wstate_reg' in module 'kernel_control_s_axi'
INFO: [Synth 8-802] inferred FSM for state register 'rstate_reg' in module 'kernel_control_s_axi'
INFO: [Synth 8-802] inferred FSM for state register 'state_reg' in module 'kernel_gmem0_m_axi_reg_slice'
INFO: [Synth 8-802] inferred FSM for state register 'state_reg' in module 'kernel_gmem0_m_axi_reg_slice__parameterized0'
INFO: [Synth 8-802] inferred FSM for state register 'state_reg' in module 'kernel_gmem0_m_axi_reg_slice__parameterized1'
INFO: [Synth 8-802] inferred FSM for state register 'state_reg' in module 'kernel_gmem0_m_axi_reg_slice__parameterized2'
INFO: [Synth 8-802] inferred FSM for state register 'state_reg' in module 'kernel_gmem1_m_axi_reg_slice'
INFO: [Synth 8-802] inferred FSM for state register 'state_reg' in module 'kernel_gmem1_m_axi_reg_slice__parameterized0'
INFO: [Synth 8-802] inferred FSM for state register 'state_reg' in module 'kernel_gmem1_m_axi_reg_slice__parameterized1'
INFO: [Synth 8-802] inferred FSM for state register 'state_reg' in module 'kernel_gmem1_m_axi_reg_slice__parameterized2'
INFO: [Synth 8-4490] FSM extraction disabled for register 'ap_CS_fsm_reg' through user attribute
---------------------------------------------------------------------------------------------------
                   State |                     New Encoding |                Previous Encoding 
---------------------------------------------------------------------------------------------------
                  iSTATE |                             0001 |                               11
*
                  WRIDLE |                             0010 |                               00
                  WRDATA |                             0100 |                               01
                  WRRESP |                             1000 |                               10
---------------------------------------------------------------------------------------------------
INFO: [Synth 8-3354] encoded FSM with state register 'wstate_reg' using encoding 'one-hot' in module 'kernel_control_s_axi'
---------------------------------------------------------------------------------------------------
                   State |                     New Encoding |                Previous Encoding 
---------------------------------------------------------------------------------------------------
                  iSTATE |                              001 |                               10
*
                  RDIDLE |                              010 |                               00
                  RDDATA |                              100 |                               01
---------------------------------------------------------------------------------------------------
INFO: [Synth 8-3354] encoded FSM with state register 'rstate_reg' using encoding 'one-hot' in module 'kernel_control_s_axi'
INFO: [Synth 8-7082] The signal mem_reg is implemented as Block RAM but is better mapped onto distributed LUT RAM for the following reason(s): The depth (6 address bits) is shallow. Please use attribute (* ram_style = "distributed" *) to instruct Vivado to infer distributed LUT RAM.
---------------------------------------------------------------------------------------------------
                   State |                     New Encoding |                Previous Encoding 
---------------------------------------------------------------------------------------------------
                    ZERO |                               00 |                               10
                     ONE |                               10 |                               11
                     TWO |                               01 |                               01
---------------------------------------------------------------------------------------------------
INFO: [Synth 8-3354] encoded FSM with state register 'state_reg' using encoding 'sequential' in module 'kernel_gmem0_m_axi_reg_slice'
---------------------------------------------------------------------------------------------------
                   State |                     New Encoding |                Previous Encoding 
---------------------------------------------------------------------------------------------------
                    ZERO |                               00 |                               10
                     ONE |                               10 |                               11
                     TWO |                               01 |                               01
---------------------------------------------------------------------------------------------------
INFO: [Synth 8-3354] encoded FSM with state register 'state_reg' using encoding 'sequential' in module 'kernel_gmem0_m_axi_reg_slice__parameterized0'
---------------------------------------------------------------------------------------------------
                   State |                     New Encoding |                Previous Encoding 
---------------------------------------------------------------------------------------------------
                    ZERO |                               00 |                               10
                     ONE |                               10 |                               11
                     TWO |                               01 |                               01
---------------------------------------------------------------------------------------------------
INFO: [Synth 8-3354] encoded FSM with state register 'state_reg' using encoding 'sequential' in module 'kernel_gmem0_m_axi_reg_slice__parameterized1'
---------------------------------------------------------------------------------------------------
                   State |                     New Encoding |                Previous Encoding 
---------------------------------------------------------------------------------------------------
                    ZERO |                               00 |                               10
                     ONE |                               10 |                               11
                     TWO |                               01 |                               01
---------------------------------------------------------------------------------------------------
INFO: [Synth 8-3354] encoded FSM with state register 'state_reg' using encoding 'sequential' in module 'kernel_gmem0_m_axi_reg_slice__parameterized2'
INFO: [Synth 8-7082] The signal mem_reg is implemented as Block RAM but is better mapped onto distributed LUT RAM for the following reason(s): The depth (6 address bits) is shallow. Please use attribute (* ram_style = "distributed" *) to instruct Vivado to infer distributed LUT RAM.
---------------------------------------------------------------------------------------------------
                   State |                     New Encoding |                Previous Encoding 
---------------------------------------------------------------------------------------------------
                    ZERO |                               00 |                               10
                     ONE |                               10 |                               11
                     TWO |                               01 |                               01
---------------------------------------------------------------------------------------------------
INFO: [Synth 8-3354] encoded FSM with state register 'state_reg' using encoding 'sequential' in module 'kernel_gmem1_m_axi_reg_slice'
---------------------------------------------------------------------------------------------------
                   State |                     New Encoding |                Previous Encoding 
---------------------------------------------------------------------------------------------------
                    ZERO |                               00 |                               10
                     ONE |                               10 |                               11
                     TWO |                               01 |                               01
---------------------------------------------------------------------------------------------------
INFO: [Synth 8-3354] encoded FSM with state register 'state_reg' using encoding 'sequential' in module 'kernel_gmem1_m_axi_reg_slice__parameterized0'
---------------------------------------------------------------------------------------------------
                   State |                     New Encoding |                Previous Encoding 
---------------------------------------------------------------------------------------------------
                    ZERO |                               00 |                               10
                     ONE |                               10 |                               11
                     TWO |                               01 |                               01
---------------------------------------------------------------------------------------------------
INFO: [Synth 8-3354] encoded FSM with state register 'state_reg' using encoding 'sequential' in module 'kernel_gmem1_m_axi_reg_slice__parameterized1'
---------------------------------------------------------------------------------------------------
                   State |                     New Encoding |                Previous Encoding 
---------------------------------------------------------------------------------------------------
                    ZERO |                               00 |                               10
                     ONE |                               10 |                               11
                     TWO |                               01 |                               01
---------------------------------------------------------------------------------------------------
INFO: [Synth 8-3354] encoded FSM with state register 'state_reg' using encoding 'sequential' in module 'kernel_gmem1_m_axi_reg_slice__parameterized2'
---------------------------------------------------------------------------------
Finished RTL Optimization Phase 2 : Time (s): cpu = 00:00:09 ; elapsed = 00:00:09 . Memory (MB): peak = 2611.938 ; gain = 699.312 ; free physical = 8005 ; free virtual = 53665
---------------------------------------------------------------------------------
---------------------------------------------------------------------------------
Start RTL Component Statistics 
---------------------------------------------------------------------------------
Detailed RTL Component Info : 
+---Adders : 
	   2 Input   52 Bit       Adders := 4     
	   2 Input   32 Bit       Adders := 11    
	   2 Input   12 Bit       Adders := 8     
	   2 Input   11 Bit       Adders := 4     
	   2 Input    9 Bit       Adders := 4     
	   2 Input    8 Bit       Adders := 7     
	   2 Input    7 Bit       Adders := 4     
	   2 Input    6 Bit       Adders := 8     
	   2 Input    5 Bit       Adders := 42    
	   2 Input    4 Bit       Adders := 30    
	   2 Input    3 Bit       Adders := 18    
	   3 Input    3 Bit       Adders := 2     
	   2 Input    2 Bit       Adders := 6     
+---Registers : 
	               96 Bit    Registers := 12    
	               72 Bit    Registers := 6     
	               64 Bit    Registers := 15    
	               52 Bit    Registers := 4     
	               37 Bit    Registers := 2     
	               34 Bit    Registers := 4     
	               33 Bit    Registers := 4     
	               32 Bit    Registers := 15    
	               31 Bit    Registers := 2     
	               20 Bit    Registers := 4     
	               11 Bit    Registers := 6     
	               10 Bit    Registers := 16    
	                9 Bit    Registers := 4     
	                8 Bit    Registers := 23    
	                7 Bit    Registers := 2     
	                6 Bit    Registers := 9     
	                5 Bit    Registers := 20    
	                4 Bit    Registers := 30    
	                3 Bit    Registers := 9     
	                2 Bit    Registers := 12    
	                1 Bit    Registers := 204   
+---RAMs : 
	               8K Bit	(255 X 34 bit)          RAMs := 2     
	              567 Bit	(63 X 9 bit)          RAMs := 2     
+---Muxes : 
	   2 Input   96 Bit        Muxes := 4     
	   2 Input   72 Bit        Muxes := 2     
	   2 Input   64 Bit        Muxes := 12    
	   2 Input   52 Bit        Muxes := 4     
	   2 Input   33 Bit        Muxes := 2     
	   2 Input   32 Bit        Muxes := 8     
	   2 Input   31 Bit        Muxes := 1     
	   2 Input   20 Bit        Muxes := 4     
	   4 Input   12 Bit        Muxes := 4     
	   4 Input   11 Bit        Muxes := 4     
	   2 Input   10 Bit        Muxes := 12    
	   2 Input    9 Bit        Muxes := 4     
	   2 Input    8 Bit        Muxes := 8     
	   4 Input    8 Bit        Muxes := 4     
	   2 Input    7 Bit        Muxes := 4     
	   2 Input    6 Bit        Muxes := 12    
	   2 Input    5 Bit        Muxes := 36    
	   4 Input    4 Bit        Muxes := 1     
	   2 Input    4 Bit        Muxes := 29    
	   3 Input    4 Bit        Muxes := 2     
	   3 Input    3 Bit        Muxes := 5     
	   2 Input    3 Bit        Muxes := 16    
	   5 Input    3 Bit        Muxes := 2     
	   4 Input    3 Bit        Muxes := 3     
	   2 Input    2 Bit        Muxes := 137   
	   5 Input    2 Bit        Muxes := 2     
	   3 Input    2 Bit        Muxes := 30    
	   4 Input    2 Bit        Muxes := 10    
	   2 Input    1 Bit        Muxes := 245   
	   4 Input    1 Bit        Muxes := 2     
---------------------------------------------------------------------------------
Finished RTL Component Statistics 
---------------------------------------------------------------------------------
---------------------------------------------------------------------------------
Start Part Resource Summary
---------------------------------------------------------------------------------
Part Resources:
DSPs: 740 (col length:100)
BRAMs: 730 (col length: RAMB18 100 RAMB36 50)
---------------------------------------------------------------------------------
Finished Part Resource Summary
---------------------------------------------------------------------------------
---------------------------------------------------------------------------------
Start Cross Boundary and Area Optimization
---------------------------------------------------------------------------------
WARNING: [Synth 8-7080] Parallel synthesis criteria is not met
WARNING: [Synth 8-7129] Port in_BUS_RID[0] in module kernel_gmem1_m_axi_read is either unconnected or has no load
WARNING: [Synth 8-7129] Port in_BUS_RRESP[1] in module kernel_gmem1_m_axi_read is either unconnected or has no load
WARNING: [Synth 8-7129] Port in_BUS_RRESP[0] in module kernel_gmem1_m_axi_read is either unconnected or has no load
WARNING: [Synth 8-7129] Port in_BUS_RUSER[0] in module kernel_gmem1_m_axi_read is either unconnected or has no load
WARNING: [Synth 8-7129] Port in_BUS_BID[0] in module kernel_gmem1_m_axi_write is either unconnected or has no load
WARNING: [Synth 8-7129] Port in_BUS_BRESP[1] in module kernel_gmem1_m_axi_write is either unconnected or has no load
WARNING: [Synth 8-7129] Port in_BUS_BRESP[0] in module kernel_gmem1_m_axi_write is either unconnected or has no load
WARNING: [Synth 8-7129] Port in_BUS_BUSER[0] in module kernel_gmem1_m_axi_write is either unconnected or has no load
WARNING: [Synth 8-7129] Port in_BUS_RID[0] in module kernel_gmem0_m_axi_read is either unconnected or has no load
WARNING: [Synth 8-7129] Port in_BUS_RRESP[1] in module kernel_gmem0_m_axi_read is either unconnected or has no load
WARNING: [Synth 8-7129] Port in_BUS_RRESP[0] in module kernel_gmem0_m_axi_read is either unconnected or has no load
WARNING: [Synth 8-7129] Port in_BUS_RUSER[0] in module kernel_gmem0_m_axi_read is either unconnected or has no load
WARNING: [Synth 8-7129] Port in_BUS_BID[0] in module kernel_gmem0_m_axi_write is either unconnected or has no load
WARNING: [Synth 8-7129] Port in_BUS_BRESP[1] in module kernel_gmem0_m_axi_write is either unconnected or has no load
WARNING: [Synth 8-7129] Port in_BUS_BRESP[0] in module kernel_gmem0_m_axi_write is either unconnected or has no load
WARNING: [Synth 8-7129] Port in_BUS_BUSER[0] in module kernel_gmem0_m_axi_write is either unconnected or has no load
INFO: [Synth 8-7082] The signal store_unit/buff_wdata/U_fifo_mem/mem_reg is implemented as Block RAM but is better mapped onto distributed LUT RAM for the following reason(s): The depth (6 address bits) is shallow. Please use attribute (* ram_style = "distributed" *) to instruct Vivado to infer distributed LUT RAM.
INFO: [Synth 8-5784] Optimized 9 bits of RAM "store_unit/buff_wdata/U_fifo_mem/mem_reg" due to constant propagation. Old ram width 9 bits, new ram width 0 bits.
WARNING: [Synth 8-5785] Removed RAM "store_unit/buff_wdata/U_fifo_mem/mem_reg" due to constant propagation. Write data stuck at zero 
WARNING: [Synth 8-3332] Sequential element (control_s_axi_U/FSM_onehot_wstate_reg[0]) is unused and will be removed from module kernel.
WARNING: [Synth 8-3332] Sequential element (control_s_axi_U/FSM_onehot_rstate_reg[0]) is unused and will be removed from module kernel.
WARNING: [Synth 8-3332] Sequential element (bus_write/wreq_burst_conv/rs_req/FSM_sequential_state_reg[1]) is unused and will be removed from module kernel_gmem1_m_axi.
WARNING: [Synth 8-3332] Sequential element (bus_write/wreq_burst_conv/rs_req/FSM_sequential_state_reg[0]) is unused and will be removed from module kernel_gmem1_m_axi.
WARNING: [Synth 8-3332] Sequential element (bus_write/wreq_throttle/rs_req/FSM_sequential_state_reg[1]) is unused and will be removed from module kernel_gmem1_m_axi.
WARNING: [Synth 8-3332] Sequential element (bus_write/wreq_throttle/rs_req/FSM_sequential_state_reg[0]) is unused and will be removed from module kernel_gmem1_m_axi.
---------------------------------------------------------------------------------
Finished Cross Boundary and Area Optimization : Time (s): cpu = 00:00:15 ; elapsed = 00:00:15 . Memory (MB): peak = 2611.938 ; gain = 699.312 ; free physical = 8005 ; free virtual = 53665
---------------------------------------------------------------------------------
---------------------------------------------------------------------------------
Start ROM, RAM, DSP, Shift Register and Retiming Reporting
---------------------------------------------------------------------------------

Block RAM: Preliminary Mapping Report (see note below)
+-------------------+------------------------------------------+------------------------+---+---+------------------------+---+---+------------------+--------+--------+
|Module Name        | RTL Object                               | PORT A (Depth x Width) | W | R | PORT B (Depth x Width) | W | R | Ports driving FF | RAMB18 | RAMB36 | 
+-------------------+------------------------------------------+------------------------+---+---+------------------------+---+---+------------------+--------+--------+
|inst/gmem0_m_axi_U | store_unit/buff_wdata/U_fifo_mem/mem_reg | 63 x 9(READ_FIRST)     | W |   | 63 x 9(WRITE_FIRST)    |   | R | Port A and B     | 1      | 0      | 
|inst/gmem0_m_axi_U | load_unit/buff_rdata/U_fifo_mem/mem_reg  | 255 x 34(READ_FIRST)   | W |   | 255 x 34(WRITE_FIRST)  |   | R | Port A and B     | 1      | 0      | 
|inst/gmem1_m_axi_U | load_unit/buff_rdata/U_fifo_mem/mem_reg  | 255 x 34(READ_FIRST)   | W |   | 255 x 34(WRITE_FIRST)  |   | R | Port A and B     | 1      | 0      | 
+-------------------+------------------------------------------+------------------------+---+---+------------------------+---+---+------------------+--------+--------+

Note: The table above is a preliminary report that shows the Block RAMs at the current stage of the synthesis flow. Some Block RAMs may be reimplemented as non Block RAM primitives later in the synthesis flow. Multiple instantiated Block RAMs are reported only once. 
---------------------------------------------------------------------------------
Finished ROM, RAM, DSP, Shift Register and Retiming Reporting
---------------------------------------------------------------------------------
---------------------------------------------------------------------------------
Start Applying XDC Timing Constraints
---------------------------------------------------------------------------------
---------------------------------------------------------------------------------
Finished Applying XDC Timing Constraints : Time (s): cpu = 00:00:17 ; elapsed = 00:00:17 . Memory (MB): peak = 2611.938 ; gain = 699.312 ; free physical = 8004 ; free virtual = 53664
---------------------------------------------------------------------------------
---------------------------------------------------------------------------------
Start Timing Optimization
---------------------------------------------------------------------------------
---------------------------------------------------------------------------------
Finished Timing Optimization : Time (s): cpu = 00:00:19 ; elapsed = 00:00:19 . Memory (MB): peak = 2611.938 ; gain = 699.312 ; free physical = 8003 ; free virtual = 53663
---------------------------------------------------------------------------------
---------------------------------------------------------------------------------
Start ROM, RAM, DSP, Shift Register and Retiming Reporting
---------------------------------------------------------------------------------

Block RAM: Final Mapping Report
+-------------------+------------------------------------------+------------------------+---+---+------------------------+---+---+------------------+--------+--------+
|Module Name        | RTL Object                               | PORT A (Depth x Width) | W | R | PORT B (Depth x Width) | W | R | Ports driving FF | RAMB18 | RAMB36 | 
+-------------------+------------------------------------------+------------------------+---+---+------------------------+---+---+------------------+--------+--------+
|inst/gmem0_m_axi_U | store_unit/buff_wdata/U_fifo_mem/mem_reg | 63 x 9(READ_FIRST)     | W |   | 63 x 9(WRITE_FIRST)    |   | R | Port A and B     | 1      | 0      | 
|inst/gmem0_m_axi_U | load_unit/buff_rdata/U_fifo_mem/mem_reg  | 255 x 34(READ_FIRST)   | W |   | 255 x 34(WRITE_FIRST)  |   | R | Port A and B     | 1      | 0      | 
|inst/gmem1_m_axi_U | load_unit/buff_rdata/U_fifo_mem/mem_reg  | 255 x 34(READ_FIRST)   | W |   | 255 x 34(WRITE_FIRST)  |   | R | Port A and B     | 1      | 0      | 
+-------------------+------------------------------------------+------------------------+---+---+------------------------+---+---+------------------+--------+--------+

---------------------------------------------------------------------------------
Finished ROM, RAM, DSP, Shift Register and Retiming Reporting
---------------------------------------------------------------------------------
---------------------------------------------------------------------------------
Start Technology Mapping
---------------------------------------------------------------------------------
INFO: [Synth 8-7052] The timing for the instance inst/gmem0_m_axi_U/store_unit/buff_wdata/U_fifo_mem/mem_reg (implemented as a Block RAM) might be sub-optimal as no optional output register could be merged into the ram block. Providing additional output register may help in improving timing.
INFO: [Synth 8-7052] The timing for the instance inst/gmem0_m_axi_U/load_unit/buff_rdata/U_fifo_mem/mem_reg (implemented as a Block RAM) might be sub-optimal as no optional output register could be merged into the ram block. Providing additional output register may help in improving timing.
INFO: [Synth 8-7052] The timing for the instance inst/gmem1_m_axi_U/load_unit/buff_rdata/U_fifo_mem/mem_reg (implemented as a Block RAM) might be sub-optimal as no optional output register could be merged into the ram block. Providing additional output register may help in improving timing.
---------------------------------------------------------------------------------
Finished Technology Mapping : Time (s): cpu = 00:00:20 ; elapsed = 00:00:20 . Memory (MB): peak = 2611.938 ; gain = 699.312 ; free physical = 8003 ; free virtual = 53663
---------------------------------------------------------------------------------
---------------------------------------------------------------------------------
Start IO Insertion
---------------------------------------------------------------------------------
---------------------------------------------------------------------------------
Start Flattening Before IO Insertion
---------------------------------------------------------------------------------
---------------------------------------------------------------------------------
Finished Flattening Before IO Insertion
---------------------------------------------------------------------------------
---------------------------------------------------------------------------------
Start Final Netlist Cleanup
---------------------------------------------------------------------------------
---------------------------------------------------------------------------------
Finished Final Netlist Cleanup
---------------------------------------------------------------------------------
---------------------------------------------------------------------------------
Finished IO Insertion : Time (s): cpu = 00:00:22 ; elapsed = 00:00:22 . Memory (MB): peak = 2611.938 ; gain = 699.312 ; free physical = 8003 ; free virtual = 53663
---------------------------------------------------------------------------------
---------------------------------------------------------------------------------
Start Renaming Generated Instances
---------------------------------------------------------------------------------
---------------------------------------------------------------------------------
Finished Renaming Generated Instances : Time (s): cpu = 00:00:22 ; elapsed = 00:00:22 . Memory (MB): peak = 2611.938 ; gain = 699.312 ; free physical = 8003 ; free virtual = 53663
---------------------------------------------------------------------------------
---------------------------------------------------------------------------------
Start Rebuilding User Hierarchy
---------------------------------------------------------------------------------
---------------------------------------------------------------------------------
Finished Rebuilding User Hierarchy : Time (s): cpu = 00:00:22 ; elapsed = 00:00:22 . Memory (MB): peak = 2611.938 ; gain = 699.312 ; free physical = 8003 ; free virtual = 53663
---------------------------------------------------------------------------------
---------------------------------------------------------------------------------
Start Renaming Generated Ports
---------------------------------------------------------------------------------
---------------------------------------------------------------------------------
Finished Renaming Generated Ports : Time (s): cpu = 00:00:22 ; elapsed = 00:00:22 . Memory (MB): peak = 2611.938 ; gain = 699.312 ; free physical = 8003 ; free virtual = 53663
---------------------------------------------------------------------------------
---------------------------------------------------------------------------------
Start Handling Custom Attributes
---------------------------------------------------------------------------------
---------------------------------------------------------------------------------
Finished Handling Custom Attributes : Time (s): cpu = 00:00:22 ; elapsed = 00:00:23 . Memory (MB): peak = 2611.938 ; gain = 699.312 ; free physical = 8003 ; free virtual = 53663
---------------------------------------------------------------------------------
---------------------------------------------------------------------------------
Start Renaming Generated Nets
---------------------------------------------------------------------------------
---------------------------------------------------------------------------------
Finished Renaming Generated Nets : Time (s): cpu = 00:00:22 ; elapsed = 00:00:23 . Memory (MB): peak = 2611.938 ; gain = 699.312 ; free physical = 8003 ; free virtual = 53663
---------------------------------------------------------------------------------
---------------------------------------------------------------------------------
Start ROM, RAM, DSP, Shift Register and Retiming Reporting
---------------------------------------------------------------------------------

Static Shift Register Report:
+------------+-------------------------------------------+--------+-------+--------------+--------------------+-------------------+--------+---------+
|Module Name | RTL Name                                  | Length | Width | Reset Signal | Pull out first Reg | Pull out last Reg | SRL16E | SRLC32E | 
+------------+-------------------------------------------+--------+-------+--------------+--------------------+-------------------+--------+---------+
|kernel      | icmp_ln25_2_reg_279_pp0_iter15_reg_reg[0] | 14     | 1     | NO           | NO                 | YES               | 1      | 0       | 
|kernel      | ap_enable_reg_pp0_iter9_reg               | 8      | 1     | YES          | NO                 | YES               | 1      | 0       | 
|kernel      | ap_enable_reg_pp0_iter15_reg              | 4      | 1     | YES          | NO                 | YES               | 1      | 0       | 
+------------+-------------------------------------------+--------+-------+--------------+--------------------+-------------------+--------+---------+


Dynamic Shift Register Report:
+------------+-------------+--------+------------+--------+---------+--------+--------+--------+
|Module Name | RTL Name    | Length | Data Width | SRL16E | SRLC32E | Mux F7 | Mux F8 | Mux F9 | 
+------------+-------------+--------+------------+--------+---------+--------+--------+--------+
|dsrl        | mem_reg[14] | 34     | 34         | 34     | 0       | 0      | 0      | 0      | 
|dsrl__1     | mem_reg[5]  | 96     | 96         | 96     | 0       | 0      | 0      | 0      | 
|dsrl__2     | mem_reg[14] | 1      | 1          | 1      | 0       | 0      | 0      | 0      | 
|dsrl__3     | mem_reg[5]  | 1      | 1          | 1      | 0       | 0      | 0      | 0      | 
|dsrl__4     | mem_reg[14] | 4      | 4          | 4      | 0       | 0      | 0      | 0      | 
|dsrl__5     | mem_reg[14] | 8      | 8          | 8      | 0       | 0      | 0      | 0      | 
|dsrl__6     | mem_reg[14] | 72     | 72         | 72     | 0       | 0      | 0      | 0      | 
|dsrl__7     | mem_reg[14] | 37     | 37         | 37     | 0       | 0      | 0      | 0      | 
|dsrl__8     | mem_reg[14] | 34     | 34         | 34     | 0       | 0      | 0      | 0      | 
|dsrl__9     | mem_reg[5]  | 96     | 96         | 96     | 0       | 0      | 0      | 0      | 
|dsrl__10    | mem_reg[14] | 1      | 1          | 1      | 0       | 0      | 0      | 0      | 
|dsrl__11    | mem_reg[5]  | 1      | 1          | 1      | 0       | 0      | 0      | 0      | 
|dsrl__12    | mem_reg[14] | 4      | 4          | 4      | 0       | 0      | 0      | 0      | 
|dsrl__13    | mem_reg[14] | 8      | 8          | 8      | 0       | 0      | 0      | 0      | 
|dsrl__14    | mem_reg[14] | 72     | 72         | 72     | 0       | 0      | 0      | 0      | 
|dsrl__15    | mem_reg[14] | 37     | 37         | 37     | 0       | 0      | 0      | 0      | 
+------------+-------------+--------+------------+--------+---------+--------+--------+--------+

---------------------------------------------------------------------------------
Finished ROM, RAM, DSP, Shift Register and Retiming Reporting
---------------------------------------------------------------------------------
---------------------------------------------------------------------------------
Start Writing Synthesis Report
---------------------------------------------------------------------------------

Report BlackBoxes: 
+-+--------------+----------+
| |BlackBox name |Instances |
+-+--------------+----------+
+-+--------------+----------+

Report Cell Usage: 
+------+---------+------+
|      |Cell     |Count |
+------+---------+------+
|1     |CARRY4   |   209|
|2     |LUT1     |   158|
|3     |LUT2     |   241|
|4     |LUT3     |   832|
|5     |LUT4     |   689|
|6     |LUT5     |   221|
|7     |LUT6     |   453|
|8     |MUXF7    |     1|
|9     |RAMB18E1 |     3|
|11    |SRL16E   |   441|
|12    |FDRE     |  3610|
|13    |FDSE     |     9|
+------+---------+------+
---------------------------------------------------------------------------------
Finished Writing Synthesis Report : Time (s): cpu = 00:00:22 ; elapsed = 00:00:23 . Memory (MB): peak = 2611.938 ; gain = 699.312 ; free physical = 8003 ; free virtual = 53663
---------------------------------------------------------------------------------
Synthesis finished with 0 errors, 0 critical warnings and 24 warnings.
Synthesis Optimization Runtime : Time (s): cpu = 00:00:20 ; elapsed = 00:00:21 . Memory (MB): peak = 2611.938 ; gain = 548.496 ; free physical = 8003 ; free virtual = 53663
Synthesis Optimization Complete : Time (s): cpu = 00:00:22 ; elapsed = 00:00:23 . Memory (MB): peak = 2611.938 ; gain = 699.312 ; free physical = 8003 ; free virtual = 53663
INFO: [Project 1-571] Translating synthesized netlist
Netlist sorting complete. Time (s): cpu = 00:00:00.04 ; elapsed = 00:00:00.04 . Memory (MB): peak = 2611.938 ; gain = 0.000 ; free physical = 8292 ; free virtual = 53952
INFO: [Netlist 29-17] Analyzing 213 Unisim elements for replacement
INFO: [Netlist 29-28] Unisim Transformation completed in 0 CPU seconds
INFO: [Project 1-570] Preparing netlist for logic optimization
INFO: [Opt 31-138] Pushed 0 inverter(s) to 0 load pin(s).
Netlist sorting complete. Time (s): cpu = 00:00:00 ; elapsed = 00:00:00 . Memory (MB): peak = 2611.938 ; gain = 0.000 ; free physical = 8292 ; free virtual = 53951
INFO: [Project 1-111] Unisim Transformation Summary:
No Unisim elements were transformed.

Synth Design complete | Checksum: e9340695
INFO: [Common 17-83] Releasing license: Synthesis
178 Infos, 46 Warnings, 0 Critical Warnings and 0 Errors encountered.
synth_design completed successfully
synth_design: Time (s): cpu = 00:00:27 ; elapsed = 00:00:25 . Memory (MB): peak = 2611.938 ; gain = 1076.945 ; free physical = 8291 ; free virtual = 53951
INFO: [Common 17-2834] synth_design peak Physical Memory [PSS] (MB): overall = 2009.261; main = 1672.903; forked = 386.084
INFO: [Common 17-2834] synth_design peak Virtual Memory [VSS] (MB): overall = 4206.383; main = 2611.906; forked = 1626.492
Write ShapeDB Complete: Time (s): cpu = 00:00:00.01 ; elapsed = 00:00:00.01 . Memory (MB): peak = 2635.914 ; gain = 0.000 ; free physical = 8291 ; free virtual = 53951
INFO: [Common 17-1381] The checkpoint '/home/gme/guilherme.manske/hls/template/solution1/impl/verilog/project.runs/bd_0_hls_inst_0_synth_1/bd_0_hls_inst_0.dcp' has been generated.
INFO: [Coretcl 2-1648] Added synthesis output to IP cache for IP bd_0_hls_inst_0, cache-ID = 2d7d65dfefff3f44
INFO: [Coretcl 2-1174] Renamed 58 cell refs.
Write ShapeDB Complete: Time (s): cpu = 00:00:00.01 ; elapsed = 00:00:00.01 . Memory (MB): peak = 2635.914 ; gain = 0.000 ; free physical = 8284 ; free virtual = 53951
INFO: [Common 17-1381] The checkpoint '/home/gme/guilherme.manske/hls/template/solution1/impl/verilog/project.runs/bd_0_hls_inst_0_synth_1/bd_0_hls_inst_0.dcp' has been generated.
INFO: [runtcl-4] Executing : report_utilization -file bd_0_hls_inst_0_utilization_synth.rpt -pb bd_0_hls_inst_0_utilization_synth.pb
INFO: [Common 17-206] Exiting Vivado at Tue Jan  7 14:21:16 2025...
