###############################################################
#  Generated by:      Cadence Innovus 23.32-s091_1
#  OS:                Linux x86_64(Host ID cadmicro-inf-el8-623207)
#  Generated on:      Fri Apr 11 15:45:23 2025
#  Design:            ladner_fischer_32bits
#  Command:           report_timing > reports/report_timing.rpt
###############################################################
Path 1: VIOLATED Path Delay Check
Endpoint:   S[27] (^)
Beginpoint: B[8]  (v) triggered by  leading edge of '@'
Path Groups: {default}
Analysis View: default_emulate_view
- External Delay                0.000
+ Path Delay                    1.760
= Required Time                 1.760
- Arrival Time                  1.808
= Slack Time                   -0.048
     Clock Rise Edge                      0.000
     + Input Delay                        0.000
     = Beginpoint Arrival Time            0.000
     +---------------------------------------------------------------------------------------------------------------+ 
     |                 Instance                 |    Arc     |           Cell           | Delay | Arrival | Required | 
     |                                          |            |                          |       |  Time   |   Time   | 
     |------------------------------------------+------------+--------------------------+-------+---------+----------| 
     |                                          | B[8] v     |                          |       |   0.000 |   -0.048 | 
     | GENERATE_PROPAGATE[8].PROPAGATE/g2__5477 | A v -> X v | sky130_fd_sc_hd__xor2_4  | 0.451 |   0.451 |    0.403 | 
     | LEVEL_1[9].B1/PROPAGATE/g11__6131        | B v -> X v | sky130_fd_sc_hd__and2_4  | 0.214 |   0.665 |    0.617 | 
     | LEVEL_2[11].B2/PROPAGATE/g11__7482       | A v -> X v | sky130_fd_sc_hd__and2_4  | 0.135 |   0.800 |    0.753 | 
     | LEVEL_3[15].B3/PROPAGATE/g11__5122       | A v -> X v | sky130_fd_sc_hd__and2_4  | 0.143 |   0.943 |    0.895 | 
     | LEVEL_4[31].B6/PROPAGATE/g11__6131       | B v -> X v | sky130_fd_sc_hd__and2_4  | 0.202 |   1.145 |    1.098 | 
     | LEVEL_5[25].B7/PROPAGATE/g11__5107       | A v -> X v | sky130_fd_sc_hd__and2_4  | 0.147 |   1.292 |    1.245 | 
     | LEVEL_6[26].B8/PROPAGATE/g11__7098       | A v -> X v | sky130_fd_sc_hd__and2_4  | 0.136 |   1.428 |    1.381 | 
     | C26/g2__8246                             | A v -> Y ^ | sky130_fd_sc_hd__nand2_4 | 0.055 |   1.483 |    1.436 | 
     | C26/g19__5122                            | A ^ -> Y v | sky130_fd_sc_hd__nand2_4 | 0.087 |   1.570 |    1.522 | 
     | S27/g19                                  | A v -> Y ^ | sky130_fd_sc_hd__inv_4   | 0.063 |   1.633 |    1.585 | 
     | S27/g17__5107                            | A ^ -> Y v | sky130_fd_sc_hd__nand2_4 | 0.054 |   1.686 |    1.639 | 
     | S27/g15__5477                            | B v -> Y ^ | sky130_fd_sc_hd__nand2_8 | 0.120 |   1.807 |    1.759 | 
     |                                          | S[27] ^    |                          | 0.001 |   1.808 |    1.760 | 
     +---------------------------------------------------------------------------------------------------------------+ 

