    Hinst Name                    Module Name          Inst Count           Total Area
-----------------------------------------------------------------------------------
ladner_fischer_32bits                                         528             3585.939
  C0                              carry                         1                7.507
  C1                              carry_465                     1                7.507
  C10                             carry_456                     3               11.261
  C11                             carry_455                     1                7.507
  C12                             carry_454                     3               11.261
  C13                             carry_453                     1                7.507
  C14                             carry_452                     3               13.763
  C15                             carry_451                     1                7.507
  C16                             carry_450                     3               16.266
  C17                             carry_449                     3               13.763
  C18                             carry_448                     3               26.275
  C19                             carry_447                     3               13.763
  C2                              carry_464                     1                7.507
  C20                             carry_446                     3               26.275
  C21                             carry_445                     3               13.763
  C22                             carry_444                     3               26.275
  C23                             carry_443                     3               13.763
  C24                             carry_442                     3               26.275
  C25                             carry_441                     3               11.261
  C26                             carry_440                     3               26.275
  C27                             carry_439                     3               11.261
  C28                             carry_438                     3               26.275
  C29                             carry_437                     3               13.763
  C3                              carry_463                     1                7.507
  C30                             carry_436                     3               26.275
  C31                             carry_435                     1                8.758
  C4                              carry_462                     1                7.507
  C5                              carry_461                     1                7.507
  C6                              carry_460                     1                7.507
  C7                              carry_459                     1                7.507
  C8                              carry_458                     1                7.507
  C9                              carry_457                     1                7.507
  GENERATE_PROPAGATE[0].GENERATE  generate_i                    3               11.261
  GENERATE_PROPAGATE[0].PROPAGATE propagate_i                   5               31.280
  GENERATE_PROPAGATE[10].GENERATE generate_i_487                1                8.758
  GENERATE_PROPAGATE[10].PROPAGATE propagate_i_580               5               18.768
  GENERATE_PROPAGATE[11].GENERATE generate_i_486                1                6.256
  GENERATE_PROPAGATE[11].PROPAGATE propagate_i_579               5               18.768
  GENERATE_PROPAGATE[12].GENERATE generate_i_485                1                6.256
  GENERATE_PROPAGATE[12].PROPAGATE propagate_i_578               5               18.768
  GENERATE_PROPAGATE[13].GENERATE generate_i_484                1                6.256
  GENERATE_PROPAGATE[13].PROPAGATE propagate_i_577               5               18.768
  GENERATE_PROPAGATE[14].GENERATE generate_i_483                1                8.758
  GENERATE_PROPAGATE[14].PROPAGATE propagate_i_576               5               23.773
  GENERATE_PROPAGATE[15].GENERATE generate_i_482                1                6.256
  GENERATE_PROPAGATE[15].PROPAGATE propagate_i_575               5               18.768
  GENERATE_PROPAGATE[16].GENERATE generate_i_481                1                8.758
  GENERATE_PROPAGATE[16].PROPAGATE propagate_i_574               1               27.526
  GENERATE_PROPAGATE[17].GENERATE generate_i_480                1                6.256
  GENERATE_PROPAGATE[17].PROPAGATE propagate_i_573               5               21.270
  GENERATE_PROPAGATE[18].GENERATE generate_i_479                1                8.758
  GENERATE_PROPAGATE[18].PROPAGATE propagate_i_572               5               31.280
  GENERATE_PROPAGATE[19].GENERATE generate_i_478                1                6.256
  GENERATE_PROPAGATE[19].PROPAGATE propagate_i_571               5               21.270
  GENERATE_PROPAGATE[1].GENERATE  generate_i_496                1                6.256
  GENERATE_PROPAGATE[1].PROPAGATE propagate_i_589               4               27.526
  GENERATE_PROPAGATE[20].GENERATE generate_i_477                1                6.256
  GENERATE_PROPAGATE[20].PROPAGATE propagate_i_570               1               27.526
  GENERATE_PROPAGATE[21].GENERATE generate_i_476                1                6.256
  GENERATE_PROPAGATE[21].PROPAGATE propagate_i_569               5               18.768
  GENERATE_PROPAGATE[22].GENERATE generate_i_475                3               11.261
  GENERATE_PROPAGATE[22].PROPAGATE propagate_i_568               5               23.773
  GENERATE_PROPAGATE[23].GENERATE generate_i_474                1                6.256
  GENERATE_PROPAGATE[23].PROPAGATE propagate_i_567               4               27.526
  GENERATE_PROPAGATE[24].GENERATE generate_i_473                1                8.758
  GENERATE_PROPAGATE[24].PROPAGATE propagate_i_566               5               31.280
  GENERATE_PROPAGATE[25].GENERATE generate_i_472                1                6.256
  GENERATE_PROPAGATE[25].PROPAGATE propagate_i_565               4               30.029
  GENERATE_PROPAGATE[26].GENERATE generate_i_471                3               11.261
  GENERATE_PROPAGATE[26].PROPAGATE propagate_i_564               5               31.280
  GENERATE_PROPAGATE[27].GENERATE generate_i_470                1                6.256
  GENERATE_PROPAGATE[27].PROPAGATE propagate_i_563               5               18.768
  GENERATE_PROPAGATE[28].GENERATE generate_i_469                1                6.256
  GENERATE_PROPAGATE[28].PROPAGATE propagate_i_562               3               16.266
  GENERATE_PROPAGATE[29].GENERATE generate_i_468                1                6.256
  GENERATE_PROPAGATE[29].PROPAGATE propagate_i_561               3               18.768
  GENERATE_PROPAGATE[2].GENERATE  generate_i_495                3               11.261
  GENERATE_PROPAGATE[2].PROPAGATE propagate_i_588               1               27.526
  GENERATE_PROPAGATE[30].GENERATE generate_i_467                1                6.256
  GENERATE_PROPAGATE[30].PROPAGATE propagate_i_560               1                8.758
  GENERATE_PROPAGATE[31].GENERATE generate_i_466                1                6.256
  GENERATE_PROPAGATE[31].PROPAGATE propagate_i_559               1               15.014
  GENERATE_PROPAGATE[3].GENERATE  generate_i_494                1                6.256
  GENERATE_PROPAGATE[3].PROPAGATE propagate_i_587               5               21.270
  GENERATE_PROPAGATE[4].GENERATE  generate_i_493                3               11.261
  GENERATE_PROPAGATE[4].PROPAGATE propagate_i_586               5               23.773
  GENERATE_PROPAGATE[5].GENERATE  generate_i_492                1                6.256
  GENERATE_PROPAGATE[5].PROPAGATE propagate_i_585               5               18.768
  GENERATE_PROPAGATE[6].GENERATE  generate_i_491                1                8.758
  GENERATE_PROPAGATE[6].PROPAGATE propagate_i_584               5               18.768
  GENERATE_PROPAGATE[7].GENERATE  generate_i_490                1                6.256
  GENERATE_PROPAGATE[7].PROPAGATE propagate_i_583               5               18.768
  GENERATE_PROPAGATE[8].GENERATE  generate_i_489                1                8.758
  GENERATE_PROPAGATE[8].PROPAGATE propagate_i_582               1               27.526
  GENERATE_PROPAGATE[9].GENERATE  generate_i_488                1                6.256
  GENERATE_PROPAGATE[9].PROPAGATE propagate_i_581               5               18.768
  LEVEL_1[11].B1                  bolinha_430                   2               16.266
    LEVEL_1[11].B1/GENERATE       generate_ij_554               1                7.507
    LEVEL_1[11].B1/PROPAGATE      propagate_ij_647              1                8.758
  LEVEL_1[13].B1                  bolinha_429                   3               20.019
    LEVEL_1[13].B1/GENERATE       generate_ij_553               2               11.261
    LEVEL_1[13].B1/PROPAGATE      propagate_ij_646              1                8.758
  LEVEL_1[15].B1                  bolinha_428                   2               16.266
    LEVEL_1[15].B1/GENERATE       generate_ij_552               1                7.507
    LEVEL_1[15].B1/PROPAGATE      propagate_ij_645              1                8.758
  LEVEL_1[17].B1                  bolinha_427                   2               16.266
    LEVEL_1[17].B1/GENERATE       generate_ij_551               1                7.507
    LEVEL_1[17].B1/PROPAGATE      propagate_ij_644              1                8.758
  LEVEL_1[19].B1                  bolinha_426                   2               16.266
    LEVEL_1[19].B1/GENERATE       generate_ij_550               1                7.507
    LEVEL_1[19].B1/PROPAGATE      propagate_ij_643              1                8.758
  LEVEL_1[1].B1                   bolinha                       5               25.024
    LEVEL_1[1].B1/GENERATE        generate_ij                   3               13.763
    LEVEL_1[1].B1/PROPAGATE       propagate_ij                  2               11.261
  LEVEL_1[21].B1                  bolinha_425                   2               16.266
    LEVEL_1[21].B1/GENERATE       generate_ij_549               1                7.507
    LEVEL_1[21].B1/PROPAGATE      propagate_ij_642              1                8.758
  LEVEL_1[23].B1                  bolinha_424                   2               16.266
    LEVEL_1[23].B1/GENERATE       generate_ij_548               1                7.507
    LEVEL_1[23].B1/PROPAGATE      propagate_ij_641              1                8.758
  LEVEL_1[25].B1                  bolinha_423                   2               16.266
    LEVEL_1[25].B1/GENERATE       generate_ij_547               1                7.507
    LEVEL_1[25].B1/PROPAGATE      propagate_ij_640              1                8.758
  LEVEL_1[27].B1                  bolinha_422                   2               13.763
    LEVEL_1[27].B1/GENERATE       generate_ij_546               1                7.507
    LEVEL_1[27].B1/PROPAGATE      propagate_ij_639              1                6.256
  LEVEL_1[29].B1                  bolinha_421                   2               13.763
    LEVEL_1[29].B1/GENERATE       generate_ij_545               1                7.507
    LEVEL_1[29].B1/PROPAGATE      propagate_ij_638              1                6.256
  LEVEL_1[31].B1                  bolinha_420                   2               13.763
    LEVEL_1[31].B1/GENERATE       generate_ij_544               1                7.507
    LEVEL_1[31].B1/PROPAGATE      propagate_ij_637              1                6.256
  LEVEL_1[3].B1                   bolinha_434                   3               17.517
    LEVEL_1[3].B1/GENERATE        generate_ij_558               1                7.507
    LEVEL_1[3].B1/PROPAGATE       propagate_ij_651              2               10.010
  LEVEL_1[5].B1                   bolinha_433                   2               16.266
    LEVEL_1[5].B1/GENERATE        generate_ij_557               1                7.507
    LEVEL_1[5].B1/PROPAGATE       propagate_ij_650              1                8.758
  LEVEL_1[7].B1                   bolinha_432                   2               16.266
    LEVEL_1[7].B1/GENERATE        generate_ij_556               1                7.507
    LEVEL_1[7].B1/PROPAGATE       propagate_ij_649              1                8.758
  LEVEL_1[9].B1                   bolinha_431                   2               16.266
    LEVEL_1[9].B1/GENERATE        generate_ij_555               1                7.507
    LEVEL_1[9].B1/PROPAGATE       propagate_ij_648              1                8.758
  LEVEL_2[11].B2                  bolinha_417                   3               18.768
    LEVEL_2[11].B2/GENERATE       generate_ij_541               2               10.010
    LEVEL_2[11].B2/PROPAGATE      propagate_ij_634              1                8.758
  LEVEL_2[15].B2                  bolinha_416                   2               16.266
    LEVEL_2[15].B2/GENERATE       generate_ij_540               1                7.507
    LEVEL_2[15].B2/PROPAGATE      propagate_ij_633              1                8.758
  LEVEL_2[19].B2                  bolinha_415                   3               28.778
    LEVEL_2[19].B2/GENERATE       generate_ij_539               2               20.019
    LEVEL_2[19].B2/PROPAGATE      propagate_ij_632              1                8.758
  LEVEL_2[23].B2                  bolinha_414                   3               18.768
    LEVEL_2[23].B2/GENERATE       generate_ij_538               2               10.010
    LEVEL_2[23].B2/PROPAGATE      propagate_ij_631              1                8.758
  LEVEL_2[27].B2                  bolinha_413                   3               18.768
    LEVEL_2[27].B2/GENERATE       generate_ij_537               2               10.010
    LEVEL_2[27].B2/PROPAGATE      propagate_ij_630              1                8.758
  LEVEL_2[31].B2                  bolinha_412                   2               13.763
    LEVEL_2[31].B2/GENERATE       generate_ij_536               1                7.507
    LEVEL_2[31].B2/PROPAGATE      propagate_ij_629              1                6.256
  LEVEL_2[3].B2                   bolinha_419                   5               37.536
    LEVEL_2[3].B2/GENERATE        generate_ij_543               3               21.270
    LEVEL_2[3].B2/PROPAGATE       propagate_ij_636              2               16.266
  LEVEL_2[7].B2                   bolinha_418                   3               26.275
    LEVEL_2[7].B2/GENERATE        generate_ij_542               2               17.517
    LEVEL_2[7].B2/PROPAGATE       propagate_ij_635              1                8.758
  LEVEL_3[15].B3                  bolinha_409                   4               22.522
    LEVEL_3[15].B3/GENERATE       generate_ij_533               3               13.763
    LEVEL_3[15].B3/PROPAGATE      propagate_ij_626              1                8.758
  LEVEL_3[15].B4                  bolinha_408                   2               13.763
    LEVEL_3[15].B4/GENERATE       generate_ij_532               1                7.507
    LEVEL_3[15].B4/PROPAGATE      propagate_ij_625              1                6.256
  LEVEL_3[23].B3                  bolinha_407                   3               26.275
    LEVEL_3[23].B3/GENERATE       generate_ij_531               2               17.517
    LEVEL_3[23].B3/PROPAGATE      propagate_ij_624              1                8.758
  LEVEL_3[23].B4                  bolinha_406                   2               13.763
    LEVEL_3[23].B4/GENERATE       generate_ij_530               1                7.507
    LEVEL_3[23].B4/PROPAGATE      propagate_ij_623              1                6.256
  LEVEL_3[31].B3                  bolinha_405                   2               13.763
    LEVEL_3[31].B3/GENERATE       generate_ij_529               1                7.507
    LEVEL_3[31].B3/PROPAGATE      propagate_ij_622              1                6.256
  LEVEL_3[31].B4                  bolinha_404                   2               16.266
    LEVEL_3[31].B4/GENERATE       generate_ij_528               1                7.507
    LEVEL_3[31].B4/PROPAGATE      propagate_ij_621              1                8.758
  LEVEL_3[7].B3                   bolinha_411                   4               31.280
    LEVEL_3[7].B3/GENERATE        generate_ij_535               3               22.522
    LEVEL_3[7].B3/PROPAGATE       propagate_ij_628              1                8.758
  LEVEL_3[7].B4                   bolinha_410                   2               13.763
    LEVEL_3[7].B4/GENERATE        generate_ij_534               1                7.507
    LEVEL_3[7].B4/PROPAGATE       propagate_ij_627              1                6.256
  LEVEL_4[25].B5                  bolinha_403                   3               18.768
    LEVEL_4[25].B5/GENERATE       generate_ij_527               2               10.010
    LEVEL_4[25].B5/PROPAGATE      propagate_ij_620              1                8.758
  LEVEL_4[25].B6                  bolinha_402                   2               13.763
    LEVEL_4[25].B6/GENERATE       generate_ij_526               1                7.507
    LEVEL_4[25].B6/PROPAGATE      propagate_ij_619              1                6.256
  LEVEL_4[27].B5                  bolinha_401                   3               18.768
    LEVEL_4[27].B5/GENERATE       generate_ij_525               2               10.010
    LEVEL_4[27].B5/PROPAGATE      propagate_ij_618              1                8.758
  LEVEL_4[27].B6                  bolinha_400                   3               17.517
    LEVEL_4[27].B6/GENERATE       generate_ij_524               2               11.261
    LEVEL_4[27].B6/PROPAGATE      propagate_ij_617              1                6.256
  LEVEL_4[29].B5                  bolinha_399                   3               18.768
    LEVEL_4[29].B5/GENERATE       generate_ij_523               2               10.010
    LEVEL_4[29].B5/PROPAGATE      propagate_ij_616              1                8.758
  LEVEL_4[29].B6                  bolinha_398                   2               13.763
    LEVEL_4[29].B6/GENERATE       generate_ij_522               1                7.507
    LEVEL_4[29].B6/PROPAGATE      propagate_ij_615              1                6.256
  LEVEL_4[31].B5                  bolinha_397                   2               13.763
    LEVEL_4[31].B5/GENERATE       generate_ij_521               1                7.507
    LEVEL_4[31].B5/PROPAGATE      propagate_ij_614              1                6.256
  LEVEL_4[31].B6                  bolinha_396                   4               48.797
    LEVEL_4[31].B6/GENERATE       generate_ij_520               3               40.038
    LEVEL_4[31].B6/PROPAGATE      propagate_ij_613              1                8.758
  LEVEL_5[17].B7                  bolinha_395                   3               23.773
    LEVEL_5[17].B7/GENERATE       generate_ij_519               2               15.014
    LEVEL_5[17].B7/PROPAGATE      propagate_ij_612              1                8.758
  LEVEL_5[19].B7                  bolinha_394                   3               23.773
    LEVEL_5[19].B7/GENERATE       generate_ij_518               2               15.014
    LEVEL_5[19].B7/PROPAGATE      propagate_ij_611              1                8.758
  LEVEL_5[21].B7                  bolinha_393                   3               28.778
    LEVEL_5[21].B7/GENERATE       generate_ij_517               2               20.019
    LEVEL_5[21].B7/PROPAGATE      propagate_ij_610              1                8.758
  LEVEL_5[23].B7                  bolinha_392                   4               27.526
    LEVEL_5[23].B7/GENERATE       generate_ij_516               2               15.014
    LEVEL_5[23].B7/PROPAGATE      propagate_ij_609              2               12.512
  LEVEL_5[25].B7                  bolinha_391                   3               28.778
    LEVEL_5[25].B7/GENERATE       generate_ij_515               2               20.019
    LEVEL_5[25].B7/PROPAGATE      propagate_ij_608              1                8.758
  LEVEL_5[27].B7                  bolinha_390                   3               28.778
    LEVEL_5[27].B7/GENERATE       generate_ij_514               2               20.019
    LEVEL_5[27].B7/PROPAGATE      propagate_ij_607              1                8.758
  LEVEL_5[29].B7                  bolinha_389                   3               28.778
    LEVEL_5[29].B7/GENERATE       generate_ij_513               2               20.019
    LEVEL_5[29].B7/PROPAGATE      propagate_ij_606              1                8.758
  LEVEL_5[31].B7                  bolinha_388                   2               13.763
    LEVEL_5[31].B7/GENERATE       generate_ij_512               1                7.507
    LEVEL_5[31].B7/PROPAGATE      propagate_ij_605              1                6.256
  LEVEL_6[10].B8                  bolinha_383                   2               13.763
    LEVEL_6[10].B8/GENERATE       generate_ij_507               1                7.507
    LEVEL_6[10].B8/PROPAGATE      propagate_ij_600              1                6.256
  LEVEL_6[12].B8                  bolinha_382                   2               13.763
    LEVEL_6[12].B8/GENERATE       generate_ij_506               1                7.507
    LEVEL_6[12].B8/PROPAGATE      propagate_ij_599              1                6.256
  LEVEL_6[14].B8                  bolinha_381                   3               17.517
    LEVEL_6[14].B8/GENERATE       generate_ij_505               2               11.261
    LEVEL_6[14].B8/PROPAGATE      propagate_ij_598              1                6.256
  LEVEL_6[16].B8                  bolinha_380                   2               13.763
    LEVEL_6[16].B8/GENERATE       generate_ij_504               1                7.507
    LEVEL_6[16].B8/PROPAGATE      propagate_ij_597              1                6.256
  LEVEL_6[18].B8                  bolinha_379                   4               25.024
    LEVEL_6[18].B8/GENERATE       generate_ij_503               3               16.266
    LEVEL_6[18].B8/PROPAGATE      propagate_ij_596              1                8.758
  LEVEL_6[20].B8                  bolinha_378                   4               25.024
    LEVEL_6[20].B8/GENERATE       generate_ij_502               3               16.266
    LEVEL_6[20].B8/PROPAGATE      propagate_ij_595              1                8.758
  LEVEL_6[22].B8                  bolinha_377                   4               25.024
    LEVEL_6[22].B8/GENERATE       generate_ij_501               3               16.266
    LEVEL_6[22].B8/PROPAGATE      propagate_ij_594              1                8.758
  LEVEL_6[24].B8                  bolinha_376                   4               25.024
    LEVEL_6[24].B8/GENERATE       generate_ij_500               3               16.266
    LEVEL_6[24].B8/PROPAGATE      propagate_ij_593              1                8.758
  LEVEL_6[26].B8                  bolinha_375                   4               25.024
    LEVEL_6[26].B8/GENERATE       generate_ij_499               3               16.266
    LEVEL_6[26].B8/PROPAGATE      propagate_ij_592              1                8.758
  LEVEL_6[28].B8                  bolinha_374                   4               25.024
    LEVEL_6[28].B8/GENERATE       generate_ij_498               3               16.266
    LEVEL_6[28].B8/PROPAGATE      propagate_ij_591              1                8.758
  LEVEL_6[2].B8                   bolinha_387                   2               13.763
    LEVEL_6[2].B8/GENERATE        generate_ij_511               1                7.507
    LEVEL_6[2].B8/PROPAGATE       propagate_ij_604              1                6.256
  LEVEL_6[30].B8                  bolinha_373                   4               25.024
    LEVEL_6[30].B8/GENERATE       generate_ij_497               3               16.266
    LEVEL_6[30].B8/PROPAGATE      propagate_ij_590              1                8.758
  LEVEL_6[4].B8                   bolinha_386                   2               13.763
    LEVEL_6[4].B8/GENERATE        generate_ij_510               1                7.507
    LEVEL_6[4].B8/PROPAGATE       propagate_ij_603              1                6.256
  LEVEL_6[6].B8                   bolinha_385                   3               16.266
    LEVEL_6[6].B8/GENERATE        generate_ij_509               2               10.010
    LEVEL_6[6].B8/PROPAGATE       propagate_ij_602              1                6.256
  LEVEL_6[8].B8                   bolinha_384                   2               13.763
    LEVEL_6[8].B8/GENERATE        generate_ij_508               1                7.507
    LEVEL_6[8].B8/PROPAGATE       propagate_ij_601              1                6.256
  S0                              soutput                       1               12.512
  S1                              soutput_682                   1                8.758
  S10                             soutput_673                   2               15.014
  S11                             soutput_672                   2               23.773
  S12                             soutput_671                   2               15.014
  S13                             soutput_670                   2               23.773
  S14                             soutput_669                   2               18.768
  S15                             soutput_668                   2               23.773
  S16                             soutput_667                   2               30.029
  S17                             soutput_666                   2               23.773
  S18                             soutput_665                   2               23.773
  S19                             soutput_664                   5               45.043
  S2                              soutput_681                   1                8.758
  S20                             soutput_663                   2               23.773
  S21                             soutput_662                   5               45.043
  S22                             soutput_661                   2               23.773
  S23                             soutput_660                   5               45.043
  S24                             soutput_659                   2               23.773
  S25                             soutput_658                   5               45.043
  S26                             soutput_657                   3               31.280
  S27                             soutput_656                   5               47.546
  S28                             soutput_655                   4               25.024
  S29                             soutput_654                   5               45.043
  S3                              soutput_680                   1               12.512
  S30                             soutput_653                   2               23.773
  S31                             soutput_652                   5               45.043
  S4                              soutput_679                   1               12.512
  S5                              soutput_678                   1               15.014
  S6                              soutput_677                   1               15.014
  S7                              soutput_676                   2               18.768
  S8                              soutput_675                   1               15.014
  S9                              soutput_674                   2               15.014
