============================================================
  Generated by:           Genus(TM) Synthesis Solution 23.12-s086_1
  Generated on:           Apr 14 2025  04:10:10 pm
  Module:                 han_carlson_32bits
  Operating conditions:   tt_025C_1v80 
  Interconnect mode:      global
  Area mode:              physical library
============================================================

Timing
-------
  Cost    Critical         Violating 
 Group   Path Slack  TNS     Paths   
-------------------------------------
default         0.1   0.0          0 
-------------------------------------
Total                 0.0          0 

Instance Count
--------------
Leaf Instance Count             542 
Physical Instance count           0 
Sequential Instance Count         0 
Combinational Instance Count    542 
Hierarchical Instance Count       0 

Area
----
Cell Area                          3811.155
Physical Cell Area                 0.000
Total Cell Area (Cell+Physical)    3811.155
Net Area                           2781.042
Total Area (Cell+Physical+Net)     6592.197

Max Fanout                         6 (n_711)
Min Fanout                         1 (n_0)
Average Fanout                     1.7
Terms to net ratio                 2.5550
Terms to instance ratio            2.8708
Runtime                            18.430302 seconds
Elapsed Runtime                    20 seconds
Genus peak memory usage            1949.76 
Innovus peak memory usage          no_value 
Hostname                           cadmicro-inf-el8-623207
