============================================================
  Generated by:           Genus(TM) Synthesis Solution 23.12-s086_1
  Generated on:           Apr 11 2025  02:09:37 pm
  Module:                 cla_32bits
  Operating conditions:   tt_025C_1v80 
  Interconnect mode:      global
  Area mode:              physical library
============================================================

Timing
-------
  Cost    Critical            Violating 
 Group   Path Slack    TNS      Paths   
----------------------------------------
default       -60.2   -532.1         10 
----------------------------------------
Total                 -532.1         10 

Instance Count
--------------
Leaf Instance Count             708 
Physical Instance count           0 
Sequential Instance Count         0 
Combinational Instance Count    708 
Hierarchical Instance Count     148 

Area
----
Cell Area                          4624.435
Physical Cell Area                 0.000
Total Cell Area (Cell+Physical)    4624.435
Net Area                           3378.950
Total Area (Cell+Physical+Net)     8003.385

Max Fanout                         14 (n_7)
Min Fanout                         0 (G3128)
Average Fanout                     1.6
Terms to net ratio                 2.4556
Terms to instance ratio            2.6949
Runtime                            36.780301 seconds
Elapsed Runtime                    37 seconds
Genus peak memory usage            1902.43 
Innovus peak memory usage          no_value 
Hostname                           cadmicro-inf-el8-623207
