###############################################################
#  Generated by:      Cadence Innovus 23.32-s091_1
#  OS:                Linux x86_64(Host ID cadmicro-inf-el8-623207)
#  Generated on:      Fri Apr 11 14:35:46 2025
#  Design:            cla_16bits
#  Command:           report_timing > reports/report_timing.rpt
###############################################################
Path 1: VIOLATED Path Delay Check
Endpoint:   S[14] (^)
Beginpoint: A[0]  (v) triggered by  leading edge of '@'
Path Groups: {default}
Analysis View: default_emulate_view
- External Delay                0.000
+ Path Delay                    1.606
= Required Time                 1.606
- Arrival Time                  1.639
= Slack Time                   -0.033
     Clock Rise Edge                      0.000
     + Input Delay                        0.000
     = Beginpoint Arrival Time            0.000
     +--------------------------------------------------------------------------------------------------------+ 
     |             Instance              |    Arc     |           Cell           | Delay | Arrival | Required | 
     |                                   |            |                          |       |  Time   |   Time   | 
     |-----------------------------------+------------+--------------------------+-------+---------+----------| 
     |                                   | A[0] v     |                          |       |   0.000 |   -0.033 | 
     | GENERATE_PROPAGATE[0].GENERATE/g2 | B v -> X v | sky130_fd_sc_hd__and2_4  | 0.541 |   0.541 |    0.509 | 
     | CLA1/g663                         | B v -> Y ^ | sky130_fd_sc_hd__nand2_4 | 0.077 |   0.618 |    0.585 | 
     | CLA1/g661                         | A ^ -> Y v | sky130_fd_sc_hd__nand2_4 | 0.052 |   0.670 |    0.637 | 
     | CLA1/g633__660                    | A v -> Y ^ | sky130_fd_sc_hd__nand2_2 | 0.054 |   0.724 |    0.691 | 
     | CLA1/g629__6417                   | A ^ -> Y v | sky130_fd_sc_hd__nand2_2 | 0.064 |   0.788 |    0.755 | 
     | CLA5/g24                          | A v -> Y ^ | sky130_fd_sc_hd__nand2_2 | 0.060 |   0.848 |    0.816 | 
     | CLA5/g23                          | A ^ -> Y v | sky130_fd_sc_hd__nand2_2 | 0.062 |   0.911 |    0.878 | 
     | CLA5/g22                          | A v -> Y ^ | sky130_fd_sc_hd__nand2_2 | 0.076 |   0.987 |    0.954 | 
     | CLA5/g241__251                    | A ^ -> Y v | sky130_fd_sc_hd__nand2_4 | 0.059 |   1.046 |    1.013 | 
     | CLA6/g30                          | A v -> Y ^ | sky130_fd_sc_hd__nand3_2 | 0.060 |   1.106 |    1.073 | 
     | CLA6/g28                          | A ^ -> Y v | sky130_fd_sc_hd__nand2_2 | 0.061 |   1.167 |    1.134 | 
     | FE_PSC8_G1300                     | A v -> X v | sky130_fd_sc_hd__buf_1   | 0.103 |   1.270 |    1.237 | 
     | C13/fopt                          | A v -> Y ^ | sky130_fd_sc_hd__inv_2   | 0.061 |   1.331 |    1.299 | 
     | C13/g19__9945                     | A ^ -> Y v | sky130_fd_sc_hd__nand2_4 | 0.057 |   1.388 |    1.355 | 
     | S14/g20                           | A v -> Y ^ | sky130_fd_sc_hd__inv_4   | 0.064 |   1.452 |    1.419 | 
     | S14/g18                           | A ^ -> Y v | sky130_fd_sc_hd__nand2_4 | 0.055 |   1.507 |    1.474 | 
     | S14/g16                           | A v -> Y ^ | sky130_fd_sc_hd__nand2_8 | 0.131 |   1.638 |    1.605 | 
     |                                   | S[14] ^    |                          | 0.001 |   1.639 |    1.606 | 
     +--------------------------------------------------------------------------------------------------------+ 

