xrun(64): 23.09-s013: (c) Copyright 1995-2024 Cadence Design Systems, Inc.
TOOL:	xrun(64)	23.09-s013: Started on Feb 10, 2025 at 11:25:19 -03
xrun
	-lwdgen
	-access rwc
	-uvm
	-uvmhome /tools/cadence/XCELIUM2309/tools/methodology/UVM/CDNS-1.1d/
	-svseed 100012661
	-coverage all
	-sv
	-f file_list.f
		/home/gme/guilherme.manske/INOVAME/verification/ALU-Project/project-alu-aula6/project-alu/alu_if.sv
		+incdir+/home/gme/guilherme.manske/INOVAME/verification/ALU-Project/project-alu-aula6/project-alu/objects/
		+incdir+/home/gme/guilherme.manske/INOVAME/verification/ALU-Project/project-alu-aula6/project-alu/components/
		/home/gme/guilherme.manske/INOVAME/verification/ALU-Project/project-alu-aula6/project-alu/alu_pkg.sv
		/home/gme/guilherme.manske/INOVAME/verification/ALU-Project/project-alu-aula6/project-alu/alu.v
		/home/gme/guilherme.manske/INOVAME/verification/ALU-Project/project-alu-aula6/project-alu/top_tb.sv
	+UVM_VERBOSITY=UVM_NONE
	+UVM_TESTNAME=alu_test_add

   User defined plus("+") options:
	+UVM_VERBOSITY=UVM_NONE

Loading snapshot worklib.top_tb:sv .................... Done
SVSEED set from command line: 100012661
xcelium> source /tools/cadence/XCELIUM2309/tools/xcelium/files/xmsimrc
xcelium> source /tools/cadence/XCELIUM2309/tools/methodology/UVM/CDNS-1.1d//additions/sv/files/tcl/uvm_sim.tcl
xcelium> run
----------------------------------------------------------------
CDNS-UVM-1.1d (23.09-s013)
(C) 2007-2013 Mentor Graphics Corporation
(C) 2007-2013 Cadence Design Systems, Inc.
(C) 2006-2013 Synopsys, Inc.
(C) 2011-2013 Cypress Semiconductor Corp.
----------------------------------------------------------------

  ***********       IMPORTANT RELEASE NOTES         ************

  You are using a version of the UVM library that has been compiled
  with `UVM_NO_DEPRECATED undefined.
  See http://www.eda.org/svdb/view.php?id=3313 for more details.

  You are using a version of the UVM library that has been compiled
  with `UVM_OBJECT_MUST_HAVE_CONSTRUCTOR undefined.
  See http://www.eda.org/svdb/view.php?id=3770 for more details.

      (Specify +UVM_NO_RELNOTES to turn off this notice)

UVM_INFO @ 0: reporter [RNTST] Running test alu_test_add...
UVM_INFO /home/gme/guilherme.manske/INOVAME/verification/ALU-Project/project-alu-aula6/project-alu/components/alu_base_test.sv(19) @ 0: uvm_test_top [TEST_BUILD] Starting build_phase for uvm_test_top
UVM_INFO /home/gme/guilherme.manske/INOVAME/verification/ALU-Project/project-alu-aula6/project-alu/components/alu_base_test.sv(36) @ 0: uvm_test_top [TEST_BUILD] Finishing build_phase for uvm_test_top
UVM_INFO /home/gme/guilherme.manske/INOVAME/verification/ALU-Project/project-alu-aula6/project-alu/components/alu_env.sv(17) @ 0: uvm_test_top.m_env [START_PHASE] Starting build_phase for uvm_test_top.m_env
UVM_INFO /home/gme/guilherme.manske/INOVAME/verification/ALU-Project/project-alu-aula6/project-alu/components/alu_env.sv(23) @ 0: uvm_test_top.m_env [END_PHASE] Finishing build_phase for uvm_test_top.m_env
UVM_INFO /home/gme/guilherme.manske/INOVAME/verification/ALU-Project/project-alu-aula6/project-alu/components/alu_agent.sv(17) @ 0: uvm_test_top.m_env.m_agt_active [AGT_BUILD] Starting build_phase for uvm_test_top.m_env.m_agt_active
UVM_INFO /home/gme/guilherme.manske/INOVAME/verification/ALU-Project/project-alu-aula6/project-alu/components/alu_agent.sv(29) @ 0: uvm_test_top.m_env.m_agt_active [AGT_BUILD] Finishing build_phase for uvm_test_top.m_env.m_agt_active
UVM_INFO /home/gme/guilherme.manske/INOVAME/verification/ALU-Project/project-alu-aula6/project-alu/components/alu_driver.sv(14) @ 0: uvm_test_top.m_env.m_agt_active.m_drv [START_PHASE] Starting build_phase for uvm_test_top.m_env.m_agt_active.m_drv
UVM_INFO /home/gme/guilherme.manske/INOVAME/verification/ALU-Project/project-alu-aula6/project-alu/components/alu_driver.sv(20) @ 0: uvm_test_top.m_env.m_agt_active.m_drv [END_PHASE] Finishing build_phase for uvm_test_top.m_env.m_agt_active.m_drv
UVM_INFO /home/gme/guilherme.manske/INOVAME/verification/ALU-Project/project-alu-aula6/project-alu/components/alu_monitor.sv(21) @ 0: uvm_test_top.m_env.m_agt_active.m_mon [MON_BUILD] Starting build_phase for uvm_test_top.m_env.m_agt_active.m_mon
UVM_INFO /home/gme/guilherme.manske/INOVAME/verification/ALU-Project/project-alu-aula6/project-alu/components/alu_monitor.sv(32) @ 0: uvm_test_top.m_env.m_agt_active.m_mon [MON_BUILD] Finishing build_phase for uvm_test_top.m_env.m_agt_active.m_mon
UVM_INFO /home/gme/guilherme.manske/INOVAME/verification/ALU-Project/project-alu-aula6/project-alu/components/alu_agent.sv(17) @ 0: uvm_test_top.m_env.m_agt_passive [AGT_BUILD] Starting build_phase for uvm_test_top.m_env.m_agt_passive
UVM_INFO /home/gme/guilherme.manske/INOVAME/verification/ALU-Project/project-alu-aula6/project-alu/components/alu_agent.sv(29) @ 0: uvm_test_top.m_env.m_agt_passive [AGT_BUILD] Finishing build_phase for uvm_test_top.m_env.m_agt_passive
UVM_INFO /home/gme/guilherme.manske/INOVAME/verification/ALU-Project/project-alu-aula6/project-alu/components/alu_monitor.sv(21) @ 0: uvm_test_top.m_env.m_agt_passive.m_mon [MON_BUILD] Starting build_phase for uvm_test_top.m_env.m_agt_passive.m_mon
UVM_INFO /home/gme/guilherme.manske/INOVAME/verification/ALU-Project/project-alu-aula6/project-alu/components/alu_monitor.sv(32) @ 0: uvm_test_top.m_env.m_agt_passive.m_mon [MON_BUILD] Finishing build_phase for uvm_test_top.m_env.m_agt_passive.m_mon
UVM_INFO /home/gme/guilherme.manske/INOVAME/verification/ALU-Project/project-alu-aula6/project-alu/components/alu_agent.sv(36) @ 0: uvm_test_top.m_env.m_agt_active [AGT_CONNECT] Starting connect_phase for uvm_test_top.m_env.m_agt_active
UVM_INFO /home/gme/guilherme.manske/INOVAME/verification/ALU-Project/project-alu-aula6/project-alu/components/alu_agent.sv(42) @ 0: uvm_test_top.m_env.m_agt_active [AGT_CONNECT] Finishing connect_phase for uvm_test_top.m_env.m_agt_active
UVM_INFO /home/gme/guilherme.manske/INOVAME/verification/ALU-Project/project-alu-aula6/project-alu/components/alu_agent.sv(36) @ 0: uvm_test_top.m_env.m_agt_passive [AGT_CONNECT] Starting connect_phase for uvm_test_top.m_env.m_agt_passive
UVM_INFO /home/gme/guilherme.manske/INOVAME/verification/ALU-Project/project-alu-aula6/project-alu/components/alu_agent.sv(42) @ 0: uvm_test_top.m_env.m_agt_passive [AGT_CONNECT] Finishing connect_phase for uvm_test_top.m_env.m_agt_passive
UVM_INFO /home/gme/guilherme.manske/INOVAME/verification/ALU-Project/project-alu-aula6/project-alu/components/alu_base_test.sv(43) @ 0: uvm_test_top [TEST_CONNECT] Starting connect_phase for uvm_test_top
UVM_INFO /home/gme/guilherme.manske/INOVAME/verification/ALU-Project/project-alu-aula6/project-alu/components/alu_base_test.sv(49) @ 0: uvm_test_top [TEST_CONNECT] Finishing connect_phase for uvm_test_top
----------------------------------------------------------------
Name                       Type                      Size  Value
----------------------------------------------------------------
uvm_test_top               alu_test_add              -     @2648
  m_env                    alu_env                   -     @2728
    m_agt_active           alu_agent                 -     @2799
      m_drv                alu_driver                -     @2875
        rsp_port           uvm_analysis_port         -     @2975
        seq_item_port      uvm_seq_item_pull_port    -     @2924
      m_mon                alu_monitor               -     @3592
        mon_analysis_port  uvm_analysis_port         -     @3710
      m_seqr               alu_sequencer             -     @3006
        rsp_export         uvm_analysis_export       -     @3065
        seq_item_export    uvm_seq_item_pull_imp     -     @3613
        arbitration_queue  array                     0     -    
        lock_queue         array                     0     -    
        num_last_reqs      integral                  32    'd1  
        num_last_rsps      integral                  32    'd1  
    m_agt_passive          alu_agent                 -     @2836
      m_mon                alu_monitor               -     @3765
        mon_analysis_port  uvm_analysis_port         -     @3812
  m_scbd                   alu_scoreboard            -     @2758
    active_imp             uvm_analysis_imp_active   -     @3863
    passive_imp            uvm_analysis_imp_passive  -     @3912
----------------------------------------------------------------

UVM_INFO /home/gme/guilherme.manske/INOVAME/verification/ALU-Project/project-alu-aula6/project-alu/components/alu_test_add.sv(17) @ 0: uvm_test_top [TEST_RUN] Starting run_phase for uvm_test_top
UVM_INFO /home/gme/guilherme.manske/INOVAME/verification/ALU-Project/project-alu-aula6/project-alu/components/alu_monitor.sv(74) @ 0: uvm_test_top.m_env.m_agt_passive.m_mon [MON_PASSIVE] Starting monitor PASSIVE
UVM_INFO /home/gme/guilherme.manske/INOVAME/verification/ALU-Project/project-alu-aula6/project-alu/components/alu_monitor.sv(48) @ 0: uvm_test_top.m_env.m_agt_active.m_mon [MON_ACTIVE] Starting monitor ACTIVE
UVM_INFO /home/gme/guilherme.manske/INOVAME/verification/ALU-Project/project-alu-aula6/project-alu/components/alu_test_add.sv(36) @ 766: uvm_test_top [TEST_RUN] Finishing run_phase for uvm_test_top
UVM_INFO /home/gme/guilherme.manske/INOVAME/verification/ALU-Project/project-alu-aula6/project-alu/components/alu_scoreboard.sv(101) @ 766: uvm_test_top.m_scbd [REPORT] Scoreboard RECEIVED 3 items from the RTL.
UVM_INFO /home/gme/guilherme.manske/INOVAME/verification/ALU-Project/project-alu-aula6/project-alu/components/alu_scoreboard.sv(104) @ 766: uvm_test_top.m_scbd [REPORT] Scoreboard PREDICTED 3 items.
UVM_INFO /home/gme/guilherme.manske/INOVAME/verification/ALU-Project/project-alu-aula6/project-alu/components/alu_scoreboard.sv(109) @ 766: uvm_test_top.m_scbd [REPORT] All items were checked and no issues were found.

--- UVM Report catcher Summary ---


Number of demoted UVM_FATAL reports  :    0
Number of demoted UVM_ERROR reports  :    0
Number of demoted UVM_WARNING reports:    0
Number of caught UVM_FATAL reports   :    0
Number of caught UVM_ERROR reports   :    0
Number of caught UVM_WARNING reports :    0

--- UVM Report Summary ---

** Report counts by severity
UVM_INFO :   28
UVM_WARNING :    0
UVM_ERROR :    0
UVM_FATAL :    0
** Report counts by id
[AGT_BUILD]     4
[AGT_CONNECT]     4
[END_PHASE]     2
[MON_ACTIVE]     1
[MON_BUILD]     4
[MON_PASSIVE]     1
[REPORT]     3
[RNTST]     1
[START_PHASE]     2
[TEST_BUILD]     2
[TEST_CONNECT]     2
[TEST_RUN]     2
Simulation complete via $finish(1) at time 766 NS + 45
/tools/cadence/XCELIUM2309/tools/methodology/UVM/CDNS-1.1d/sv/src/base/uvm_root.svh:457     $finish;
xcelium> exit

coverage setup:
  workdir  :  ./cov_work
  dutinst  :  top_tb(top_tb)
  scope    :  scope
  testname :  test_sv100012661

coverage files:
  model(design data) :  ./cov_work/scope/icc_7b505951_00000000.ucm (reused)
  data               :  ./cov_work/scope/test_sv100012661/icc_7b505951_00000000.ucd
TOOL:	xrun(64)	23.09-s013: Exiting on Feb 10, 2025 at 11:25:20 -03  (total: 00:00:01)
