============================================================
  Generated by:           Genus(TM) Synthesis Solution 23.12-s086_1
  Generated on:           Jan 27 2025  03:01:05 pm
  Module:                 alu
  Technology libraries:   fast_vdd1v2 1.0
                          physical_cells 
                          fast_vdd1v2 1.0
                          physical_cells 
  Operating conditions:   PVT_1P32V_0C 
  Interconnect mode:      global
  Area mode:              physical library
============================================================

                                 
    Gate      Instances   Area       Library    
------------------------------------------------
ADDFX1LVT             1    5.130    fast_vdd1v2 
ADDHX1LVT             2    7.524    fast_vdd1v2 
AND2X1LVT             2    2.736    fast_vdd1v2 
AND3XLLVT             1    2.052    fast_vdd1v2 
AO21X1LVT             6   14.364    fast_vdd1v2 
AOI21X1LVT            3    5.130    fast_vdd1v2 
AOI221X1LVT          12   28.728    fast_vdd1v2 
AOI22X1LVT            7   14.364    fast_vdd1v2 
AOI31X1LVT            1    2.052    fast_vdd1v2 
CLKXOR2X1LVT          1    2.736    fast_vdd1v2 
DFFRHQX1LVT          52  320.112    fast_vdd1v2 
DFFRX1LVT             4   27.360    fast_vdd1v2 
INVX1LVT              8    5.472    fast_vdd1v2 
INVXLLVT              1    0.684    fast_vdd1v2 
MX2X1LVT             15   35.910    fast_vdd1v2 
NAND2BX1LVT          10   13.680    fast_vdd1v2 
NAND2X1LVT           28   28.728    fast_vdd1v2 
NOR2BX1LVT           11   15.048    fast_vdd1v2 
NOR2X1LVT            19   19.494    fast_vdd1v2 
NOR2X2LVT             1    1.710    fast_vdd1v2 
OA21X1LVT             1    2.052    fast_vdd1v2 
OAI211X1LVT          10   17.100    fast_vdd1v2 
OAI21X1LVT            7   11.970    fast_vdd1v2 
OAI222X1LVT           1    2.736    fast_vdd1v2 
OAI2BB1X1LVT         24   41.040    fast_vdd1v2 
OAI31X1LVT            1    2.052    fast_vdd1v2 
OAI32X1LVT            9   21.546    fast_vdd1v2 
OR2X1LVT              4    5.472    fast_vdd1v2 
OR3X1LVT              1    2.052    fast_vdd1v2 
XNOR2X1LVT           41   98.154    fast_vdd1v2 
------------------------------------------------
total               284  757.188                


                                        
     Type      Instances   Area  Area % 
----------------------------------------
sequential            56 347.472   45.9 
inverter               9   6.156    0.8 
logic                219 403.560   53.3 
physical_cells         0   0.000    0.0 
----------------------------------------
total                284 757.188  100.0 

