###############################################################
#  Generated by:      Cadence Innovus 23.32-s091_1
#  OS:                Linux x86_64(Host ID cadmicro-inf-el8-623207)
#  Generated on:      Mon Apr 14 14:10:54 2025
#  Design:            signal_32bits
#  Command:           report_timing > reports/report_timing.rpt
###############################################################
Path 1: MET Path Delay Check
Endpoint:   S[31] (^)
Beginpoint: A[0]  (v) triggered by  leading edge of '@'
Path Groups: {default}
Analysis View: default_emulate_view
- External Delay                0.000
+ Path Delay                    6.700
= Required Time                 6.700
- Arrival Time                  6.020
= Slack Time                    0.680
     Clock Rise Edge                      0.000
     + Input Delay                        0.000
     = Beginpoint Arrival Time            0.000
     +--------------------------------------------------------------------------------------------------------+ 
     |          Instance           |       Arc       |           Cell            | Delay | Arrival | Required | 
     |                             |                 |                           |       |  Time   |   Time   | 
     |-----------------------------+-----------------+---------------------------+-------+---------+----------| 
     |                             | A[0] v          |                           |       |   0.000 |    0.680 | 
     | addinc_add_7_30_g1260__1705 | B v -> COUT v   | sky130_fd_sc_hd__fa_1     | 0.797 |   0.797 |    1.478 | 
     | addinc_add_7_30_g1257__3680 | CIN v -> COUT v | sky130_fd_sc_hd__fa_1     | 0.398 |   1.196 |    1.876 | 
     | addinc_add_7_30_g1256__6783 | CIN v -> COUT v | sky130_fd_sc_hd__fa_1     | 0.400 |   1.595 |    2.276 | 
     | addinc_add_7_30_g1255__5526 | CIN v -> COUT v | sky130_fd_sc_hd__fa_1     | 0.431 |   2.026 |    2.706 | 
     | addinc_add_7_30_g1254       | A v -> Y ^      | sky130_fd_sc_hd__clkinv_1 | 0.087 |   2.113 |    2.794 | 
     | addinc_add_7_30_g1253__8428 | C ^ -> X ^      | sky130_fd_sc_hd__or3_1    | 0.094 |   2.208 |    2.888 | 
     | addinc_add_7_30_g1250__5107 | C1 ^ -> Y v     | sky130_fd_sc_hd__o211ai_1 | 0.096 |   2.303 |    2.984 | 
     | addinc_add_7_30_g1248__5477 | CIN v -> COUT v | sky130_fd_sc_hd__fa_1     | 0.407 |   2.711 |    3.391 | 
     | addinc_add_7_30_g1247__6417 | CIN v -> COUT v | sky130_fd_sc_hd__fa_1     | 0.410 |   3.120 |    3.801 | 
     | addinc_add_7_30_g1246__7410 | B_N v -> Y v    | sky130_fd_sc_hd__nor2b_1  | 0.179 |   3.299 |    3.979 | 
     | addinc_add_7_30_g1242__9945 | A1 v -> X v     | sky130_fd_sc_hd__a221o_1  | 0.375 |   3.674 |    4.354 | 
     | addinc_add_7_30_g1240__6161 | A v -> X v      | sky130_fd_sc_hd__and2_1   | 0.174 |   3.848 |    4.528 | 
     | addinc_add_7_30_g1234__7098 | A1 v -> X v     | sky130_fd_sc_hd__a221o_1  | 0.395 |   4.243 |    4.923 | 
     | addinc_add_7_30_g1226__5526 | A1 v -> X v     | sky130_fd_sc_hd__a31o_1   | 0.240 |   4.483 |    5.163 | 
     | addinc_add_7_30_g1217__1666 | A1 v -> X v     | sky130_fd_sc_hd__a221o_1  | 0.369 |   4.852 |    5.532 | 
     | addinc_add_7_30_g1206__7098 | A1 v -> Y ^     | sky130_fd_sc_hd__a31oi_1  | 0.255 |   5.107 |    5.787 | 
     | addinc_add_7_30_g1196__4319 | A2 ^ -> Y v     | sky130_fd_sc_hd__o21ai_1  | 0.112 |   5.219 |    5.900 | 
     | addinc_add_7_30_g1193__2398 | B v -> X ^      | sky130_fd_sc_hd__xor2_1   | 0.799 |   6.019 |    6.699 | 
     |                             | S[31] ^         |                           | 0.001 |   6.020 |    6.700 | 
     +--------------------------------------------------------------------------------------------------------+ 

