============================================================
  Generated by:           Genus(TM) Synthesis Solution 23.12-s086_1
  Generated on:           Apr 11 2025  03:10:26 pm
  Module:                 brent_kung_32bits
  Operating conditions:   tt_025C_1v80 
  Interconnect mode:      global
  Area mode:              physical library
============================================================


Path 1: MET (0 ps) Path Delay Check
     Startpoint: (F) B[7]
       Endpoint: (F) S[31]

                   Capture    Launch  
      Path Delay:+    2084         -  
      Drv Adjust:+       0         0  
         Arrival:=    2084            
                                      
   Required Time:=    2084            
       Data Path:-    2084            
           Slack:=       0            

Exceptions/Constraints:
  max_delay             2084            constraints.sdc_line_1 

#----------------------------------------------------------------------------------------------------------------------------
#            Timing Point              Flags   Arc   Edge           Cell            Fanout Load Trans Delay Arrival Instance 
#                                                                                          (fF)  (ps)  (ps)   (ps)  Location 
#----------------------------------------------------------------------------------------------------------------------------
  B[7]                                 -       -     F     (arrival)                     1  3.3  1000     0       0    (-,-) 
  g61/X                                -       A->X  F     sky130_fd_sc_hd__buf_1        2 11.9    92   358     358    (-,-) 
  GENERATE_PROPAGATE[7].PROPAGATE/g2/X -       A->X  R     sky130_fd_sc_hd__xor2_2       3 10.5   177   215     573    (-,-) 
  LEVEL_1[7].B1/PROPAGATE/g11__6417/X  -       A->X  R     sky130_fd_sc_hd__and2_4       2  6.7    44   175     748    (-,-) 
  LEVEL_2[7].B2/PROPAGATE/g11__2398/X  -       A->X  R     sky130_fd_sc_hd__and2_4       2  9.1    48   137     885    (-,-) 
  LEVEL_3[7].B3/PROPAGATE/g11__1881/X  -       B->X  R     sky130_fd_sc_hd__and2_4       5 13.3    59   153    1038    (-,-) 
  LEVEL_4[15].B4/PROPAGATE/g11__1666/X -       B->X  R     sky130_fd_sc_hd__and2_4       4 10.3    52   149    1187    (-,-) 
  B6/PROPAGATE/g11__8428/X             -       A->X  R     sky130_fd_sc_hd__and2_4       4 11.0    53   144    1332    (-,-) 
  LEVEL_7[27].B7/PROPAGATE/g11__6783/X -       A->X  R     sky130_fd_sc_hd__and2_4       3  8.9    48   140    1472    (-,-) 
  LEVEL_8[29].B8/PROPAGATE/g11__9945/X -       A->X  R     sky130_fd_sc_hd__and2_4       2  6.8    43   133    1604    (-,-) 
  LEVEL_9[30].B9/PROPAGATE/g11__1666/X -       A->X  R     sky130_fd_sc_hd__and2_4       1  5.9    46   129    1733    (-,-) 
  C30/g20__4733/Y                      -       A->Y  F     sky130_fd_sc_hd__nand2_2      1  9.7    54    58    1790    (-,-) 
  C30/g19__7482/Y                      -       B->Y  R     sky130_fd_sc_hd__nand2_4      2 20.6    81    94    1885    (-,-) 
  S31/g19/Y                            -       A->Y  F     sky130_fd_sc_hd__inv_4        1  9.6    26    38    1923    (-,-) 
  S31/g17__2802/Y                      -       A->Y  R     sky130_fd_sc_hd__nand2_4      1 18.7    82    69    1992    (-,-) 
  S31/g15__1617/Y                      -       A->Y  F     sky130_fd_sc_hd__nand2_8      1 51.3    82    91    2083    (-,-) 
  S[31]                                <<<     -     F     (port)                        -    -     -     0    2084    (-,-) 
#----------------------------------------------------------------------------------------------------------------------------

