============================================================
  Generated by:           Genus(TM) Synthesis Solution 23.12-s086_1
  Generated on:           Apr 11 2025  03:10:26 pm
  Module:                 brent_kung_32bits
  Operating conditions:   tt_025C_1v80 
  Interconnect mode:      global
  Area mode:              physical library
============================================================

Timing
-------
  Cost    Critical         Violating 
 Group   Path Slack  TNS     Paths   
-------------------------------------
default         0.4   0.0          0 
-------------------------------------
Total                 0.0          0 

Instance Count
--------------
Leaf Instance Count             349 
Physical Instance count           0 
Sequential Instance Count         0 
Combinational Instance Count    349 
Hierarchical Instance Count     299 

Area
----
Cell Area                          2481.130
Physical Cell Area                 0.000
Total Cell Area (Cell+Physical)    2481.130
Net Area                           1947.312
Total Area (Cell+Physical+Net)     4428.442

Max Fanout                         28 (n_77)
Min Fanout                         1 (C[0])
Average Fanout                     1.8
Terms to net ratio                 2.5845
Terms to instance ratio            3.0659
Runtime                            13.900322000000001 seconds
Elapsed Runtime                    14 seconds
Genus peak memory usage            1893.41 
Innovus peak memory usage          no_value 
Hostname                           cadmicro-inf-el8-623207
