###############################################################
#  Generated by:      Cadence Innovus 23.32-s091_1
#  OS:                Linux x86_64(Host ID cadmicro-inf-el8-623207)
#  Generated on:      Fri Apr 11 14:01:17 2025
#  Design:            kogge_stone_32bits
#  Command:           report_timing > reports/report_timing.rpt
###############################################################
Path 1: MET Path Delay Check
Endpoint:   S[29] (^)
Beginpoint: B[20] (v) triggered by  leading edge of '@'
Path Groups: {default}
Analysis View: default_emulate_view
- External Delay                0.000
+ Path Delay                  200.000
= Required Time               200.000
- Arrival Time                  2.795
= Slack Time                  197.205
     Clock Rise Edge                      0.000
     + Input Delay                        0.000
     = Beginpoint Arrival Time            0.000
     +-----------------------------------------------------------------------------------------------------------------+ 
     |                  Instance                  |     Arc     |          Cell           | Delay | Arrival | Required | 
     |                                            |             |                         |       |  Time   |   Time   | 
     |--------------------------------------------+-------------+-------------------------+-------+---------+----------| 
     |                                            | B[20] v     |                         |       |  -0.000 |  197.205 | 
     | GENERATE_PROPAGATE[20].PROPAGATE/g10__7098 | A v -> X ^  | sky130_fd_sc_hd__xor2_1 | 0.935 |   0.935 |  198.140 | 
     | LEVEL_1[20].B1/PROPAGATE/g11__6161         | B ^ -> X ^  | sky130_fd_sc_hd__and2_1 | 0.247 |   1.182 |  198.387 | 
     | LEVEL_2[20].B3/PROPAGATE/g11__9945         | A ^ -> X ^  | sky130_fd_sc_hd__and2_1 | 0.168 |   1.350 |  198.555 | 
     | LEVEL_3[20].B7/PROPAGATE/g11__1881         | A ^ -> X ^  | sky130_fd_sc_hd__and2_1 | 0.174 |   1.524 |  198.729 | 
     | LEVEL_4[28].B15/PROPAGATE/g11__2802        | A ^ -> X ^  | sky130_fd_sc_hd__and2_1 | 0.160 |   1.684 |  198.889 | 
     | LEVEL_5[28].B17/PROPAGATE/g11__5122        | B ^ -> X ^  | sky130_fd_sc_hd__and2_1 | 0.131 |   1.815 |  199.020 | 
     | C28/g13__1666                              | A1 ^ -> X ^ | sky130_fd_sc_hd__a21o_1 | 0.150 |   1.965 |  199.170 | 
     | S29/g10__6161                              | B ^ -> X ^  | sky130_fd_sc_hd__xor2_1 | 0.830 |   2.794 |  199.999 | 
     |                                            | S[29] ^     |                         | 0.001 |   2.795 |  200.000 | 
     +-----------------------------------------------------------------------------------------------------------------+ 

