###############################################################
#  Generated by:      Cadence Innovus 23.32-s091_1
#  OS:                Linux x86_64(Host ID cadmicro-inf-el8-623207)
#  Generated on:      Mon Apr 14 15:00:30 2025
#  Design:            signal_32bits
#  Command:           report_timing > reports/report_timing.rpt
###############################################################
Path 1: MET Path Delay Check
Endpoint:   S[31] (v)
Beginpoint: B[1]  (^) triggered by  leading edge of '@'
Path Groups: {default}
Analysis View: default_emulate_view
- External Delay                0.000
+ Path Delay                    3.000
= Required Time                 3.000
- Arrival Time                  2.962
= Slack Time                    0.038
     Clock Rise Edge                      0.000
     + Input Delay                        0.000
     = Beginpoint Arrival Time            0.000
     +------------------------------------------------------------------------------------------------------+ 
     |          Instance           |      Arc      |           Cell            | Delay | Arrival | Required | 
     |                             |               |                           |       |  Time   |   Time   | 
     |-----------------------------+---------------+---------------------------+-------+---------+----------| 
     |                             | B[1] ^        |                           |       |   0.000 |    0.038 | 
     | addinc_add_7_30_g1379       | A ^ -> Y v    | sky130_fd_sc_hd__clkinv_1 | 0.216 |   0.216 |    0.254 | 
     | addinc_add_7_30_g1381__5477 | A v -> X v    | sky130_fd_sc_hd__or2_1    | 0.287 |   0.503 |    0.541 | 
     | addinc_add_7_30_g1232__7482 | B v -> Y ^    | sky130_fd_sc_hd__nand2_1  | 0.106 |   0.609 |    0.647 | 
     | addinc_add_7_30_g1230__1881 | A ^ -> Y v    | sky130_fd_sc_hd__nand2_1  | 0.061 |   0.669 |    0.708 | 
     | addinc_add_7_30_g1228__7098 | A v -> Y ^    | sky130_fd_sc_hd__nand2_1  | 0.091 |   0.761 |    0.799 | 
     | addinc_add_7_30_g1227__8246 | A ^ -> Y v    | sky130_fd_sc_hd__nand2_1  | 0.079 |   0.840 |    0.878 | 
     | addinc_add_7_30_g1225__1705 | A v -> Y ^    | sky130_fd_sc_hd__nand2_2  | 0.083 |   0.923 |    0.961 | 
     | addinc_add_7_30_g1223__2802 | A ^ -> Y v    | sky130_fd_sc_hd__nand2_1  | 0.059 |   0.982 |    1.020 | 
     | addinc_add_7_30_g1220__6783 | A v -> Y ^    | sky130_fd_sc_hd__nand2_1  | 0.093 |   1.075 |    1.113 | 
     | addinc_add_7_30_g1219__5526 | A ^ -> Y v    | sky130_fd_sc_hd__nand2_1  | 0.075 |   1.150 |    1.188 | 
     | addinc_add_7_30_g1217__4319 | A v -> Y ^    | sky130_fd_sc_hd__nand2_2  | 0.072 |   1.222 |    1.260 | 
     | addinc_add_7_30_g1215__5107 | A ^ -> Y v    | sky130_fd_sc_hd__nand2_1  | 0.067 |   1.289 |    1.327 | 
     | addinc_add_7_30_g1213__5477 | A v -> Y ^    | sky130_fd_sc_hd__nand2_2  | 0.091 |   1.380 |    1.418 | 
     | addinc_add_7_30_g1212__6417 | A ^ -> Y v    | sky130_fd_sc_hd__nand2_1  | 0.073 |   1.453 |    1.491 | 
     | addinc_add_7_30_g1210__1666 | A v -> Y ^    | sky130_fd_sc_hd__nand2_1  | 0.099 |   1.552 |    1.590 | 
     | addinc_add_7_30_g1204__4733 | A ^ -> Y v    | sky130_fd_sc_hd__nand3_1  | 0.099 |   1.651 |    1.689 | 
     | addinc_add_7_30_g1201__1881 | A v -> Y ^    | sky130_fd_sc_hd__nand2_2  | 0.110 |   1.760 |    1.798 | 
     | addinc_add_7_30_g1190__6783 | A1 ^ -> X ^   | sky130_fd_sc_hd__a31o_1   | 0.200 |   1.960 |    1.998 | 
     | addinc_add_7_30_g1181__7410 | A1 ^ -> X ^   | sky130_fd_sc_hd__a21o_1   | 0.165 |   2.125 |    2.163 | 
     | addinc_add_7_30_g1174__4733 | B_N ^ -> Y ^  | sky130_fd_sc_hd__nor2b_1  | 0.249 |   2.374 |    2.412 | 
     | addinc_add_7_30_g1164__1617 | A1 ^ -> Y v   | sky130_fd_sc_hd__a21oi_2  | 0.115 |   2.488 |    2.527 | 
     | addinc_add_7_30_g1157__5107 | A2 v -> Y ^   | sky130_fd_sc_hd__o21ai_2  | 0.171 |   2.659 |    2.698 | 
     | addinc_add_7_30_g1156__2398 | A2_N ^ -> X v | sky130_fd_sc_hd__a2bb2o_4 | 0.302 |   2.961 |    2.999 | 
     |                             | S[31] v       |                           | 0.001 |   2.962 |    3.000 | 
     +------------------------------------------------------------------------------------------------------+ 

