============================================================
  Generated by:           Genus(TM) Synthesis Solution 23.12-s086_1
  Generated on:           Apr 11 2025  03:13:25 pm
  Module:                 brent_kung_32bits
  Operating conditions:   tt_025C_1v80 
  Interconnect mode:      global
  Area mode:              physical library
============================================================


Path 1: MET (0 ps) Path Delay Check
     Startpoint: (F) A[9]
       Endpoint: (R) S[31]

                   Capture    Launch  
      Path Delay:+    2115         -  
      Drv Adjust:+       0         0  
         Arrival:=    2115            
                                      
   Required Time:=    2115            
       Data Path:-    2115            
           Slack:=       0            

Exceptions/Constraints:
  max_delay             2115            constraints.sdc_line_1 

#-------------------------------------------------------------------------------------------------------------------------------------
#                Timing Point                 Flags    Arc   Edge           Cell             Fanout Load Trans Delay Arrival Instance 
#                                                                                                   (fF)  (ps)  (ps)   (ps)  Location 
#-------------------------------------------------------------------------------------------------------------------------------------
  A[9]                                        -       -      F     (arrival)                      1  3.3  1000     0       0    (-,-) 
  g65/X                                       -       A->X   F     sky130_fd_sc_hd__clkbuf_1      3  7.5    71   337     337    (-,-) 
  GENERATE_PROPAGATE[9].PROPAGATE/g2/Y        -       A_N->Y F     sky130_fd_sc_hd__nand2b_1      1  3.5    48   152     488    (-,-) 
  GENERATE_PROPAGATE[9].PROPAGATE/g21__6417/Y -       B->Y   R     sky130_fd_sc_hd__nand2_1       3 10.7   113   111     600    (-,-) 
  LEVEL_1[9].B1/PROPAGATE/g11__2346/X         -       B->X   R     sky130_fd_sc_hd__and2_4        3  8.9    51   161     761    (-,-) 
  LEVEL_2[11].B2/PROPAGATE/g11__7410/X        -       A->X   R     sky130_fd_sc_hd__and2_4        3  8.9    48   139     900    (-,-) 
  LEVEL_3[15].B3/PROPAGATE/g11__8246/X        -       A->X   R     sky130_fd_sc_hd__and2_4        2 13.6    60   150    1050    (-,-) 
  LEVEL_4[15].B4/PROPAGATE/g11__6161/X        -       A->X   R     sky130_fd_sc_hd__and2_4        6 15.2    64   158    1208    (-,-) 
  B6/PROPAGATE/g11__8428/X                    -       A->X   R     sky130_fd_sc_hd__and2_4        4 11.0    53   149    1356    (-,-) 
  LEVEL_7[27].B7/PROPAGATE/g11__5107/X        -       A->X   R     sky130_fd_sc_hd__and2_4        3  8.8    48   140    1496    (-,-) 
  LEVEL_8[29].B8/PROPAGATE/g11__7482/X        -       A->X   R     sky130_fd_sc_hd__and2_4        2  6.7    42   132    1628    (-,-) 
  LEVEL_9[30].B9/PROPAGATE/g11__9315/X        -       A->X   R     sky130_fd_sc_hd__and2_4        1  5.9    46   128    1757    (-,-) 
  C30/g20__6161/Y                             -       A->Y   F     sky130_fd_sc_hd__nand2_2       1  5.6    41    46    1803    (-,-) 
  C30/g19__4733/Y                             -       A->Y   R     sky130_fd_sc_hd__nand2_2       2 11.3    78    76    1879    (-,-) 
  S31/g2__6417/Y                              -       B->Y   F     sky130_fd_sc_hd__nand2b_2      1 17.6    94   102    1980    (-,-) 
  S31/g15__1666/Y                             -       B->Y   R     sky130_fd_sc_hd__nand2_8       1 51.3   110   134    2115    (-,-) 
  S[31]                                       <<<     -      R     (port)                         -    -     -     0    2115    (-,-) 
#-------------------------------------------------------------------------------------------------------------------------------------

