###############################################################
#  Generated by:      Cadence Innovus 23.32-s091_1
#  OS:                Linux x86_64(Host ID cadmicro-inf-el8-623207)
#  Generated on:      Mon Apr 14 14:28:10 2025
#  Design:            signal_32bits
#  Command:           report_timing > reports/report_timing.rpt
###############################################################
Path 1: MET Path Delay Check
Endpoint:   S[31] (^)
Beginpoint: A[0]  (v) triggered by  leading edge of '@'
Path Groups: {default}
Analysis View: default_emulate_view
- External Delay                0.000
+ Path Delay                    5.400
= Required Time                 5.400
- Arrival Time                  5.363
= Slack Time                    0.037
     Clock Rise Edge                      0.000
     + Input Delay                        0.000
     = Beginpoint Arrival Time            0.000
     +---------------------------------------------------------------------------------------------------------+ 
     |          Instance           |       Arc       |            Cell            | Delay | Arrival | Required | 
     |                             |                 |                            |       |  Time   |   Time   | 
     |-----------------------------+-----------------+----------------------------+-------+---------+----------| 
     |                             | A[0] v          |                            |       |   0.000 |    0.037 | 
     | addinc_add_7_30_g1343__6260 | A v -> Y ^      | sky130_fd_sc_hd__nor2_1    | 0.320 |   0.320 |    0.357 | 
     | addinc_add_7_30_g1262__7482 | B2 ^ -> Y v     | sky130_fd_sc_hd__o2bb2ai_1 | 0.128 |   0.448 |    0.485 | 
     | addinc_add_7_30_g1255       | A v -> Y ^      | sky130_fd_sc_hd__clkinv_1  | 0.062 |   0.510 |    0.547 | 
     | addinc_add_7_30_g1252__1617 | A2 ^ -> Y v     | sky130_fd_sc_hd__o21ai_1   | 0.061 |   0.571 |    0.608 | 
     | addinc_add_7_30_g1250__6783 | CIN v -> COUT v | sky130_fd_sc_hd__fa_1      | 0.401 |   0.972 |    1.009 | 
     | addinc_add_7_30_g1249__5526 | CIN v -> COUT v | sky130_fd_sc_hd__fa_1      | 0.421 |   1.394 |    1.430 | 
     | addinc_add_7_30_g1248       | A v -> Y ^      | sky130_fd_sc_hd__clkinv_1  | 0.078 |   1.471 |    1.508 | 
     | addinc_add_7_30_g1247__8428 | C ^ -> X ^      | sky130_fd_sc_hd__or3_1     | 0.094 |   1.565 |    1.602 | 
     | addinc_add_7_30_g1244__5107 | C1 ^ -> Y v     | sky130_fd_sc_hd__o211ai_1  | 0.096 |   1.662 |    1.698 | 
     | addinc_add_7_30_g1242__5477 | CIN v -> COUT v | sky130_fd_sc_hd__fa_1      | 0.409 |   2.070 |    2.107 | 
     | addinc_add_7_30_g1241__6417 | CIN v -> COUT v | sky130_fd_sc_hd__fa_1      | 0.411 |   2.482 |    2.518 | 
     | addinc_add_7_30_g1240__7410 | B_N v -> Y v    | sky130_fd_sc_hd__nor2b_1   | 0.181 |   2.663 |    2.699 | 
     | addinc_add_7_30_g1236__9945 | A1 v -> X v     | sky130_fd_sc_hd__a221o_1   | 0.376 |   3.039 |    3.076 | 
     | addinc_add_7_30_g1234__6161 | A v -> X v      | sky130_fd_sc_hd__and2_1    | 0.173 |   3.212 |    3.249 | 
     | addinc_add_7_30_g1228__7098 | A1 v -> X v     | sky130_fd_sc_hd__a221o_1   | 0.381 |   3.593 |    3.629 | 
     | addinc_add_7_30_g1220__5526 | A1 v -> X v     | sky130_fd_sc_hd__a31o_1    | 0.238 |   3.831 |    3.868 | 
     | addinc_add_7_30_g1211__1666 | A1 v -> X v     | sky130_fd_sc_hd__a221o_1   | 0.371 |   4.202 |    4.239 | 
     | addinc_add_7_30_g1200__7098 | A1 v -> Y ^     | sky130_fd_sc_hd__a31oi_1   | 0.245 |   4.447 |    4.484 | 
     | addinc_add_7_30_g1190__4319 | A2 ^ -> Y v     | sky130_fd_sc_hd__o21ai_1   | 0.111 |   4.558 |    4.595 | 
     | addinc_add_7_30_g1187__2398 | B v -> X ^      | sky130_fd_sc_hd__xor2_1    | 0.804 |   5.362 |    5.399 | 
     |                             | S[31] ^         |                            | 0.001 |   5.363 |    5.400 | 
     +---------------------------------------------------------------------------------------------------------+ 

