###############################################################
#  Generated by:      Cadence Innovus 23.32-s091_1
#  OS:                Linux x86_64(Host ID cadmicro-inf-el8-623207)
#  Generated on:      Mon Apr 14 12:54:00 2025
#  Design:            signal_32bits
#  Command:           report_timing > reports/report_timing.rpt
###############################################################
Path 1: MET Path Delay Check
Endpoint:   S[31] (^)
Beginpoint: A[0]  (v) triggered by  leading edge of '@'
Path Groups: {default}
Analysis View: default_emulate_view
- External Delay                0.000
+ Path Delay                   12.500
= Required Time                12.500
- Arrival Time                 12.471
= Slack Time                    0.029
     Clock Rise Edge                      0.000
     + Input Delay                        0.000
     = Beginpoint Arrival Time            0.000
     +-------------------------------------------------------------------------------------------------------+ 
     |          Instance          |       Arc       |           Cell            | Delay | Arrival | Required | 
     |                            |                 |                           |       |  Time   |   Time   | 
     |----------------------------+-----------------+---------------------------+-------+---------+----------| 
     |                            | A[0] v          |                           |       |   0.000 |    0.029 | 
     | g836                       | A v -> COUT v   | sky130_fd_sc_hd__fahcin_1 | 0.649 |   0.649 |    0.678 | 
     | g3                         | A v -> Y ^      | sky130_fd_sc_hd__inv_1    | 0.091 |   0.740 |    0.769 | 
     | g837                       | CIN ^ -> COUT v | sky130_fd_sc_hd__fahcin_1 | 0.112 |   0.852 |    0.881 | 
     | g832                       | A1 v -> X v     | sky130_fd_sc_hd__a21bo_1  | 0.228 |   1.080 |    1.110 | 
     | g2                         | A1 v -> X v     | sky130_fd_sc_hd__a21o_1   | 0.179 |   1.260 |    1.289 | 
     | addinc_add_7_30_g801__5107 | B1 v -> Y ^     | sky130_fd_sc_hd__o21ai_1  | 0.073 |   1.333 |    1.362 | 
     | addinc_add_7_30_g799__5477 | B ^ -> Y v      | sky130_fd_sc_hd__nand2b_1 | 0.109 |   1.442 |    1.471 | 
     | addinc_add_7_30_g798__6417 | CIN v -> COUT v | sky130_fd_sc_hd__fa_1     | 0.391 |   1.833 |    1.862 | 
     | addinc_add_7_30_g797__7410 | CIN v -> COUT v | sky130_fd_sc_hd__fa_1     | 0.396 |   2.229 |    2.258 | 
     | addinc_add_7_30_g796__1666 | CIN v -> COUT v | sky130_fd_sc_hd__fa_1     | 0.400 |   2.629 |    2.658 | 
     | addinc_add_7_30_g795__2346 | CIN v -> COUT v | sky130_fd_sc_hd__fa_1     | 0.399 |   3.028 |    3.057 | 
     | addinc_add_7_30_g794__2883 | CIN v -> COUT v | sky130_fd_sc_hd__fa_1     | 0.394 |   3.422 |    3.452 | 
     | addinc_add_7_30_g793__9945 | CIN v -> COUT v | sky130_fd_sc_hd__fa_1     | 0.401 |   3.823 |    3.852 | 
     | addinc_add_7_30_g792__9315 | CIN v -> COUT v | sky130_fd_sc_hd__fa_1     | 0.398 |   4.221 |    4.251 | 
     | addinc_add_7_30_g791__6161 | CIN v -> COUT v | sky130_fd_sc_hd__fa_1     | 0.401 |   4.622 |    4.652 | 
     | addinc_add_7_30_g790__4733 | CIN v -> COUT v | sky130_fd_sc_hd__fa_1     | 0.393 |   5.015 |    5.045 | 
     | addinc_add_7_30_g789__7482 | CIN v -> COUT v | sky130_fd_sc_hd__fa_1     | 0.395 |   5.411 |    5.440 | 
     | addinc_add_7_30_g788__5115 | CIN v -> COUT v | sky130_fd_sc_hd__fa_1     | 0.398 |   5.809 |    5.839 | 
     | addinc_add_7_30_g787__1881 | CIN v -> COUT v | sky130_fd_sc_hd__fa_1     | 0.400 |   6.209 |    6.239 | 
     | addinc_add_7_30_g786__6131 | CIN v -> COUT v | sky130_fd_sc_hd__fa_1     | 0.398 |   6.607 |    6.637 | 
     | addinc_add_7_30_g785__7098 | CIN v -> COUT v | sky130_fd_sc_hd__fa_1     | 0.391 |   6.998 |    7.028 | 
     | addinc_add_7_30_g784__8246 | CIN v -> COUT v | sky130_fd_sc_hd__fa_1     | 0.395 |   7.393 |    7.422 | 
     | addinc_add_7_30_g783__5122 | CIN v -> COUT v | sky130_fd_sc_hd__fa_1     | 0.399 |   7.792 |    7.822 | 
     | addinc_add_7_30_g782__1705 | CIN v -> COUT v | sky130_fd_sc_hd__fa_1     | 0.399 |   8.191 |    8.220 | 
     | addinc_add_7_30_g781__2802 | CIN v -> COUT v | sky130_fd_sc_hd__fa_1     | 0.401 |   8.592 |    8.621 | 
     | addinc_add_7_30_g780__1617 | CIN v -> COUT v | sky130_fd_sc_hd__fa_1     | 0.399 |   8.990 |    9.020 | 
     | addinc_add_7_30_g779__3680 | CIN v -> COUT v | sky130_fd_sc_hd__fa_1     | 0.404 |   9.394 |    9.423 | 
     | addinc_add_7_30_g778__6783 | CIN v -> COUT v | sky130_fd_sc_hd__fa_2     | 0.364 |   9.758 |    9.787 | 
     | addinc_add_7_30_g777__5526 | CIN v -> COUT v | sky130_fd_sc_hd__fa_1     | 0.396 |  10.154 |   10.184 | 
     | addinc_add_7_30_g776__8428 | CIN v -> COUT v | sky130_fd_sc_hd__fa_1     | 0.407 |  10.562 |   10.591 | 
     | addinc_add_7_30_g775__4319 | CIN v -> COUT v | sky130_fd_sc_hd__fa_1     | 0.398 |  10.960 |   10.989 | 
     | addinc_add_7_30_g774__6260 | CIN v -> COUT v | sky130_fd_sc_hd__fa_1     | 0.390 |  11.350 |   11.379 | 
     | addinc_add_7_30_g773__5107 | CIN v -> COUT v | sky130_fd_sc_hd__fa_1     | 0.398 |  11.748 |   11.777 | 
     | addinc_add_7_30_g772__2398 | CIN v -> SUM ^  | sky130_fd_sc_hd__fa_2     | 0.722 |  12.470 |   12.499 | 
     |                            | S[31] ^         |                           | 0.001 |  12.471 |   12.500 | 
     +-------------------------------------------------------------------------------------------------------+ 

