###############################################################
#  Generated by:      Cadence Innovus 23.32-s091_1
#  OS:                Linux x86_64(Host ID cadmicro-inf-el8-623207)
#  Generated on:      Mon Apr 14 15:11:13 2025
#  Design:            signal_32bits
#  Command:           report_timing > reports/report_timing.rpt
###############################################################
Path 1: MET Path Delay Check
Endpoint:   S[14] (^)
Beginpoint: B[6]  (v) triggered by  leading edge of '@'
Path Groups: {default}
Analysis View: default_emulate_view
- External Delay                0.000
+ Path Delay                    2.200
= Required Time                 2.200
- Arrival Time                  2.199
= Slack Time                    0.001
     Clock Rise Edge                      0.000
     + Input Delay                        0.000
     = Beginpoint Arrival Time            0.000
     +-----------------------------------------------------------------------------------------------------+ 
     |          Instance           |     Arc      |           Cell            | Delay | Arrival | Required | 
     |                             |              |                           |       |  Time   |   Time   | 
     |-----------------------------+--------------+---------------------------+-------+---------+----------| 
     |                             | B[6] v       |                           |       |   0.000 |    0.001 | 
     | g1230                       | B v -> X v   | sky130_fd_sc_hd__or2_1    | 0.587 |   0.587 |    0.588 | 
     | addinc_add_7_30_g1103__6131 | B_N v -> Y v | sky130_fd_sc_hd__nor2b_1  | 0.171 |   0.759 |    0.760 | 
     | addinc_add_7_30_g1039__1705 | B v -> Y ^   | sky130_fd_sc_hd__nand2_1  | 0.088 |   0.847 |    0.848 | 
     | addinc_add_7_30_g1032__4319 | C1 ^ -> Y v  | sky130_fd_sc_hd__o211ai_1 | 0.078 |   0.925 |    0.926 | 
     | addinc_add_7_30_g993__6417  | B1 v -> X v  | sky130_fd_sc_hd__a31o_2   | 0.303 |   1.228 |    1.229 | 
     | addinc_add_7_30_g988__2883  | A v -> Y ^   | sky130_fd_sc_hd__nand3_1  | 0.092 |   1.319 |    1.321 | 
     | addinc_add_7_30_g980__6131  | A ^ -> Y v   | sky130_fd_sc_hd__nand2_1  | 0.063 |   1.383 |    1.384 | 
     | addinc_add_7_30_g962__5477  | B v -> X ^   | sky130_fd_sc_hd__xor2_1   | 0.815 |   2.197 |    2.199 | 
     |                             | S[14] ^      |                           | 0.001 |   2.199 |    2.200 | 
     +-----------------------------------------------------------------------------------------------------+ 

