###############################################################
#  Generated by:      Cadence Innovus 23.32-s091_1
#  OS:                Linux x86_64(Host ID cadmicro-inf-el8-623207)
#  Generated on:      Mon Apr 14 14:22:53 2025
#  Design:            signal_32bits
#  Command:           report_timing > reports/report_timing.rpt
###############################################################
Path 1: MET Path Delay Check
Endpoint:   S[31] (^)
Beginpoint: B[0]  (v) triggered by  leading edge of '@'
Path Groups: {default}
Analysis View: default_emulate_view
- External Delay                0.000
+ Path Delay                    5.800
= Required Time                 5.800
- Arrival Time                  5.758
= Slack Time                    0.042
     Clock Rise Edge                      0.000
     + Input Delay                        0.000
     = Beginpoint Arrival Time            0.000
     +---------------------------------------------------------------------------------------------------------+ 
     |          Instance           |       Arc       |            Cell            | Delay | Arrival | Required | 
     |                             |                 |                            |       |  Time   |   Time   | 
     |-----------------------------+-----------------+----------------------------+-------+---------+----------| 
     |                             | B[0] v          |                            |       |   0.000 |    0.042 | 
     | addinc_add_7_30_g2492__2346 | B v -> Y ^      | sky130_fd_sc_hd__nor2_1    | 0.338 |   0.338 |    0.379 | 
     | addinc_add_7_30_g2456__5115 | B2 ^ -> Y v     | sky130_fd_sc_hd__o2bb2ai_1 | 0.097 |   0.435 |    0.476 | 
     | g2547                       | CI v -> COUT v  | sky130_fd_sc_hd__fah_1     | 0.285 |   0.720 |    0.762 | 
     | addinc_add_7_30_g2449__2802 | A v -> Y ^      | sky130_fd_sc_hd__nand2_1   | 0.070 |   0.790 |    0.832 | 
     | addinc_add_7_30_g2447__3680 | A ^ -> Y v      | sky130_fd_sc_hd__nand2_1   | 0.070 |   0.860 |    0.901 | 
     | addinc_add_7_30_g2446__6783 | A v -> Y ^      | sky130_fd_sc_hd__nand2_1   | 0.074 |   0.934 |    0.976 | 
     | addinc_add_7_30_g2444__8428 | A ^ -> Y v      | sky130_fd_sc_hd__nand2_1   | 0.080 |   1.014 |    1.055 | 
     | addinc_add_7_30_g2443__4319 | A v -> Y ^      | sky130_fd_sc_hd__nand2_1   | 0.073 |   1.086 |    1.128 | 
     | addinc_add_7_30_g2441__5107 | A ^ -> Y v      | sky130_fd_sc_hd__nand2_1   | 0.071 |   1.157 |    1.199 | 
     | addinc_add_7_30_g2440__2398 | A v -> Y ^      | sky130_fd_sc_hd__nand2_1   | 0.072 |   1.229 |    1.270 | 
     | addinc_add_7_30_g2438__6417 | A ^ -> Y v      | sky130_fd_sc_hd__nand2_1   | 0.070 |   1.298 |    1.340 | 
     | addinc_add_7_30_g2437__7410 | A v -> Y ^      | sky130_fd_sc_hd__nand2_1   | 0.075 |   1.373 |    1.415 | 
     | addinc_add_7_30_g2435__2346 | A ^ -> Y v      | sky130_fd_sc_hd__nand2_1   | 0.075 |   1.448 |    1.489 | 
     | addinc_add_7_30_g2434__2883 | A v -> Y ^      | sky130_fd_sc_hd__nand2_1   | 0.070 |   1.518 |    1.560 | 
     | addinc_add_7_30_g2432__9315 | A ^ -> Y v      | sky130_fd_sc_hd__nand2_1   | 0.100 |   1.618 |    1.660 | 
     | addinc_add_7_30_g2429__7482 | A1 v -> Y ^     | sky130_fd_sc_hd__a31oi_2   | 0.201 |   1.819 |    1.860 | 
     | addinc_add_7_30_g2426__6131 | A2 ^ -> Y v     | sky130_fd_sc_hd__o21ai_1   | 0.122 |   1.941 |    1.982 | 
     | addinc_add_7_30_g2425__7098 | A v -> Y ^      | sky130_fd_sc_hd__nand2_1   | 0.080 |   2.020 |    2.062 | 
     | addinc_add_7_30_g2423__5122 | A ^ -> Y v      | sky130_fd_sc_hd__nand2_1   | 0.047 |   2.068 |    2.109 | 
     | addinc_add_7_30_g2422__1705 | CI v -> COUT v  | sky130_fd_sc_hd__fah_1     | 0.276 |   2.344 |    2.385 | 
     | addinc_add_7_30_g2421__2802 | A v -> Y ^      | sky130_fd_sc_hd__nand2_1   | 0.075 |   2.418 |    2.460 | 
     | addinc_add_7_30_g2419__3680 | A ^ -> Y v      | sky130_fd_sc_hd__nand2_1   | 0.079 |   2.497 |    2.539 | 
     | addinc_add_7_30_g2418__6783 | A v -> Y ^      | sky130_fd_sc_hd__nand2_1   | 0.072 |   2.569 |    2.611 | 
     | addinc_add_7_30_g2416__8428 | A ^ -> Y v      | sky130_fd_sc_hd__nand2_1   | 0.052 |   2.621 |    2.663 | 
     | addinc_add_7_30_g2415__4319 | CI v -> COUT v  | sky130_fd_sc_hd__fah_1     | 0.298 |   2.920 |    2.962 | 
     | addinc_add_7_30_g2413__6260 | A v -> Y ^      | sky130_fd_sc_hd__nand2_1   | 0.092 |   3.011 |    3.053 | 
     | addinc_add_7_30_g2409__6417 | A3 ^ -> X ^     | sky130_fd_sc_hd__o311a_1   | 0.197 |   3.208 |    3.250 | 
     | addinc_add_7_30_g2406__2346 | C ^ -> X ^      | sky130_fd_sc_hd__or3_1     | 0.140 |   3.349 |    3.390 | 
     | addinc_add_7_30_g2400__7482 | A3 ^ -> X ^     | sky130_fd_sc_hd__o311a_1   | 0.204 |   3.552 |    3.594 | 
     | addinc_add_7_30_g2390__3680 | A4 ^ -> X ^     | sky130_fd_sc_hd__o41a_2    | 0.161 |   3.714 |    3.755 | 
     | addinc_add_7_30_g2387__8428 | A2 ^ -> Y v     | sky130_fd_sc_hd__o21ai_1   | 0.074 |   3.788 |    3.830 | 
     | addinc_add_7_30_g2386__4319 | CIN v -> COUT v | sky130_fd_sc_hd__fa_2      | 0.357 |   4.145 |    4.187 | 
     | addinc_add_7_30_g2385__6260 | CIN v -> COUT v | sky130_fd_sc_hd__fa_1      | 0.394 |   4.539 |    4.581 | 
     | addinc_add_7_30_g2384__5107 | CIN v -> COUT v | sky130_fd_sc_hd__fa_1      | 0.398 |   4.937 |    4.979 | 
     | addinc_add_7_30_g2383__2398 | CIN v -> SUM ^  | sky130_fd_sc_hd__fa_1      | 0.821 |   5.757 |    5.799 | 
     |                             | S[31] ^         |                            | 0.001 |   5.758 |    5.800 | 
     +---------------------------------------------------------------------------------------------------------+ 

