    Hinst Name                    Module Name          Inst Count           Total Area
-----------------------------------------------------------------------------------
han_carlson_32bits                                            423             3383.245
  B3                              bolinha_489                   4               22.522
    B3/GENERATE                   generate_ij_630               3               13.763
    B3/PROPAGATE                  propagate_ij_740              1                8.758
  B5                              bolinha_475                   4               22.522
    B5/GENERATE                   generate_ij_616               3               13.763
    B5/PROPAGATE                  propagate_ij_726              1                8.758
  B6                              bolinha_474                   4               22.522
    B6/GENERATE                   generate_ij_615               3               13.763
    B6/PROPAGATE                  propagate_ij_725              1                8.758
  B7                              bolinha_473                   4               21.270
    B7/GENERATE                   generate_ij_614               3               13.763
    B7/PROPAGATE                  propagate_ij_724              1                7.507
  C0                              carry                         1                7.507
  C1                              carry_550                     1                7.507
  C10                             carry_541                     1                7.507
  C11                             carry_540                     1                7.507
  C12                             carry_539                     1                7.507
  C13                             carry_538                     1                7.507
  C14                             carry_537                     1                7.507
  C15                             carry_536                     1                7.507
  C16                             carry_535                     1                7.507
  C17                             carry_534                     1                7.507
  C18                             carry_533                     1                7.507
  C19                             carry_532                     1                7.507
  C2                              carry_549                     1                7.507
  C20                             carry_531                     1                7.507
  C21                             carry_530                     1                7.507
  C22                             carry_529                     1                7.507
  C23                             carry_528                     1                7.507
  C24                             carry_527                     1                7.507
  C25                             carry_526                     1                7.507
  C26                             carry_525                     1                7.507
  C27                             carry_524                     1                7.507
  C28                             carry_523                     1                7.507
  C29                             carry_522                     1                7.507
  C3                              carry_548                     1                7.507
  C30                             carry_521                     1                7.507
  C31                             carry_520                     1                7.507
  C4                              carry_547                     1                7.507
  C5                              carry_546                     1                7.507
  C6                              carry_545                     1                7.507
  C7                              carry_544                     1                7.507
  C8                              carry_543                     1                7.507
  C9                              carry_542                     1                7.507
  GENERATE_PROPAGATE[0].GENERATE  generate_i                    1                8.758
  GENERATE_PROPAGATE[0].PROPAGATE propagate_i                   1               16.266
  GENERATE_PROPAGATE[10].GENERATE generate_i_572                1                8.758
  GENERATE_PROPAGATE[10].PROPAGATE propagate_i_682               3               33.782
  GENERATE_PROPAGATE[11].GENERATE generate_i_571                1                6.256
  GENERATE_PROPAGATE[11].PROPAGATE propagate_i_681               1               27.526
  GENERATE_PROPAGATE[12].GENERATE generate_i_570                3               11.261
  GENERATE_PROPAGATE[12].PROPAGATE propagate_i_680               3               38.787
  GENERATE_PROPAGATE[13].GENERATE generate_i_569                1                6.256
  GENERATE_PROPAGATE[13].PROPAGATE propagate_i_679               4               27.526
  GENERATE_PROPAGATE[14].GENERATE generate_i_568                3               11.261
  GENERATE_PROPAGATE[14].PROPAGATE propagate_i_678               3               38.787
  GENERATE_PROPAGATE[15].GENERATE generate_i_567                1                6.256
  GENERATE_PROPAGATE[15].PROPAGATE propagate_i_677               3               33.782
  GENERATE_PROPAGATE[16].GENERATE generate_i_566                3               11.261
  GENERATE_PROPAGATE[16].PROPAGATE propagate_i_676               3               38.787
  GENERATE_PROPAGATE[17].GENERATE generate_i_565                1                6.256
  GENERATE_PROPAGATE[17].PROPAGATE propagate_i_675               4               27.526
  GENERATE_PROPAGATE[18].GENERATE generate_i_564                3               11.261
  GENERATE_PROPAGATE[18].PROPAGATE propagate_i_674               4               27.526
  GENERATE_PROPAGATE[19].GENERATE generate_i_563                1                6.256
  GENERATE_PROPAGATE[19].PROPAGATE propagate_i_673               4               27.526
  GENERATE_PROPAGATE[1].GENERATE  generate_i_581                1                6.256
  GENERATE_PROPAGATE[1].PROPAGATE propagate_i_691               1               16.266
  GENERATE_PROPAGATE[20].GENERATE generate_i_562                1                8.758
  GENERATE_PROPAGATE[20].PROPAGATE propagate_i_672               4               27.526
  GENERATE_PROPAGATE[21].GENERATE generate_i_561                1                6.256
  GENERATE_PROPAGATE[21].PROPAGATE propagate_i_671               4               27.526
  GENERATE_PROPAGATE[22].GENERATE generate_i_560                1                8.758
  GENERATE_PROPAGATE[22].PROPAGATE propagate_i_670               3               26.275
  GENERATE_PROPAGATE[23].GENERATE generate_i_559                1                6.256
  GENERATE_PROPAGATE[23].PROPAGATE propagate_i_669               1               16.266
  GENERATE_PROPAGATE[24].GENERATE generate_i_558                1                8.758
  GENERATE_PROPAGATE[24].PROPAGATE propagate_i_668               4               27.526
  GENERATE_PROPAGATE[25].GENERATE generate_i_557                1                6.256
  GENERATE_PROPAGATE[25].PROPAGATE propagate_i_667               1               27.526
  GENERATE_PROPAGATE[26].GENERATE generate_i_556                1                8.758
  GENERATE_PROPAGATE[26].PROPAGATE propagate_i_666               3               26.275
  GENERATE_PROPAGATE[27].GENERATE generate_i_555                1                6.256
  GENERATE_PROPAGATE[27].PROPAGATE propagate_i_665               1               27.526
  GENERATE_PROPAGATE[28].GENERATE generate_i_554                1                6.256
  GENERATE_PROPAGATE[28].PROPAGATE propagate_i_664               3               16.266
  GENERATE_PROPAGATE[29].GENERATE generate_i_553                1                6.256
  GENERATE_PROPAGATE[29].PROPAGATE propagate_i_663               3               18.768
  GENERATE_PROPAGATE[2].GENERATE  generate_i_580                3               11.261
  GENERATE_PROPAGATE[2].PROPAGATE propagate_i_690               3               38.787
  GENERATE_PROPAGATE[30].GENERATE generate_i_552                1                6.256
  GENERATE_PROPAGATE[30].PROPAGATE propagate_i_662               1                8.758
  GENERATE_PROPAGATE[31].GENERATE generate_i_551                1                6.256
  GENERATE_PROPAGATE[31].PROPAGATE propagate_i_661               1                8.758
  GENERATE_PROPAGATE[3].GENERATE  generate_i_579                1                6.256
  GENERATE_PROPAGATE[3].PROPAGATE propagate_i_689               3               31.280
  GENERATE_PROPAGATE[4].GENERATE  generate_i_578                3               11.261
  GENERATE_PROPAGATE[4].PROPAGATE propagate_i_688               3               38.787
  GENERATE_PROPAGATE[5].GENERATE  generate_i_577                1                6.256
  GENERATE_PROPAGATE[5].PROPAGATE propagate_i_687               3               23.773
  GENERATE_PROPAGATE[6].GENERATE  generate_i_576                3               11.261
  GENERATE_PROPAGATE[6].PROPAGATE propagate_i_686               3               38.787
  GENERATE_PROPAGATE[7].GENERATE  generate_i_575                3               11.261
  GENERATE_PROPAGATE[7].PROPAGATE propagate_i_685               3               38.787
  GENERATE_PROPAGATE[8].GENERATE  generate_i_574                3               11.261
  GENERATE_PROPAGATE[8].PROPAGATE propagate_i_684               3               38.787
  GENERATE_PROPAGATE[9].GENERATE  generate_i_573                3               11.261
  GENERATE_PROPAGATE[9].PROPAGATE propagate_i_683               3               38.787
  LEVEL_1[11].B1                  bolinha_515                   2               16.266
    LEVEL_1[11].B1/GENERATE       generate_ij_656               1                7.507
    LEVEL_1[11].B1/PROPAGATE      propagate_ij_766              1                8.758
  LEVEL_1[13].B1                  bolinha_514                   2               16.266
    LEVEL_1[13].B1/GENERATE       generate_ij_655               1                7.507
    LEVEL_1[13].B1/PROPAGATE      propagate_ij_765              1                8.758
  LEVEL_1[15].B1                  bolinha_513                   2               16.266
    LEVEL_1[15].B1/GENERATE       generate_ij_654               1                7.507
    LEVEL_1[15].B1/PROPAGATE      propagate_ij_764              1                8.758
  LEVEL_1[17].B1                  bolinha_512                   2               16.266
    LEVEL_1[17].B1/GENERATE       generate_ij_653               1                7.507
    LEVEL_1[17].B1/PROPAGATE      propagate_ij_763              1                8.758
  LEVEL_1[19].B1                  bolinha_511                   2               16.266
    LEVEL_1[19].B1/GENERATE       generate_ij_652               1                7.507
    LEVEL_1[19].B1/PROPAGATE      propagate_ij_762              1                8.758
  LEVEL_1[1].B1                   bolinha                       3               18.768
    LEVEL_1[1].B1/GENERATE        generate_ij                   2               12.512
    LEVEL_1[1].B1/PROPAGATE       propagate_ij                  1                6.256
  LEVEL_1[21].B1                  bolinha_510                   2               16.266
    LEVEL_1[21].B1/GENERATE       generate_ij_651               1                7.507
    LEVEL_1[21].B1/PROPAGATE      propagate_ij_761              1                8.758
  LEVEL_1[23].B1                  bolinha_509                   2               16.266
    LEVEL_1[23].B1/GENERATE       generate_ij_650               1                7.507
    LEVEL_1[23].B1/PROPAGATE      propagate_ij_760              1                8.758
  LEVEL_1[25].B1                  bolinha_508                   2               16.266
    LEVEL_1[25].B1/GENERATE       generate_ij_649               1                7.507
    LEVEL_1[25].B1/PROPAGATE      propagate_ij_759              1                8.758
  LEVEL_1[27].B1                  bolinha_507                   2               16.266
    LEVEL_1[27].B1/GENERATE       generate_ij_648               1                7.507
    LEVEL_1[27].B1/PROPAGATE      propagate_ij_758              1                8.758
  LEVEL_1[29].B1                  bolinha_506                   2               16.266
    LEVEL_1[29].B1/GENERATE       generate_ij_647               1                7.507
    LEVEL_1[29].B1/PROPAGATE      propagate_ij_757              1                8.758
  LEVEL_1[31].B1                  bolinha_505                   2               13.763
    LEVEL_1[31].B1/GENERATE       generate_ij_646               1                7.507
    LEVEL_1[31].B1/PROPAGATE      propagate_ij_756              1                6.256
  LEVEL_1[3].B1                   bolinha_519                   2               16.266
    LEVEL_1[3].B1/GENERATE        generate_ij_660               1                7.507
    LEVEL_1[3].B1/PROPAGATE       propagate_ij_770              1                8.758
  LEVEL_1[5].B1                   bolinha_518                   2               16.266
    LEVEL_1[5].B1/GENERATE        generate_ij_659               1                7.507
    LEVEL_1[5].B1/PROPAGATE       propagate_ij_769              1                8.758
  LEVEL_1[7].B1                   bolinha_517                   2               16.266
    LEVEL_1[7].B1/GENERATE        generate_ij_658               1                7.507
    LEVEL_1[7].B1/PROPAGATE       propagate_ij_768              1                8.758
  LEVEL_1[9].B1                   bolinha_516                   2               16.266
    LEVEL_1[9].B1/GENERATE        generate_ij_657               1                7.507
    LEVEL_1[9].B1/PROPAGATE       propagate_ij_767              1                8.758
  LEVEL_2[11].B2                  bolinha_500                   3               26.275
    LEVEL_2[11].B2/GENERATE       generate_ij_641               2               17.517
    LEVEL_2[11].B2/PROPAGATE      propagate_ij_751              1                8.758
  LEVEL_2[13].B2                  bolinha_499                   3               18.768
    LEVEL_2[13].B2/GENERATE       generate_ij_640               2               10.010
    LEVEL_2[13].B2/PROPAGATE      propagate_ij_750              1                8.758
  LEVEL_2[15].B2                  bolinha_498                   3               26.275
    LEVEL_2[15].B2/GENERATE       generate_ij_639               2               17.517
    LEVEL_2[15].B2/PROPAGATE      propagate_ij_749              1                8.758
  LEVEL_2[17].B2                  bolinha_497                   3               28.778
    LEVEL_2[17].B2/GENERATE       generate_ij_638               2               20.019
    LEVEL_2[17].B2/PROPAGATE      propagate_ij_748              1                8.758
  LEVEL_2[19].B2                  bolinha_496                   3               18.768
    LEVEL_2[19].B2/GENERATE       generate_ij_637               2               10.010
    LEVEL_2[19].B2/PROPAGATE      propagate_ij_747              1                8.758
  LEVEL_2[21].B2                  bolinha_495                   3               26.275
    LEVEL_2[21].B2/GENERATE       generate_ij_636               2               17.517
    LEVEL_2[21].B2/PROPAGATE      propagate_ij_746              1                8.758
  LEVEL_2[23].B2                  bolinha_494                   3               18.768
    LEVEL_2[23].B2/GENERATE       generate_ij_635               2               10.010
    LEVEL_2[23].B2/PROPAGATE      propagate_ij_745              1                8.758
  LEVEL_2[25].B2                  bolinha_493                   3               26.275
    LEVEL_2[25].B2/GENERATE       generate_ij_634               2               17.517
    LEVEL_2[25].B2/PROPAGATE      propagate_ij_744              1                8.758
  LEVEL_2[27].B2                  bolinha_492                   3               18.768
    LEVEL_2[27].B2/GENERATE       generate_ij_633               2               10.010
    LEVEL_2[27].B2/PROPAGATE      propagate_ij_743              1                8.758
  LEVEL_2[29].B2                  bolinha_491                   2               13.763
    LEVEL_2[29].B2/GENERATE       generate_ij_632               1                7.507
    LEVEL_2[29].B2/PROPAGATE      propagate_ij_742              1                6.256
  LEVEL_2[31].B2                  bolinha_490                   2               13.763
    LEVEL_2[31].B2/GENERATE       generate_ij_631               1                7.507
    LEVEL_2[31].B2/PROPAGATE      propagate_ij_741              1                6.256
  LEVEL_2[3].B2                   bolinha_504                   3               26.275
    LEVEL_2[3].B2/GENERATE        generate_ij_645               2               17.517
    LEVEL_2[3].B2/PROPAGATE       propagate_ij_755              1                8.758
  LEVEL_2[5].B2                   bolinha_503                   3               18.768
    LEVEL_2[5].B2/GENERATE        generate_ij_644               2               10.010
    LEVEL_2[5].B2/PROPAGATE       propagate_ij_754              1                8.758
  LEVEL_2[7].B2                   bolinha_502                   2               16.266
    LEVEL_2[7].B2/GENERATE        generate_ij_643               1                7.507
    LEVEL_2[7].B2/PROPAGATE       propagate_ij_753              1                8.758
  LEVEL_2[9].B2                   bolinha_501                   3               18.768
    LEVEL_2[9].B2/GENERATE        generate_ij_642               2               10.010
    LEVEL_2[9].B2/PROPAGATE       propagate_ij_752              1                8.758
  LEVEL_3[11].B4                  bolinha_486                   3               18.768
    LEVEL_3[11].B4/GENERATE       generate_ij_627               2               10.010
    LEVEL_3[11].B4/PROPAGATE      propagate_ij_737              1                8.758
  LEVEL_3[13].B4                  bolinha_485                   2               16.266
    LEVEL_3[13].B4/GENERATE       generate_ij_626               1                7.507
    LEVEL_3[13].B4/PROPAGATE      propagate_ij_736              1                8.758
  LEVEL_3[15].B4                  bolinha_484                   2               16.266
    LEVEL_3[15].B4/GENERATE       generate_ij_625               1                7.507
    LEVEL_3[15].B4/PROPAGATE      propagate_ij_735              1                8.758
  LEVEL_3[17].B4                  bolinha_483                   3               18.768
    LEVEL_3[17].B4/GENERATE       generate_ij_624               2               10.010
    LEVEL_3[17].B4/PROPAGATE      propagate_ij_734              1                8.758
  LEVEL_3[19].B4                  bolinha_482                   3               26.275
    LEVEL_3[19].B4/GENERATE       generate_ij_623               2               17.517
    LEVEL_3[19].B4/PROPAGATE      propagate_ij_733              1                8.758
  LEVEL_3[21].B4                  bolinha_481                   3               26.275
    LEVEL_3[21].B4/GENERATE       generate_ij_622               2               17.517
    LEVEL_3[21].B4/PROPAGATE      propagate_ij_732              1                8.758
  LEVEL_3[23].B4                  bolinha_480                   3               18.768
    LEVEL_3[23].B4/GENERATE       generate_ij_621               2               10.010
    LEVEL_3[23].B4/PROPAGATE      propagate_ij_731              1                8.758
  LEVEL_3[25].B4                  bolinha_479                   2               13.763
    LEVEL_3[25].B4/GENERATE       generate_ij_620               1                7.507
    LEVEL_3[25].B4/PROPAGATE      propagate_ij_730              1                6.256
  LEVEL_3[27].B4                  bolinha_478                   3               18.768
    LEVEL_3[27].B4/GENERATE       generate_ij_619               2               10.010
    LEVEL_3[27].B4/PROPAGATE      propagate_ij_729              1                8.758
  LEVEL_3[29].B4                  bolinha_477                   3               18.768
    LEVEL_3[29].B4/GENERATE       generate_ij_618               2               10.010
    LEVEL_3[29].B4/PROPAGATE      propagate_ij_728              1                8.758
  LEVEL_3[31].B4                  bolinha_476                   2               13.763
    LEVEL_3[31].B4/GENERATE       generate_ij_617               1                7.507
    LEVEL_3[31].B4/PROPAGATE      propagate_ij_727              1                6.256
  LEVEL_3[7].B4                   bolinha_488                   3               28.778
    LEVEL_3[7].B4/GENERATE        generate_ij_629               2               20.019
    LEVEL_3[7].B4/PROPAGATE       propagate_ij_739              1                8.758
  LEVEL_3[9].B4                   bolinha_487                   3               18.768
    LEVEL_3[9].B4/GENERATE        generate_ij_628               2               10.010
    LEVEL_3[9].B4/PROPAGATE       propagate_ij_738              1                8.758
  LEVEL_4[15].B8                  bolinha_472                   3               21.270
    LEVEL_4[15].B8/GENERATE       generate_ij_613               2               12.512
    LEVEL_4[15].B8/PROPAGATE      propagate_ij_723              1                8.758
  LEVEL_4[17].B8                  bolinha_471                   3               28.778
    LEVEL_4[17].B8/GENERATE       generate_ij_612               2               20.019
    LEVEL_4[17].B8/PROPAGATE      propagate_ij_722              1                8.758
  LEVEL_4[19].B8                  bolinha_470                   3               18.768
    LEVEL_4[19].B8/GENERATE       generate_ij_611               2               10.010
    LEVEL_4[19].B8/PROPAGATE      propagate_ij_721              1                8.758
  LEVEL_4[21].B8                  bolinha_469                   3               18.768
    LEVEL_4[21].B8/GENERATE       generate_ij_610               2               10.010
    LEVEL_4[21].B8/PROPAGATE      propagate_ij_720              1                8.758
  LEVEL_4[23].B8                  bolinha_468                   3               18.768
    LEVEL_4[23].B8/GENERATE       generate_ij_609               2               10.010
    LEVEL_4[23].B8/PROPAGATE      propagate_ij_719              1                8.758
  LEVEL_4[25].B8                  bolinha_467                   2               16.266
    LEVEL_4[25].B8/GENERATE       generate_ij_608               1                7.507
    LEVEL_4[25].B8/PROPAGATE      propagate_ij_718              1                8.758
  LEVEL_4[27].B8                  bolinha_466                   2               13.763
    LEVEL_4[27].B8/GENERATE       generate_ij_607               1                7.507
    LEVEL_4[27].B8/PROPAGATE      propagate_ij_717              1                6.256
  LEVEL_4[29].B8                  bolinha_465                   2               16.266
    LEVEL_4[29].B8/GENERATE       generate_ij_606               1                7.507
    LEVEL_4[29].B8/PROPAGATE      propagate_ij_716              1                8.758
  LEVEL_4[31].B8                  bolinha_464                   2               13.763
    LEVEL_4[31].B8/GENERATE       generate_ij_605               1                7.507
    LEVEL_4[31].B8/PROPAGATE      propagate_ij_715              1                6.256
  LEVEL_5[17].B9                  bolinha_463                   2               13.763
    LEVEL_5[17].B9/GENERATE       generate_ij_604               1                7.507
    LEVEL_5[17].B9/PROPAGATE      propagate_ij_714              1                6.256
  LEVEL_5[19].B9                  bolinha_462                   2               13.763
    LEVEL_5[19].B9/GENERATE       generate_ij_603               1                7.507
    LEVEL_5[19].B9/PROPAGATE      propagate_ij_713              1                6.256
  LEVEL_5[21].B9                  bolinha_461                   2               13.763
    LEVEL_5[21].B9/GENERATE       generate_ij_602               1                7.507
    LEVEL_5[21].B9/PROPAGATE      propagate_ij_712              1                6.256
  LEVEL_5[23].B9                  bolinha_460                   2               13.763
    LEVEL_5[23].B9/GENERATE       generate_ij_601               1                7.507
    LEVEL_5[23].B9/PROPAGATE      propagate_ij_711              1                6.256
  LEVEL_5[25].B9                  bolinha_459                   3               26.275
    LEVEL_5[25].B9/GENERATE       generate_ij_600               2               17.517
    LEVEL_5[25].B9/PROPAGATE      propagate_ij_710              1                8.758
  LEVEL_5[27].B9                  bolinha_458                   3               26.275
    LEVEL_5[27].B9/GENERATE       generate_ij_599               2               17.517
    LEVEL_5[27].B9/PROPAGATE      propagate_ij_709              1                8.758
  LEVEL_5[29].B9                  bolinha_457                   3               26.275
    LEVEL_5[29].B9/GENERATE       generate_ij_598               2               20.019
    LEVEL_5[29].B9/PROPAGATE      propagate_ij_708              1                6.256
  LEVEL_5[31].B9                  bolinha_456                   2               13.763
    LEVEL_5[31].B9/GENERATE       generate_ij_597               1                7.507
    LEVEL_5[31].B9/PROPAGATE      propagate_ij_707              1                6.256
  LEVEL_6[10].B10                 bolinha_451                   2               13.763
    LEVEL_6[10].B10/GENERATE      generate_ij_592               1                7.507
    LEVEL_6[10].B10/PROPAGATE     propagate_ij_702              1                6.256
  LEVEL_6[12].B10                 bolinha_450                   2               13.763
    LEVEL_6[12].B10/GENERATE      generate_ij_591               1                7.507
    LEVEL_6[12].B10/PROPAGATE     propagate_ij_701              1                6.256
  LEVEL_6[14].B10                 bolinha_449                   2               13.763
    LEVEL_6[14].B10/GENERATE      generate_ij_590               1                7.507
    LEVEL_6[14].B10/PROPAGATE     propagate_ij_700              1                6.256
  LEVEL_6[16].B10                 bolinha_448                   2               13.763
    LEVEL_6[16].B10/GENERATE      generate_ij_589               1                7.507
    LEVEL_6[16].B10/PROPAGATE     propagate_ij_699              1                6.256
  LEVEL_6[18].B10                 bolinha_447                   2               13.763
    LEVEL_6[18].B10/GENERATE      generate_ij_588               1                7.507
    LEVEL_6[18].B10/PROPAGATE     propagate_ij_698              1                6.256
  LEVEL_6[20].B10                 bolinha_446                   2               13.763
    LEVEL_6[20].B10/GENERATE      generate_ij_587               1                7.507
    LEVEL_6[20].B10/PROPAGATE     propagate_ij_697              1                6.256
  LEVEL_6[22].B10                 bolinha_445                   2               13.763
    LEVEL_6[22].B10/GENERATE      generate_ij_586               1                7.507
    LEVEL_6[22].B10/PROPAGATE     propagate_ij_696              1                6.256
  LEVEL_6[24].B10                 bolinha_444                   2               13.763
    LEVEL_6[24].B10/GENERATE      generate_ij_585               1                7.507
    LEVEL_6[24].B10/PROPAGATE     propagate_ij_695              1                6.256
  LEVEL_6[26].B10                 bolinha_443                   2               13.763
    LEVEL_6[26].B10/GENERATE      generate_ij_584               1                7.507
    LEVEL_6[26].B10/PROPAGATE     propagate_ij_694              1                6.256
  LEVEL_6[28].B10                 bolinha_442                   2               13.763
    LEVEL_6[28].B10/GENERATE      generate_ij_583               1                7.507
    LEVEL_6[28].B10/PROPAGATE     propagate_ij_693              1                6.256
  LEVEL_6[2].B10                  bolinha_455                   2               13.763
    LEVEL_6[2].B10/GENERATE       generate_ij_596               1                7.507
    LEVEL_6[2].B10/PROPAGATE      propagate_ij_706              1                6.256
  LEVEL_6[30].B10                 bolinha_441                   2               13.763
    LEVEL_6[30].B10/GENERATE      generate_ij_582               1                7.507
    LEVEL_6[30].B10/PROPAGATE     propagate_ij_692              1                6.256
  LEVEL_6[4].B10                  bolinha_454                   2               13.763
    LEVEL_6[4].B10/GENERATE       generate_ij_595               1                7.507
    LEVEL_6[4].B10/PROPAGATE      propagate_ij_705              1                6.256
  LEVEL_6[6].B10                  bolinha_453                   2               13.763
    LEVEL_6[6].B10/GENERATE       generate_ij_594               1                7.507
    LEVEL_6[6].B10/PROPAGATE      propagate_ij_704              1                6.256
  LEVEL_6[8].B10                  bolinha_452                   2               13.763
    LEVEL_6[8].B10/GENERATE       generate_ij_593               1                7.507
    LEVEL_6[8].B10/PROPAGATE      propagate_ij_703              1                6.256
  S0                              soutput                       1                8.758
  S1                              soutput_801                   1                8.758
  S10                             soutput_792                   1               12.512
  S11                             soutput_791                   2               15.014
  S12                             soutput_790                   1               12.512
  S13                             soutput_789                   2               15.014
  S14                             soutput_788                   1               12.512
  S15                             soutput_787                   2               15.014
  S16                             soutput_786                   1               12.512
  S17                             soutput_785                   2               18.768
  S18                             soutput_784                   1               25.024
  S19                             soutput_783                   2               18.768
  S2                              soutput_800                   1                8.758
  S20                             soutput_782                   1               25.024
  S21                             soutput_781                   2               18.768
  S22                             soutput_780                   1               15.014
  S23                             soutput_779                   2               18.768
  S24                             soutput_778                   1               25.024
  S25                             soutput_777                   2               18.768
  S26                             soutput_776                   1               15.014
  S27                             soutput_775                   2               18.768
  S28                             soutput_774                   1               15.014
  S29                             soutput_773                   2               18.768
  S3                              soutput_799                   1                8.758
  S30                             soutput_772                   2               15.014
  S31                             soutput_771                   2               18.768
  S4                              soutput_798                   1                8.758
  S5                              soutput_797                   1               12.512
  S6                              soutput_796                   1               12.512
  S7                              soutput_795                   1               12.512
  S8                              soutput_794                   1               12.512
  S9                              soutput_793                   1               12.512
