============================================================
  Generated by:           Genus(TM) Synthesis Solution 23.12-s086_1
  Generated on:           Apr 11 2025  02:58:26 pm
  Module:                 kogge_stone_32bits
  Operating conditions:   tt_025C_1v80 
  Interconnect mode:      global
  Area mode:              physical library
============================================================

Timing
-------
  Cost    Critical         Violating 
 Group   Path Slack  TNS     Paths   
-------------------------------------
default         0.1   0.0          0 
-------------------------------------
Total                 0.0          0 

Instance Count
--------------
Leaf Instance Count             442 
Physical Instance count           0 
Sequential Instance Count         0 
Combinational Instance Count    442 
Hierarchical Instance Count     515 

Area
----
Cell Area                          3131.754
Physical Cell Area                 0.000
Total Cell Area (Cell+Physical)    3131.754
Net Area                           2575.415
Total Area (Cell+Physical+Net)     5707.169

Max Fanout                         19 (Cin)
Min Fanout                         1 (C[0])
Average Fanout                     2.0
Terms to net ratio                 2.8817
Terms to instance ratio            3.3054
Runtime                            14.828993 seconds
Elapsed Runtime                    15 seconds
Genus peak memory usage            1895.93 
Innovus peak memory usage          no_value 
Hostname                           cadmicro-inf-el8-623207
