============================================================
  Generated by:           Genus(TM) Synthesis Solution 23.12-s086_1
  Generated on:           Jan 27 2025  02:58:02 pm
  Module:                 alu
  Technology libraries:   fast_vdd1v2 1.0
                          physical_cells 
                          fast_vdd1v2 1.0
                          physical_cells 
  Operating conditions:   PVT_1P32V_0C 
  Interconnect mode:      global
  Area mode:              physical library
============================================================

                                 
    Gate      Instances   Area       Library    
------------------------------------------------
ADDFX1LVT            15   76.950    fast_vdd1v2 
ADDHX1LVT             5   18.810    fast_vdd1v2 
AND2X1LVT             1    1.368    fast_vdd1v2 
AOI221X1LVT          16   38.304    fast_vdd1v2 
AOI22X1LVT            5   10.260    fast_vdd1v2 
DFFRHQX1LVT          51  313.956    fast_vdd1v2 
DFFRX1LVT             5   34.200    fast_vdd1v2 
INVX1LVT              5    3.420    fast_vdd1v2 
INVXLLVT              1    0.684    fast_vdd1v2 
MX2X1LVT             15   35.910    fast_vdd1v2 
MX3XLLVT              3   14.364    fast_vdd1v2 
NAND3BXLLVT           1    1.710    fast_vdd1v2 
NAND3X1LVT            1    1.710    fast_vdd1v2 
NOR2BX1LVT            4    5.472    fast_vdd1v2 
NOR2X1LVT             8    8.208    fast_vdd1v2 
NOR3BX1LVT            1    2.052    fast_vdd1v2 
OAI21X1LVT            1    1.710    fast_vdd1v2 
OAI22X1LVT            5   10.260    fast_vdd1v2 
OAI2BB1X1LVT         27   46.170    fast_vdd1v2 
OAI31X2LVT            1    3.762    fast_vdd1v2 
OAI32X1LVT            3    7.182    fast_vdd1v2 
XNOR2X1LVT           22   52.668    fast_vdd1v2 
------------------------------------------------
total               196  689.130                


                                        
     Type      Instances   Area  Area % 
----------------------------------------
sequential            56 348.156   50.5 
inverter               6   4.104    0.6 
logic                134 336.870   48.9 
physical_cells         0   0.000    0.0 
----------------------------------------
total                196 689.130  100.0 

