============================================================
  Generated by:           Genus(TM) Synthesis Solution 23.12-s086_1
  Generated on:           Apr 11 2025  03:51:45 pm
  Module:                 ladner_fischer_32bits
  Operating conditions:   tt_025C_1v80 
  Interconnect mode:      global
  Area mode:              physical library
============================================================


Path 1: MET (0 ps) Path Delay Check
     Startpoint: (F) A[3]
       Endpoint: (R) S[4]

                   Capture    Launch  
      Path Delay:+    1932         -  
      Drv Adjust:+       0         0  
         Arrival:=    1932            
                                      
   Required Time:=    1932            
       Data Path:-    1932            
           Slack:=       0            

Exceptions/Constraints:
  max_delay             1932            constraints.sdc_line_1 

#------------------------------------------------------------------------------------------------------------------------------------
#                Timing Point                 Flags   Arc   Edge           Cell             Fanout Load Trans Delay Arrival Instance 
#                                                                                                  (fF)  (ps)  (ps)   (ps)  Location 
#------------------------------------------------------------------------------------------------------------------------------------
  A[3]                                        -       -     F     (arrival)                      1  8.0  1000     0       0    (-,-) 
  g17/X                                       -       A->X  F     sky130_fd_sc_hd__buf_8         3 19.2    55   424     424    (-,-) 
  GENERATE_PROPAGATE[3].PROPAGATE/g29/Y       -       A->Y  R     sky130_fd_sc_hd__clkinv_4      1  5.9    24    45     468    (-,-) 
  GENERATE_PROPAGATE[3].PROPAGATE/g27__4733/Y -       B->Y  F     sky130_fd_sc_hd__nand2_2       1  9.7    73    57     525    (-,-) 
  GENERATE_PROPAGATE[3].PROPAGATE/g26__7482/Y -       B->Y  R     sky130_fd_sc_hd__nand2_4       3 12.1    59    86     612    (-,-) 
  LEVEL_1[3].B1/PROPAGATE/g11__5115/X         -       B->X  R     sky130_fd_sc_hd__and2_4        2  8.9    48   146     757    (-,-) 
  LEVEL_2[3].B2/GENERATE/g14__4733/Y          -       A->Y  F     sky130_fd_sc_hd__nand2_2       1  9.7    49    58     815    (-,-) 
  LEVEL_2[3].B2/GENERATE/g13__7482/Y          -       B->Y  R     sky130_fd_sc_hd__nand2b_4      2  8.7    52    69     884    (-,-) 
  fopt78/X                                    -       A->X  R     sky130_fd_sc_hd__clkbuf_1      3 10.1   129   141    1026    (-,-) 
  C3/g13__4319/X                              -       B1->X R     sky130_fd_sc_hd__a21o_1        1  5.8    66   116    1142    (-,-) 
  S4/g10__5477/X                              -       B->X  R     sky130_fd_sc_hd__xor2_1        1 51.3  1010   789    1931    (-,-) 
  S[4]                                        <<<     -     R     (port)                         -    -     -     0    1932    (-,-) 
#------------------------------------------------------------------------------------------------------------------------------------

