============================================================
  Generated by:           Genus(TM) Synthesis Solution 23.12-s086_1
  Generated on:           Apr 11 2025  04:36:41 pm
  Module:                 han_carlson_32bits
  Operating conditions:   tt_025C_1v80 
  Interconnect mode:      global
  Area mode:              physical library
============================================================

Timing
-------
  Cost    Critical         Violating 
 Group   Path Slack  TNS     Paths   
-------------------------------------
default      1785.6   0.0          0 
-------------------------------------
Total                 0.0          0 

Instance Count
--------------
Leaf Instance Count             288 
Physical Instance count           0 
Sequential Instance Count         0 
Combinational Instance Count    288 
Hierarchical Instance Count     368 

Area
----
Cell Area                          2102.016
Physical Cell Area                 0.000
Total Cell Area (Cell+Physical)    2102.016
Net Area                           1806.428
Total Area (Cell+Physical+Net)     3908.444

Max Fanout                         33 (Cin)
Min Fanout                         1 (C[0])
Average Fanout                     2.0
Terms to net ratio                 2.7649
Terms to instance ratio            3.3889
Runtime                            13.87608 seconds
Elapsed Runtime                    13 seconds
Genus peak memory usage            1892.92 
Innovus peak memory usage          no_value 
Hostname                           cadmicro-inf-el8-623207
