============================================================
  Generated by:           Genus(TM) Synthesis Solution 23.12-s086_1
  Generated on:           Apr 14 2025  12:52:56 pm
  Module:                 signal_32bits
  Operating conditions:   tt_025C_1v80 
  Interconnect mode:      global
  Area mode:              physical library
============================================================


Path 1: MET (6 ps) Path Delay Check
     Startpoint: (F) A[0]
       Endpoint: (R) S[31]

                   Capture    Launch  
      Path Delay:+   12500         -  
      Drv Adjust:+       0         0  
         Arrival:=   12500            
                                      
   Required Time:=   12500            
       Data Path:-   12494            
           Slack:=       6            

Exceptions/Constraints:
  max_delay            12500            constraints.sdc_line_1 

#----------------------------------------------------------------------------------------------------------------------------
#          Timing Point           Flags     Arc     Edge           Cell             Fanout Load Trans Delay Arrival Instance 
#                                                                                          (fF)  (ps)  (ps)   (ps)  Location 
#----------------------------------------------------------------------------------------------------------------------------
  A[0]                            -       -         F     (arrival)                      1  5.6  1000     0       0    (-,-) 
  g15/Y                           -       A->Y      R     sky130_fd_sc_hd__inv_2         1  5.9   164   236     236    (-,-) 
  g14/Y                           -       A->Y      F     sky130_fd_sc_hd__inv_2         1  3.6    36    43     279    (-,-) 
  g836/COUT                       -       A->COUT   F     sky130_fd_sc_hd__fahcin_1      1  3.5   104   281     561    (-,-) 
  g3/Y                            -       A->Y      R     sky130_fd_sc_hd__inv_1         1  6.3    69    93     654    (-,-) 
  g837/COUT                       -       CIN->COUT F     sky130_fd_sc_hd__fahcin_1      2  8.4   145   118     772    (-,-) 
  g832/X                          -       A1->X     F     sky130_fd_sc_hd__a21bo_1       2  8.4    60   228    1000    (-,-) 
  g2/X                            -       A1->X     F     sky130_fd_sc_hd__a21o_1        2  8.1    57   181    1181    (-,-) 
  addinc_add_7_30_g801__5107/Y    -       B1->Y     R     sky130_fd_sc_hd__o21ai_1       1  3.8   250    82    1264    (-,-) 
  addinc_add_7_30_g799__5477/Y    -       B->Y      F     sky130_fd_sc_hd__nand2b_1      1  5.8    79   111    1375    (-,-) 
  addinc_add_7_30_g798__6417/COUT -       CIN->COUT F     sky130_fd_sc_hd__fa_1          1  5.8    96   390    1765    (-,-) 
  addinc_add_7_30_g797__7410/COUT -       CIN->COUT F     sky130_fd_sc_hd__fa_1          1  5.8    96   396    2161    (-,-) 
  addinc_add_7_30_g796__1666/COUT -       CIN->COUT F     sky130_fd_sc_hd__fa_1          1  5.8    96   396    2558    (-,-) 
  addinc_add_7_30_g795__2346/COUT -       CIN->COUT F     sky130_fd_sc_hd__fa_1          1  5.8    96   396    2954    (-,-) 
  addinc_add_7_30_g794__2883/COUT -       CIN->COUT F     sky130_fd_sc_hd__fa_1          1  5.8    96   396    3350    (-,-) 
  addinc_add_7_30_g793__9945/COUT -       CIN->COUT F     sky130_fd_sc_hd__fa_1          1  5.8    96   396    3746    (-,-) 
  addinc_add_7_30_g792__9315/COUT -       CIN->COUT F     sky130_fd_sc_hd__fa_1          1  5.8    96   396    4143    (-,-) 
  addinc_add_7_30_g791__6161/COUT -       CIN->COUT F     sky130_fd_sc_hd__fa_1          1  5.8    96   396    4539    (-,-) 
  addinc_add_7_30_g790__4733/COUT -       CIN->COUT F     sky130_fd_sc_hd__fa_1          1  5.8    96   396    4935    (-,-) 
  addinc_add_7_30_g789__7482/COUT -       CIN->COUT F     sky130_fd_sc_hd__fa_1          1  5.8    96   396    5332    (-,-) 
  addinc_add_7_30_g788__5115/COUT -       CIN->COUT F     sky130_fd_sc_hd__fa_1          1  5.8    96   396    5728    (-,-) 
  addinc_add_7_30_g787__1881/COUT -       CIN->COUT F     sky130_fd_sc_hd__fa_1          1  5.8    96   396    6124    (-,-) 
  addinc_add_7_30_g786__6131/COUT -       CIN->COUT F     sky130_fd_sc_hd__fa_1          1  5.8    96   396    6521    (-,-) 
  addinc_add_7_30_g785__7098/COUT -       CIN->COUT F     sky130_fd_sc_hd__fa_1          1  5.8    96   396    6917    (-,-) 
  addinc_add_7_30_g784__8246/COUT -       CIN->COUT F     sky130_fd_sc_hd__fa_1          1  5.8    96   396    7313    (-,-) 
  addinc_add_7_30_g783__5122/COUT -       CIN->COUT F     sky130_fd_sc_hd__fa_1          1  5.8    96   396    7710    (-,-) 
  addinc_add_7_30_g782__1705/COUT -       CIN->COUT F     sky130_fd_sc_hd__fa_1          1  5.8    96   396    8106    (-,-) 
  addinc_add_7_30_g781__2802/COUT -       CIN->COUT F     sky130_fd_sc_hd__fa_1          1  5.8    96   396    8502    (-,-) 
  addinc_add_7_30_g780__1617/COUT -       CIN->COUT F     sky130_fd_sc_hd__fa_1          1  5.8    96   396    8898    (-,-) 
  addinc_add_7_30_g779__3680/COUT -       CIN->COUT F     sky130_fd_sc_hd__fa_1          1  5.8    96   396    9295    (-,-) 
  addinc_add_7_30_g778__6783/COUT -       CIN->COUT F     sky130_fd_sc_hd__fa_1          1  5.8    96   396    9691    (-,-) 
  addinc_add_7_30_g777__5526/COUT -       CIN->COUT F     sky130_fd_sc_hd__fa_1          1  5.8    96   396   10087    (-,-) 
  addinc_add_7_30_g776__8428/COUT -       CIN->COUT F     sky130_fd_sc_hd__fa_1          1  5.8    96   396   10484    (-,-) 
  addinc_add_7_30_g775__4319/COUT -       CIN->COUT F     sky130_fd_sc_hd__fa_1          1  5.8    96   396   10880    (-,-) 
  addinc_add_7_30_g774__6260/COUT -       CIN->COUT F     sky130_fd_sc_hd__fa_1          1  5.8    96   396   11276    (-,-) 
  addinc_add_7_30_g773__5107/COUT -       CIN->COUT F     sky130_fd_sc_hd__fa_1          1  5.8    96   396   11672    (-,-) 
  addinc_add_7_30_g772__2398/SUM  -       CIN->SUM  R     sky130_fd_sc_hd__fa_1          1 51.3   506   822   12494    (-,-) 
  S[31]                           <<<     -         R     (port)                         -    -     -     0   12494    (-,-) 
#----------------------------------------------------------------------------------------------------------------------------

