============================================================
  Generated by:           Genus(TM) Synthesis Solution 23.12-s086_1
  Generated on:           Apr 11 2025  03:02:42 pm
  Module:                 brent_kung_32bits
  Operating conditions:   tt_025C_1v80 
  Interconnect mode:      global
  Area mode:              physical library
============================================================


Path 1: MET (1 ps) Path Delay Check
     Startpoint: (F) A[9]
       Endpoint: (R) S[31]

                   Capture    Launch  
      Path Delay:+    1980         -  
      Drv Adjust:+       0         0  
         Arrival:=    1980            
                                      
   Required Time:=    1980            
       Data Path:-    1979            
           Slack:=       1            

Exceptions/Constraints:
  max_delay             1980            constraints.sdc_line_1 

#----------------------------------------------------------------------------------------------------------------------------
#            Timing Point             Flags   Arc   Edge           Cell             Fanout Load Trans Delay Arrival Instance 
#                                                                                          (fF)  (ps)  (ps)   (ps)  Location 
#----------------------------------------------------------------------------------------------------------------------------
  A[9]                                -       -     F     (arrival)                      1  3.3  1000     0       0    (-,-) 
  g74/X                               -       A->X  F     sky130_fd_sc_hd__buf_1         3 15.2   107   373     373    (-,-) 
  GENERATE_PROPAGATE[9].GENERATE/g2/X -       B->X  F     sky130_fd_sc_hd__and2_1        1  3.5    39   182     556    (-,-) 
  LEVEL_1[9].B1/GENERATE/g19__4319/X  -       B1->X F     sky130_fd_sc_hd__a21o_1        2  6.4    50   164     720    (-,-) 
  LEVEL_2[11].B2/GENERATE/g20__6783/Y -       A->Y  R     sky130_fd_sc_hd__nand2_1       1  5.9    71    75     795    (-,-) 
  LEVEL_2[11].B2/GENERATE/g19__5526/Y -       A->Y  F     sky130_fd_sc_hd__nand2_2       2  6.4    41    55     850    (-,-) 
  LEVEL_3[15].B3/GENERATE/g2/X        -       A1->X F     sky130_fd_sc_hd__a21o_1        1  6.1    48   164    1014    (-,-) 
  LEVEL_4[15].B4/GENERATE/g21/Y       -       A->Y  R     sky130_fd_sc_hd__clkinv_2      1 10.6    46    59    1073    (-,-) 
  LEVEL_4[15].B4/GENERATE/g19__5107/Y -       B->Y  F     sky130_fd_sc_hd__nand2_4       4 13.6    45    56    1128    (-,-) 
  B6/GENERATE/g20__4319/Y             -       A->Y  R     sky130_fd_sc_hd__nand2_2       1 10.1    72    73    1202    (-,-) 
  B6/GENERATE/g19__6260/Y             -       A->Y  F     sky130_fd_sc_hd__nand2_4       3 15.1    48    61    1263    (-,-) 
  LEVEL_7[27].B7/GENERATE/g20__8246/Y -       A->Y  R     sky130_fd_sc_hd__nand2_4       1 10.1    56    61    1324    (-,-) 
  LEVEL_7[27].B7/GENERATE/g19__5122/Y -       A->Y  F     sky130_fd_sc_hd__nand2_4       3 11.3    38    50    1374    (-,-) 
  LEVEL_8[29].B8/GENERATE/g3__2398/Y  -       A->Y  R     sky130_fd_sc_hd__nand2_2       1  6.1    54    56    1430    (-,-) 
  LEVEL_8[29].B8/GENERATE/g2__5477/Y  -       B->Y  F     sky130_fd_sc_hd__nand2b_2      2  8.5    62    68    1498    (-,-) 
  LEVEL_9[30].B9/GENERATE/g20__8428/Y -       A->Y  R     sky130_fd_sc_hd__nand2_2       1  5.9    70    66    1564    (-,-) 
  LEVEL_9[30].B9/GENERATE/g19__4319/Y -       A->Y  F     sky130_fd_sc_hd__nand2_2       1  5.6    38    52    1616    (-,-) 
  C30/g22/Y                           -       A->Y  R     sky130_fd_sc_hd__inv_2         1 10.6    56    63    1678    (-,-) 
  C30/g19__9945/Y                     -       B->Y  F     sky130_fd_sc_hd__nand2_4       2 10.5    38    54    1732    (-,-) 
  S31/g19/Y                           -       A->Y  R     sky130_fd_sc_hd__inv_2         1 10.1    53    61    1793    (-,-) 
  S31/g17__6161/Y                     -       A->Y  F     sky130_fd_sc_hd__nand2_4       1 17.7   103    60    1853    (-,-) 
  S31/g15__7482/Y                     -       A->Y  R     sky130_fd_sc_hd__nand2_8       1 51.3   109   126    1979    (-,-) 
  S[31]                               <<<     -     R     (port)                         -    -     -     0    1979    (-,-) 
#----------------------------------------------------------------------------------------------------------------------------

