============================================================
  Generated by:           Genus(TM) Synthesis Solution 23.12-s086_1
  Generated on:           Apr 11 2025  02:29:21 pm
  Module:                 cla_16bits
  Operating conditions:   tt_025C_1v80 
  Interconnect mode:      global
  Area mode:              physical library
============================================================


Path 1: VIOLATED (-38 ps) Path Delay Check
     Startpoint: (F) B[7]
       Endpoint: (R) S[14]

                   Capture    Launch  
      Path Delay:+    1470         -  
      Drv Adjust:+       0         0  
         Arrival:=    1470            
                                      
   Required Time:=    1470            
       Data Path:-    1508            
           Slack:=     -38            

Exceptions/Constraints:
  max_delay             1470            constraints.sdc_line_1 

#------------------------------------------------------------------------------------------------------------------------------
#             Timing Point              Flags   Arc   Edge           Cell             Fanout Load Trans Delay Arrival Instance 
#                                                                                            (fF)  (ps)  (ps)   (ps)  Location 
#------------------------------------------------------------------------------------------------------------------------------
  B[7]                                  -       -     F     (arrival)                      2  5.9  1000     0       0    (-,-) 
  g58/X                                 -       A->X  F     sky130_fd_sc_hd__clkbuf_1      2  8.3    74   341     341    (-,-) 
  GENERATE_PROPAGATE[7].PROPAGATE/g22/Y -       A->Y  R     sky130_fd_sc_hd__inv_1         1  5.9    62    79     420    (-,-) 
  GENERATE_PROPAGATE[7].PROPAGATE/g17/Y -       B->Y  F     sky130_fd_sc_hd__nand2_2       1  9.7    60    68     488    (-,-) 
  GENERATE_PROPAGATE[7].PROPAGATE/g16/Y -       B->Y  R     sky130_fd_sc_hd__nand2_4       4 17.4    72    91     579    (-,-) 
  CLA2/fopt541/Y                        -       A->Y  F     sky130_fd_sc_hd__clkinv_2      1  5.6    35    55     634    (-,-) 
  CLA2/g2/Y                             -       A->Y  R     sky130_fd_sc_hd__nand2_2       1  5.9    51    54     688    (-,-) 
  CLA2/g1/Y                             -       A->Y  F     sky130_fd_sc_hd__nand2_2       1  5.5    34    47     736    (-,-) 
  CLA2/g523__539/Y                      -       B1->Y R     sky130_fd_sc_hd__o21ai_2       2  9.1   150    68     803    (-,-) 
  CLA5/g274__277/Y                      -       A1->Y F     sky130_fd_sc_hd__a21oi_2       1  5.6    54    77     880    (-,-) 
  CLA5/g270__276/Y                      -       A->Y  R     sky130_fd_sc_hd__nand2_2       4 14.4    93    93     973    (-,-) 
  CLA6/g354__1881/Y                     -       A->Y  F     sky130_fd_sc_hd__nand2_2       1  5.6    43    58    1030    (-,-) 
  CLA6/g350__5122/Y                     -       A->Y  R     sky130_fd_sc_hd__nand2_2       2  8.3    63    66    1096    (-,-) 
  CLA6/g349/X                           -       A->X  R     sky130_fd_sc_hd__buf_2         1  5.9    42   109    1206    (-,-) 
  C13/g22/Y                             -       A->Y  F     sky130_fd_sc_hd__inv_2         1  9.6    27    38    1244    (-,-) 
  C13/g19__6161/Y                       -       A->Y  R     sky130_fd_sc_hd__nand2_4       2 11.1    57    54    1298    (-,-) 
  S14/g16__5115/Y                       -       A->Y  F     sky130_fd_sc_hd__nand2_2       1 17.6    78    83    1381    (-,-) 
  S14/g14/Y                             -       B->Y  R     sky130_fd_sc_hd__nand2_8       1 51.3   109   127    1508    (-,-) 
  S[14]                                 <<<     -     R     (port)                         -    -     -     0    1508    (-,-) 
#------------------------------------------------------------------------------------------------------------------------------

