    Hinst Name                    Module Name          Inst Count           Total Area
-----------------------------------------------------------------------------------
brent_kung_32bits                                             406             3064.189
  B5                              bolinha_375                   2               13.763
    B5/GENERATE                   generate_ij_493               1                7.507
    B5/PROPAGATE                  propagate_ij_580              1                6.256
  B6                              bolinha_374                   5               46.294
    B6/GENERATE                   generate_ij_492               4               37.536
    B6/PROPAGATE                  propagate_ij_579              1                8.758
  C0                              carry                         1                7.507
  C1                              carry_435                     1                7.507
  C10                             carry_426                     1                7.507
  C11                             carry_425                     1                7.507
  C12                             carry_424                     1                7.507
  C13                             carry_423                     1                7.507
  C14                             carry_422                     2               17.517
  C15                             carry_421                     1                7.507
  C16                             carry_420                     1                7.507
  C17                             carry_419                     1                7.507
  C18                             carry_418                     2               17.517
  C19                             carry_417                     1                7.507
  C2                              carry_434                     1                7.507
  C20                             carry_416                     2               17.517
  C21                             carry_415                     1                7.507
  C22                             carry_414                     3               13.763
  C23                             carry_413                     1                7.507
  C24                             carry_412                     2               17.517
  C25                             carry_411                     1                7.507
  C26                             carry_410                     3               13.763
  C27                             carry_409                     2               17.517
  C28                             carry_408                     3               13.763
  C29                             carry_407                     3               13.763
  C3                              carry_433                     1                7.507
  C30                             carry_406                     3               27.526
  C31                             carry_405                     1                8.758
  C4                              carry_432                     1                7.507
  C5                              carry_431                     1                7.507
  C6                              carry_430                     1                7.507
  C7                              carry_429                     1                7.507
  C8                              carry_428                     1                7.507
  C9                              carry_427                     1                7.507
  GENERATE_PROPAGATE[0].GENERATE  generate_i                    1                8.758
  GENERATE_PROPAGATE[0].PROPAGATE propagate_i                   5               18.768
  GENERATE_PROPAGATE[10].GENERATE generate_i_457                1                6.256
  GENERATE_PROPAGATE[10].PROPAGATE propagate_i_544               1               16.266
  GENERATE_PROPAGATE[11].GENERATE generate_i_456                1                6.256
  GENERATE_PROPAGATE[11].PROPAGATE propagate_i_543               5               21.270
  GENERATE_PROPAGATE[12].GENERATE generate_i_455                1                8.758
  GENERATE_PROPAGATE[12].PROPAGATE propagate_i_542               5               21.270
  GENERATE_PROPAGATE[13].GENERATE generate_i_454                1                6.256
  GENERATE_PROPAGATE[13].PROPAGATE propagate_i_541               5               22.522
  GENERATE_PROPAGATE[14].GENERATE generate_i_453                1                8.758
  GENERATE_PROPAGATE[14].PROPAGATE propagate_i_540               1               27.526
  GENERATE_PROPAGATE[15].GENERATE generate_i_452                1                6.256
  GENERATE_PROPAGATE[15].PROPAGATE propagate_i_539               5               20.019
  GENERATE_PROPAGATE[16].GENERATE generate_i_451                1                8.758
  GENERATE_PROPAGATE[16].PROPAGATE propagate_i_538               3               26.275
  GENERATE_PROPAGATE[17].GENERATE generate_i_450                1                6.256
  GENERATE_PROPAGATE[17].PROPAGATE propagate_i_537               4               27.526
  GENERATE_PROPAGATE[18].GENERATE generate_i_449                1                6.256
  GENERATE_PROPAGATE[18].PROPAGATE propagate_i_536               5               18.768
  GENERATE_PROPAGATE[19].GENERATE generate_i_448                1                6.256
  GENERATE_PROPAGATE[19].PROPAGATE propagate_i_535               4               27.526
  GENERATE_PROPAGATE[1].GENERATE  generate_i_466                1                6.256
  GENERATE_PROPAGATE[1].PROPAGATE propagate_i_553               4               27.526
  GENERATE_PROPAGATE[20].GENERATE generate_i_447                1                6.256
  GENERATE_PROPAGATE[20].PROPAGATE propagate_i_534               5               21.270
  GENERATE_PROPAGATE[21].GENERATE generate_i_446                1                6.256
  GENERATE_PROPAGATE[21].PROPAGATE propagate_i_533               5               18.768
  GENERATE_PROPAGATE[22].GENERATE generate_i_445                1                6.256
  GENERATE_PROPAGATE[22].PROPAGATE propagate_i_532               1               16.266
  GENERATE_PROPAGATE[23].GENERATE generate_i_444                1                6.256
  GENERATE_PROPAGATE[23].PROPAGATE propagate_i_531               3               33.782
  GENERATE_PROPAGATE[24].GENERATE generate_i_443                1                6.256
  GENERATE_PROPAGATE[24].PROPAGATE propagate_i_530               1                8.758
  GENERATE_PROPAGATE[25].GENERATE generate_i_442                1                6.256
  GENERATE_PROPAGATE[25].PROPAGATE propagate_i_529               1                8.758
  GENERATE_PROPAGATE[26].GENERATE generate_i_441                1                6.256
  GENERATE_PROPAGATE[26].PROPAGATE propagate_i_528               1                8.758
  GENERATE_PROPAGATE[27].GENERATE generate_i_440                1                6.256
  GENERATE_PROPAGATE[27].PROPAGATE propagate_i_527               1               16.266
  GENERATE_PROPAGATE[28].GENERATE generate_i_439                1                6.256
  GENERATE_PROPAGATE[28].PROPAGATE propagate_i_526               1                8.758
  GENERATE_PROPAGATE[29].GENERATE generate_i_438                1                6.256
  GENERATE_PROPAGATE[29].PROPAGATE propagate_i_525               1                8.758
  GENERATE_PROPAGATE[2].GENERATE  generate_i_465                1                8.758
  GENERATE_PROPAGATE[2].PROPAGATE propagate_i_552               1               27.526
  GENERATE_PROPAGATE[30].GENERATE generate_i_437                1                6.256
  GENERATE_PROPAGATE[30].PROPAGATE propagate_i_524               2               12.512
  GENERATE_PROPAGATE[31].GENERATE generate_i_436                1                6.256
  GENERATE_PROPAGATE[31].PROPAGATE propagate_i_523               2               12.512
  GENERATE_PROPAGATE[3].GENERATE  generate_i_464                1                6.256
  GENERATE_PROPAGATE[3].PROPAGATE propagate_i_551               1               27.526
  GENERATE_PROPAGATE[4].GENERATE  generate_i_463                1                8.758
  GENERATE_PROPAGATE[4].PROPAGATE propagate_i_550               2               43.792
  GENERATE_PROPAGATE[5].GENERATE  generate_i_462                1                6.256
  GENERATE_PROPAGATE[5].PROPAGATE propagate_i_549               4               30.029
  GENERATE_PROPAGATE[6].GENERATE  generate_i_461                1                6.256
  GENERATE_PROPAGATE[6].PROPAGATE propagate_i_548               4               27.526
  GENERATE_PROPAGATE[7].GENERATE  generate_i_460                1                6.256
  GENERATE_PROPAGATE[7].PROPAGATE propagate_i_547               1               16.266
  GENERATE_PROPAGATE[8].GENERATE  generate_i_459                1                8.758
  GENERATE_PROPAGATE[8].PROPAGATE propagate_i_546               1               27.526
  GENERATE_PROPAGATE[9].GENERATE  generate_i_458                1                6.256
  GENERATE_PROPAGATE[9].PROPAGATE propagate_i_545               4               30.029
  LEVEL_1[11].B1                  bolinha_400                   2               16.266
    LEVEL_1[11].B1/GENERATE       generate_ij_518               1                7.507
    LEVEL_1[11].B1/PROPAGATE      propagate_ij_605              1                8.758
  LEVEL_1[13].B1                  bolinha_399                   2               16.266
    LEVEL_1[13].B1/GENERATE       generate_ij_517               1                7.507
    LEVEL_1[13].B1/PROPAGATE      propagate_ij_604              1                8.758
  LEVEL_1[15].B1                  bolinha_398                   2               16.266
    LEVEL_1[15].B1/GENERATE       generate_ij_516               1                7.507
    LEVEL_1[15].B1/PROPAGATE      propagate_ij_603              1                8.758
  LEVEL_1[17].B1                  bolinha_397                   2               16.266
    LEVEL_1[17].B1/GENERATE       generate_ij_515               1                7.507
    LEVEL_1[17].B1/PROPAGATE      propagate_ij_602              1                8.758
  LEVEL_1[19].B1                  bolinha_396                   2               16.266
    LEVEL_1[19].B1/GENERATE       generate_ij_514               1                7.507
    LEVEL_1[19].B1/PROPAGATE      propagate_ij_601              1                8.758
  LEVEL_1[1].B1                   bolinha                       2               16.266
    LEVEL_1[1].B1/GENERATE        generate_ij                   1                7.507
    LEVEL_1[1].B1/PROPAGATE       propagate_ij                  1                8.758
  LEVEL_1[21].B1                  bolinha_395                   2               13.763
    LEVEL_1[21].B1/GENERATE       generate_ij_513               1                7.507
    LEVEL_1[21].B1/PROPAGATE      propagate_ij_600              1                6.256
  LEVEL_1[23].B1                  bolinha_394                   2               13.763
    LEVEL_1[23].B1/GENERATE       generate_ij_512               1                7.507
    LEVEL_1[23].B1/PROPAGATE      propagate_ij_599              1                6.256
  LEVEL_1[25].B1                  bolinha_393                   2               13.763
    LEVEL_1[25].B1/GENERATE       generate_ij_511               1                7.507
    LEVEL_1[25].B1/PROPAGATE      propagate_ij_598              1                6.256
  LEVEL_1[27].B1                  bolinha_392                   2               13.763
    LEVEL_1[27].B1/GENERATE       generate_ij_510               1                7.507
    LEVEL_1[27].B1/PROPAGATE      propagate_ij_597              1                6.256
  LEVEL_1[29].B1                  bolinha_391                   2               16.266
    LEVEL_1[29].B1/GENERATE       generate_ij_509               1                7.507
    LEVEL_1[29].B1/PROPAGATE      propagate_ij_596              1                8.758
  LEVEL_1[31].B1                  bolinha_390                   2               13.763
    LEVEL_1[31].B1/GENERATE       generate_ij_508               1                7.507
    LEVEL_1[31].B1/PROPAGATE      propagate_ij_595              1                6.256
  LEVEL_1[3].B1                   bolinha_404                   2               16.266
    LEVEL_1[3].B1/GENERATE        generate_ij_522               1                7.507
    LEVEL_1[3].B1/PROPAGATE       propagate_ij_609              1                8.758
  LEVEL_1[5].B1                   bolinha_403                   2               16.266
    LEVEL_1[5].B1/GENERATE        generate_ij_521               1                7.507
    LEVEL_1[5].B1/PROPAGATE       propagate_ij_608              1                8.758
  LEVEL_1[7].B1                   bolinha_402                   3               20.019
    LEVEL_1[7].B1/GENERATE        generate_ij_520               2               11.261
    LEVEL_1[7].B1/PROPAGATE       propagate_ij_607              1                8.758
  LEVEL_1[9].B1                   bolinha_401                   2               16.266
    LEVEL_1[9].B1/GENERATE        generate_ij_519               1                7.507
    LEVEL_1[9].B1/PROPAGATE       propagate_ij_606              1                8.758
  LEVEL_2[11].B2                  bolinha_387                   4               22.522
    LEVEL_2[11].B2/GENERATE       generate_ij_505               2               12.512
    LEVEL_2[11].B2/PROPAGATE      propagate_ij_592              2               10.010
  LEVEL_2[15].B2                  bolinha_386                   2               16.266
    LEVEL_2[15].B2/GENERATE       generate_ij_504               1                7.507
    LEVEL_2[15].B2/PROPAGATE      propagate_ij_591              1                8.758
  LEVEL_2[19].B2                  bolinha_385                   2               16.266
    LEVEL_2[19].B2/GENERATE       generate_ij_503               1                7.507
    LEVEL_2[19].B2/PROPAGATE      propagate_ij_590              1                8.758
  LEVEL_2[23].B2                  bolinha_384                   2               16.266
    LEVEL_2[23].B2/GENERATE       generate_ij_502               1                7.507
    LEVEL_2[23].B2/PROPAGATE      propagate_ij_589              1                8.758
  LEVEL_2[27].B2                  bolinha_383                   2               16.266
    LEVEL_2[27].B2/GENERATE       generate_ij_501               1                7.507
    LEVEL_2[27].B2/PROPAGATE      propagate_ij_588              1                8.758
  LEVEL_2[31].B2                  bolinha_382                   2               13.763
    LEVEL_2[31].B2/GENERATE       generate_ij_500               1                7.507
    LEVEL_2[31].B2/PROPAGATE      propagate_ij_587              1                6.256
  LEVEL_2[3].B2                   bolinha_389                   5               40.038
    LEVEL_2[3].B2/GENERATE        generate_ij_507               3               22.522
    LEVEL_2[3].B2/PROPAGATE       propagate_ij_594              2               17.517
  LEVEL_2[7].B2                   bolinha_388                   5               22.522
    LEVEL_2[7].B2/GENERATE        generate_ij_506               3               11.261
    LEVEL_2[7].B2/PROPAGATE       propagate_ij_593              2               11.261
  LEVEL_3[15].B3                  bolinha_380                   4               22.522
    LEVEL_3[15].B3/GENERATE       generate_ij_498               3               13.763
    LEVEL_3[15].B3/PROPAGATE      propagate_ij_585              1                8.758
  LEVEL_3[23].B3                  bolinha_379                   2               16.266
    LEVEL_3[23].B3/GENERATE       generate_ij_497               1                7.507
    LEVEL_3[23].B3/PROPAGATE      propagate_ij_584              1                8.758
  LEVEL_3[31].B3                  bolinha_378                   2               13.763
    LEVEL_3[31].B3/GENERATE       generate_ij_496               1                7.507
    LEVEL_3[31].B3/PROPAGATE      propagate_ij_583              1                6.256
  LEVEL_3[7].B3                   bolinha_381                   5               41.290
    LEVEL_3[7].B3/GENERATE        generate_ij_499               3               21.270
    LEVEL_3[7].B3/PROPAGATE       propagate_ij_586              2               20.019
  LEVEL_4[15].B4                  bolinha_377                   5               45.043
    LEVEL_4[15].B4/GENERATE       generate_ij_495               3               27.526
    LEVEL_4[15].B4/PROPAGATE      propagate_ij_582              2               17.517
  LEVEL_4[31].B4                  bolinha_376                   2               13.763
    LEVEL_4[31].B4/GENERATE       generate_ij_494               1                7.507
    LEVEL_4[31].B4/PROPAGATE      propagate_ij_581              1                6.256
  LEVEL_7[11].B7                  bolinha_373                   3               18.768
    LEVEL_7[11].B7/GENERATE       generate_ij_491               2               12.512
    LEVEL_7[11].B7/PROPAGATE      propagate_ij_578              1                6.256
  LEVEL_7[19].B7                  bolinha_372                   3               18.768
    LEVEL_7[19].B7/GENERATE       generate_ij_490               2               12.512
    LEVEL_7[19].B7/PROPAGATE      propagate_ij_577              1                6.256
  LEVEL_7[27].B7                  bolinha_371                   4               35.034
    LEVEL_7[27].B7/GENERATE       generate_ij_489               3               26.275
    LEVEL_7[27].B7/PROPAGATE      propagate_ij_576              1                8.758
  LEVEL_8[13].B8                  bolinha_368                   2               13.763
    LEVEL_8[13].B8/GENERATE       generate_ij_486               1                7.507
    LEVEL_8[13].B8/PROPAGATE      propagate_ij_573              1                6.256
  LEVEL_8[17].B8                  bolinha_367                   2               13.763
    LEVEL_8[17].B8/GENERATE       generate_ij_485               1                7.507
    LEVEL_8[17].B8/PROPAGATE      propagate_ij_572              1                6.256
  LEVEL_8[21].B8                  bolinha_366                   3               16.266
    LEVEL_8[21].B8/GENERATE       generate_ij_484               2               10.010
    LEVEL_8[21].B8/PROPAGATE      propagate_ij_571              1                6.256
  LEVEL_8[25].B8                  bolinha_365                   3               16.266
    LEVEL_8[25].B8/GENERATE       generate_ij_483               2               10.010
    LEVEL_8[25].B8/PROPAGATE      propagate_ij_570              1                6.256
  LEVEL_8[29].B8                  bolinha_364                   4               35.034
    LEVEL_8[29].B8/GENERATE       generate_ij_482               3               26.275
    LEVEL_8[29].B8/PROPAGATE      propagate_ij_569              1                8.758
  LEVEL_8[5].B8                   bolinha_370                   2               13.763
    LEVEL_8[5].B8/GENERATE        generate_ij_488               1                7.507
    LEVEL_8[5].B8/PROPAGATE       propagate_ij_575              1                6.256
  LEVEL_8[9].B8                   bolinha_369                   2               13.763
    LEVEL_8[9].B8/GENERATE        generate_ij_487               1                7.507
    LEVEL_8[9].B8/PROPAGATE       propagate_ij_574              1                6.256
  LEVEL_9[10].B9                  bolinha_359                   2               13.763
    LEVEL_9[10].B9/GENERATE       generate_ij_477               1                7.507
    LEVEL_9[10].B9/PROPAGATE      propagate_ij_564              1                6.256
  LEVEL_9[12].B9                  bolinha_358                   2               13.763
    LEVEL_9[12].B9/GENERATE       generate_ij_476               1                7.507
    LEVEL_9[12].B9/PROPAGATE      propagate_ij_563              1                6.256
  LEVEL_9[14].B9                  bolinha_357                   3               17.517
    LEVEL_9[14].B9/GENERATE       generate_ij_475               2               11.261
    LEVEL_9[14].B9/PROPAGATE      propagate_ij_562              1                6.256
  LEVEL_9[16].B9                  bolinha_356                   2               13.763
    LEVEL_9[16].B9/GENERATE       generate_ij_474               1                7.507
    LEVEL_9[16].B9/PROPAGATE      propagate_ij_561              1                6.256
  LEVEL_9[18].B9                  bolinha_355                   2               13.763
    LEVEL_9[18].B9/GENERATE       generate_ij_473               1                7.507
    LEVEL_9[18].B9/PROPAGATE      propagate_ij_560              1                6.256
  LEVEL_9[20].B9                  bolinha_354                   2               13.763
    LEVEL_9[20].B9/GENERATE       generate_ij_472               1                7.507
    LEVEL_9[20].B9/PROPAGATE      propagate_ij_559              1                6.256
  LEVEL_9[22].B9                  bolinha_353                   2               13.763
    LEVEL_9[22].B9/GENERATE       generate_ij_471               1                7.507
    LEVEL_9[22].B9/PROPAGATE      propagate_ij_558              1                6.256
  LEVEL_9[24].B9                  bolinha_352                   2               13.763
    LEVEL_9[24].B9/GENERATE       generate_ij_470               1                7.507
    LEVEL_9[24].B9/PROPAGATE      propagate_ij_557              1                6.256
  LEVEL_9[26].B9                  bolinha_351                   2               13.763
    LEVEL_9[26].B9/GENERATE       generate_ij_469               1                7.507
    LEVEL_9[26].B9/PROPAGATE      propagate_ij_556              1                6.256
  LEVEL_9[28].B9                  bolinha_350                   2               13.763
    LEVEL_9[28].B9/GENERATE       generate_ij_468               1                7.507
    LEVEL_9[28].B9/PROPAGATE      propagate_ij_555              1                6.256
  LEVEL_9[2].B9                   bolinha_363                   2               13.763
    LEVEL_9[2].B9/GENERATE        generate_ij_481               1                7.507
    LEVEL_9[2].B9/PROPAGATE       propagate_ij_568              1                6.256
  LEVEL_9[30].B9                  bolinha_349                   4               25.024
    LEVEL_9[30].B9/GENERATE       generate_ij_467               3               16.266
    LEVEL_9[30].B9/PROPAGATE      propagate_ij_554              1                8.758
  LEVEL_9[4].B9                   bolinha_362                   2               13.763
    LEVEL_9[4].B9/GENERATE        generate_ij_480               1                7.507
    LEVEL_9[4].B9/PROPAGATE       propagate_ij_567              1                6.256
  LEVEL_9[6].B9                   bolinha_361                   2               13.763
    LEVEL_9[6].B9/GENERATE        generate_ij_479               1                7.507
    LEVEL_9[6].B9/PROPAGATE       propagate_ij_566              1                6.256
  LEVEL_9[8].B9                   bolinha_360                   3               17.517
    LEVEL_9[8].B9/GENERATE        generate_ij_478               2               11.261
    LEVEL_9[8].B9/PROPAGATE       propagate_ij_565              1                6.256
  S0                              soutput                       1                8.758
  S1                              soutput_640                   1                8.758
  S10                             soutput_631                   1               15.014
  S11                             soutput_630                   2               18.768
  S12                             soutput_629                   1               25.024
  S13                             soutput_628                   2               18.768
  S14                             soutput_627                   2               18.768
  S15                             soutput_626                   2               23.773
  S16                             soutput_625                   1               15.014
  S17                             soutput_624                   2               18.768
  S18                             soutput_623                   2               18.768
  S19                             soutput_622                   2               23.773
  S2                              soutput_639                   1                8.758
  S20                             soutput_621                   2               15.014
  S21                             soutput_620                   2               23.773
  S22                             soutput_619                   2               23.773
  S23                             soutput_618                   4               43.792
  S24                             soutput_617                   2               18.768
  S25                             soutput_616                   5               30.029
  S26                             soutput_615                   2               23.773
  S27                             soutput_614                   4               45.043
  S28                             soutput_613                   2               23.773
  S29                             soutput_612                   4               45.043
  S3                              soutput_638                   1                8.758
  S30                             soutput_611                   4               30.029
  S31                             soutput_610                   5               45.043
  S4                              soutput_637                   1                8.758
  S5                              soutput_636                   1               12.512
  S6                              soutput_635                   1               12.512
  S7                              soutput_634                   1               15.014
  S8                              soutput_633                   1               12.512
  S9                              soutput_632                   1               15.014
