###############################################################
#  Generated by:      Cadence Innovus 23.32-s091_1
#  OS:                Linux x86_64(Host ID cadmicro-inf-el8-623207)
#  Generated on:      Fri Apr 11 15:07:07 2025
#  Design:            brent_kung_32bits
#  Command:           report_timing > reports/report_timing.rpt
###############################################################
Path 1: VIOLATED Path Delay Check
Endpoint:   S[31] (v)
Beginpoint: B[1]  (v) triggered by  leading edge of '@'
Path Groups: {default}
Analysis View: default_emulate_view
- External Delay                0.000
+ Path Delay                    1.910
= Required Time                 1.910
- Arrival Time                  2.001
= Slack Time                   -0.091
     Clock Rise Edge                      0.000
     + Input Delay                        0.000
     = Beginpoint Arrival Time            0.000
     +-------------------------------------------------------------------------------------------------------------------+ 
     |                 Instance                  |     Arc      |           Cell            | Delay | Arrival | Required | 
     |                                           |              |                           |       |  Time   |   Time   | 
     |-------------------------------------------+--------------+---------------------------+-------+---------+----------| 
     |                                           | B[1] v       |                           |       |   0.000 |   -0.091 | 
     | GENERATE_PROPAGATE[1].PROPAGATE/g2__2398  | A_N v -> Y v | sky130_fd_sc_hd__nand2b_4 | 0.430 |   0.430 |    0.339 | 
     | GENERATE_PROPAGATE[1].PROPAGATE/g26__6417 | A v -> Y ^   | sky130_fd_sc_hd__nand2_2  | 0.110 |   0.540 |    0.449 | 
     | LEVEL_1[1].B1/GENERATE/g2                 | A1 ^ -> X ^  | sky130_fd_sc_hd__a21o_1   | 0.165 |   0.705 |    0.614 | 
     | LEVEL_2[3].B2/GENERATE/g20__7410          | A ^ -> Y v   | sky130_fd_sc_hd__nand2_2  | 0.076 |   0.781 |    0.690 | 
     | LEVEL_2[3].B2/GENERATE/g19__1666          | A v -> Y ^   | sky130_fd_sc_hd__nand2_4  | 0.070 |   0.851 |    0.760 | 
     | LEVEL_3[7].B3/GENERATE/g20__23            | A ^ -> Y v   | sky130_fd_sc_hd__nand2_2  | 0.062 |   0.914 |    0.823 | 
     | LEVEL_3[7].B3/GENERATE/g19__22            | A v -> Y ^   | sky130_fd_sc_hd__nand2_4  | 0.092 |   1.006 |    0.915 | 
     | LEVEL_4[15].B4/GENERATE/g20__5477         | A ^ -> Y v   | sky130_fd_sc_hd__nand2_4  | 0.060 |   1.065 |    0.975 | 
     | LEVEL_4[15].B4/GENERATE/g19__6417         | A v -> Y ^   | sky130_fd_sc_hd__nand2_4  | 0.098 |   1.164 |    1.073 | 
     | B6/GENERATE/g20__4319                     | A ^ -> Y v   | sky130_fd_sc_hd__nand2_4  | 0.062 |   1.226 |    1.135 | 
     | B6/GENERATE/g19__6260                     | A v -> Y ^   | sky130_fd_sc_hd__nand2_4  | 0.082 |   1.307 |    1.216 | 
     | LEVEL_7[27].B7/GENERATE/g20__1705         | A ^ -> Y v   | sky130_fd_sc_hd__nand2_4  | 0.055 |   1.363 |    1.272 | 
     | LEVEL_7[27].B7/GENERATE/g19__2802         | A v -> Y ^   | sky130_fd_sc_hd__nand2_4  | 0.072 |   1.434 |    1.344 | 
     | LEVEL_8[29].B8/GENERATE/g3__20            | A ^ -> Y v   | sky130_fd_sc_hd__nand2_4  | 0.052 |   1.487 |    1.396 | 
     | LEVEL_8[29].B8/GENERATE/g1                | A v -> Y ^   | sky130_fd_sc_hd__nand2_4  | 0.051 |   1.538 |    1.447 | 
     | LEVEL_9[30].B9/GENERATE/g20__8428         | A ^ -> Y v   | sky130_fd_sc_hd__nand2_2  | 0.045 |   1.582 |    1.491 | 
     | LEVEL_9[30].B9/GENERATE/g19__4319         | A v -> Y ^   | sky130_fd_sc_hd__nand2_2  | 0.078 |   1.660 |    1.569 | 
     | C30/g22                                   | A ^ -> Y v   | sky130_fd_sc_hd__clkinv_2 | 0.059 |   1.719 |    1.628 | 
     | C30/g19__4733                             | B v -> Y ^   | sky130_fd_sc_hd__nand2_4  | 0.068 |   1.788 |    1.697 | 
     | S31/g19                                   | A ^ -> Y v   | sky130_fd_sc_hd__inv_2    | 0.043 |   1.831 |    1.740 | 
     | S31/g17__6161                             | A v -> Y ^   | sky130_fd_sc_hd__nand2_4  | 0.069 |   1.900 |    1.809 | 
     | S31/g15__7482                             | A ^ -> Y v   | sky130_fd_sc_hd__nand2_8  | 0.100 |   2.000 |    1.909 | 
     |                                           | S[31] v      |                           | 0.001 |   2.001 |    1.910 | 
     +-------------------------------------------------------------------------------------------------------------------+ 

