

================================================================
== Vitis HLS Report for 'kernel_Pipeline_VITIS_LOOP_23_1_VITIS_LOOP_24_2'
================================================================
* Date:           Mon Jan  6 15:44:29 2025

* Version:        2023.2 (Build 4023990 on Oct 11 2023)
* Project:        sum_matrix
* Solution:       solution1 (Vivado IP Flow Target)
* Product family: artix7
* Target device:  xc7a200t-fbg484-3


================================================================
== Performance Estimates
================================================================
+ Timing: 
    * Summary: 
    +--------+----------+----------+------------+
    |  Clock |  Target  | Estimated| Uncertainty|
    +--------+----------+----------+------------+
    |ap_clk  |  10.00 ns|  7.300 ns|     2.70 ns|
    +--------+----------+----------+------------+

+ Latency: 
    * Summary: 
    +---------+---------+----------+----------+-----+-----+---------+
    |  Latency (cycles) |  Latency (absolute) |  Interval | Pipeline|
    |   min   |   max   |    min   |    max   | min | max |   Type  |
    +---------+---------+----------+----------+-----+-----+---------+
    |        ?|        ?|         ?|         ?|    ?|    ?|       no|
    +---------+---------+----------+----------+-----+-----+---------+

    + Detail: 
        * Instance: 
        N/A

        * Loop: 
        +-----------------------------------+---------+---------+----------+-----------+-----------+------+----------+
        |                                   |  Latency (cycles) | Iteration|  Initiation Interval  | Trip |          |
        |             Loop Name             |   min   |   max   |  Latency |  achieved |   target  | Count| Pipelined|
        +-----------------------------------+---------+---------+----------+-----------+-----------+------+----------+
        |- VITIS_LOOP_23_1_VITIS_LOOP_24_2  |        ?|        ?|        19|          1|          1|     ?|       yes|
        +-----------------------------------+---------+---------+----------+-----------+-----------+------+----------+



================================================================
== Utilization Estimates
================================================================
* Summary: 
+-----------------+---------+-----+--------+--------+-----+
|       Name      | BRAM_18K| DSP |   FF   |   LUT  | URAM|
+-----------------+---------+-----+--------+--------+-----+
|DSP              |        -|    -|       -|       -|    -|
|Expression       |        -|    -|       0|     626|    -|
|FIFO             |        -|    -|       -|       -|    -|
|Instance         |        -|    4|       0|      21|    -|
|Memory           |        -|    -|       -|       -|    -|
|Multiplexer      |        -|    -|       -|     126|    -|
|Register         |        -|    -|     738|      64|    -|
+-----------------+---------+-----+--------+--------+-----+
|Total            |        0|    4|     738|     837|    0|
+-----------------+---------+-----+--------+--------+-----+
|Available        |      730|  740|  269200|  134600|    0|
+-----------------+---------+-----+--------+--------+-----+
|Utilization (%)  |        0|   ~0|      ~0|      ~0|    0|
+-----------------+---------+-----+--------+--------+-----+

+ Detail: 
    * Instance: 
    +-------------------------+----------------------+---------+----+---+----+-----+
    |         Instance        |        Module        | BRAM_18K| DSP| FF| LUT| URAM|
    +-------------------------+----------------------+---------+----+---+----+-----+
    |mul_31ns_32ns_62_1_1_U1  |mul_31ns_32ns_62_1_1  |        0|   4|  0|  21|    0|
    +-------------------------+----------------------+---------+----+---+----+-----+
    |Total                    |                      |        0|   4|  0|  21|    0|
    +-------------------------+----------------------+---------+----+---+----+-----+

    * DSP: 
    N/A

    * Memory: 
    N/A

    * FIFO: 
    N/A

    * Expression: 
    +------------------------------------+----------+----+---+----+------------+------------+
    |            Variable Name           | Operation| DSP| FF| LUT| Bitwidth P0| Bitwidth P1|
    +------------------------------------+----------+----+---+----+------------+------------+
    |add_ln23_1_fu_326_p2                |         +|   0|  0|  71|          64|          64|
    |add_ln23_2_fu_263_p2                |         +|   0|  0|  38|          31|           1|
    |add_ln23_fu_233_p2                  |         +|   0|  0|  71|          64|           1|
    |add_ln24_fu_277_p2                  |         +|   0|  0|  38|          31|           1|
    |add_ln25_fu_407_p2                  |         +|   0|  0|  39|          32|          32|
    |empty_20_fu_341_p2                  |         +|   0|  0|  71|          64|          64|
    |empty_21_fu_346_p2                  |         +|   0|  0|  71|          64|          64|
    |ap_block_state20_pp0_stage0_iter19  |       and|   0|  0|   2|           1|           1|
    |icmp_ln23_fu_228_p2                 |      icmp|   0|  0|  71|          64|          64|
    |icmp_ln24_1_fu_295_p2               |      icmp|   0|  0|  39|          32|          32|
    |icmp_ln24_fu_246_p2                 |      icmp|   0|  0|  39|          32|          32|
    |ap_block_pp0_stage0_01001           |        or|   0|  0|   2|           1|           1|
    |ap_block_pp0_stage0_11001           |        or|   0|  0|   2|           1|           1|
    |ap_block_state13_pp0_stage0_iter12  |        or|   0|  0|   2|           1|           1|
    |ap_block_state5_io                  |        or|   0|  0|   2|           1|           1|
    |or_ln23_fu_257_p2                   |        or|   0|  0|   2|           1|           1|
    |select_ln23_fu_269_p3               |    select|   0|  0|  31|           1|          31|
    |select_ln24_fu_283_p3               |    select|   0|  0|  31|           1|          31|
    |ap_enable_pp0                       |       xor|   0|  0|   2|           1|           2|
    |xor_ln23_fu_251_p2                  |       xor|   0|  0|   2|           1|           2|
    +------------------------------------+----------+----+---+----+------------+------------+
    |Total                               |          |   0|  0| 626|         488|         427|
    +------------------------------------+----------+----+---+----+------------+------------+

    * Multiplexer: 
    +---------------------------------------+----+-----------+-----+-----------+
    |                  Name                 | LUT| Input Size| Bits| Total Bits|
    +---------------------------------------+----+-----------+-----+-----------+
    |ap_done_int                            |   9|          2|    1|          2|
    |ap_enable_reg_pp0_iter1                |   9|          2|    1|          2|
    |ap_enable_reg_pp0_iter2                |   9|          2|    1|          2|
    |ap_phi_mux_first_iter_0_phi_fu_187_p4  |   9|          2|    1|          2|
    |gmem0_blk_n_AR                         |   9|          2|    1|          2|
    |gmem0_blk_n_AW                         |   9|          2|    1|          2|
    |gmem0_blk_n_B                          |   9|          2|    1|          2|
    |gmem0_blk_n_R                          |   9|          2|    1|          2|
    |gmem0_blk_n_W                          |   9|          2|    1|          2|
    |gmem1_blk_n_AR                         |   9|          2|    1|          2|
    |gmem1_blk_n_R                          |   9|          2|    1|          2|
    |i_fu_92                                |   9|          2|   31|         62|
    |indvar_flatten_fu_96                   |   9|          2|   64|        128|
    |j_fu_88                                |   9|          2|   31|         62|
    +---------------------------------------+----+-----------+-----+-----------+
    |Total                                  | 126|         28|  137|        274|
    +---------------------------------------+----+-----------+-----+-----------+

    * Register: 
    +-----------------------------------+----+----+-----+-----------+
    |                Name               | FF | LUT| Bits| Const Bits|
    +-----------------------------------+----+----+-----+-----------+
    |add_ln25_reg_525                   |  32|   0|   32|          0|
    |ap_CS_fsm                          |   1|   0|    1|          0|
    |ap_done_reg                        |   1|   0|    1|          0|
    |ap_enable_reg_pp0_iter1            |   1|   0|    1|          0|
    |ap_enable_reg_pp0_iter10           |   1|   0|    1|          0|
    |ap_enable_reg_pp0_iter11           |   1|   0|    1|          0|
    |ap_enable_reg_pp0_iter12           |   1|   0|    1|          0|
    |ap_enable_reg_pp0_iter13           |   1|   0|    1|          0|
    |ap_enable_reg_pp0_iter14           |   1|   0|    1|          0|
    |ap_enable_reg_pp0_iter15           |   1|   0|    1|          0|
    |ap_enable_reg_pp0_iter16           |   1|   0|    1|          0|
    |ap_enable_reg_pp0_iter17           |   1|   0|    1|          0|
    |ap_enable_reg_pp0_iter18           |   1|   0|    1|          0|
    |ap_enable_reg_pp0_iter19           |   1|   0|    1|          0|
    |ap_enable_reg_pp0_iter2            |   1|   0|    1|          0|
    |ap_enable_reg_pp0_iter3            |   1|   0|    1|          0|
    |ap_enable_reg_pp0_iter4            |   1|   0|    1|          0|
    |ap_enable_reg_pp0_iter5            |   1|   0|    1|          0|
    |ap_enable_reg_pp0_iter6            |   1|   0|    1|          0|
    |ap_enable_reg_pp0_iter7            |   1|   0|    1|          0|
    |ap_enable_reg_pp0_iter8            |   1|   0|    1|          0|
    |ap_enable_reg_pp0_iter9            |   1|   0|    1|          0|
    |ap_loop_exit_ready_pp0_iter10_reg  |   1|   0|    1|          0|
    |ap_loop_exit_ready_pp0_iter11_reg  |   1|   0|    1|          0|
    |ap_loop_exit_ready_pp0_iter12_reg  |   1|   0|    1|          0|
    |ap_loop_exit_ready_pp0_iter13_reg  |   1|   0|    1|          0|
    |ap_loop_exit_ready_pp0_iter14_reg  |   1|   0|    1|          0|
    |ap_loop_exit_ready_pp0_iter15_reg  |   1|   0|    1|          0|
    |ap_loop_exit_ready_pp0_iter16_reg  |   1|   0|    1|          0|
    |ap_loop_exit_ready_pp0_iter17_reg  |   1|   0|    1|          0|
    |ap_loop_exit_ready_pp0_iter18_reg  |   1|   0|    1|          0|
    |ap_loop_exit_ready_pp0_iter2_reg   |   1|   0|    1|          0|
    |ap_loop_exit_ready_pp0_iter3_reg   |   1|   0|    1|          0|
    |ap_loop_exit_ready_pp0_iter4_reg   |   1|   0|    1|          0|
    |ap_loop_exit_ready_pp0_iter5_reg   |   1|   0|    1|          0|
    |ap_loop_exit_ready_pp0_iter6_reg   |   1|   0|    1|          0|
    |ap_loop_exit_ready_pp0_iter7_reg   |   1|   0|    1|          0|
    |ap_loop_exit_ready_pp0_iter8_reg   |   1|   0|    1|          0|
    |ap_loop_exit_ready_pp0_iter9_reg   |   1|   0|    1|          0|
    |first_iter_0_reg_183               |   1|   0|    1|          0|
    |gmem0_addr_read_reg_515            |  32|   0|   32|          0|
    |gmem0_addr_reg_497                 |  64|   0|   64|          0|
    |gmem1_addr_read_reg_520            |  32|   0|   32|          0|
    |gmem1_addr_reg_503                 |  64|   0|   64|          0|
    |i_fu_92                            |  31|   0|   31|          0|
    |icmp_ln23_reg_470                  |   1|   0|    1|          0|
    |icmp_ln24_1_reg_483                |   1|   0|    1|          0|
    |indvar_flatten_fu_96               |  64|   0|   64|          0|
    |j_fu_88                            |  31|   0|   31|          0|
    |mul_ln23_reg_487                   |  62|   0|   62|          0|
    |or_ln23_reg_474                    |   1|   0|    1|          0|
    |p_cast_cast_reg_463                |  31|   0|   32|          1|
    |select_ln23_reg_478                |  31|   0|   31|          0|
    |sext_ln24_2_mid2_v_reg_492         |  62|   0|   62|          0|
    |vCol_cast_cast_reg_458             |  32|   0|   62|         30|
    |icmp_ln24_1_reg_483                |  64|  32|    1|          0|
    |or_ln23_reg_474                    |  64|  32|    1|          0|
    +-----------------------------------+----+----+-----+-----------+
    |Total                              | 738|  64|  643|         31|
    +-----------------------------------+----+----+-----+-----------+



================================================================
== Interface
================================================================
* Summary: 
+----------------------+-----+-----+------------+-------------------------------------------------+--------------+
|       RTL Ports      | Dir | Bits|  Protocol  |                  Source Object                  |    C Type    |
+----------------------+-----+-----+------------+-------------------------------------------------+--------------+
|ap_clk                |   in|    1|  ap_ctrl_hs|  kernel_Pipeline_VITIS_LOOP_23_1_VITIS_LOOP_24_2|  return value|
|ap_rst                |   in|    1|  ap_ctrl_hs|  kernel_Pipeline_VITIS_LOOP_23_1_VITIS_LOOP_24_2|  return value|
|ap_start              |   in|    1|  ap_ctrl_hs|  kernel_Pipeline_VITIS_LOOP_23_1_VITIS_LOOP_24_2|  return value|
|ap_done               |  out|    1|  ap_ctrl_hs|  kernel_Pipeline_VITIS_LOOP_23_1_VITIS_LOOP_24_2|  return value|
|ap_idle               |  out|    1|  ap_ctrl_hs|  kernel_Pipeline_VITIS_LOOP_23_1_VITIS_LOOP_24_2|  return value|
|ap_ready              |  out|    1|  ap_ctrl_hs|  kernel_Pipeline_VITIS_LOOP_23_1_VITIS_LOOP_24_2|  return value|
|m_axi_gmem0_AWVALID   |  out|    1|       m_axi|                                            gmem0|       pointer|
|m_axi_gmem0_AWREADY   |   in|    1|       m_axi|                                            gmem0|       pointer|
|m_axi_gmem0_AWADDR    |  out|   64|       m_axi|                                            gmem0|       pointer|
|m_axi_gmem0_AWID      |  out|    1|       m_axi|                                            gmem0|       pointer|
|m_axi_gmem0_AWLEN     |  out|   32|       m_axi|                                            gmem0|       pointer|
|m_axi_gmem0_AWSIZE    |  out|    3|       m_axi|                                            gmem0|       pointer|
|m_axi_gmem0_AWBURST   |  out|    2|       m_axi|                                            gmem0|       pointer|
|m_axi_gmem0_AWLOCK    |  out|    2|       m_axi|                                            gmem0|       pointer|
|m_axi_gmem0_AWCACHE   |  out|    4|       m_axi|                                            gmem0|       pointer|
|m_axi_gmem0_AWPROT    |  out|    3|       m_axi|                                            gmem0|       pointer|
|m_axi_gmem0_AWQOS     |  out|    4|       m_axi|                                            gmem0|       pointer|
|m_axi_gmem0_AWREGION  |  out|    4|       m_axi|                                            gmem0|       pointer|
|m_axi_gmem0_AWUSER    |  out|    1|       m_axi|                                            gmem0|       pointer|
|m_axi_gmem0_WVALID    |  out|    1|       m_axi|                                            gmem0|       pointer|
|m_axi_gmem0_WREADY    |   in|    1|       m_axi|                                            gmem0|       pointer|
|m_axi_gmem0_WDATA     |  out|   32|       m_axi|                                            gmem0|       pointer|
|m_axi_gmem0_WSTRB     |  out|    4|       m_axi|                                            gmem0|       pointer|
|m_axi_gmem0_WLAST     |  out|    1|       m_axi|                                            gmem0|       pointer|
|m_axi_gmem0_WID       |  out|    1|       m_axi|                                            gmem0|       pointer|
|m_axi_gmem0_WUSER     |  out|    1|       m_axi|                                            gmem0|       pointer|
|m_axi_gmem0_ARVALID   |  out|    1|       m_axi|                                            gmem0|       pointer|
|m_axi_gmem0_ARREADY   |   in|    1|       m_axi|                                            gmem0|       pointer|
|m_axi_gmem0_ARADDR    |  out|   64|       m_axi|                                            gmem0|       pointer|
|m_axi_gmem0_ARID      |  out|    1|       m_axi|                                            gmem0|       pointer|
|m_axi_gmem0_ARLEN     |  out|   32|       m_axi|                                            gmem0|       pointer|
|m_axi_gmem0_ARSIZE    |  out|    3|       m_axi|                                            gmem0|       pointer|
|m_axi_gmem0_ARBURST   |  out|    2|       m_axi|                                            gmem0|       pointer|
|m_axi_gmem0_ARLOCK    |  out|    2|       m_axi|                                            gmem0|       pointer|
|m_axi_gmem0_ARCACHE   |  out|    4|       m_axi|                                            gmem0|       pointer|
|m_axi_gmem0_ARPROT    |  out|    3|       m_axi|                                            gmem0|       pointer|
|m_axi_gmem0_ARQOS     |  out|    4|       m_axi|                                            gmem0|       pointer|
|m_axi_gmem0_ARREGION  |  out|    4|       m_axi|                                            gmem0|       pointer|
|m_axi_gmem0_ARUSER    |  out|    1|       m_axi|                                            gmem0|       pointer|
|m_axi_gmem0_RVALID    |   in|    1|       m_axi|                                            gmem0|       pointer|
|m_axi_gmem0_RREADY    |  out|    1|       m_axi|                                            gmem0|       pointer|
|m_axi_gmem0_RDATA     |   in|   32|       m_axi|                                            gmem0|       pointer|
|m_axi_gmem0_RLAST     |   in|    1|       m_axi|                                            gmem0|       pointer|
|m_axi_gmem0_RID       |   in|    1|       m_axi|                                            gmem0|       pointer|
|m_axi_gmem0_RFIFONUM  |   in|    9|       m_axi|                                            gmem0|       pointer|
|m_axi_gmem0_RUSER     |   in|    1|       m_axi|                                            gmem0|       pointer|
|m_axi_gmem0_RRESP     |   in|    2|       m_axi|                                            gmem0|       pointer|
|m_axi_gmem0_BVALID    |   in|    1|       m_axi|                                            gmem0|       pointer|
|m_axi_gmem0_BREADY    |  out|    1|       m_axi|                                            gmem0|       pointer|
|m_axi_gmem0_BRESP     |   in|    2|       m_axi|                                            gmem0|       pointer|
|m_axi_gmem0_BID       |   in|    1|       m_axi|                                            gmem0|       pointer|
|m_axi_gmem0_BUSER     |   in|    1|       m_axi|                                            gmem0|       pointer|
|m_axi_gmem1_AWVALID   |  out|    1|       m_axi|                                            gmem1|       pointer|
|m_axi_gmem1_AWREADY   |   in|    1|       m_axi|                                            gmem1|       pointer|
|m_axi_gmem1_AWADDR    |  out|   64|       m_axi|                                            gmem1|       pointer|
|m_axi_gmem1_AWID      |  out|    1|       m_axi|                                            gmem1|       pointer|
|m_axi_gmem1_AWLEN     |  out|   32|       m_axi|                                            gmem1|       pointer|
|m_axi_gmem1_AWSIZE    |  out|    3|       m_axi|                                            gmem1|       pointer|
|m_axi_gmem1_AWBURST   |  out|    2|       m_axi|                                            gmem1|       pointer|
|m_axi_gmem1_AWLOCK    |  out|    2|       m_axi|                                            gmem1|       pointer|
|m_axi_gmem1_AWCACHE   |  out|    4|       m_axi|                                            gmem1|       pointer|
|m_axi_gmem1_AWPROT    |  out|    3|       m_axi|                                            gmem1|       pointer|
|m_axi_gmem1_AWQOS     |  out|    4|       m_axi|                                            gmem1|       pointer|
|m_axi_gmem1_AWREGION  |  out|    4|       m_axi|                                            gmem1|       pointer|
|m_axi_gmem1_AWUSER    |  out|    1|       m_axi|                                            gmem1|       pointer|
|m_axi_gmem1_WVALID    |  out|    1|       m_axi|                                            gmem1|       pointer|
|m_axi_gmem1_WREADY    |   in|    1|       m_axi|                                            gmem1|       pointer|
|m_axi_gmem1_WDATA     |  out|   32|       m_axi|                                            gmem1|       pointer|
|m_axi_gmem1_WSTRB     |  out|    4|       m_axi|                                            gmem1|       pointer|
|m_axi_gmem1_WLAST     |  out|    1|       m_axi|                                            gmem1|       pointer|
|m_axi_gmem1_WID       |  out|    1|       m_axi|                                            gmem1|       pointer|
|m_axi_gmem1_WUSER     |  out|    1|       m_axi|                                            gmem1|       pointer|
|m_axi_gmem1_ARVALID   |  out|    1|       m_axi|                                            gmem1|       pointer|
|m_axi_gmem1_ARREADY   |   in|    1|       m_axi|                                            gmem1|       pointer|
|m_axi_gmem1_ARADDR    |  out|   64|       m_axi|                                            gmem1|       pointer|
|m_axi_gmem1_ARID      |  out|    1|       m_axi|                                            gmem1|       pointer|
|m_axi_gmem1_ARLEN     |  out|   32|       m_axi|                                            gmem1|       pointer|
|m_axi_gmem1_ARSIZE    |  out|    3|       m_axi|                                            gmem1|       pointer|
|m_axi_gmem1_ARBURST   |  out|    2|       m_axi|                                            gmem1|       pointer|
|m_axi_gmem1_ARLOCK    |  out|    2|       m_axi|                                            gmem1|       pointer|
|m_axi_gmem1_ARCACHE   |  out|    4|       m_axi|                                            gmem1|       pointer|
|m_axi_gmem1_ARPROT    |  out|    3|       m_axi|                                            gmem1|       pointer|
|m_axi_gmem1_ARQOS     |  out|    4|       m_axi|                                            gmem1|       pointer|
|m_axi_gmem1_ARREGION  |  out|    4|       m_axi|                                            gmem1|       pointer|
|m_axi_gmem1_ARUSER    |  out|    1|       m_axi|                                            gmem1|       pointer|
|m_axi_gmem1_RVALID    |   in|    1|       m_axi|                                            gmem1|       pointer|
|m_axi_gmem1_RREADY    |  out|    1|       m_axi|                                            gmem1|       pointer|
|m_axi_gmem1_RDATA     |   in|   32|       m_axi|                                            gmem1|       pointer|
|m_axi_gmem1_RLAST     |   in|    1|       m_axi|                                            gmem1|       pointer|
|m_axi_gmem1_RID       |   in|    1|       m_axi|                                            gmem1|       pointer|
|m_axi_gmem1_RFIFONUM  |   in|    9|       m_axi|                                            gmem1|       pointer|
|m_axi_gmem1_RUSER     |   in|    1|       m_axi|                                            gmem1|       pointer|
|m_axi_gmem1_RRESP     |   in|    2|       m_axi|                                            gmem1|       pointer|
|m_axi_gmem1_BVALID    |   in|    1|       m_axi|                                            gmem1|       pointer|
|m_axi_gmem1_BREADY    |  out|    1|       m_axi|                                            gmem1|       pointer|
|m_axi_gmem1_BRESP     |   in|    2|       m_axi|                                            gmem1|       pointer|
|m_axi_gmem1_BID       |   in|    1|       m_axi|                                            gmem1|       pointer|
|m_axi_gmem1_BUSER     |   in|    1|       m_axi|                                            gmem1|       pointer|
|mul_ln19              |   in|   64|     ap_none|                                         mul_ln19|        scalar|
|vRow                  |   in|   32|     ap_none|                                             vRow|        scalar|
|p_cast                |   in|   31|     ap_none|                                           p_cast|        scalar|
|vCol_cast             |   in|   32|     ap_none|                                        vCol_cast|        scalar|
|out_r                 |   in|   64|     ap_none|                                            out_r|        scalar|
|in2                   |   in|   64|     ap_none|                                              in2|        scalar|
|in1                   |   in|   64|     ap_none|                                              in1|        scalar|
+----------------------+-----+-----+------------+-------------------------------------------------+--------------+

