============================================================
  Generated by:           Genus(TM) Synthesis Solution 23.12-s086_1
  Generated on:           Apr 11 2025  03:07:22 pm
  Module:                 brent_kung_32bits
  Operating conditions:   tt_025C_1v80 
  Interconnect mode:      global
  Area mode:              physical library
============================================================


Path 1: MET (0 ps) Path Delay Check
     Startpoint: (F) B[2]
       Endpoint: (F) S[31]

                   Capture    Launch  
      Path Delay:+    2011         -  
      Drv Adjust:+       0         0  
         Arrival:=    2011            
                                      
   Required Time:=    2011            
       Data Path:-    2011            
           Slack:=       0            

Exceptions/Constraints:
  max_delay             2011            constraints.sdc_line_1 

#-------------------------------------------------------------------------------------------------------------------------------------
#                Timing Point                 Flags    Arc   Edge           Cell             Fanout Load Trans Delay Arrival Instance 
#                                                                                                   (fF)  (ps)  (ps)   (ps)  Location 
#-------------------------------------------------------------------------------------------------------------------------------------
  B[2]                                        -       -      F     (arrival)                      2  5.5  1000     0       0    (-,-) 
  g96/X                                       -       A->X   F     sky130_fd_sc_hd__clkbuf_1      2  8.4    75   342     342    (-,-) 
  GENERATE_PROPAGATE[2].PROPAGATE/g2__8428/Y  -       A_N->Y F     sky130_fd_sc_hd__nand2b_4      1  9.7    51   157     499    (-,-) 
  GENERATE_PROPAGATE[2].PROPAGATE/g24__6260/Y -       B->Y   R     sky130_fd_sc_hd__nand2_4       4 14.0    63    80     579    (-,-) 
  LEVEL_1[3].B1/PROPAGATE/g2__1666/X          -       A->X   R     sky130_fd_sc_hd__and2_4        2 11.1    54   149     728    (-,-) 
  LEVEL_2[3].B2/PROPAGATE/g12__5477/Y         -       A->Y   F     sky130_fd_sc_hd__nand2_2       1  5.6    35    48     776    (-,-) 
  LEVEL_2[3].B2/PROPAGATE/fopt/Y              -       A->Y   R     sky130_fd_sc_hd__inv_2         2  6.3    37    48     824    (-,-) 
  LEVEL_3[7].B3/PROPAGATE/g11__6161/X         -       B->X   R     sky130_fd_sc_hd__and2_4        4 10.7    53   143     967    (-,-) 
  LEVEL_4[15].B4/PROPAGATE/g11__5107/X        -       A->X   R     sky130_fd_sc_hd__and2_4        5 12.4    57   148    1115    (-,-) 
  B6/PROPAGATE/g11__8428/X                    -       A->X   R     sky130_fd_sc_hd__and2_4        4 10.9    53   146    1261    (-,-) 
  LEVEL_7[27].B7/PROPAGATE/g11__8246/X        -       A->X   R     sky130_fd_sc_hd__and2_4        3  8.8    48   139    1400    (-,-) 
  LEVEL_8[29].B8/PROPAGATE/g11__5477/X        -       A->X   R     sky130_fd_sc_hd__and2_4        2  6.7    42   132    1533    (-,-) 
  LEVEL_9[30].B9/PROPAGATE/g11__6260/X        -       A->X   R     sky130_fd_sc_hd__and2_4        1 10.1    53   139    1672    (-,-) 
  C30/g2__6161/Y                              -       A->Y   F     sky130_fd_sc_hd__nand2_4       1  9.6    75    47    1719    (-,-) 
  C30/g19__4733/Y                             -       A->Y   R     sky130_fd_sc_hd__nand2_4       2 20.6    81    94    1813    (-,-) 
  S31/g19/Y                                   -       A->Y   F     sky130_fd_sc_hd__inv_4         1  9.6    26    38    1852    (-,-) 
  S31/g17__1881/Y                             -       A->Y   R     sky130_fd_sc_hd__nand2_4       1 18.7    78    69    1921    (-,-) 
  S31/g15__6131/Y                             -       A->Y   F     sky130_fd_sc_hd__nand2_8       1 51.3    82    90    2010    (-,-) 
  S[31]                                       <<<     -      F     (port)                         -    -     -     0    2011    (-,-) 
#-------------------------------------------------------------------------------------------------------------------------------------

