============================================================
  Generated by:           Genus(TM) Synthesis Solution 23.12-s086_1
  Generated on:           Apr 11 2025  03:07:22 pm
  Module:                 brent_kung_32bits
  Operating conditions:   tt_025C_1v80 
  Interconnect mode:      global
  Area mode:              physical library
============================================================

Timing
-------
  Cost    Critical         Violating 
 Group   Path Slack  TNS     Paths   
-------------------------------------
default         0.2   0.0          0 
-------------------------------------
Total                 0.0          0 

Instance Count
--------------
Leaf Instance Count             416 
Physical Instance count           0 
Sequential Instance Count         0 
Combinational Instance Count    416 
Hierarchical Instance Count     299 

Area
----
Cell Area                          2737.626
Physical Cell Area                 0.000
Total Cell Area (Cell+Physical)    2737.626
Net Area                           2211.067
Total Area (Cell+Physical+Net)     4948.693

Max Fanout                         21 (Cin)
Min Fanout                         1 (C[0])
Average Fanout                     1.7
Terms to net ratio                 2.5551
Terms to instance ratio            2.9543
Runtime                            14.893212 seconds
Elapsed Runtime                    15 seconds
Genus peak memory usage            1900.88 
Innovus peak memory usage          no_value 
Hostname                           cadmicro-inf-el8-623207
