###############################################################
#  Generated by:      Cadence Innovus 23.32-s091_1
#  OS:                Linux x86_64(Host ID cadmicro-inf-el8-623207)
#  Generated on:      Mon Apr 14 13:34:13 2025
#  Design:            signal_32bits
#  Command:           report_timing > reports/report_timing.rpt
###############################################################
Path 1: MET Path Delay Check
Endpoint:   S[31] (^)
Beginpoint: A[0]  (v) triggered by  leading edge of '@'
Path Groups: {default}
Analysis View: default_emulate_view
- External Delay                0.000
+ Path Delay                    9.500
= Required Time                 9.500
- Arrival Time                  9.234
= Slack Time                    0.266
     Clock Rise Edge                      0.000
     + Input Delay                        0.000
     = Beginpoint Arrival Time            0.000
     +--------------------------------------------------------------------------------------------------------+ 
     |          Instance           |       Arc       |           Cell            | Delay | Arrival | Required | 
     |                             |                 |                           |       |  Time   |   Time   | 
     |-----------------------------+-----------------+---------------------------+-------+---------+----------| 
     |                             | A[0] v          |                           |       |   0.000 |    0.266 | 
     | addinc_add_7_30_g2437__6260 | B v -> COUT v   | sky130_fd_sc_hd__fa_1     | 0.790 |   0.790 |    1.056 | 
     | addinc_add_7_30_g2436__5107 | CIN v -> COUT v | sky130_fd_sc_hd__fa_1     | 0.397 |   1.186 |    1.452 | 
     | addinc_add_7_30_g2435__2398 | CIN v -> COUT v | sky130_fd_sc_hd__fa_1     | 0.398 |   1.584 |    1.850 | 
     | addinc_add_7_30_g2434__5477 | CIN v -> COUT v | sky130_fd_sc_hd__fa_1     | 0.401 |   1.985 |    2.251 | 
     | addinc_add_7_30_g2433__6417 | CIN v -> COUT v | sky130_fd_sc_hd__fa_1     | 0.396 |   2.381 |    2.647 | 
     | addinc_add_7_30_g2432__7410 | CIN v -> COUT v | sky130_fd_sc_hd__fa_1     | 0.391 |   2.772 |    3.038 | 
     | addinc_add_7_30_g2431__1666 | CIN v -> COUT v | sky130_fd_sc_hd__fa_1     | 0.396 |   3.168 |    3.434 | 
     | addinc_add_7_30_g2430__2346 | CIN v -> COUT v | sky130_fd_sc_hd__fa_1     | 0.414 |   3.582 |    3.849 | 
     | addinc_add_7_30_g2429__2883 | B v -> Y ^      | sky130_fd_sc_hd__nand2b_1 | 0.117 |   3.699 |    3.965 | 
     | addinc_add_7_30_g2426__6161 | A2 ^ -> Y v     | sky130_fd_sc_hd__o221ai_1 | 0.133 |   3.832 |    4.098 | 
     | addinc_add_7_30_g2424__7482 | CIN v -> COUT v | sky130_fd_sc_hd__fa_1     | 0.417 |   4.249 |    4.515 | 
     | addinc_add_7_30_g2423__5115 | CIN v -> COUT v | sky130_fd_sc_hd__fa_1     | 0.398 |   4.647 |    4.913 | 
     | addinc_add_7_30_g2422__1881 | CIN v -> COUT v | sky130_fd_sc_hd__fa_1     | 0.395 |   5.042 |    5.308 | 
     | addinc_add_7_30_g2421__6131 | CIN v -> COUT v | sky130_fd_sc_hd__fa_1     | 0.397 |   5.440 |    5.706 | 
     | addinc_add_7_30_g2420__7098 | CIN v -> COUT v | sky130_fd_sc_hd__fa_1     | 0.397 |   5.837 |    6.103 | 
     | addinc_add_7_30_g2419__8246 | CIN v -> COUT v | sky130_fd_sc_hd__fa_1     | 0.424 |   6.260 |    6.526 | 
     | addinc_add_7_30_g2418__5122 | B v -> Y ^      | sky130_fd_sc_hd__nand2b_1 | 0.120 |   6.380 |    6.646 | 
     | addinc_add_7_30_g2416__2802 | B ^ -> Y v      | sky130_fd_sc_hd__nor2_1   | 0.058 |   6.438 |    6.704 | 
     | addinc_add_7_30_g2412__5526 | C_N v -> X ^    | sky130_fd_sc_hd__or3b_1   | 0.174 |   6.612 |    6.878 | 
     | addinc_add_7_30_g2410__4319 | C1 ^ -> Y v     | sky130_fd_sc_hd__o211ai_1 | 0.119 |   6.731 |    6.997 | 
     | addinc_add_7_30_g2408__5107 | B v -> Y ^      | sky130_fd_sc_hd__nand2b_1 | 0.122 |   6.853 |    7.119 | 
     | addinc_add_7_30_g2405__6417 | B ^ -> X ^      | sky130_fd_sc_hd__or2_0    | 0.125 |   6.978 |    7.244 | 
     | addinc_add_7_30_g2401__2883 | C ^ -> X ^      | sky130_fd_sc_hd__or3_1    | 0.106 |   7.083 |    7.349 | 
     | addinc_add_7_30_g2398__6161 | C1 ^ -> Y v     | sky130_fd_sc_hd__o211ai_1 | 0.104 |   7.187 |    7.453 | 
     | addinc_add_7_30_g2397__4733 | B_N v -> Y v    | sky130_fd_sc_hd__nor2b_1  | 0.171 |   7.358 |    7.624 | 
     | addinc_add_7_30_g2393__6131 | B v -> Y ^      | sky130_fd_sc_hd__nand2b_1 | 0.093 |   7.451 |    7.717 | 
     | addinc_add_7_30_g2390__5122 | A2 ^ -> Y v     | sky130_fd_sc_hd__o221ai_1 | 0.131 |   7.582 |    7.848 | 
     | addinc_add_7_30_g2388__2802 | CIN v -> COUT v | sky130_fd_sc_hd__fa_1     | 0.445 |   8.027 |    8.293 | 
     | addinc_add_7_30_g2387__1617 | A v -> X v      | sky130_fd_sc_hd__and2_1   | 0.174 |   8.201 |    8.467 | 
     | addinc_add_7_30_g2383__8428 | A1 v -> Y ^     | sky130_fd_sc_hd__a21oi_1  | 0.125 |   8.326 |    8.592 | 
     | addinc_add_7_30_g2380__5107 | A2 ^ -> Y v     | sky130_fd_sc_hd__o21ai_1  | 0.086 |   8.413 |    8.679 | 
     | addinc_add_7_30_g2379__2398 | CIN v -> SUM ^  | sky130_fd_sc_hd__fa_1     | 0.820 |   9.233 |    9.499 | 
     |                             | S[31] ^         |                           | 0.001 |   9.234 |    9.500 | 
     +--------------------------------------------------------------------------------------------------------+ 

