============================================================
  Generated by:           Genus(TM) Synthesis Solution 23.12-s086_1
  Generated on:           Dec 17 2024  02:43:58 pm
  Module:                 NanoCPU
  Technology libraries:   fast_vdd1v0 1.0
                          physical_cells 
                          fast_vdd1v0 1.0
                          physical_cells 
  Operating conditions:   PVT_1P1V_0C 
  Interconnect mode:      global
  Area mode:              physical library
============================================================

Instance    Module     Cell-Count  Cell-Area  Net-Area   Total-Area 
--------------------------------------------------------------------
NanoCPU  NA                  1127   3399.138  1369.221     4768.359 
  R_IR   Reg16bit_113          16    113.202     0.000      113.202 
  R_PC   Reg16bit_112          10     56.430     0.000       56.430 
  r0     Reg16bit              18    112.518     0.000      112.518 
  r1     Reg16bit_116          18    112.518     0.000      112.518 
  r2     Reg16bit_115          18    112.518     0.000      112.518 
  r3     Reg16bit_114          18    112.518     0.000      112.518 
