============================================================
  Generated by:           Genus(TM) Synthesis Solution 23.12-s086_1
  Generated on:           Apr 14 2025  04:18:32 pm
  Module:                 carry_select_adder
  Operating conditions:   tt_025C_1v80 
  Interconnect mode:      global
  Area mode:              physical library
============================================================


Path 1: MET (0 ps) Path Delay Check
     Startpoint: (F) B[13]
       Endpoint: (R) S[23]

                   Capture    Launch  
      Path Delay:+    1390         -  
      Drv Adjust:+       0         0  
         Arrival:=    1390            
                                      
   Required Time:=    1390            
       Data Path:-    1390            
           Slack:=       0            

Exceptions/Constraints:
  max_delay             1390            constraints.sdc_line_1 

#--------------------------------------------------------------------------------------------------------
#  Timing Point   Flags   Arc   Edge           Cell             Fanout Load Trans Delay Arrival Instance 
#                                                                      (fF)  (ps)  (ps)   (ps)  Location 
#--------------------------------------------------------------------------------------------------------
  B[13]           -       -     F     (arrival)                      1  9.9  1000     0       0    (-,-) 
  g13089/Y        -       A->Y  R     sky130_fd_sc_hd__inv_4         2  6.7   146   232     232    (-,-) 
  g13000__2883/Y  -       B->Y  F     sky130_fd_sc_hd__nand2_1       3 11.3    98   122     354    (-,-) 
  g12921__4733/Y  -       A->Y  R     sky130_fd_sc_hd__nand2_2       3 12.1    84   104     459    (-,-) 
  g12855__6417/X  -       A2->X R     sky130_fd_sc_hd__o21a_1        1  5.9    71   131     590    (-,-) 
  g12822__6161/Y  -       A2->Y F     sky130_fd_sc_hd__o221ai_2      1  9.6    95   118     708    (-,-) 
  g12809__13240/Y -       A->Y  R     sky130_fd_sc_hd__nor2_4        1 10.6   100   140     848    (-,-) 
  g12764__13238/Y -       B->Y  F     sky130_fd_sc_hd__nand2_4      15 49.8   114   125     973    (-,-) 
  g13332/Y        -       B->Y  R     sky130_fd_sc_hd__nand3b_2      2  6.7    79   110    1082    (-,-) 
  g12676__1666/Y  -       A->Y  F     sky130_fd_sc_hd__nand3_1       1  9.7   129   118    1200    (-,-) 
  g12653__5115/Y  -       B->Y  R     sky130_fd_sc_hd__nand2_4       1 51.3   165   189    1390    (-,-) 
  S[23]           <<<     -     R     (port)                         -    -     -     0    1390    (-,-) 
#--------------------------------------------------------------------------------------------------------

