============================================================
  Generated by:           Genus(TM) Synthesis Solution 23.12-s086_1
  Generated on:           Apr 14 2025  03:03:23 pm
  Module:                 signal_32bits
  Operating conditions:   tt_025C_1v80 
  Interconnect mode:      global
  Area mode:              physical library
============================================================


Path 1: MET (1 ps) Path Delay Check
     Startpoint: (F) A[0]
       Endpoint: (R) S[25]

                   Capture    Launch  
      Path Delay:+    2700         -  
      Drv Adjust:+       0         0  
         Arrival:=    2700            
                                      
   Required Time:=    2700            
       Data Path:-    2699            
           Slack:=       1            

Exceptions/Constraints:
  max_delay             2700            constraints.sdc_line_1 

#-------------------------------------------------------------------------------------------------------------------------
#         Timing Point          Flags    Arc    Edge            Cell             Fanout Load Trans Delay Arrival Instance 
#                                                                                       (fF)  (ps)  (ps)   (ps)  Location 
#-------------------------------------------------------------------------------------------------------------------------
  A[0]                          -       -       F     (arrival)                       1  8.0  1000     0       0    (-,-) 
  g14/X                         -       A->X    F     sky130_fd_sc_hd__buf_8          3 19.7    55   424     424    (-,-) 
  addinc_add_7_30_g2079__5526/Y -       A->Y    R     sky130_fd_sc_hd__nor2_4         1  5.9    71   104     528    (-,-) 
  addinc_add_7_30_g2019__5526/Y -       B2->Y   F     sky130_fd_sc_hd__o2bb2ai_2      2  8.4    53    69     598    (-,-) 
  addinc_add_7_30_g2002__4733/Y -       A->Y    R     sky130_fd_sc_hd__nand2_1        1  3.7    53    63     661    (-,-) 
  addinc_add_7_30_g2000__5115/Y -       A->Y    F     sky130_fd_sc_hd__nand2_1        2  8.4    69    76     737    (-,-) 
  addinc_add_7_30_g1996__8246/Y -       A->Y    R     sky130_fd_sc_hd__nand2_1        1  5.9    72    84     820    (-,-) 
  addinc_add_7_30_g1994__1705/Y -       A->Y    F     sky130_fd_sc_hd__nand2_2        2  8.4    48    61     882    (-,-) 
  addinc_add_7_30_g1993__2802/Y -       A->Y    R     sky130_fd_sc_hd__nand2_1        1  5.9    72    74     956    (-,-) 
  addinc_add_7_30_g1991__3680/Y -       A->Y    F     sky130_fd_sc_hd__nand2_2        3 11.2    57    70    1026    (-,-) 
  addinc_add_7_30_g1989__6783/Y -       A->Y    R     sky130_fd_sc_hd__nand2_1        1  5.9    73    78    1104    (-,-) 
  addinc_add_7_30_g1986__4319/Y -       A->Y    F     sky130_fd_sc_hd__nand2_2        2  8.4    48    62    1166    (-,-) 
  addinc_add_7_30_g1985__6260/Y -       A->Y    R     sky130_fd_sc_hd__nand2_1        1  5.9    72    75    1241    (-,-) 
  addinc_add_7_30_g1983__2398/Y -       A->Y    F     sky130_fd_sc_hd__nand2_2        2 10.4    55    68    1308    (-,-) 
  addinc_add_7_30_g1981__6417/Y -       A->Y    R     sky130_fd_sc_hd__nand2_2        1 10.1    73    78    1386    (-,-) 
  addinc_add_7_30_g1979__1666/Y -       A->Y    F     sky130_fd_sc_hd__nand2_4        4 14.1    50    60    1445    (-,-) 
  addinc_add_7_30_g1977__2346/Y -       A->Y    R     sky130_fd_sc_hd__nand2_1        1  3.7    52    61    1507    (-,-) 
  addinc_add_7_30_g1973__6161/Y -       A->Y    F     sky130_fd_sc_hd__nand2_1        4 11.5    92    91    1598    (-,-) 
  addinc_add_7_30_g1965__8246/X -       A1->X   F     sky130_fd_sc_hd__a31o_1         5 14.4    87   240    1838    (-,-) 
  addinc_add_7_30_g1963__5122/Y -       A->Y    R     sky130_fd_sc_hd__nand3_1        2  6.8   100   108    1946    (-,-) 
  addinc_add_7_30_g1953__6260/Y -       A->Y    F     sky130_fd_sc_hd__nand2_1        7 22.4   168   163    2110    (-,-) 
  addinc_add_7_30_g1952/Y       -       A->Y    R     sky130_fd_sc_hd__inv_2          3  9.5    71   110    2219    (-,-) 
  addinc_add_7_30_g1935__7098/Y -       A2->Y   F     sky130_fd_sc_hd__o21ai_1        2  5.2    94    72    2291    (-,-) 
  addinc_add_7_30_g1922__2398/X -       A2_N->X R     sky130_fd_sc_hd__a2bb2o_2       1 51.3   269   408    2699    (-,-) 
  S[25]                         <<<     -       R     (port)                          -    -     -     0    2699    (-,-) 
#-------------------------------------------------------------------------------------------------------------------------

