============================================================
  Generated by:           Genus(TM) Synthesis Solution 23.12-s086_1
  Generated on:           Apr 14 2025  03:03:23 pm
  Module:                 signal_32bits
  Operating conditions:   tt_025C_1v80 
  Interconnect mode:      global
  Area mode:              physical library
============================================================

Timing
-------
  Cost    Critical         Violating 
 Group   Path Slack  TNS     Paths   
-------------------------------------
default         0.7   0.0          0 
-------------------------------------
Total                 0.0          0 

Instance Count
--------------
Leaf Instance Count             239 
Physical Instance count           0 
Sequential Instance Count         0 
Combinational Instance Count    239 
Hierarchical Instance Count       0 

Area
----
Cell Area                          1405.098
Physical Cell Area                 0.000
Total Cell Area (Cell+Physical)    1405.098
Net Area                           1458.265
Total Area (Cell+Physical+Net)     2863.363

Max Fanout                         7 (addinc_add_7_30_n_196)
Min Fanout                         1 (n_14)
Average Fanout                     1.8
Terms to net ratio                 2.5263
Terms to instance ratio            3.2134
Runtime                            14.063324 seconds
Elapsed Runtime                    14 seconds
Genus peak memory usage            1947.21 
Innovus peak memory usage          no_value 
Hostname                           cadmicro-inf-el8-623207
