###############################################################
#  Generated by:      Cadence Innovus 23.32-s091_1
#  OS:                Linux x86_64(Host ID cadmicro-inf-el8-623207)
#  Generated on:      Mon Apr 14 13:42:14 2025
#  Design:            signal_32bits
#  Command:           report_timing > reports/report_timing.rpt
###############################################################
Path 1: MET Path Delay Check
Endpoint:   S[31] (^)
Beginpoint: A[0]  (v) triggered by  leading edge of '@'
Path Groups: {default}
Analysis View: default_emulate_view
- External Delay                0.000
+ Path Delay                    8.900
= Required Time                 8.900
- Arrival Time                  8.895
= Slack Time                    0.005
     Clock Rise Edge                      0.000
     + Input Delay                        0.000
     = Beginpoint Arrival Time            0.000
     +--------------------------------------------------------------------------------------------------------+ 
     |          Instance           |       Arc       |           Cell            | Delay | Arrival | Required | 
     |                             |                 |                           |       |  Time   |   Time   | 
     |-----------------------------+-----------------+---------------------------+-------+---------+----------| 
     |                             | A[0] v          |                           |       |   0.000 |    0.005 | 
     | addinc_add_7_30_g2495__5122 | A v -> Y ^      | sky130_fd_sc_hd__nor2_1   | 0.331 |   0.331 |    0.336 | 
     | addinc_add_7_30_g2453__5477 | A2 ^ -> Y v     | sky130_fd_sc_hd__o21ai_1  | 0.140 |   0.471 |    0.477 | 
     | addinc_add_7_30_g2450       | A v -> Y ^      | sky130_fd_sc_hd__clkinv_1 | 0.069 |   0.540 |    0.546 | 
     | addinc_add_7_30_g2448__2346 | A2 ^ -> Y v     | sky130_fd_sc_hd__o21ai_1  | 0.080 |   0.620 |    0.625 | 
     | addinc_add_7_30_g2447       | A v -> Y ^      | sky130_fd_sc_hd__clkinv_1 | 0.065 |   0.685 |    0.691 | 
     | addinc_add_7_30_g2445__9945 | A2 ^ -> Y v     | sky130_fd_sc_hd__o21ai_1  | 0.058 |   0.744 |    0.749 | 
     | g2                          | CI v -> COUT v  | sky130_fd_sc_hd__fah_1    | 0.271 |   1.015 |    1.020 | 
     | addinc_add_7_30_g2441__4733 | CIN v -> COUT v | sky130_fd_sc_hd__fa_1     | 0.398 |   1.413 |    1.418 | 
     | addinc_add_7_30_g2440__7482 | CIN v -> COUT v | sky130_fd_sc_hd__fa_1     | 0.400 |   1.813 |    1.818 | 
     | addinc_add_7_30_g2439__5115 | CIN v -> COUT v | sky130_fd_sc_hd__fa_1     | 0.398 |   2.211 |    2.216 | 
     | addinc_add_7_30_g2438__1881 | CIN v -> COUT v | sky130_fd_sc_hd__fa_1     | 0.413 |   2.624 |    2.629 | 
     | addinc_add_7_30_g2437__6131 | B v -> Y ^      | sky130_fd_sc_hd__nand2b_1 | 0.120 |   2.744 |    2.749 | 
     | addinc_add_7_30_g2434__5122 | A2 ^ -> Y v     | sky130_fd_sc_hd__o221ai_1 | 0.142 |   2.886 |    2.891 | 
     | addinc_add_7_30_g2432__2802 | CIN v -> COUT v | sky130_fd_sc_hd__fa_1     | 0.421 |   3.306 |    3.312 | 
     | addinc_add_7_30_g2431__1617 | CIN v -> COUT v | sky130_fd_sc_hd__fa_1     | 0.398 |   3.704 |    3.709 | 
     | addinc_add_7_30_g2430__3680 | CIN v -> COUT v | sky130_fd_sc_hd__fa_1     | 0.397 |   4.101 |    4.107 | 
     | addinc_add_7_30_g2429__6783 | CIN v -> COUT v | sky130_fd_sc_hd__fa_1     | 0.396 |   4.497 |    4.502 | 
     | addinc_add_7_30_g2428__5526 | CIN v -> COUT v | sky130_fd_sc_hd__fa_1     | 0.397 |   4.895 |    4.900 | 
     | addinc_add_7_30_g2427__8428 | CIN v -> COUT v | sky130_fd_sc_hd__fa_1     | 0.417 |   5.312 |    5.317 | 
     | addinc_add_7_30_g2426       | A v -> Y ^      | sky130_fd_sc_hd__clkinv_1 | 0.077 |   5.389 |    5.394 | 
     | addinc_add_7_30_g2425__4319 | C ^ -> X ^      | sky130_fd_sc_hd__or3_1    | 0.115 |   5.504 |    5.509 | 
     | addinc_add_7_30_g2419__7410 | A3 ^ -> X ^     | sky130_fd_sc_hd__o311a_1  | 0.197 |   5.700 |    5.705 | 
     | addinc_add_7_30_g2417__2346 | C ^ -> X ^      | sky130_fd_sc_hd__or3_1    | 0.130 |   5.831 |    5.836 | 
     | addinc_add_7_30_g2412__4733 | C ^ -> X ^      | sky130_fd_sc_hd__or3_1    | 0.098 |   5.929 |    5.934 | 
     | addinc_add_7_30_g2408__6131 | C1 ^ -> Y v     | sky130_fd_sc_hd__o211ai_1 | 0.113 |   6.042 |    6.047 | 
     | addinc_add_7_30_g2407__7098 | B_N v -> Y v    | sky130_fd_sc_hd__nor2b_1  | 0.178 |   6.220 |    6.225 | 
     | addinc_add_7_30_g2403__2802 | B v -> Y ^      | sky130_fd_sc_hd__nand2b_1 | 0.097 |   6.317 |    6.322 | 
     | addinc_add_7_30_g2400__6783 | A2 ^ -> Y v     | sky130_fd_sc_hd__o221ai_1 | 0.138 |   6.455 |    6.460 | 
     | addinc_add_7_30_g2398__8428 | CIN v -> COUT v | sky130_fd_sc_hd__fa_1     | 0.418 |   6.873 |    6.878 | 
     | addinc_add_7_30_g2397__4319 | CIN v -> COUT v | sky130_fd_sc_hd__fa_1     | 0.398 |   7.272 |    7.277 | 
     | addinc_add_7_30_g2396__6260 | CIN v -> COUT v | sky130_fd_sc_hd__fa_1     | 0.402 |   7.673 |    7.678 | 
     | addinc_add_7_30_g2395__5107 | CIN v -> COUT v | sky130_fd_sc_hd__fa_1     | 0.400 |   8.073 |    8.079 | 
     | addinc_add_7_30_g2394__2398 | CIN v -> SUM ^  | sky130_fd_sc_hd__fa_1     | 0.821 |   8.894 |    8.899 | 
     |                             | S[31] ^         |                           | 0.001 |   8.895 |    8.900 | 
     +--------------------------------------------------------------------------------------------------------+ 

