###############################################################
#  Generated by:      Cadence Innovus 23.32-s091_1
#  OS:                Linux x86_64(Host ID cadmicro-inf-el8-623207)
#  Generated on:      Mon Apr 14 14:59:12 2025
#  Design:            signal_32bits
#  Command:           report_timing > reports/report_timing.rpt
###############################################################
Path 1: MET Path Delay Check
Endpoint:   S[22] (^)
Beginpoint: B[1]  (^) triggered by  leading edge of '@'
Path Groups: {default}
Analysis View: default_emulate_view
- External Delay                0.000
+ Path Delay                    3.100
= Required Time                 3.100
- Arrival Time                  3.057
= Slack Time                    0.043
     Clock Rise Edge                      0.000
     + Input Delay                        0.000
     = Beginpoint Arrival Time            0.000
     +----------------------------------------------------------------------------------------------------+ 
     |          Instance           |     Arc     |           Cell            | Delay | Arrival | Required | 
     |                             |             |                           |       |  Time   |   Time   | 
     |-----------------------------+-------------+---------------------------+-------+---------+----------| 
     |                             | B[1] ^      |                           |       |   0.000 |    0.043 | 
     | addinc_add_7_30_g1374       | A ^ -> Y v  | sky130_fd_sc_hd__clkinv_1 | 0.213 |   0.213 |    0.256 | 
     | addinc_add_7_30_g2__9945    | A v -> X v  | sky130_fd_sc_hd__or2_1    | 0.286 |   0.500 |    0.543 | 
     | addinc_add_7_30_g1229__7098 | B v -> Y ^  | sky130_fd_sc_hd__nand2_1  | 0.099 |   0.598 |    0.641 | 
     | addinc_add_7_30_g1227__5122 | A ^ -> Y v  | sky130_fd_sc_hd__nand2_1  | 0.071 |   0.669 |    0.712 | 
     | addinc_add_7_30_g1225__2802 | A v -> Y ^  | sky130_fd_sc_hd__nand2_2  | 0.071 |   0.740 |    0.783 | 
     | addinc_add_7_30_g1224__1617 | A ^ -> Y v  | sky130_fd_sc_hd__nand2_1  | 0.068 |   0.808 |    0.851 | 
     | addinc_add_7_30_g1222__6783 | A v -> Y ^  | sky130_fd_sc_hd__nand2_2  | 0.088 |   0.896 |    0.939 | 
     | g2                          | A1 ^ -> Y v | sky130_fd_sc_hd__a21boi_2 | 0.079 |   0.975 |    1.018 | 
     | addinc_add_7_30_g1215__2398 | A2 v -> Y ^ | sky130_fd_sc_hd__o21ai_2  | 0.148 |   1.123 |    1.166 | 
     | addinc_add_7_30_g1213__6417 | A ^ -> Y v  | sky130_fd_sc_hd__nand2_1  | 0.087 |   1.210 |    1.253 | 
     | addinc_add_7_30_g1211__1666 | A v -> Y ^  | sky130_fd_sc_hd__nand2_2  | 0.090 |   1.300 |    1.343 | 
     | addinc_add_7_30_g1208__9945 | A1 ^ -> Y v | sky130_fd_sc_hd__a21oi_2  | 0.073 |   1.373 |    1.416 | 
     | addinc_add_7_30_g1205__4733 | B v -> Y ^  | sky130_fd_sc_hd__nor2_1   | 0.185 |   1.557 |    1.600 | 
     | addinc_add_7_30_g1200__7098 | A1 ^ -> X ^ | sky130_fd_sc_hd__a21o_1   | 0.207 |   1.764 |    1.807 | 
     | addinc_add_7_30_g1191__8428 | A1 ^ -> Y v | sky130_fd_sc_hd__a21oi_1  | 0.110 |   1.874 |    1.917 | 
     | addinc_add_7_30_g1186__5477 | B v -> Y ^  | sky130_fd_sc_hd__nor2_1   | 0.134 |   2.008 |    2.051 | 
     | addinc_add_7_30_g1175__5115 | A1 ^ -> Y v | sky130_fd_sc_hd__a21oi_1  | 0.120 |   2.128 |    2.171 | 
     | addinc_add_7_30_g1166__1705 | B v -> Y ^  | sky130_fd_sc_hd__xnor2_1  | 0.927 |   3.055 |    3.098 | 
     |                             | S[22] ^     |                           | 0.002 |   3.057 |    3.100 | 
     +----------------------------------------------------------------------------------------------------+ 

