============================================================
  Generated by:           Genus(TM) Synthesis Solution 23.12-s086_1
  Generated on:           Apr 14 2025  01:49:01 pm
  Module:                 signal_32bits
  Operating conditions:   tt_025C_1v80 
  Interconnect mode:      global
  Area mode:              physical library
============================================================


Path 1: MET (2102 ps) Path Delay Check
     Startpoint: (F) A[0]
       Endpoint: (R) S[31]

                   Capture    Launch  
      Path Delay:+    8300         -  
      Drv Adjust:+       0         0  
         Arrival:=    8300            
                                      
   Required Time:=    8300            
       Data Path:-    6198            
           Slack:=    2102            

Exceptions/Constraints:
  max_delay             8300            constraints.sdc_line_1 

#-----------------------------------------------------------------------------------------------------------------------------
#          Timing Point            Flags     Arc     Edge           Cell             Fanout Load Trans Delay Arrival Instance 
#                                                                                           (fF)  (ps)  (ps)   (ps)  Location 
#-----------------------------------------------------------------------------------------------------------------------------
  A[0]                             -       -         F     (arrival)                      1  7.2  1000     0       0    (-,-) 
  addinc_add_7_30_g1278__5122/COUT -       B->COUT   F     sky130_fd_sc_hd__fa_1          1  5.8    96   786     786    (-,-) 
  addinc_add_7_30_g1275__1617/COUT -       CIN->COUT F     sky130_fd_sc_hd__fa_1          1  5.8    96   396    1182    (-,-) 
  addinc_add_7_30_g1274__3680/COUT -       CIN->COUT F     sky130_fd_sc_hd__fa_1          1  5.8    96   396    1579    (-,-) 
  addinc_add_7_30_g1273__6783/COUT -       CIN->COUT F     sky130_fd_sc_hd__fa_1          2  9.0   113   422    2000    (-,-) 
  addinc_add_7_30_g1272/Y          -       A->Y      R     sky130_fd_sc_hd__clkinv_1      2  6.0    54    82    2082    (-,-) 
  addinc_add_7_30_g1271__5526/X    -       C->X      R     sky130_fd_sc_hd__or3_1         1  3.7    51    99    2181    (-,-) 
  addinc_add_7_30_g1268__6260/Y    -       C1->Y     F     sky130_fd_sc_hd__o211ai_1      1  5.8   108    98    2279    (-,-) 
  addinc_add_7_30_g1266__2398/COUT -       CIN->COUT F     sky130_fd_sc_hd__fa_1          1  5.8    96   401    2680    (-,-) 
  addinc_add_7_30_g1265__5477/COUT -       CIN->COUT F     sky130_fd_sc_hd__fa_1          2  7.5   105   410    3090    (-,-) 
  addinc_add_7_30_g1264__6417/Y    -       B_N->Y    F     sky130_fd_sc_hd__nor2b_1       3  8.3    93   176    3266    (-,-) 
  addinc_add_7_30_g1260__2883/X    -       A1->X     F     sky130_fd_sc_hd__a221o_1       3 10.3    91   371    3638    (-,-) 
  addinc_add_7_30_g1258__9315/X    -       A->X      F     sky130_fd_sc_hd__and2_1        2  5.4    47   165    3802    (-,-) 
  addinc_add_7_30_g1252__6131/X    -       A1->X     F     sky130_fd_sc_hd__a221o_1       3  9.5    88   351    4154    (-,-) 
  addinc_add_7_30_g1247__2802/X    -       A->X      F     sky130_fd_sc_hd__and2_1        2  6.3    51   167    4321    (-,-) 
  addinc_add_7_30_g1241__4319/X    -       A1->X     F     sky130_fd_sc_hd__a221o_1       3 10.3    91   356    4677    (-,-) 
  addinc_add_7_30_g1232__2883/X    -       A1->X     F     sky130_fd_sc_hd__a221o_1       3 11.2    95   375    5052    (-,-) 
  addinc_add_7_30_g1220__1705/Y    -       A1->Y     R     sky130_fd_sc_hd__a31oi_1       2  9.0   256   233    5286    (-,-) 
  addinc_add_7_30_g1212__6260/Y    -       A2->Y     F     sky130_fd_sc_hd__o21ai_1       1  5.5    96   113    5398    (-,-) 
  addinc_add_7_30_g1210__2398/X    -       B->X      R     sky130_fd_sc_hd__xor2_1        1 51.3  1009   799    6198    (-,-) 
  S[31]                            <<<     -         R     (port)                         -    -     -     0    6198    (-,-) 
#-----------------------------------------------------------------------------------------------------------------------------

