============================================================
  Generated by:           Genus(TM) Synthesis Solution 23.12-s086_1
  Generated on:           Apr 14 2025  04:26:36 pm
  Module:                 carry_select_adder_66668_32bits
  Operating conditions:   tt_025C_1v80 
  Interconnect mode:      global
  Area mode:              physical library
============================================================

Timing
-------
  Cost    Critical         Violating 
 Group   Path Slack  TNS     Paths   
-------------------------------------
default         0.4   0.0          0 
-------------------------------------
Total                 0.0          0 

Instance Count
--------------
Leaf Instance Count             375 
Physical Instance count           0 
Sequential Instance Count         0 
Combinational Instance Count    375 
Hierarchical Instance Count       0 

Area
----
Cell Area                          2795.181
Physical Cell Area                 0.000
Total Cell Area (Cell+Physical)    2795.181
Net Area                           1991.431
Total Area (Cell+Physical+Net)     4786.612

Max Fanout                         10 (n_458)
Min Fanout                         1 (A[24])
Average Fanout                     1.6
Terms to net ratio                 2.4305
Terms to instance ratio            2.8907
Runtime                            16.320552 seconds
Elapsed Runtime                    18 seconds
Genus peak memory usage            1950.69 
Innovus peak memory usage          no_value 
Hostname                           cadmicro-inf-el8-623207
