###############################################################
#  Generated by:      Cadence Innovus 23.32-s091_1
#  OS:                Linux x86_64(Host ID cadmicro-inf-el8-623207)
#  Generated on:      Mon Apr 14 12:55:26 2025
#  Design:            signal_32bits
#  Command:           report_timing > reports/report_timing.rpt
###############################################################
Path 1: MET Path Delay Check
Endpoint:   S[31] (^)
Beginpoint: B[1]  (v) triggered by  leading edge of '@'
Path Groups: {default}
Analysis View: default_emulate_view
- External Delay                0.000
+ Path Delay                   12.400
= Required Time                12.400
- Arrival Time                 12.366
= Slack Time                    0.034
     Clock Rise Edge                      0.000
     + Input Delay                        0.000
     = Beginpoint Arrival Time            0.000
     +-------------------------------------------------------------------------------------------------------+ 
     |          Instance          |       Arc       |           Cell            | Delay | Arrival | Required | 
     |                            |                 |                           |       |  Time   |   Time   | 
     |----------------------------+-----------------+---------------------------+-------+---------+----------| 
     |                            | B[1] v          |                           |       |   0.000 |    0.034 | 
     | g836                       | A v -> COUT v   | sky130_fd_sc_hd__fahcin_1 | 0.717 |   0.717 |    0.750 | 
     | addinc_add_7_30_g807__3680 | A v -> Y ^      | sky130_fd_sc_hd__nand2_1  | 0.097 |   0.814 |    0.848 | 
     | addinc_add_7_30_g805__5526 | A ^ -> Y v      | sky130_fd_sc_hd__nand2_1  | 0.079 |   0.893 |    0.927 | 
     | addinc_add_7_30_g804__8428 | A v -> Y ^      | sky130_fd_sc_hd__nand2_1  | 0.078 |   0.971 |    1.004 | 
     | addinc_add_7_30_g802__6260 | A ^ -> Y v      | sky130_fd_sc_hd__nand2_1  | 0.076 |   1.047 |    1.081 | 
     | g2                         | A1 v -> X v     | sky130_fd_sc_hd__a21o_1   | 0.179 |   1.226 |    1.260 | 
     | addinc_add_7_30_g798__6417 | CIN v -> COUT v | sky130_fd_sc_hd__fa_1     | 0.387 |   1.613 |    1.647 | 
     | addinc_add_7_30_g797__7410 | CIN v -> COUT v | sky130_fd_sc_hd__fa_1     | 0.415 |   2.029 |    2.062 | 
     | addinc_add_7_30_g796__1666 | CIN v -> COUT v | sky130_fd_sc_hd__fa_1     | 0.416 |   2.444 |    2.478 | 
     | addinc_add_7_30_g795__2346 | CIN v -> COUT v | sky130_fd_sc_hd__fa_2     | 0.370 |   2.814 |    2.848 | 
     | addinc_add_7_30_g794__2883 | CIN v -> COUT v | sky130_fd_sc_hd__fa_1     | 0.396 |   3.210 |    3.244 | 
     | addinc_add_7_30_g793__9945 | CIN v -> COUT v | sky130_fd_sc_hd__fa_1     | 0.401 |   3.611 |    3.645 | 
     | addinc_add_7_30_g792__9315 | CIN v -> COUT v | sky130_fd_sc_hd__fa_1     | 0.406 |   4.017 |    4.051 | 
     | addinc_add_7_30_g791__6161 | CIN v -> COUT v | sky130_fd_sc_hd__fa_1     | 0.403 |   4.420 |    4.453 | 
     | addinc_add_7_30_g790__4733 | CIN v -> COUT v | sky130_fd_sc_hd__fa_1     | 0.405 |   4.825 |    4.859 | 
     | addinc_add_7_30_g789__7482 | CIN v -> COUT v | sky130_fd_sc_hd__fa_1     | 0.408 |   5.233 |    5.267 | 
     | addinc_add_7_30_g788__5115 | CIN v -> COUT v | sky130_fd_sc_hd__fa_1     | 0.402 |   5.635 |    5.668 | 
     | addinc_add_7_30_g787__1881 | CIN v -> COUT v | sky130_fd_sc_hd__fa_1     | 0.401 |   6.036 |    6.070 | 
     | addinc_add_7_30_g786__6131 | CIN v -> COUT v | sky130_fd_sc_hd__fa_1     | 0.398 |   6.434 |    6.467 | 
     | addinc_add_7_30_g785__7098 | CIN v -> COUT v | sky130_fd_sc_hd__fa_1     | 0.398 |   6.832 |    6.866 | 
     | addinc_add_7_30_g784__8246 | CIN v -> COUT v | sky130_fd_sc_hd__fa_1     | 0.402 |   7.234 |    7.267 | 
     | addinc_add_7_30_g783__5122 | CIN v -> COUT v | sky130_fd_sc_hd__fa_1     | 0.400 |   7.633 |    7.667 | 
     | addinc_add_7_30_g782__1705 | CIN v -> COUT v | sky130_fd_sc_hd__fa_1     | 0.391 |   8.024 |    8.058 | 
     | addinc_add_7_30_g781__2802 | CIN v -> COUT v | sky130_fd_sc_hd__fa_1     | 0.395 |   8.419 |    8.453 | 
     | addinc_add_7_30_g780__1617 | CIN v -> COUT v | sky130_fd_sc_hd__fa_1     | 0.394 |   8.813 |    8.847 | 
     | addinc_add_7_30_g779__3680 | CIN v -> COUT v | sky130_fd_sc_hd__fa_1     | 0.393 |   9.207 |    9.240 | 
     | addinc_add_7_30_g778__6783 | CIN v -> COUT v | sky130_fd_sc_hd__fa_1     | 0.401 |   9.608 |    9.641 | 
     | addinc_add_7_30_g777__5526 | CIN v -> COUT v | sky130_fd_sc_hd__fa_1     | 0.406 |  10.014 |   10.047 | 
     | addinc_add_7_30_g776__8428 | CIN v -> COUT v | sky130_fd_sc_hd__fa_1     | 0.409 |  10.423 |   10.457 | 
     | addinc_add_7_30_g775__4319 | CIN v -> COUT v | sky130_fd_sc_hd__fa_1     | 0.417 |  10.840 |   10.874 | 
     | addinc_add_7_30_g774__6260 | CIN v -> COUT v | sky130_fd_sc_hd__fa_1     | 0.402 |  11.243 |   11.276 | 
     | addinc_add_7_30_g773__5107 | CIN v -> COUT v | sky130_fd_sc_hd__fa_1     | 0.400 |  11.643 |   11.676 | 
     | addinc_add_7_30_g772__2398 | CIN v -> SUM ^  | sky130_fd_sc_hd__fa_2     | 0.723 |  12.365 |   12.399 | 
     |                            | S[31] ^         |                           | 0.001 |  12.366 |   12.400 | 
     +-------------------------------------------------------------------------------------------------------+ 

