###############################################################
#  Generated by:      Cadence Innovus 23.32-s091_1
#  OS:                Linux x86_64(Host ID cadmicro-inf-el8-623207)
#  Generated on:      Fri Apr 11 14:15:23 2025
#  Design:            cla_32bits
#  Command:           report_timing > reports/report_timing.rpt
###############################################################
Path 1: VIOLATED Path Delay Check
Endpoint:   S[31] (^)
Beginpoint: A[0]  (v) triggered by  leading edge of '@'
Path Groups: {default}
Analysis View: default_emulate_view
- External Delay                0.000
+ Path Delay                    1.700
= Required Time                 1.700
- Arrival Time                  1.805
= Slack Time                   -0.105
     Clock Rise Edge                      0.000
     + Input Delay                        0.000
     = Beginpoint Arrival Time            0.000
     +---------------------------------------------------------------------------------------------------------------+ 
     |                Instance                 |    Arc     |           Cell            | Delay | Arrival | Required | 
     |                                         |            |                           |       |  Time   |   Time   | 
     |-----------------------------------------+------------+---------------------------+-------+---------+----------| 
     |                                         | A[0] v     |                           |       |   0.000 |   -0.105 | 
     | GENERATE_PROPAGATE[0].GENERATE/g2__6161 | B v -> X v | sky130_fd_sc_hd__and2_4   | 0.540 |   0.540 |    0.436 | 
     | CLA1/g531__2802                         | B v -> Y ^ | sky130_fd_sc_hd__nand2_4  | 0.077 |   0.618 |    0.513 | 
     | CLA1/g528__3680                         | A ^ -> Y v | sky130_fd_sc_hd__nand2_4  | 0.059 |   0.677 |    0.572 | 
     | CLA1/g525__8428                         | A v -> Y ^ | sky130_fd_sc_hd__nand2_4  | 0.060 |   0.737 |    0.633 | 
     | CLA1/g521__5107                         | A ^ -> Y v | sky130_fd_sc_hd__nand2_4  | 0.050 |   0.787 |    0.683 | 
     | CLA9/g472__6161                         | A v -> Y ^ | sky130_fd_sc_hd__nand2_4  | 0.060 |   0.848 |    0.743 | 
     | CLA9/g468__5115                         | A ^ -> Y v | sky130_fd_sc_hd__nand2_4  | 0.062 |   0.910 |    0.805 | 
     | CLA9/g464__6131                         | A v -> Y ^ | sky130_fd_sc_hd__nand2_4  | 0.062 |   0.971 |    0.867 | 
     | CLA9/g2__9945                           | A ^ -> Y v | sky130_fd_sc_hd__nand3_4  | 0.099 |   1.071 |    0.966 | 
     | CLA13/g43                               | A v -> Y ^ | sky130_fd_sc_hd__nand2_2  | 0.083 |   1.154 |    1.049 | 
     | CLA13/g40                               | A ^ -> Y v | sky130_fd_sc_hd__nand2_2  | 0.060 |   1.213 |    1.109 | 
     | CLA17/g455__5115                        | A v -> Y ^ | sky130_fd_sc_hd__nand2_2  | 0.061 |   1.275 |    1.170 | 
     | CLA17/g451__8246                        | A ^ -> Y v | sky130_fd_sc_hd__nand2_2  | 0.062 |   1.336 |    1.232 | 
     | CLA17/g448__1705                        | A v -> Y ^ | sky130_fd_sc_hd__nand2_2  | 0.060 |   1.397 |    1.292 | 
     | CLA17/g447__2802                        | A ^ -> Y v | sky130_fd_sc_hd__nand2_2  | 0.055 |   1.451 |    1.347 | 
     | C30/g15                                 | A v -> Y ^ | sky130_fd_sc_hd__clkinv_2 | 0.044 |   1.495 |    1.390 | 
     | C30/g13                                 | A ^ -> Y v | sky130_fd_sc_hd__nand2_2  | 0.052 |   1.547 |    1.442 | 
     | S31/g19                                 | A v -> Y ^ | sky130_fd_sc_hd__inv_2    | 0.071 |   1.618 |    1.514 | 
     | S31/g17__1705                           | A ^ -> Y v | sky130_fd_sc_hd__nand2_4  | 0.059 |   1.677 |    1.573 | 
     | S31/g15__1617                           | A v -> Y ^ | sky130_fd_sc_hd__nand2_8  | 0.126 |   1.804 |    1.699 | 
     |                                         | S[31] ^    |                           | 0.001 |   1.805 |    1.700 | 
     +---------------------------------------------------------------------------------------------------------------+ 

