============================================================
  Generated by:           Genus(TM) Synthesis Solution 23.12-s086_1
  Generated on:           Apr 11 2025  03:41:53 pm
  Module:                 ladner_fischer_32bits
  Operating conditions:   tt_025C_1v80 
  Interconnect mode:      global
  Area mode:              physical library
============================================================


Path 1: MET (0 ps) Path Delay Check
     Startpoint: (F) A[11]
       Endpoint: (R) S[19]

                   Capture    Launch  
      Path Delay:+    1780         -  
      Drv Adjust:+       0         0  
         Arrival:=    1780            
                                      
   Required Time:=    1780            
       Data Path:-    1780            
           Slack:=       0            

Exceptions/Constraints:
  max_delay             1780            constraints.sdc_line_1 

#-------------------------------------------------------------------------------------------------------------------------------------
#                Timing Point                  Flags   Arc   Edge           Cell             Fanout Load Trans Delay Arrival Instance 
#                                                                                                   (fF)  (ps)  (ps)   (ps)  Location 
#-------------------------------------------------------------------------------------------------------------------------------------
  A[11]                                        -       -     F     (arrival)                      2  5.3  1000     0       0    (-,-) 
  g109/X                                       -       A->X  F     sky130_fd_sc_hd__clkbuf_1      2  7.1    69   334     334    (-,-) 
  GENERATE_PROPAGATE[11].PROPAGATE/g24/Y       -       A->Y  R     sky130_fd_sc_hd__clkinv_1      1  3.7    34    55     389    (-,-) 
  GENERATE_PROPAGATE[11].PROPAGATE/g22__8246/Y -       A->Y  F     sky130_fd_sc_hd__nand2_1       1  3.5    42    44     433    (-,-) 
  GENERATE_PROPAGATE[11].PROPAGATE/g21__5122/Y -       B->Y  R     sky130_fd_sc_hd__nand2_1       3  9.8   105   103     537    (-,-) 
  LEVEL_1[11].B1/PROPAGATE/g2__7482/X          -       B->X  R     sky130_fd_sc_hd__and2_4        2  6.9    43   154     691    (-,-) 
  LEVEL_2[11].B2/PROPAGATE/g11__7482/X         -       B->X  R     sky130_fd_sc_hd__and2_4        3  8.6    47   140     831    (-,-) 
  LEVEL_3[15].B3/PROPAGATE/g11__2802/X         -       A->X  R     sky130_fd_sc_hd__and2_4        2  8.9    48   138     968    (-,-) 
  LEVEL_4[31].B6/PROPAGATE/g11__2802/X         -       A->X  R     sky130_fd_sc_hd__and2_4       10 23.6    86   171    1140    (-,-) 
  LEVEL_5[17].B7/PROPAGATE/g11__8246/X         -       A->X  R     sky130_fd_sc_hd__and2_1        2  5.8    74   145    1285    (-,-) 
  LEVEL_6[18].B8/PROPAGATE/g11__7410/X         -       A->X  R     sky130_fd_sc_hd__and2_1        1  3.7    56   127    1411    (-,-) 
  C18/g20__1666/Y                              -       A->Y  F     sky130_fd_sc_hd__nand2_1       1  5.6    56    62    1473    (-,-) 
  C18/g19__2346/Y                              -       A->Y  R     sky130_fd_sc_hd__nand2_2       2 11.3    78    82    1556    (-,-) 
  S19/g2__2802/Y                               -       B->Y  F     sky130_fd_sc_hd__nand2b_2      1 17.7    94   102    1657    (-,-) 
  S19/g15__3680/Y                              -       A->Y  R     sky130_fd_sc_hd__nand2_8       1 51.3   108   122    1780    (-,-) 
  S[19]                                        <<<     -     R     (port)                         -    -     -     0    1780    (-,-) 
#-------------------------------------------------------------------------------------------------------------------------------------

