============================================================
  Generated by:           Genus(TM) Synthesis Solution 23.12-s086_1
  Generated on:           Apr 11 2025  02:31:23 pm
  Module:                 cla_16bits
  Operating conditions:   tt_025C_1v80 
  Interconnect mode:      global
  Area mode:              physical library
============================================================

             Instance                   Module      Cell-Count  Cell-Area  Net-Area   Total-Area 
-------------------------------------------------------------------------------------------------
cla_16bits                         NA                      298   1969.389  1487.069     3456.457 
  C0                               carry                     1      7.507     0.000        7.507 
  C1                               carry_97                  1      7.507     0.000        7.507 
  C10                              carry_88                  3     13.763     6.787       20.551 
  C11                              carry_87                  1      7.507     0.000        7.507 
  C12                              carry_86                  3     11.261     6.787       18.048 
  C13                              carry_85                  3     21.270     6.787       28.058 
  C14                              carry_84                  3     21.270     6.787       28.058 
  C15                              carry_83                  1     15.014     0.000       15.014 
  C2                               carry_96                  1      7.507     0.000        7.507 
  C3                               carry_95                  1      7.507     0.000        7.507 
  C4                               carry_94                  1      7.507     0.000        7.507 
  C5                               carry_93                  1      7.507     0.000        7.507 
  C6                               carry_92                  3     18.768     6.787       25.555 
  C7                               carry_91                  1      7.507     0.000        7.507 
  C8                               carry_90                  3     11.261     6.787       18.048 
  C9                               carry_89                  3     13.763     6.787       20.551 
  CLA1                             cla4x3                   14    107.603    27.150      134.753 
  CLA2                             cla4x3_104               12     81.328    23.669      104.997 
  CLA3                             cla4x3_103               10     80.077    15.228       95.305 
  CLA4                             cla4x3_102                6     46.294     0.000       46.294 
  CLA5                             cla4x3_101                9     72.570    10.181       82.751 
  CLA6                             cla4x3_100               13     86.333    23.756      110.089 
  CLA7                             cla4x3_99                13     82.579    23.756      106.335 
  CLA8                             cla4x3_98                10     57.555    13.575       71.130 
  GENERATE_PROPAGATE[0].GENERATE   generate_i                3     13.763     6.787       20.551 
  GENERATE_PROPAGATE[0].PROPAGATE  propagate_i               4     27.526    10.181       37.708 
  GENERATE_PROPAGATE[10].GENERATE  generate_i_110            1      6.256     0.000        6.256 
  GENERATE_PROPAGATE[10].PROPAGATE propagate_i_125           6     32.531    18.622       51.153 
  GENERATE_PROPAGATE[11].GENERATE  generate_i_109            1      6.256     0.000        6.256 
  GENERATE_PROPAGATE[11].PROPAGATE propagate_i_124           5     21.270    13.575       34.845 
  GENERATE_PROPAGATE[12].GENERATE  generate_i_108            1      6.256     0.000        6.256 
  GENERATE_PROPAGATE[12].PROPAGATE propagate_i_123           5     31.280    16.882       48.162 
  GENERATE_PROPAGATE[13].GENERATE  generate_i_107            1      6.256     0.000        6.256 
  GENERATE_PROPAGATE[13].PROPAGATE propagate_i_122           3     23.773     6.787       30.560 
  GENERATE_PROPAGATE[14].GENERATE  generate_i_106            1      6.256     0.000        6.256 
  GENERATE_PROPAGATE[14].PROPAGATE propagate_i_121           1      8.758     0.000        8.758 
  GENERATE_PROPAGATE[15].GENERATE  generate_i_105            1      6.256     0.000        6.256 
  GENERATE_PROPAGATE[15].PROPAGATE propagate_i_120           1      8.758     0.000        8.758 
  GENERATE_PROPAGATE[1].GENERATE   generate_i_119            1      7.507     0.000        7.507 
  GENERATE_PROPAGATE[1].PROPAGATE  propagate_i_134           5     32.531    13.575       46.106 
  GENERATE_PROPAGATE[2].GENERATE   generate_i_118            1      6.256     0.000        6.256 
  GENERATE_PROPAGATE[2].PROPAGATE  propagate_i_133           5     31.280    13.575       44.855 
  GENERATE_PROPAGATE[3].GENERATE   generate_i_117            1      6.256     0.000        6.256 
  GENERATE_PROPAGATE[3].PROPAGATE  propagate_i_132           5     32.531    13.575       46.106 
  GENERATE_PROPAGATE[4].GENERATE   generate_i_116            3     11.261     6.787       18.048 
  GENERATE_PROPAGATE[4].PROPAGATE  propagate_i_131           5     26.275    16.882       43.157 
  GENERATE_PROPAGATE[5].GENERATE   generate_i_115            1      6.256     0.000        6.256 
  GENERATE_PROPAGATE[5].PROPAGATE  propagate_i_130           5     31.280    13.575       44.855 
  GENERATE_PROPAGATE[6].GENERATE   generate_i_114            1      6.256     0.000        6.256 
  GENERATE_PROPAGATE[6].PROPAGATE  propagate_i_129           4     35.034    10.181       45.215 
  GENERATE_PROPAGATE[7].GENERATE   generate_i_113            1      6.256     0.000        6.256 
  GENERATE_PROPAGATE[7].PROPAGATE  propagate_i_128           3     33.782     6.787       40.570 
  GENERATE_PROPAGATE[8].GENERATE   generate_i_112            1      8.758     0.000        8.758 
  GENERATE_PROPAGATE[8].PROPAGATE  propagate_i_127           6     32.531    18.622       51.153 
  GENERATE_PROPAGATE[9].GENERATE   generate_i_111            1      6.256     0.000        6.256 
  GENERATE_PROPAGATE[9].PROPAGATE  propagate_i_126           4     32.531    10.181       42.712 
  S0                               soutput                   1      8.758     0.000        8.758 
  S1                               soutput_149               2     16.266     3.394       19.659 
  S10                              soutput_140               4     43.792    10.181       53.973 
  S11                              soutput_139               4     43.792    10.181       53.973 
  S12                              soutput_138               3     18.768     6.787       25.555 
  S13                              soutput_137               4     25.024    10.181       35.205 
  S14                              soutput_136               4     51.299    10.181       61.480 
  S15                              soutput_135               4     51.299    10.181       61.480 
  S2                               soutput_148               1     12.512     0.000       12.512 
  S3                               soutput_147               1     15.014     0.000       15.014 
  S4                               soutput_146               1     12.512     0.000       12.512 
  S5                               soutput_145               3     18.768     6.787       25.555 
  S6                               soutput_144               3     23.773     6.787       30.560 
  S7                               soutput_143               4     30.029    10.181       40.210 
  S8                               soutput_142               3     28.778     6.787       35.565 
  S9                               soutput_141               4     25.024    10.181       35.205 
