============================================================
  Generated by:           Genus(TM) Synthesis Solution 23.12-s086_1
  Generated on:           Apr 14 2025  02:19:10 pm
  Module:                 signal_32bits
  Operating conditions:   tt_025C_1v80 
  Interconnect mode:      global
  Area mode:              physical library
============================================================

Timing
-------
  Cost    Critical         Violating 
 Group   Path Slack  TNS     Paths   
-------------------------------------
default         0.7   0.0          0 
-------------------------------------
Total                 0.0          0 

Instance Count
--------------
Leaf Instance Count             161 
Physical Instance count           0 
Sequential Instance Count         0 
Combinational Instance Count    161 
Hierarchical Instance Count       0 

Area
----
Cell Area                          1086.042
Physical Cell Area                 0.000
Total Cell Area (Cell+Physical)    1086.042
Net Area                           1040.312
Total Area (Cell+Physical+Net)     2126.354

Max Fanout                         4 (addinc_add_7_30_n_3)
Min Fanout                         1 (A[30])
Average Fanout                     1.7
Terms to net ratio                 2.2371
Terms to instance ratio            3.2236
Runtime                            13.409187 seconds
Elapsed Runtime                    13 seconds
Genus peak memory usage            1942.13 
Innovus peak memory usage          no_value 
Hostname                           cadmicro-inf-el8-623207
