============================================================
  Generated by:           Genus(TM) Synthesis Solution 23.12-s086_1
  Generated on:           Apr 11 2025  03:01:20 pm
  Module:                 brent_kung_32bits
  Operating conditions:   tt_025C_1v80 
  Interconnect mode:      global
  Area mode:              physical library
============================================================


Path 1: VIOLATED (-45 ps) Path Delay Check
     Startpoint: (F) B[14]
       Endpoint: (F) S[31]

                   Capture    Launch  
      Path Delay:+    1870         -  
      Drv Adjust:+       0         0  
         Arrival:=    1870            
                                      
   Required Time:=    1870            
       Data Path:-    1915            
           Slack:=     -45            

Exceptions/Constraints:
  max_delay             1870            constraints.sdc_line_1 

#------------------------------------------------------------------------------------------------------------------------------
#             Timing Point              Flags   Arc   Edge           Cell             Fanout Load Trans Delay Arrival Instance 
#                                                                                            (fF)  (ps)  (ps)   (ps)  Location 
#------------------------------------------------------------------------------------------------------------------------------
  B[14]                                 -       -     F     (arrival)                      2  6.8  1000     0       0    (-,-) 
  g118/X                                -       A->X  F     sky130_fd_sc_hd__clkbuf_1      1  5.5    62   324     324    (-,-) 
  GENERATE_PROPAGATE[14].PROPAGATE/g2/X -       A->X  R     sky130_fd_sc_hd__xor2_1        2  6.0   173   192     517    (-,-) 
  LEVEL_1[15].B1/PROPAGATE/g11__2802/X  -       A->X  R     sky130_fd_sc_hd__and2_4        2  6.7    43   174     690    (-,-) 
  LEVEL_2[15].B2/PROPAGATE/g11__2802/X  -       A->X  R     sky130_fd_sc_hd__and2_4        2  6.7    42   131     821    (-,-) 
  LEVEL_3[15].B3/PROPAGATE/g11__2346/X  -       A->X  R     sky130_fd_sc_hd__and2_4        2 15.3    64   152     973    (-,-) 
  LEVEL_4[15].B4/PROPAGATE/g12/Y        -       A->Y  F     sky130_fd_sc_hd__nand2_4       1  6.1    30    44    1017    (-,-) 
  LEVEL_4[15].B4/PROPAGATE/g11/Y        -       A->Y  R     sky130_fd_sc_hd__clkinv_2      3  8.2    37    45    1062    (-,-) 
  B6/PROPAGATE/g11__8428/X              -       A->X  R     sky130_fd_sc_hd__and2_4        3  8.2    46   132    1194    (-,-) 
  LEVEL_7[27].B7/PROPAGATE/g11__7098/X  -       A->X  R     sky130_fd_sc_hd__and2_4        3  8.2    46   136    1330    (-,-) 
  LEVEL_8[29].B8/PROPAGATE/g11__6260/X  -       A->X  R     sky130_fd_sc_hd__and2_4        2  6.7    42   132    1462    (-,-) 
  LEVEL_9[30].B9/PROPAGATE/g11__5526/X  -       A->X  R     sky130_fd_sc_hd__and2_4        1 10.1    55   139    1600    (-,-) 
  C30/g2__6161/Y                        -       A->Y  F     sky130_fd_sc_hd__nand2_4       1  9.6    42    47    1648    (-,-) 
  C30/g19__4733/Y                       -       A->Y  R     sky130_fd_sc_hd__nand2_4       2 11.1    55    60    1708    (-,-) 
  S31/g21/Y                             -       A->Y  F     sky130_fd_sc_hd__inv_2         1  9.6    29    43    1751    (-,-) 
  S31/g18/Y                             -       A->Y  R     sky130_fd_sc_hd__nand2_4       1 19.4    80    72    1822    (-,-) 
  S31/g16/Y                             -       B->Y  F     sky130_fd_sc_hd__nand2_8       1 51.3    86    92    1915    (-,-) 
  S[31]                                 <<<     -     F     (port)                         -    -     -     0    1915    (-,-) 
#------------------------------------------------------------------------------------------------------------------------------

