============================================================
  Generated by:           Genus(TM) Synthesis Solution 23.12-s086_1
  Generated on:           Apr 11 2025  03:01:20 pm
  Module:                 brent_kung_32bits
  Operating conditions:   tt_025C_1v80 
  Interconnect mode:      global
  Area mode:              physical library
============================================================

Timing
-------
  Cost    Critical           Violating 
 Group   Path Slack   TNS      Paths   
---------------------------------------
default       -45.4   -79.1          2 
---------------------------------------
Total                 -79.1          2 

Instance Count
--------------
Leaf Instance Count             530 
Physical Instance count           0 
Sequential Instance Count         0 
Combinational Instance Count    530 
Hierarchical Instance Count     299 

Area
----
Cell Area                          3305.670
Physical Cell Area                 0.000
Total Cell Area (Cell+Physical)    3305.670
Net Area                           2639.288
Total Area (Cell+Physical+Net)     5944.958

Max Fanout                         19 (n_90)
Min Fanout                         1 (C[0])
Average Fanout                     1.6
Terms to net ratio                 2.4807
Terms to instance ratio            2.7849
Runtime                            19.88455 seconds
Elapsed Runtime                    20 seconds
Genus peak memory usage            1902.47 
Innovus peak memory usage          no_value 
Hostname                           cadmicro-inf-el8-623207
