###############################################################
#  Generated by:      Cadence Innovus 23.32-s091_1
#  OS:                Linux x86_64(Host ID cadmicro-inf-el8-623207)
#  Generated on:      Fri Apr 11 14:55:03 2025
#  Design:            kogge_stone_32bits
#  Command:           report_timing > reports/report_timing.rpt
###############################################################
Path 1: VIOLATED Path Delay Check
Endpoint:   S[15] (v)
Beginpoint: B[5]  (v) triggered by  leading edge of '@'
Path Groups: {default}
Analysis View: default_emulate_view
- External Delay                0.000
+ Path Delay                    1.777
= Required Time                 1.777
- Arrival Time                  1.866
= Slack Time                   -0.089
     Clock Rise Edge                      0.000
     + Input Delay                        0.000
     = Beginpoint Arrival Time            0.000
     +----------------------------------------------------------------------------------------------------------+ 
     |              Instance               |     Arc     |          Cell           | Delay | Arrival | Required | 
     |                                     |             |                         |       |  Time   |   Time   | 
     |-------------------------------------+-------------+-------------------------+-------+---------+----------| 
     |                                     | B[5] v      |                         |       |   0.000 |   -0.089 | 
     | GENERATE_PROPAGATE[5].PROPAGATE/g28 | A v -> X ^  | sky130_fd_sc_hd__xor2_2 | 0.613 |   0.613 |    0.524 | 
     | LEVEL_1[6].B1/PROPAGATE/g11__3680   | B ^ -> X ^  | sky130_fd_sc_hd__and2_4 | 0.220 |   0.833 |    0.744 | 
     | LEVEL_2[6].B3/PROPAGATE/g11__9315   | A ^ -> X ^  | sky130_fd_sc_hd__and2_4 | 0.157 |   0.989 |    0.900 | 
     | B6/PROPAGATE/g11__5122              | A ^ -> X ^  | sky130_fd_sc_hd__and2_1 | 0.178 |   1.168 |    1.079 | 
     | B14/PROPAGATE/g11__5107             | B ^ -> X ^  | sky130_fd_sc_hd__and2_1 | 0.160 |   1.328 |    1.239 | 
     | C14/g13__6161                       | A1 ^ -> X ^ | sky130_fd_sc_hd__a21o_1 | 0.141 |   1.469 |    1.380 | 
     | S15/g11                             | A ^ -> Y v  | sky130_fd_sc_hd__inv_1  | 0.048 |   1.517 |    1.428 | 
     | S15/g10__7482                       | A1 v -> X v | sky130_fd_sc_hd__mux2_4 | 0.347 |   1.864 |    1.775 | 
     |                                     | S[15] v     |                         | 0.002 |   1.866 |    1.777 | 
     +----------------------------------------------------------------------------------------------------------+ 

