============================================================
  Generated by:           Genus(TM) Synthesis Solution 23.12-s086_1
  Generated on:           Apr 11 2025  03:18:05 pm
  Module:                 sklansky_32bits
  Operating conditions:   tt_025C_1v80 
  Interconnect mode:      global
  Area mode:              physical library
============================================================

Timing
-------
  Cost    Critical         Violating 
 Group   Path Slack  TNS     Paths   
-------------------------------------
default         0.2   0.0          0 
-------------------------------------
Total                 0.0          0 

Instance Count
--------------
Leaf Instance Count             603 
Physical Instance count           0 
Sequential Instance Count         0 
Combinational Instance Count    603 
Hierarchical Instance Count     368 

Area
----
Cell Area                          3550.906
Physical Cell Area                 0.000
Total Cell Area (Cell+Physical)    3550.906
Net Area                           3024.260
Total Area (Cell+Physical+Net)     6575.166

Max Fanout                         17 (Go[15][0])
Min Fanout                         1 (C[0])
Average Fanout                     1.7
Terms to net ratio                 2.5479
Terms to instance ratio            2.8226
Runtime                            15.86509 seconds
Elapsed Runtime                    16 seconds
Genus peak memory usage            1895.14 
Innovus peak memory usage          no_value 
Hostname                           cadmicro-inf-el8-623207
