============================================================
  Generated by:           Genus(TM) Synthesis Solution 23.12-s086_1
  Generated on:           Apr 14 2025  12:45:55 pm
  Module:                 signal_32bits
  Operating conditions:   tt_025C_1v80 
  Interconnect mode:      global
  Area mode:              physical library
============================================================


Path 1: MET (42 ps) Path Delay Check
     Startpoint: (F) A[0]
       Endpoint: (R) S[31]

                   Capture    Launch  
      Path Delay:+   13000         -  
      Drv Adjust:+       0         0  
         Arrival:=   13000            
                                      
   Required Time:=   13000            
       Data Path:-   12958            
           Slack:=      42            

Exceptions/Constraints:
  max_delay            13000            constraints.sdc_line_1 

#----------------------------------------------------------------------------------------------------------------------------
#          Timing Point           Flags     Arc     Edge           Cell             Fanout Load Trans Delay Arrival Instance 
#                                                                                          (fF)  (ps)  (ps)   (ps)  Location 
#----------------------------------------------------------------------------------------------------------------------------
  A[0]                            -       -         F     (arrival)                      1  3.6  1000     0       0    (-,-) 
  g823/COUT                       -       A->COUT   F     sky130_fd_sc_hd__fahcin_1      1  3.5   104   640     640    (-,-) 
  g3/Y                            -       A->Y      R     sky130_fd_sc_hd__inv_1         1  6.3    69    93     734    (-,-) 
  g822/COUT                       -       CIN->COUT F     sky130_fd_sc_hd__fahcin_1      2  8.4   145   118     852    (-,-) 
  g2/X                            -       A1->X     F     sky130_fd_sc_hd__a21o_1        1  5.8    47   205    1057    (-,-) 
  addinc_add_7_30_g800__2398/COUT -       CIN->COUT F     sky130_fd_sc_hd__fa_1          1  5.8    96   379    1436    (-,-) 
  addinc_add_7_30_g799__5477/COUT -       CIN->COUT F     sky130_fd_sc_hd__fa_1          1  5.8    96   396    1832    (-,-) 
  addinc_add_7_30_g798__6417/COUT -       CIN->COUT F     sky130_fd_sc_hd__fa_1          1  5.8    96   396    2228    (-,-) 
  addinc_add_7_30_g797__7410/COUT -       CIN->COUT F     sky130_fd_sc_hd__fa_1          1  5.8    96   396    2625    (-,-) 
  addinc_add_7_30_g796__1666/COUT -       CIN->COUT F     sky130_fd_sc_hd__fa_1          1  5.8    96   396    3021    (-,-) 
  addinc_add_7_30_g795__2346/COUT -       CIN->COUT F     sky130_fd_sc_hd__fa_1          1  5.8    96   396    3417    (-,-) 
  addinc_add_7_30_g794__2883/COUT -       CIN->COUT F     sky130_fd_sc_hd__fa_1          1  5.8    96   396    3814    (-,-) 
  addinc_add_7_30_g793__9945/COUT -       CIN->COUT F     sky130_fd_sc_hd__fa_1          1  5.8    96   396    4210    (-,-) 
  addinc_add_7_30_g792__9315/COUT -       CIN->COUT F     sky130_fd_sc_hd__fa_1          1  5.8    96   396    4606    (-,-) 
  addinc_add_7_30_g791__6161/COUT -       CIN->COUT F     sky130_fd_sc_hd__fa_1          1  5.8    96   396    5002    (-,-) 
  addinc_add_7_30_g790__4733/COUT -       CIN->COUT F     sky130_fd_sc_hd__fa_1          1  5.8    96   396    5399    (-,-) 
  addinc_add_7_30_g789__7482/COUT -       CIN->COUT F     sky130_fd_sc_hd__fa_1          1  5.8    96   396    5795    (-,-) 
  addinc_add_7_30_g788__5115/COUT -       CIN->COUT F     sky130_fd_sc_hd__fa_1          1  5.8    96   396    6191    (-,-) 
  addinc_add_7_30_g787__1881/COUT -       CIN->COUT F     sky130_fd_sc_hd__fa_1          1  5.8    96   396    6588    (-,-) 
  addinc_add_7_30_g786__6131/COUT -       CIN->COUT F     sky130_fd_sc_hd__fa_1          1  5.8    96   396    6984    (-,-) 
  addinc_add_7_30_g785__7098/COUT -       CIN->COUT F     sky130_fd_sc_hd__fa_1          1  5.8    96   396    7380    (-,-) 
  addinc_add_7_30_g784__8246/COUT -       CIN->COUT F     sky130_fd_sc_hd__fa_1          1  5.8    96   396    7777    (-,-) 
  addinc_add_7_30_g783__5122/COUT -       CIN->COUT F     sky130_fd_sc_hd__fa_1          1  5.8    96   396    8173    (-,-) 
  addinc_add_7_30_g782__1705/COUT -       CIN->COUT F     sky130_fd_sc_hd__fa_1          1  5.8    96   396    8569    (-,-) 
  addinc_add_7_30_g781__2802/COUT -       CIN->COUT F     sky130_fd_sc_hd__fa_1          1  5.8    96   396    8966    (-,-) 
  addinc_add_7_30_g780__1617/COUT -       CIN->COUT F     sky130_fd_sc_hd__fa_1          1  5.8    96   396    9362    (-,-) 
  addinc_add_7_30_g779__3680/COUT -       CIN->COUT F     sky130_fd_sc_hd__fa_1          1  5.8    96   396    9758    (-,-) 
  addinc_add_7_30_g778__6783/COUT -       CIN->COUT F     sky130_fd_sc_hd__fa_1          1  5.8    96   396   10154    (-,-) 
  addinc_add_7_30_g777__5526/COUT -       CIN->COUT F     sky130_fd_sc_hd__fa_1          1  5.8    96   396   10551    (-,-) 
  addinc_add_7_30_g776__8428/COUT -       CIN->COUT F     sky130_fd_sc_hd__fa_1          1  5.8    96   396   10947    (-,-) 
  addinc_add_7_30_g775__4319/COUT -       CIN->COUT F     sky130_fd_sc_hd__fa_1          1  5.8    96   396   11343    (-,-) 
  addinc_add_7_30_g774__6260/COUT -       CIN->COUT F     sky130_fd_sc_hd__fa_1          1  5.8    96   396   11740    (-,-) 
  addinc_add_7_30_g773__5107/COUT -       CIN->COUT F     sky130_fd_sc_hd__fa_1          1  5.8    96   396   12136    (-,-) 
  addinc_add_7_30_g772__2398/SUM  -       CIN->SUM  R     sky130_fd_sc_hd__fa_1          1 51.3   506   822   12958    (-,-) 
  S[31]                           <<<     -         R     (port)                         -    -     -     0   12958    (-,-) 
#----------------------------------------------------------------------------------------------------------------------------

