============================================================
  Generated by:           Genus(TM) Synthesis Solution 23.12-s086_1
  Generated on:           Apr 14 2025  12:45:55 pm
  Module:                 signal_32bits
  Operating conditions:   tt_025C_1v80 
  Interconnect mode:      global
  Area mode:              physical library
============================================================

Timing
-------
  Cost    Critical         Violating 
 Group   Path Slack  TNS     Paths   
-------------------------------------
default        42.1   0.0          0 
-------------------------------------
Total                 0.0          0 

Instance Count
--------------
Leaf Instance Count             37 
Physical Instance count          0 
Sequential Instance Count        0 
Combinational Instance Count    37 
Hierarchical Instance Count      0 

Area
----
Cell Area                          690.662
Physical Cell Area                 0.000
Total Cell Area (Cell+Physical)    690.662
Net Area                           459.722
Total Area (Cell+Physical+Net)     1150.384

Max Fanout                         2 (B[2])
Min Fanout                         1 (B[6])
Average Fanout                     1.0
Terms to net ratio                 1.2910
Terms to instance ratio            4.6757
Runtime                            13.566296 seconds
Elapsed Runtime                    14 seconds
Genus peak memory usage            1940.74 
Innovus peak memory usage          no_value 
Hostname                           cadmicro-inf-el8-623207
