============================================================
  Generated by:           Genus(TM) Synthesis Solution 23.12-s086_1
  Generated on:           Apr 11 2025  03:36:08 pm
  Module:                 sklansky_32bits
  Operating conditions:   tt_025C_1v80 
  Interconnect mode:      global
  Area mode:              physical library
============================================================

Timing
-------
  Cost    Critical         Violating 
 Group   Path Slack  TNS     Paths   
-------------------------------------
default         0.1   0.0          0 
-------------------------------------
Total                 0.0          0 

Instance Count
--------------
Leaf Instance Count             387 
Physical Instance count           0 
Sequential Instance Count         0 
Combinational Instance Count    387 
Hierarchical Instance Count     368 

Area
----
Cell Area                          2812.698
Physical Cell Area                 0.000
Total Cell Area (Cell+Physical)    2812.698
Net Area                           2210.196
Total Area (Cell+Physical+Net)     5022.894

Max Fanout                         25 (n_18)
Min Fanout                         1 (C[0])
Average Fanout                     1.9
Terms to net ratio                 2.7102
Terms to instance ratio            3.1654
Runtime                            13.874018 seconds
Elapsed Runtime                    15 seconds
Genus peak memory usage            1894.73 
Innovus peak memory usage          no_value 
Hostname                           cadmicro-inf-el8-623207
