============================================================
  Generated by:           Genus(TM) Synthesis Solution 23.12-s086_1
  Generated on:           Apr 11 2025  03:36:08 pm
  Module:                 sklansky_32bits
  Operating conditions:   tt_025C_1v80 
  Interconnect mode:      global
  Area mode:              physical library
============================================================


Path 1: MET (0 ps) Path Delay Check
     Startpoint: (F) A[20]
       Endpoint: (F) S[29]

                   Capture    Launch  
      Path Delay:+    1973         -  
      Drv Adjust:+       0         0  
         Arrival:=    1973            
                                      
   Required Time:=    1973            
       Data Path:-    1973            
           Slack:=       0            

Exceptions/Constraints:
  max_delay             1973            constraints.sdc_line_1 

#--------------------------------------------------------------------------------------------------------------------------------------
#                Timing Point                  Flags    Arc   Edge           Cell             Fanout Load Trans Delay Arrival Instance 
#                                                                                                    (fF)  (ps)  (ps)   (ps)  Location 
#--------------------------------------------------------------------------------------------------------------------------------------
  A[20]                                        -       -      F     (arrival)                      1  3.3  1000     0       0    (-,-) 
  g46/X                                        -       A->X   F     sky130_fd_sc_hd__buf_1         3  7.7    72   338     338    (-,-) 
  GENERATE_PROPAGATE[20].PROPAGATE/g2/Y        -       A_N->Y F     sky130_fd_sc_hd__nand2b_1      1  3.5    48   152     490    (-,-) 
  GENERATE_PROPAGATE[20].PROPAGATE/g21__3680/Y -       B->Y   R     sky130_fd_sc_hd__nand2_1       4 14.0   142   131     622    (-,-) 
  LEVEL_1[21].B1/PROPAGATE/g11__6783/X         -       A->X   R     sky130_fd_sc_hd__and2_1        4 10.1   113   191     813    (-,-) 
  LEVEL_2[23].B2/PROPAGATE/g11__6131/X         -       A->X   R     sky130_fd_sc_hd__and2_1        2  9.5   108   180     992    (-,-) 
  LEVEL_3[23].B4/PROPAGATE/g11__6161/X         -       B->X   R     sky130_fd_sc_hd__and2_4       10 23.0    85   192    1184    (-,-) 
  LEVEL_4[28].B10/PROPAGATE/g11__6161/X        -       B->X   R     sky130_fd_sc_hd__and2_1        2  5.9    75   148    1332    (-,-) 
  LEVEL_5[28].B13/PROPAGATE/g11__6260/X        -       B->X   R     sky130_fd_sc_hd__and2_1        1  3.8    57   131    1463    (-,-) 
  C28/g13__6783/X                              -       A1->X  R     sky130_fd_sc_hd__a21o_1        2  6.7    72   127    1589    (-,-) 
  S29/fopt/Y                                   -       A->Y   F     sky130_fd_sc_hd__inv_1         1  3.4    29    45    1634    (-,-) 
  S29/g10__1705/X                              -       A1->X  F     sky130_fd_sc_hd__mux2_4        1 51.3   115   338    1972    (-,-) 
  S[29]                                        <<<     -      F     (port)                         -    -     -     0    1973    (-,-) 
#--------------------------------------------------------------------------------------------------------------------------------------

