============================================================
  Generated by:           Genus(TM) Synthesis Solution 23.12-s086_1
  Generated on:           Apr 11 2025  02:55:19 pm
  Module:                 kogge_stone_32bits
  Operating conditions:   tt_025C_1v80 
  Interconnect mode:      global
  Area mode:              physical library
============================================================


Path 1: MET (0 ps) Path Delay Check
     Startpoint: (F) B[15]
       Endpoint: (F) S[29]

                   Capture    Launch  
      Path Delay:+    1866         -  
      Drv Adjust:+       0         0  
         Arrival:=    1866            
                                      
   Required Time:=    1866            
       Data Path:-    1866            
           Slack:=       0            

Exceptions/Constraints:
  max_delay             1866            constraints.sdc_line_1 

#------------------------------------------------------------------------------------------------------------------------------
#             Timing Point              Flags   Arc   Edge           Cell             Fanout Load Trans Delay Arrival Instance 
#                                                                                            (fF)  (ps)  (ps)   (ps)  Location 
#------------------------------------------------------------------------------------------------------------------------------
  B[15]                                 -       -     F     (arrival)                      2 11.9  1000     0       0    (-,-) 
  GENERATE_PROPAGATE[15].PROPAGATE/g2/X -       A->X  F     sky130_fd_sc_hd__xor2_2        4 13.0   216   448     448    (-,-) 
  LEVEL_1[16].B1/PROPAGATE/g11__6161/X  -       B->X  F     sky130_fd_sc_hd__and2_4        3  9.2    37   240     688    (-,-) 
  LEVEL_2[16].B3/GENERATE/g14__5526/Y   -       B->Y  R     sky130_fd_sc_hd__nand2_1       1 10.6   112   106     794    (-,-) 
  LEVEL_2[16].B3/GENERATE/g13__8428/Y   -       B->Y  F     sky130_fd_sc_hd__nand2b_4      2  6.3    39    60     854    (-,-) 
  LEVEL_3[20].B7/GENERATE/g13__7410/X   -       A2->X F     sky130_fd_sc_hd__a21o_1        2  6.4    50   186    1040    (-,-) 
  LEVEL_4[28].B15/GENERATE/g13__6161/X  -       A1->X F     sky130_fd_sc_hd__a21o_1        1  3.5    38   156    1196    (-,-) 
  LEVEL_5[28].B17/GENERATE/g13__9945/X  -       B1->X F     sky130_fd_sc_hd__a21o_1        1  3.5    38   150    1346    (-,-) 
  C28/g13__2398/X                       -       B1->X F     sky130_fd_sc_hd__a21o_1        2  6.2    49   162    1508    (-,-) 
  S29/g10__6260/X                       -       A0->X F     sky130_fd_sc_hd__mux2_4        1 51.3   115   357    1865    (-,-) 
  S[29]                                 <<<     -     F     (port)                         -    -     -     0    1866    (-,-) 
#------------------------------------------------------------------------------------------------------------------------------

