/home/gme/guilherme.manske/hls/pi/solution1/.autopilot/db/pi.pp.0.cpp:29361:7: warning: Added loop label VITIS_LOOP_1207_1:   [xilinx-label-all-loops]
      for (i = 0; i < __N - 1; ++i) {
      ^~~
      VITIS_LOOP_1207_1: 
/home/gme/guilherme.manske/hls/pi/solution1/.autopilot/db/pi.pp.0.cpp:29361:7: note: FIX-IT applied suggested code changes
/home/gme/guilherme.manske/hls/pi/solution1/.autopilot/db/pi.pp.0.cpp:30335:5: warning: Added loop label VITIS_LOOP_676_1:   [xilinx-label-all-loops]
    for (unsigned i = low; i != high; ++i) {
    ^~~
    VITIS_LOOP_676_1: 
/home/gme/guilherme.manske/hls/pi/solution1/.autopilot/db/pi.pp.0.cpp:30335:5: note: FIX-IT applied suggested code changes
/home/gme/guilherme.manske/hls/pi/solution1/.autopilot/db/pi.pp.0.cpp:30349:5: warning: Added loop label VITIS_LOOP_690_1:   [xilinx-label-all-loops]
    for (unsigned i = low; i != high; ++i) {
    ^~~
    VITIS_LOOP_690_1: 
/home/gme/guilherme.manske/hls/pi/solution1/.autopilot/db/pi.pp.0.cpp:30349:5: note: FIX-IT applied suggested code changes
/home/gme/guilherme.manske/hls/pi/solution1/.autopilot/db/pi.pp.0.cpp:30363:5: warning: Added loop label VITIS_LOOP_704_1:   [xilinx-label-all-loops]
    for (unsigned i = low; i != high; ++i) {
    ^~~
    VITIS_LOOP_704_1: 
/home/gme/guilherme.manske/hls/pi/solution1/.autopilot/db/pi.pp.0.cpp:30363:5: note: FIX-IT applied suggested code changes
/home/gme/guilherme.manske/hls/pi/solution1/.autopilot/db/pi.pp.0.cpp:31980:7: warning: Added loop label VITIS_LOOP_1247_1:   [xilinx-label-all-loops]
      for (i = 0; i < __N - 1; ++i) {
      ^~~
      VITIS_LOOP_1247_1: 
/home/gme/guilherme.manske/hls/pi/solution1/.autopilot/db/pi.pp.0.cpp:31980:7: note: FIX-IT applied suggested code changes
/home/gme/guilherme.manske/hls/pi/solution1/.autopilot/db/pi.pp.0.cpp:33770:2: warning: Added loop label VITIS_LOOP_22_1:   [xilinx-label-all-loops]
 for (long n = 0; n < nterms; n++) {
 ^~~
 VITIS_LOOP_22_1: 
/home/gme/guilherme.manske/hls/pi/solution1/.autopilot/db/pi.pp.0.cpp:33770:2: note: FIX-IT applied suggested code changes
