============================================================
  Generated by:           Genus(TM) Synthesis Solution 23.12-s086_1
  Generated on:           Apr 14 2025  03:14:19 pm
  Module:                 signal_32bits
  Operating conditions:   tt_025C_1v80 
  Interconnect mode:      global
  Area mode:              physical library
============================================================

Timing
-------
  Cost    Critical         Violating 
 Group   Path Slack  TNS     Paths   
-------------------------------------
default         4.3   0.0          0 
-------------------------------------
Total                 0.0          0 

Instance Count
--------------
Leaf Instance Count             308 
Physical Instance count           0 
Sequential Instance Count         0 
Combinational Instance Count    308 
Hierarchical Instance Count       0 

Area
----
Cell Area                          1785.462
Physical Cell Area                 0.000
Total Cell Area (Cell+Physical)    1785.462
Net Area                           1839.583
Total Area (Cell+Physical+Net)     3625.045

Max Fanout                         15 (addinc_add_7_30_n_236)
Min Fanout                         1 (n_10)
Average Fanout                     1.9
Terms to net ratio                 2.6676
Terms to instance ratio            3.2305
Runtime                            13.958241 seconds
Elapsed Runtime                    15 seconds
Genus peak memory usage            2033.58 
Innovus peak memory usage          no_value 
Hostname                           cadmicro-inf-el8-623207
