###############################################################
#  Generated by:      Cadence Innovus 23.32-s091_1
#  OS:                Linux x86_64(Host ID cadmicro-inf-el8-623207)
#  Generated on:      Fri Apr 11 15:35:53 2025
#  Design:            sklansky_32bits
#  Command:           report_timing > reports/report_timing.rpt
###############################################################
Path 1: VIOLATED Path Delay Check
Endpoint:   S[26] (v)
Beginpoint: A[15] (v) triggered by  leading edge of '@'
Path Groups: {default}
Analysis View: default_emulate_view
- External Delay                0.000
+ Path Delay                    1.954
= Required Time                 1.954
- Arrival Time                  1.973
= Slack Time                   -0.019
     Clock Rise Edge                      0.000
     + Input Delay                        0.000
     = Beginpoint Arrival Time            0.000
     +----------------------------------------------------------------------------------------------------------+ 
     |              Instance               |     Arc     |          Cell           | Delay | Arrival | Required | 
     |                                     |             |                         |       |  Time   |   Time   | 
     |-------------------------------------+-------------+-------------------------+-------+---------+----------| 
     |                                     | A[15] v     |                         |       |   0.000 |   -0.019 | 
     | GENERATE_PROPAGATE[15].PROPAGATE/g2 | A v -> X ^  | sky130_fd_sc_hd__xor2_4 | 0.572 |   0.572 |    0.553 | 
     | LEVEL_1[15].B1/PROPAGATE/g11__2398  | A ^ -> X ^  | sky130_fd_sc_hd__and2_4 | 0.190 |   0.761 |    0.742 | 
     | LEVEL_2[15].B2/PROPAGATE/g11__4319  | A ^ -> X ^  | sky130_fd_sc_hd__and2_1 | 0.133 |   0.894 |    0.875 | 
     | LEVEL_3[15].B4/PROPAGATE/g11__6783  | A ^ -> X ^  | sky130_fd_sc_hd__and2_4 | 0.160 |   1.054 |    1.035 | 
     | LEVEL_4[31].B11/PROPAGATE/g11__3680 | A ^ -> X ^  | sky130_fd_sc_hd__and2_4 | 0.230 |   1.284 |    1.265 | 
     | LEVEL_5[25].B13/PROPAGATE/g11__7410 | B ^ -> X ^  | sky130_fd_sc_hd__and2_4 | 0.163 |   1.447 |    1.428 | 
     | C25/g13__8428                       | A1 ^ -> X ^ | sky130_fd_sc_hd__a21o_1 | 0.131 |   1.578 |    1.559 | 
     | S26/fopt                            | A ^ -> Y v  | sky130_fd_sc_hd__inv_1  | 0.050 |   1.628 |    1.609 | 
     | S26/g10__1617                       | A1 v -> X v | sky130_fd_sc_hd__mux2_4 | 0.343 |   1.972 |    1.953 | 
     |                                     | S[26] v     |                         | 0.001 |   1.973 |    1.954 | 
     +----------------------------------------------------------------------------------------------------------+ 

