============================================================
  Generated by:           Genus(TM) Synthesis Solution 23.12-s086_1
  Generated on:           Apr 14 2025  04:23:24 pm
  Module:                 carry_select_adder_46814_32bits
  Operating conditions:   tt_025C_1v80 
  Interconnect mode:      global
  Area mode:              physical library
============================================================

Timing
-------
  Cost    Critical         Violating 
 Group   Path Slack  TNS     Paths   
-------------------------------------
default         0.0   0.0          0 
-------------------------------------
Total                 0.0          0 

Instance Count
--------------
Leaf Instance Count             435 
Physical Instance count           0 
Sequential Instance Count         0 
Combinational Instance Count    435 
Hierarchical Instance Count       0 

Area
----
Cell Area                          2835.219
Physical Cell Area                 0.000
Total Cell Area (Cell+Physical)    2835.219
Net Area                           2335.417
Total Area (Cell+Physical+Net)     5170.636

Max Fanout                         15 (n_661)
Min Fanout                         1 (n_12)
Average Fanout                     1.8
Terms to net ratio                 2.5655
Terms to instance ratio            2.9724
Runtime                            20.914229 seconds
Elapsed Runtime                    22 seconds
Genus peak memory usage            1987.09 
Innovus peak memory usage          no_value 
Hostname                           cadmicro-inf-el8-623207
