###############################################################
#  Generated by:      Cadence Innovus 23.32-s091_1
#  OS:                Linux x86_64(Host ID cadmicro-inf-el8-623207)
#  Generated on:      Fri Apr 11 16:15:44 2025
#  Design:            han_carlson_32bits
#  Command:           report_timing > reports/report_timing.rpt
###############################################################
Path 1: MET Path Delay Check
Endpoint:   S[25] (^)
Beginpoint: A[0]  (v) triggered by  leading edge of '@'
Path Groups: {default}
Analysis View: default_emulate_view
- External Delay                0.000
+ Path Delay                    2.131
= Required Time                 2.131
- Arrival Time                  2.130
= Slack Time                    0.001
     Clock Rise Edge                      0.000
     + Input Delay                        0.000
     = Beginpoint Arrival Time            0.000
     +------------------------------------------------------------------------------------------------------------+ 
     |              Instance              |     Arc      |           Cell            | Delay | Arrival | Required | 
     |                                    |              |                           |       |  Time   |   Time   | 
     |------------------------------------+--------------+---------------------------+-------+---------+----------| 
     |                                    | A[0] v       |                           |       |   0.000 |    0.001 | 
     | GENERATE_PROPAGATE[0].GENERATE/g2  | B v -> X v   | sky130_fd_sc_hd__and2_1   | 0.527 |   0.527 |    0.527 | 
     | LEVEL_1[1].B1/GENERATE/g14__5107   | B v -> Y ^   | sky130_fd_sc_hd__nand2_1  | 0.089 |   0.615 |    0.616 | 
     | LEVEL_1[1].B1/GENERATE/g13__2398   | B ^ -> Y v   | sky130_fd_sc_hd__nand2b_2 | 0.122 |   0.737 |    0.738 | 
     | LEVEL_2[3].B2/GENERATE/g13__5526   | A1 v -> X v  | sky130_fd_sc_hd__a21o_1   | 0.244 |   0.982 |    0.982 | 
     | LEVEL_3[7].B4/GENERATE/g13__7482   | A1 v -> X v  | sky130_fd_sc_hd__a21o_1   | 0.232 |   1.213 |    1.214 | 
     | LEVEL_5[23].B9/GENERATE/g13__2346  | A2 v -> X v  | sky130_fd_sc_hd__a21o_1   | 0.209 |   1.423 |    1.423 | 
     | LEVEL_6[24].B10/GENERATE/g13__2398 | A1 v -> X v  | sky130_fd_sc_hd__a21o_1   | 0.151 |   1.574 |    1.574 | 
     | C24/g13__1617                      | B1 v -> X v  | sky130_fd_sc_hd__a21o_1   | 0.183 |   1.756 |    1.757 | 
     | S25/g12__5526                      | B v -> SUM ^ | sky130_fd_sc_hd__ha_4     | 0.373 |   2.129 |    2.130 | 
     |                                    | S[25] ^      |                           | 0.001 |   2.130 |    2.131 | 
     +------------------------------------------------------------------------------------------------------------+ 

