###############################################################
#  Generated by:      Cadence Innovus 23.32-s091_1
#  OS:                Linux x86_64(Host ID cadmicro-inf-el8-623207)
#  Generated on:      Mon Apr 14 16:21:27 2025
#  Design:            carry_select_adder_8888_32bits
#  Command:           report_timing > reports/report_timing.rpt
###############################################################
Path 1: VIOLATED Path Delay Check
Endpoint:   S[29] (^)
Beginpoint: A[0]  (v) triggered by  leading edge of '@'
Path Groups: {default}
Analysis View: default_emulate_view
- External Delay                0.000
+ Path Delay                    1.390
= Required Time                 1.390
- Arrival Time                  1.391
= Slack Time                   -0.001
     Clock Rise Edge                      0.000
     + Input Delay                        0.000
     = Beginpoint Arrival Time            0.000
     +------------------------------------------------------------------------------------+ 
     |  Instance   |     Arc     |           Cell            | Delay | Arrival | Required | 
     |             |             |                           |       |  Time   |   Time   | 
     |-------------+-------------+---------------------------+-------+---------+----------| 
     |             | A[0] v      |                           |       |   0.000 |   -0.001 | 
     | g8890       | A v -> Y ^  | sky130_fd_sc_hd__clkinv_8 | 0.188 |   0.188 |    0.188 | 
     | g8760__2802 | A ^ -> Y v  | sky130_fd_sc_hd__nand2_1  | 0.079 |   0.267 |    0.267 | 
     | g8688__4319 | B v -> Y ^  | sky130_fd_sc_hd__nand2_2  | 0.072 |   0.339 |    0.339 | 
     | g8674__6417 | A ^ -> Y v  | sky130_fd_sc_hd__nand2_2  | 0.105 |   0.445 |    0.444 | 
     | g8615__2883 | A v -> Y ^  | sky130_fd_sc_hd__nand2_2  | 0.090 |   0.534 |    0.534 | 
     | g8612__3680 | A ^ -> Y v  | sky130_fd_sc_hd__nand3_4  | 0.085 |   0.620 |    0.619 | 
     | g8599__6417 | A v -> Y ^  | sky130_fd_sc_hd__nand2_2  | 0.097 |   0.717 |    0.716 | 
     | g8573__1617 | A ^ -> Y v  | sky130_fd_sc_hd__nand4_1  | 0.100 |   0.817 |    0.816 | 
     | g8552__5122 | A v -> Y ^  | sky130_fd_sc_hd__nand3_2  | 0.126 |   0.942 |    0.942 | 
     | g8543__9945 | A ^ -> Y v  | sky130_fd_sc_hd__nand2_8  | 0.115 |   1.057 |    1.056 | 
     | g8505__9315 | B v -> Y ^  | sky130_fd_sc_hd__nor2_1   | 0.138 |   1.195 |    1.194 | 
     | g8467__5115 | B1 ^ -> X ^ | sky130_fd_sc_hd__a21o_4   | 0.195 |   1.389 |    1.389 | 
     |             | S[29] ^     |                           | 0.001 |   1.391 |    1.390 | 
     +------------------------------------------------------------------------------------+ 

