###############################################################
#  Generated by:      Cadence Innovus 23.32-s091_1
#  OS:                Linux x86_64(Host ID cadmicro-inf-el8-623207)
#  Generated on:      Mon Apr 14 14:48:15 2025
#  Design:            signal_32bits
#  Command:           report_timing > reports/report_timing.rpt
###############################################################
Path 1: MET Path Delay Check
Endpoint:   S[31] (^)
Beginpoint: B[1]  (v) triggered by  leading edge of '@'
Path Groups: {default}
Analysis View: default_emulate_view
- External Delay                0.000
+ Path Delay                    3.900
= Required Time                 3.900
- Arrival Time                  3.830
= Slack Time                    0.070
     Clock Rise Edge                      0.000
     + Input Delay                        0.000
     = Beginpoint Arrival Time            0.000
     +-------------------------------------------------------------------------------------------------------+ 
     |          Instance           |      Arc       |           Cell            | Delay | Arrival | Required | 
     |                             |                |                           |       |  Time   |   Time   | 
     |-----------------------------+----------------+---------------------------+-------+---------+----------| 
     |                             | B[1] v         |                           |       |   0.000 |    0.070 | 
     | addinc_add_7_30_g1349__5107 | B v -> Y ^     | sky130_fd_sc_hd__nor2_1   | 0.468 |   0.468 |    0.538 | 
     | addinc_add_7_30_g1239__1881 | A1 ^ -> Y v    | sky130_fd_sc_hd__o21ai_2  | 0.132 |   0.600 |    0.670 | 
     | addinc_add_7_30_g1237__7098 | A v -> Y ^     | sky130_fd_sc_hd__nand2_2  | 0.074 |   0.674 |    0.744 | 
     | addinc_add_7_30_g1235__5122 | A ^ -> Y v     | sky130_fd_sc_hd__nand2_2  | 0.053 |   0.727 |    0.797 | 
     | addinc_add_7_30_g1234__1705 | A v -> Y ^     | sky130_fd_sc_hd__nand2_1  | 0.080 |   0.807 |    0.877 | 
     | addinc_add_7_30_g1232__1617 | A ^ -> Y v     | sky130_fd_sc_hd__nand2_2  | 0.067 |   0.874 |    0.944 | 
     | addinc_add_7_30_g1230__3680 | A v -> Y ^     | sky130_fd_sc_hd__nand2_1  | 0.069 |   0.943 |    1.013 | 
     | addinc_add_7_30_g1227__8428 | A ^ -> Y v     | sky130_fd_sc_hd__nand2_1  | 0.072 |   1.015 |    1.085 | 
     | addinc_add_7_30_g1226__4319 | A v -> Y ^     | sky130_fd_sc_hd__nand2_1  | 0.065 |   1.080 |    1.150 | 
     | addinc_add_7_30_g1224__5107 | A ^ -> Y v     | sky130_fd_sc_hd__nand2_1  | 0.048 |   1.128 |    1.198 | 
     | addinc_add_7_30_g1222__5477 | CI v -> COUT v | sky130_fd_sc_hd__fah_1    | 0.268 |   1.396 |    1.466 | 
     | addinc_add_7_30_g1221__6417 | B_N v -> Y v   | sky130_fd_sc_hd__nor2b_1  | 0.161 |   1.557 |    1.627 | 
     | addinc_add_7_30_g1219__1666 | A v -> Y ^     | sky130_fd_sc_hd__nand2_1  | 0.096 |   1.653 |    1.723 | 
     | addinc_add_7_30_g1216__9945 | C1 ^ -> Y v    | sky130_fd_sc_hd__o211ai_2 | 0.108 |   1.761 |    1.831 | 
     | addinc_add_7_30_g1214__6161 | A v -> Y ^     | sky130_fd_sc_hd__nand2_1  | 0.130 |   1.890 |    1.960 | 
     | addinc_add_7_30_g1208__7098 | A2 ^ -> Y v    | sky130_fd_sc_hd__o221ai_2 | 0.147 |   2.037 |    2.107 | 
     | addinc_add_7_30_g1200__5526 | A1 v -> Y ^    | sky130_fd_sc_hd__a31oi_1  | 0.266 |   2.303 |    2.373 | 
     | addinc_add_7_30_g1196__5107 | B ^ -> Y v     | sky130_fd_sc_hd__nor2_1   | 0.117 |   2.420 |    2.490 | 
     | addinc_add_7_30_g1187__9315 | A1 v -> X v    | sky130_fd_sc_hd__a21o_1   | 0.208 |   2.629 |    2.699 | 
     | addinc_add_7_30_g1175__1617 | A1 v -> Y ^    | sky130_fd_sc_hd__a311oi_2 | 0.273 |   2.902 |    2.972 | 
     | addinc_add_7_30_g1168__5107 | A2 ^ -> Y v    | sky130_fd_sc_hd__o21ai_1  | 0.121 |   3.023 |    3.093 | 
     | addinc_add_7_30_g1167__2398 | B v -> X ^     | sky130_fd_sc_hd__xor2_1   | 0.806 |   3.829 |    3.899 | 
     |                             | S[31] ^        |                           | 0.001 |   3.830 |    3.900 | 
     +-------------------------------------------------------------------------------------------------------+ 

