============================================================
  Generated by:           Genus(TM) Synthesis Solution 23.12-s086_1
  Generated on:           Apr 11 2025  02:25:24 pm
  Module:                 cla_16bits
  Operating conditions:   tt_025C_1v80 
  Interconnect mode:      global
  Area mode:              physical library
============================================================

             Instance                   Module      Cell-Count  Cell-Area  Net-Area   Total-Area 
-------------------------------------------------------------------------------------------------
cla_16bits                         NA                      337   2190.851  1609.504     3800.356 
  C0                               carry                     1      7.507     0.000        7.507 
  C1                               carry_97                  1      7.507     0.000        7.507 
  C10                              carry_88                  3     13.763     6.787       20.551 
  C11                              carry_87                  3     16.266     6.787       23.053 
  C12                              carry_86                  3     22.522     6.787       29.309 
  C13                              carry_85                  3     21.270     6.787       28.058 
  C14                              carry_84                  3     21.270     6.787       28.058 
  C15                              carry_83                  3     20.019     6.787       26.807 
  C2                               carry_96                  3     11.261     6.787       18.048 
  C3                               carry_95                  1      7.507     0.000        7.507 
  C4                               carry_94                  2     10.010     3.394       13.403 
  C5                               carry_93                  3     11.261     6.787       18.048 
  C6                               carry_92                  3     18.768     6.787       25.555 
  C7                               carry_91                  2     10.010     3.394       13.403 
  C8                               carry_90                  3     13.763     6.787       20.551 
  C9                               carry_89                  3     16.266     6.787       23.053 
  CLA1                             cla4x3                   18    125.120    44.032      169.152 
  CLA2                             cla4x3_104               15     78.826    33.850      112.676 
  CLA3                             cla4x3_103               10     65.062    15.228       80.291 
  CLA4                             cla4x3_102                6     46.294     0.000       46.294 
  CLA5                             cla4x3_101               13     92.589    23.756      116.345 
  CLA6                             cla4x3_100               12     93.840    22.016      115.856 
  CLA7                             cla4x3_99                12     78.826    20.362       99.188 
  CLA8                             cla4x3_98                13     67.565    25.410       92.974 
  GENERATE_PROPAGATE[0].GENERATE   generate_i                1     25.024     0.000       25.024 
  GENERATE_PROPAGATE[0].PROPAGATE  propagate_i               4     42.541    10.181       52.722 
  GENERATE_PROPAGATE[10].GENERATE  generate_i_110            1      6.256     0.000        6.256 
  GENERATE_PROPAGATE[10].PROPAGATE propagate_i_125           5     36.285    16.882       53.166 
  GENERATE_PROPAGATE[11].GENERATE  generate_i_109            1      6.256     0.000        6.256 
  GENERATE_PROPAGATE[11].PROPAGATE propagate_i_124           5     23.773    13.575       37.348 
  GENERATE_PROPAGATE[12].GENERATE  generate_i_108            1      6.256     0.000        6.256 
  GENERATE_PROPAGATE[12].PROPAGATE propagate_i_123           1      8.758     0.000        8.758 
  GENERATE_PROPAGATE[13].GENERATE  generate_i_107            1      6.256     0.000        6.256 
  GENERATE_PROPAGATE[13].PROPAGATE propagate_i_122           4     22.522    10.181       32.703 
  GENERATE_PROPAGATE[14].GENERATE  generate_i_106            1      6.256     0.000        6.256 
  GENERATE_PROPAGATE[14].PROPAGATE propagate_i_121           1     12.512     0.000       12.512 
  GENERATE_PROPAGATE[15].GENERATE  generate_i_105            1      6.256     0.000        6.256 
  GENERATE_PROPAGATE[15].PROPAGATE propagate_i_120           1      8.758     0.000        8.758 
  GENERATE_PROPAGATE[1].GENERATE   generate_i_119            1      6.256     0.000        6.256 
  GENERATE_PROPAGATE[1].PROPAGATE  propagate_i_134           5     31.280    13.575       44.855 
  GENERATE_PROPAGATE[2].GENERATE   generate_i_118            1      6.256     0.000        6.256 
  GENERATE_PROPAGATE[2].PROPAGATE  propagate_i_133           5     31.280    13.575       44.855 
  GENERATE_PROPAGATE[3].GENERATE   generate_i_117            1      6.256     0.000        6.256 
  GENERATE_PROPAGATE[3].PROPAGATE  propagate_i_132           5     21.270    13.575       34.845 
  GENERATE_PROPAGATE[4].GENERATE   generate_i_116            1      8.758     0.000        8.758 
  GENERATE_PROPAGATE[4].PROPAGATE  propagate_i_131           5     26.275    16.882       43.157 
  GENERATE_PROPAGATE[5].GENERATE   generate_i_115            1      6.256     0.000        6.256 
  GENERATE_PROPAGATE[5].PROPAGATE  propagate_i_130           5     31.280    13.575       44.855 
  GENERATE_PROPAGATE[6].GENERATE   generate_i_114            1      6.256     0.000        6.256 
  GENERATE_PROPAGATE[6].PROPAGATE  propagate_i_129           5     23.773    13.575       37.348 
  GENERATE_PROPAGATE[7].GENERATE   generate_i_113            1      6.256     0.000        6.256 
  GENERATE_PROPAGATE[7].PROPAGATE  propagate_i_128           5     21.270    13.575       34.845 
  GENERATE_PROPAGATE[8].GENERATE   generate_i_112            1      6.256     0.000        6.256 
  GENERATE_PROPAGATE[8].PROPAGATE  propagate_i_127           1     16.266     0.000       16.266 
  GENERATE_PROPAGATE[9].GENERATE   generate_i_111            1      6.256     0.000        6.256 
  GENERATE_PROPAGATE[9].PROPAGATE  propagate_i_126           5     21.270    13.575       34.845 
  S0                               soutput                   1     12.512     0.000       12.512 
  S1                               soutput_149               1     12.512     0.000       12.512 
  S10                              soutput_140               6     53.802    18.622       72.424 
  S11                              soutput_139               5     45.043    13.575       58.618 
  S12                              soutput_138               3     42.541     6.787       49.328 
  S13                              soutput_137               6     50.048    18.622       68.670 
  S14                              soutput_136               5     45.043    13.575       58.618 
  S15                              soutput_135               5     50.048    13.575       63.623 
  S2                               soutput_148               2     18.768     3.394       22.162 
  S3                               soutput_147               1     25.024     0.000       25.024 
  S4                               soutput_146               1     15.014     0.000       15.014 
  S5                               soutput_145               3     23.773     6.787       30.560 
  S6                               soutput_144               4     35.034    11.835       46.868 
  S7                               soutput_143               6     50.048    18.622       68.670 
  S8                               soutput_142               3     23.773     6.787       30.560 
  S9                               soutput_141               5     45.043    13.575       58.618 
