============================================================
  Generated by:           Genus(TM) Synthesis Solution 23.12-s086_1
  Generated on:           Apr 11 2025  03:00:46 pm
  Module:                 brent_kung_32bits
  Operating conditions:   tt_025C_1v80 
  Interconnect mode:      global
  Area mode:              physical library
============================================================


Path 1: MET (2 ps) Path Delay Check
     Startpoint: (F) A[3]
       Endpoint: (R) S[31]

                   Capture    Launch  
      Path Delay:+    2750         -  
      Drv Adjust:+       0         0  
         Arrival:=    2750            
                                      
   Required Time:=    2750            
       Data Path:-    2748            
           Slack:=       2            

Exceptions/Constraints:
  max_delay             2750            constraints.sdc_line_1 

#----------------------------------------------------------------------------------------------------------------------------
#            Timing Point              Flags    Arc   Edge          Cell            Fanout Load Trans Delay Arrival Instance 
#                                                                                          (fF)  (ps)  (ps)   (ps)  Location 
#----------------------------------------------------------------------------------------------------------------------------
  A[3]                                 -       -      F     (arrival)                    2  7.7  1000     0       0    (-,-) 
  GENERATE_PROPAGATE[3].PROPAGATE/g2/X -       A->X   F     sky130_fd_sc_hd__xor2_1      3 10.4   243   462     462    (-,-) 
  LEVEL_1[3].B1/PROPAGATE/g11__9315/X  -       B->X   F     sky130_fd_sc_hd__and2_1      2  5.5    48   256     717    (-,-) 
  LEVEL_2[3].B2/GENERATE/g13__9945/X   -       A2->X  F     sky130_fd_sc_hd__a21o_1      4 12.2    73   214     931    (-,-) 
  LEVEL_3[7].B3/GENERATE/g2/X          -       A1->X  F     sky130_fd_sc_hd__a21o_1      5 15.1    84   213    1144    (-,-) 
  LEVEL_4[15].B4/GENERATE/g13__4733/X  -       A1->X  F     sky130_fd_sc_hd__a21o_1      6 18.0    96   228    1372    (-,-) 
  B6/GENERATE/g2/X                     -       A1->X  F     sky130_fd_sc_hd__a21o_1      4 12.2    73   212    1583    (-,-) 
  LEVEL_7[27].B7/GENERATE/g2/X         -       A1->X  F     sky130_fd_sc_hd__a21o_1      3  9.3    62   192    1775    (-,-) 
  LEVEL_8[29].B8/GENERATE/g2/X         -       A1->X  F     sky130_fd_sc_hd__a21o_1      2  6.4    50   174    1949    (-,-) 
  LEVEL_9[30].B9/GENERATE/g13__5115/X  -       A1->X  F     sky130_fd_sc_hd__a21o_1      1  3.5    38   156    2105    (-,-) 
  C30/g13__3680/X                      -       B1->X  F     sky130_fd_sc_hd__a21o_1      1  4.6    55   155    2260    (-,-) 
  S31/g12__9945/SUM                    -       B->SUM R     sky130_fd_sc_hd__ha_2        1 51.3   260   488    2747    (-,-) 
  S[31]                                <<<     -      R     (port)                       -    -     -     0    2748    (-,-) 
#----------------------------------------------------------------------------------------------------------------------------

