============================================================
  Generated by:           Genus(TM) Synthesis Solution 23.12-s086_1
  Generated on:           Apr 11 2025  03:55:11 pm
  Module:                 han_carlson_32bits
  Operating conditions:   tt_025C_1v80 
  Interconnect mode:      global
  Area mode:              physical library
============================================================


Path 1: MET (1936 ps) Path Delay Check
     Startpoint: (F) B[3]
       Endpoint: (R) S[31]

                   Capture    Launch  
      Path Delay:+    4500         -  
      Drv Adjust:+       0         0  
         Arrival:=    4500            
                                      
   Required Time:=    4500            
       Data Path:-    2564            
           Slack:=    1936            

Exceptions/Constraints:
  max_delay             4500            constraints.sdc_line_1 

#----------------------------------------------------------------------------------------------------------------------------------
#                Timing Point                 Flags   Arc   Edge          Cell            Fanout Load Trans Delay Arrival Instance 
#                                                                                                (fF)  (ps)  (ps)   (ps)  Location 
#----------------------------------------------------------------------------------------------------------------------------------
  B[3]                                        -       -     F     (arrival)                    2  7.5  1000     0       0    (-,-) 
  GENERATE_PROPAGATE[3].PROPAGATE/g10__6161/X -       A->X  F     sky130_fd_sc_hd__xor2_1      3 10.4   243   462     462    (-,-) 
  LEVEL_1[3].B1/PROPAGATE/g11__2346/X         -       B->X  F     sky130_fd_sc_hd__and2_1      3  7.5    57   265     726    (-,-) 
  LEVEL_2[5].B2/PROPAGATE/g11__5477/X         -       B->X  F     sky130_fd_sc_hd__and2_1      3  7.6    57   178     904    (-,-) 
  B3/GENERATE/g13__2398/X                     -       A1->X F     sky130_fd_sc_hd__a21o_1      4 12.1    73   195    1099    (-,-) 
  B5/GENERATE/g13__6260/X                     -       A1->X F     sky130_fd_sc_hd__a21o_1      3  9.3    62   192    1291    (-,-) 
  LEVEL_5[29].B9/GENERATE/g13__6417/X         -       A1->X F     sky130_fd_sc_hd__a21o_1      2  6.4    50   174    1465    (-,-) 
  LEVEL_6[30].B10/GENERATE/g13__6260/X        -       A1->X F     sky130_fd_sc_hd__a21o_1      1  3.5    38   156    1620    (-,-) 
  C30/g13__1705/X                             -       B1->X F     sky130_fd_sc_hd__a21o_1      1  5.5    59   159    1780    (-,-) 
  S31/g10__3680/X                             -       B->X  R     sky130_fd_sc_hd__xor2_1      1 51.3  1009   784    2564    (-,-) 
  S[31]                                       <<<     -     R     (port)                       -    -     -     0    2564    (-,-) 
#----------------------------------------------------------------------------------------------------------------------------------

