============================================================
  Generated by:           Genus(TM) Synthesis Solution 23.12-s086_1
  Generated on:           Apr 11 2025  02:40:23 pm
  Module:                 kogge_stone_32bits
  Operating conditions:   tt_025C_1v80 
  Interconnect mode:      global
  Area mode:              physical library
============================================================


Path 1: MET (0 ps) Path Delay Check
     Startpoint: (F) A[8]
       Endpoint: (F) S[18]

                   Capture    Launch  
      Path Delay:+    1870         -  
      Drv Adjust:+       0         0  
         Arrival:=    1870            
                                      
   Required Time:=    1870            
       Data Path:-    1870            
           Slack:=       0            

Exceptions/Constraints:
  max_delay             1870            constraints.sdc_line_1 

#-------------------------------------------------------------------------------------------------------------------------------------
#                Timing Point                 Flags    Arc   Edge           Cell             Fanout Load Trans Delay Arrival Instance 
#                                                                                                   (fF)  (ps)  (ps)   (ps)  Location 
#-------------------------------------------------------------------------------------------------------------------------------------
  A[8]                                        -       -      F     (arrival)                      1  3.3  1000     0       0    (-,-) 
  g20/X                                       -       A->X   F     sky130_fd_sc_hd__buf_1         3 15.5   109   375     375    (-,-) 
  GENERATE_PROPAGATE[8].PROPAGATE/g2__1617/Y  -       A_N->Y F     sky130_fd_sc_hd__nand2b_4      1  9.7    53   172     546    (-,-) 
  GENERATE_PROPAGATE[8].PROPAGATE/g21__3680/Y -       B->Y   R     sky130_fd_sc_hd__nand2_4       4 14.1    63    81     627    (-,-) 
  LEVEL_1[9].B1/PROPAGATE/g11__5526/X         -       B->X   R     sky130_fd_sc_hd__and2_4        3  9.1    48   147     774    (-,-) 
  LEVEL_2[9].B3/PROPAGATE/g2__7098/X          -       B->X   R     sky130_fd_sc_hd__and2_1        3  9.7   110   163     937    (-,-) 
  LEVEL_3[9].B7/PROPAGATE/g11__6417/X         -       A->X   R     sky130_fd_sc_hd__and2_4        3  8.1    46   158    1095    (-,-) 
  LEVEL_4[17].B15/PROPAGATE/g11__6417/X       -       B->X   R     sky130_fd_sc_hd__and2_1        2  5.9    75   137    1232    (-,-) 
  LEVEL_5[17].B17/PROPAGATE/g11__8246/X       -       A->X   R     sky130_fd_sc_hd__and2_1        1  3.8    57   128    1359    (-,-) 
  C17/g13__7482/X                             -       A1->X  R     sky130_fd_sc_hd__a21o_1        2  6.7    74   127    1486    (-,-) 
  S18/fopt/Y                                  -       A->Y   F     sky130_fd_sc_hd__inv_1         1  3.4    30    45    1531    (-,-) 
  S18/g10__5115/X                             -       A1->X  F     sky130_fd_sc_hd__mux2_4        1 51.3   115   338    1870    (-,-) 
  S[18]                                       <<<     -      F     (port)                         -    -     -     0    1870    (-,-) 
#-------------------------------------------------------------------------------------------------------------------------------------

