============================================================
  Generated by:           Genus(TM) Synthesis Solution 23.12-s086_1
  Generated on:           Apr 14 2025  04:01:06 pm
  Module:                 ripple_carry_adder_8bits
  Operating conditions:   tt_025C_1v80 
  Interconnect mode:      global
  Area mode:              physical library
============================================================

Timing
-------
  Cost    Critical         Violating 
 Group   Path Slack  TNS     Paths   
-------------------------------------
default         5.0   0.0          0 
-------------------------------------
Total                 0.0          0 

Instance Count
--------------
Leaf Instance Count             57 
Physical Instance count          0 
Sequential Instance Count        0 
Combinational Instance Count    57 
Hierarchical Instance Count      0 

Area
----
Cell Area                          446.678
Physical Cell Area                 0.000
Total Cell Area (Cell+Physical)    446.678
Net Area                           340.767
Total Area (Cell+Physical+Net)     787.445

Max Fanout                         3 (B[2])
Min Fanout                         1 (n_0)
Average Fanout                     1.6
Terms to net ratio                 2.2692
Terms to instance ratio            3.1053
Runtime                            11.81286 seconds
Elapsed Runtime                    14 seconds
Genus peak memory usage            1888.08 
Innovus peak memory usage          no_value 
Hostname                           cadmicro-inf-el8-623207
