============================================================
  Generated by:           Genus(TM) Synthesis Solution 23.12-s086_1
  Generated on:           Apr 11 2025  03:28:28 pm
  Module:                 sklansky_32bits
  Operating conditions:   tt_025C_1v80 
  Interconnect mode:      global
  Area mode:              physical library
============================================================


Path 1: MET (0 ps) Path Delay Check
     Startpoint: (F) A[9]
       Endpoint: (F) S[17]

                   Capture    Launch  
      Path Delay:+    1889         -  
      Drv Adjust:+       0         0  
         Arrival:=    1889            
                                      
   Required Time:=    1889            
       Data Path:-    1889            
           Slack:=       0            

Exceptions/Constraints:
  max_delay             1889            constraints.sdc_line_1 

#--------------------------------------------------------------------------------------------------------------------------------------
#                Timing Point                 Flags    Arc    Edge           Cell             Fanout Load Trans Delay Arrival Instance 
#                                                                                                    (fF)  (ps)  (ps)   (ps)  Location 
#--------------------------------------------------------------------------------------------------------------------------------------
  A[9]                                        -       -       F     (arrival)                      1  3.3  1000     0       0    (-,-) 
  g71/X                                       -       A->X    F     sky130_fd_sc_hd__clkbuf_1      3 10.5    85   352     352    (-,-) 
  GENERATE_PROPAGATE[9].PROPAGATE/g24/Y       -       A->Y    R     sky130_fd_sc_hd__inv_2         1  3.7    34    58     410    (-,-) 
  GENERATE_PROPAGATE[9].PROPAGATE/g22__3680/Y -       B->Y    F     sky130_fd_sc_hd__nand2_1       1  3.5    54    48     458    (-,-) 
  GENERATE_PROPAGATE[9].PROPAGATE/g21__6783/Y -       B->Y    R     sky130_fd_sc_hd__nand2_1       3 11.2   118   117     575    (-,-) 
  LEVEL_1[9].B1/PROPAGATE/g11__4733/X         -       B->X    R     sky130_fd_sc_hd__and2_4        4 10.1    54   166     741    (-,-) 
  LEVEL_2[11].B2/PROPAGATE/g11__7410/X        -       A->X    R     sky130_fd_sc_hd__and2_2        6 15.2    95   177     918    (-,-) 
  LEVEL_3[15].B4/PROPAGATE/g11__8428/X        -       A->X    R     sky130_fd_sc_hd__and2_4        2  9.1    48   155    1073    (-,-) 
  LEVEL_4[31].B11/PROPAGATE/g11__5477/X       -       B->X    R     sky130_fd_sc_hd__and2_4       17 37.5   122   204    1276    (-,-) 
  B12/PROPAGATE/g11__5526/X                   -       A->X    R     sky130_fd_sc_hd__and2_1        1  3.7    58   143    1419    (-,-) 
  C16/g3__14/Y                                -       A->Y    F     sky130_fd_sc_hd__nand2_1       1  5.5   120    63    1482    (-,-) 
  C16/g1/Y                                    -       B->Y    R     sky130_fd_sc_hd__nand2_2       2 11.1    80   120    1602    (-,-) 
  S17/g10__6161/X                             -       A2_N->X F     sky130_fd_sc_hd__a2bb2o_4      1 51.3    93   286    1889    (-,-) 
  S[17]                                       <<<     -       F     (port)                         -    -     -     0    1889    (-,-) 
#--------------------------------------------------------------------------------------------------------------------------------------

