============================================================
  Generated by:           Genus(TM) Synthesis Solution 23.12-s086_1
  Generated on:           Apr 11 2025  02:08:47 pm
  Module:                 cla_32bits
  Operating conditions:   tt_025C_1v80 
  Interconnect mode:      global
  Area mode:              physical library
============================================================

Timing
-------
  Cost    Critical             Violating 
 Group   Path Slack    TNS       Paths   
-----------------------------------------
default      -205.0   -3850.7         26 
-----------------------------------------
Total                 -3850.7         26 

Instance Count
--------------
Leaf Instance Count             805 
Physical Instance count           0 
Sequential Instance Count         0 
Combinational Instance Count    805 
Hierarchical Instance Count     148 

Area
----
Cell Area                          4907.206
Physical Cell Area                 0.000
Total Cell Area (Cell+Physical)    4907.206
Net Area                           3749.477
Total Area (Cell+Physical+Net)     8656.683

Max Fanout                         18 (n_94)
Min Fanout                         0 (G3128)
Average Fanout                     1.5
Terms to net ratio                 2.4359
Terms to instance ratio            2.6447
Runtime                            27.784539 seconds
Elapsed Runtime                    28 seconds
Genus peak memory usage            1903.33 
Innovus peak memory usage          no_value 
Hostname                           cadmicro-inf-el8-623207
