============================================================
  Generated by:           Genus(TM) Synthesis Solution 23.12-s086_1
  Generated on:           Apr 11 2025  02:08:47 pm
  Module:                 cla_32bits
  Operating conditions:   tt_025C_1v80 
  Interconnect mode:      global
  Area mode:              physical library
============================================================


Path 1: VIOLATED (-205 ps) Path Delay Check
     Startpoint: (F) B[15]
       Endpoint: (R) S[21]

                   Capture    Launch  
      Path Delay:+    1430         -  
      Drv Adjust:+       0         0  
         Arrival:=    1430            
                                      
   Required Time:=    1430            
       Data Path:-    1635            
           Slack:=    -205            

Exceptions/Constraints:
  max_delay             1430            constraints.sdc_line_1 

#-------------------------------------------------------------------------------------------------------------------------------
#             Timing Point               Flags   Arc   Edge           Cell             Fanout Load Trans Delay Arrival Instance 
#                                                                                             (fF)  (ps)  (ps)   (ps)  Location 
#-------------------------------------------------------------------------------------------------------------------------------
  B[15]                                  -       -     F     (arrival)                      2  5.9  1000     0       0    (-,-) 
  g126/X                                 -       A->X  F     sky130_fd_sc_hd__clkbuf_1      2  9.0    78   345     345    (-,-) 
  GENERATE_PROPAGATE[15].PROPAGATE/g25/Y -       A->Y  R     sky130_fd_sc_hd__clkinv_1      1  5.9    46    67     412    (-,-) 
  GENERATE_PROPAGATE[15].PROPAGATE/g23/Y -       A->Y  F     sky130_fd_sc_hd__nand2_2       1  9.7    56    58     469    (-,-) 
  GENERATE_PROPAGATE[15].PROPAGATE/g22/Y -       B->Y  R     sky130_fd_sc_hd__nand2_4       4 16.4    70    87     556    (-,-) 
  CLA4/g695__8246/Y                      -       C->Y  F     sky130_fd_sc_hd__nand4_2       1  5.6    83   104     661    (-,-) 
  CLA4/g694/Y                            -       A->Y  R     sky130_fd_sc_hd__inv_2         4 21.4   105   116     777    (-,-) 
  CLA9/g200/Y                            -       B->Y  F     sky130_fd_sc_hd__nand2_2       1  5.6    40    66     843    (-,-) 
  CLA9/g199/Y                            -       A->Y  R     sky130_fd_sc_hd__nand2_2       1  5.9    51    56     899    (-,-) 
  CLA9/g198/Y                            -       A->Y  F     sky130_fd_sc_hd__inv_2         1  9.6    28    42     941    (-,-) 
  CLA9/g195/Y                            -       B->Y  R     sky130_fd_sc_hd__nand3_4       6 21.5   103    94    1035    (-,-) 
  CLA13/g547__1881/Y                     -       A->Y  F     sky130_fd_sc_hd__nand2_1       1  5.6    58    77    1112    (-,-) 
  CLA13/g544__8246/Y                     -       A->Y  R     sky130_fd_sc_hd__nand2_2       4 11.7    80    85    1197    (-,-) 
  CLA15/g452__8246/Y                     -       A->Y  F     sky130_fd_sc_hd__nand2_1       1  5.6    55    70    1266    (-,-) 
  CLA15/g450__1705/Y                     -       A->Y  R     sky130_fd_sc_hd__nand2_2       1  5.9    52    63    1329    (-,-) 
  C20/g28/Y                              -       A->Y  F     sky130_fd_sc_hd__inv_2         1  9.6    28    42    1371    (-,-) 
  C20/g25__8246/Y                        -       A->Y  R     sky130_fd_sc_hd__nand2_4       2 11.1    55    54    1426    (-,-) 
  S21/g16__7482/Y                        -       A->Y  F     sky130_fd_sc_hd__nand2_2       1 17.6    78    82    1508    (-,-) 
  S21/g15__5115/Y                        -       B->Y  R     sky130_fd_sc_hd__nand2_8       1 51.3   109   127    1635    (-,-) 
  S[21]                                  <<<     -     R     (port)                         -    -     -     0    1635    (-,-) 
#-------------------------------------------------------------------------------------------------------------------------------

