============================================================
  Generated by:           Genus(TM) Synthesis Solution 23.12-s086_1
  Generated on:           Apr 14 2025  02:49:49 pm
  Module:                 signal_32bits
  Operating conditions:   tt_025C_1v80 
  Interconnect mode:      global
  Area mode:              physical library
============================================================


Path 1: MET (5 ps) Path Delay Check
     Startpoint: (F) A[1]
       Endpoint: (R) S[31]

                   Capture    Launch  
      Path Delay:+    3700         -  
      Drv Adjust:+       0         0  
         Arrival:=    3700            
                                      
   Required Time:=    3700            
       Data Path:-    3695            
           Slack:=       5            

Exceptions/Constraints:
  max_delay             3700            constraints.sdc_line_1 

#-----------------------------------------------------------------------------------------------------------------------
#         Timing Point          Flags    Arc   Edge           Cell             Fanout Load Trans Delay Arrival Instance 
#                                                                                     (fF)  (ps)  (ps)   (ps)  Location 
#-----------------------------------------------------------------------------------------------------------------------
  A[1]                          -       -      F     (arrival)                      2  5.5  1000     0       0    (-,-) 
  addinc_add_7_30_g1376__1666/Y -       A_N->Y F     sky130_fd_sc_hd__nand2b_1      2  5.5    81   454     454    (-,-) 
  addinc_add_7_30_g1236__4733/Y -       B->Y   R     sky130_fd_sc_hd__nand2_1       1  3.7    56    83     537    (-,-) 
  addinc_add_7_30_g1234__5115/Y -       A->Y   F     sky130_fd_sc_hd__nand2_1       2  8.4    88    77     614    (-,-) 
  addinc_add_7_30_g1232__6131/Y -       A->Y   R     sky130_fd_sc_hd__nand2_1       1  3.7    56    78     692    (-,-) 
  addinc_add_7_30_g1230__8246/Y -       A->Y   F     sky130_fd_sc_hd__nand2_1       2  8.4    87    77     769    (-,-) 
  addinc_add_7_30_g1229__5122/Y -       A->Y   R     sky130_fd_sc_hd__nand2_1       1  5.9    74    92     860    (-,-) 
  addinc_add_7_30_g1227__2802/Y -       A->Y   F     sky130_fd_sc_hd__nand2_2       3 11.2    78    70     931    (-,-) 
  addinc_add_7_30_g1225__1617/Y -       A->Y   R     sky130_fd_sc_hd__nand2_1       1  3.7    55    74    1004    (-,-) 
  addinc_add_7_30_g1222__5526/Y -       A->Y   F     sky130_fd_sc_hd__nand2_1       2  8.4    68    77    1081    (-,-) 
  g1383/X                       -       A1->X  F     sky130_fd_sc_hd__a21bo_1       2  8.4    60   198    1279    (-,-) 
  g2/X                          -       A1->X  F     sky130_fd_sc_hd__a21bo_1       2  8.4    60   194    1473    (-,-) 
  addinc_add_7_30_g1214__7410/Y -       A->Y   R     sky130_fd_sc_hd__nand2_1       2  6.8    81    85    1558    (-,-) 
  addinc_add_7_30_g1211__2883/Y -       B->Y   F     sky130_fd_sc_hd__nor2_1        2  6.4    93    60    1619    (-,-) 
  addinc_add_7_30_g1210__9945/Y -       A->Y   R     sky130_fd_sc_hd__nand2_1       1  3.7    56    80    1698    (-,-) 
  addinc_add_7_30_g1207__4733/Y -       C1->Y  F     sky130_fd_sc_hd__o211ai_1      2  7.5   129   112    1810    (-,-) 
  addinc_add_7_30_g1204__1881/Y -       B_N->Y F     sky130_fd_sc_hd__nor2b_1       3  8.4    94   187    1998    (-,-) 
  addinc_add_7_30_g1200__5122/X -       A1->X  F     sky130_fd_sc_hd__a21o_1        4 13.2    77   214    2212    (-,-) 
  addinc_add_7_30_g1192__4319/Y -       A1->Y  R     sky130_fd_sc_hd__a31oi_1       2  8.9   254   225    2437    (-,-) 
  addinc_add_7_30_g1189__2398/Y -       B->Y   F     sky130_fd_sc_hd__nor2_1        3  8.4    90   108    2544    (-,-) 
  addinc_add_7_30_g1179__4733/Y -       A1->Y  R     sky130_fd_sc_hd__a21oi_1       2  8.9   224   222    2766    (-,-) 
  addinc_add_7_30_g1174__7098/Y -       B->Y   F     sky130_fd_sc_hd__nor2_1        3 10.3    97   111    2877    (-,-) 
  addinc_add_7_30_g1165__8428/Y -       A1->Y  R     sky130_fd_sc_hd__a21oi_2       2  7.3   128   164    3041    (-,-) 
  addinc_add_7_30_g1160__5107/Y -       A2->Y  F     sky130_fd_sc_hd__o21ai_1       1  9.4   123   111    3152    (-,-) 
  addinc_add_7_30_g1159__2398/Y -       B->Y   R     sky130_fd_sc_hd__xnor2_2       1 51.3   659   542    3694    (-,-) 
  S[31]                         <<<     -      R     (port)                         -    -     -     0    3695    (-,-) 
#-----------------------------------------------------------------------------------------------------------------------

