============================================================
  Generated by:           Genus(TM) Synthesis Solution 23.12-s086_1
  Generated on:           Apr 14 2025  02:32:20 pm
  Module:                 signal_32bits
  Operating conditions:   tt_025C_1v80 
  Interconnect mode:      global
  Area mode:              physical library
============================================================

Timing
-------
  Cost    Critical         Violating 
 Group   Path Slack  TNS     Paths   
-------------------------------------
default         7.0   0.0          0 
-------------------------------------
Total                 0.0          0 

Instance Count
--------------
Leaf Instance Count             190 
Physical Instance count           0 
Sequential Instance Count         0 
Combinational Instance Count    190 
Hierarchical Instance Count       0 

Area
----
Cell Area                          1142.346
Physical Cell Area                 0.000
Total Cell Area (Cell+Physical)    1142.346
Net Area                           1156.744
Total Area (Cell+Physical+Net)     2299.090

Max Fanout                         4 (addinc_add_7_30_n_16)
Min Fanout                         1 (n_14)
Average Fanout                     1.6
Terms to net ratio                 2.2703
Terms to instance ratio            3.0947
Runtime                            13.318709 seconds
Elapsed Runtime                    15 seconds
Genus peak memory usage            1945.18 
Innovus peak memory usage          no_value 
Hostname                           cadmicro-inf-el8-623207
