###############################################################
#  Generated by:      Cadence Innovus 23.32-s091_1
#  OS:                Linux x86_64(Host ID cadmicro-inf-el8-623207)
#  Generated on:      Fri Apr 11 16:33:51 2025
#  Design:            brent_kung_32bits
#  Command:           report_timing > reports/report_timing.rpt
###############################################################
Path 1: MET Path Delay Check
Endpoint:   S[31] (^)
Beginpoint: B[2]  (v) triggered by  leading edge of '@'
Path Groups: {default}
Analysis View: default_emulate_view
- External Delay                0.000
+ Path Delay                    4.350
= Required Time                 4.350
- Arrival Time                  3.209
= Slack Time                    1.141
     Clock Rise Edge                      0.000
     + Input Delay                        0.000
     = Beginpoint Arrival Time            0.000
     +----------------------------------------------------------------------------------------------------------------+ 
     |                 Instance                  |     Arc     |          Cell           | Delay | Arrival | Required | 
     |                                           |             |                         |       |  Time   |   Time   | 
     |-------------------------------------------+-------------+-------------------------+-------+---------+----------| 
     |                                           | B[2] v      |                         |       |   0.000 |    1.141 | 
     | GENERATE_PROPAGATE[2].PROPAGATE/g10__7098 | A v -> X ^  | sky130_fd_sc_hd__xor2_1 | 0.670 |   0.670 |    1.811 | 
     | LEVEL_1[3].B1/PROPAGATE/g11__6161         | A ^ -> X ^  | sky130_fd_sc_hd__and2_1 | 0.229 |   0.900 |    2.040 | 
     | LEVEL_2[3].B2/PROPAGATE/g11__9945         | B ^ -> X ^  | sky130_fd_sc_hd__and2_1 | 0.212 |   1.112 |    2.252 | 
     | LEVEL_3[7].B3/PROPAGATE/g11__2802         | A ^ -> X ^  | sky130_fd_sc_hd__and2_1 | 0.241 |   1.352 |    2.493 | 
     | LEVEL_4[15].B4/PROPAGATE/g11__7482        | A ^ -> X ^  | sky130_fd_sc_hd__and2_1 | 0.232 |   1.584 |    2.725 | 
     | B6/PROPAGATE/g11__4319                    | A ^ -> X ^  | sky130_fd_sc_hd__and2_1 | 0.224 |   1.808 |    2.949 | 
     | LEVEL_7[27].B7/PROPAGATE/g11__7410        | A ^ -> X ^  | sky130_fd_sc_hd__and2_1 | 0.184 |   1.992 |    3.133 | 
     | LEVEL_8[29].B8/PROPAGATE/g11__5122        | A ^ -> X ^  | sky130_fd_sc_hd__and2_1 | 0.143 |   2.135 |    3.276 | 
     | LEVEL_9[30].B9/PROPAGATE/g11__7098        | A ^ -> X ^  | sky130_fd_sc_hd__and2_1 | 0.121 |   2.256 |    3.397 | 
     | C30/g13__6783                             | A1 ^ -> X ^ | sky130_fd_sc_hd__a21o_1 | 0.118 |   2.374 |    3.515 | 
     | S31/g10__7482                             | B ^ -> X ^  | sky130_fd_sc_hd__xor2_1 | 0.833 |   3.207 |    4.348 | 
     |                                           | S[31] ^     |                         | 0.002 |   3.209 |    4.350 | 
     +----------------------------------------------------------------------------------------------------------------+ 

