============================================================
  Generated by:           Genus(TM) Synthesis Solution 23.12-s086_1
  Generated on:           Jan 27 2025  04:10:48 pm
  Module:                 alu
  Technology libraries:   fast_vdd1v2 1.0
                          physical_cells 
                          fast_vdd1v2 1.0
                          physical_cells 
  Operating conditions:   PVT_1P32V_0C 
  Interconnect mode:      global
  Area mode:              physical library
============================================================

                                 
    Gate      Instances   Area       Library    
------------------------------------------------
ADDHX1LVT            17   63.954    fast_vdd1v2 
AND2X1LVT             2    2.736    fast_vdd1v2 
AND3XLLVT             2    4.104    fast_vdd1v2 
AOI21X1LVT            1    1.710    fast_vdd1v2 
AOI21X2LVT            1    2.736    fast_vdd1v2 
AOI221X1LVT          16   38.304    fast_vdd1v2 
AOI22X1LVT           17   34.884    fast_vdd1v2 
AOI2BB1X1LVT          1    2.052    fast_vdd1v2 
AOI32X1LVT            2    4.788    fast_vdd1v2 
CLKXOR2X1LVT          5   13.680    fast_vdd1v2 
DFFRHQX1LVT          53  326.268    fast_vdd1v2 
DFFRX1LVT             3   20.520    fast_vdd1v2 
INVX1LVT              2    1.368    fast_vdd1v2 
INVX2LVT              1    1.026    fast_vdd1v2 
INVXLLVT              1    0.684    fast_vdd1v2 
NAND2BX1LVT          19   25.992    fast_vdd1v2 
NAND2X1LVT           12   12.312    fast_vdd1v2 
NOR2BX1LVT            9   12.312    fast_vdd1v2 
NOR2X1LVT            26   26.676    fast_vdd1v2 
NOR2X2LVT             1    1.710    fast_vdd1v2 
NOR3BX1LVT            2    4.104    fast_vdd1v2 
OA21X1LVT             1    2.052    fast_vdd1v2 
OAI21X1LVT           18   30.780    fast_vdd1v2 
OAI21X2LVT            2    6.156    fast_vdd1v2 
OAI21X4LVT            1    4.788    fast_vdd1v2 
OAI2BB1X1LVT         21   35.910    fast_vdd1v2 
OR2X1LVT              4    5.472    fast_vdd1v2 
XNOR2X1LVT           29   69.426    fast_vdd1v2 
------------------------------------------------
total               269  756.504                


                                        
     Type      Instances   Area  Area % 
----------------------------------------
sequential            56 346.788   45.8 
inverter               4   3.078    0.4 
logic                209 406.638   53.8 
physical_cells         0   0.000    0.0 
----------------------------------------
total                269 756.504  100.0 

