============================================================
  Generated by:           Genus(TM) Synthesis Solution 23.12-s086_1
  Generated on:           Apr 14 2025  04:14:34 pm
  Module:                 carry_increment_32bits
  Operating conditions:   tt_025C_1v80 
  Interconnect mode:      global
  Area mode:              physical library
============================================================


Path 1: MET (0 ps) Path Delay Check
     Startpoint: (F) B[9]
       Endpoint: (R) S[17]

                   Capture    Launch  
      Path Delay:+    1390         -  
      Drv Adjust:+       0         0  
         Arrival:=    1390            
                                      
   Required Time:=    1390            
       Data Path:-    1390            
           Slack:=       0            

Exceptions/Constraints:
  max_delay             1390            constraints.sdc_line_1 

#--------------------------------------------------------------------------------------------------------------
#     Timing Point      Flags   Arc   Edge           Cell             Fanout Load Trans Delay Arrival Instance 
#                                                                            (fF)  (ps)  (ps)   (ps)  Location 
#--------------------------------------------------------------------------------------------------------------
  B[9]                  -       -     F     (arrival)                      3 49.6  1000     0       0    (-,-) 
  g16767_dup17142_dup/Y -       A->Y  R     sky130_fd_sc_hd__clkinv_8      1 10.1   136   197     197    (-,-) 
  g17654/Y              -       A->Y  F     sky130_fd_sc_hd__nand2_4       1  9.6    50    64     262    (-,-) 
  g17808/Y              -       A->Y  R     sky130_fd_sc_hd__nand2_4       2 13.6    62    69     330    (-,-) 
  g17949/Y              -       B->Y  F     sky130_fd_sc_hd__nand2_4       2 12.5    46    58     388    (-,-) 
  g20/Y                 -       A->Y  R     sky130_fd_sc_hd__nand2_4       2 12.9    62    66     454    (-,-) 
  g16515/X              -       A->X  R     sky130_fd_sc_hd__buf_1         1  5.7    79   109     563    (-,-) 
  g16424__16986/Y       -       A->Y  F     sky130_fd_sc_hd__nand3_2       1  5.6    62    69     632    (-,-) 
  g17925/Y              -       A->Y  R     sky130_fd_sc_hd__nand2_2       4 12.0    81    88     720    (-,-) 
  g18444/Y              -       A->Y  F     sky130_fd_sc_hd__nand3_1       1  3.6    62    76     796    (-,-) 
  g16332__1666/Y        -       A->Y  R     sky130_fd_sc_hd__nand2_1       1  3.7    52    67     862    (-,-) 
  g16281__8428/Y        -       A->Y  F     sky130_fd_sc_hd__nand2_1       1  5.6    50    61     924    (-,-) 
  g18259/Y              -       A->Y  R     sky130_fd_sc_hd__nand2_2       2  8.9    66    71     995    (-,-) 
  g18263/Y              -       A->Y  F     sky130_fd_sc_hd__nand2_1       1  4.2    46    58    1052    (-,-) 
  g18262/Y              -       A->Y  R     sky130_fd_sc_hd__clkinv_1      2  6.7    46    58    1110    (-,-) 
  g18083/Y              -       A->Y  F     sky130_fd_sc_hd__nand3_1       1  9.6   115   107    1217    (-,-) 
  g18082/Y              -       A->Y  R     sky130_fd_sc_hd__nand2_4       1 51.3   165   173    1390    (-,-) 
  S[17]                 <<<     -     R     (port)                         -    -     -     0    1390    (-,-) 
#--------------------------------------------------------------------------------------------------------------

