============================================================
  Generated by:           Genus(TM) Synthesis Solution 23.12-s086_1
  Generated on:           Apr 14 2025  04:14:34 pm
  Module:                 carry_increment_32bits
  Operating conditions:   tt_025C_1v80 
  Interconnect mode:      global
  Area mode:              physical library
============================================================

Timing
-------
  Cost    Critical         Violating 
 Group   Path Slack  TNS     Paths   
-------------------------------------
default         0.0   0.0          0 
-------------------------------------
Total                 0.0          0 

Instance Count
--------------
Leaf Instance Count             850 
Physical Instance count           0 
Sequential Instance Count         0 
Combinational Instance Count    850 
Hierarchical Instance Count       0 

Area
----
Cell Area                          6397.386
Physical Cell Area                 0.000
Total Cell Area (Cell+Physical)    6397.386
Net Area                           4155.333
Total Area (Cell+Physical+Net)     10552.719

Max Fanout                         9 (n_3085)
Min Fanout                         1 (n_1)
Average Fanout                     1.7
Terms to net ratio                 2.5845
Terms to instance ratio            2.7882
Runtime                            51.878232999999994 seconds
Elapsed Runtime                    53 seconds
Genus peak memory usage            1957.18 
Innovus peak memory usage          no_value 
Hostname                           cadmicro-inf-el8-623207
