============================================================
  Generated by:           Genus(TM) Synthesis Solution 23.12-s086_1
  Generated on:           Mar 18 2025  01:23:13 pm
  Module:                 full_adder
  Operating conditions:   PVT_1P1V_0C 
  Interconnect mode:      global
  Area mode:              physical library
============================================================

Timing
-------
  Cost    Critical         Violating 
 Group   Path Slack  TNS     Paths   
-------------------------------------
default      3573.5   0.0          0 
-------------------------------------
Total                 0.0          0 

Instance Count
--------------
Leaf Instance Count             1 
Physical Instance count         0 
Sequential Instance Count       0 
Combinational Instance Count    1 
Hierarchical Instance Count     0 

Area
----
Cell Area                          7.866
Physical Cell Area                 0.000
Total Cell Area (Cell+Physical)    7.866
Net Area                           3.706
Total Area (Cell+Physical+Net)     11.572

Max Fanout                         1 (A)
Min Fanout                         1 (A)
Average Fanout                     1.0
Terms to net ratio                 1.0000
Terms to instance ratio            5.0000
Runtime                            13.99305 seconds
Elapsed Runtime                    39 seconds
Genus peak memory usage            1947.40 
Innovus peak memory usage          no_value 
Hostname                           cadmicro-inf-el8-623207
