============================================================
  Generated by:           Genus(TM) Synthesis Solution 23.12-s086_1
  Generated on:           Apr 14 2025  02:55:09 pm
  Module:                 signal_32bits
  Operating conditions:   tt_025C_1v80 
  Interconnect mode:      global
  Area mode:              physical library
============================================================


Path 1: MET (2 ps) Path Delay Check
     Startpoint: (F) A[1]
       Endpoint: (R) S[22]

                   Capture    Launch  
      Path Delay:+    3300         -  
      Drv Adjust:+       0         0  
         Arrival:=    3300            
                                      
   Required Time:=    3300            
       Data Path:-    3298            
           Slack:=       2            

Exceptions/Constraints:
  max_delay             3300            constraints.sdc_line_1 

#----------------------------------------------------------------------------------------------------------------------
#         Timing Point          Flags   Arc   Edge           Cell             Fanout Load Trans Delay Arrival Instance 
#                                                                                    (fF)  (ps)  (ps)   (ps)  Location 
#----------------------------------------------------------------------------------------------------------------------
  A[1]                          -       -     F     (arrival)                      1  3.3  1000     0       0    (-,-) 
  g15/X                         -       A->X  F     sky130_fd_sc_hd__clkbuf_1      2  5.5    62   324     324    (-,-) 
  g2/X                          -       A->X  F     sky130_fd_sc_hd__or2_1         2  5.5    63   243     568    (-,-) 
  addinc_add_7_30_g1237__4733/Y -       B->Y  R     sky130_fd_sc_hd__nand2_1       1  3.7    53    75     642    (-,-) 
  addinc_add_7_30_g1235__5115/Y -       A->Y  F     sky130_fd_sc_hd__nand2_1       2  8.4    69    76     718    (-,-) 
  addinc_add_7_30_g1233__6131/Y -       A->Y  R     sky130_fd_sc_hd__nand2_1       1  5.9    74    84     802    (-,-) 
  addinc_add_7_30_g1231__8246/Y -       A->Y  F     sky130_fd_sc_hd__nand2_2       2  8.4    69    62     864    (-,-) 
  addinc_add_7_30_g1230__5122/Y -       A->Y  R     sky130_fd_sc_hd__nand2_1       1  5.9    72    84     947    (-,-) 
  addinc_add_7_30_g1228__2802/Y -       A->Y  F     sky130_fd_sc_hd__nand2_2       3 11.2    57    70    1017    (-,-) 
  addinc_add_7_30_g1226__1617/Y -       A->Y  R     sky130_fd_sc_hd__nand2_1       1  3.7    55    64    1082    (-,-) 
  addinc_add_7_30_g1223__5526/Y -       A->Y  F     sky130_fd_sc_hd__nand2_1       2  8.4    68    77    1158    (-,-) 
  addinc_add_7_30_g1222__8428/Y -       A->Y  R     sky130_fd_sc_hd__nand2_1       1  3.7    53    69    1228    (-,-) 
  addinc_add_7_30_g1220__6260/Y -       A->Y  F     sky130_fd_sc_hd__nand2_1       2  8.4    69    76    1304    (-,-) 
  addinc_add_7_30_g1218__2398/Y -       A->Y  R     sky130_fd_sc_hd__nand2_1       1  3.7    53    70    1373    (-,-) 
  addinc_add_7_30_g1216__6417/Y -       A->Y  F     sky130_fd_sc_hd__nand2_1       3 12.2    95    95    1468    (-,-) 
  addinc_add_7_30_g1210__9315/Y -       A1->Y R     sky130_fd_sc_hd__a41oi_2       2  6.8   173   170    1638    (-,-) 
  addinc_add_7_30_g1206__7482/Y -       B->Y  F     sky130_fd_sc_hd__nor2_1        3  8.4    86    91    1729    (-,-) 
  addinc_add_7_30_g1202__7098/X -       A1->X F     sky130_fd_sc_hd__a21o_1        4 16.8    91   224    1954    (-,-) 
  addinc_add_7_30_g1195__3680/Y -       A1->Y R     sky130_fd_sc_hd__a21oi_1       2  8.9   224   222    2176    (-,-) 
  addinc_add_7_30_g1190__6260/Y -       B->Y  F     sky130_fd_sc_hd__nor2_1        2  5.5    86    85    2260    (-,-) 
  addinc_add_7_30_g1178__4733/Y -       A1->Y R     sky130_fd_sc_hd__a21oi_1       2  9.0   226   221    2482    (-,-) 
  addinc_add_7_30_g1171__8246/X -       B->X  R     sky130_fd_sc_hd__xor2_1        1 51.3  1009   816    3298    (-,-) 
  S[22]                         <<<     -     R     (port)                         -    -     -     0    3298    (-,-) 
#----------------------------------------------------------------------------------------------------------------------

