###############################################################
#  Generated by:      Cadence Innovus 23.32-s091_1
#  OS:                Linux x86_64(Host ID cadmicro-inf-el8-623207)
#  Generated on:      Fri Apr 11 14:59:40 2025
#  Design:            kogge_stone_32bits
#  Command:           report_timing > reports/report_timing.rpt
###############################################################
Path 1: VIOLATED Path Delay Check
Endpoint:   S[20] (v)
Beginpoint: B[12] (v) triggered by  leading edge of '@'
Path Groups: {default}
Analysis View: default_emulate_view
- External Delay                0.000
+ Path Delay                    2.092
= Required Time                 2.092
- Arrival Time                  2.092
= Slack Time                   -0.000
     Clock Rise Edge                      0.000
     + Input Delay                        0.000
     = Beginpoint Arrival Time            0.000
     +-----------------------------------------------------------------------------------------------------------+ 
     |              Instance               |     Arc      |          Cell           | Delay | Arrival | Required | 
     |                                     |              |                         |       |  Time   |   Time   | 
     |-------------------------------------+--------------+-------------------------+-------+---------+----------| 
     |                                     | B[12] v      |                         |       |   0.000 |   -0.000 | 
     | GENERATE_PROPAGATE[12].PROPAGATE/g2 | A v -> X ^   | sky130_fd_sc_hd__xor2_1 | 0.720 |   0.720 |    0.720 | 
     | LEVEL_1[13].B1/PROPAGATE/g11__2802  | A ^ -> X ^   | sky130_fd_sc_hd__and2_1 | 0.240 |   0.960 |    0.960 | 
     | LEVEL_2[15].B3/PROPAGATE/g11__1881  | B ^ -> X ^   | sky130_fd_sc_hd__and2_4 | 0.162 |   1.122 |    1.122 | 
     | LEVEL_3[19].B7/PROPAGATE/g11__7482  | B ^ -> X ^   | sky130_fd_sc_hd__and2_1 | 0.163 |   1.285 |    1.285 | 
     | LEVEL_4[19].B15/PROPAGATE/g11__2346 | A ^ -> X ^   | sky130_fd_sc_hd__and2_1 | 0.148 |   1.433 |    1.433 | 
     | LEVEL_5[19].B17/PROPAGATE/g11__7410 | A ^ -> X ^   | sky130_fd_sc_hd__and2_1 | 0.124 |   1.557 |    1.557 | 
     | C19/g13__1881                       | A1 ^ -> X ^  | sky130_fd_sc_hd__a21o_1 | 0.109 |   1.665 |    1.665 | 
     | S20/g12__6131                       | B ^ -> SUM v | sky130_fd_sc_hd__ha_2   | 0.269 |   1.935 |    1.935 | 
     | FE_PSC10_S_20                       | A v -> X v   | sky130_fd_sc_hd__buf_6  | 0.156 |   2.091 |    2.091 | 
     |                                     | S[20] v      |                         | 0.001 |   2.092 |    2.092 | 
     +-----------------------------------------------------------------------------------------------------------+ 

