============================================================
  Generated by:           Genus(TM) Synthesis Solution 23.12-s086_1
  Generated on:           Apr 11 2025  02:06:44 pm
  Module:                 cla_32bits
  Operating conditions:   tt_025C_1v80 
  Interconnect mode:      global
  Area mode:              physical library
============================================================


Path 1: MET (4372 ps) Path Delay Check
     Startpoint: (F) A[0]
       Endpoint: (R) S[31]

                   Capture    Launch  
      Path Delay:+    8000         -  
      Drv Adjust:+       0         0  
         Arrival:=    8000            
                                      
   Required Time:=    8000            
       Data Path:-    3628            
           Slack:=    4372            

Exceptions/Constraints:
  max_delay             8000            constraints.sdc_line_1 

#---------------------------------------------------------------------------------------------------------------------------------
#               Timing Point                 Flags   Arc   Edge          Cell            Fanout Load Trans Delay Arrival Instance 
#                                                                                               (fF)  (ps)  (ps)   (ps)  Location 
#---------------------------------------------------------------------------------------------------------------------------------
  A[0]                                       -       -     F     (arrival)                    2  7.5  1000     0       0    (-,-) 
  GENERATE_PROPAGATE[0].GENERATE/g11__2883/X -       B->X  F     sky130_fd_sc_hd__and2_1      2  6.3    72   513     513    (-,-) 
  CLA1/g103__1705/X                          -       A2->X F     sky130_fd_sc_hd__a21o_1      2  6.4    50   200     712    (-,-) 
  CLA1/g100__3680/X                          -       A1->X F     sky130_fd_sc_hd__a21o_1      2  6.4    50   169     881    (-,-) 
  CLA1/g99__6783/X                           -       A1->X F     sky130_fd_sc_hd__a21o_1      3  9.3    62   182    1064    (-,-) 
  CLA9/g103__2398/X                          -       A1->X F     sky130_fd_sc_hd__a21o_1      3  9.3    62   187    1251    (-,-) 
  CLA9/g100__7410/X                          -       A1->X F     sky130_fd_sc_hd__a21o_1      3  9.3    62   187    1438    (-,-) 
  CLA9/g99__1666/X                           -       A1->X F     sky130_fd_sc_hd__a21o_1      3  9.3    62   187    1625    (-,-) 
  CLA13/g103__1666/X                         -       A1->X F     sky130_fd_sc_hd__a21o_1      3  9.3    62   187    1812    (-,-) 
  CLA13/g100__9945/X                         -       A1->X F     sky130_fd_sc_hd__a21o_1      3  9.3    62   187    2000    (-,-) 
  CLA13/g99__9315/X                          -       A1->X F     sky130_fd_sc_hd__a21o_1      2  6.4    50   174    2173    (-,-) 
  CLA17/g103__9315/X                         -       A1->X F     sky130_fd_sc_hd__a21o_1      2  6.4    50   169    2342    (-,-) 
  CLA17/g100__7482/X                         -       A1->X F     sky130_fd_sc_hd__a21o_1      2  6.4    50   169    2512    (-,-) 
  CLA17/g99__5115/X                          -       A1->X F     sky130_fd_sc_hd__a21o_1      2  6.4    50   169    2680    (-,-) 
  C30/g13__8428/X                            -       B1->X F     sky130_fd_sc_hd__a21o_1      1  5.5    59   163    2843    (-,-) 
  S31/g10__5526/X                            -       B->X  R     sky130_fd_sc_hd__xor2_1      1 51.3  1009   784    3628    (-,-) 
  S[31]                                      <<<     -     R     (port)                       -    -     -     0    3628    (-,-) 
#---------------------------------------------------------------------------------------------------------------------------------

