============================================================
  Generated by:           Genus(TM) Synthesis Solution 23.12-s086_1
  Generated on:           Apr 11 2025  02:06:44 pm
  Module:                 cla_32bits
  Operating conditions:   tt_025C_1v80 
  Interconnect mode:      global
  Area mode:              physical library
============================================================

Timing
-------
  Cost    Critical         Violating 
 Group   Path Slack  TNS     Paths   
-------------------------------------
default      4371.8   0.0          0 
-------------------------------------
Total                 0.0          0 

Instance Count
--------------
Leaf Instance Count             230 
Physical Instance count           0 
Sequential Instance Count         0 
Combinational Instance Count    230 
Hierarchical Instance Count     148 

Area
----
Cell Area                          1702.883
Physical Cell Area                 0.000
Total Cell Area (Cell+Physical)    1702.883
Net Area                           1465.749
Total Area (Cell+Physical+Net)     3168.632

Max Fanout                         33 (Cin)
Min Fanout                         0 (G3128)
Average Fanout                     1.9
Terms to net ratio                 2.5853
Terms to instance ratio            3.3609
Runtime                            12.86547 seconds
Elapsed Runtime                    12 seconds
Genus peak memory usage            1892.00 
Innovus peak memory usage          no_value 
Hostname                           cadmicro-inf-el8-623207
