============================================================
  Generated by:           Genus(TM) Synthesis Solution 23.12-s086_1
  Generated on:           Apr 11 2025  02:07:35 pm
  Module:                 cla_32bits
  Operating conditions:   tt_025C_1v80 
  Interconnect mode:      global
  Area mode:              physical library
============================================================

Timing
-------
  Cost    Critical         Violating 
 Group   Path Slack  TNS     Paths   
-------------------------------------
default         4.4   0.0          0 
-------------------------------------
Total                 0.0          0 

Instance Count
--------------
Leaf Instance Count             264 
Physical Instance count           0 
Sequential Instance Count         0 
Combinational Instance Count    264 
Hierarchical Instance Count     148 

Area
----
Cell Area                          1934.355
Physical Cell Area                 0.000
Total Cell Area (Cell+Physical)    1934.355
Net Area                           1607.590
Total Area (Cell+Physical+Net)     3541.945

Max Fanout                         33 (n_75)
Min Fanout                         0 (G3128)
Average Fanout                     1.9
Terms to net ratio                 2.5916
Terms to instance ratio            3.2689
Runtime                            12.85599 seconds
Elapsed Runtime                    12 seconds
Genus peak memory usage            1891.57 
Innovus peak memory usage          no_value 
Hostname                           cadmicro-inf-el8-623207
