============================================================
  Generated by:           Genus(TM) Synthesis Solution 23.12-s086_1
  Generated on:           Apr 11 2025  03:31:31 pm
  Module:                 sklansky_32bits
  Operating conditions:   tt_025C_1v80 
  Interconnect mode:      global
  Area mode:              physical library
============================================================


Path 1: MET (0 ps) Path Delay Check
     Startpoint: (F) A[15]
       Endpoint: (F) S[17]

                   Capture    Launch  
      Path Delay:+    1940         -  
      Drv Adjust:+       0         0  
         Arrival:=    1940            
                                      
   Required Time:=    1940            
       Data Path:-    1940            
           Slack:=       0            

Exceptions/Constraints:
  max_delay             1940            constraints.sdc_line_1 

#-------------------------------------------------------------------------------------------------------------------------------------
#                Timing Point                  Flags   Arc   Edge           Cell             Fanout Load Trans Delay Arrival Instance 
#                                                                                                   (fF)  (ps)  (ps)   (ps)  Location 
#-------------------------------------------------------------------------------------------------------------------------------------
  A[15]                                        -       -     F     (arrival)                      1  3.3  1000     0       0    (-,-) 
  g8/X                                         -       A->X  F     sky130_fd_sc_hd__clkbuf_1      3 10.5    85   352     352    (-,-) 
  GENERATE_PROPAGATE[15].PROPAGATE/g24/Y       -       A->Y  R     sky130_fd_sc_hd__inv_2         1  3.7    34    58     410    (-,-) 
  GENERATE_PROPAGATE[15].PROPAGATE/g22__7482/Y -       B->Y  F     sky130_fd_sc_hd__nand2_1       1  5.5   187    59     468    (-,-) 
  GENERATE_PROPAGATE[15].PROPAGATE/g21__5115/Y -       B->Y  R     sky130_fd_sc_hd__nand2_2       3 10.2    89   145     613    (-,-) 
  LEVEL_1[15].B1/PROPAGATE/g11__1705/X         -       B->X  R     sky130_fd_sc_hd__and2_1        2  5.9    77   149     762    (-,-) 
  LEVEL_2[15].B2/PROPAGATE/g11__6131/X         -       B->X  R     sky130_fd_sc_hd__and2_1        2  6.7    82   151     913    (-,-) 
  LEVEL_3[15].B4/PROPAGATE/g11__5115/X         -       A->X  R     sky130_fd_sc_hd__and2_4        2 13.8    61   162    1075    (-,-) 
  LEVEL_4[31].B11/PROPAGATE/g11__7482/X        -       B->X  R     sky130_fd_sc_hd__and2_4       17 38.2   124   209    1284    (-,-) 
  B12/PROPAGATE/g11__6783/X                    -       A->X  R     sky130_fd_sc_hd__and2_1        1  3.8    60   144    1428    (-,-) 
  C16/g13__2346/X                              -       A1->X R     sky130_fd_sc_hd__a21o_1        2  6.7    75   128    1556    (-,-) 
  S17/fopt/Y                                   -       A->Y  F     sky130_fd_sc_hd__inv_1         1  3.4    30    45    1601    (-,-) 
  S17/g10__2802/X                              -       A1->X F     sky130_fd_sc_hd__mux2_4        1 51.3   115   338    1940    (-,-) 
  S[17]                                        <<<     -     F     (port)                         -    -     -     0    1940    (-,-) 
#-------------------------------------------------------------------------------------------------------------------------------------

