============================================================
  Generated by:           Genus(TM) Synthesis Solution 23.12-s086_1
  Generated on:           Apr 11 2025  03:31:31 pm
  Module:                 sklansky_32bits
  Operating conditions:   tt_025C_1v80 
  Interconnect mode:      global
  Area mode:              physical library
============================================================

Timing
-------
  Cost    Critical         Violating 
 Group   Path Slack  TNS     Paths   
-------------------------------------
default         0.1   0.0          0 
-------------------------------------
Total                 0.0          0 

Instance Count
--------------
Leaf Instance Count             418 
Physical Instance count           0 
Sequential Instance Count         0 
Combinational Instance Count    418 
Hierarchical Instance Count     368 

Area
----
Cell Area                          2910.291
Physical Cell Area                 0.000
Total Cell Area (Cell+Physical)    2910.291
Net Area                           2338.550
Total Area (Cell+Physical+Net)     5248.841

Max Fanout                         17 (Go[15][0])
Min Fanout                         1 (C[0])
Average Fanout                     1.9
Terms to net ratio                 2.6977
Terms to instance ratio            3.1172
Runtime                            14.877958 seconds
Elapsed Runtime                    15 seconds
Genus peak memory usage            1896.13 
Innovus peak memory usage          no_value 
Hostname                           cadmicro-inf-el8-623207
