============================================================
  Generated by:           Genus(TM) Synthesis Solution 23.12-s086_1
  Generated on:           Apr 14 2025  04:21:45 pm
  Module:                 carry_select_adder_46688_32bits
  Operating conditions:   tt_025C_1v80 
  Interconnect mode:      global
  Area mode:              physical library
============================================================


Path 1: MET (1 ps) Path Delay Check
     Startpoint: (F) A[1]
       Endpoint: (R) S[24]

                   Capture    Launch  
      Path Delay:+    1390         -  
      Drv Adjust:+       0         0  
         Arrival:=    1390            
                                      
   Required Time:=    1390            
       Data Path:-    1389            
           Slack:=       1            

Exceptions/Constraints:
  max_delay             1390            constraints.sdc_line_1 

#-------------------------------------------------------------------------------------------------------
# Timing Point   Flags   Arc   Edge           Cell             Fanout Load Trans Delay Arrival Instance 
#                                                                     (fF)  (ps)  (ps)   (ps)  Location 
#-------------------------------------------------------------------------------------------------------
  A[1]           -       -     F     (arrival)                      2 15.6  1000     0       0    (-,-) 
  g11338/Y       -       A->Y  R     sky130_fd_sc_hd__inv_4         2  6.8   146   233     233    (-,-) 
  g11178__9315/Y -       B->Y  F     sky130_fd_sc_hd__nor2_1        2  8.4    62    86     319    (-,-) 
  g11064__2398/Y -       A->Y  R     sky130_fd_sc_hd__nand2_2       2  6.8    56    69     388    (-,-) 
  g11374/Y       -       B->Y  F     sky130_fd_sc_hd__nand2b_1      1  5.6    61    69     456    (-,-) 
  g11020__6417/Y -       A->Y  R     sky130_fd_sc_hd__nand2_2       1  5.9    51    65     522    (-,-) 
  g10977__5107/Y -       B->Y  F     sky130_fd_sc_hd__nand3_2       3 11.1    86    96     618    (-,-) 
  g10958__5122/Y -       A->Y  R     sky130_fd_sc_hd__nand2_2       3 13.9    90   105     723    (-,-) 
  g10945__6417/Y -       A->Y  F     sky130_fd_sc_hd__nand2_1       1  3.6    44    62     784    (-,-) 
  g10931__6131/Y -       A->Y  R     sky130_fd_sc_hd__nand2_1       1  3.7    52    59     844    (-,-) 
  g10907__1666/X -       A->X  R     sky130_fd_sc_hd__and2_4        1 18.7    73   163    1006    (-,-) 
  g10903__5526/Y -       A->Y  F     sky130_fd_sc_hd__nand2_8      10 46.2    77    83    1090    (-,-) 
  g10897/Y       -       A->Y  R     sky130_fd_sc_hd__clkinv_8      8 42.3    59    80    1170    (-,-) 
  g10853__9945/Y -       A->Y  F     sky130_fd_sc_hd__nand2_2       1  9.6    82    61    1231    (-,-) 
  g10849__2802/Y -       A->Y  R     sky130_fd_sc_hd__nand2_4       1 51.3   165   158    1389    (-,-) 
  S[24]          <<<     -     R     (port)                         -    -     -     0    1389    (-,-) 
#-------------------------------------------------------------------------------------------------------

