============================================================
  Generated by:           Genus(TM) Synthesis Solution 23.12-s086_1
  Generated on:           Apr 14 2025  04:21:45 pm
  Module:                 carry_select_adder_46688_32bits
  Operating conditions:   tt_025C_1v80 
  Interconnect mode:      global
  Area mode:              physical library
============================================================

Timing
-------
  Cost    Critical         Violating 
 Group   Path Slack  TNS     Paths   
-------------------------------------
default         0.6   0.0          0 
-------------------------------------
Total                 0.0          0 

Instance Count
--------------
Leaf Instance Count             388 
Physical Instance count           0 
Sequential Instance Count         0 
Combinational Instance Count    388 
Hierarchical Instance Count       0 

Area
----
Cell Area                          2671.312
Physical Cell Area                 0.000
Total Cell Area (Cell+Physical)    2671.312
Net Area                           2083.323
Total Area (Cell+Physical+Net)     4754.635

Max Fanout                         10 (n_476)
Min Fanout                         1 (n_0)
Average Fanout                     1.7
Terms to net ratio                 2.4945
Terms to instance ratio            2.9381
Runtime                            16.499684000000002 seconds
Elapsed Runtime                    17 seconds
Genus peak memory usage            1972.58 
Innovus peak memory usage          no_value 
Hostname                           cadmicro-inf-el8-623207
