###############################################################
#  Generated by:      Cadence Innovus 23.32-s091_1
#  OS:                Linux x86_64(Host ID cadmicro-inf-el8-623207)
#  Generated on:      Mon Apr 14 14:36:00 2025
#  Design:            signal_32bits
#  Command:           report_timing > reports/report_timing.rpt
###############################################################
Path 1: MET Path Delay Check
Endpoint:   S[31] (v)
Beginpoint: Cin   (^) triggered by  leading edge of '@'
Path Groups: {default}
Analysis View: default_emulate_view
- External Delay                0.000
+ Path Delay                    4.800
= Required Time                 4.800
- Arrival Time                  4.712
= Slack Time                    0.088
     Clock Rise Edge                      0.000
     + Input Delay                        0.000
     = Beginpoint Arrival Time            0.000
     +--------------------------------------------------------------------------------------------------------+ 
     |          Instance           |      Arc       |            Cell            | Delay | Arrival | Required | 
     |                             |                |                            |       |  Time   |   Time   | 
     |-----------------------------+----------------+----------------------------+-------+---------+----------| 
     |                             | Cin ^          |                            |       |   0.000 |    0.088 | 
     | g50                         | A ^ -> Y v     | sky130_fd_sc_hd__inv_2     | 0.118 |   0.118 |    0.205 | 
     | addinc_add_7_30_g2478__1666 | B1 v -> Y ^    | sky130_fd_sc_hd__o2bb2ai_2 | 0.212 |   0.330 |    0.417 | 
     | addinc_add_7_30_g2472__6161 | A ^ -> Y v     | sky130_fd_sc_hd__nand2_1   | 0.067 |   0.397 |    0.484 | 
     | addinc_add_7_30_g2470__7482 | A v -> Y ^     | sky130_fd_sc_hd__nand2_1   | 0.097 |   0.493 |    0.581 | 
     | addinc_add_7_30_g2469__5115 | A ^ -> Y v     | sky130_fd_sc_hd__nand2_1   | 0.075 |   0.568 |    0.656 | 
     | addinc_add_7_30_g2467__6131 | A v -> Y ^     | sky130_fd_sc_hd__nand2_2   | 0.074 |   0.642 |    0.730 | 
     | addinc_add_7_30_g2466__7098 | A ^ -> Y v     | sky130_fd_sc_hd__nand2_1   | 0.073 |   0.715 |    0.802 | 
     | addinc_add_7_30_g2464__5122 | A v -> Y ^     | sky130_fd_sc_hd__nand2_2   | 0.071 |   0.785 |    0.873 | 
     | addinc_add_7_30_g2463__1705 | A ^ -> Y v     | sky130_fd_sc_hd__nand2_1   | 0.068 |   0.853 |    0.941 | 
     | addinc_add_7_30_g2461__1617 | A v -> Y ^     | sky130_fd_sc_hd__nand2_2   | 0.071 |   0.925 |    1.012 | 
     | addinc_add_7_30_g2460__3680 | A ^ -> Y v     | sky130_fd_sc_hd__nand2_1   | 0.072 |   0.997 |    1.084 | 
     | addinc_add_7_30_g2458__5526 | A v -> Y ^     | sky130_fd_sc_hd__nand2_2   | 0.068 |   1.065 |    1.152 | 
     | addinc_add_7_30_g2457__8428 | A ^ -> Y v     | sky130_fd_sc_hd__nand2_1   | 0.068 |   1.133 |    1.220 | 
     | addinc_add_7_30_g2455__6260 | A v -> Y ^     | sky130_fd_sc_hd__nand2_2   | 0.067 |   1.200 |    1.288 | 
     | addinc_add_7_30_g2454__5107 | A ^ -> Y v     | sky130_fd_sc_hd__nand2_1   | 0.070 |   1.270 |    1.358 | 
     | addinc_add_7_30_g2452__5477 | A v -> Y ^     | sky130_fd_sc_hd__nand2_2   | 0.082 |   1.353 |    1.440 | 
     | addinc_add_7_30_g2450__6417 | A ^ -> Y v     | sky130_fd_sc_hd__nand2_1   | 0.059 |   1.412 |    1.499 | 
     | addinc_add_7_30_g2447__2346 | A v -> Y ^     | sky130_fd_sc_hd__nand2_1   | 0.096 |   1.508 |    1.595 | 
     | addinc_add_7_30_g2446__2883 | A ^ -> Y v     | sky130_fd_sc_hd__nand2_1   | 0.061 |   1.569 |    1.656 | 
     | addinc_add_7_30_g2444__9315 | A v -> Y ^     | sky130_fd_sc_hd__nand2_1   | 0.084 |   1.653 |    1.740 | 
     | addinc_add_7_30_g2442__4733 | A ^ -> Y v     | sky130_fd_sc_hd__nand2_1   | 0.061 |   1.713 |    1.801 | 
     | addinc_add_7_30_g2440__5115 | A v -> Y ^     | sky130_fd_sc_hd__nand2_1   | 0.088 |   1.801 |    1.888 | 
     | addinc_add_7_30_g2438__6131 | A1 ^ -> X ^    | sky130_fd_sc_hd__a21o_1    | 0.155 |   1.955 |    2.043 | 
     | addinc_add_7_30_g2437__7098 | A ^ -> Y v     | sky130_fd_sc_hd__nand2_1   | 0.057 |   2.012 |    2.099 | 
     | addinc_add_7_30_g2435__5122 | A v -> Y ^     | sky130_fd_sc_hd__nand2_1   | 0.084 |   2.096 |    2.183 | 
     | addinc_add_7_30_g2434__1705 | A ^ -> Y v     | sky130_fd_sc_hd__nand2_1   | 0.072 |   2.168 |    2.256 | 
     | addinc_add_7_30_g2432__1617 | A v -> Y ^     | sky130_fd_sc_hd__nand2_2   | 0.076 |   2.244 |    2.332 | 
     | addinc_add_7_30_g2431__3680 | A ^ -> Y v     | sky130_fd_sc_hd__nand2_2   | 0.070 |   2.314 |    2.402 | 
     | addinc_add_7_30_g2429__5526 | A v -> Y ^     | sky130_fd_sc_hd__nand2_4   | 0.073 |   2.388 |    2.475 | 
     | addinc_add_7_30_g2427__8428 | A ^ -> Y v     | sky130_fd_sc_hd__nand2_1   | 0.073 |   2.460 |    2.548 | 
     | addinc_add_7_30_g2425__6260 | A v -> Y ^     | sky130_fd_sc_hd__nand2_2   | 0.092 |   2.552 |    2.639 | 
     | addinc_add_7_30_g2421__5477 | A ^ -> Y v     | sky130_fd_sc_hd__nand3_1   | 0.081 |   2.633 |    2.720 | 
     | addinc_add_7_30_g2414__9315 | C1 v -> Y ^    | sky130_fd_sc_hd__o211ai_1  | 0.133 |   2.766 |    2.853 | 
     | addinc_add_7_30_g2413__6161 | B_N ^ -> Y ^   | sky130_fd_sc_hd__nor2b_1   | 0.237 |   3.002 |    3.090 | 
     | addinc_add_7_30_g2406__8246 | A ^ -> Y v     | sky130_fd_sc_hd__nand2_1   | 0.089 |   3.092 |    3.179 | 
     | addinc_add_7_30_g2402__1617 | A2 v -> X v    | sky130_fd_sc_hd__o21ba_2   | 0.219 |   3.310 |    3.398 | 
     | addinc_add_7_30_g2399__5526 | A2 v -> Y ^    | sky130_fd_sc_hd__o21ai_1   | 0.209 |   3.519 |    3.607 | 
     | addinc_add_7_30_g2398       | A ^ -> Y v     | sky130_fd_sc_hd__clkinv_1  | 0.097 |   3.616 |    3.704 | 
     | addinc_add_7_30_g2396__4319 | A2 v -> Y ^    | sky130_fd_sc_hd__o21ai_1   | 0.134 |   3.750 |    3.838 | 
     | addinc_add_7_30_g2395__6260 | CI ^ -> COUT ^ | sky130_fd_sc_hd__fah_1     | 0.192 |   3.942 |    4.030 | 
     | addinc_add_7_30_g2394__5107 | CI ^ -> COUT ^ | sky130_fd_sc_hd__fah_1     | 0.193 |   4.135 |    4.223 | 
     | addinc_add_7_30_g2393__2398 | CIN ^ -> SUM v | sky130_fd_sc_hd__fa_2      | 0.576 |   4.711 |    4.799 | 
     |                             | S[31] v        |                            | 0.001 |   4.712 |    4.800 | 
     +--------------------------------------------------------------------------------------------------------+ 

