============================================================
  Generated by:           Genus(TM) Synthesis Solution 23.12-s086_1
  Generated on:           Dec 17 2024  02:57:39 pm
  Module:                 NanoCPU
  Technology libraries:   fast_vdd1v0 1.0
                          physical_cells 
                          fast_vdd1v0 1.0
                          physical_cells 
  Operating conditions:   PVT_1P1V_0C 
  Interconnect mode:      global
  Area mode:              physical library
============================================================

Instance    Module     Cell-Count  Cell-Area  Net-Area   Total-Area 
--------------------------------------------------------------------
NanoCPU  NA                  1680   5408.730  1953.709     7362.439 
  R_IR   Reg16bit_113          16    117.306     0.000      117.306 
  R_PC   Reg16bit_112          10     56.430     0.000       56.430 
  r0     Reg16bit              18    115.938     0.000      115.938 
  r1     Reg16bit_116          18    126.198     0.000      126.198 
  r2     Reg16bit_115          18    112.176     0.000      112.176 
  r3     Reg16bit_114          18    114.570     0.000      114.570 
