============================================================
  Generated by:           Genus(TM) Synthesis Solution 23.12-s086_1
  Generated on:           Dec 17 2024  02:57:39 pm
  Module:                 NanoCPU
  Operating conditions:   PVT_1P1V_0C 
  Interconnect mode:      global
  Area mode:              physical library
============================================================


Path 1: VIOLATED (-210 ps) Late External Delay Assertion at pin dataW[14]
          Group: ck
     Startpoint: (R) R_IR/Q_reg[1]/CK
          Clock: (R) ck
       Endpoint: (F) dataW[14]
          Clock: (R) ck

                     Capture       Launch     
        Clock Edge:+     500            0     
       Src Latency:+       0            0     
       Net Latency:+       0 (I)        0 (I) 
           Arrival:=     500            0     
                                              
      Output Delay:-     125                  
       Uncertainty:-     100                  
     Required Time:=     275                  
      Launch Clock:-       0                  
         Data Path:-     485                  
             Slack:=    -210                  

Exceptions/Constraints:
  output_delay             125             constraints.sdc_1_line_26_63_1 

#------------------------------------------------------------------------------------------------------
#      Timing Point        Flags    Arc    Edge     Cell      Fanout Load Trans Delay Arrival Instance 
#                                                                    (fF)  (ps)  (ps)   (ps)  Location 
#------------------------------------------------------------------------------------------------------
  R_IR/Q_reg[1]/CK         -       -       R     (arrival)        14    -     0     0       0    (-,-) 
  R_IR/Q_reg[1]/Q          -       CK->Q   R     DFFRHQX4LVT       4  8.7    19    55      55    (-,-) 
  fopt30214/Y              -       A->Y    R     CLKBUFX12LVT      9 23.0    17    26      80    (-,-) 
  fopt31123/Y              -       A->Y    F     CLKINVX8LVT       4 11.5    12    11      91    (-,-) 
  g30219_dup/Y             -       A->Y    R     CLKINVX6LVT       1  3.7     7     8      99    (-,-) 
  g31126/Y                 -       B1->Y   F     OAI22X4LVT        1  4.5    30    17     116    (-,-) 
  g75/Y                    -       B->Y    R     NAND2X6LVT        2  7.6    14    12     128    (-,-) 
  g28189/Y                 -       B->Y    F     NAND2X8LVT        4 10.1    20    16     144    (-,-) 
  fopt27307/Y              -       A->Y    R     CLKINVX4LVT       1  3.7    10     9     153    (-,-) 
  mul_95_34_g7109__31221/Y -       A1->Y   F     AOI22X4LVT        1  5.7    32    22     175    (-,-) 
  g30987/Y                 -       A->Y    R     NOR2X8LVT         4 14.0    27    22     198    (-,-) 
  g28645/Y                 -       B->Y    F     NAND2X2LVT        1  3.5    25    20     218    (-,-) 
  g29928/Y                 -       B0->Y   R     OAI2BB1X4LVT      3  7.3    19    15     232    (-,-) 
  g28643/Y                 -       B->Y    F     NAND2X2LVT        1  4.4    30    21     254    (-,-) 
  g28617/Y                 -       A->Y    R     NAND2X6LVT        4  9.6    18    14     268    (-,-) 
  g28607/Y                 -       B->Y    R     XNOR3X1LVT        2  3.7    25    45     313    (-,-) 
  g182/CON                 -       CI->CON F     ACHCONX2LVT       1  4.4    37    26     339    (-,-) 
  g28920/Y                 -       A->Y    R     CLKINVX6LVT       3 12.9    20    15     354    (-,-) 
  fopt/Y                   -       A->Y    F     CLKINVX6LVT       1  3.4     7     8     362    (-,-) 
  g30003/Y                 -       B0->Y   R     AOI21X4LVT        1  3.8    19    14     376    (-,-) 
  g30002/Y                 -       B->Y    F     NOR2X4LVT         1  5.2    13    11     387    (-,-) 
  g30001/Y                 -       B->Y    R     NOR2X8LVT         1  5.9    14    12     399    (-,-) 
  g51/Y                    -       A->Y    F     NAND3X8LVT        4  9.2    29    25     425    (-,-) 
  g28078/Y                 -       B->Y    F     CLKAND2X6LVT      2  5.6    10    24     448    (-,-) 
  g29061/Y                 -       A1->Y   R     OAI21X4LVT        1  3.8    21    16     464    (-,-) 
  g29059/Y                 -       B->Y    F     NAND3X4LVT        2  2.8    22    21     485    (-,-) 
  dataW[14]                <<<     -       F     (port)            -    -     -     0     485    (-,-) 
#------------------------------------------------------------------------------------------------------

