============================================================
  Generated by:           Genus(TM) Synthesis Solution 23.12-s086_1
  Generated on:           Apr 11 2025  04:24:43 pm
  Module:                 ripple_carry_adder_32bits
  Operating conditions:   tt_025C_1v80 
  Interconnect mode:      global
  Area mode:              physical library
============================================================

         Instance             Module     Cell-Count  Cell-Area  Net-Area   Total-Area 
--------------------------------------------------------------------------------------
ripple_carry_adder_32bits NA                    282   2314.720  1448.780     3763.500 
  F1A                     full_adder              8     56.304    23.669       79.973 
  full_adder_loop[10].FA  full_adder_84           7     65.062    16.969       82.031 
  full_adder_loop[11].FA  full_adder_83           7     65.062    16.969       82.031 
  full_adder_loop[12].FA  full_adder_82           7     65.062    16.969       82.031 
  full_adder_loop[13].FA  full_adder_81           7     65.062    16.969       82.031 
  full_adder_loop[14].FA  full_adder_80           7     65.062    16.969       82.031 
  full_adder_loop[15].FA  full_adder_79           7     65.062    16.969       82.031 
  full_adder_loop[16].FA  full_adder_78           7     65.062    16.969       82.031 
  full_adder_loop[17].FA  full_adder_77           7     65.062    16.969       82.031 
  full_adder_loop[18].FA  full_adder_76           7     65.062    16.969       82.031 
  full_adder_loop[19].FA  full_adder_75           6     67.565    13.575       81.140 
  full_adder_loop[1].FA   full_adder_93          11     62.560    37.157       99.717 
  full_adder_loop[20].FA  full_adder_74           6     67.565    13.575       81.140 
  full_adder_loop[21].FA  full_adder_73           6     67.565    13.575       81.140 
  full_adder_loop[22].FA  full_adder_72           6     67.565    13.575       81.140 
  full_adder_loop[23].FA  full_adder_71           6     67.565    13.575       81.140 
  full_adder_loop[24].FA  full_adder_70           6     67.565    13.575       81.140 
  full_adder_loop[25].FA  full_adder_69           6     67.565    13.575       81.140 
  full_adder_loop[26].FA  full_adder_68           6     70.067    13.575       83.642 
  full_adder_loop[27].FA  full_adder_67           6     71.318    13.575       84.893 
  full_adder_loop[28].FA  full_adder_66           6     76.323    13.575       89.898 
  full_adder_loop[29].FA  full_adder_65           6     72.570    13.575       86.145 
  full_adder_loop[2].FA   full_adder_92          11     68.816    37.157      105.973 
  full_adder_loop[30].FA  full_adder_64           7     66.314    20.275       86.589 
  full_adder_loop[31].FA  full_adder_63           5     48.797    11.835       60.631 
  full_adder_loop[3].FA   full_adder_91           7     60.058    16.969       77.026 
  full_adder_loop[4].FA   full_adder_90           7     60.058    16.969       77.026 
  full_adder_loop[5].FA   full_adder_89           7     57.555    16.969       74.524 
  full_adder_loop[6].FA   full_adder_88           7     57.555    16.969       74.524 
  full_adder_loop[7].FA   full_adder_87           7     57.555    16.969       74.524 
  full_adder_loop[8].FA   full_adder_86           7     65.062    16.969       82.031 
  full_adder_loop[9].FA   full_adder_85           7     65.062    16.969       82.031 
