============================================================
  Generated by:           Genus(TM) Synthesis Solution 23.12-s086_1
  Generated on:           Apr 11 2025  04:24:43 pm
  Module:                 ripple_carry_adder_32bits
  Operating conditions:   tt_025C_1v80 
  Interconnect mode:      global
  Area mode:              physical library
============================================================

Timing
-------
  Cost    Critical         Violating 
 Group   Path Slack  TNS     Paths   
-------------------------------------
default         0.1   0.0          0 
-------------------------------------
Total                 0.0          0 

Instance Count
--------------
Leaf Instance Count             282 
Physical Instance count           0 
Sequential Instance Count         0 
Combinational Instance Count    282 
Hierarchical Instance Count      32 

Area
----
Cell Area                          2314.720
Physical Cell Area                 0.000
Total Cell Area (Cell+Physical)    2314.720
Net Area                           1448.780
Total Area (Cell+Physical+Net)     3763.500

Max Fanout                         3 (carry[30])
Min Fanout                         1 (Cout)
Average Fanout                     1.5
Terms to net ratio                 2.2133
Terms to instance ratio            2.7234
Runtime                            14.784557000000001 seconds
Elapsed Runtime                    15 seconds
Genus peak memory usage            1890.26 
Innovus peak memory usage          no_value 
Hostname                           cadmicro-inf-el8-623207
