============================================================
  Generated by:           Genus(TM) Synthesis Solution 23.12-s086_1
  Generated on:           Apr 11 2025  04:24:43 pm
  Module:                 ripple_carry_adder_32bits
  Operating conditions:   tt_025C_1v80 
  Interconnect mode:      global
  Area mode:              physical library
============================================================


Path 1: MET (0 ps) Path Delay Check
     Startpoint: (F) A[0]
       Endpoint: (R) S[30]

                   Capture    Launch  
      Path Delay:+    4168         -  
      Drv Adjust:+       0         0  
         Arrival:=    4168            
                                      
   Required Time:=    4168            
       Data Path:-    4168            
           Slack:=       0            

Exceptions/Constraints:
  max_delay             4168            constraints.sdc_line_1 

#------------------------------------------------------------------------------------------------------------------------------
#            Timing Point             Flags    Arc    Edge           Cell             Fanout Load Trans Delay Arrival Instance 
#                                                                                            (fF)  (ps)  (ps)   (ps)  Location 
#------------------------------------------------------------------------------------------------------------------------------
  A[0]                                -       -       F     (arrival)                      1  5.7  1000     0       0    (-,-) 
  g3/X                                -       A->X    F     sky130_fd_sc_hd__buf_6         2  8.9    49   410     410    (-,-) 
  F1A/g209/Y                          -       A->Y    R     sky130_fd_sc_hd__clkinv_2      2  5.0    28    46     456    (-,-) 
  F1A/g2__208/Y                       -       A_N->Y  R     sky130_fd_sc_hd__nand2b_2      1  5.8    59   105     560    (-,-) 
  F1A/g192__2398/Y                    -       B1->Y   F     sky130_fd_sc_hd__o21ai_2       2  7.8    49    62     623    (-,-) 
  full_adder_loop[1].FA/g124__3680/Y  -       A->Y    R     sky130_fd_sc_hd__nand2_2       1 10.1    73    75     698    (-,-) 
  full_adder_loop[1].FA/g122__5526/Y  -       A->Y    F     sky130_fd_sc_hd__nand2_4       2 12.2    44    56     754    (-,-) 
  full_adder_loop[2].FA/g124__7098/Y  -       A->Y    R     sky130_fd_sc_hd__nand2_4       1 10.1    55    59     814    (-,-) 
  full_adder_loop[2].FA/g122__5122/Y  -       A->Y    F     sky130_fd_sc_hd__nand2_4       2 11.8    44    51     864    (-,-) 
  full_adder_loop[3].FA/g124__6161/Y  -       A->Y    R     sky130_fd_sc_hd__nand2_4       1 10.1    52    59     923    (-,-) 
  full_adder_loop[3].FA/g122__7482/Y  -       A->Y    F     sky130_fd_sc_hd__nand2_4       2 11.8    40    50     974    (-,-) 
  full_adder_loop[4].FA/g124__7410/Y  -       A->Y    R     sky130_fd_sc_hd__nand2_4       1 10.1    52    57    1031    (-,-) 
  full_adder_loop[4].FA/g122__2346/Y  -       A->Y    F     sky130_fd_sc_hd__nand2_4       2 11.8    40    50    1081    (-,-) 
  full_adder_loop[5].FA/g124__4319/Y  -       A->Y    R     sky130_fd_sc_hd__nand2_4       1 10.1    55    57    1138    (-,-) 
  full_adder_loop[5].FA/g122__5107/Y  -       A->Y    F     sky130_fd_sc_hd__nand2_4       2 11.8    40    51    1189    (-,-) 
  full_adder_loop[6].FA/g124__2802/Y  -       A->Y    R     sky130_fd_sc_hd__nand2_4       1 10.1    55    57    1246    (-,-) 
  full_adder_loop[6].FA/g122__3680/Y  -       A->Y    F     sky130_fd_sc_hd__nand2_4       2 11.8    40    51    1297    (-,-) 
  full_adder_loop[7].FA/g124__1881/Y  -       A->Y    R     sky130_fd_sc_hd__nand2_4       1 10.1    55    57    1355    (-,-) 
  full_adder_loop[7].FA/g122__7098/Y  -       A->Y    F     sky130_fd_sc_hd__nand2_4       2 11.8    40    51    1406    (-,-) 
  full_adder_loop[8].FA/g124__9945/Y  -       A->Y    R     sky130_fd_sc_hd__nand2_4       1 10.1    52    57    1463    (-,-) 
  full_adder_loop[8].FA/g122__6161/Y  -       A->Y    F     sky130_fd_sc_hd__nand2_4       2 11.8    38    50    1513    (-,-) 
  full_adder_loop[9].FA/g124__5477/Y  -       A->Y    R     sky130_fd_sc_hd__nand2_4       1 10.1    52    56    1570    (-,-) 
  full_adder_loop[9].FA/g122__7410/Y  -       A->Y    F     sky130_fd_sc_hd__nand2_4       2 11.8    38    50    1620    (-,-) 
  full_adder_loop[10].FA/g124__5526/Y -       A->Y    R     sky130_fd_sc_hd__nand2_4       1 10.1    52    56    1676    (-,-) 
  full_adder_loop[10].FA/g122__4319/Y -       A->Y    F     sky130_fd_sc_hd__nand2_4       2 11.8    38    50    1727    (-,-) 
  full_adder_loop[11].FA/g124__5122/Y -       A->Y    R     sky130_fd_sc_hd__nand2_4       1 10.1    52    56    1783    (-,-) 
  full_adder_loop[11].FA/g122__2802/Y -       A->Y    F     sky130_fd_sc_hd__nand2_4       2 11.8    38    50    1833    (-,-) 
  full_adder_loop[12].FA/g124__7482/Y -       A->Y    R     sky130_fd_sc_hd__nand2_4       1 10.1    52    56    1890    (-,-) 
  full_adder_loop[12].FA/g122__1881/Y -       A->Y    F     sky130_fd_sc_hd__nand2_4       2 11.8    38    50    1940    (-,-) 
  full_adder_loop[13].FA/g124__2346/Y -       A->Y    R     sky130_fd_sc_hd__nand2_4       1 10.1    52    56    1997    (-,-) 
  full_adder_loop[13].FA/g122__9945/Y -       A->Y    F     sky130_fd_sc_hd__nand2_4       2 11.8    38    50    2047    (-,-) 
  full_adder_loop[14].FA/g124__5107/Y -       A->Y    R     sky130_fd_sc_hd__nand2_4       1 10.1    52    56    2104    (-,-) 
  full_adder_loop[14].FA/g122__5477/Y -       A->Y    F     sky130_fd_sc_hd__nand2_4       2 11.8    38    50    2154    (-,-) 
  full_adder_loop[15].FA/g124__3680/Y -       A->Y    R     sky130_fd_sc_hd__nand2_4       1 10.1    52    56    2210    (-,-) 
  full_adder_loop[15].FA/g122__5526/Y -       A->Y    F     sky130_fd_sc_hd__nand2_4       2 11.8    38    50    2261    (-,-) 
  full_adder_loop[16].FA/g124__7098/Y -       A->Y    R     sky130_fd_sc_hd__nand2_4       1 10.1    52    56    2317    (-,-) 
  full_adder_loop[16].FA/g122__5122/Y -       A->Y    F     sky130_fd_sc_hd__nand2_4       2 11.8    38    50    2367    (-,-) 
  full_adder_loop[17].FA/g124__6161/Y -       A->Y    R     sky130_fd_sc_hd__nand2_4       1 10.1    52    56    2424    (-,-) 
  full_adder_loop[17].FA/g122__7482/Y -       A->Y    F     sky130_fd_sc_hd__nand2_4       2 11.8    38    50    2474    (-,-) 
  full_adder_loop[18].FA/g124__7410/Y -       A->Y    R     sky130_fd_sc_hd__nand2_4       1 10.1    52    56    2531    (-,-) 
  full_adder_loop[18].FA/g122__2346/Y -       A->Y    F     sky130_fd_sc_hd__nand2_4       2 11.8    38    50    2581    (-,-) 
  full_adder_loop[19].FA/g124__6260/Y -       A->Y    R     sky130_fd_sc_hd__nand2_4       1 10.1    52    56    2638    (-,-) 
  full_adder_loop[19].FA/g122__5107/Y -       A->Y    F     sky130_fd_sc_hd__nand2_4       2 11.8    38    50    2688    (-,-) 
  full_adder_loop[20].FA/g124__3680/Y -       A->Y    R     sky130_fd_sc_hd__nand2_4       1 10.1    52    56    2744    (-,-) 
  full_adder_loop[20].FA/g122__6783/Y -       A->Y    F     sky130_fd_sc_hd__nand2_4       2 11.8    38    50    2795    (-,-) 
  full_adder_loop[21].FA/g124__8246/Y -       A->Y    R     sky130_fd_sc_hd__nand2_4       1 10.1    52    56    2851    (-,-) 
  full_adder_loop[21].FA/g122__5122/Y -       A->Y    F     sky130_fd_sc_hd__nand2_4       2 11.8    38    50    2901    (-,-) 
  full_adder_loop[22].FA/g124__7482/Y -       A->Y    R     sky130_fd_sc_hd__nand2_4       1 10.1    52    56    2958    (-,-) 
  full_adder_loop[22].FA/g122__5115/Y -       A->Y    F     sky130_fd_sc_hd__nand2_4       2 11.8    38    50    3008    (-,-) 
  full_adder_loop[23].FA/g124__2346/Y -       A->Y    R     sky130_fd_sc_hd__nand2_4       1 10.1    52    56    3065    (-,-) 
  full_adder_loop[23].FA/g122__9945/Y -       A->Y    F     sky130_fd_sc_hd__nand2_4       2 11.8    38    50    3115    (-,-) 
  full_adder_loop[24].FA/g124__2398/Y -       A->Y    R     sky130_fd_sc_hd__nand2_4       1 10.1    52    56    3172    (-,-) 
  full_adder_loop[24].FA/g122__6417/Y -       A->Y    F     sky130_fd_sc_hd__nand2_4       2 11.8    38    50    3222    (-,-) 
  full_adder_loop[25].FA/g124__6783/Y -       A->Y    R     sky130_fd_sc_hd__nand2_4       1 10.1    52    56    3278    (-,-) 
  full_adder_loop[25].FA/g122__8428/Y -       A->Y    F     sky130_fd_sc_hd__nand2_4       2 11.8    38    50    3329    (-,-) 
  full_adder_loop[26].FA/g124__8246/Y -       A->Y    R     sky130_fd_sc_hd__nand2_4       1 10.1    52    56    3385    (-,-) 
  full_adder_loop[26].FA/g122__1705/Y -       A->Y    F     sky130_fd_sc_hd__nand2_4       2 11.8    38    50    3435    (-,-) 
  full_adder_loop[27].FA/g124__4733/Y -       A->Y    R     sky130_fd_sc_hd__nand2_4       1 10.1    52    56    3492    (-,-) 
  full_adder_loop[27].FA/g122__5115/Y -       A->Y    F     sky130_fd_sc_hd__nand2_4       2 11.8    38    50    3542    (-,-) 
  full_adder_loop[28].FA/g124__1666/Y -       A->Y    R     sky130_fd_sc_hd__nand2_4       1 10.1    52    56    3599    (-,-) 
  full_adder_loop[28].FA/g122__2883/Y -       A->Y    F     sky130_fd_sc_hd__nand2_4       2 11.8    38    50    3649    (-,-) 
  full_adder_loop[29].FA/g124__6260/Y -       A->Y    R     sky130_fd_sc_hd__nand2_4       1 10.1    52    56    3706    (-,-) 
  full_adder_loop[29].FA/g122__2398/Y -       A->Y    F     sky130_fd_sc_hd__nand2_4       2 12.3    39    51    3757    (-,-) 
  full_adder_loop[30].FA/fopt/X       -       A->X    F     sky130_fd_sc_hd__clkbuf_2      2 10.2    49   119    3876    (-,-) 
  full_adder_loop[30].FA/g124__3680/X -       A2_N->X R     sky130_fd_sc_hd__a2bb2o_4      1 51.3   168   292    4168    (-,-) 
  S[30]                               <<<     -       R     (port)                         -    -     -     0    4168    (-,-) 
#------------------------------------------------------------------------------------------------------------------------------

