Hinst Name                        Module Name          Inst Count           Total Area               Buffer             Inverter        Combinational                 Flop                Latch           Clock Gate                Macro             Physical
-----------------------------------------------------------------------------------------------------------------------------------------------------------------------------------------------------------------------------------------------------------------------
cla_32bits                                                    872             4942.240               76.323              432.915             2886.518                0.000                0.000                0.000                0.000             1546.483
  B10                             bolinha                       2               13.763                0.000                0.000               13.763                0.000                0.000                0.000                0.000                0.000
    B10/GENERATE                  generate_ij                   1                7.507                0.000                0.000                7.507                0.000                0.000                0.000                0.000                0.000
    B10/PROPAGATE                 propagate_ij                  1                6.256                0.000                0.000                6.256                0.000                0.000                0.000                0.000                0.000
  C0                              carry                         1                7.507                0.000                0.000                7.507                0.000                0.000                0.000                0.000                0.000
  C1                              carry_202                     1                7.507                0.000                0.000                7.507                0.000                0.000                0.000                0.000                0.000
  C10                             carry_193                     1                7.507                0.000                0.000                7.507                0.000                0.000                0.000                0.000                0.000
  C11                             carry_192                     1                7.507                0.000                0.000                7.507                0.000                0.000                0.000                0.000                0.000
  C12                             carry_191                     1                7.507                0.000                0.000                7.507                0.000                0.000                0.000                0.000                0.000
  C13                             carry_190                     2               17.517                0.000                0.000               17.517                0.000                0.000                0.000                0.000                0.000
  C14                             carry_189                     3               13.763                0.000                3.754               10.010                0.000                0.000                0.000                0.000                0.000
  C15                             carry_188                     1                7.507                0.000                0.000                7.507                0.000                0.000                0.000                0.000                0.000
  C16                             carry_187                     1                7.507                0.000                0.000                7.507                0.000                0.000                0.000                0.000                0.000
  C17                             carry_186                     1                7.507                0.000                0.000                7.507                0.000                0.000                0.000                0.000                0.000
  C18                             carry_185                     3               13.763                0.000                3.754               10.010                0.000                0.000                0.000                0.000                0.000
  C19                             carry_184                     1                7.507                0.000                0.000                7.507                0.000                0.000                0.000                0.000                0.000
  C2                              carry_201                     1                7.507                0.000                0.000                7.507                0.000                0.000                0.000                0.000                0.000
  C20                             carry_183                     1                7.507                0.000                0.000                7.507                0.000                0.000                0.000                0.000                0.000
  C21                             carry_182                     2               17.517                0.000                0.000               17.517                0.000                0.000                0.000                0.000                0.000
  C22                             carry_181                     1                7.507                0.000                0.000                7.507                0.000                0.000                0.000                0.000                0.000
  C23                             carry_180                     1                7.507                0.000                0.000                7.507                0.000                0.000                0.000                0.000                0.000
  C24                             carry_179                     1                7.507                0.000                0.000                7.507                0.000                0.000                0.000                0.000                0.000
  C25                             carry_178                     2               17.517                0.000                0.000               17.517                0.000                0.000                0.000                0.000                0.000
  C26                             carry_177                     3               13.763                0.000                3.754               10.010                0.000                0.000                0.000                0.000                0.000
  C27                             carry_176                     1                7.507                0.000                0.000                7.507                0.000                0.000                0.000                0.000                0.000
  C28                             carry_175                     2               10.010                0.000                0.000               10.010                0.000                0.000                0.000                0.000                0.000
  C29                             carry_174                     3               15.014                0.000                5.005               10.010                0.000                0.000                0.000                0.000                0.000
  C3                              carry_200                     1                7.507                0.000                0.000                7.507                0.000                0.000                0.000                0.000                0.000
  C30                             carry_173                     3               21.270                0.000                3.754               17.517                0.000                0.000                0.000                0.000                0.000
  C31                             carry_172                     3               21.270                0.000                3.754               17.517                0.000                0.000                0.000                0.000                0.000
  C4                              carry_199                     1                7.507                0.000                0.000                7.507                0.000                0.000                0.000                0.000                0.000
  C5                              carry_198                     1                7.507                0.000                0.000                7.507                0.000                0.000                0.000                0.000                0.000
  C6                              carry_197                     1                7.507                0.000                0.000                7.507                0.000                0.000                0.000                0.000                0.000
  C7                              carry_196                     1                7.507                0.000                0.000                7.507                0.000                0.000                0.000                0.000                0.000
  C8                              carry_195                     1                7.507                0.000                0.000                7.507                0.000                0.000                0.000                0.000                0.000
  C9                              carry_194                     1                7.507                0.000                0.000                7.507                0.000                0.000                0.000                0.000                0.000
  CLA1                            cla4x3                        9               86.333                0.000                0.000               86.333                0.000                0.000                0.000                0.000                0.000
  CLA10                           cla4x3_210                   12               60.058                0.000               11.261               48.797                0.000                0.000                0.000                0.000                0.000
  CLA11                           cla4x3_209                    8               46.294                0.000                0.000               46.294                0.000                0.000                0.000                0.000                0.000
  CLA12                           cla4x3_208                    7               48.797                0.000                0.000               48.797                0.000                0.000                0.000                0.000                0.000
  CLA13                           cla4x3_207                   12              103.850                0.000                3.754              100.096                0.000                0.000                0.000                0.000                0.000
  CLA14                           cla4x3_206                   10               57.555                0.000                0.000               57.555                0.000                0.000                0.000                0.000                0.000
  CLA15                           cla4x3_205                   12               78.826                0.000                3.754               75.072                0.000                0.000                0.000                0.000                0.000
  CLA16                           cla4x3_204                   11               62.560                0.000                7.507               55.053                0.000                0.000                0.000                0.000                0.000
  CLA17                           cla4x3_203                   13               87.584                0.000                7.507               80.077                0.000                0.000                0.000                0.000                0.000
  CLA2                            cla4x3_218                   11               77.574                0.000                7.507               70.067                0.000                0.000                0.000                0.000                0.000
  CLA3                            cla4x3_217                   13               82.579                0.000                8.758               73.821                0.000                0.000                0.000                0.000                0.000
  CLA4                            cla4x3_216                   10               56.304                0.000                3.754               52.550                0.000                0.000                0.000                0.000                0.000
  CLA5                            cla4x3_215                   11               82.579                3.754               11.261               67.565                0.000                0.000                0.000                0.000                0.000
  CLA6                            cla4x3_214                   10               77.574                3.754                0.000               73.821                0.000                0.000                0.000                0.000                0.000
  CLA7                            cla4x3_213                    6               48.797                0.000                0.000               48.797                0.000                0.000                0.000                0.000                0.000
  CLA8                            cla4x3_212                    4               27.526                0.000                0.000               27.526                0.000                0.000                0.000                0.000                0.000
  CLA9                            cla4x3_211                   14              115.110                0.000               12.512              102.598                0.000                0.000                0.000                0.000                0.000
  GENERATE_PROPAGATE[0].GENERATE  generate_i                    3               11.261                0.000                7.507                3.754                0.000                0.000                0.000                0.000                0.000
  GENERATE_PROPAGATE[0].PROPAGATE propagate_i                   5               26.275                0.000                7.507               18.768                0.000                0.000                0.000                0.000                0.000
  GENERATE_PROPAGATE[10].GENERATE generate_i_240                1                8.758                0.000                0.000                8.758                0.000                0.000                0.000                0.000                0.000
  GENERATE_PROPAGATE[10].PROPAGATE propagate_i_271               5               21.270                0.000                7.507               13.763                0.000                0.000                0.000                0.000                0.000
  GENERATE_PROPAGATE[11].GENERATE generate_i_239                1                6.256                0.000                0.000                6.256                0.000                0.000                0.000                0.000                0.000
  GENERATE_PROPAGATE[11].PROPAGATE propagate_i_270               5               23.773                0.000               10.010               13.763                0.000                0.000                0.000                0.000                0.000
  GENERATE_PROPAGATE[12].GENERATE generate_i_238                3               11.261                0.000                7.507                3.754                0.000                0.000                0.000                0.000                0.000
  GENERATE_PROPAGATE[12].PROPAGATE propagate_i_269               5               26.275                0.000                7.507               18.768                0.000                0.000                0.000                0.000                0.000
  GENERATE_PROPAGATE[13].GENERATE generate_i_237                1                6.256                0.000                0.000                6.256                0.000                0.000                0.000                0.000                0.000
  GENERATE_PROPAGATE[13].PROPAGATE propagate_i_268               5               41.290                0.000               17.517               23.773                0.000                0.000                0.000                0.000                0.000
  GENERATE_PROPAGATE[14].GENERATE generate_i_236                1                8.758                0.000                0.000                8.758                0.000                0.000                0.000                0.000                0.000
  GENERATE_PROPAGATE[14].PROPAGATE propagate_i_267               5               35.034                0.000               21.270               13.763                0.000                0.000                0.000                0.000                0.000
  GENERATE_PROPAGATE[15].GENERATE generate_i_235                1                6.256                0.000                0.000                6.256                0.000                0.000                0.000                0.000                0.000
  GENERATE_PROPAGATE[15].PROPAGATE propagate_i_266               5               23.773                0.000               10.010               13.763                0.000                0.000                0.000                0.000                0.000
  GENERATE_PROPAGATE[16].GENERATE generate_i_234                3               11.261                0.000                7.507                3.754                0.000                0.000                0.000                0.000                0.000
  GENERATE_PROPAGATE[16].PROPAGATE propagate_i_265               1               25.024                0.000                0.000               25.024                0.000                0.000                0.000                0.000                0.000
  GENERATE_PROPAGATE[17].GENERATE generate_i_233                3               11.261                0.000                7.507                3.754                0.000                0.000                0.000                0.000                0.000
  GENERATE_PROPAGATE[17].PROPAGATE propagate_i_264               3               38.787                0.000                0.000               38.787                0.000                0.000                0.000                0.000                0.000
  GENERATE_PROPAGATE[18].GENERATE generate_i_232                1                6.256                0.000                0.000                6.256                0.000                0.000                0.000                0.000                0.000
  GENERATE_PROPAGATE[18].PROPAGATE propagate_i_263               5               23.773                0.000                7.507               16.266                0.000                0.000                0.000                0.000                0.000
  GENERATE_PROPAGATE[19].GENERATE generate_i_231                1                6.256                0.000                0.000                6.256                0.000                0.000                0.000                0.000                0.000
  GENERATE_PROPAGATE[19].PROPAGATE propagate_i_262               3               20.019                0.000                7.507               12.512                0.000                0.000                0.000                0.000                0.000
  GENERATE_PROPAGATE[1].GENERATE  generate_i_249                1                8.758                0.000                0.000                8.758                0.000                0.000                0.000                0.000                0.000
  GENERATE_PROPAGATE[1].PROPAGATE propagate_i_280               5               33.782                0.000               10.010               23.773                0.000                0.000                0.000                0.000                0.000
  GENERATE_PROPAGATE[20].GENERATE generate_i_230                1                8.758                0.000                0.000                8.758                0.000                0.000                0.000                0.000                0.000
  GENERATE_PROPAGATE[20].PROPAGATE propagate_i_261               5               26.275                0.000                7.507               18.768                0.000                0.000                0.000                0.000                0.000
  GENERATE_PROPAGATE[21].GENERATE generate_i_229                1                6.256                0.000                0.000                6.256                0.000                0.000                0.000                0.000                0.000
  GENERATE_PROPAGATE[21].PROPAGATE propagate_i_260               3               33.782                0.000               17.517               16.266                0.000                0.000                0.000                0.000                0.000
  GENERATE_PROPAGATE[22].GENERATE generate_i_228                1                6.256                0.000                0.000                6.256                0.000                0.000                0.000                0.000                0.000
  GENERATE_PROPAGATE[22].PROPAGATE propagate_i_259               1               16.266                0.000                0.000               16.266                0.000                0.000                0.000                0.000                0.000
  GENERATE_PROPAGATE[23].GENERATE generate_i_227                1                6.256                0.000                0.000                6.256                0.000                0.000                0.000                0.000                0.000
  GENERATE_PROPAGATE[23].PROPAGATE propagate_i_258               2               12.512                0.000                3.754                8.758                0.000                0.000                0.000                0.000                0.000
  GENERATE_PROPAGATE[24].GENERATE generate_i_226                1                6.256                0.000                0.000                6.256                0.000                0.000                0.000                0.000                0.000
  GENERATE_PROPAGATE[24].PROPAGATE propagate_i_257               1               27.526                0.000                0.000               27.526                0.000                0.000                0.000                0.000                0.000
  GENERATE_PROPAGATE[25].GENERATE generate_i_225                1                6.256                0.000                0.000                6.256                0.000                0.000                0.000                0.000                0.000
  GENERATE_PROPAGATE[25].PROPAGATE propagate_i_256               5               23.773                0.000                7.507               16.266                0.000                0.000                0.000                0.000                0.000
  GENERATE_PROPAGATE[26].GENERATE generate_i_224                1                6.256                0.000                0.000                6.256                0.000                0.000                0.000                0.000                0.000
  GENERATE_PROPAGATE[26].PROPAGATE propagate_i_255               2               12.512                0.000                3.754                8.758                0.000                0.000                0.000                0.000                0.000
  GENERATE_PROPAGATE[27].GENERATE generate_i_223                1                6.256                0.000                0.000                6.256                0.000                0.000                0.000                0.000                0.000
  GENERATE_PROPAGATE[27].PROPAGATE propagate_i_254               1               16.266                0.000                0.000               16.266                0.000                0.000                0.000                0.000                0.000
  GENERATE_PROPAGATE[28].GENERATE generate_i_222                1                6.256                0.000                0.000                6.256                0.000                0.000                0.000                0.000                0.000
  GENERATE_PROPAGATE[28].PROPAGATE propagate_i_253               1               16.266                0.000                0.000               16.266                0.000                0.000                0.000                0.000                0.000
  GENERATE_PROPAGATE[29].GENERATE generate_i_221                1                6.256                0.000                0.000                6.256                0.000                0.000                0.000                0.000                0.000
  GENERATE_PROPAGATE[29].PROPAGATE propagate_i_252               1                8.758                0.000                0.000                8.758                0.000                0.000                0.000                0.000                0.000
  GENERATE_PROPAGATE[2].GENERATE  generate_i_248                1                8.758                0.000                0.000                8.758                0.000                0.000                0.000                0.000                0.000
  GENERATE_PROPAGATE[2].PROPAGATE propagate_i_279               5               21.270                0.000                7.507               13.763                0.000                0.000                0.000                0.000                0.000
  GENERATE_PROPAGATE[30].GENERATE generate_i_220                1                6.256                0.000                0.000                6.256                0.000                0.000                0.000                0.000                0.000
  GENERATE_PROPAGATE[30].PROPAGATE propagate_i_251               1                8.758                0.000                0.000                8.758                0.000                0.000                0.000                0.000                0.000
  GENERATE_PROPAGATE[31].GENERATE generate_i_219                1                6.256                0.000                0.000                6.256                0.000                0.000                0.000                0.000                0.000
  GENERATE_PROPAGATE[31].PROPAGATE propagate_i_250               1                8.758                0.000                0.000                8.758                0.000                0.000                0.000                0.000                0.000
  GENERATE_PROPAGATE[3].GENERATE  generate_i_247                1                6.256                0.000                0.000                6.256                0.000                0.000                0.000                0.000                0.000
  GENERATE_PROPAGATE[3].PROPAGATE propagate_i_278               5               21.270                0.000                7.507               13.763                0.000                0.000                0.000                0.000                0.000
  GENERATE_PROPAGATE[4].GENERATE  generate_i_246                3               11.261                0.000                7.507                3.754                0.000                0.000                0.000                0.000                0.000
  GENERATE_PROPAGATE[4].PROPAGATE propagate_i_277               5               26.275                0.000                7.507               18.768                0.000                0.000                0.000                0.000                0.000
  GENERATE_PROPAGATE[5].GENERATE  generate_i_245                3               13.763                0.000                7.507                6.256                0.000                0.000                0.000                0.000                0.000
  GENERATE_PROPAGATE[5].PROPAGATE propagate_i_276               5               32.531                0.000                8.758               23.773                0.000                0.000                0.000                0.000                0.000
  GENERATE_PROPAGATE[6].GENERATE  generate_i_244                1                6.256                0.000                0.000                6.256                0.000                0.000                0.000                0.000                0.000
  GENERATE_PROPAGATE[6].PROPAGATE propagate_i_275               5               21.270                0.000                7.507               13.763                0.000                0.000                0.000                0.000                0.000
  GENERATE_PROPAGATE[7].GENERATE  generate_i_243                1                6.256                0.000                0.000                6.256                0.000                0.000                0.000                0.000                0.000
  GENERATE_PROPAGATE[7].PROPAGATE propagate_i_274               5               23.773                0.000               10.010               13.763                0.000                0.000                0.000                0.000                0.000
  GENERATE_PROPAGATE[8].GENERATE  generate_i_242                1                8.758                0.000                0.000                8.758                0.000                0.000                0.000                0.000                0.000
  GENERATE_PROPAGATE[8].PROPAGATE propagate_i_273               5               28.778                0.000               10.010               18.768                0.000                0.000                0.000                0.000                0.000
  GENERATE_PROPAGATE[9].GENERATE  generate_i_241                3               11.261                0.000                7.507                3.754                0.000                0.000                0.000                0.000                0.000
  GENERATE_PROPAGATE[9].PROPAGATE propagate_i_272               5               36.285                0.000               12.512               23.773                0.000                0.000                0.000                0.000                0.000
  S0                              soutput                       1                8.758                0.000                0.000                8.758                0.000                0.000                0.000                0.000                0.000
  S1                              soutput_311                   1                8.758                0.000                0.000                8.758                0.000                0.000                0.000                0.000                0.000
  S10                             soutput_302                   2               23.773                0.000                3.754               20.019                0.000                0.000                0.000                0.000                0.000
  S11                             soutput_301                   3               31.280                0.000                0.000               31.280                0.000                0.000                0.000                0.000                0.000
  S12                             soutput_300                   1               15.014                0.000                0.000               15.014                0.000                0.000                0.000                0.000                0.000
  S13                             soutput_299                   2               23.773                0.000                3.754               20.019                0.000                0.000                0.000                0.000                0.000
  S14                             soutput_298                   2               23.773                0.000                3.754               20.019                0.000                0.000                0.000                0.000                0.000
  S15                             soutput_297                   4               38.787                0.000                3.754               35.034                0.000                0.000                0.000                0.000                0.000
  S16                             soutput_296                   1               12.512                0.000                0.000               12.512                0.000                0.000                0.000                0.000                0.000
  S17                             soutput_295                   2               15.014                0.000                3.754               11.261                0.000                0.000                0.000                0.000                0.000
  S18                             soutput_294                   2               23.773                0.000                3.754               20.019                0.000                0.000                0.000                0.000                0.000
  S19                             soutput_293                   4               43.792                0.000                3.754               40.038                0.000                0.000                0.000                0.000                0.000
  S2                              soutput_310                   1                8.758                0.000                0.000                8.758                0.000                0.000                0.000                0.000                0.000
  S20                             soutput_292                   2               15.014                0.000                3.754               11.261                0.000                0.000                0.000                0.000                0.000
  S21                             soutput_291                   3               23.773                0.000                0.000               23.773                0.000                0.000                0.000                0.000                0.000
  S22                             soutput_290                   4               25.024                0.000                3.754               21.270                0.000                0.000                0.000                0.000                0.000
  S23                             soutput_289                   4               43.792                0.000                3.754               40.038                0.000                0.000                0.000                0.000                0.000
  S24                             soutput_288                   2               15.014                0.000                3.754               11.261                0.000                0.000                0.000                0.000                0.000
  S25                             soutput_287                   3               31.280                0.000                0.000               31.280                0.000                0.000                0.000                0.000                0.000
  S26                             soutput_286                   3               31.280                0.000                0.000               31.280                0.000                0.000                0.000                0.000                0.000
  S27                             soutput_285                   3               31.280                0.000                0.000               31.280                0.000                0.000                0.000                0.000                0.000
  S28                             soutput_284                   2               23.773                0.000                3.754               20.019                0.000                0.000                0.000                0.000                0.000
  S29                             soutput_283                   3               40.038                0.000                0.000               40.038                0.000                0.000                0.000                0.000                0.000
  S3                              soutput_309                   1               12.512                0.000                0.000               12.512                0.000                0.000                0.000                0.000                0.000
  S30                             soutput_282                   5               45.043                0.000                7.507               37.536                0.000                0.000                0.000                0.000                0.000
  S31                             soutput_281                   4               53.802                0.000                8.758               45.043                0.000                0.000                0.000                0.000                0.000
  S4                              soutput_308                   1               12.512                0.000                0.000               12.512                0.000                0.000                0.000                0.000                0.000
  S5                              soutput_307                   1               12.512                0.000                0.000               12.512                0.000                0.000                0.000                0.000                0.000
  S6                              soutput_306                   1               15.014                0.000                0.000               15.014                0.000                0.000                0.000                0.000                0.000
  S7                              soutput_305                   1               25.024                0.000                0.000               25.024                0.000                0.000                0.000                0.000                0.000
  S8                              soutput_304                   1               12.512                0.000                0.000               12.512                0.000                0.000                0.000                0.000                0.000
  S9                              soutput_303                   1               25.024                0.000                0.000               25.024                0.000                0.000                0.000                0.000                0.000
