###############################################################
#  Generated by:      Cadence Innovus 23.32-s091_1
#  OS:                Linux x86_64(Host ID cadmicro-inf-el8-623207)
#  Generated on:      Fri Apr 11 14:18:42 2025
#  Design:            cla_32bits
#  Command:           report_timing > reports/report_timing.rpt
###############################################################
Path 1: VIOLATED Path Delay Check
Endpoint:   S[31] (^)
Beginpoint: A[20] (v) triggered by  leading edge of '@'
Path Groups: {default}
Analysis View: default_emulate_view
- External Delay                0.000
+ Path Delay                    1.860
= Required Time                 1.860
- Arrival Time                  1.903
= Slack Time                   -0.043
     Clock Rise Edge                      0.000
     + Input Delay                        0.000
     = Beginpoint Arrival Time            0.000
     +-----------------------------------------------------------------------------------------------------------------+ 
     |                 Instance                 |     Arc     |           Cell            | Delay | Arrival | Required | 
     |                                          |             |                           |       |  Time   |   Time   | 
     |------------------------------------------+-------------+---------------------------+-------+---------+----------| 
     |                                          | A[20] v     |                           |       |   0.000 |   -0.043 | 
     | GENERATE_PROPAGATE[20].GENERATE/g2__2802 | B v -> X v  | sky130_fd_sc_hd__and2_4   | 0.543 |   0.543 |    0.500 | 
     | CLA6/g141__9315                          | B v -> Y ^  | sky130_fd_sc_hd__nand2_4  | 0.079 |   0.622 |    0.579 | 
     | CLA6/g2__2346                            | B ^ -> Y v  | sky130_fd_sc_hd__nand2b_4 | 0.052 |   0.674 |    0.631 | 
     | CLA6/g136_0__2883                        | A1 v -> X v | sky130_fd_sc_hd__a21o_1   | 0.153 |   0.827 |    0.784 | 
     | CLA6/g135__5115                          | A v -> Y ^  | sky130_fd_sc_hd__nand2_1  | 0.054 |   0.881 |    0.838 | 
     | CLA6/g134__1881                          | B ^ -> Y v  | sky130_fd_sc_hd__nand2b_1 | 0.067 |   0.948 |    0.905 | 
     | CLA13/g349__9315                         | B1 v -> Y ^ | sky130_fd_sc_hd__a21oi_2  | 0.155 |   1.104 |    1.061 | 
     | CLA13/g348__6161                         | B ^ -> Y v  | sky130_fd_sc_hd__nand2_4  | 0.086 |   1.190 |    1.147 | 
     | CLA13/g346__7482                         | A v -> Y ^  | sky130_fd_sc_hd__nand2_4  | 0.065 |   1.254 |    1.211 | 
     | CLA13/g345__5115                         | A ^ -> Y v  | sky130_fd_sc_hd__nand2_4  | 0.052 |   1.306 |    1.263 | 
     | CLA17/g468__5122                         | A v -> Y ^  | sky130_fd_sc_hd__nand2_4  | 0.058 |   1.363 |    1.320 | 
     | CLA17/g466__2802                         | A ^ -> Y v  | sky130_fd_sc_hd__nand2_4  | 0.066 |   1.429 |    1.386 | 
     | CLA17/g463__6783                         | A v -> Y ^  | sky130_fd_sc_hd__nand2_2  | 0.057 |   1.486 |    1.443 | 
     | CLA17/g459__6260                         | A ^ -> Y v  | sky130_fd_sc_hd__nand2_2  | 0.052 |   1.538 |    1.495 | 
     | C30/g22                                  | A v -> Y ^  | sky130_fd_sc_hd__inv_2    | 0.065 |   1.603 |    1.560 | 
     | C30/g19__2883                            | A ^ -> Y v  | sky130_fd_sc_hd__nand2_4  | 0.062 |   1.665 |    1.622 | 
     | S31/g19                                  | A v -> Y ^  | sky130_fd_sc_hd__clkinv_4 | 0.058 |   1.724 |    1.681 | 
     | S31/g17__2802                            | A ^ -> Y v  | sky130_fd_sc_hd__nand2_4  | 0.052 |   1.776 |    1.733 | 
     | S31/g15__1617                            | A v -> Y ^  | sky130_fd_sc_hd__nand2_8  | 0.126 |   1.902 |    1.859 | 
     |                                          | S[31] ^     |                           | 0.001 |   1.903 |    1.860 | 
     +-----------------------------------------------------------------------------------------------------------------+ 

