============================================================
  Generated by:           Genus(TM) Synthesis Solution 23.12-s086_1
  Generated on:           Apr 14 2025  03:26:02 pm
  Module:                 cla_16bits
  Operating conditions:   tt_025C_1v80 
  Interconnect mode:      global
  Area mode:              physical library
============================================================

Timing
-------
  Cost    Critical         Violating 
 Group   Path Slack  TNS     Paths   
-------------------------------------
default      6543.8   0.0          0 
-------------------------------------
Total                 0.0          0 

Instance Count
--------------
Leaf Instance Count             16 
Physical Instance count          0 
Sequential Instance Count        0 
Combinational Instance Count    16 
Hierarchical Instance Count      0 

Area
----
Cell Area                          320.307
Physical Cell Area                 0.000
Total Cell Area (Cell+Physical)    320.307
Net Area                           220.593
Total Area (Cell+Physical+Net)     540.900

Max Fanout                         1 (B[10])
Min Fanout                         1 (B[10])
Average Fanout                     1.0
Terms to net ratio                 1.2308
Terms to instance ratio            5.0000
Runtime                            13.823363 seconds
Elapsed Runtime                    14 seconds
Genus peak memory usage            1962.90 
Innovus peak memory usage          no_value 
Hostname                           cadmicro-inf-el8-623207
