============================================================
  Generated by:           Genus(TM) Synthesis Solution 23.12-s086_1
  Generated on:           Apr 14 2025  03:26:02 pm
  Module:                 cla_16bits
  Operating conditions:   tt_025C_1v80 
  Interconnect mode:      global
  Area mode:              physical library
============================================================


Path 1: MET (6544 ps) Path Delay Check
     Startpoint: (F) A[0]
       Endpoint: (R) S[15]

                   Capture    Launch  
      Path Delay:+   13700         -  
      Drv Adjust:+       0         0  
         Arrival:=   13700            
                                      
   Required Time:=   13700            
       Data Path:-    7156            
           Slack:=    6544            

Exceptions/Constraints:
  max_delay            13700            constraints.sdc_line_1 

#-------------------------------------------------------------------------------------------------------
# Timing Point   Flags     Arc     Edge         Cell           Fanout Load Trans Delay Arrival Instance 
#                                                                     (fF)  (ps)  (ps)   (ps)  Location 
#-------------------------------------------------------------------------------------------------------
  A[0]           -       -         F     (arrival)                  1  7.2  1000     0       0    (-,-) 
  g1959/COUT     -       B->COUT   F     sky130_fd_sc_hd__fa_1      1  5.8    96   786     786    (-,-) 
  g1958/COUT     -       CIN->COUT F     sky130_fd_sc_hd__fa_1      1  5.8    96   396    1182    (-,-) 
  g1957/COUT     -       CIN->COUT F     sky130_fd_sc_hd__fa_1      1  5.8    96   396    1579    (-,-) 
  g1956/COUT     -       CIN->COUT F     sky130_fd_sc_hd__fa_1      1  5.8    96   396    1975    (-,-) 
  g1955/COUT     -       CIN->COUT F     sky130_fd_sc_hd__fa_1      1  5.8    96   396    2371    (-,-) 
  g1954/COUT     -       CIN->COUT F     sky130_fd_sc_hd__fa_1      1  5.8    96   396    2768    (-,-) 
  g1953/COUT     -       CIN->COUT F     sky130_fd_sc_hd__fa_1      1  5.8    96   396    3164    (-,-) 
  g1952/COUT     -       CIN->COUT F     sky130_fd_sc_hd__fa_1      1  5.8    96   396    3560    (-,-) 
  g1951/COUT     -       CIN->COUT F     sky130_fd_sc_hd__fa_1      1  5.8    96   396    3956    (-,-) 
  g1950/COUT     -       CIN->COUT F     sky130_fd_sc_hd__fa_1      1  5.8    96   396    4353    (-,-) 
  g1949/COUT     -       CIN->COUT F     sky130_fd_sc_hd__fa_1      1  5.8    96   396    4749    (-,-) 
  g1948/COUT     -       CIN->COUT F     sky130_fd_sc_hd__fa_1      1  5.8    96   396    5145    (-,-) 
  g1947/COUT     -       CIN->COUT F     sky130_fd_sc_hd__fa_1      1  5.8    96   396    5542    (-,-) 
  g1946/COUT     -       CIN->COUT F     sky130_fd_sc_hd__fa_1      1  5.8    96   396    5938    (-,-) 
  g1945/COUT     -       CIN->COUT F     sky130_fd_sc_hd__fa_1      1  5.8    96   396    6334    (-,-) 
  g2/SUM         -       CIN->SUM  R     sky130_fd_sc_hd__fa_1      1 51.3   506   822    7156    (-,-) 
  S[15]          <<<     -         R     (port)                     -    -     -     0    7156    (-,-) 
#-------------------------------------------------------------------------------------------------------

