###############################################################
#  Generated by:      Cadence Innovus 23.32-s091_1
#  OS:                Linux x86_64(Host ID cadmicro-inf-el8-623207)
#  Generated on:      Mon Apr 14 13:39:35 2025
#  Design:            signal_32bits
#  Command:           report_timing > reports/report_timing.rpt
###############################################################
Path 1: MET Path Delay Check
Endpoint:   S[29] (^)
Beginpoint: B[0]  (v) triggered by  leading edge of '@'
Path Groups: {default}
Analysis View: default_emulate_view
- External Delay                0.000
+ Path Delay                    9.100
= Required Time                 9.100
- Arrival Time                  9.052
= Slack Time                    0.048
     Clock Rise Edge                      0.000
     + Input Delay                        0.000
     = Beginpoint Arrival Time            0.000
     +--------------------------------------------------------------------------------------------------------+ 
     |          Instance           |       Arc       |           Cell            | Delay | Arrival | Required | 
     |                             |                 |                           |       |  Time   |   Time   | 
     |-----------------------------+-----------------+---------------------------+-------+---------+----------| 
     |                             | B[0] v          |                           |       |   0.000 |    0.048 | 
     | g2493                       | B v -> COUT v   | sky130_fd_sc_hd__fa_2     | 0.743 |   0.743 |    0.792 | 
     | addinc_add_7_30_g2428__6417 | CIN v -> COUT v | sky130_fd_sc_hd__fa_1     | 0.401 |   1.144 |    1.192 | 
     | addinc_add_7_30_g2427__7410 | CIN v -> COUT v | sky130_fd_sc_hd__fa_1     | 0.399 |   1.543 |    1.591 | 
     | addinc_add_7_30_g2426__1666 | CIN v -> COUT v | sky130_fd_sc_hd__fa_1     | 0.402 |   1.945 |    1.993 | 
     | addinc_add_7_30_g2425__2346 | CIN v -> COUT v | sky130_fd_sc_hd__fa_1     | 0.413 |   2.358 |    2.406 | 
     | addinc_add_7_30_g2424__2883 | CIN v -> COUT v | sky130_fd_sc_hd__fa_1     | 0.403 |   2.761 |    2.809 | 
     | addinc_add_7_30_g2423__9945 | CIN v -> COUT v | sky130_fd_sc_hd__fa_1     | 0.401 |   3.162 |    3.210 | 
     | addinc_add_7_30_g2422__9315 | CIN v -> COUT v | sky130_fd_sc_hd__fa_1     | 0.414 |   3.576 |    3.624 | 
     | addinc_add_7_30_g2421__6161 | B v -> Y ^      | sky130_fd_sc_hd__nand2b_1 | 0.114 |   3.690 |    3.738 | 
     | addinc_add_7_30_g2418__5115 | A2 ^ -> Y v     | sky130_fd_sc_hd__o221ai_1 | 0.144 |   3.834 |    3.882 | 
     | addinc_add_7_30_g2416__6131 | CIN v -> COUT v | sky130_fd_sc_hd__fa_1     | 0.419 |   4.253 |    4.302 | 
     | addinc_add_7_30_g2415__7098 | CIN v -> COUT v | sky130_fd_sc_hd__fa_1     | 0.400 |   4.653 |    4.702 | 
     | addinc_add_7_30_g2414__8246 | CIN v -> COUT v | sky130_fd_sc_hd__fa_1     | 0.405 |   5.058 |    5.106 | 
     | addinc_add_7_30_g2413__5122 | CIN v -> COUT v | sky130_fd_sc_hd__fa_1     | 0.404 |   5.463 |    5.511 | 
     | addinc_add_7_30_g2412__1705 | CIN v -> COUT v | sky130_fd_sc_hd__fa_1     | 0.401 |   5.863 |    5.912 | 
     | addinc_add_7_30_g2411__2802 | CIN v -> COUT v | sky130_fd_sc_hd__fa_2     | 0.376 |   6.239 |    6.287 | 
     | addinc_add_7_30_g2410       | A v -> Y ^      | sky130_fd_sc_hd__inv_2    | 0.068 |   6.307 |    6.355 | 
     | addinc_add_7_30_g2409__1617 | C ^ -> X ^      | sky130_fd_sc_hd__or3_1    | 0.115 |   6.423 |    6.471 | 
     | addinc_add_7_30_g2403__6260 | A3 ^ -> X ^     | sky130_fd_sc_hd__o311a_1  | 0.210 |   6.632 |    6.681 | 
     | addinc_add_7_30_g2401__2398 | C ^ -> X ^      | sky130_fd_sc_hd__or3_1    | 0.136 |   6.769 |    6.817 | 
     | addinc_add_7_30_g2396__2346 | C ^ -> X ^      | sky130_fd_sc_hd__or3_1    | 0.105 |   6.874 |    6.922 | 
     | addinc_add_7_30_g2392__6161 | C1 ^ -> Y v     | sky130_fd_sc_hd__o211ai_1 | 0.122 |   6.996 |    7.044 | 
     | addinc_add_7_30_g2391__4733 | B_N v -> Y v    | sky130_fd_sc_hd__nor2b_1  | 0.175 |   7.171 |    7.220 | 
     | addinc_add_7_30_g2387__6131 | B v -> Y ^      | sky130_fd_sc_hd__nand2b_1 | 0.104 |   7.275 |    7.323 | 
     | addinc_add_7_30_g2384__5122 | A2 ^ -> Y v     | sky130_fd_sc_hd__o221ai_1 | 0.138 |   7.413 |    7.461 | 
     | addinc_add_7_30_g2382__2802 | CIN v -> COUT v | sky130_fd_sc_hd__fa_1     | 0.441 |   7.854 |    7.902 | 
     | addinc_add_7_30_g2381__1617 | A v -> X v      | sky130_fd_sc_hd__and2_1   | 0.175 |   8.029 |    8.077 | 
     | addinc_add_7_30_g2378__5526 | A_N v -> Y v    | sky130_fd_sc_hd__nand2b_1 | 0.153 |   8.182 |    8.230 | 
     | addinc_add_7_30_g2376__4319 | B v -> Y ^      | sky130_fd_sc_hd__xnor2_1  | 0.869 |   9.051 |    9.099 | 
     |                             | S[29] ^         |                           | 0.001 |   9.052 |    9.100 | 
     +--------------------------------------------------------------------------------------------------------+ 

