============================================================
  Generated by:           Genus(TM) Synthesis Solution 23.12-s086_1
  Generated on:           Apr 14 2025  12:58:25 pm
  Module:                 signal_32bits
  Operating conditions:   tt_025C_1v80 
  Interconnect mode:      global
  Area mode:              physical library
============================================================

Timing
-------
  Cost    Critical         Violating 
 Group   Path Slack  TNS     Paths   
-------------------------------------
default         4.5   0.0          0 
-------------------------------------
Total                 0.0          0 

Instance Count
--------------
Leaf Instance Count             53 
Physical Instance count          0 
Sequential Instance Count        0 
Combinational Instance Count    53 
Hierarchical Instance Count      0 

Area
----
Cell Area                          750.720
Physical Cell Area                 0.000
Total Cell Area (Cell+Physical)    750.720
Net Area                           533.688
Total Area (Cell+Physical+Net)     1284.408

Max Fanout                         3 (B[1])
Min Fanout                         1 (B[7])
Average Fanout                     1.1
Terms to net ratio                 1.4662
Terms to instance ratio            4.0943
Runtime                            13.512326999999999 seconds
Elapsed Runtime                    13 seconds
Genus peak memory usage            1942.16 
Innovus peak memory usage          no_value 
Hostname                           cadmicro-inf-el8-623207
