============================================================
  Generated by:           Genus(TM) Synthesis Solution 23.12-s086_1
  Generated on:           Apr 11 2025  02:52:04 pm
  Module:                 kogge_stone_32bits
  Operating conditions:   tt_025C_1v80 
  Interconnect mode:      global
  Area mode:              physical library
============================================================

Timing
-------
  Cost    Critical         Violating 
 Group   Path Slack  TNS     Paths   
-------------------------------------
default         0.0   0.0          0 
-------------------------------------
Total                 0.0          0 

Instance Count
--------------
Leaf Instance Count             808 
Physical Instance count           0 
Sequential Instance Count         0 
Combinational Instance Count    808 
Hierarchical Instance Count     515 

Area
----
Cell Area                          5427.706
Physical Cell Area                 0.000
Total Cell Area (Cell+Physical)    5427.706
Net Area                           3992.782
Total Area (Cell+Physical+Net)     9420.488

Max Fanout                         24 (n_76)
Min Fanout                         1 (C[0])
Average Fanout                     1.7
Terms to net ratio                 2.6094
Terms to instance ratio            2.8193
Runtime                            19.798206 seconds
Elapsed Runtime                    20 seconds
Genus peak memory usage            1897.91 
Innovus peak memory usage          no_value 
Hostname                           cadmicro-inf-el8-623207
