============================================================
  Generated by:           Genus(TM) Synthesis Solution 23.12-s086_1
  Generated on:           Apr 11 2025  02:52:04 pm
  Module:                 kogge_stone_32bits
  Operating conditions:   tt_025C_1v80 
  Interconnect mode:      global
  Area mode:              physical library
============================================================


Path 1: MET (0 ps) Path Delay Check
     Startpoint: (F) A[1]
       Endpoint: (F) S[9]

                   Capture    Launch  
      Path Delay:+    1736         -  
      Drv Adjust:+       0         0  
         Arrival:=    1736            
                                      
   Required Time:=    1736            
       Data Path:-    1736            
           Slack:=       0            

Exceptions/Constraints:
  max_delay             1736            constraints.sdc_line_1 

#--------------------------------------------------------------------------------------------------------------------------------------
#                Timing Point                 Flags    Arc    Edge           Cell             Fanout Load Trans Delay Arrival Instance 
#                                                                                                    (fF)  (ps)  (ps)   (ps)  Location 
#--------------------------------------------------------------------------------------------------------------------------------------
  A[1]                                        -       -       F     (arrival)                      1  5.7  1000     0       0    (-,-) 
  g50/X                                       -       A->X    F     sky130_fd_sc_hd__buf_6         3 14.0    54   419     419    (-,-) 
  GENERATE_PROPAGATE[1].PROPAGATE/g24/Y       -       A->Y    R     sky130_fd_sc_hd__inv_2         1 10.6    56    69     488    (-,-) 
  GENERATE_PROPAGATE[1].PROPAGATE/g22__7482/Y -       B->Y    F     sky130_fd_sc_hd__nand2_4       1  9.7    37    52     540    (-,-) 
  GENERATE_PROPAGATE[1].PROPAGATE/g21__5115/Y -       B->Y    R     sky130_fd_sc_hd__nand2_4       4 12.7    59    72     612    (-,-) 
  LEVEL_1[2].B1/PROPAGATE/g11__6260/X         -       B->X    R     sky130_fd_sc_hd__and2_4        3 14.1    61   158     770    (-,-) 
  LEVEL_2[4].B3/PROPAGATE/g12/Y               -       A->Y    F     sky130_fd_sc_hd__inv_2         1  9.6    30    44     815    (-,-) 
  LEVEL_2[4].B3/PROPAGATE/g11__6417/Y         -       A->Y    R     sky130_fd_sc_hd__nor2b_4       3  9.9    94   115     930    (-,-) 
  LEVEL_3[8].B7/PROPAGATE/g2__2398/X          -       B->X    R     sky130_fd_sc_hd__and2_4        3  7.9    46   153    1084    (-,-) 
  B8/PROPAGATE/g11__6131/X                    -       A->X    R     sky130_fd_sc_hd__and2_1        2  6.8    83   138    1222    (-,-) 
  C8/g13__1881/X                              -       A1->X   R     sky130_fd_sc_hd__a21o_1        2  5.5    62   128    1349    (-,-) 
  S9/g10__7482/X                              -       A2_N->X F     sky130_fd_sc_hd__a2bb2o_2      1 51.3   151   386    1736    (-,-) 
  S[9]                                        <<<     -       F     (port)                         -    -     -     0    1736    (-,-) 
#--------------------------------------------------------------------------------------------------------------------------------------

