###############################################################
#  Generated by:      Cadence Innovus 23.32-s091_1
#  OS:                Linux x86_64(Host ID cadmicro-inf-el8-623207)
#  Generated on:      Mon Apr 14 13:20:59 2025
#  Design:            signal_32bits
#  Command:           report_timing > reports/report_timing.rpt
###############################################################
Path 1: MET Path Delay Check
Endpoint:   S[31] (^)
Beginpoint: A[0]  (v) triggered by  leading edge of '@'
Path Groups: {default}
Analysis View: default_emulate_view
- External Delay                0.000
+ Path Delay                   10.500
= Required Time                10.500
- Arrival Time                  9.125
= Slack Time                    1.375
     Clock Rise Edge                      0.000
     + Input Delay                        0.000
     = Beginpoint Arrival Time            0.000
     +--------------------------------------------------------------------------------------------------------+ 
     |          Instance           |       Arc       |           Cell            | Delay | Arrival | Required | 
     |                             |                 |                           |       |  Time   |   Time   | 
     |-----------------------------+-----------------+---------------------------+-------+---------+----------| 
     |                             | A[0] v          |                           |       |   0.000 |    1.375 | 
     | addinc_add_7_30_g2484__5107 | B v -> COUT v   | sky130_fd_sc_hd__fa_1     | 0.796 |   0.796 |    2.171 | 
     | addinc_add_7_30_g2483__2398 | CIN v -> COUT v | sky130_fd_sc_hd__fa_1     | 0.404 |   1.199 |    2.574 | 
     | addinc_add_7_30_g2482__5477 | CIN v -> COUT v | sky130_fd_sc_hd__fa_1     | 0.405 |   1.604 |    2.979 | 
     | addinc_add_7_30_g2481__6417 | CIN v -> COUT v | sky130_fd_sc_hd__fa_1     | 0.392 |   1.996 |    3.371 | 
     | addinc_add_7_30_g2480__7410 | CIN v -> COUT v | sky130_fd_sc_hd__fa_1     | 0.399 |   2.395 |    3.770 | 
     | addinc_add_7_30_g2479__1666 | CIN v -> COUT v | sky130_fd_sc_hd__fa_1     | 0.401 |   2.796 |    4.171 | 
     | addinc_add_7_30_g2478__2346 | CIN v -> COUT v | sky130_fd_sc_hd__fa_1     | 0.401 |   3.197 |    4.572 | 
     | addinc_add_7_30_g2477__2883 | CIN v -> COUT v | sky130_fd_sc_hd__fa_1     | 0.419 |   3.616 |    4.991 | 
     | addinc_add_7_30_g2476__9945 | B v -> Y ^      | sky130_fd_sc_hd__nand2b_1 | 0.115 |   3.731 |    5.106 | 
     | addinc_add_7_30_g2473__4733 | A2 ^ -> Y v     | sky130_fd_sc_hd__o221ai_1 | 0.138 |   3.869 |    5.244 | 
     | addinc_add_7_30_g2471__5115 | CIN v -> COUT v | sky130_fd_sc_hd__fa_1     | 0.416 |   4.285 |    5.660 | 
     | addinc_add_7_30_g2470__1881 | CIN v -> COUT v | sky130_fd_sc_hd__fa_1     | 0.399 |   4.684 |    6.059 | 
     | addinc_add_7_30_g2469__6131 | CIN v -> COUT v | sky130_fd_sc_hd__fa_1     | 0.413 |   5.097 |    6.472 | 
     | addinc_add_7_30_g2468__7098 | CIN v -> COUT v | sky130_fd_sc_hd__fa_1     | 0.416 |   5.512 |    6.887 | 
     | addinc_add_7_30_g2467__8246 | CIN v -> COUT v | sky130_fd_sc_hd__fa_1     | 0.398 |   5.911 |    7.286 | 
     | addinc_add_7_30_g2466__5122 | CIN v -> COUT v | sky130_fd_sc_hd__fa_1     | 0.412 |   6.323 |    7.698 | 
     | addinc_add_7_30_g2465__1705 | B v -> Y ^      | sky130_fd_sc_hd__nand2b_1 | 0.107 |   6.429 |    7.804 | 
     | addinc_add_7_30_g2463__1617 | B ^ -> X ^      | sky130_fd_sc_hd__or2_1    | 0.117 |   6.546 |    7.921 | 
     | addinc_add_7_30_g2459__8428 | A3 ^ -> Y v     | sky130_fd_sc_hd__o311ai_1 | 0.141 |   6.687 |    8.062 | 
     | addinc_add_7_30_g2454__5477 | A1 v -> Y ^     | sky130_fd_sc_hd__a31oi_1  | 0.194 |   6.881 |    8.256 | 
     | addinc_add_7_30_g2449__2883 | A2 ^ -> X ^     | sky130_fd_sc_hd__o21a_1   | 0.135 |   7.016 |    8.390 | 
     | addinc_add_7_30_g2446__6161 | A2 ^ -> Y v     | sky130_fd_sc_hd__o21ai_1  | 0.081 |   7.096 |    8.471 | 
     | addinc_add_7_30_g2444__7482 | B v -> Y ^      | sky130_fd_sc_hd__nand2b_1 | 0.106 |   7.202 |    8.577 | 
     | addinc_add_7_30_g2441__6131 | B ^ -> X ^      | sky130_fd_sc_hd__or2_2    | 0.115 |   7.317 |    8.692 | 
     | addinc_add_7_30_g2438__5122 | A2 ^ -> Y v     | sky130_fd_sc_hd__o221ai_1 | 0.123 |   7.440 |    8.815 | 
     | addinc_add_7_30_g2436__2802 | CIN v -> COUT v | sky130_fd_sc_hd__fa_1     | 0.437 |   7.877 |    9.252 | 
     | addinc_add_7_30_g2435__1617 | A v -> X v      | sky130_fd_sc_hd__and2_1   | 0.175 |   8.052 |    9.427 | 
     | addinc_add_7_30_g2431__8428 | A1 v -> Y ^     | sky130_fd_sc_hd__a21oi_1  | 0.147 |   8.199 |    9.573 | 
     | addinc_add_7_30_g2428__5107 | A2 ^ -> Y v     | sky130_fd_sc_hd__o21ai_1  | 0.094 |   8.293 |    9.668 | 
     | addinc_add_7_30_g2427__2398 | CIN v -> SUM ^  | sky130_fd_sc_hd__fa_1     | 0.831 |   9.124 |   10.498 | 
     |                             | S[31] ^         |                           | 0.002 |   9.125 |   10.500 | 
     +--------------------------------------------------------------------------------------------------------+ 

