============================================================
  Generated by:           Genus(TM) Synthesis Solution 23.12-s086_1
  Generated on:           Jan 30 2025  11:03:10 pm
  Module:                 alu_WIDTH32
  Technology libraries:   fast_vdd1v2 1.0
                          physical_cells 
                          fast_vdd1v2 1.0
                          physical_cells 
  Operating conditions:   PVT_1P32V_0C 
  Interconnect mode:      global
  Area mode:              physical library
============================================================

                                  
    Gate      Instances    Area       Library    
-------------------------------------------------
ADDFX1LVT             1     5.130    fast_vdd1v2 
AND2X1LVT            17    23.256    fast_vdd1v2 
AND3XLLVT             1     2.052    fast_vdd1v2 
AO21X4LVT             1     3.420    fast_vdd1v2 
AOI21X1LVT           14    23.940    fast_vdd1v2 
AOI21X2LVT            1     2.736    fast_vdd1v2 
AOI221X1LVT          37    88.578    fast_vdd1v2 
AOI2BB1X1LVT          1     2.052    fast_vdd1v2 
AOI31X1LVT            5    10.260    fast_vdd1v2 
AOI31X4LVT            1     6.498    fast_vdd1v2 
AOI32X1LVT            3     7.182    fast_vdd1v2 
CLKXOR2X1LVT          7    19.152    fast_vdd1v2 
DFFRHQX1LVT         100   615.600    fast_vdd1v2 
DFFRX1LVT             3    20.520    fast_vdd1v2 
DFFRX4LVT             1     9.576    fast_vdd1v2 
INVX1LVT              9     6.156    fast_vdd1v2 
INVX2LVT              1     1.026    fast_vdd1v2 
INVXLLVT              1     0.684    fast_vdd1v2 
MX2X1LVT              5    11.970    fast_vdd1v2 
MXI2XLLVT             8    19.152    fast_vdd1v2 
NAND2BX1LVT          26    35.568    fast_vdd1v2 
NAND2X1LVT           33    33.858    fast_vdd1v2 
NAND3BXLLVT           1     1.710    fast_vdd1v2 
NOR2BX1LVT           24    32.832    fast_vdd1v2 
NOR2X1LVT            25    25.650    fast_vdd1v2 
NOR2X2LVT             2     3.420    fast_vdd1v2 
OA21X1LVT             3     6.156    fast_vdd1v2 
OAI211X1LVT           4     6.840    fast_vdd1v2 
OAI21X1LVT           17    29.070    fast_vdd1v2 
OAI21X2LVT            1     3.078    fast_vdd1v2 
OAI221X1LVT           4     9.576    fast_vdd1v2 
OAI2BB1X1LVT         72   123.120    fast_vdd1v2 
OAI31X1LVT            1     2.052    fast_vdd1v2 
OAI32X1LVT           29    69.426    fast_vdd1v2 
OR2X1LVT             11    15.048    fast_vdd1v2 
OR2X2LVT              1     1.710    fast_vdd1v2 
OR3X1LVT              1     2.052    fast_vdd1v2 
XNOR2X1LVT           82   196.308    fast_vdd1v2 
-------------------------------------------------
total               554  1476.414                


                                         
     Type      Instances   Area   Area % 
-----------------------------------------
sequential           104  645.696   43.7 
inverter              11    7.866    0.5 
logic                439  822.852   55.7 
physical_cells         0    0.000    0.0 
-----------------------------------------
total                554 1476.414  100.0 

