Instance: /alu_WIDTH8
Power Unit: mW
PDB Frames: /stim#0/frame#0
  -------------------------------------------------------------------------
    Category         Leakage     Internal    Switching        Total    Row%
  -------------------------------------------------------------------------
      memory     0.00000e+00  0.00000e+00  0.00000e+00  0.00000e+00   0.00%
    register     1.33060e-04  4.91064e-01  1.53187e-01  6.44384e-01  65.94%
       latch     0.00000e+00  0.00000e+00  0.00000e+00  0.00000e+00   0.00%
       logic     1.35814e-04  1.36273e-01  1.62976e-01  2.99385e-01  30.64%
        bbox     0.00000e+00  0.00000e+00  0.00000e+00  0.00000e+00   0.00%
       clock     0.00000e+00  0.00000e+00  3.34541e-02  3.34541e-02   3.42%
         pad     0.00000e+00  0.00000e+00  0.00000e+00  0.00000e+00   0.00%
          pm     0.00000e+00  0.00000e+00  0.00000e+00  0.00000e+00   0.00%
  -------------------------------------------------------------------------
    Subtotal     2.68874e-04  6.27337e-01  3.49617e-01  9.77223e-01 100.00%
  Percentage           0.03%       64.20%       35.78%      100.00% 100.00%
  -------------------------------------------------------------------------
Instance: /alu_WIDTH16
Power Unit: mW
PDB Frames: /stim#0/frame#0
  -------------------------------------------------------------------------
    Category         Leakage     Internal    Switching        Total    Row%
  -------------------------------------------------------------------------
      memory     0.00000e+00  0.00000e+00  0.00000e+00  0.00000e+00   0.00%
    register     2.27914e-04  8.64831e-01  2.67242e-01  1.13230e+00  58.34%
       latch     0.00000e+00  0.00000e+00  0.00000e+00  0.00000e+00   0.00%
       logic     3.16184e-04  3.34631e-01  4.15209e-01  7.50156e-01  38.65%
        bbox     0.00000e+00  0.00000e+00  0.00000e+00  0.00000e+00   0.00%
       clock     0.00000e+00  0.00000e+00  5.85446e-02  5.85446e-02   3.02%
         pad     0.00000e+00  0.00000e+00  0.00000e+00  0.00000e+00   0.00%
          pm     0.00000e+00  0.00000e+00  0.00000e+00  0.00000e+00   0.00%
  -------------------------------------------------------------------------
    Subtotal     5.44098e-04  1.19946e+00  7.40996e-01  1.94100e+00 100.01%
  Percentage           0.03%       61.80%       38.18%      100.00% 100.00%
  -------------------------------------------------------------------------
Instance: /alu_WIDTH32
Power Unit: mW
PDB Frames: /stim#0/frame#0
  -------------------------------------------------------------------------
    Category         Leakage     Internal    Switching        Total    Row%
  -------------------------------------------------------------------------
      memory     0.00000e+00  0.00000e+00  0.00000e+00  0.00000e+00   0.00%
    register     4.23065e-04  1.61982e+00  5.26514e-01  2.14676e+00  53.97%
       latch     0.00000e+00  0.00000e+00  0.00000e+00  0.00000e+00   0.00%
       logic     6.29609e-04  7.84010e-01  9.37916e-01  1.72256e+00  43.30%
        bbox     0.00000e+00  0.00000e+00  0.00000e+00  0.00000e+00   0.00%
       clock     0.00000e+00  0.00000e+00  1.08726e-01  1.08726e-01   2.73%
         pad     0.00000e+00  0.00000e+00  0.00000e+00  0.00000e+00   0.00%
          pm     0.00000e+00  0.00000e+00  0.00000e+00  0.00000e+00   0.00%
  -------------------------------------------------------------------------
    Subtotal     1.05267e-03  2.40383e+00  1.57316e+00  3.97804e+00 100.00%
  Percentage           0.03%       60.43%       39.55%      100.00% 100.00%
  -------------------------------------------------------------------------
