============================================================
  Generated by:           Genus(TM) Synthesis Solution 23.12-s086_1
  Generated on:           Jan 30 2025  11:02:35 pm
  Module:                 alu_WIDTH8
  Technology libraries:   fast_vdd1v2 1.0
                          physical_cells 
  Operating conditions:   PVT_1P32V_0C 
  Interconnect mode:      global
  Area mode:              physical library
============================================================

 Instance  Module  Cell-Count  Cell-Area  Net-Area   Total-Area 
----------------------------------------------------------------
alu_WIDTH8 NA             118    390.564   160.010      550.574 
============================================================
  Generated by:           Genus(TM) Synthesis Solution 23.12-s086_1
  Generated on:           Jan 30 2025  11:02:51 pm
  Module:                 alu_WIDTH16
  Technology libraries:   fast_vdd1v2 1.0
                          physical_cells 
                          fast_vdd1v2 1.0
                          physical_cells 
  Operating conditions:   PVT_1P32V_0C 
  Interconnect mode:      global
  Area mode:              physical library
============================================================

  Instance  Module  Cell-Count  Cell-Area  Net-Area   Total-Area 
-----------------------------------------------------------------
alu_WIDTH16 NA             288    769.842   374.188     1144.030 
============================================================
  Generated by:           Genus(TM) Synthesis Solution 23.12-s086_1
  Generated on:           Jan 30 2025  11:03:10 pm
  Module:                 alu_WIDTH32
  Technology libraries:   fast_vdd1v2 1.0
                          physical_cells 
                          fast_vdd1v2 1.0
                          physical_cells 
  Operating conditions:   PVT_1P32V_0C 
  Interconnect mode:      global
  Area mode:              physical library
============================================================

  Instance  Module  Cell-Count  Cell-Area  Net-Area   Total-Area 
-----------------------------------------------------------------
alu_WIDTH32 NA             554   1476.414   740.602     2217.016 
