Instance: /NanoCPU
Power Unit: mW
PDB Frames: /stim#0/frame#0
  -------------------------------------------------------------------------
    Category         Leakage     Internal    Switching        Total    Row%
  -------------------------------------------------------------------------
      memory     0.00000e+00  0.00000e+00  0.00000e+00  0.00000e+00   0.00%
    register     2.48989e-04  7.94431e-02  1.44740e-02  9.41661e-02  16.44%
       latch     0.00000e+00  0.00000e+00  0.00000e+00  0.00000e+00   0.00%
       logic     7.50023e-04  1.90141e-01  2.72303e-01  4.63194e-01  80.87%
        bbox     0.00000e+00  0.00000e+00  0.00000e+00  0.00000e+00   0.00%
       clock     1.86814e-05  1.18286e-02  3.56172e-03  1.54090e-02   2.69%
         pad     0.00000e+00  0.00000e+00  0.00000e+00  0.00000e+00   0.00%
          pm     0.00000e+00  0.00000e+00  0.00000e+00  0.00000e+00   0.00%
  -------------------------------------------------------------------------
    Subtotal     1.01769e-03  2.81413e-01  2.90338e-01  5.72769e-01 100.00%
  Percentage           0.18%       49.13%       50.69%      100.00% 100.00%
  -------------------------------------------------------------------------
Instance: /NanoCPU
Power Unit: mW
PDB Frames: /stim#0/frame#0
  -------------------------------------------------------------------------
    Category         Leakage     Internal    Switching        Total    Row%
  -------------------------------------------------------------------------
      memory     0.00000e+00  0.00000e+00  0.00000e+00  0.00000e+00   0.00%
    register     2.48989e-04  7.94431e-02  1.44740e-02  9.41661e-02  16.44%
       latch     0.00000e+00  0.00000e+00  0.00000e+00  0.00000e+00   0.00%
       logic     7.50023e-04  1.90141e-01  2.72303e-01  4.63194e-01  80.87%
        bbox     0.00000e+00  0.00000e+00  0.00000e+00  0.00000e+00   0.00%
       clock     1.86814e-05  1.18286e-02  3.56172e-03  1.54090e-02   2.69%
         pad     0.00000e+00  0.00000e+00  0.00000e+00  0.00000e+00   0.00%
          pm     0.00000e+00  0.00000e+00  0.00000e+00  0.00000e+00   0.00%
  -------------------------------------------------------------------------
    Subtotal     1.01769e-03  2.81413e-01  2.90338e-01  5.72769e-01 100.00%
  Percentage           0.18%       49.13%       50.69%      100.00% 100.00%
  -------------------------------------------------------------------------
