============================================================
  Generated by:           Genus(TM) Synthesis Solution 23.12-s086_1
  Generated on:           Apr 14 2025  03:49:49 pm
  Module:                 carry_select_adder_68810_32bits
  Operating conditions:   tt_025C_1v80 
  Interconnect mode:      global
  Area mode:              physical library
============================================================

Timing
-------
  Cost    Critical         Violating 
 Group   Path Slack  TNS     Paths   
-------------------------------------
default      3247.3   0.0          0 
-------------------------------------
Total                 0.0          0 

Instance Count
--------------
Leaf Instance Count             88 
Physical Instance count          0 
Sequential Instance Count        0 
Combinational Instance Count    88 
Hierarchical Instance Count      0 

Area
----
Cell Area                          888.352
Physical Cell Area                 0.000
Total Cell Area (Cell+Physical)    888.352
Net Area                           731.221
Total Area (Cell+Physical+Net)     1619.573

Max Fanout                         11 (n_180)
Min Fanout                         1 (A[6])
Average Fanout                     1.5
Terms to net ratio                 1.9034
Terms to instance ratio            3.8068
Runtime                            13.501483 seconds
Elapsed Runtime                    15 seconds
Genus peak memory usage            1922.81 
Innovus peak memory usage          no_value 
Hostname                           cadmicro-inf-el8-623207
