###############################################################
#  Generated by:      Cadence Innovus 23.32-s091_1
#  OS:                Linux x86_64(Host ID cadmicro-inf-el8-623207)
#  Generated on:      Mon Apr 14 14:32:05 2025
#  Design:            signal_32bits
#  Command:           report_timing > reports/report_timing.rpt
###############################################################
Path 1: MET Path Delay Check
Endpoint:   S[31] (^)
Beginpoint: A[0]  (^) triggered by  leading edge of '@'
Path Groups: {default}
Analysis View: default_emulate_view
- External Delay                0.000
+ Path Delay                    5.100
= Required Time                 5.100
- Arrival Time                  5.006
= Slack Time                    0.094
     Clock Rise Edge                      0.000
     + Input Delay                        0.000
     = Beginpoint Arrival Time            0.000
     +--------------------------------------------------------------------------------------------------------+ 
     |          Instance           |       Arc       |           Cell            | Delay | Arrival | Required | 
     |                             |                 |                           |       |  Time   |   Time   | 
     |-----------------------------+-----------------+---------------------------+-------+---------+----------| 
     |                             | A[0] ^          |                           |       |   0.000 |    0.094 | 
     | addinc_add_7_30_g2561       | A ^ -> Y v      | sky130_fd_sc_hd__clkinv_2 | 0.225 |   0.225 |    0.319 | 
     | addinc_add_7_30_g2528__5107 | B v -> Y ^      | sky130_fd_sc_hd__nor2_1   | 0.173 |   0.398 |    0.492 | 
     | addinc_add_7_30_g2457__4733 | B1 ^ -> Y v     | sky130_fd_sc_hd__a21oi_2  | 0.059 |   0.457 |    0.551 | 
     | addinc_add_7_30_g2449__5122 | A2 v -> Y ^     | sky130_fd_sc_hd__o21ai_2  | 0.200 |   0.657 |    0.751 | 
     | addinc_add_7_30_g2448__1705 | A ^ -> Y v      | sky130_fd_sc_hd__nand2_2  | 0.068 |   0.726 |    0.819 | 
     | addinc_add_7_30_g2446__1617 | A v -> Y ^      | sky130_fd_sc_hd__nand2_2  | 0.068 |   0.794 |    0.888 | 
     | addinc_add_7_30_g2445__3680 | A ^ -> Y v      | sky130_fd_sc_hd__nand2_1  | 0.067 |   0.861 |    0.955 | 
     | addinc_add_7_30_g2443__5526 | A v -> Y ^      | sky130_fd_sc_hd__nand2_2  | 0.067 |   0.929 |    1.022 | 
     | addinc_add_7_30_g2442__8428 | A ^ -> Y v      | sky130_fd_sc_hd__nand2_1  | 0.067 |   0.996 |    1.090 | 
     | addinc_add_7_30_g2440__6260 | A v -> Y ^      | sky130_fd_sc_hd__nand2_2  | 0.071 |   1.067 |    1.160 | 
     | addinc_add_7_30_g2438__2398 | A1 ^ -> X ^     | sky130_fd_sc_hd__a21o_1   | 0.146 |   1.212 |    1.306 | 
     | addinc_add_7_30_g2437__5477 | A ^ -> Y v      | sky130_fd_sc_hd__nand2_1  | 0.053 |   1.265 |    1.359 | 
     | addinc_add_7_30_g2435__7410 | A v -> Y ^      | sky130_fd_sc_hd__nand2_1  | 0.082 |   1.347 |    1.441 | 
     | addinc_add_7_30_g2434__1666 | A ^ -> Y v      | sky130_fd_sc_hd__nand2_1  | 0.064 |   1.411 |    1.505 | 
     | addinc_add_7_30_g2432__2883 | A v -> Y ^      | sky130_fd_sc_hd__nand2_1  | 0.113 |   1.524 |    1.618 | 
     | addinc_add_7_30_g2429__6161 | A1 ^ -> Y v     | sky130_fd_sc_hd__a31oi_1  | 0.130 |   1.654 |    1.748 | 
     | addinc_add_7_30_g2426__5115 | A2 v -> Y ^     | sky130_fd_sc_hd__o21ai_1  | 0.213 |   1.867 |    1.961 | 
     | addinc_add_7_30_g2425__1881 | A ^ -> Y v      | sky130_fd_sc_hd__nand2_1  | 0.076 |   1.943 |    2.037 | 
     | addinc_add_7_30_g2423__7098 | A v -> Y ^      | sky130_fd_sc_hd__nand2_1  | 0.096 |   2.039 |    2.133 | 
     | addinc_add_7_30_g2422__8246 | A ^ -> Y v      | sky130_fd_sc_hd__nand2_1  | 0.063 |   2.103 |    2.196 | 
     | addinc_add_7_30_g2420__1705 | A v -> Y ^      | sky130_fd_sc_hd__nand2_1  | 0.090 |   2.193 |    2.286 | 
     | addinc_add_7_30_g2418__1617 | A1 ^ -> X ^     | sky130_fd_sc_hd__a21o_1   | 0.125 |   2.318 |    2.411 | 
     | addinc_add_7_30_g2417__3680 | CI ^ -> COUT ^  | sky130_fd_sc_hd__fah_1    | 0.209 |   2.526 |    2.620 | 
     | addinc_add_7_30_g2415__5526 | A1 ^ -> X ^     | sky130_fd_sc_hd__a21bo_2  | 0.167 |   2.694 |    2.787 | 
     | addinc_add_7_30_g2414       | A ^ -> Y v      | sky130_fd_sc_hd__inv_2    | 0.040 |   2.734 |    2.827 | 
     | addinc_add_7_30_g2413__8428 | C v -> Y ^      | sky130_fd_sc_hd__nor3_1   | 0.208 |   2.941 |    3.035 | 
     | addinc_add_7_30_g2409__2398 | A1 ^ -> X ^     | sky130_fd_sc_hd__a21o_1   | 0.225 |   3.166 |    3.260 | 
     | addinc_add_7_30_g2400__9315 | A1 ^ -> Y v     | sky130_fd_sc_hd__a31oi_1  | 0.148 |   3.315 |    3.408 | 
     | addinc_add_7_30_g2390__1705 | A4 v -> X v     | sky130_fd_sc_hd__o41a_1   | 0.369 |   3.683 |    3.777 | 
     | addinc_add_7_30_g2387__3680 | A2 v -> Y ^     | sky130_fd_sc_hd__o21ai_1  | 0.201 |   3.885 |    3.978 | 
     | addinc_add_7_30_g2386__6783 | A ^ -> Y v      | sky130_fd_sc_hd__nand2_1  | 0.081 |   3.966 |    4.060 | 
     | addinc_add_7_30_g2384__8428 | A v -> Y ^      | sky130_fd_sc_hd__nand2_1  | 0.090 |   4.056 |    4.150 | 
     | addinc_add_7_30_g2383       | A ^ -> Y v      | sky130_fd_sc_hd__clkinv_1 | 0.082 |   4.138 |    4.232 | 
     | addinc_add_7_30_g2381__6260 | A2 v -> Y ^     | sky130_fd_sc_hd__o21ai_1  | 0.159 |   4.297 |    4.391 | 
     | addinc_add_7_30_g2380__5107 | CIN ^ -> COUT ^ | sky130_fd_sc_hd__fa_2     | 0.217 |   4.514 |    4.608 | 
     | addinc_add_7_30_g2379__2398 | CI ^ -> SUM ^   | sky130_fd_sc_hd__fah_1    | 0.491 |   5.006 |    5.099 | 
     |                             | S[31] ^         |                           | 0.001 |   5.006 |    5.100 | 
     +--------------------------------------------------------------------------------------------------------+ 

