============================================================
  Generated by:           Genus(TM) Synthesis Solution 23.12-s086_1
  Generated on:           Apr 11 2025  02:44:02 pm
  Module:                 kogge_stone_32bits
  Operating conditions:   tt_025C_1v80 
  Interconnect mode:      global
  Area mode:              physical library
============================================================


Path 1: VIOLATED (-53 ps) Path Delay Check
     Startpoint: (F) A[18]
       Endpoint: (F) S[29]

                   Capture    Launch  
      Path Delay:+    1560         -  
      Drv Adjust:+       0         0  
         Arrival:=    1560            
                                      
   Required Time:=    1560            
       Data Path:-    1613            
           Slack:=     -53            

Exceptions/Constraints:
  max_delay             1560            constraints.sdc_line_1 

#-------------------------------------------------------------------------------------------------------------------------------
#             Timing Point               Flags   Arc   Edge           Cell             Fanout Load Trans Delay Arrival Instance 
#                                                                                             (fF)  (ps)  (ps)   (ps)  Location 
#-------------------------------------------------------------------------------------------------------------------------------
  A[18]                                  -       -     F     (arrival)                      2 12.9  1000     0       0    (-,-) 
  g140/X                                 -       A->X  F     sky130_fd_sc_hd__buf_8         2 19.8    55   424     424    (-,-) 
  GENERATE_PROPAGATE[18].PROPAGATE/g25/Y -       A->Y  R     sky130_fd_sc_hd__clkinv_4      1 10.1    31    51     475    (-,-) 
  GENERATE_PROPAGATE[18].PROPAGATE/g23/Y -       A->Y  F     sky130_fd_sc_hd__nand2_4       1  9.7    34    40     515    (-,-) 
  GENERATE_PROPAGATE[18].PROPAGATE/g22/Y -       B->Y  R     sky130_fd_sc_hd__nand2_4       4 21.2    82    87     602    (-,-) 
  LEVEL_1[18].B1/PROPAGATE/g12__8246/Y   -       A->Y  F     sky130_fd_sc_hd__nand2_2       1  6.1    42    57     659    (-,-) 
  LEVEL_1[18].B1/PROPAGATE/g11/Y         -       A->Y  R     sky130_fd_sc_hd__clkinv_2      3 11.9    50    59     718    (-,-) 
  LEVEL_2[20].B3/PROPAGATE/g11__8246/X   -       A->X  R     sky130_fd_sc_hd__and2_4        3 11.9    56   146     864    (-,-) 
  LEVEL_3[20].B7/PROPAGATE/g11__6260/X   -       A->X  R     sky130_fd_sc_hd__and2_4        3  9.7    50   143    1006    (-,-) 
  LEVEL_4[28].B15/PROPAGATE/g11__1881/X  -       A->X  R     sky130_fd_sc_hd__and2_4        2  6.7    42   133    1140    (-,-) 
  LEVEL_5[28].B17/PROPAGATE/g11__5107/X  -       A->X  R     sky130_fd_sc_hd__and2_4        1  5.9    40   128    1268    (-,-) 
  C28/g2__5107/Y                         -       A->Y  F     sky130_fd_sc_hd__nand2_2       1  5.6    67    44    1312    (-,-) 
  C28/g19__2398/Y                        -       A->Y  R     sky130_fd_sc_hd__nand2_2       2 11.1    77    87    1399    (-,-) 
  S29/g28/Y                              -       A->Y  F     sky130_fd_sc_hd__inv_2         1  9.6    33    48    1447    (-,-) 
  S29/g26/Y                              -       A->Y  R     sky130_fd_sc_hd__nand2_4       1 19.4    78    74    1521    (-,-) 
  S29/g24/Y                              -       B->Y  F     sky130_fd_sc_hd__nand2_8       1 51.3    86    92    1612    (-,-) 
  S[29]                                  <<<     -     F     (port)                         -    -     -     0    1613    (-,-) 
#-------------------------------------------------------------------------------------------------------------------------------

