============================================================
  Generated by:           Genus(TM) Synthesis Solution 23.12-s086_1
  Generated on:           Apr 11 2025  02:24:46 pm
  Module:                 cla_16bits
  Operating conditions:   tt_025C_1v80 
  Interconnect mode:      global
  Area mode:              physical library
============================================================

Timing
-------
  Cost    Critical         Violating 
 Group   Path Slack  TNS     Paths   
-------------------------------------
default         0.5   0.0          0 
-------------------------------------
Total                 0.0          0 

Instance Count
--------------
Leaf Instance Count             215 
Physical Instance count           0 
Sequential Instance Count         0 
Combinational Instance Count    215 
Hierarchical Instance Count      72 

Area
----
Cell Area                          1390.083
Physical Cell Area                 0.000
Total Cell Area (Cell+Physical)    1390.083
Net Area                           1132.640
Total Area (Cell+Physical+Net)     2522.723

Max Fanout                         16 (n_5)
Min Fanout                         1 (C[0])
Average Fanout                     1.7
Terms to net ratio                 2.5121
Terms to instance ratio            2.8977
Runtime                            11.918542 seconds
Elapsed Runtime                    12 seconds
Genus peak memory usage            1890.24 
Innovus peak memory usage          no_value 
Hostname                           cadmicro-inf-el8-623207
