============================================================
  Generated by:           Genus(TM) Synthesis Solution 23.12-s086_1
  Generated on:           Apr 11 2025  02:24:46 pm
  Module:                 cla_16bits
  Operating conditions:   tt_025C_1v80 
  Interconnect mode:      global
  Area mode:              physical library
============================================================

             Instance                   Module      Cell-Count  Cell-Area  Net-Area   Total-Area 
-------------------------------------------------------------------------------------------------
cla_16bits                         NA                      215   1390.083  1132.640     2522.723 
  C0                               carry                     1      7.507     0.000        7.507 
  C1                               carry_97                  1      7.507     0.000        7.507 
  C10                              carry_88                  3     13.763     6.787       20.551 
  C11                              carry_87                  1      7.507     0.000        7.507 
  C12                              carry_86                  1      7.507     0.000        7.507 
  C13                              carry_85                  1      7.507     0.000        7.507 
  C14                              carry_84                  3     21.270     6.787       28.058 
  C15                              carry_83                  1      7.507     0.000        7.507 
  C2                               carry_96                  1      7.507     0.000        7.507 
  C3                               carry_95                  1      7.507     0.000        7.507 
  C4                               carry_94                  1      7.507     0.000        7.507 
  C5                               carry_93                  1      7.507     0.000        7.507 
  C6                               carry_92                  1      7.507     0.000        7.507 
  C7                               carry_91                  1      7.507     0.000        7.507 
  C8                               carry_90                  1      7.507     0.000        7.507 
  C9                               carry_89                  2     10.010     3.394       13.403 
  CLA1                             cla4x3                   11     83.830    16.969      100.799 
  CLA2                             cla4x3_104                9     52.550    15.141       67.692 
  CLA3                             cla4x3_103                7     51.299     5.047       56.346 
  CLA4                             cla4x3_102                6     41.290     0.000       41.290 
  CLA5                             cla4x3_101               10     68.816    13.575       82.391 
  CLA6                             cla4x3_100               12     77.574    20.362       97.937 
  CLA7                             cla4x3_99                 8     46.294     6.787       53.082 
  CLA8                             cla4x3_98                 9     51.299    10.181       61.480 
  GENERATE_PROPAGATE[0].GENERATE   generate_i                1      6.256     0.000        6.256 
  GENERATE_PROPAGATE[0].PROPAGATE  propagate_i               1      8.758     0.000        8.758 
  GENERATE_PROPAGATE[10].GENERATE  generate_i_110            1      6.256     0.000        6.256 
  GENERATE_PROPAGATE[10].PROPAGATE propagate_i_125           5     23.773    16.882       40.654 
  GENERATE_PROPAGATE[11].GENERATE  generate_i_109            1      6.256     0.000        6.256 
  GENERATE_PROPAGATE[11].PROPAGATE propagate_i_124           1      8.758     0.000        8.758 
  GENERATE_PROPAGATE[12].GENERATE  generate_i_108            1      6.256     0.000        6.256 
  GENERATE_PROPAGATE[12].PROPAGATE propagate_i_123           2     18.768     5.047       23.815 
  GENERATE_PROPAGATE[13].GENERATE  generate_i_107            1      6.256     0.000        6.256 
  GENERATE_PROPAGATE[13].PROPAGATE propagate_i_122           1      8.758     0.000        8.758 
  GENERATE_PROPAGATE[14].GENERATE  generate_i_106            1      6.256     0.000        6.256 
  GENERATE_PROPAGATE[14].PROPAGATE propagate_i_121           1      8.758     0.000        8.758 
  GENERATE_PROPAGATE[15].GENERATE  generate_i_105            1      6.256     0.000        6.256 
  GENERATE_PROPAGATE[15].PROPAGATE propagate_i_120           1      8.758     0.000        8.758 
  GENERATE_PROPAGATE[1].GENERATE   generate_i_119            3     11.261     6.787       18.048 
  GENERATE_PROPAGATE[1].PROPAGATE  propagate_i_134           5     31.280    13.575       44.855 
  GENERATE_PROPAGATE[2].GENERATE   generate_i_118            1      6.256     0.000        6.256 
  GENERATE_PROPAGATE[2].PROPAGATE  propagate_i_133           1     16.266     0.000       16.266 
  GENERATE_PROPAGATE[3].GENERATE   generate_i_117            1      6.256     0.000        6.256 
  GENERATE_PROPAGATE[3].PROPAGATE  propagate_i_132           5     26.275    16.882       43.157 
  GENERATE_PROPAGATE[4].GENERATE   generate_i_116            3     11.261     6.787       18.048 
  GENERATE_PROPAGATE[4].PROPAGATE  propagate_i_131           2     18.768     3.394       22.162 
  GENERATE_PROPAGATE[5].GENERATE   generate_i_115            1      6.256     0.000        6.256 
  GENERATE_PROPAGATE[5].PROPAGATE  propagate_i_130           5     21.270    13.575       34.845 
  GENERATE_PROPAGATE[6].GENERATE   generate_i_114            1      6.256     0.000        6.256 
  GENERATE_PROPAGATE[6].PROPAGATE  propagate_i_129           2     18.768     3.394       22.162 
  GENERATE_PROPAGATE[7].GENERATE   generate_i_113            1      6.256     0.000        6.256 
  GENERATE_PROPAGATE[7].PROPAGATE  propagate_i_128           1      8.758     0.000        8.758 
  GENERATE_PROPAGATE[8].GENERATE   generate_i_112            1      6.256     0.000        6.256 
  GENERATE_PROPAGATE[8].PROPAGATE  propagate_i_127           5     26.275    16.882       43.157 
  GENERATE_PROPAGATE[9].GENERATE   generate_i_111            1      6.256     0.000        6.256 
  GENERATE_PROPAGATE[9].PROPAGATE  propagate_i_126           4     32.531    10.181       42.712 
  S0                               soutput                   1      8.758     0.000        8.758 
  S1                               soutput_149               1      8.758     0.000        8.758 
  S10                              soutput_140               3     18.768     6.787       25.555 
  S11                              soutput_139               4     38.787    10.181       48.968 
  S12                              soutput_138               2     15.014     3.394       18.408 
  S13                              soutput_137               3     18.768     6.787       25.555 
  S14                              soutput_136               4     27.526    10.181       37.708 
  S15                              soutput_135               5     45.043    13.575       58.618 
  S2                               soutput_148               1      8.758     0.000        8.758 
  S3                               soutput_147               1      8.758     0.000        8.758 
  S4                               soutput_146               1     12.512     0.000       12.512 
  S5                               soutput_145               2     15.014     3.394       18.408 
  S6                               soutput_144               2     15.014     3.394       18.408 
  S7                               soutput_143               2     18.768     3.394       22.162 
  S8                               soutput_142               2     15.014     3.394       18.408 
  S9                               soutput_141               3     16.266     6.787       23.053 
