============================================================
  Generated by:           Genus(TM) Synthesis Solution 23.12-s086_1
  Generated on:           Mar 19 2025  04:21:47 pm
  Module:                 ripple_carry_adder_16bit
  Operating conditions:   PVT_1P1V_0C 
  Interconnect mode:      global
  Area mode:              physical library
============================================================

Timing
-------
  Cost    Critical         Violating 
 Group   Path Slack  TNS     Paths   
-------------------------------------
default      6660.9   0.0          0 
-------------------------------------
Total                 0.0          0 

Instance Count
--------------
Leaf Instance Count             16 
Physical Instance count          0 
Sequential Instance Count        0 
Combinational Instance Count    16 
Hierarchical Instance Count     16 

Area
----
Cell Area                          123.120
Physical Cell Area                 0.000
Total Cell Area (Cell+Physical)    123.120
Net Area                           47.439
Total Area (Cell+Physical+Net)     170.559

Max Fanout                         1 (carry[0])
Min Fanout                         1 (carry[0])
Average Fanout                     1.0
Terms to net ratio                 1.2344
Terms to instance ratio            4.9375
Runtime                            13.916146 seconds
Elapsed Runtime                    13 seconds
Genus peak memory usage            1940.85 
Innovus peak memory usage          no_value 
Hostname                           cadmicro-inf-el8-623207
