============================================================
  Generated by:           Genus(TM) Synthesis Solution 23.12-s086_1
  Generated on:           Apr 11 2025  03:48:42 pm
  Module:                 ladner_fischer_32bits
  Operating conditions:   tt_025C_1v80 
  Interconnect mode:      global
  Area mode:              physical library
============================================================


Path 1: MET (0 ps) Path Delay Check
     Startpoint: (F) B[13]
       Endpoint: (R) S[29]

                   Capture    Launch  
      Path Delay:+    1884         -  
      Drv Adjust:+       0         0  
         Arrival:=    1884            
                                      
   Required Time:=    1884            
       Data Path:-    1884            
           Slack:=       0            

Exceptions/Constraints:
  max_delay             1884            constraints.sdc_line_1 

#-------------------------------------------------------------------------------------------------------------------------------
#             Timing Point              Flags    Arc   Edge           Cell             Fanout Load Trans Delay Arrival Instance 
#                                                                                             (fF)  (ps)  (ps)   (ps)  Location 
#-------------------------------------------------------------------------------------------------------------------------------
  B[13]                                 -       -      F     (arrival)                      1  3.3  1000     0       0    (-,-) 
  g50/X                                 -       A->X   F     sky130_fd_sc_hd__clkbuf_1      2 12.1    92   359     359    (-,-) 
  GENERATE_PROPAGATE[13].PROPAGATE/g2/X -       A->X   F     sky130_fd_sc_hd__xor2_2        3  9.0    74   200     558    (-,-) 
  LEVEL_1[13].B1/GENERATE/g13__5526/X   -       A1->X  F     sky130_fd_sc_hd__a21o_1        2  6.4    50   179     738    (-,-) 
  LEVEL_2[15].B2/GENERATE/g13__5526/X   -       A1->X  F     sky130_fd_sc_hd__a21o_1        1  2.6    33   150     888    (-,-) 
  LEVEL_3[15].B3/GENERATE/g2__2346/Y    -       A_N->Y F     sky130_fd_sc_hd__nand2b_1      1  5.6    61   148    1036    (-,-) 
  LEVEL_4[31].B6/GENERATE/g15/Y         -       A->Y   R     sky130_fd_sc_hd__inv_2         1 10.1    55    71    1106    (-,-) 
  LEVEL_4[31].B6/GENERATE/g13__7410/Y   -       A->Y   F     sky130_fd_sc_hd__nand2_4      10 29.6    73    78    1184    (-,-) 
  LEVEL_5[27].B7/GENERATE/g20__5115/Y   -       A->Y   R     sky130_fd_sc_hd__nand2_1       1 10.6   112   115    1299    (-,-) 
  LEVEL_5[27].B7/GENERATE/g19__1881/Y   -       B->Y   F     sky130_fd_sc_hd__nand2b_4      2  6.4    39    60    1360    (-,-) 
  LEVEL_6[28].B8/GENERATE/g20__6417/Y   -       A->Y   R     sky130_fd_sc_hd__nand2_1       1  3.8    59    57    1417    (-,-) 
  LEVEL_6[28].B8/GENERATE/g2__5477/Y    -       B->Y   F     sky130_fd_sc_hd__nand2b_1      1  5.6    61    69    1486    (-,-) 
  C28/g21/Y                             -       A->Y   R     sky130_fd_sc_hd__inv_2         1  5.9    38    57    1543    (-,-) 
  C28/g19__1617/Y                       -       A->Y   F     sky130_fd_sc_hd__nand2_2       2  6.5    40    46    1589    (-,-) 
  S29/g17__7482/Y                       -       A_N->Y F     sky130_fd_sc_hd__nand2b_4      1  9.7    48   142    1731    (-,-) 
  S29/g15__1881/Y                       -       B->Y   R     sky130_fd_sc_hd__nand2_4       1 51.3   165   152    1883    (-,-) 
  S[29]                                 <<<     -      R     (port)                         -    -     -     0    1884    (-,-) 
#-------------------------------------------------------------------------------------------------------------------------------

