###############################################################
#  Generated by:      Cadence Innovus 23.32-s091_1
#  OS:                Linux x86_64(Host ID cadmicro-inf-el8-623207)
#  Generated on:      Fri Apr 11 14:49:59 2025
#  Design:            kogge_stone_32bits
#  Command:           report_timing > reports/report_timing.rpt
###############################################################
Path 1: VIOLATED Path Delay Check
Endpoint:   S[18] (v)
Beginpoint: B[11] (v) triggered by  leading edge of '@'
Path Groups: {default}
Analysis View: default_emulate_view
- External Delay                0.000
+ Path Delay                    1.614
= Required Time                 1.614
- Arrival Time                  1.635
= Slack Time                   -0.021
     Clock Rise Edge                      0.000
     + Input Delay                        0.000
     = Beginpoint Arrival Time            0.000
     +-------------------------------------------------------------------------------------------------------------+ 
     |              Instance               |     Arc      |           Cell            | Delay | Arrival | Required | 
     |                                     |              |                           |       |  Time   |   Time   | 
     |-------------------------------------+--------------+---------------------------+-------+---------+----------| 
     |                                     | B[11] v      |                           |       |   0.000 |   -0.021 | 
     | GENERATE_PROPAGATE[11].PROPAGATE/g3 | A_N v -> Y v | sky130_fd_sc_hd__nand2b_4 | 0.438 |   0.438 |    0.416 | 
     | GENERATE_PROPAGATE[11].PROPAGATE/g2 | A v -> Y ^   | sky130_fd_sc_hd__nand2_4  | 0.124 |   0.562 |    0.541 | 
     | LEVEL_1[11].B1/PROPAGATE/g12__7098  | A ^ -> Y v   | sky130_fd_sc_hd__nand2_2  | 0.057 |   0.619 |    0.598 | 
     | LEVEL_1[11].B1/PROPAGATE/g11        | A v -> Y ^   | sky130_fd_sc_hd__clkinv_2 | 0.065 |   0.684 |    0.662 | 
     | LEVEL_2[13].B3/PROPAGATE/g12__6260  | A ^ -> Y v   | sky130_fd_sc_hd__nand2_2  | 0.049 |   0.732 |    0.711 | 
     | LEVEL_2[13].B3/PROPAGATE/g11        | A v -> Y ^   | sky130_fd_sc_hd__clkinv_2 | 0.054 |   0.786 |    0.765 | 
     | LEVEL_3[17].B7/PROPAGATE/g11__4319  | B ^ -> X ^   | sky130_fd_sc_hd__and2_4   | 0.148 |   0.934 |    0.912 | 
     | LEVEL_4[17].B15/PROPAGATE/g11__9945 | B ^ -> X ^   | sky130_fd_sc_hd__and2_4   | 0.154 |   1.088 |    1.066 | 
     | LEVEL_5[17].B17/PROPAGATE/g11__4319 | A ^ -> X ^   | sky130_fd_sc_hd__and2_4   | 0.157 |   1.245 |    1.223 | 
     | C17/g20__5526                       | A ^ -> Y v   | sky130_fd_sc_hd__nand2_4  | 0.050 |   1.295 |    1.274 | 
     | C17/g19__8428                       | B v -> Y ^   | sky130_fd_sc_hd__nand2_4  | 0.138 |   1.433 |    1.412 | 
     | S18/g26                             | A ^ -> Y v   | sky130_fd_sc_hd__inv_4    | 0.041 |   1.474 |    1.453 | 
     | S18/g25                             | A v -> Y ^   | sky130_fd_sc_hd__nand2_4  | 0.070 |   1.544 |    1.523 | 
     | S18/g23                             | A ^ -> Y v   | sky130_fd_sc_hd__nand2_8  | 0.090 |   1.634 |    1.613 | 
     |                                     | S[18] v      |                           | 0.001 |   1.635 |    1.614 | 
     +-------------------------------------------------------------------------------------------------------------+ 

