============================================================
  Generated by:           Genus(TM) Synthesis Solution 23.12-s086_1
  Generated on:           Jan 30 2025  11:04:02 pm
  Module:                 alu_WIDTH32
  Technology libraries:   fast_vdd1v2 1.0
                          physical_cells 
                          fast_vdd1v2 1.0
                          physical_cells 
  Operating conditions:   PVT_1P32V_0C 
  Interconnect mode:      global
  Area mode:              physical library
============================================================

                                  
    Gate      Instances    Area       Library    
-------------------------------------------------
AND2X1LVT            15    20.520    fast_vdd1v2 
AND2X2LVT             1     1.710    fast_vdd1v2 
AND2X4LVT             1     2.736    fast_vdd1v2 
AND3XLLVT             1     2.052    fast_vdd1v2 
AO21X1LVT             4     9.576    fast_vdd1v2 
AOI211X1LVT           3     7.182    fast_vdd1v2 
AOI211X2LVT           1     3.420    fast_vdd1v2 
AOI211X4LVT           2    12.996    fast_vdd1v2 
AOI21X1LVT           20    34.200    fast_vdd1v2 
AOI21X2LVT           18    49.248    fast_vdd1v2 
AOI21X4LVT           20   102.600    fast_vdd1v2 
AOI221X1LVT          26    62.244    fast_vdd1v2 
AOI221X2LVT           3    13.338    fast_vdd1v2 
AOI221X4LVT           1     7.866    fast_vdd1v2 
AOI222X1LVT           3     9.234    fast_vdd1v2 
AOI22X1LVT            4     8.208    fast_vdd1v2 
AOI22X2LVT            7    26.334    fast_vdd1v2 
AOI2BB1X1LVT          3     6.156    fast_vdd1v2 
AOI2BB1X2LVT          2     6.156    fast_vdd1v2 
AOI2BB1X4LVT          2     8.208    fast_vdd1v2 
AOI2BB2X4LVT          1     7.524    fast_vdd1v2 
AOI31X1LVT            3     6.156    fast_vdd1v2 
AOI32X1LVT            3     7.182    fast_vdd1v2 
BUFX2LVT              4     6.840    fast_vdd1v2 
BUFX3LVT              2     4.104    fast_vdd1v2 
CLKAND2X2LVT          2     4.104    fast_vdd1v2 
CLKAND2X3LVT          4    12.312    fast_vdd1v2 
CLKAND2X6LVT          4    19.152    fast_vdd1v2 
CLKAND2X8LVT          1     5.814    fast_vdd1v2 
CLKINVX4LVT           6    10.260    fast_vdd1v2 
CLKINVX6LVT           3     7.182    fast_vdd1v2 
CLKINVX8LVT           1     3.078    fast_vdd1v2 
CLKXOR2X1LVT          3     8.208    fast_vdd1v2 
DFFRHQX1LVT          41   252.396    fast_vdd1v2 
DFFRHQX2LVT           2    15.732    fast_vdd1v2 
DFFRHQX4LVT          26   248.976    fast_vdd1v2 
DFFRX1LVT             6    41.040    fast_vdd1v2 
DFFRX2LVT            21   158.004    fast_vdd1v2 
DFFRX4LVT             8    76.608    fast_vdd1v2 
INVX1LVT             99    67.716    fast_vdd1v2 
INVX2LVT             27    27.702    fast_vdd1v2 
INVX3LVT              8    10.944    fast_vdd1v2 
INVX4LVT              1     1.710    fast_vdd1v2 
INVXLLVT              1     0.684    fast_vdd1v2 
MX2X1LVT              1     2.394    fast_vdd1v2 
MXI2X1LVT             2     5.472    fast_vdd1v2 
NAND2BX1LVT          16    21.888    fast_vdd1v2 
NAND2BX2LVT           8    19.152    fast_vdd1v2 
NAND2BX4LVT           3    11.286    fast_vdd1v2 
NAND2X1LVT           49    50.274    fast_vdd1v2 
NAND2X2LVT           34    58.140    fast_vdd1v2 
NAND2X4LVT           16    54.720    fast_vdd1v2 
NAND2X6LVT            2     9.576    fast_vdd1v2 
NAND2X8LVT            3    16.416    fast_vdd1v2 
NAND3BX2LVT           2     6.156    fast_vdd1v2 
NAND3BXLLVT           1     1.710    fast_vdd1v2 
NAND3X1LVT            2     3.420    fast_vdd1v2 
NAND3X2LVT            3     8.208    fast_vdd1v2 
NAND3X6LVT            1     7.182    fast_vdd1v2 
NOR2BX1LVT           18    24.624    fast_vdd1v2 
NOR2BX2LVT            9    24.624    fast_vdd1v2 
NOR2X1LVT            22    22.572    fast_vdd1v2 
NOR2X2LVT            35    59.850    fast_vdd1v2 
NOR2X4LVT            38   116.964    fast_vdd1v2 
NOR2X6LVT            11    45.144    fast_vdd1v2 
NOR2X8LVT             5    27.360    fast_vdd1v2 
NOR3BX1LVT            1     2.052    fast_vdd1v2 
NOR3BX2LVT            2     6.840    fast_vdd1v2 
NOR3BX4LVT            2    11.628    fast_vdd1v2 
NOR3X1LVT             5     8.550    fast_vdd1v2 
NOR3X2LVT             2     5.472    fast_vdd1v2 
NOR3X4LVT             2    10.260    fast_vdd1v2 
NOR4BX2LVT            1     4.788    fast_vdd1v2 
NOR4X2LVT             1     3.420    fast_vdd1v2 
OA21X1LVT             6    12.312    fast_vdd1v2 
OA21X4LVT             1     3.762    fast_vdd1v2 
OAI211X1LVT          16    27.360    fast_vdd1v2 
OAI211X2LVT           3    12.312    fast_vdd1v2 
OAI21X1LVT           11    18.810    fast_vdd1v2 
OAI21X2LVT           17    52.326    fast_vdd1v2 
OAI21X4LVT           16    76.608    fast_vdd1v2 
OAI221X1LVT           6    14.364    fast_vdd1v2 
OAI221X2LVT           6    28.728    fast_vdd1v2 
OAI221X4LVT           1     7.866    fast_vdd1v2 
OAI222X1LVT          21    57.456    fast_vdd1v2 
OAI22X1LVT            5    10.260    fast_vdd1v2 
OAI2BB1X1LVT          8    13.680    fast_vdd1v2 
OAI2BB1X4LVT          1     4.446    fast_vdd1v2 
OAI31X1LVT            3     6.156    fast_vdd1v2 
OAI31X4LVT            2    13.680    fast_vdd1v2 
OAI32X1LVT            2     4.788    fast_vdd1v2 
OR2X1LVT              4     5.472    fast_vdd1v2 
OR2X2LVT              2     3.420    fast_vdd1v2 
OR2X4LVT              2     5.472    fast_vdd1v2 
OR2X6LVT              4    15.048    fast_vdd1v2 
OR2X8LVT              1     4.446    fast_vdd1v2 
XNOR2X1LVT           24    57.456    fast_vdd1v2 
-------------------------------------------------
total               873  2503.782                


                                         
     Type      Instances   Area   Area % 
-----------------------------------------
sequential           104  792.756   31.7 
inverter             146  129.276    5.2 
buffer                 6   10.944    0.4 
logic                617 1570.806   62.7 
physical_cells         0    0.000    0.0 
-----------------------------------------
total                873 2503.782  100.0 

