Instance: /alu_WIDTH8
Power Unit: mW
PDB Frames: /stim#0/frame#0
  -------------------------------------------------------------------------
    Category         Leakage     Internal    Switching        Total    Row%
  -------------------------------------------------------------------------
      memory     0.00000e+00  0.00000e+00  0.00000e+00  0.00000e+00   0.00%
    register     1.45002e-04  7.14668e-01  2.24686e-01  9.39499e-01  59.53%
       latch     0.00000e+00  0.00000e+00  0.00000e+00  0.00000e+00   0.00%
       logic     1.46276e-04  2.31536e-01  3.56876e-01  5.88559e-01  37.29%
        bbox     0.00000e+00  0.00000e+00  0.00000e+00  0.00000e+00   0.00%
       clock     0.00000e+00  0.00000e+00  5.02314e-02  5.02314e-02   3.18%
         pad     0.00000e+00  0.00000e+00  0.00000e+00  0.00000e+00   0.00%
          pm     0.00000e+00  0.00000e+00  0.00000e+00  0.00000e+00   0.00%
  -------------------------------------------------------------------------
    Subtotal     2.91278e-04  9.46204e-01  6.31793e-01  1.57829e+00 100.00%
  Percentage           0.02%       59.95%       40.03%      100.00% 100.00%
  -------------------------------------------------------------------------
Instance: /alu_WIDTH16
Power Unit: mW
PDB Frames: /stim#0/frame#0
  -------------------------------------------------------------------------
    Category         Leakage     Internal    Switching        Total    Row%
  -------------------------------------------------------------------------
      memory     0.00000e+00  0.00000e+00  0.00000e+00  0.00000e+00   0.00%
    register     2.73350e-04  1.30144e+00  4.74704e-01  1.77642e+00  49.54%
       latch     0.00000e+00  0.00000e+00  0.00000e+00  0.00000e+00   0.00%
       logic     3.86574e-04  6.73290e-01  1.04747e+00  1.72115e+00  48.00%
        bbox     0.00000e+00  0.00000e+00  0.00000e+00  0.00000e+00   0.00%
       clock     0.00000e+00  0.00000e+00  8.79049e-02  8.79049e-02   2.45%
         pad     0.00000e+00  0.00000e+00  0.00000e+00  0.00000e+00   0.00%
          pm     0.00000e+00  0.00000e+00  0.00000e+00  0.00000e+00   0.00%
  -------------------------------------------------------------------------
    Subtotal     6.59924e-04  1.97473e+00  1.61008e+00  3.58547e+00  99.99%
  Percentage           0.02%       55.08%       44.91%      100.00% 100.00%
  -------------------------------------------------------------------------
Instance: /alu_WIDTH32
Power Unit: mW
PDB Frames: /stim#0/frame#0
  -------------------------------------------------------------------------
    Category         Leakage     Internal    Switching        Total    Row%
  -------------------------------------------------------------------------
      memory     0.00000e+00  0.00000e+00  0.00000e+00  0.00000e+00   0.00%
    register     5.19979e-04  2.52077e+00  9.75311e-01  3.49660e+00  42.43%
       latch     0.00000e+00  0.00000e+00  0.00000e+00  0.00000e+00   0.00%
       logic     1.05871e-03  1.89330e+00  2.68624e+00  4.58060e+00  55.59%
        bbox     0.00000e+00  0.00000e+00  0.00000e+00  0.00000e+00   0.00%
       clock     0.00000e+00  0.00000e+00  1.63252e-01  1.63252e-01   1.98%
         pad     0.00000e+00  0.00000e+00  0.00000e+00  0.00000e+00   0.00%
          pm     0.00000e+00  0.00000e+00  0.00000e+00  0.00000e+00   0.00%
  -------------------------------------------------------------------------
    Subtotal     1.57869e-03  4.41407e+00  3.82480e+00  8.24045e+00 100.00%
  Percentage           0.02%       53.57%       46.41%      100.00% 100.00%
  -------------------------------------------------------------------------
