###############################################################
#  Generated by:      Cadence Innovus 23.32-s091_1
#  OS:                Linux x86_64(Host ID cadmicro-inf-el8-623207)
#  Generated on:      Mon Apr 14 14:56:22 2025
#  Design:            signal_32bits
#  Command:           report_timing > reports/report_timing.rpt
###############################################################
Path 1: MET Path Delay Check
Endpoint:   S[30] (v)
Beginpoint: B[1]  (v) triggered by  leading edge of '@'
Path Groups: {default}
Analysis View: default_emulate_view
- External Delay                0.000
+ Path Delay                    3.300
= Required Time                 3.300
- Arrival Time                  3.296
= Slack Time                    0.004
     Clock Rise Edge                      0.000
     + Input Delay                        0.000
     = Beginpoint Arrival Time            0.000
     +------------------------------------------------------------------------------------------------------+ 
     |          Instance           |      Arc      |           Cell            | Delay | Arrival | Required | 
     |                             |               |                           |       |  Time   |   Time   | 
     |-----------------------------+---------------+---------------------------+-------+---------+----------| 
     |                             | B[1] v        |                           |       |   0.000 |    0.004 | 
     | g2                          | B v -> X v    | sky130_fd_sc_hd__or2_1    | 0.549 |   0.549 |    0.553 | 
     | addinc_add_7_30_g1237__4733 | B v -> Y ^    | sky130_fd_sc_hd__nand2_1  | 0.076 |   0.624 |    0.629 | 
     | addinc_add_7_30_g1235__5115 | A ^ -> Y v    | sky130_fd_sc_hd__nand2_1  | 0.076 |   0.700 |    0.705 | 
     | addinc_add_7_30_g1233__6131 | A v -> Y ^    | sky130_fd_sc_hd__nand2_1  | 0.087 |   0.787 |    0.792 | 
     | addinc_add_7_30_g1231__8246 | A ^ -> Y v    | sky130_fd_sc_hd__nand2_2  | 0.060 |   0.848 |    0.852 | 
     | addinc_add_7_30_g1230__5122 | A v -> Y ^    | sky130_fd_sc_hd__nand2_1  | 0.080 |   0.927 |    0.932 | 
     | addinc_add_7_30_g1228__2802 | A ^ -> Y v    | sky130_fd_sc_hd__nand2_2  | 0.070 |   0.997 |    1.001 | 
     | addinc_add_7_30_g1226__1617 | A v -> Y ^    | sky130_fd_sc_hd__nand2_1  | 0.068 |   1.065 |    1.069 | 
     | addinc_add_7_30_g1223__5526 | A ^ -> Y v    | sky130_fd_sc_hd__nand2_1  | 0.078 |   1.143 |    1.148 | 
     | addinc_add_7_30_g1222__8428 | A v -> Y ^    | sky130_fd_sc_hd__nand2_1  | 0.072 |   1.215 |    1.220 | 
     | addinc_add_7_30_g1220__6260 | A ^ -> Y v    | sky130_fd_sc_hd__nand2_1  | 0.077 |   1.293 |    1.297 | 
     | addinc_add_7_30_g1218__2398 | A v -> Y ^    | sky130_fd_sc_hd__nand2_1  | 0.076 |   1.369 |    1.373 | 
     | addinc_add_7_30_g1216__6417 | A ^ -> Y v    | sky130_fd_sc_hd__nand2_1  | 0.090 |   1.459 |    1.463 | 
     | addinc_add_7_30_g1210__9315 | A1 v -> Y ^   | sky130_fd_sc_hd__a41oi_2  | 0.186 |   1.645 |    1.650 | 
     | addinc_add_7_30_g1206__7482 | B ^ -> Y v    | sky130_fd_sc_hd__nor2_2   | 0.071 |   1.716 |    1.720 | 
     | addinc_add_7_30_g1202__7098 | A1 v -> X v   | sky130_fd_sc_hd__a21o_1   | 0.231 |   1.947 |    1.951 | 
     | addinc_add_7_30_g1194__6783 | A1 v -> Y ^   | sky130_fd_sc_hd__a31oi_2  | 0.187 |   2.134 |    2.138 | 
     | addinc_add_7_30_g1191__4319 | B ^ -> Y v    | sky130_fd_sc_hd__nor2_1   | 0.104 |   2.238 |    2.243 | 
     | addinc_add_7_30_g1185__7410 | A v -> Y ^    | sky130_fd_sc_hd__nand2_1  | 0.075 |   2.313 |    2.318 | 
     | addinc_add_7_30_g1180__9315 | C1 ^ -> X ^   | sky130_fd_sc_hd__o211a_2  | 0.181 |   2.495 |    2.499 | 
     | addinc_add_7_30_g1175__1881 | B ^ -> Y v    | sky130_fd_sc_hd__nor2_1   | 0.069 |   2.564 |    2.569 | 
     | addinc_add_7_30_g1165__6783 | A1 v -> Y ^   | sky130_fd_sc_hd__a21oi_1  | 0.215 |   2.779 |    2.783 | 
     | addinc_add_7_30_g1161__6260 | A2_N ^ -> X v | sky130_fd_sc_hd__a2bb2o_1 | 0.516 |   3.295 |    3.299 | 
     |                             | S[30] v       |                           | 0.001 |   3.296 |    3.300 | 
     +------------------------------------------------------------------------------------------------------+ 

