

================================================================
== Synthesis Summary Report of 'kernel'
================================================================
+ General Information: 
    * Date:           Mon Jan  6 16:50:51 2025
    * Version:        2023.2 (Build 4023990 on Oct 11 2023)
    * Project:        raiz
    * Solution:       solution1 (Vivado IP Flow Target)
    * Product family: artix7
    * Target device:  xc7a200t-fbg484-3
    

+ Performance & Resource Estimates: 
    
    PS: '+' for module; 'o' for loop; '*' for dataflow
    +--------------------+------+------+---------+--------+----------+---------+------+----------+------+----+----------+-----------+-----+
    |       Modules      | Issue|      | Latency | Latency| Iteration|         | Trip |          |      |    |          |           |     |
    |       & Loops      | Type | Slack| (cycles)|  (ns)  |  Latency | Interval| Count| Pipelined| BRAM | DSP|    FF    |    LUT    | URAM|
    +--------------------+------+------+---------+--------+----------+---------+------+----------+------+----+----------+-----------+-----+
    |+ kernel            |     -|  1.61|        -|       -|         -|        -|     -|        no|     -|   -|  98 (~0%)|  253 (~0%)|    -|
    | o VITIS_LOOP_25_1  |     -|  7.30|        -|       -|         1|        1|     -|       yes|     -|   -|         -|          -|    -|
    +--------------------+------+------+---------+--------+----------+---------+------+----------+------+----+----------+-----------+-----+


================================================================
== HW Interfaces
================================================================
* Other Ports
+-----------+---------+-----------+----------+
| Port      | Mode    | Direction | Bitwidth |
+-----------+---------+-----------+----------+
| ap_return |         | out       | 32       |
| input_r   | ap_none | in        | 32       |
+-----------+---------+-----------+----------+

* TOP LEVEL CONTROL
+-----------+------------+-----------------------------------+
| Interface | Type       | Ports                             |
+-----------+------------+-----------------------------------+
| ap_clk    | clock      | ap_clk                            |
| ap_rst    | reset      | ap_rst                            |
| ap_ctrl   | ap_ctrl_hs | ap_done ap_idle ap_ready ap_start |
+-----------+------------+-----------------------------------+


================================================================
== SW I/O Information
================================================================
* Top Function Arguments
+----------+-----------+--------------+
| Argument | Direction | Datatype     |
+----------+-----------+--------------+
| input    | in        | unsigned int |
| return   | out       | unsigned int |
+----------+-----------+--------------+

* SW-to-HW Mapping
+----------+--------------+---------+
| Argument | HW Interface | HW Type |
+----------+--------------+---------+
| input    | input_r      | port    |
| return   | ap_return    | port    |
+----------+--------------+---------+


================================================================
== M_AXI Burst Information
================================================================
 Note: All burst requests might be further partitioned into multiple requests during RTL generation based on max_read_burst_length or max_write_burst_length settings.


================================================================
== Bind Op Report
================================================================
+--------------------+-----+--------+----------+-----+--------+---------+
| Name               | DSP | Pragma | Variable | Op  | Impl   | Latency |
+--------------------+-----+--------+----------+-----+--------+---------+
| + kernel           | 0   |        |          |     |        |         |
|   root_1_fu_82_p2  |     |        | root_1   | add | fabric | 0       |
|   sum_2_3_fu_88_p2 |     |        | sum_2_3  | add | fabric | 0       |
+--------------------+-----+--------+----------+-----+--------+---------+


================================================================
== Storage Report
================================================================
  No bind storage info in design

================================================================
== Pragma Report
================================================================
* Ignored Pragmas
+-----------+------------------------------------------------+----------------------------+-----------------------------------------------------------------------+
| Type      | Options                                        | Location                   | Messages                                                              |
+-----------+------------------------------------------------+----------------------------+-----------------------------------------------------------------------+
| interface | m_axi port = input bundle = gmem0 depth = 4096 | raiz/raiz.cpp:20 in kernel | Unsupported interface port data type in '#pragma HLS interface m_axi' |
+-----------+------------------------------------------------+----------------------------+-----------------------------------------------------------------------+


