============================================================
  Generated by:           Genus(TM) Synthesis Solution 23.12-s086_1
  Generated on:           Apr 14 2025  02:29:43 pm
  Module:                 signal_32bits
  Operating conditions:   tt_025C_1v80 
  Interconnect mode:      global
  Area mode:              physical library
============================================================


Path 1: MET (0 ps) Path Delay Check
     Startpoint: (F) A[0]
       Endpoint: (R) S[31]

                   Capture    Launch  
      Path Delay:+    5200         -  
      Drv Adjust:+       0         0  
         Arrival:=    5200            
                                      
   Required Time:=    5200            
       Data Path:-    5200            
           Slack:=       0            

Exceptions/Constraints:
  max_delay             5200            constraints.sdc_line_1 

#------------------------------------------------------------------------------------------------------------------------------
#          Timing Point            Flags     Arc     Edge            Cell             Fanout Load Trans Delay Arrival Instance 
#                                                                                            (fF)  (ps)  (ps)   (ps)  Location 
#------------------------------------------------------------------------------------------------------------------------------
  A[0]                             -       -         F     (arrival)                       3 13.2  1000     0       0    (-,-) 
  addinc_add_7_30_g2497__5107/Y    -       A->Y      R     sky130_fd_sc_hd__nor2_2         1  3.8   196   326     326    (-,-) 
  addinc_add_7_30_g2457__6161/Y    -       B2->Y     F     sky130_fd_sc_hd__o2bb2ai_1      2  8.4    97   122     448    (-,-) 
  addinc_add_7_30_g2451__7098/Y    -       A->Y      R     sky130_fd_sc_hd__nand2_1        1  5.9    73    96     544    (-,-) 
  addinc_add_7_30_g2449__5122/Y    -       A->Y      F     sky130_fd_sc_hd__nand2_2        2  8.4    69    62     605    (-,-) 
  addinc_add_7_30_g2448__1705/Y    -       A->Y      R     sky130_fd_sc_hd__nand2_1        1  5.9    74    84     688    (-,-) 
  addinc_add_7_30_g2446__1617/Y    -       A->Y      F     sky130_fd_sc_hd__nand2_2        2  8.4    69    62     750    (-,-) 
  addinc_add_7_30_g2445__3680/Y    -       A->Y      R     sky130_fd_sc_hd__nand2_1        1  3.7    56    70     820    (-,-) 
  addinc_add_7_30_g2443__5526/Y    -       A->Y      F     sky130_fd_sc_hd__nand2_1        2  8.4    87    77     896    (-,-) 
  addinc_add_7_30_g2442__8428/Y    -       A->Y      R     sky130_fd_sc_hd__nand2_1        1  3.7    56    77     974    (-,-) 
  addinc_add_7_30_g2440__6260/Y    -       A->Y      F     sky130_fd_sc_hd__nand2_1        2  8.4    87    77    1051    (-,-) 
  addinc_add_7_30_g2439__5107/Y    -       A->Y      R     sky130_fd_sc_hd__nand2_1        1  3.7    56    77    1128    (-,-) 
  addinc_add_7_30_g2437__5477/Y    -       A->Y      F     sky130_fd_sc_hd__nand2_1        2  8.4    87    77    1205    (-,-) 
  addinc_add_7_30_g2436__6417/Y    -       A->Y      R     sky130_fd_sc_hd__nand2_1        1  3.7    56    77    1282    (-,-) 
  addinc_add_7_30_g2434__1666/Y    -       A->Y      F     sky130_fd_sc_hd__nand2_1        2  8.4    87    77    1359    (-,-) 
  addinc_add_7_30_g2432__2883/X    -       A1->X     F     sky130_fd_sc_hd__a21o_1         3 13.3    77   212    1571    (-,-) 
  addinc_add_7_30_g2429__6161/Y    -       A1->Y     R     sky130_fd_sc_hd__a31oi_2        2  9.0   191   180    1751    (-,-) 
  addinc_add_7_30_g2426__5115/Y    -       A2->Y     F     sky130_fd_sc_hd__o21ai_1        2  8.4   110   119    1870    (-,-) 
  addinc_add_7_30_g2424__6131/X    -       A1->X     F     sky130_fd_sc_hd__a21o_1         2  8.4    58   203    2073    (-,-) 
  g2560/X                          -       A1->X     F     sky130_fd_sc_hd__a21bo_1        2  8.4    60   194    2266    (-,-) 
  addinc_add_7_30_g2420__1705/Y    -       A->Y      R     sky130_fd_sc_hd__nand2_1        1  3.7    56    66    2332    (-,-) 
  addinc_add_7_30_g2418__1617/Y    -       A->Y      F     sky130_fd_sc_hd__nand2_1        1  3.6    59    52    2384    (-,-) 
  addinc_add_7_30_g2417__3680/COUT -       CI->COUT  F     sky130_fd_sc_hd__fah_1          2  8.4    83   279    2663    (-,-) 
  addinc_add_7_30_g2415__5526/X    -       A1->X     F     sky130_fd_sc_hd__a21bo_2        2 10.4    55   226    2889    (-,-) 
  addinc_add_7_30_g2414/Y          -       A->Y      R     sky130_fd_sc_hd__inv_2          2  7.0    41    58    2947    (-,-) 
  addinc_add_7_30_g2413__8428/Y    -       C->Y      F     sky130_fd_sc_hd__nor3_1         2  6.4   100    50    2998    (-,-) 
  addinc_add_7_30_g2409__2398/X    -       A1->X     F     sky130_fd_sc_hd__a21o_1         4 14.0    80   220    3217    (-,-) 
  addinc_add_7_30_g2400__9315/Y    -       A1->Y     R     sky130_fd_sc_hd__a31oi_1        3 11.1   301   258    3475    (-,-) 
  addinc_add_7_30_g2390__1705/X    -       A4->X     R     sky130_fd_sc_hd__o41a_1         2  9.0   115   214    3689    (-,-) 
  addinc_add_7_30_g2387__3680/Y    -       A2->Y     F     sky130_fd_sc_hd__o21ai_1        2  8.7   112   103    3793    (-,-) 
  g2/X                             -       A1->X     F     sky130_fd_sc_hd__a21bo_1        2  6.4    51   206    3998    (-,-) 
  addinc_add_7_30_g2383/Y          -       A->Y      R     sky130_fd_sc_hd__clkinv_1       2  6.5    45    59    4057    (-,-) 
  addinc_add_7_30_g2381__6260/Y    -       A2->Y     F     sky130_fd_sc_hd__o21ai_1        1  6.3    97    70    4127    (-,-) 
  addinc_add_7_30_g2380__5107/COUT -       CIN->COUT F     sky130_fd_sc_hd__fa_2           1  6.3    82   356    4484    (-,-) 
  addinc_add_7_30_g2379__2398/SUM  -       CIN->SUM  R     sky130_fd_sc_hd__fa_2           1 51.3   291   716    5200    (-,-) 
  S[31]                            <<<     -         R     (port)                          -    -     -     0    5200    (-,-) 
#------------------------------------------------------------------------------------------------------------------------------

