============================================================
  Generated by:           Genus(TM) Synthesis Solution 23.12-s086_1
  Generated on:           Apr 11 2025  02:22:05 pm
  Module:                 cla_32bits
  Operating conditions:   tt_025C_1v80 
  Interconnect mode:      global
  Area mode:              physical library
============================================================


Path 1: MET (0 ps) Path Delay Check
     Startpoint: (F) A[9]
       Endpoint: (F) S[26]

                   Capture    Launch  
      Path Delay:+    1954         -  
      Drv Adjust:+       0         0  
         Arrival:=    1954            
                                      
   Required Time:=    1954            
       Data Path:-    1954            
           Slack:=       0            

Exceptions/Constraints:
  max_delay             1954            constraints.sdc_line_1 

#------------------------------------------------------------------------------------------------------------------------------------
#                Timing Point                 Flags   Arc   Edge           Cell             Fanout Load Trans Delay Arrival Instance 
#                                                                                                  (fF)  (ps)  (ps)   (ps)  Location 
#------------------------------------------------------------------------------------------------------------------------------------
  A[9]                                        -       -     F     (arrival)                      1  3.3  1000     0       0    (-,-) 
  g22/X                                       -       A->X  F     sky130_fd_sc_hd__clkbuf_1      3 10.5    85   352     352    (-,-) 
  GENERATE_PROPAGATE[9].PROPAGATE/g29/Y       -       A->Y  R     sky130_fd_sc_hd__inv_2         1  3.7    34    58     410    (-,-) 
  GENERATE_PROPAGATE[9].PROPAGATE/g27__4319/Y -       B->Y  F     sky130_fd_sc_hd__nand2_1       1  5.5    65    59     468    (-,-) 
  GENERATE_PROPAGATE[9].PROPAGATE/g26__6260/Y -       B->Y  R     sky130_fd_sc_hd__nand2_2       4 15.2    97   109     578    (-,-) 
  CLA3/g2__5115/X                             -       C->X  R     sky130_fd_sc_hd__and4_4        4 12.0    74   245     823    (-,-) 
  CLA9/g388__5107/X                           -       A->X  R     sky130_fd_sc_hd__and2_4        1  5.9    40   140     962    (-,-) 
  CLA9/g359__2346/Y                           -       B->Y  F     sky130_fd_sc_hd__nand2_2       1  9.6    50    61    1024    (-,-) 
  CLA9/g355__6161/Y                           -       A->Y  R     sky130_fd_sc_hd__nand2_4       3 16.3    70    75    1098    (-,-) 
  CLA13/g354__6783/Y                          -       A->Y  F     sky130_fd_sc_hd__nand2_4       1  9.6    37    51    1149    (-,-) 
  CLA13/g352__8428/Y                          -       A->Y  R     sky130_fd_sc_hd__nand2_4       4 17.3    72    71    1220    (-,-) 
  CLA13/g3__2802/Y                            -       A->Y  F     sky130_fd_sc_hd__nand2_1       1  5.6    53    67    1288    (-,-) 
  CLA13/g2__1617/Y                            -       B->Y  R     sky130_fd_sc_hd__nand2b_2      2  9.1    70    83    1370    (-,-) 
  CLA14/g369__6161/Y                          -       A->Y  F     sky130_fd_sc_hd__nand2_2       1  5.6    38    52    1423    (-,-) 
  CLA14/g367__7482/Y                          -       A->Y  R     sky130_fd_sc_hd__nand2_2       3 12.1    82    78    1500    (-,-) 
  CLA14/g362__8246/Y                          -       A->Y  F     sky130_fd_sc_hd__nand2_1       1  3.6    43    59    1560    (-,-) 
  CLA14/g361__5122/Y                          -       A->Y  R     sky130_fd_sc_hd__nand2_1       1  5.9    71    72    1632    (-,-) 
  C25/g21/Y                                   -       A->Y  F     sky130_fd_sc_hd__inv_2         1  9.6    32    47    1679    (-,-) 
  C25/g19__5526/Y                             -       A->Y  R     sky130_fd_sc_hd__nand2_4       2 15.8    72    66    1744    (-,-) 
  S26/g19/Y                                   -       A->Y  F     sky130_fd_sc_hd__inv_2         1  9.6    32    47    1791    (-,-) 
  S26/g17__4733/Y                             -       A->Y  R     sky130_fd_sc_hd__nand2_4       1 18.7    79    72    1863    (-,-) 
  S26/g15__7482/Y                             -       A->Y  F     sky130_fd_sc_hd__nand2_8       1 51.3    82    90    1953    (-,-) 
  S[26]                                       <<<     -     F     (port)                         -    -     -     0    1954    (-,-) 
#------------------------------------------------------------------------------------------------------------------------------------

