============================================================
  Generated by:           Genus(TM) Synthesis Solution 23.12-s086_1
  Generated on:           Apr 11 2025  02:41:21 pm
  Module:                 kogge_stone_32bits
  Operating conditions:   tt_025C_1v80 
  Interconnect mode:      global
  Area mode:              physical library
============================================================

             Instance                    Module       Cell-Count  Cell-Area  Net-Area   Total-Area 
---------------------------------------------------------------------------------------------------
kogge_stone_32bits                 NA                       1151   8633.280  5175.023    13808.303 
  B10                              bolinha_674                 4     22.522     6.787       29.309 
    GENERATE                       generate_ij_864             3     13.763     6.787       20.551 
    PROPAGATE                      propagate_ij_1023           1      8.758     0.000        8.758 
  B11                              bolinha_673                 4     22.522     6.787       29.309 
    GENERATE                       generate_ij_863             3     13.763     6.787       20.551 
    PROPAGATE                      propagate_ij_1022           1      8.758     0.000        8.758 
  B12                              bolinha_672                 5     26.275    10.181       36.456 
    GENERATE                       generate_ij_862             3     16.266     6.787       23.053 
    PROPAGATE                      propagate_ij_1021           2     10.010     3.394       13.403 
  B13                              bolinha_671                 5     26.275    10.181       36.456 
    GENERATE                       generate_ij_861             3     16.266     6.787       23.053 
    PROPAGATE                      propagate_ij_1020           2     10.010     3.394       13.403 
  B14                              bolinha_670                 5     26.275    10.181       36.456 
    GENERATE                       generate_ij_860             3     16.266     6.787       23.053 
    PROPAGATE                      propagate_ij_1019           2     10.010     3.394       13.403 
  B16                              bolinha_652                 4     20.019     6.787       26.807 
    GENERATE                       generate_ij_842             3     13.763     6.787       20.551 
    PROPAGATE                      propagate_ij_1001           1      6.256     0.000        6.256 
  B2                               bolinha_734                 5     25.024    10.181       35.205 
    GENERATE                       generate_ij_924             3     16.266     6.787       23.053 
    PROPAGATE                      propagate_ij_1083           2      8.758     3.394       12.152 
  B4                               bolinha_704                 4     30.029     6.787       36.816 
    GENERATE                       generate_ij_894             3     21.270     6.787       28.058 
    PROPAGATE                      propagate_ij_1053           1      8.758     0.000        8.758 
  B5                               bolinha_703                 4     30.029     6.787       36.816 
    GENERATE                       generate_ij_893             3     21.270     6.787       28.058 
    PROPAGATE                      propagate_ij_1052           1      8.758     0.000        8.758 
  B6                               bolinha_702                 5     23.773    10.181       33.954 
    GENERATE                       generate_ij_892             3     16.266     6.787       23.053 
    PROPAGATE                      propagate_ij_1051           2      7.507     3.394       10.901 
  B8                               bolinha_676                 4     22.522     6.787       29.309 
    GENERATE                       generate_ij_866             3     13.763     6.787       20.551 
    PROPAGATE                      propagate_ij_1025           1      8.758     0.000        8.758 
  B9                               bolinha_675                 4     22.522     6.787       29.309 
    GENERATE                       generate_ij_865             3     13.763     6.787       20.551 
    PROPAGATE                      propagate_ij_1024           1      8.758     0.000        8.758 
  C0                               carry                       1      7.507     0.000        7.507 
  C1                               carry_795                   1      7.507     0.000        7.507 
  C10                              carry_786                   2     10.010     3.394       13.403 
  C11                              carry_785                   3     21.270     6.787       28.058 
  C12                              carry_784                   3     13.763     6.787       20.551 
  C13                              carry_783                   3     16.266     6.787       23.053 
  C14                              carry_782                   3     13.763     6.787       20.551 
  C15                              carry_781                   3     16.266     6.787       23.053 
  C16                              carry_780                   3     13.763     6.787       20.551 
  C17                              carry_779                   3     22.522     6.787       29.309 
  C18                              carry_778                   3     22.522     6.787       29.309 
  C19                              carry_777                   3     27.526     6.787       34.314 
  C2                               carry_794                   1      7.507     0.000        7.507 
  C20                              carry_776                   3     22.522     6.787       29.309 
  C21                              carry_775                   3     21.270     6.787       28.058 
  C22                              carry_774                   3     21.270     6.787       28.058 
  C23                              carry_773                   3     16.266     6.787       23.053 
  C24                              carry_772                   3     21.270     6.787       28.058 
  C25                              carry_771                   3     16.266     6.787       23.053 
  C26                              carry_770                   3     22.522     6.787       29.309 
  C27                              carry_769                   3     21.270     6.787       28.058 
  C28                              carry_768                   3     22.522     6.787       29.309 
  C29                              carry_767                   3     21.270     6.787       28.058 
  C3                               carry_793                   1      7.507     0.000        7.507 
  C30                              carry_766                   3     21.270     6.787       28.058 
  C31                              carry_765                   3     40.038     6.787       46.826 
  C4                               carry_792                   2     12.512     3.394       15.906 
  C5                               carry_791                   2     10.010     3.394       13.403 
  C6                               carry_790                   3     18.768     6.787       25.555 
  C7                               carry_789                   2     12.512     3.394       15.906 
  C8                               carry_788                   3     13.763     6.787       20.551 
  C9                               carry_787                   3     13.763     6.787       20.551 
  GENERATE_PROPAGATE[0].GENERATE   generate_i                  1      8.758     0.000        8.758 
  GENERATE_PROPAGATE[0].PROPAGATE  propagate_i                 5     21.270    13.575       34.845 
  GENERATE_PROPAGATE[10].GENERATE  generate_i_817              3     13.763     6.787       20.551 
  GENERATE_PROPAGATE[10].PROPAGATE propagate_i_976             5     56.304    13.575       69.879 
  GENERATE_PROPAGATE[11].GENERATE  generate_i_816              3     13.763     6.787       20.551 
  GENERATE_PROPAGATE[11].PROPAGATE propagate_i_975             5     56.304    13.575       69.879 
  GENERATE_PROPAGATE[12].GENERATE  generate_i_815              3     18.768     6.787       25.555 
  GENERATE_PROPAGATE[12].PROPAGATE propagate_i_974             5     56.304    13.575       69.879 
  GENERATE_PROPAGATE[13].GENERATE  generate_i_814              3     13.763     6.787       20.551 
  GENERATE_PROPAGATE[13].PROPAGATE propagate_i_973             5     56.304    13.575       69.879 
  GENERATE_PROPAGATE[14].GENERATE  generate_i_813              3     13.763     6.787       20.551 
  GENERATE_PROPAGATE[14].PROPAGATE propagate_i_972             5     47.546    13.575       61.121 
  GENERATE_PROPAGATE[15].GENERATE  generate_i_812              3     13.763     6.787       20.551 
  GENERATE_PROPAGATE[15].PROPAGATE propagate_i_971             5     56.304    13.575       69.879 
  GENERATE_PROPAGATE[16].GENERATE  generate_i_811              3     13.763     6.787       20.551 
  GENERATE_PROPAGATE[16].PROPAGATE propagate_i_970             5     56.304    13.575       69.879 
  GENERATE_PROPAGATE[17].GENERATE  generate_i_810              3     13.763     6.787       20.551 
  GENERATE_PROPAGATE[17].PROPAGATE propagate_i_969             5     56.304    13.575       69.879 
  GENERATE_PROPAGATE[18].GENERATE  generate_i_809              3     18.768     6.787       25.555 
  GENERATE_PROPAGATE[18].PROPAGATE propagate_i_968             5     60.058    13.575       73.633 
  GENERATE_PROPAGATE[19].GENERATE  generate_i_808              3     15.014     6.787       21.802 
  GENERATE_PROPAGATE[19].PROPAGATE propagate_i_967             5     56.304    13.575       69.879 
  GENERATE_PROPAGATE[1].GENERATE   generate_i_826              3     13.763     6.787       20.551 
  GENERATE_PROPAGATE[1].PROPAGATE  propagate_i_985             5     56.304    13.575       69.879 
  GENERATE_PROPAGATE[20].GENERATE  generate_i_807              3     11.261     6.787       18.048 
  GENERATE_PROPAGATE[20].PROPAGATE propagate_i_966             5     56.304    13.575       69.879 
  GENERATE_PROPAGATE[21].GENERATE  generate_i_806              3     15.014     6.787       21.802 
  GENERATE_PROPAGATE[21].PROPAGATE propagate_i_965             5     56.304    13.575       69.879 
  GENERATE_PROPAGATE[22].GENERATE  generate_i_805              3     15.014     6.787       21.802 
  GENERATE_PROPAGATE[22].PROPAGATE propagate_i_964             5     56.304    13.575       69.879 
  GENERATE_PROPAGATE[23].GENERATE  generate_i_804              3     15.014     6.787       21.802 
  GENERATE_PROPAGATE[23].PROPAGATE propagate_i_963             5     56.304    13.575       69.879 
  GENERATE_PROPAGATE[24].GENERATE  generate_i_803              3     11.261     6.787       18.048 
  GENERATE_PROPAGATE[24].PROPAGATE propagate_i_962             5     37.536    13.575       51.111 
  GENERATE_PROPAGATE[25].GENERATE  generate_i_802              3     11.261     6.787       18.048 
  GENERATE_PROPAGATE[25].PROPAGATE propagate_i_961             5     55.053    13.575       68.628 
  GENERATE_PROPAGATE[26].GENERATE  generate_i_801              3     11.261     6.787       18.048 
  GENERATE_PROPAGATE[26].PROPAGATE propagate_i_960             5     36.285    13.575       49.860 
  GENERATE_PROPAGATE[27].GENERATE  generate_i_800              3     11.261     6.787       18.048 
  GENERATE_PROPAGATE[27].PROPAGATE propagate_i_959             6     45.043    18.622       63.665 
  GENERATE_PROPAGATE[28].GENERATE  generate_i_799              3     11.261     6.787       18.048 
  GENERATE_PROPAGATE[28].PROPAGATE propagate_i_958             5     51.299    13.575       64.874 
  GENERATE_PROPAGATE[29].GENERATE  generate_i_798              3     11.261     6.787       18.048 
  GENERATE_PROPAGATE[29].PROPAGATE propagate_i_957             5     37.536    13.575       51.111 
  GENERATE_PROPAGATE[2].GENERATE   generate_i_825              3     13.763     6.787       20.551 
  GENERATE_PROPAGATE[2].PROPAGATE  propagate_i_984             5     56.304    13.575       69.879 
  GENERATE_PROPAGATE[30].GENERATE  generate_i_797              1      6.256     0.000        6.256 
  GENERATE_PROPAGATE[30].PROPAGATE propagate_i_956             5     21.270    13.575       34.845 
  GENERATE_PROPAGATE[31].GENERATE  generate_i_796              1      6.256     0.000        6.256 
  GENERATE_PROPAGATE[31].PROPAGATE propagate_i_955             1     16.266     0.000       16.266 
  GENERATE_PROPAGATE[3].GENERATE   generate_i_824              3     18.768     6.787       25.555 
  GENERATE_PROPAGATE[3].PROPAGATE  propagate_i_983             5     56.304    13.575       69.879 
  GENERATE_PROPAGATE[4].GENERATE   generate_i_823              3     11.261     6.787       18.048 
  GENERATE_PROPAGATE[4].PROPAGATE  propagate_i_982             5     56.304    13.575       69.879 
  GENERATE_PROPAGATE[5].GENERATE   generate_i_822              3     11.261     6.787       18.048 
  GENERATE_PROPAGATE[5].PROPAGATE  propagate_i_981             5     56.304    13.575       69.879 
  GENERATE_PROPAGATE[6].GENERATE   generate_i_821              3     13.763     6.787       20.551 
  GENERATE_PROPAGATE[6].PROPAGATE  propagate_i_980             5     56.304    13.575       69.879 
  GENERATE_PROPAGATE[7].GENERATE   generate_i_820              3     11.261     6.787       18.048 
  GENERATE_PROPAGATE[7].PROPAGATE  propagate_i_979             5     56.304    13.575       69.879 
  GENERATE_PROPAGATE[8].GENERATE   generate_i_819              3     13.763     6.787       20.551 
  GENERATE_PROPAGATE[8].PROPAGATE  propagate_i_978             5     56.304    13.575       69.879 
  GENERATE_PROPAGATE[9].GENERATE   generate_i_818              3     13.763     6.787       20.551 
  GENERATE_PROPAGATE[9].PROPAGATE  propagate_i_977             5     56.304    13.575       69.879 
  LEVEL_1[10].B1                   bolinha_756                 4     35.034     6.787       41.821 
    GENERATE                       generate_ij_946             2     15.014     3.394       18.408 
    PROPAGATE                      propagate_ij_1105           2     20.019     3.394       23.413 
  LEVEL_1[11].B1                   bolinha_755                 5     33.782    10.181       43.964 
    GENERATE                       generate_ij_945             3     13.763     6.787       20.551 
    PROPAGATE                      propagate_ij_1104           2     20.019     3.394       23.413 
  LEVEL_1[12].B1                   bolinha_754                 3     35.034     3.394       38.427 
    GENERATE                       generate_ij_944             1     15.014     0.000       15.014 
    PROPAGATE                      propagate_ij_1103           2     20.019     3.394       23.413 
  LEVEL_1[13].B1                   bolinha_753                 5     36.285    10.181       46.466 
    GENERATE                       generate_ij_943             3     16.266     6.787       23.053 
    PROPAGATE                      propagate_ij_1102           2     20.019     3.394       23.413 
  LEVEL_1[14].B1                   bolinha_752                 3     35.034     3.394       38.427 
    GENERATE                       generate_ij_942             1     15.014     0.000       15.014 
    PROPAGATE                      propagate_ij_1101           2     20.019     3.394       23.413 
  LEVEL_1[15].B1                   bolinha_751                 5     36.285    10.181       46.466 
    GENERATE                       generate_ij_941             3     16.266     6.787       23.053 
    PROPAGATE                      propagate_ij_1100           2     20.019     3.394       23.413 
  LEVEL_1[16].B1                   bolinha_750                 5     41.290    10.181       51.471 
    GENERATE                       generate_ij_940             3     21.270     6.787       28.058 
    PROPAGATE                      propagate_ij_1099           2     20.019     3.394       23.413 
  LEVEL_1[17].B1                   bolinha_749                 3     35.034     3.394       38.427 
    GENERATE                       generate_ij_939             1     15.014     0.000       15.014 
    PROPAGATE                      propagate_ij_1098           2     20.019     3.394       23.413 
  LEVEL_1[18].B1                   bolinha_748                 4     32.531     6.787       39.319 
    GENERATE                       generate_ij_938             2     15.014     3.394       18.408 
    PROPAGATE                      propagate_ij_1097           2     17.517     3.394       20.911 
  LEVEL_1[19].B1                   bolinha_747                 3     35.034     3.394       38.427 
    GENERATE                       generate_ij_937             1     15.014     0.000       15.014 
    PROPAGATE                      propagate_ij_1096           2     20.019     3.394       23.413 
  LEVEL_1[1].B1                    bolinha                     5     38.787    10.181       48.968 
    GENERATE                       generate_ij                 3     26.275     6.787       33.063 
    PROPAGATE                      propagate_ij                2     12.512     3.394       15.906 
  LEVEL_1[20].B1                   bolinha_746                 3     28.778     3.394       32.171 
    GENERATE                       generate_ij_936             1      8.758     0.000        8.758 
    PROPAGATE                      propagate_ij_1095           2     20.019     3.394       23.413 
  LEVEL_1[21].B1                   bolinha_745                 4     35.034     6.787       41.821 
    GENERATE                       generate_ij_935             2     15.014     3.394       18.408 
    PROPAGATE                      propagate_ij_1094           2     20.019     3.394       23.413 
  LEVEL_1[22].B1                   bolinha_744                 3     27.526     3.394       30.920 
    GENERATE                       generate_ij_934             1      7.507     0.000        7.507 
    PROPAGATE                      propagate_ij_1093           2     20.019     3.394       23.413 
  LEVEL_1[23].B1                   bolinha_743                 5     33.782    10.181       43.964 
    GENERATE                       generate_ij_933             3     13.763     6.787       20.551 
    PROPAGATE                      propagate_ij_1092           2     20.019     3.394       23.413 
  LEVEL_1[24].B1                   bolinha_742                 3     27.526     3.394       30.920 
    GENERATE                       generate_ij_932             1      7.507     0.000        7.507 
    PROPAGATE                      propagate_ij_1091           2     20.019     3.394       23.413 
  LEVEL_1[25].B1                   bolinha_741                 3     27.526     3.394       30.920 
    GENERATE                       generate_ij_931             1      7.507     0.000        7.507 
    PROPAGATE                      propagate_ij_1090           2     20.019     3.394       23.413 
  LEVEL_1[26].B1                   bolinha_740                 3     27.526     3.394       30.920 
    GENERATE                       generate_ij_930             1      7.507     0.000        7.507 
    PROPAGATE                      propagate_ij_1089           2     20.019     3.394       23.413 
  LEVEL_1[27].B1                   bolinha_739                 4     27.526     6.787       34.314 
    GENERATE                       generate_ij_929             2     10.010     3.394       13.403 
    PROPAGATE                      propagate_ij_1088           2     17.517     3.394       20.911 
  LEVEL_1[28].B1                   bolinha_738                 3     17.517     3.394       20.911 
    GENERATE                       generate_ij_928             1      7.507     0.000        7.507 
    PROPAGATE                      propagate_ij_1087           2     10.010     3.394       13.403 
  LEVEL_1[29].B1                   bolinha_737                 3     17.517     3.394       20.911 
    GENERATE                       generate_ij_927             1      7.507     0.000        7.507 
    PROPAGATE                      propagate_ij_1086           2     10.010     3.394       13.403 
  LEVEL_1[2].B1                    bolinha_764                 5     33.782    10.181       43.964 
    GENERATE                       generate_ij_954             3     16.266     6.787       23.053 
    PROPAGATE                      propagate_ij_1113           2     17.517     3.394       20.911 
  LEVEL_1[30].B1                   bolinha_736                 2     16.266     0.000       16.266 
    GENERATE                       generate_ij_926             1      7.507     0.000        7.507 
    PROPAGATE                      propagate_ij_1085           1      8.758     0.000        8.758 
  LEVEL_1[31].B1                   bolinha_735                 2     13.763     0.000       13.763 
    GENERATE                       generate_ij_925             1      7.507     0.000        7.507 
    PROPAGATE                      propagate_ij_1084           1      6.256     0.000        6.256 
  LEVEL_1[3].B1                    bolinha_763                 5     41.290    10.181       51.471 
    GENERATE                       generate_ij_953             3     21.270     6.787       28.058 
    PROPAGATE                      propagate_ij_1112           2     20.019     3.394       23.413 
  LEVEL_1[4].B1                    bolinha_762                 5     43.792    10.181       53.973 
    GENERATE                       generate_ij_952             3     26.275     6.787       33.063 
    PROPAGATE                      propagate_ij_1111           2     17.517     3.394       20.911 
  LEVEL_1[5].B1                    bolinha_761                 5     36.285    10.181       46.466 
    GENERATE                       generate_ij_951             3     16.266     6.787       23.053 
    PROPAGATE                      propagate_ij_1110           2     20.019     3.394       23.413 
  LEVEL_1[6].B1                    bolinha_760                 4     35.034     6.787       41.821 
    GENERATE                       generate_ij_950             2     15.014     3.394       18.408 
    PROPAGATE                      propagate_ij_1109           2     20.019     3.394       23.413 
  LEVEL_1[7].B1                    bolinha_759                 5     46.294    10.181       56.476 
    GENERATE                       generate_ij_949             3     26.275     6.787       33.063 
    PROPAGATE                      propagate_ij_1108           2     20.019     3.394       23.413 
  LEVEL_1[8].B1                    bolinha_758                 5     36.285    10.181       46.466 
    GENERATE                       generate_ij_948             3     16.266     6.787       23.053 
    PROPAGATE                      propagate_ij_1107           2     20.019     3.394       23.413 
  LEVEL_1[9].B1                    bolinha_757                 4     32.531     6.787       39.319 
    GENERATE                       generate_ij_947             2     15.014     3.394       18.408 
    PROPAGATE                      propagate_ij_1106           2     17.517     3.394       20.911 
  LEVEL_2[10].B3                   bolinha_726                 5     36.285    10.181       46.466 
    GENERATE                       generate_ij_916             3     16.266     6.787       23.053 
    PROPAGATE                      propagate_ij_1075           2     20.019     3.394       23.413 
  LEVEL_2[11].B3                   bolinha_725                 5     31.280    10.181       41.461 
    GENERATE                       generate_ij_915             3     16.266     6.787       23.053 
    PROPAGATE                      propagate_ij_1074           2     15.014     3.394       18.408 
  LEVEL_2[12].B3                   bolinha_724                 5     36.285    10.181       46.466 
    GENERATE                       generate_ij_914             3     16.266     6.787       23.053 
    PROPAGATE                      propagate_ij_1073           2     20.019     3.394       23.413 
  LEVEL_2[13].B3                   bolinha_723                 5     36.285    10.181       46.466 
    GENERATE                       generate_ij_913             3     16.266     6.787       23.053 
    PROPAGATE                      propagate_ij_1072           2     20.019     3.394       23.413 
  LEVEL_2[14].B3                   bolinha_722                 5     36.285    10.181       46.466 
    GENERATE                       generate_ij_912             3     16.266     6.787       23.053 
    PROPAGATE                      propagate_ij_1071           2     20.019     3.394       23.413 
  LEVEL_2[15].B3                   bolinha_721                 5     33.782    10.181       43.964 
    GENERATE                       generate_ij_911             3     13.763     6.787       20.551 
    PROPAGATE                      propagate_ij_1070           2     20.019     3.394       23.413 
  LEVEL_2[16].B3                   bolinha_720                 5     41.290    10.181       51.471 
    GENERATE                       generate_ij_910             3     21.270     6.787       28.058 
    PROPAGATE                      propagate_ij_1069           2     20.019     3.394       23.413 
  LEVEL_2[17].B3                   bolinha_719                 5     33.782    10.181       43.964 
    GENERATE                       generate_ij_909             3     13.763     6.787       20.551 
    PROPAGATE                      propagate_ij_1068           2     20.019     3.394       23.413 
  LEVEL_2[18].B3                   bolinha_718                 5     28.778    10.181       38.959 
    GENERATE                       generate_ij_908             3     13.763     6.787       20.551 
    PROPAGATE                      propagate_ij_1067           2     15.014     3.394       18.408 
  LEVEL_2[19].B3                   bolinha_717                 5     36.285    10.181       46.466 
    GENERATE                       generate_ij_907             3     16.266     6.787       23.053 
    PROPAGATE                      propagate_ij_1066           2     20.019     3.394       23.413 
  LEVEL_2[20].B3                   bolinha_716                 5     27.526    10.181       37.708 
    GENERATE                       generate_ij_906             3     16.266     6.787       23.053 
    PROPAGATE                      propagate_ij_1065           2     11.261     3.394       14.655 
  LEVEL_2[21].B3                   bolinha_715                 5     36.285    10.181       46.466 
    GENERATE                       generate_ij_905             3     16.266     6.787       23.053 
    PROPAGATE                      propagate_ij_1064           2     20.019     3.394       23.413 
  LEVEL_2[22].B3                   bolinha_714                 5     36.285    10.181       46.466 
    GENERATE                       generate_ij_904             3     16.266     6.787       23.053 
    PROPAGATE                      propagate_ij_1063           2     20.019     3.394       23.413 
  LEVEL_2[23].B3                   bolinha_713                 5     31.280    10.181       41.461 
    GENERATE                       generate_ij_903             3     13.763     6.787       20.551 
    PROPAGATE                      propagate_ij_1062           2     17.517     3.394       20.911 
  LEVEL_2[24].B3                   bolinha_712                 5     26.275    10.181       36.456 
    GENERATE                       generate_ij_902             3     16.266     6.787       23.053 
    PROPAGATE                      propagate_ij_1061           2     10.010     3.394       13.403 
  LEVEL_2[25].B3                   bolinha_711                 5     23.773    10.181       33.954 
    GENERATE                       generate_ij_901             3     13.763     6.787       20.551 
    PROPAGATE                      propagate_ij_1060           2     10.010     3.394       13.403 
  LEVEL_2[26].B3                   bolinha_710                 5     23.773    10.181       33.954 
    GENERATE                       generate_ij_900             3     13.763     6.787       20.551 
    PROPAGATE                      propagate_ij_1059           2     10.010     3.394       13.403 
  LEVEL_2[27].B3                   bolinha_709                 4     22.522     6.787       29.309 
    GENERATE                       generate_ij_899             3     13.763     6.787       20.551 
    PROPAGATE                      propagate_ij_1058           1      8.758     0.000        8.758 
  LEVEL_2[28].B3                   bolinha_708                 3     18.768     3.394       22.162 
    GENERATE                       generate_ij_898             2     10.010     3.394       13.403 
    PROPAGATE                      propagate_ij_1057           1      8.758     0.000        8.758 
  LEVEL_2[29].B3                   bolinha_707                 3     18.768     3.394       22.162 
    GENERATE                       generate_ij_897             2     10.010     3.394       13.403 
    PROPAGATE                      propagate_ij_1056           1      8.758     0.000        8.758 
  LEVEL_2[30].B3                   bolinha_706                 4     20.019     6.787       26.807 
    GENERATE                       generate_ij_896             2     10.010     3.394       13.403 
    PROPAGATE                      propagate_ij_1055           2     10.010     3.394       13.403 
  LEVEL_2[31].B3                   bolinha_705                 2     13.763     0.000       13.763 
    GENERATE                       generate_ij_895             1      7.507     0.000        7.507 
    PROPAGATE                      propagate_ij_1054           1      6.256     0.000        6.256 
  LEVEL_2[3].B3                    bolinha_733                 5     41.290    10.181       51.471 
    GENERATE                       generate_ij_923             3     21.270     6.787       28.058 
    PROPAGATE                      propagate_ij_1082           2     20.019     3.394       23.413 
  LEVEL_2[4].B3                    bolinha_732                 5     27.526    10.181       37.708 
    GENERATE                       generate_ij_922             3     16.266     6.787       23.053 
    PROPAGATE                      propagate_ij_1081           2     11.261     3.394       14.655 
  LEVEL_2[5].B3                    bolinha_731                 4     40.038     6.787       46.826 
    GENERATE                       generate_ij_921             2     20.019     3.394       23.413 
    PROPAGATE                      propagate_ij_1080           2     20.019     3.394       23.413 
  LEVEL_2[6].B3                    bolinha_730                 4     31.280     6.787       38.067 
    GENERATE                       generate_ij_920             2     20.019     3.394       23.413 
    PROPAGATE                      propagate_ij_1079           2     11.261     3.394       14.655 
  LEVEL_2[7].B3                    bolinha_729                 5     36.285    10.181       46.466 
    GENERATE                       generate_ij_919             3     16.266     6.787       23.053 
    PROPAGATE                      propagate_ij_1078           2     20.019     3.394       23.413 
  LEVEL_2[8].B3                    bolinha_728                 5     33.782    10.181       43.964 
    GENERATE                       generate_ij_918             3     13.763     6.787       20.551 
    PROPAGATE                      propagate_ij_1077           2     20.019     3.394       23.413 
  LEVEL_2[9].B3                    bolinha_727                 5     28.778    10.181       38.959 
    GENERATE                       generate_ij_917             3     13.763     6.787       20.551 
    PROPAGATE                      propagate_ij_1076           2     15.014     3.394       18.408 
  LEVEL_3[10].B7                   bolinha_698                 5     26.275    10.181       36.456 
    GENERATE                       generate_ij_888             3     16.266     6.787       23.053 
    PROPAGATE                      propagate_ij_1047           2     10.010     3.394       13.403 
  LEVEL_3[11].B7                   bolinha_697                 5     36.285    10.181       46.466 
    GENERATE                       generate_ij_887             3     16.266     6.787       23.053 
    PROPAGATE                      propagate_ij_1046           2     20.019     3.394       23.413 
  LEVEL_3[12].B7                   bolinha_696                 5     36.285    10.181       46.466 
    GENERATE                       generate_ij_886             3     16.266     6.787       23.053 
    PROPAGATE                      propagate_ij_1045           2     20.019     3.394       23.413 
  LEVEL_3[13].B7                   bolinha_695                 5     28.778    10.181       38.959 
    GENERATE                       generate_ij_885             3     16.266     6.787       23.053 
    PROPAGATE                      propagate_ij_1044           2     12.512     3.394       15.906 
  LEVEL_3[14].B7                   bolinha_694                 5     35.034    10.181       45.215 
    GENERATE                       generate_ij_884             3     17.517     6.787       24.304 
    PROPAGATE                      propagate_ij_1043           2     17.517     3.394       20.911 
  LEVEL_3[15].B7                   bolinha_693                 5     28.778    10.181       38.959 
    GENERATE                       generate_ij_883             3     16.266     6.787       23.053 
    PROPAGATE                      propagate_ij_1042           2     12.512     3.394       15.906 
  LEVEL_3[16].B7                   bolinha_692                 5     36.285    10.181       46.466 
    GENERATE                       generate_ij_882             3     16.266     6.787       23.053 
    PROPAGATE                      propagate_ij_1041           2     20.019     3.394       23.413 
  LEVEL_3[17].B7                   bolinha_691                 5     33.782    10.181       43.964 
    GENERATE                       generate_ij_881             3     13.763     6.787       20.551 
    PROPAGATE                      propagate_ij_1040           2     20.019     3.394       23.413 
  LEVEL_3[18].B7                   bolinha_690                 5     33.782    10.181       43.964 
    GENERATE                       generate_ij_880             3     16.266     6.787       23.053 
    PROPAGATE                      propagate_ij_1039           2     17.517     3.394       20.911 
  LEVEL_3[19].B7                   bolinha_689                 5     40.038    10.181       50.220 
    GENERATE                       generate_ij_879             3     22.522     6.787       29.309 
    PROPAGATE                      propagate_ij_1038           2     17.517     3.394       20.911 
  LEVEL_3[20].B7                   bolinha_688                 5     33.782    10.181       43.964 
    GENERATE                       generate_ij_878             3     21.270     6.787       28.058 
    PROPAGATE                      propagate_ij_1037           2     12.512     3.394       15.906 
  LEVEL_3[21].B7                   bolinha_687                 5     33.782    10.181       43.964 
    GENERATE                       generate_ij_877             3     16.266     6.787       23.053 
    PROPAGATE                      propagate_ij_1036           2     17.517     3.394       20.911 
  LEVEL_3[22].B7                   bolinha_686                 5     33.782    10.181       43.964 
    GENERATE                       generate_ij_876             3     16.266     6.787       23.053 
    PROPAGATE                      propagate_ij_1035           2     17.517     3.394       20.911 
  LEVEL_3[23].B7                   bolinha_685                 5     26.275    10.181       36.456 
    GENERATE                       generate_ij_875             3     16.266     6.787       23.053 
    PROPAGATE                      propagate_ij_1034           2     10.010     3.394       13.403 
  LEVEL_3[24].B7                   bolinha_684                 4     20.019     6.787       26.807 
    GENERATE                       generate_ij_874             3     11.261     6.787       18.048 
    PROPAGATE                      propagate_ij_1033           1      8.758     0.000        8.758 
  LEVEL_3[25].B7                   bolinha_683                 4     20.019     6.787       26.807 
    GENERATE                       generate_ij_873             3     11.261     6.787       18.048 
    PROPAGATE                      propagate_ij_1032           1      8.758     0.000        8.758 
  LEVEL_3[26].B7                   bolinha_682                 4     20.019     6.787       26.807 
    GENERATE                       generate_ij_872             3     11.261     6.787       18.048 
    PROPAGATE                      propagate_ij_1031           1      8.758     0.000        8.758 
  LEVEL_3[27].B7                   bolinha_681                 4     20.019     6.787       26.807 
    GENERATE                       generate_ij_871             3     11.261     6.787       18.048 
    PROPAGATE                      propagate_ij_1030           1      8.758     0.000        8.758 
  LEVEL_3[28].B7                   bolinha_680                 4     20.019     6.787       26.807 
    GENERATE                       generate_ij_870             3     11.261     6.787       18.048 
    PROPAGATE                      propagate_ij_1029           1      8.758     0.000        8.758 
  LEVEL_3[29].B7                   bolinha_679                 4     20.019     6.787       26.807 
    GENERATE                       generate_ij_869             3     11.261     6.787       18.048 
    PROPAGATE                      propagate_ij_1028           1      8.758     0.000        8.758 
  LEVEL_3[30].B7                   bolinha_678                 5     18.768    10.181       28.949 
    GENERATE                       generate_ij_868             3     11.261     6.787       18.048 
    PROPAGATE                      propagate_ij_1027           2      7.507     3.394       10.901 
  LEVEL_3[31].B7                   bolinha_677                 2     13.763     0.000       13.763 
    GENERATE                       generate_ij_867             1      7.507     0.000        7.507 
    PROPAGATE                      propagate_ij_1026           1      6.256     0.000        6.256 
  LEVEL_3[7].B7                    bolinha_701                 4     25.024     6.787       31.811 
    GENERATE                       generate_ij_891             3     16.266     6.787       23.053 
    PROPAGATE                      propagate_ij_1050           1      8.758     0.000        8.758 
  LEVEL_3[8].B7                    bolinha_700                 4     32.531     6.787       39.319 
    GENERATE                       generate_ij_890             2     20.019     3.394       23.413 
    PROPAGATE                      propagate_ij_1049           2     12.512     3.394       15.906 
  LEVEL_3[9].B7                    bolinha_699                 5     33.782    10.181       43.964 
    GENERATE                       generate_ij_889             3     21.270     6.787       28.058 
    PROPAGATE                      propagate_ij_1048           2     12.512     3.394       15.906 
  LEVEL_4[15].B15                  bolinha_669                 4     22.522     6.787       29.309 
    GENERATE                       generate_ij_859             3     13.763     6.787       20.551 
    PROPAGATE                      propagate_ij_1018           1      8.758     0.000        8.758 
  LEVEL_4[16].B15                  bolinha_668                 5     26.275    10.181       36.456 
    GENERATE                       generate_ij_858             3     16.266     6.787       23.053 
    PROPAGATE                      propagate_ij_1017           2     10.010     3.394       13.403 
  LEVEL_4[17].B15                  bolinha_667                 5     26.275    10.181       36.456 
    GENERATE                       generate_ij_857             3     16.266     6.787       23.053 
    PROPAGATE                      propagate_ij_1016           2     10.010     3.394       13.403 
  LEVEL_4[18].B15                  bolinha_666                 5     23.773    10.181       33.954 
    GENERATE                       generate_ij_856             3     13.763     6.787       20.551 
    PROPAGATE                      propagate_ij_1015           2     10.010     3.394       13.403 
  LEVEL_4[19].B15                  bolinha_665                 5     26.275    10.181       36.456 
    GENERATE                       generate_ij_855             3     16.266     6.787       23.053 
    PROPAGATE                      propagate_ij_1014           2     10.010     3.394       13.403 
  LEVEL_4[20].B15                  bolinha_664                 5     23.773    10.181       33.954 
    GENERATE                       generate_ij_854             3     13.763     6.787       20.551 
    PROPAGATE                      propagate_ij_1013           2     10.010     3.394       13.403 
  LEVEL_4[21].B15                  bolinha_663                 5     23.773    10.181       33.954 
    GENERATE                       generate_ij_853             3     13.763     6.787       20.551 
    PROPAGATE                      propagate_ij_1012           2     10.010     3.394       13.403 
  LEVEL_4[22].B15                  bolinha_662                 5     23.773    10.181       33.954 
    GENERATE                       generate_ij_852             3     13.763     6.787       20.551 
    PROPAGATE                      propagate_ij_1011           2     10.010     3.394       13.403 
  LEVEL_4[23].B15                  bolinha_661                 5     26.275    10.181       36.456 
    GENERATE                       generate_ij_851             3     16.266     6.787       23.053 
    PROPAGATE                      propagate_ij_1010           2     10.010     3.394       13.403 
  LEVEL_4[24].B15                  bolinha_660                 5     26.275    10.181       36.456 
    GENERATE                       generate_ij_850             3     16.266     6.787       23.053 
    PROPAGATE                      propagate_ij_1009           2     10.010     3.394       13.403 
  LEVEL_4[25].B15                  bolinha_659                 5     32.531    10.181       42.712 
    GENERATE                       generate_ij_849             3     17.517     6.787       24.304 
    PROPAGATE                      propagate_ij_1008           2     15.014     3.394       18.408 
  LEVEL_4[26].B15                  bolinha_658                 5     26.275    10.181       36.456 
    GENERATE                       generate_ij_848             3     16.266     6.787       23.053 
    PROPAGATE                      propagate_ij_1007           2     10.010     3.394       13.403 
  LEVEL_4[27].B15                  bolinha_657                 5     33.782    10.181       43.964 
    GENERATE                       generate_ij_847             3     16.266     6.787       23.053 
    PROPAGATE                      propagate_ij_1006           2     17.517     3.394       20.911 
  LEVEL_4[28].B15                  bolinha_656                 5     26.275    10.181       36.456 
    GENERATE                       generate_ij_846             3     16.266     6.787       23.053 
    PROPAGATE                      propagate_ij_1005           2     10.010     3.394       13.403 
  LEVEL_4[29].B15                  bolinha_655                 5     33.782    10.181       43.964 
    GENERATE                       generate_ij_845             3     16.266     6.787       23.053 
    PROPAGATE                      propagate_ij_1004           2     17.517     3.394       20.911 
  LEVEL_4[30].B15                  bolinha_654                 4     25.024     6.787       31.811 
    GENERATE                       generate_ij_844             3     16.266     6.787       23.053 
    PROPAGATE                      propagate_ij_1003           1      8.758     0.000        8.758 
  LEVEL_4[31].B15                  bolinha_653                 2     13.763     0.000       13.763 
    GENERATE                       generate_ij_843             1      7.507     0.000        7.507 
    PROPAGATE                      propagate_ij_1002           1      6.256     0.000        6.256 
  LEVEL_5[17].B17                  bolinha_651                 4     22.522     6.787       29.309 
    GENERATE                       generate_ij_841             3     13.763     6.787       20.551 
    PROPAGATE                      propagate_ij_1000           1      8.758     0.000        8.758 
  LEVEL_5[18].B17                  bolinha_650                 4     23.773     6.787       30.560 
    GENERATE                       generate_ij_840             3     15.014     6.787       21.802 
    PROPAGATE                      propagate_ij_999            1      8.758     0.000        8.758 
  LEVEL_5[19].B17                  bolinha_649                 4     22.522     6.787       29.309 
    GENERATE                       generate_ij_839             3     13.763     6.787       20.551 
    PROPAGATE                      propagate_ij_998            1      8.758     0.000        8.758 
  LEVEL_5[20].B17                  bolinha_648                 4     22.522     6.787       29.309 
    GENERATE                       generate_ij_838             3     13.763     6.787       20.551 
    PROPAGATE                      propagate_ij_997            1      8.758     0.000        8.758 
  LEVEL_5[21].B17                  bolinha_647                 4     23.773     6.787       30.560 
    GENERATE                       generate_ij_837             3     15.014     6.787       21.802 
    PROPAGATE                      propagate_ij_996            1      8.758     0.000        8.758 
  LEVEL_5[22].B17                  bolinha_646                 4     26.275     6.787       33.063 
    GENERATE                       generate_ij_836             3     17.517     6.787       24.304 
    PROPAGATE                      propagate_ij_995            1      8.758     0.000        8.758 
  LEVEL_5[23].B17                  bolinha_645                 5     26.275    10.181       36.456 
    GENERATE                       generate_ij_835             3     15.014     6.787       21.802 
    PROPAGATE                      propagate_ij_994            2     11.261     3.394       14.655 
  LEVEL_5[24].B17                  bolinha_644                 5     27.526    10.181       37.708 
    GENERATE                       generate_ij_834             3     17.517     6.787       24.304 
    PROPAGATE                      propagate_ij_993            2     10.010     3.394       13.403 
  LEVEL_5[25].B17                  bolinha_643                 5     27.526    10.181       37.708 
    GENERATE                       generate_ij_833             3     16.266     6.787       23.053 
    PROPAGATE                      propagate_ij_992            2     11.261     3.394       14.655 
  LEVEL_5[26].B17                  bolinha_642                 5     26.275    10.181       36.456 
    GENERATE                       generate_ij_832             3     16.266     6.787       23.053 
    PROPAGATE                      propagate_ij_991            2     10.010     3.394       13.403 
  LEVEL_5[27].B17                  bolinha_641                 5     26.275    10.181       36.456 
    GENERATE                       generate_ij_831             3     16.266     6.787       23.053 
    PROPAGATE                      propagate_ij_990            2     10.010     3.394       13.403 
  LEVEL_5[28].B17                  bolinha_640                 5     27.526    10.181       37.708 
    GENERATE                       generate_ij_830             3     16.266     6.787       23.053 
    PROPAGATE                      propagate_ij_989            2     11.261     3.394       14.655 
  LEVEL_5[29].B17                  bolinha_639                 5     27.526    10.181       37.708 
    GENERATE                       generate_ij_829             3     16.266     6.787       23.053 
    PROPAGATE                      propagate_ij_988            2     11.261     3.394       14.655 
  LEVEL_5[30].B17                  bolinha_638                 5     26.275    10.181       36.456 
    GENERATE                       generate_ij_828             3     16.266     6.787       23.053 
    PROPAGATE                      propagate_ij_987            2     10.010     3.394       13.403 
  LEVEL_5[31].B17                  bolinha_637                 3     23.773     3.394       27.167 
    GENERATE                       generate_ij_827             2     17.517     3.394       20.911 
    PROPAGATE                      propagate_ij_986            1      6.256     0.000        6.256 
  S0                               soutput                     1     12.512     0.000       12.512 
  S1                               soutput_1144                1     12.512     0.000       12.512 
  S10                              soutput_1135                5     45.043    13.575       58.618 
  S11                              soutput_1134                6     50.048    18.622       68.670 
  S12                              soutput_1133                6     57.555    18.622       76.177 
  S13                              soutput_1132                6     50.048    18.622       68.670 
  S14                              soutput_1131                5     45.043    13.575       58.618 
  S15                              soutput_1130                6     50.048    18.622       68.670 
  S16                              soutput_1129                6     50.048    18.622       68.670 
  S17                              soutput_1128                6     50.048    18.622       68.670 
  S18                              soutput_1127                6     50.048    18.622       68.670 
  S19                              soutput_1126                6     50.048    18.622       68.670 
  S2                               soutput_1143                1     15.014     0.000       15.014 
  S20                              soutput_1125                5     45.043    13.575       58.618 
  S21                              soutput_1124                5     45.043    13.575       58.618 
  S22                              soutput_1123                6     50.048    18.622       68.670 
  S23                              soutput_1122                5     45.043    13.575       58.618 
  S24                              soutput_1121                5     45.043    13.575       58.618 
  S25                              soutput_1120                5     45.043    13.575       58.618 
  S26                              soutput_1119                6     50.048    18.622       68.670 
  S27                              soutput_1118                6     50.048    18.622       68.670 
  S28                              soutput_1117                5     52.550    13.575       66.125 
  S29                              soutput_1116                5     45.043    13.575       58.618 
  S3                               soutput_1142                4     25.024    10.181       35.205 
  S30                              soutput_1115                5     52.550    13.575       66.125 
  S31                              soutput_1114                5     45.043    13.575       58.618 
  S4                               soutput_1141                2     15.014     3.394       18.408 
  S5                               soutput_1140                5     32.531    15.228       47.760 
  S6                               soutput_1139                4     36.285    11.835       48.119 
  S7                               soutput_1138                6     48.797    18.622       67.419 
  S8                               soutput_1137                5     32.531    15.228       47.760 
  S9                               soutput_1136                5     45.043    13.575       58.618 
