============================================================
  Generated by:           Genus(TM) Synthesis Solution 23.12-s086_1
  Generated on:           Apr 11 2025  02:41:21 pm
  Module:                 kogge_stone_32bits
  Operating conditions:   tt_025C_1v80 
  Interconnect mode:      global
  Area mode:              physical library
============================================================


Path 1: VIOLATED (-126 ps) Path Delay Check
     Startpoint: (F) A[16]
       Endpoint: (F) S[31]

                   Capture    Launch  
      Path Delay:+    1430         -  
      Drv Adjust:+       0         0  
         Arrival:=    1430            
                                      
   Required Time:=    1430            
       Data Path:-    1556            
           Slack:=    -126            

Exceptions/Constraints:
  max_delay             1430            constraints.sdc_line_1 

#-------------------------------------------------------------------------------------------------------------------------------------
#                Timing Point                  Flags   Arc   Edge           Cell             Fanout Load Trans Delay Arrival Instance 
#                                                                                                   (fF)  (ps)  (ps)   (ps)  Location 
#-------------------------------------------------------------------------------------------------------------------------------------
  A[16]                                        -       -     F     (arrival)                      2 12.9  1000     0       0    (-,-) 
  g134/X                                       -       A->X  F     sky130_fd_sc_hd__buf_8         2 19.8    55   424     424    (-,-) 
  GENERATE_PROPAGATE[16].PROPAGATE/g29/Y       -       A->Y  R     sky130_fd_sc_hd__clkinv_4      1 10.1    31    51     475    (-,-) 
  GENERATE_PROPAGATE[16].PROPAGATE/g27__2883/Y -       A->Y  F     sky130_fd_sc_hd__nand2_4       1 17.6    49    52     527    (-,-) 
  GENERATE_PROPAGATE[16].PROPAGATE/g26__9945/Y -       B->Y  R     sky130_fd_sc_hd__nand2_8       4 28.1    72    87     615    (-,-) 
  LEVEL_1[16].B1/PROPAGATE/g12__5526/Y         -       B->Y  F     sky130_fd_sc_hd__nand2_4       1 14.0    45    63     678    (-,-) 
  LEVEL_1[16].B1/PROPAGATE/g11/Y               -       A->Y  R     sky130_fd_sc_hd__inv_6         3 21.0    50    64     742    (-,-) 
  LEVEL_2[18].B3/PROPAGATE/g12__5107/Y         -       A->Y  F     sky130_fd_sc_hd__nand2_2       1 10.8    53    62     804    (-,-) 
  LEVEL_2[18].B3/PROPAGATE/g11/Y               -       A->Y  R     sky130_fd_sc_hd__clkinv_4      3 24.7    55    69     873    (-,-) 
  LEVEL_3[22].B7/PROPAGATE/g12__4319/Y         -       A->Y  F     sky130_fd_sc_hd__nand2_4       1  9.9    35    48     921    (-,-) 
  LEVEL_3[22].B7/PROPAGATE/g11/Y               -       A->Y  R     sky130_fd_sc_hd__inv_4         3 11.9    42    52     974    (-,-) 
  LEVEL_4[30].B15/PROPAGATE/g11__9945/X        -       A->X  R     sky130_fd_sc_hd__and2_4        2 11.1    54   141    1115    (-,-) 
  LEVEL_5[30].B17/PROPAGATE/g12__2802/Y        -       A->Y  F     sky130_fd_sc_hd__nand2_2       1  5.6    35    48    1163    (-,-) 
  LEVEL_5[30].B17/PROPAGATE/fopt/Y             -       A->Y  R     sky130_fd_sc_hd__inv_2         1  5.9    35    46    1209    (-,-) 
  C30/g17/Y                                    -       A->Y  F     sky130_fd_sc_hd__nand2_2       1  9.7    75    54    1263    (-,-) 
  C30/g16/Y                                    -       B->Y  R     sky130_fd_sc_hd__nand2_4       2 11.1    57    85    1348    (-,-) 
  S31/g18/Y                                    -       A->Y  F     sky130_fd_sc_hd__inv_2         1  9.6    29    43    1392    (-,-) 
  S31/g16/Y                                    -       A->Y  R     sky130_fd_sc_hd__nand2_4       1 19.4    78    72    1464    (-,-) 
  S31/g15/Y                                    -       B->Y  F     sky130_fd_sc_hd__nand2_8       1 51.3    86    92    1556    (-,-) 
  S[31]                                        <<<     -     F     (port)                         -    -     -     0    1556    (-,-) 
#-------------------------------------------------------------------------------------------------------------------------------------

