============================================================
  Generated by:           Genus(TM) Synthesis Solution 23.12-s086_1
  Generated on:           Apr 11 2025  02:41:21 pm
  Module:                 kogge_stone_32bits
  Operating conditions:   tt_025C_1v80 
  Interconnect mode:      global
  Area mode:              physical library
============================================================

Timing
-------
  Cost    Critical             Violating 
 Group   Path Slack    TNS       Paths   
-----------------------------------------
default      -125.9   -2319.5         24 
-----------------------------------------
Total                 -2319.5         24 

Instance Count
--------------
Leaf Instance Count             1151 
Physical Instance count            0 
Sequential Instance Count          0 
Combinational Instance Count    1151 
Hierarchical Instance Count      515 

Area
----
Cell Area                          8633.280
Physical Cell Area                 0.000
Total Cell Area (Cell+Physical)    8633.280
Net Area                           5175.023
Total Area (Cell+Physical+Net)     13808.303

Max Fanout                         10 (n_0)
Min Fanout                         1 (C[0])
Average Fanout                     1.5
Terms to net ratio                 2.4433
Terms to instance ratio            2.5812
Runtime                            38.732323 seconds
Elapsed Runtime                    44 seconds
Genus peak memory usage            1904.79 
Innovus peak memory usage          no_value 
Hostname                           cadmicro-inf-el8-623207
