============================================================
  Generated by:           Genus(TM) Synthesis Solution 23.12-s086_1
  Generated on:           Jan 27 2025  04:07:50 pm
  Module:                 alu
  Operating conditions:   PVT_1P32V_0C 
  Interconnect mode:      global
  Area mode:              physical library
============================================================


Path 1: MET (2 ps) Setup Check with Pin out_q_reg[10]/CK->D
          Group: clock
     Startpoint: (R) state_reg[1]/CK
          Clock: (R) clock
       Endpoint: (R) out_q_reg[10]/D
          Clock: (R) clock

                     Capture       Launch     
        Clock Edge:+     500            0     
       Src Latency:+       0            0     
       Net Latency:+       0 (I)        0 (I) 
           Arrival:=     500            0     
                                              
             Setup:-      12                  
       Uncertainty:-     100                  
     Required Time:=     388                  
      Launch Clock:-       0                  
         Data Path:-     386                  
             Slack:=       2                  

#-----------------------------------------------------------------------------------------------------------------
#            Timing Point              Flags    Arc   Edge     Cell      Fanout Load Trans Delay Arrival Instance 
#                                                                               (fF)  (ps)  (ps)   (ps)  Location 
#-----------------------------------------------------------------------------------------------------------------
  state_reg[1]/CK                      -       -      R     (arrival)        56    -     0     0       0    (-,-) 
  state_reg[1]/Q                       -       CK->Q  R     DFFRX1LVT         5  7.9    41    57      57    (-,-) 
  g1588__6260/Y                        -       A->Y   F     NAND2X2LVT        2  5.5    29    22      79    (-,-) 
  g1550__2398/Y                        -       B->Y   R     NOR2X6LVT         9 14.4    31    20      99    (-,-) 
  sub_103_37_Y_add_102_37_g596__7482/Y -       B->Y   F     XNOR2X1LVT        3  4.8    23    30     128    (-,-) 
  sub_103_37_Y_add_102_37_g572__1666/Y -       B->Y   R     NOR2BX1LVT        1  2.2    26    19     148    (-,-) 
  sub_103_37_Y_add_102_37_g520__4319/Y -       B0->Y  F     AOI211X1LVT       2  4.0    45    18     166    (-,-) 
  sub_103_37_Y_add_102_37_g516__5477/Y -       A1->Y  R     OAI21X2LVT        3  5.3    37    27     193    (-,-) 
  sub_103_37_Y_add_102_37_g511__2883/Y -       A2->Y  F     AOI31X2LVT        4  5.9    49    35     228    (-,-) 
  sub_103_37_Y_add_102_37_g509__9315/Y -       B->Y   F     OR2X1LVT          2  3.0    16    28     256    (-,-) 
  sub_103_37_Y_add_102_37_g503__6131/Y -       A1->Y  F     OA21X1LVT         7  9.8    44    43     299    (-,-) 
  sub_103_37_Y_add_102_37_g502/Y       -       A->Y   R     INVX1LVT          2  3.6    26    19     319    (-,-) 
  sub_103_37_Y_add_102_37_g492__8428/Y -       A1->Y  F     AOI21X1LVT        1  2.2    29    21     339    (-,-) 
  sub_103_37_Y_add_102_37_g488__2398/Y -       B->Y   R     XNOR2X1LVT        1  1.9    12    26     366    (-,-) 
  g3236__2346/Y                        -       A1N->Y R     OAI2BB1X1LVT      1  2.1    21    20     386    (-,-) 
  out_q_reg[10]/D                      <<<     -      R     DFFRHQX1LVT       1    -     -     0     386    (-,-) 
#-----------------------------------------------------------------------------------------------------------------

