###############################################################
#  Generated by:      Cadence Innovus 23.32-s091_1
#  OS:                Linux x86_64(Host ID cadmicro-inf-el8-623207)
#  Generated on:      Mon Apr 14 15:30:49 2025
#  Design:            ripple_carry_adder_8bits
#  Command:           report_timing > reports/report_timing.rpt
###############################################################
Path 1: MET Path Delay Check
Endpoint:   S[7] (^)
Beginpoint: B[0] (v) triggered by  leading edge of '@'
Path Groups: {default}
Analysis View: default_emulate_view
- External Delay                0.000
+ Path Delay                   13.700
= Required Time                13.700
- Arrival Time                  4.019
= Slack Time                    9.681
     Clock Rise Edge                      0.000
     + Input Delay                        0.000
     = Beginpoint Arrival Time            0.000
     +-----------------------------------------------------------------------------------+ 
     |  Instance  |       Arc       |         Cell          | Delay | Arrival | Required | 
     |            |                 |                       |       |  Time   |   Time   | 
     |------------+-----------------+-----------------------+-------+---------+----------| 
     |            | B[0] v          |                       |       |   0.000 |    9.681 | 
     | g533__3680 | B v -> COUT v   | sky130_fd_sc_hd__fa_1 | 0.808 |   0.808 |   10.489 | 
     | g532__6783 | CIN v -> COUT v | sky130_fd_sc_hd__fa_1 | 0.401 |   1.209 |   10.890 | 
     | g531__5526 | CIN v -> COUT v | sky130_fd_sc_hd__fa_1 | 0.401 |   1.610 |   11.292 | 
     | g530__8428 | CIN v -> COUT v | sky130_fd_sc_hd__fa_1 | 0.398 |   2.008 |   11.689 | 
     | g529__4319 | CIN v -> COUT v | sky130_fd_sc_hd__fa_1 | 0.390 |   2.398 |   12.079 | 
     | g528__6260 | CIN v -> COUT v | sky130_fd_sc_hd__fa_1 | 0.396 |   2.794 |   12.475 | 
     | g527__5107 | CIN v -> COUT v | sky130_fd_sc_hd__fa_1 | 0.400 |   3.194 |   12.875 | 
     | g526__2398 | CIN v -> SUM ^  | sky130_fd_sc_hd__fa_1 | 0.824 |   4.017 |   13.699 | 
     |            | S[7] ^          |                       | 0.001 |   4.019 |   13.700 | 
     +-----------------------------------------------------------------------------------+ 

