============================================================
  Generated by:           Genus(TM) Synthesis Solution 23.12-s086_1
  Generated on:           Dec 17 2024  04:18:33 pm
  Module:                 NanoCPU
  Technology libraries:   fast_vdd1v0 1.0
                          physical_cells 
                          fast_vdd1v0 1.0
                          physical_cells 
  Operating conditions:   PVT_1P1V_0C 
  Interconnect mode:      global
  Area mode:              physical library
============================================================

Instance    Module     Cell-Count  Cell-Area  Net-Area   Total-Area 
--------------------------------------------------------------------
NanoCPU  NA                   793   2155.626  1041.864     3197.490 
  R_IR   Reg16bit_113          16    101.574     0.000      101.574 
  R_PC   Reg16bit_112          10     56.430     0.000       56.430 
  r0     Reg16bit              18    105.678     0.000      105.678 
  r1     Reg16bit_116          18    105.678     0.000      105.678 
  r2     Reg16bit_115          18    105.678     0.000      105.678 
  r3     Reg16bit_114          18    105.678     0.000      105.678 
