Hinst Name                        Module Name          Inst Count           Total Area               Buffer             Inverter        Combinational                 Flop                Latch           Clock Gate                Macro             Physical
-----------------------------------------------------------------------------------------------------------------------------------------------------------------------------------------------------------------------------------------------------------------------
ladner_fischer_32bits                                         715             4086.419               22.522              151.395             2612.506                0.000                0.000                0.000                0.000             1299.997
  C0                              carry                         1                7.507                0.000                0.000                7.507                0.000                0.000                0.000                0.000                0.000
  C1                              carry_465                     1                7.507                0.000                0.000                7.507                0.000                0.000                0.000                0.000                0.000
  C10                             carry_456                     1                7.507                0.000                0.000                7.507                0.000                0.000                0.000                0.000                0.000
  C11                             carry_455                     1                7.507                0.000                0.000                7.507                0.000                0.000                0.000                0.000                0.000
  C12                             carry_454                     1                7.507                0.000                0.000                7.507                0.000                0.000                0.000                0.000                0.000
  C13                             carry_453                     1                7.507                0.000                0.000                7.507                0.000                0.000                0.000                0.000                0.000
  C14                             carry_452                     1                7.507                0.000                0.000                7.507                0.000                0.000                0.000                0.000                0.000
  C15                             carry_451                     1                7.507                0.000                0.000                7.507                0.000                0.000                0.000                0.000                0.000
  C16                             carry_450                     1                7.507                0.000                0.000                7.507                0.000                0.000                0.000                0.000                0.000
  C17                             carry_449                     1                7.507                0.000                0.000                7.507                0.000                0.000                0.000                0.000                0.000
  C18                             carry_448                     1                7.507                0.000                0.000                7.507                0.000                0.000                0.000                0.000                0.000
  C19                             carry_447                     1                8.758                0.000                0.000                8.758                0.000                0.000                0.000                0.000                0.000
  C2                              carry_464                     1                7.507                0.000                0.000                7.507                0.000                0.000                0.000                0.000                0.000
  C20                             carry_446                     1                7.507                0.000                0.000                7.507                0.000                0.000                0.000                0.000                0.000
  C21                             carry_445                     1                7.507                0.000                0.000                7.507                0.000                0.000                0.000                0.000                0.000
  C22                             carry_444                     1                7.507                0.000                0.000                7.507                0.000                0.000                0.000                0.000                0.000
  C23                             carry_443                     1                7.507                0.000                0.000                7.507                0.000                0.000                0.000                0.000                0.000
  C24                             carry_442                     1                7.507                0.000                0.000                7.507                0.000                0.000                0.000                0.000                0.000
  C25                             carry_441                     1                7.507                0.000                0.000                7.507                0.000                0.000                0.000                0.000                0.000
  C26                             carry_440                     1                7.507                0.000                0.000                7.507                0.000                0.000                0.000                0.000                0.000
  C27                             carry_439                     1                7.507                0.000                0.000                7.507                0.000                0.000                0.000                0.000                0.000
  C28                             carry_438                     1                7.507                0.000                0.000                7.507                0.000                0.000                0.000                0.000                0.000
  C29                             carry_437                     1                7.507                0.000                0.000                7.507                0.000                0.000                0.000                0.000                0.000
  C3                              carry_463                     1                7.507                0.000                0.000                7.507                0.000                0.000                0.000                0.000                0.000
  C30                             carry_436                     1                7.507                0.000                0.000                7.507                0.000                0.000                0.000                0.000                0.000
  C31                             carry_435                     1                7.507                0.000                0.000                7.507                0.000                0.000                0.000                0.000                0.000
  C4                              carry_462                     1                7.507                0.000                0.000                7.507                0.000                0.000                0.000                0.000                0.000
  C5                              carry_461                     1                7.507                0.000                0.000                7.507                0.000                0.000                0.000                0.000                0.000
  C6                              carry_460                     1                7.507                0.000                0.000                7.507                0.000                0.000                0.000                0.000                0.000
  C7                              carry_459                     1                7.507                0.000                0.000                7.507                0.000                0.000                0.000                0.000                0.000
  C8                              carry_458                     1                7.507                0.000                0.000                7.507                0.000                0.000                0.000                0.000                0.000
  C9                              carry_457                     1                7.507                0.000                0.000                7.507                0.000                0.000                0.000                0.000                0.000
  GENERATE_PROPAGATE[0].GENERATE  generate_i                    1                8.758                0.000                0.000                8.758                0.000                0.000                0.000                0.000                0.000
  GENERATE_PROPAGATE[0].PROPAGATE propagate_i                   4               30.029                0.000                3.754               26.275                0.000                0.000                0.000                0.000                0.000
  GENERATE_PROPAGATE[10].GENERATE generate_i_487                1                6.256                0.000                0.000                6.256                0.000                0.000                0.000                0.000                0.000
  GENERATE_PROPAGATE[10].PROPAGATE propagate_i_580               1               27.526                0.000                0.000               27.526                0.000                0.000                0.000                0.000                0.000
  GENERATE_PROPAGATE[11].GENERATE generate_i_486                1                6.256                0.000                0.000                6.256                0.000                0.000                0.000                0.000                0.000
  GENERATE_PROPAGATE[11].PROPAGATE propagate_i_579               1               16.266                0.000                0.000               16.266                0.000                0.000                0.000                0.000                0.000
  GENERATE_PROPAGATE[12].GENERATE generate_i_485                1                8.758                0.000                0.000                8.758                0.000                0.000                0.000                0.000                0.000
  GENERATE_PROPAGATE[12].PROPAGATE propagate_i_578               4               27.526                0.000                3.754               23.773                0.000                0.000                0.000                0.000                0.000
  GENERATE_PROPAGATE[13].GENERATE generate_i_484                1                6.256                0.000                0.000                6.256                0.000                0.000                0.000                0.000                0.000
  GENERATE_PROPAGATE[13].PROPAGATE propagate_i_577               4               22.522                0.000                3.754               18.768                0.000                0.000                0.000                0.000                0.000
  GENERATE_PROPAGATE[14].GENERATE generate_i_483                1                6.256                0.000                0.000                6.256                0.000                0.000                0.000                0.000                0.000
  GENERATE_PROPAGATE[14].PROPAGATE propagate_i_576               1               16.266                0.000                0.000               16.266                0.000                0.000                0.000                0.000                0.000
  GENERATE_PROPAGATE[15].GENERATE generate_i_482                1                6.256                0.000                0.000                6.256                0.000                0.000                0.000                0.000                0.000
  GENERATE_PROPAGATE[15].PROPAGATE propagate_i_575               1               16.266                0.000                0.000               16.266                0.000                0.000                0.000                0.000                0.000
  GENERATE_PROPAGATE[16].GENERATE generate_i_481                1                8.758                0.000                0.000                8.758                0.000                0.000                0.000                0.000                0.000
  GENERATE_PROPAGATE[16].PROPAGATE propagate_i_574               5               18.768                0.000                7.507               11.261                0.000                0.000                0.000                0.000                0.000
  GENERATE_PROPAGATE[17].GENERATE generate_i_480                1                6.256                0.000                0.000                6.256                0.000                0.000                0.000                0.000                0.000
  GENERATE_PROPAGATE[17].PROPAGATE propagate_i_573               3               18.768                0.000                0.000               18.768                0.000                0.000                0.000                0.000                0.000
  GENERATE_PROPAGATE[18].GENERATE generate_i_479                1                8.758                0.000                0.000                8.758                0.000                0.000                0.000                0.000                0.000
  GENERATE_PROPAGATE[18].PROPAGATE propagate_i_572               1               27.526                0.000                0.000               27.526                0.000                0.000                0.000                0.000                0.000
  GENERATE_PROPAGATE[19].GENERATE generate_i_478                1                6.256                0.000                0.000                6.256                0.000                0.000                0.000                0.000                0.000
  GENERATE_PROPAGATE[19].PROPAGATE propagate_i_571               3               18.768                0.000                0.000               18.768                0.000                0.000                0.000                0.000                0.000
  GENERATE_PROPAGATE[1].GENERATE  generate_i_496                3               11.261                0.000                7.507                3.754                0.000                0.000                0.000                0.000                0.000
  GENERATE_PROPAGATE[1].PROPAGATE propagate_i_589               5               27.526                0.000                8.758               18.768                0.000                0.000                0.000                0.000                0.000
  GENERATE_PROPAGATE[20].GENERATE generate_i_477                1                6.256                0.000                0.000                6.256                0.000                0.000                0.000                0.000                0.000
  GENERATE_PROPAGATE[20].PROPAGATE propagate_i_570               1               16.266                0.000                0.000               16.266                0.000                0.000                0.000                0.000                0.000
  GENERATE_PROPAGATE[21].GENERATE generate_i_476                1                6.256                0.000                0.000                6.256                0.000                0.000                0.000                0.000                0.000
  GENERATE_PROPAGATE[21].PROPAGATE propagate_i_569               3               26.275                0.000                0.000               26.275                0.000                0.000                0.000                0.000                0.000
  GENERATE_PROPAGATE[22].GENERATE generate_i_475                1                6.256                0.000                0.000                6.256                0.000                0.000                0.000                0.000                0.000
  GENERATE_PROPAGATE[22].PROPAGATE propagate_i_568               3               16.266                0.000                0.000               16.266                0.000                0.000                0.000                0.000                0.000
  GENERATE_PROPAGATE[23].GENERATE generate_i_474                1                6.256                0.000                0.000                6.256                0.000                0.000                0.000                0.000                0.000
  GENERATE_PROPAGATE[23].PROPAGATE propagate_i_567               3               26.275                0.000                0.000               26.275                0.000                0.000                0.000                0.000                0.000
  GENERATE_PROPAGATE[24].GENERATE generate_i_473                1                6.256                0.000                0.000                6.256                0.000                0.000                0.000                0.000                0.000
  GENERATE_PROPAGATE[24].PROPAGATE propagate_i_566               3               26.275                0.000                0.000               26.275                0.000                0.000                0.000                0.000                0.000
  GENERATE_PROPAGATE[25].GENERATE generate_i_472                1                6.256                0.000                0.000                6.256                0.000                0.000                0.000                0.000                0.000
  GENERATE_PROPAGATE[25].PROPAGATE propagate_i_565               3               26.275                0.000                0.000               26.275                0.000                0.000                0.000                0.000                0.000
  GENERATE_PROPAGATE[26].GENERATE generate_i_471                1                6.256                0.000                0.000                6.256                0.000                0.000                0.000                0.000                0.000
  GENERATE_PROPAGATE[26].PROPAGATE propagate_i_564               3               26.275                0.000                0.000               26.275                0.000                0.000                0.000                0.000                0.000
  GENERATE_PROPAGATE[27].GENERATE generate_i_470                1                6.256                0.000                0.000                6.256                0.000                0.000                0.000                0.000                0.000
  GENERATE_PROPAGATE[27].PROPAGATE propagate_i_563               3               26.275                0.000                0.000               26.275                0.000                0.000                0.000                0.000                0.000
  GENERATE_PROPAGATE[28].GENERATE generate_i_469                1                6.256                0.000                0.000                6.256                0.000                0.000                0.000                0.000                0.000
  GENERATE_PROPAGATE[28].PROPAGATE propagate_i_562               1                8.758                0.000                0.000                8.758                0.000                0.000                0.000                0.000                0.000
  GENERATE_PROPAGATE[29].GENERATE generate_i_468                1                6.256                0.000                0.000                6.256                0.000                0.000                0.000                0.000                0.000
  GENERATE_PROPAGATE[29].PROPAGATE propagate_i_561               1                8.758                0.000                0.000                8.758                0.000                0.000                0.000                0.000                0.000
  GENERATE_PROPAGATE[2].GENERATE  generate_i_495                3               11.261                0.000                7.507                3.754                0.000                0.000                0.000                0.000                0.000
  GENERATE_PROPAGATE[2].PROPAGATE propagate_i_588               5               31.280                0.000                7.507               23.773                0.000                0.000                0.000                0.000                0.000
  GENERATE_PROPAGATE[30].GENERATE generate_i_467                1                6.256                0.000                0.000                6.256                0.000                0.000                0.000                0.000                0.000
  GENERATE_PROPAGATE[30].PROPAGATE propagate_i_560               1                8.758                0.000                0.000                8.758                0.000                0.000                0.000                0.000                0.000
  GENERATE_PROPAGATE[31].GENERATE generate_i_466                1                6.256                0.000                0.000                6.256                0.000                0.000                0.000                0.000                0.000
  GENERATE_PROPAGATE[31].PROPAGATE propagate_i_559               1                8.758                0.000                0.000                8.758                0.000                0.000                0.000                0.000                0.000
  GENERATE_PROPAGATE[3].GENERATE  generate_i_494                1                6.256                0.000                0.000                6.256                0.000                0.000                0.000                0.000                0.000
  GENERATE_PROPAGATE[3].PROPAGATE propagate_i_587               3               33.782                0.000                0.000               33.782                0.000                0.000                0.000                0.000                0.000
  GENERATE_PROPAGATE[4].GENERATE  generate_i_493                1                8.758                0.000                0.000                8.758                0.000                0.000                0.000                0.000                0.000
  GENERATE_PROPAGATE[4].PROPAGATE propagate_i_586               4               27.526                0.000                3.754               23.773                0.000                0.000                0.000                0.000                0.000
  GENERATE_PROPAGATE[5].GENERATE  generate_i_492                1                6.256                0.000                0.000                6.256                0.000                0.000                0.000                0.000                0.000
  GENERATE_PROPAGATE[5].PROPAGATE propagate_i_585               3               33.782                0.000                0.000               33.782                0.000                0.000                0.000                0.000                0.000
  GENERATE_PROPAGATE[6].GENERATE  generate_i_491                1                8.758                0.000                0.000                8.758                0.000                0.000                0.000                0.000                0.000
  GENERATE_PROPAGATE[6].PROPAGATE propagate_i_584               5               18.768                0.000                7.507               11.261                0.000                0.000                0.000                0.000                0.000
  GENERATE_PROPAGATE[7].GENERATE  generate_i_490                1                6.256                0.000                0.000                6.256                0.000                0.000                0.000                0.000                0.000
  GENERATE_PROPAGATE[7].PROPAGATE propagate_i_583               3               31.280                0.000                0.000               31.280                0.000                0.000                0.000                0.000                0.000
  GENERATE_PROPAGATE[8].GENERATE  generate_i_489                3               11.261                0.000                7.507                3.754                0.000                0.000                0.000                0.000                0.000
  GENERATE_PROPAGATE[8].PROPAGATE propagate_i_582               4               27.526                0.000                3.754               23.773                0.000                0.000                0.000                0.000                0.000
  GENERATE_PROPAGATE[9].GENERATE  generate_i_488                1                6.256                0.000                0.000                6.256                0.000                0.000                0.000                0.000                0.000
  GENERATE_PROPAGATE[9].PROPAGATE propagate_i_581               3               26.275                0.000                0.000               26.275                0.000                0.000                0.000                0.000                0.000
  LEVEL_1[11].B1                  bolinha_430                   2               16.266                0.000                0.000               16.266                0.000                0.000                0.000                0.000                0.000
    LEVEL_1[11].B1/GENERATE       generate_ij_554               1                7.507                0.000                0.000                7.507                0.000                0.000                0.000                0.000                0.000
    LEVEL_1[11].B1/PROPAGATE      propagate_ij_647              1                8.758                0.000                0.000                8.758                0.000                0.000                0.000                0.000                0.000
  LEVEL_1[13].B1                  bolinha_429                   2               16.266                0.000                0.000               16.266                0.000                0.000                0.000                0.000                0.000
    LEVEL_1[13].B1/GENERATE       generate_ij_553               1                7.507                0.000                0.000                7.507                0.000                0.000                0.000                0.000                0.000
    LEVEL_1[13].B1/PROPAGATE      propagate_ij_646              1                8.758                0.000                0.000                8.758                0.000                0.000                0.000                0.000                0.000
  LEVEL_1[15].B1                  bolinha_428                   2               13.763                0.000                0.000               13.763                0.000                0.000                0.000                0.000                0.000
    LEVEL_1[15].B1/GENERATE       generate_ij_552               1                7.507                0.000                0.000                7.507                0.000                0.000                0.000                0.000                0.000
    LEVEL_1[15].B1/PROPAGATE      propagate_ij_645              1                6.256                0.000                0.000                6.256                0.000                0.000                0.000                0.000                0.000
  LEVEL_1[17].B1                  bolinha_427                   2               16.266                0.000                0.000               16.266                0.000                0.000                0.000                0.000                0.000
    LEVEL_1[17].B1/GENERATE       generate_ij_551               1                7.507                0.000                0.000                7.507                0.000                0.000                0.000                0.000                0.000
    LEVEL_1[17].B1/PROPAGATE      propagate_ij_644              1                8.758                0.000                0.000                8.758                0.000                0.000                0.000                0.000                0.000
  LEVEL_1[19].B1                  bolinha_426                   2               16.266                0.000                0.000               16.266                0.000                0.000                0.000                0.000                0.000
    LEVEL_1[19].B1/GENERATE       generate_ij_550               1                7.507                0.000                0.000                7.507                0.000                0.000                0.000                0.000                0.000
    LEVEL_1[19].B1/PROPAGATE      propagate_ij_643              1                8.758                0.000                0.000                8.758                0.000                0.000                0.000                0.000                0.000
  LEVEL_1[1].B1                   bolinha                       3               23.773                0.000                0.000               23.773                0.000                0.000                0.000                0.000                0.000
    LEVEL_1[1].B1/GENERATE        generate_ij                   2               15.014                0.000                0.000               15.014                0.000                0.000                0.000                0.000                0.000
    LEVEL_1[1].B1/PROPAGATE       propagate_ij                  1                8.758                0.000                0.000                8.758                0.000                0.000                0.000                0.000                0.000
  LEVEL_1[21].B1                  bolinha_425                   2               16.266                0.000                0.000               16.266                0.000                0.000                0.000                0.000                0.000
    LEVEL_1[21].B1/GENERATE       generate_ij_549               1                7.507                0.000                0.000                7.507                0.000                0.000                0.000                0.000                0.000
    LEVEL_1[21].B1/PROPAGATE      propagate_ij_642              1                8.758                0.000                0.000                8.758                0.000                0.000                0.000                0.000                0.000
  LEVEL_1[23].B1                  bolinha_424                   2               16.266                0.000                0.000               16.266                0.000                0.000                0.000                0.000                0.000
    LEVEL_1[23].B1/GENERATE       generate_ij_548               1                7.507                0.000                0.000                7.507                0.000                0.000                0.000                0.000                0.000
    LEVEL_1[23].B1/PROPAGATE      propagate_ij_641              1                8.758                0.000                0.000                8.758                0.000                0.000                0.000                0.000                0.000
  LEVEL_1[25].B1                  bolinha_423                   2               13.763                0.000                0.000               13.763                0.000                0.000                0.000                0.000                0.000
    LEVEL_1[25].B1/GENERATE       generate_ij_547               1                7.507                0.000                0.000                7.507                0.000                0.000                0.000                0.000                0.000
    LEVEL_1[25].B1/PROPAGATE      propagate_ij_640              1                6.256                0.000                0.000                6.256                0.000                0.000                0.000                0.000                0.000
  LEVEL_1[27].B1                  bolinha_422                   2               13.763                0.000                0.000               13.763                0.000                0.000                0.000                0.000                0.000
    LEVEL_1[27].B1/GENERATE       generate_ij_546               1                7.507                0.000                0.000                7.507                0.000                0.000                0.000                0.000                0.000
    LEVEL_1[27].B1/PROPAGATE      propagate_ij_639              1                6.256                0.000                0.000                6.256                0.000                0.000                0.000                0.000                0.000
  LEVEL_1[29].B1                  bolinha_421                   2               13.763                0.000                0.000               13.763                0.000                0.000                0.000                0.000                0.000
    LEVEL_1[29].B1/GENERATE       generate_ij_545               1                7.507                0.000                0.000                7.507                0.000                0.000                0.000                0.000                0.000
    LEVEL_1[29].B1/PROPAGATE      propagate_ij_638              1                6.256                0.000                0.000                6.256                0.000                0.000                0.000                0.000                0.000
  LEVEL_1[31].B1                  bolinha_420                   2               13.763                0.000                0.000               13.763                0.000                0.000                0.000                0.000                0.000
    LEVEL_1[31].B1/GENERATE       generate_ij_544               1                7.507                0.000                0.000                7.507                0.000                0.000                0.000                0.000                0.000
    LEVEL_1[31].B1/PROPAGATE      propagate_ij_637              1                6.256                0.000                0.000                6.256                0.000                0.000                0.000                0.000                0.000
  LEVEL_1[3].B1                   bolinha_434                   2               16.266                0.000                0.000               16.266                0.000                0.000                0.000                0.000                0.000
    LEVEL_1[3].B1/GENERATE        generate_ij_558               1                7.507                0.000                0.000                7.507                0.000                0.000                0.000                0.000                0.000
    LEVEL_1[3].B1/PROPAGATE       propagate_ij_651              1                8.758                0.000                0.000                8.758                0.000                0.000                0.000                0.000                0.000
  LEVEL_1[5].B1                   bolinha_433                   2               16.266                0.000                0.000               16.266                0.000                0.000                0.000                0.000                0.000
    LEVEL_1[5].B1/GENERATE        generate_ij_557               1                7.507                0.000                0.000                7.507                0.000                0.000                0.000                0.000                0.000
    LEVEL_1[5].B1/PROPAGATE       propagate_ij_650              1                8.758                0.000                0.000                8.758                0.000                0.000                0.000                0.000                0.000
  LEVEL_1[7].B1                   bolinha_432                   2               16.266                0.000                0.000               16.266                0.000                0.000                0.000                0.000                0.000
    LEVEL_1[7].B1/GENERATE        generate_ij_556               1                7.507                0.000                0.000                7.507                0.000                0.000                0.000                0.000                0.000
    LEVEL_1[7].B1/PROPAGATE       propagate_ij_649              1                8.758                0.000                0.000                8.758                0.000                0.000                0.000                0.000                0.000
  LEVEL_1[9].B1                   bolinha_431                   2               16.266                0.000                0.000               16.266                0.000                0.000                0.000                0.000                0.000
    LEVEL_1[9].B1/GENERATE        generate_ij_555               1                7.507                0.000                0.000                7.507                0.000                0.000                0.000                0.000                0.000
    LEVEL_1[9].B1/PROPAGATE       propagate_ij_648              1                8.758                0.000                0.000                8.758                0.000                0.000                0.000                0.000                0.000
  LEVEL_2[11].B2                  bolinha_417                   3               26.275                0.000                0.000               26.275                0.000                0.000                0.000                0.000                0.000
    LEVEL_2[11].B2/GENERATE       generate_ij_541               2               17.517                0.000                0.000               17.517                0.000                0.000                0.000                0.000                0.000
    LEVEL_2[11].B2/PROPAGATE      propagate_ij_634              1                8.758                0.000                0.000                8.758                0.000                0.000                0.000                0.000                0.000
  LEVEL_2[15].B2                  bolinha_416                   3               18.768                0.000                0.000               18.768                0.000                0.000                0.000                0.000                0.000
    LEVEL_2[15].B2/GENERATE       generate_ij_540               2               10.010                0.000                0.000               10.010                0.000                0.000                0.000                0.000                0.000
    LEVEL_2[15].B2/PROPAGATE      propagate_ij_633              1                8.758                0.000                0.000                8.758                0.000                0.000                0.000                0.000                0.000
  LEVEL_2[19].B2                  bolinha_415                   3               21.270                0.000                0.000               21.270                0.000                0.000                0.000                0.000                0.000
    LEVEL_2[19].B2/GENERATE       generate_ij_539               2               12.512                0.000                0.000               12.512                0.000                0.000                0.000                0.000                0.000
    LEVEL_2[19].B2/PROPAGATE      propagate_ij_632              1                8.758                0.000                0.000                8.758                0.000                0.000                0.000                0.000                0.000
  LEVEL_2[23].B2                  bolinha_414                   3               18.768                0.000                0.000               18.768                0.000                0.000                0.000                0.000                0.000
    LEVEL_2[23].B2/GENERATE       generate_ij_538               2               10.010                0.000                0.000               10.010                0.000                0.000                0.000                0.000                0.000
    LEVEL_2[23].B2/PROPAGATE      propagate_ij_631              1                8.758                0.000                0.000                8.758                0.000                0.000                0.000                0.000                0.000
  LEVEL_2[27].B2                  bolinha_413                   2               16.266                0.000                0.000               16.266                0.000                0.000                0.000                0.000                0.000
    LEVEL_2[27].B2/GENERATE       generate_ij_537               1                7.507                0.000                0.000                7.507                0.000                0.000                0.000                0.000                0.000
    LEVEL_2[27].B2/PROPAGATE      propagate_ij_630              1                8.758                0.000                0.000                8.758                0.000                0.000                0.000                0.000                0.000
  LEVEL_2[31].B2                  bolinha_412                   2               13.763                0.000                0.000               13.763                0.000                0.000                0.000                0.000                0.000
    LEVEL_2[31].B2/GENERATE       generate_ij_536               1                7.507                0.000                0.000                7.507                0.000                0.000                0.000                0.000                0.000
    LEVEL_2[31].B2/PROPAGATE      propagate_ij_629              1                6.256                0.000                0.000                6.256                0.000                0.000                0.000                0.000                0.000
  LEVEL_2[3].B2                   bolinha_419                   4               30.029                0.000                3.754               26.275                0.000                0.000                0.000                0.000                0.000
    LEVEL_2[3].B2/GENERATE        generate_ij_543               3               21.270                0.000                3.754               17.517                0.000                0.000                0.000                0.000                0.000
    LEVEL_2[3].B2/PROPAGATE       propagate_ij_636              1                8.758                0.000                0.000                8.758                0.000                0.000                0.000                0.000                0.000
  LEVEL_2[7].B2                   bolinha_418                   3               18.768                0.000                0.000               18.768                0.000                0.000                0.000                0.000                0.000
    LEVEL_2[7].B2/GENERATE        generate_ij_542               2               10.010                0.000                0.000               10.010                0.000                0.000                0.000                0.000                0.000
    LEVEL_2[7].B2/PROPAGATE       propagate_ij_635              1                8.758                0.000                0.000                8.758                0.000                0.000                0.000                0.000                0.000
  LEVEL_3[15].B3                  bolinha_409                   3               18.768                0.000                0.000               18.768                0.000                0.000                0.000                0.000                0.000
    LEVEL_3[15].B3/GENERATE       generate_ij_533               2               10.010                0.000                0.000               10.010                0.000                0.000                0.000                0.000                0.000
    LEVEL_3[15].B3/PROPAGATE      propagate_ij_626              1                8.758                0.000                0.000                8.758                0.000                0.000                0.000                0.000                0.000
  LEVEL_3[15].B4                  bolinha_408                   2               13.763                0.000                0.000               13.763                0.000                0.000                0.000                0.000                0.000
    LEVEL_3[15].B4/GENERATE       generate_ij_532               1                7.507                0.000                0.000                7.507                0.000                0.000                0.000                0.000                0.000
    LEVEL_3[15].B4/PROPAGATE      propagate_ij_625              1                6.256                0.000                0.000                6.256                0.000                0.000                0.000                0.000                0.000
  LEVEL_3[23].B3                  bolinha_407                   3               28.778                0.000                0.000               28.778                0.000                0.000                0.000                0.000                0.000
    LEVEL_3[23].B3/GENERATE       generate_ij_531               2               20.019                0.000                0.000               20.019                0.000                0.000                0.000                0.000                0.000
    LEVEL_3[23].B3/PROPAGATE      propagate_ij_624              1                8.758                0.000                0.000                8.758                0.000                0.000                0.000                0.000                0.000
  LEVEL_3[23].B4                  bolinha_406                   2               13.763                0.000                0.000               13.763                0.000                0.000                0.000                0.000                0.000
    LEVEL_3[23].B4/GENERATE       generate_ij_530               1                7.507                0.000                0.000                7.507                0.000                0.000                0.000                0.000                0.000
    LEVEL_3[23].B4/PROPAGATE      propagate_ij_623              1                6.256                0.000                0.000                6.256                0.000                0.000                0.000                0.000                0.000
  LEVEL_3[31].B3                  bolinha_405                   2               13.763                0.000                0.000               13.763                0.000                0.000                0.000                0.000                0.000
    LEVEL_3[31].B3/GENERATE       generate_ij_529               1                7.507                0.000                0.000                7.507                0.000                0.000                0.000                0.000                0.000
    LEVEL_3[31].B3/PROPAGATE      propagate_ij_622              1                6.256                0.000                0.000                6.256                0.000                0.000                0.000                0.000                0.000
  LEVEL_3[31].B4                  bolinha_404                   3               16.266                0.000                0.000               16.266                0.000                0.000                0.000                0.000                0.000
    LEVEL_3[31].B4/GENERATE       generate_ij_528               2               10.010                0.000                0.000               10.010                0.000                0.000                0.000                0.000                0.000
    LEVEL_3[31].B4/PROPAGATE      propagate_ij_621              1                6.256                0.000                0.000                6.256                0.000                0.000                0.000                0.000                0.000
  LEVEL_3[7].B3                   bolinha_411                   4               35.034                0.000                3.754               31.280                0.000                0.000                0.000                0.000                0.000
    LEVEL_3[7].B3/GENERATE        generate_ij_535               3               26.275                0.000                3.754               22.522                0.000                0.000                0.000                0.000                0.000
    LEVEL_3[7].B3/PROPAGATE       propagate_ij_628              1                8.758                0.000                0.000                8.758                0.000                0.000                0.000                0.000                0.000
  LEVEL_3[7].B4                   bolinha_410                   2               13.763                0.000                0.000               13.763                0.000                0.000                0.000                0.000                0.000
    LEVEL_3[7].B4/GENERATE        generate_ij_534               1                7.507                0.000                0.000                7.507                0.000                0.000                0.000                0.000                0.000
    LEVEL_3[7].B4/PROPAGATE       propagate_ij_627              1                6.256                0.000                0.000                6.256                0.000                0.000                0.000                0.000                0.000
  LEVEL_4[25].B5                  bolinha_403                   3               16.266                0.000                0.000               16.266                0.000                0.000                0.000                0.000                0.000
    LEVEL_4[25].B5/GENERATE       generate_ij_527               2               10.010                0.000                0.000               10.010                0.000                0.000                0.000                0.000                0.000
    LEVEL_4[25].B5/PROPAGATE      propagate_ij_620              1                6.256                0.000                0.000                6.256                0.000                0.000                0.000                0.000                0.000
  LEVEL_4[25].B6                  bolinha_402                   2               13.763                0.000                0.000               13.763                0.000                0.000                0.000                0.000                0.000
    LEVEL_4[25].B6/GENERATE       generate_ij_526               1                7.507                0.000                0.000                7.507                0.000                0.000                0.000                0.000                0.000
    LEVEL_4[25].B6/PROPAGATE      propagate_ij_619              1                6.256                0.000                0.000                6.256                0.000                0.000                0.000                0.000                0.000
  LEVEL_4[27].B5                  bolinha_401                   3               16.266                0.000                0.000               16.266                0.000                0.000                0.000                0.000                0.000
    LEVEL_4[27].B5/GENERATE       generate_ij_525               2               10.010                0.000                0.000               10.010                0.000                0.000                0.000                0.000                0.000
    LEVEL_4[27].B5/PROPAGATE      propagate_ij_618              1                6.256                0.000                0.000                6.256                0.000                0.000                0.000                0.000                0.000
  LEVEL_4[27].B6                  bolinha_400                   2               13.763                0.000                0.000               13.763                0.000                0.000                0.000                0.000                0.000
    LEVEL_4[27].B6/GENERATE       generate_ij_524               1                7.507                0.000                0.000                7.507                0.000                0.000                0.000                0.000                0.000
    LEVEL_4[27].B6/PROPAGATE      propagate_ij_617              1                6.256                0.000                0.000                6.256                0.000                0.000                0.000                0.000                0.000
  LEVEL_4[29].B5                  bolinha_399                   3               16.266                0.000                0.000               16.266                0.000                0.000                0.000                0.000                0.000
    LEVEL_4[29].B5/GENERATE       generate_ij_523               2               10.010                0.000                0.000               10.010                0.000                0.000                0.000                0.000                0.000
    LEVEL_4[29].B5/PROPAGATE      propagate_ij_616              1                6.256                0.000                0.000                6.256                0.000                0.000                0.000                0.000                0.000
  LEVEL_4[29].B6                  bolinha_398                   2               13.763                0.000                0.000               13.763                0.000                0.000                0.000                0.000                0.000
    LEVEL_4[29].B6/GENERATE       generate_ij_522               1                7.507                0.000                0.000                7.507                0.000                0.000                0.000                0.000                0.000
    LEVEL_4[29].B6/PROPAGATE      propagate_ij_615              1                6.256                0.000                0.000                6.256                0.000                0.000                0.000                0.000                0.000
  LEVEL_4[31].B5                  bolinha_397                   2               13.763                0.000                0.000               13.763                0.000                0.000                0.000                0.000                0.000
    LEVEL_4[31].B5/GENERATE       generate_ij_521               1                7.507                0.000                0.000                7.507                0.000                0.000                0.000                0.000                0.000
    LEVEL_4[31].B5/PROPAGATE      propagate_ij_614              1                6.256                0.000                0.000                6.256                0.000                0.000                0.000                0.000                0.000
  LEVEL_4[31].B6                  bolinha_396                   4               30.029                0.000                3.754               26.275                0.000                0.000                0.000                0.000                0.000
    LEVEL_4[31].B6/GENERATE       generate_ij_520               3               21.270                0.000                3.754               17.517                0.000                0.000                0.000                0.000                0.000
    LEVEL_4[31].B6/PROPAGATE      propagate_ij_613              1                8.758                0.000                0.000                8.758                0.000                0.000                0.000                0.000                0.000
  LEVEL_5[17].B7                  bolinha_395                   3               16.266                0.000                0.000               16.266                0.000                0.000                0.000                0.000                0.000
    LEVEL_5[17].B7/GENERATE       generate_ij_519               2               10.010                0.000                0.000               10.010                0.000                0.000                0.000                0.000                0.000
    LEVEL_5[17].B7/PROPAGATE      propagate_ij_612              1                6.256                0.000                0.000                6.256                0.000                0.000                0.000                0.000                0.000
  LEVEL_5[19].B7                  bolinha_394                   3               18.768                0.000                0.000               18.768                0.000                0.000                0.000                0.000                0.000
    LEVEL_5[19].B7/GENERATE       generate_ij_518               2               10.010                0.000                0.000               10.010                0.000                0.000                0.000                0.000                0.000
    LEVEL_5[19].B7/PROPAGATE      propagate_ij_611              1                8.758                0.000                0.000                8.758                0.000                0.000                0.000                0.000                0.000
  LEVEL_5[21].B7                  bolinha_393                   2               16.266                0.000                0.000               16.266                0.000                0.000                0.000                0.000                0.000
    LEVEL_5[21].B7/GENERATE       generate_ij_517               1                7.507                0.000                0.000                7.507                0.000                0.000                0.000                0.000                0.000
    LEVEL_5[21].B7/PROPAGATE      propagate_ij_610              1                8.758                0.000                0.000                8.758                0.000                0.000                0.000                0.000                0.000
  LEVEL_5[23].B7                  bolinha_392                   2               16.266                0.000                0.000               16.266                0.000                0.000                0.000                0.000                0.000
    LEVEL_5[23].B7/GENERATE       generate_ij_516               1                7.507                0.000                0.000                7.507                0.000                0.000                0.000                0.000                0.000
    LEVEL_5[23].B7/PROPAGATE      propagate_ij_609              1                8.758                0.000                0.000                8.758                0.000                0.000                0.000                0.000                0.000
  LEVEL_5[25].B7                  bolinha_391                   2               13.763                0.000                0.000               13.763                0.000                0.000                0.000                0.000                0.000
    LEVEL_5[25].B7/GENERATE       generate_ij_515               1                7.507                0.000                0.000                7.507                0.000                0.000                0.000                0.000                0.000
    LEVEL_5[25].B7/PROPAGATE      propagate_ij_608              1                6.256                0.000                0.000                6.256                0.000                0.000                0.000                0.000                0.000
  LEVEL_5[27].B7                  bolinha_390                   2               13.763                0.000                0.000               13.763                0.000                0.000                0.000                0.000                0.000
    LEVEL_5[27].B7/GENERATE       generate_ij_514               1                7.507                0.000                0.000                7.507                0.000                0.000                0.000                0.000                0.000
    LEVEL_5[27].B7/PROPAGATE      propagate_ij_607              1                6.256                0.000                0.000                6.256                0.000                0.000                0.000                0.000                0.000
  LEVEL_5[29].B7                  bolinha_389                   2               13.763                0.000                0.000               13.763                0.000                0.000                0.000                0.000                0.000
    LEVEL_5[29].B7/GENERATE       generate_ij_513               1                7.507                0.000                0.000                7.507                0.000                0.000                0.000                0.000                0.000
    LEVEL_5[29].B7/PROPAGATE      propagate_ij_606              1                6.256                0.000                0.000                6.256                0.000                0.000                0.000                0.000                0.000
  LEVEL_5[31].B7                  bolinha_388                   2               13.763                0.000                0.000               13.763                0.000                0.000                0.000                0.000                0.000
    LEVEL_5[31].B7/GENERATE       generate_ij_512               1                7.507                0.000                0.000                7.507                0.000                0.000                0.000                0.000                0.000
    LEVEL_5[31].B7/PROPAGATE      propagate_ij_605              1                6.256                0.000                0.000                6.256                0.000                0.000                0.000                0.000                0.000
  LEVEL_6[10].B8                  bolinha_383                   2               13.763                0.000                0.000               13.763                0.000                0.000                0.000                0.000                0.000
    LEVEL_6[10].B8/GENERATE       generate_ij_507               1                7.507                0.000                0.000                7.507                0.000                0.000                0.000                0.000                0.000
    LEVEL_6[10].B8/PROPAGATE      propagate_ij_600              1                6.256                0.000                0.000                6.256                0.000                0.000                0.000                0.000                0.000
  LEVEL_6[12].B8                  bolinha_382                   2               13.763                0.000                0.000               13.763                0.000                0.000                0.000                0.000                0.000
    LEVEL_6[12].B8/GENERATE       generate_ij_506               1                7.507                0.000                0.000                7.507                0.000                0.000                0.000                0.000                0.000
    LEVEL_6[12].B8/PROPAGATE      propagate_ij_599              1                6.256                0.000                0.000                6.256                0.000                0.000                0.000                0.000                0.000
  LEVEL_6[14].B8                  bolinha_381                   2               13.763                0.000                0.000               13.763                0.000                0.000                0.000                0.000                0.000
    LEVEL_6[14].B8/GENERATE       generate_ij_505               1                7.507                0.000                0.000                7.507                0.000                0.000                0.000                0.000                0.000
    LEVEL_6[14].B8/PROPAGATE      propagate_ij_598              1                6.256                0.000                0.000                6.256                0.000                0.000                0.000                0.000                0.000
  LEVEL_6[16].B8                  bolinha_380                   2               13.763                0.000                0.000               13.763                0.000                0.000                0.000                0.000                0.000
    LEVEL_6[16].B8/GENERATE       generate_ij_504               1                7.507                0.000                0.000                7.507                0.000                0.000                0.000                0.000                0.000
    LEVEL_6[16].B8/PROPAGATE      propagate_ij_597              1                6.256                0.000                0.000                6.256                0.000                0.000                0.000                0.000                0.000
  LEVEL_6[18].B8                  bolinha_379                   2               13.763                0.000                0.000               13.763                0.000                0.000                0.000                0.000                0.000
    LEVEL_6[18].B8/GENERATE       generate_ij_503               1                7.507                0.000                0.000                7.507                0.000                0.000                0.000                0.000                0.000
    LEVEL_6[18].B8/PROPAGATE      propagate_ij_596              1                6.256                0.000                0.000                6.256                0.000                0.000                0.000                0.000                0.000
  LEVEL_6[20].B8                  bolinha_378                   2               13.763                0.000                0.000               13.763                0.000                0.000                0.000                0.000                0.000
    LEVEL_6[20].B8/GENERATE       generate_ij_502               1                7.507                0.000                0.000                7.507                0.000                0.000                0.000                0.000                0.000
    LEVEL_6[20].B8/PROPAGATE      propagate_ij_595              1                6.256                0.000                0.000                6.256                0.000                0.000                0.000                0.000                0.000
  LEVEL_6[22].B8                  bolinha_377                   3               16.266                0.000                0.000               16.266                0.000                0.000                0.000                0.000                0.000
    LEVEL_6[22].B8/GENERATE       generate_ij_501               2               10.010                0.000                0.000               10.010                0.000                0.000                0.000                0.000                0.000
    LEVEL_6[22].B8/PROPAGATE      propagate_ij_594              1                6.256                0.000                0.000                6.256                0.000                0.000                0.000                0.000                0.000
  LEVEL_6[24].B8                  bolinha_376                   3               16.266                0.000                0.000               16.266                0.000                0.000                0.000                0.000                0.000
    LEVEL_6[24].B8/GENERATE       generate_ij_500               2               10.010                0.000                0.000               10.010                0.000                0.000                0.000                0.000                0.000
    LEVEL_6[24].B8/PROPAGATE      propagate_ij_593              1                6.256                0.000                0.000                6.256                0.000                0.000                0.000                0.000                0.000
  LEVEL_6[26].B8                  bolinha_375                   3               16.266                0.000                0.000               16.266                0.000                0.000                0.000                0.000                0.000
    LEVEL_6[26].B8/GENERATE       generate_ij_499               2               10.010                0.000                0.000               10.010                0.000                0.000                0.000                0.000                0.000
    LEVEL_6[26].B8/PROPAGATE      propagate_ij_592              1                6.256                0.000                0.000                6.256                0.000                0.000                0.000                0.000                0.000
  LEVEL_6[28].B8                  bolinha_374                   3               16.266                0.000                0.000               16.266                0.000                0.000                0.000                0.000                0.000
    LEVEL_6[28].B8/GENERATE       generate_ij_498               2               10.010                0.000                0.000               10.010                0.000                0.000                0.000                0.000                0.000
    LEVEL_6[28].B8/PROPAGATE      propagate_ij_591              1                6.256                0.000                0.000                6.256                0.000                0.000                0.000                0.000                0.000
  LEVEL_6[2].B8                   bolinha_387                   2               13.763                0.000                0.000               13.763                0.000                0.000                0.000                0.000                0.000
    LEVEL_6[2].B8/GENERATE        generate_ij_511               1                7.507                0.000                0.000                7.507                0.000                0.000                0.000                0.000                0.000
    LEVEL_6[2].B8/PROPAGATE       propagate_ij_604              1                6.256                0.000                0.000                6.256                0.000                0.000                0.000                0.000                0.000
  LEVEL_6[30].B8                  bolinha_373                   3               16.266                0.000                0.000               16.266                0.000                0.000                0.000                0.000                0.000
    LEVEL_6[30].B8/GENERATE       generate_ij_497               2               10.010                0.000                0.000               10.010                0.000                0.000                0.000                0.000                0.000
    LEVEL_6[30].B8/PROPAGATE      propagate_ij_590              1                6.256                0.000                0.000                6.256                0.000                0.000                0.000                0.000                0.000
  LEVEL_6[4].B8                   bolinha_386                   2               13.763                0.000                0.000               13.763                0.000                0.000                0.000                0.000                0.000
    LEVEL_6[4].B8/GENERATE        generate_ij_510               1                7.507                0.000                0.000                7.507                0.000                0.000                0.000                0.000                0.000
    LEVEL_6[4].B8/PROPAGATE       propagate_ij_603              1                6.256                0.000                0.000                6.256                0.000                0.000                0.000                0.000                0.000
  LEVEL_6[6].B8                   bolinha_385                   2               13.763                0.000                0.000               13.763                0.000                0.000                0.000                0.000                0.000
    LEVEL_6[6].B8/GENERATE        generate_ij_509               1                7.507                0.000                0.000                7.507                0.000                0.000                0.000                0.000                0.000
    LEVEL_6[6].B8/PROPAGATE       propagate_ij_602              1                6.256                0.000                0.000                6.256                0.000                0.000                0.000                0.000                0.000
  LEVEL_6[8].B8                   bolinha_384                   2               13.763                0.000                0.000               13.763                0.000                0.000                0.000                0.000                0.000
    LEVEL_6[8].B8/GENERATE        generate_ij_508               1                7.507                0.000                0.000                7.507                0.000                0.000                0.000                0.000                0.000
    LEVEL_6[8].B8/PROPAGATE       propagate_ij_601              1                6.256                0.000                0.000                6.256                0.000                0.000                0.000                0.000                0.000
  S0                              soutput                       1                8.758                0.000                0.000                8.758                0.000                0.000                0.000                0.000                0.000
  S1                              soutput_682                   1                8.758                0.000                0.000                8.758                0.000                0.000                0.000                0.000                0.000
  S10                             soutput_673                   1               15.014                0.000                0.000               15.014                0.000                0.000                0.000                0.000                0.000
  S11                             soutput_672                   2               18.768                0.000                3.754               15.014                0.000                0.000                0.000                0.000                0.000
  S12                             soutput_671                   1               15.014                0.000                0.000               15.014                0.000                0.000                0.000                0.000                0.000
  S13                             soutput_670                   2               18.768                0.000                3.754               15.014                0.000                0.000                0.000                0.000                0.000
  S14                             soutput_669                   1               15.014                0.000                0.000               15.014                0.000                0.000                0.000                0.000                0.000
  S15                             soutput_668                   2               18.768                0.000                3.754               15.014                0.000                0.000                0.000                0.000                0.000
  S16                             soutput_667                   1               12.512                0.000                0.000               12.512                0.000                0.000                0.000                0.000                0.000
  S17                             soutput_666                   2               15.014                0.000                3.754               11.261                0.000                0.000                0.000                0.000                0.000
  S18                             soutput_665                   2               18.768                0.000                3.754               15.014                0.000                0.000                0.000                0.000                0.000
  S19                             soutput_664                   2               23.773                0.000                3.754               20.019                0.000                0.000                0.000                0.000                0.000
  S2                              soutput_681                   1                8.758                0.000                0.000                8.758                0.000                0.000                0.000                0.000                0.000
  S20                             soutput_663                   2               15.014                0.000                3.754               11.261                0.000                0.000                0.000                0.000                0.000
  S21                             soutput_662                   2               23.773                0.000                3.754               20.019                0.000                0.000                0.000                0.000                0.000
  S22                             soutput_661                   2               15.014                0.000                3.754               11.261                0.000                0.000                0.000                0.000                0.000
  S23                             soutput_660                   2               23.773                0.000                3.754               20.019                0.000                0.000                0.000                0.000                0.000
  S24                             soutput_659                   2               15.014                0.000                3.754               11.261                0.000                0.000                0.000                0.000                0.000
  S25                             soutput_658                   2               23.773                0.000                3.754               20.019                0.000                0.000                0.000                0.000                0.000
  S26                             soutput_657                   2               15.014                0.000                3.754               11.261                0.000                0.000                0.000                0.000                0.000
  S27                             soutput_656                   2               23.773                0.000                3.754               20.019                0.000                0.000                0.000                0.000                0.000
  S28                             soutput_655                   2               18.768                0.000                3.754               15.014                0.000                0.000                0.000                0.000                0.000
  S29                             soutput_654                   2               23.773                0.000                3.754               20.019                0.000                0.000                0.000                0.000                0.000
  S3                              soutput_680                   1                8.758                0.000                0.000                8.758                0.000                0.000                0.000                0.000                0.000
  S30                             soutput_653                   2               18.768                0.000                3.754               15.014                0.000                0.000                0.000                0.000                0.000
  S31                             soutput_652                   2               23.773                0.000                3.754               20.019                0.000                0.000                0.000                0.000                0.000
  S4                              soutput_679                   1                8.758                0.000                0.000                8.758                0.000                0.000                0.000                0.000                0.000
  S5                              soutput_678                   1               12.512                0.000                0.000               12.512                0.000                0.000                0.000                0.000                0.000
  S6                              soutput_677                   1               12.512                0.000                0.000               12.512                0.000                0.000                0.000                0.000                0.000
  S7                              soutput_676                   1               12.512                0.000                0.000               12.512                0.000                0.000                0.000                0.000                0.000
  S8                              soutput_675                   1               12.512                0.000                0.000               12.512                0.000                0.000                0.000                0.000                0.000
  S9                              soutput_674                   1               15.014                0.000                0.000               15.014                0.000                0.000                0.000                0.000                0.000
