============================================================
  Generated by:           Genus(TM) Synthesis Solution 23.12-s086_1
  Generated on:           Apr 11 2025  03:26:53 pm
  Module:                 sklansky_32bits
  Operating conditions:   tt_025C_1v80 
  Interconnect mode:      global
  Area mode:              physical library
============================================================

Timing
-------
  Cost    Critical         Violating 
 Group   Path Slack  TNS     Paths   
-------------------------------------
default         0.0   0.0          0 
-------------------------------------
Total                 0.0          0 

Instance Count
--------------
Leaf Instance Count             420 
Physical Instance count           0 
Sequential Instance Count         0 
Combinational Instance Count    420 
Hierarchical Instance Count     368 

Area
----
Cell Area                          3075.450
Physical Cell Area                 0.000
Total Cell Area (Cell+Physical)    3075.450
Net Area                           2350.297
Total Area (Cell+Physical+Net)     5425.747

Max Fanout                         18 (Cin)
Min Fanout                         1 (C[0])
Average Fanout                     1.9
Terms to net ratio                 2.7052
Terms to instance ratio            3.1238
Runtime                            14.864325000000001 seconds
Elapsed Runtime                    16 seconds
Genus peak memory usage            1895.84 
Innovus peak memory usage          no_value 
Hostname                           cadmicro-inf-el8-623207
