============================================================
  Generated by:           Genus(TM) Synthesis Solution 23.12-s086_1
  Generated on:           Apr 14 2025  03:28:33 pm
  Module:                 ripple_carry_adder_16bits
  Operating conditions:   tt_025C_1v80 
  Interconnect mode:      global
  Area mode:              physical library
============================================================


Path 1: MET (6750 ps) Path Delay Check
     Startpoint: (F) B[0]
       Endpoint: (R) S[15]

                   Capture    Launch  
      Path Delay:+   13700         -  
      Drv Adjust:+       0         0  
         Arrival:=   13700            
                                      
   Required Time:=   13700            
       Data Path:-    6950            
           Slack:=    6750            

Exceptions/Constraints:
  max_delay            13700            constraints.sdc_line_1 

#--------------------------------------------------------------------------------------------------------
#  Timing Point   Flags     Arc     Edge         Cell           Fanout Load Trans Delay Arrival Instance 
#                                                                      (fF)  (ps)  (ps)   (ps)  Location 
#--------------------------------------------------------------------------------------------------------
  B[0]            -       -         F     (arrival)                  1  4.2  1000     0       0    (-,-) 
  g991__1881/COUT -       A->COUT   F     sky130_fd_sc_hd__ha_1      1  5.8    77   587     587    (-,-) 
  g990__6131/COUT -       CIN->COUT F     sky130_fd_sc_hd__fa_1      1  5.8    96   389     976    (-,-) 
  g989__7098/COUT -       CIN->COUT F     sky130_fd_sc_hd__fa_1      1  5.8    96   396    1372    (-,-) 
  g988__8246/COUT -       CIN->COUT F     sky130_fd_sc_hd__fa_1      1  5.8    96   396    1769    (-,-) 
  g987__5122/COUT -       CIN->COUT F     sky130_fd_sc_hd__fa_1      1  5.8    96   396    2165    (-,-) 
  g986__1705/COUT -       CIN->COUT F     sky130_fd_sc_hd__fa_1      1  5.8    96   396    2561    (-,-) 
  g985__2802/COUT -       CIN->COUT F     sky130_fd_sc_hd__fa_1      1  5.8    96   396    2958    (-,-) 
  g984__1617/COUT -       CIN->COUT F     sky130_fd_sc_hd__fa_1      1  5.8    96   396    3354    (-,-) 
  g983__3680/COUT -       CIN->COUT F     sky130_fd_sc_hd__fa_1      1  5.8    96   396    3750    (-,-) 
  g982__6783/COUT -       CIN->COUT F     sky130_fd_sc_hd__fa_1      1  5.8    96   396    4146    (-,-) 
  g981__5526/COUT -       CIN->COUT F     sky130_fd_sc_hd__fa_1      1  5.8    96   396    4543    (-,-) 
  g980__8428/COUT -       CIN->COUT F     sky130_fd_sc_hd__fa_1      1  5.8    96   396    4939    (-,-) 
  g979__4319/COUT -       CIN->COUT F     sky130_fd_sc_hd__fa_1      1  5.8    96   396    5335    (-,-) 
  g978__6260/COUT -       CIN->COUT F     sky130_fd_sc_hd__fa_1      1  5.8    96   396    5732    (-,-) 
  g977__5107/COUT -       CIN->COUT F     sky130_fd_sc_hd__fa_1      1  5.8    96   396    6128    (-,-) 
  g976__2398/SUM  -       CIN->SUM  R     sky130_fd_sc_hd__fa_1      1 51.3   506   822    6950    (-,-) 
  S[15]           <<<     -         R     (port)                     -    -     -     0    6950    (-,-) 
#--------------------------------------------------------------------------------------------------------

