###############################################################
#  Generated by:      Cadence Innovus 23.32-s091_1
#  OS:                Linux x86_64(Host ID cadmicro-inf-el8-623207)
#  Generated on:      Mon Apr 14 13:44:54 2025
#  Design:            signal_32bits
#  Command:           report_timing > reports/report_timing.rpt
###############################################################
Path 1: MET Path Delay Check
Endpoint:   S[31] (^)
Beginpoint: A[0]  (v) triggered by  leading edge of '@'
Path Groups: {default}
Analysis View: default_emulate_view
- External Delay                0.000
+ Path Delay                    8.700
= Required Time                 8.700
- Arrival Time                  8.633
= Slack Time                    0.067
     Clock Rise Edge                      0.000
     + Input Delay                        0.000
     = Beginpoint Arrival Time            0.000
     +--------------------------------------------------------------------------------------------------------+ 
     |          Instance           |       Arc       |           Cell            | Delay | Arrival | Required | 
     |                             |                 |                           |       |  Time   |   Time   | 
     |-----------------------------+-----------------+---------------------------+-------+---------+----------| 
     |                             | A[0] v          |                           |       |   0.000 |    0.067 | 
     | addinc_add_7_30_g2499__6131 | A v -> Y ^      | sky130_fd_sc_hd__nor2_1   | 0.314 |   0.314 |    0.380 | 
     | g2                          | A2_N ^ -> X v   | sky130_fd_sc_hd__a2bb2o_2 | 0.315 |   0.628 |    0.695 | 
     | addinc_add_7_30_g2452       | A v -> Y ^      | sky130_fd_sc_hd__clkinv_1 | 0.053 |   0.682 |    0.748 | 
     | addinc_add_7_30_g2450__1666 | A2 ^ -> Y v     | sky130_fd_sc_hd__o21ai_1  | 0.076 |   0.757 |    0.824 | 
     | addinc_add_7_30_g2449       | A v -> Y ^      | sky130_fd_sc_hd__clkinv_1 | 0.066 |   0.823 |    0.890 | 
     | addinc_add_7_30_g2447__2883 | A2 ^ -> Y v     | sky130_fd_sc_hd__o21ai_1  | 0.078 |   0.901 |    0.968 | 
     | addinc_add_7_30_g2446       | A v -> Y ^      | sky130_fd_sc_hd__clkinv_1 | 0.065 |   0.966 |    1.033 | 
     | addinc_add_7_30_g2444__9315 | A2 ^ -> Y v     | sky130_fd_sc_hd__o21ai_1  | 0.080 |   1.046 |    1.113 | 
     | addinc_add_7_30_g2443       | A v -> Y ^      | sky130_fd_sc_hd__clkinv_1 | 0.066 |   1.113 |    1.179 | 
     | addinc_add_7_30_g2441__4733 | A2 ^ -> Y v     | sky130_fd_sc_hd__o21ai_1  | 0.065 |   1.177 |    1.244 | 
     | addinc_add_7_30_g2440__7482 | CIN v -> COUT v | sky130_fd_sc_hd__fa_1     | 0.398 |   1.576 |    1.643 | 
     | addinc_add_7_30_g2439__5115 | CIN v -> COUT v | sky130_fd_sc_hd__fa_1     | 0.399 |   1.975 |    2.041 | 
     | addinc_add_7_30_g2438__1881 | CIN v -> COUT v | sky130_fd_sc_hd__fa_1     | 0.415 |   2.389 |    2.456 | 
     | addinc_add_7_30_g2437__6131 | B v -> Y ^      | sky130_fd_sc_hd__nand2b_1 | 0.115 |   2.505 |    2.572 | 
     | addinc_add_7_30_g2434__5122 | A2 ^ -> Y v     | sky130_fd_sc_hd__o221ai_1 | 0.142 |   2.646 |    2.713 | 
     | addinc_add_7_30_g2432__2802 | CIN v -> COUT v | sky130_fd_sc_hd__fa_1     | 0.416 |   3.063 |    3.129 | 
     | addinc_add_7_30_g2431__1617 | CIN v -> COUT v | sky130_fd_sc_hd__fa_1     | 0.400 |   3.462 |    3.529 | 
     | addinc_add_7_30_g2430__3680 | CIN v -> COUT v | sky130_fd_sc_hd__fa_1     | 0.406 |   3.869 |    3.936 | 
     | addinc_add_7_30_g2429__6783 | CIN v -> COUT v | sky130_fd_sc_hd__fa_1     | 0.423 |   4.292 |    4.359 | 
     | addinc_add_7_30_g2428__5526 | CIN v -> COUT v | sky130_fd_sc_hd__fa_1     | 0.410 |   4.702 |    4.769 | 
     | addinc_add_7_30_g2427__8428 | CIN v -> COUT v | sky130_fd_sc_hd__fa_1     | 0.419 |   5.121 |    5.188 | 
     | addinc_add_7_30_g2426       | A v -> Y ^      | sky130_fd_sc_hd__clkinv_1 | 0.085 |   5.206 |    5.273 | 
     | addinc_add_7_30_g2425__4319 | C ^ -> X ^      | sky130_fd_sc_hd__or3_1    | 0.117 |   5.323 |    5.390 | 
     | addinc_add_7_30_g2419__7410 | A3 ^ -> X ^     | sky130_fd_sc_hd__o311a_1  | 0.201 |   5.525 |    5.591 | 
     | addinc_add_7_30_g2417__2346 | C ^ -> X ^      | sky130_fd_sc_hd__or3_1    | 0.129 |   5.654 |    5.720 | 
     | addinc_add_7_30_g2412__4733 | C ^ -> X ^      | sky130_fd_sc_hd__or3_1    | 0.096 |   5.749 |    5.816 | 
     | addinc_add_7_30_g2408__6131 | C1 ^ -> Y v     | sky130_fd_sc_hd__o211ai_1 | 0.112 |   5.861 |    5.928 | 
     | addinc_add_7_30_g2407__7098 | B_N v -> Y v    | sky130_fd_sc_hd__nor2b_1  | 0.176 |   6.037 |    6.104 | 
     | addinc_add_7_30_g2403__2802 | B v -> Y ^      | sky130_fd_sc_hd__nand2b_1 | 0.098 |   6.135 |    6.202 | 
     | addinc_add_7_30_g2400__6783 | A2 ^ -> Y v     | sky130_fd_sc_hd__o221ai_1 | 0.150 |   6.285 |    6.352 | 
     | addinc_add_7_30_g2398__8428 | CIN v -> COUT v | sky130_fd_sc_hd__fa_1     | 0.415 |   6.701 |    6.767 | 
     | addinc_add_7_30_g2397__4319 | CIN v -> COUT v | sky130_fd_sc_hd__fa_1     | 0.394 |   7.095 |    7.162 | 
     | addinc_add_7_30_g2396__6260 | CIN v -> COUT v | sky130_fd_sc_hd__fa_1     | 0.407 |   7.501 |    7.568 | 
     | addinc_add_7_30_g2395__5107 | CIN v -> COUT v | sky130_fd_sc_hd__fa_1     | 0.405 |   7.906 |    7.973 | 
     | addinc_add_7_30_g2394__2398 | CIN v -> SUM ^  | sky130_fd_sc_hd__fa_2     | 0.727 |   8.632 |    8.699 | 
     |                             | S[31] ^         |                           | 0.001 |   8.633 |    8.700 | 
     +--------------------------------------------------------------------------------------------------------+ 

