###############################################################
#  Generated by:      Cadence Innovus 23.32-s091_1
#  OS:                Linux x86_64(Host ID cadmicro-inf-el8-623207)
#  Generated on:      Mon Apr 14 13:36:53 2025
#  Design:            signal_32bits
#  Command:           report_timing > reports/report_timing.rpt
###############################################################
Path 1: MET Path Delay Check
Endpoint:   S[31] (^)
Beginpoint: A[0]  (v) triggered by  leading edge of '@'
Path Groups: {default}
Analysis View: default_emulate_view
- External Delay                0.000
+ Path Delay                    9.300
= Required Time                 9.300
- Arrival Time                  9.210
= Slack Time                    0.090
     Clock Rise Edge                      0.000
     + Input Delay                        0.000
     = Beginpoint Arrival Time            0.000
     +--------------------------------------------------------------------------------------------------------+ 
     |          Instance           |       Arc       |           Cell            | Delay | Arrival | Required | 
     |                             |                 |                           |       |  Time   |   Time   | 
     |-----------------------------+-----------------+---------------------------+-------+---------+----------| 
     |                             | A[0] v          |                           |       |   0.000 |    0.091 | 
     | addinc_add_7_30_g2429__5477 | B v -> COUT v   | sky130_fd_sc_hd__fa_1     | 0.806 |   0.806 |    0.896 | 
     | addinc_add_7_30_g2428__6417 | CIN v -> COUT v | sky130_fd_sc_hd__fa_1     | 0.406 |   1.212 |    1.303 | 
     | addinc_add_7_30_g2427__7410 | CIN v -> COUT v | sky130_fd_sc_hd__fa_1     | 0.399 |   1.611 |    1.701 | 
     | addinc_add_7_30_g2426__1666 | CIN v -> COUT v | sky130_fd_sc_hd__fa_1     | 0.402 |   2.013 |    2.103 | 
     | addinc_add_7_30_g2425__2346 | CIN v -> COUT v | sky130_fd_sc_hd__fa_1     | 0.398 |   2.411 |    2.502 | 
     | addinc_add_7_30_g2424__2883 | CIN v -> COUT v | sky130_fd_sc_hd__fa_1     | 0.413 |   2.824 |    2.915 | 
     | addinc_add_7_30_g2423__9945 | CIN v -> COUT v | sky130_fd_sc_hd__fa_1     | 0.404 |   3.228 |    3.319 | 
     | addinc_add_7_30_g2422__9315 | CIN v -> COUT v | sky130_fd_sc_hd__fa_1     | 0.416 |   3.644 |    3.735 | 
     | addinc_add_7_30_g2421__6161 | B v -> Y ^      | sky130_fd_sc_hd__nand2b_1 | 0.114 |   3.759 |    3.849 | 
     | addinc_add_7_30_g2418__5115 | A2 ^ -> Y v     | sky130_fd_sc_hd__o221ai_1 | 0.145 |   3.904 |    3.994 | 
     | addinc_add_7_30_g2416__6131 | CIN v -> COUT v | sky130_fd_sc_hd__fa_1     | 0.419 |   4.323 |    4.414 | 
     | addinc_add_7_30_g2415__7098 | CIN v -> COUT v | sky130_fd_sc_hd__fa_1     | 0.399 |   4.723 |    4.813 | 
     | addinc_add_7_30_g2414__8246 | CIN v -> COUT v | sky130_fd_sc_hd__fa_1     | 0.411 |   5.133 |    5.224 | 
     | addinc_add_7_30_g2413__5122 | CIN v -> COUT v | sky130_fd_sc_hd__fa_1     | 0.405 |   5.538 |    5.629 | 
     | addinc_add_7_30_g2412__1705 | CIN v -> COUT v | sky130_fd_sc_hd__fa_1     | 0.402 |   5.940 |    6.030 | 
     | addinc_add_7_30_g2411__2802 | CIN v -> COUT v | sky130_fd_sc_hd__fa_1     | 0.428 |   6.367 |    6.458 | 
     | addinc_add_7_30_g2410       | A v -> Y ^      | sky130_fd_sc_hd__inv_2    | 0.077 |   6.445 |    6.535 | 
     | addinc_add_7_30_g2409__1617 | C ^ -> X ^      | sky130_fd_sc_hd__or3_1    | 0.124 |   6.569 |    6.660 | 
     | addinc_add_7_30_g2403__6260 | A3 ^ -> X ^     | sky130_fd_sc_hd__o311a_1  | 0.211 |   6.780 |    6.871 | 
     | addinc_add_7_30_g2401__2398 | C ^ -> X ^      | sky130_fd_sc_hd__or3_1    | 0.135 |   6.915 |    7.005 | 
     | addinc_add_7_30_g2396__2346 | C ^ -> X ^      | sky130_fd_sc_hd__or3_1    | 0.098 |   7.012 |    7.103 | 
     | addinc_add_7_30_g2392__6161 | C1 ^ -> Y v     | sky130_fd_sc_hd__o211ai_1 | 0.113 |   7.125 |    7.216 | 
     | addinc_add_7_30_g2391__4733 | B_N v -> Y v    | sky130_fd_sc_hd__nor2b_1  | 0.177 |   7.303 |    7.393 | 
     | addinc_add_7_30_g2387__6131 | B v -> Y ^      | sky130_fd_sc_hd__nand2b_1 | 0.101 |   7.404 |    7.495 | 
     | addinc_add_7_30_g2384__5122 | A2 ^ -> Y v     | sky130_fd_sc_hd__o221ai_1 | 0.130 |   7.534 |    7.625 | 
     | addinc_add_7_30_g2382__2802 | CIN v -> COUT v | sky130_fd_sc_hd__fa_1     | 0.438 |   7.972 |    8.062 | 
     | addinc_add_7_30_g2381__1617 | A v -> X v      | sky130_fd_sc_hd__and2_1   | 0.178 |   8.150 |    8.241 | 
     | addinc_add_7_30_g2377__8428 | A1 v -> Y ^     | sky130_fd_sc_hd__a21oi_1  | 0.127 |   8.277 |    8.367 | 
     | addinc_add_7_30_g2374__5107 | A2 ^ -> Y v     | sky130_fd_sc_hd__o21ai_1  | 0.096 |   8.373 |    8.463 | 
     | addinc_add_7_30_g2373__2398 | CIN v -> SUM ^  | sky130_fd_sc_hd__fa_1     | 0.835 |   9.208 |    9.299 | 
     |                             | S[31] ^         |                           | 0.002 |   9.210 |    9.300 | 
     +--------------------------------------------------------------------------------------------------------+ 

