###############################################################
#  Generated by:      Cadence Innovus 23.32-s091_1
#  OS:                Linux x86_64(Host ID cadmicro-inf-el8-623207)
#  Generated on:      Mon Apr 14 13:02:21 2025
#  Design:            signal_32bits
#  Command:           report_timing > reports/report_timing.rpt
###############################################################
Path 1: MET Path Delay Check
Endpoint:   S[31] (^)
Beginpoint: B[0]  (v) triggered by  leading edge of '@'
Path Groups: {default}
Analysis View: default_emulate_view
- External Delay                0.000
+ Path Delay                   11.900
= Required Time                11.900
- Arrival Time                 11.857
= Slack Time                    0.043
     Clock Rise Edge                      0.000
     + Input Delay                        0.000
     = Beginpoint Arrival Time            0.000
     +-------------------------------------------------------------------------------------------------------+ 
     |          Instance          |       Arc       |           Cell            | Delay | Arrival | Required | 
     |                            |                 |                           |       |  Time   |   Time   | 
     |----------------------------+-----------------+---------------------------+-------+---------+----------| 
     |                            | B[0] v          |                           |       |   0.000 |    0.043 | 
     | addinc_add_7_30_g829__5477 | B v -> Y ^      | sky130_fd_sc_hd__nor2_1   | 0.366 |   0.366 |    0.409 | 
     | addinc_add_7_30_g815__1881 | A2 ^ -> Y v     | sky130_fd_sc_hd__o21ai_1  | 0.128 |   0.494 |    0.537 | 
     | g852                       | B1 v -> Y ^     | sky130_fd_sc_hd__o21ai_1  | 0.091 |   0.585 |    0.628 | 
     | addinc_add_7_30_g812__8246 | A ^ -> Y v      | sky130_fd_sc_hd__nand2_1  | 0.127 |   0.712 |    0.755 | 
     | addinc_add_7_30_g811__5122 | A v -> Y ^      | sky130_fd_sc_hd__nand2_1  | 0.077 |   0.788 |    0.831 | 
     | addinc_add_7_30_g809__2802 | A ^ -> Y v      | sky130_fd_sc_hd__nand2_1  | 0.074 |   0.862 |    0.905 | 
     | addinc_add_7_30_g808__1617 | A v -> Y ^      | sky130_fd_sc_hd__nand2_1  | 0.074 |   0.936 |    0.979 | 
     | addinc_add_7_30_g806__6783 | A ^ -> Y v      | sky130_fd_sc_hd__nand2_1  | 0.075 |   1.011 |    1.054 | 
     | addinc_add_7_30_g805__5526 | A v -> Y ^      | sky130_fd_sc_hd__nand2_1  | 0.071 |   1.081 |    1.124 | 
     | addinc_add_7_30_g803__4319 | A ^ -> Y v      | sky130_fd_sc_hd__nand2_1  | 0.074 |   1.155 |    1.198 | 
     | g2                         | A1 v -> X v     | sky130_fd_sc_hd__a21bo_1  | 0.203 |   1.358 |    1.401 | 
     | addinc_add_7_30_g799__5477 | B1 v -> Y ^     | sky130_fd_sc_hd__o21ai_1  | 0.080 |   1.438 |    1.481 | 
     | addinc_add_7_30_g797__7410 | B ^ -> Y v      | sky130_fd_sc_hd__nand2b_1 | 0.111 |   1.549 |    1.592 | 
     | addinc_add_7_30_g796__1666 | CIN v -> COUT v | sky130_fd_sc_hd__fa_1     | 0.397 |   1.946 |    1.989 | 
     | addinc_add_7_30_g795__2346 | CIN v -> COUT v | sky130_fd_sc_hd__fa_1     | 0.404 |   2.350 |    2.393 | 
     | addinc_add_7_30_g794__2883 | CIN v -> COUT v | sky130_fd_sc_hd__fa_1     | 0.403 |   2.753 |    2.796 | 
     | addinc_add_7_30_g793__9945 | CIN v -> COUT v | sky130_fd_sc_hd__fa_1     | 0.401 |   3.154 |    3.197 | 
     | addinc_add_7_30_g792__9315 | CIN v -> COUT v | sky130_fd_sc_hd__fa_1     | 0.401 |   3.555 |    3.598 | 
     | addinc_add_7_30_g791__6161 | CIN v -> COUT v | sky130_fd_sc_hd__fa_1     | 0.405 |   3.960 |    4.003 | 
     | addinc_add_7_30_g790__4733 | CIN v -> COUT v | sky130_fd_sc_hd__fa_1     | 0.401 |   4.360 |    4.403 | 
     | addinc_add_7_30_g789__7482 | CIN v -> COUT v | sky130_fd_sc_hd__fa_1     | 0.401 |   4.762 |    4.805 | 
     | addinc_add_7_30_g788__5115 | CIN v -> COUT v | sky130_fd_sc_hd__fa_1     | 0.397 |   5.159 |    5.202 | 
     | addinc_add_7_30_g787__1881 | CIN v -> COUT v | sky130_fd_sc_hd__fa_1     | 0.397 |   5.556 |    5.599 | 
     | addinc_add_7_30_g786__6131 | CIN v -> COUT v | sky130_fd_sc_hd__fa_1     | 0.398 |   5.954 |    5.997 | 
     | addinc_add_7_30_g785__7098 | CIN v -> COUT v | sky130_fd_sc_hd__fa_1     | 0.400 |   6.354 |    6.397 | 
     | addinc_add_7_30_g784__8246 | CIN v -> COUT v | sky130_fd_sc_hd__fa_1     | 0.400 |   6.754 |    6.797 | 
     | addinc_add_7_30_g783__5122 | CIN v -> COUT v | sky130_fd_sc_hd__fa_1     | 0.400 |   7.154 |    7.197 | 
     | addinc_add_7_30_g782__1705 | CIN v -> COUT v | sky130_fd_sc_hd__fa_1     | 0.398 |   7.552 |    7.595 | 
     | addinc_add_7_30_g781__2802 | CIN v -> COUT v | sky130_fd_sc_hd__fa_1     | 0.391 |   7.943 |    7.986 | 
     | addinc_add_7_30_g780__1617 | CIN v -> COUT v | sky130_fd_sc_hd__fa_1     | 0.395 |   8.339 |    8.382 | 
     | addinc_add_7_30_g779__3680 | CIN v -> COUT v | sky130_fd_sc_hd__fa_1     | 0.398 |   8.737 |    8.780 | 
     | addinc_add_7_30_g778__6783 | CIN v -> COUT v | sky130_fd_sc_hd__fa_1     | 0.398 |   9.134 |    9.177 | 
     | addinc_add_7_30_g777__5526 | CIN v -> COUT v | sky130_fd_sc_hd__fa_1     | 0.397 |   9.531 |    9.574 | 
     | addinc_add_7_30_g776__8428 | CIN v -> COUT v | sky130_fd_sc_hd__fa_1     | 0.394 |   9.925 |    9.968 | 
     | addinc_add_7_30_g775__4319 | CIN v -> COUT v | sky130_fd_sc_hd__fa_1     | 0.397 |  10.323 |   10.366 | 
     | addinc_add_7_30_g774__6260 | CIN v -> COUT v | sky130_fd_sc_hd__fa_1     | 0.400 |  10.723 |   10.766 | 
     | addinc_add_7_30_g773__5107 | CIN v -> COUT v | sky130_fd_sc_hd__fa_1     | 0.406 |  11.129 |   11.172 | 
     | addinc_add_7_30_g772__2398 | CIN v -> SUM ^  | sky130_fd_sc_hd__fa_2     | 0.727 |  11.856 |   11.899 | 
     |                            | S[31] ^         |                           | 0.001 |  11.857 |   11.900 | 
     +-------------------------------------------------------------------------------------------------------+ 

