============================================================
  Generated by:           Genus(TM) Synthesis Solution 23.12-s086_1
  Generated on:           Apr 14 2025  01:02:35 pm
  Module:                 signal_32bits
  Operating conditions:   tt_025C_1v80 
  Interconnect mode:      global
  Area mode:              physical library
============================================================


Path 1: MET (2 ps) Path Delay Check
     Startpoint: (F) A[0]
       Endpoint: (R) S[31]

                   Capture    Launch  
      Path Delay:+   11800         -  
      Drv Adjust:+       0         0  
         Arrival:=   11800            
                                      
   Required Time:=   11800            
       Data Path:-   11798            
           Slack:=       2            

Exceptions/Constraints:
  max_delay            11800            constraints.sdc_line_1 

#-----------------------------------------------------------------------------------------------------------------------------
#          Timing Point           Flags     Arc     Edge            Cell             Fanout Load Trans Delay Arrival Instance 
#                                                                                           (fF)  (ps)  (ps)   (ps)  Location 
#-----------------------------------------------------------------------------------------------------------------------------
  A[0]                            -       -         F     (arrival)                       1 10.8  1000     0       0    (-,-) 
  g15/Y                           -       A->Y      R     sky130_fd_sc_hd__clkinv_4       1  5.9   140   194     194    (-,-) 
  g14/Y                           -       A->Y      F     sky130_fd_sc_hd__inv_2          3 13.2    53    73     266    (-,-) 
  addinc_add_7_30_g829__6417/Y    -       A->Y      R     sky130_fd_sc_hd__nor2_1         1  6.1   280   140     406    (-,-) 
  g851/Y                          -       A2_N->Y   R     sky130_fd_sc_hd__a2bb2oi_2      1  6.3   208   176     583    (-,-) 
  g852/COUT                       -       CIN->COUT F     sky130_fd_sc_hd__fahcin_1       2  8.4   145   162     745    (-,-) 
  addinc_add_7_30_g811__5122/Y    -       A->Y      R     sky130_fd_sc_hd__nand2_1        1  5.9    78   115     860    (-,-) 
  addinc_add_7_30_g809__2802/Y    -       A->Y      F     sky130_fd_sc_hd__nand2_2        2 10.4    72    69     929    (-,-) 
  addinc_add_7_30_g808__1617/Y    -       A->Y      R     sky130_fd_sc_hd__nand2_2        1  5.9    54    70     999    (-,-) 
  addinc_add_7_30_g806__6783/Y    -       A->Y      F     sky130_fd_sc_hd__nand2_2        2 10.3    71    62    1061    (-,-) 
  g850/Y                          -       B1->Y     R     sky130_fd_sc_hd__o21ai_2        1  5.9   242    71    1132    (-,-) 
  addinc_add_7_30_g803__4319/Y    -       A->Y      F     sky130_fd_sc_hd__nand2_2        2  8.4    79    94    1226    (-,-) 
  g2/X                            -       A1->X     F     sky130_fd_sc_hd__a21bo_1        2  8.1    59   200    1427    (-,-) 
  addinc_add_7_30_g799__5477/Y    -       B1->Y     R     sky130_fd_sc_hd__o21ai_1        1  3.8   250    83    1510    (-,-) 
  addinc_add_7_30_g797__7410/Y    -       B->Y      F     sky130_fd_sc_hd__nand2b_1       1  3.6    65    94    1604    (-,-) 
  addinc_add_7_30_g796__1666/COUT -       CI->COUT  F     sky130_fd_sc_hd__fah_1          1  5.8    73   265    1869    (-,-) 
  addinc_add_7_30_g795__2346/COUT -       CIN->COUT F     sky130_fd_sc_hd__fa_1           1  5.8    96   388    2257    (-,-) 
  addinc_add_7_30_g794__2883/COUT -       CIN->COUT F     sky130_fd_sc_hd__fa_1           1  5.8    96   396    2653    (-,-) 
  addinc_add_7_30_g793__9945/COUT -       CIN->COUT F     sky130_fd_sc_hd__fa_1           1  5.8    96   396    3050    (-,-) 
  addinc_add_7_30_g792__9315/COUT -       CIN->COUT F     sky130_fd_sc_hd__fa_1           1  5.8    96   396    3446    (-,-) 
  addinc_add_7_30_g791__6161/COUT -       CIN->COUT F     sky130_fd_sc_hd__fa_1           1  5.8    96   396    3842    (-,-) 
  addinc_add_7_30_g790__4733/COUT -       CIN->COUT F     sky130_fd_sc_hd__fa_1           1  5.8    96   396    4238    (-,-) 
  addinc_add_7_30_g789__7482/COUT -       CIN->COUT F     sky130_fd_sc_hd__fa_1           1  5.8    96   396    4635    (-,-) 
  addinc_add_7_30_g788__5115/COUT -       CIN->COUT F     sky130_fd_sc_hd__fa_1           1  5.8    96   396    5031    (-,-) 
  addinc_add_7_30_g787__1881/COUT -       CIN->COUT F     sky130_fd_sc_hd__fa_1           1  5.8    96   396    5427    (-,-) 
  addinc_add_7_30_g786__6131/COUT -       CIN->COUT F     sky130_fd_sc_hd__fa_1           1  5.8    96   396    5824    (-,-) 
  addinc_add_7_30_g785__7098/COUT -       CIN->COUT F     sky130_fd_sc_hd__fa_1           1  5.8    96   396    6220    (-,-) 
  addinc_add_7_30_g784__8246/COUT -       CIN->COUT F     sky130_fd_sc_hd__fa_1           1  5.8    96   396    6616    (-,-) 
  addinc_add_7_30_g783__5122/COUT -       CIN->COUT F     sky130_fd_sc_hd__fa_1           1  5.8    96   396    7012    (-,-) 
  addinc_add_7_30_g782__1705/COUT -       CIN->COUT F     sky130_fd_sc_hd__fa_1           1  5.8    96   396    7409    (-,-) 
  addinc_add_7_30_g781__2802/COUT -       CIN->COUT F     sky130_fd_sc_hd__fa_1           1  5.8    96   396    7805    (-,-) 
  addinc_add_7_30_g780__1617/COUT -       CIN->COUT F     sky130_fd_sc_hd__fa_1           1  5.8    96   396    8201    (-,-) 
  addinc_add_7_30_g779__3680/COUT -       CIN->COUT F     sky130_fd_sc_hd__fa_1           1  5.8    96   396    8598    (-,-) 
  addinc_add_7_30_g778__6783/COUT -       CIN->COUT F     sky130_fd_sc_hd__fa_1           1  5.8    96   396    8994    (-,-) 
  addinc_add_7_30_g777__5526/COUT -       CIN->COUT F     sky130_fd_sc_hd__fa_1           1  5.8    96   396    9390    (-,-) 
  addinc_add_7_30_g776__8428/COUT -       CIN->COUT F     sky130_fd_sc_hd__fa_1           1  5.8    96   396    9787    (-,-) 
  addinc_add_7_30_g775__4319/COUT -       CIN->COUT F     sky130_fd_sc_hd__fa_1           1  5.8    96   396   10183    (-,-) 
  addinc_add_7_30_g774__6260/COUT -       CIN->COUT F     sky130_fd_sc_hd__fa_1           1  5.8    96   396   10579    (-,-) 
  addinc_add_7_30_g773__5107/COUT -       CIN->COUT F     sky130_fd_sc_hd__fa_1           1  5.8    96   396   10976    (-,-) 
  addinc_add_7_30_g772__2398/SUM  -       CIN->SUM  R     sky130_fd_sc_hd__fa_1           1 51.3   506   822   11797    (-,-) 
  S[31]                           <<<     -         R     (port)                          -    -     -     0   11798    (-,-) 
#-----------------------------------------------------------------------------------------------------------------------------

