============================================================
  Generated by:           Genus(TM) Synthesis Solution 23.12-s086_1
  Generated on:           Apr 11 2025  02:19:00 pm
  Module:                 cla_32bits
  Operating conditions:   tt_025C_1v80 
  Interconnect mode:      global
  Area mode:              physical library
============================================================

             Instance                   Module      Cell-Count  Cell-Area  Net-Area   Total-Area 
-------------------------------------------------------------------------------------------------
cla_32bits                         NA                      505   3305.670  2620.579     5926.249 
  B10                              bolinha                   4     17.517     6.787       24.304 
    GENERATE                       generate_ij               3     11.261     6.787       18.048 
    PROPAGATE                      propagate_ij              1      6.256     0.000        6.256 
  C0                               carry                     1      7.507     0.000        7.507 
  C1                               carry_202                 1      7.507     0.000        7.507 
  C10                              carry_193                 1      7.507     0.000        7.507 
  C11                              carry_192                 1      7.507     0.000        7.507 
  C12                              carry_191                 1      7.507     0.000        7.507 
  C13                              carry_190                 1      7.507     0.000        7.507 
  C14                              carry_189                 1      7.507     0.000        7.507 
  C15                              carry_188                 1      7.507     0.000        7.507 
  C16                              carry_187                 1      7.507     0.000        7.507 
  C17                              carry_186                 1      7.507     0.000        7.507 
  C18                              carry_185                 1      7.507     0.000        7.507 
  C19                              carry_184                 1      7.507     0.000        7.507 
  C2                               carry_201                 1      7.507     0.000        7.507 
  C20                              carry_183                 1      7.507     0.000        7.507 
  C21                              carry_182                 2     17.517     3.394       20.911 
  C22                              carry_181                 2     20.019     3.394       23.413 
  C23                              carry_180                 1      7.507     0.000        7.507 
  C24                              carry_179                 3     11.261     6.787       18.048 
  C25                              carry_178                 3     18.768     6.787       25.555 
  C26                              carry_177                 3     13.763     6.787       20.551 
  C27                              carry_176                 1      7.507     0.000        7.507 
  C28                              carry_175                 1      7.507     0.000        7.507 
  C29                              carry_174                 3     21.270     6.787       28.058 
  C3                               carry_200                 1      7.507     0.000        7.507 
  C30                              carry_173                 3     21.270     6.787       28.058 
  C31                              carry_172                 3     30.029     6.787       36.816 
  C4                               carry_199                 1      7.507     0.000        7.507 
  C5                               carry_198                 1      7.507     0.000        7.507 
  C6                               carry_197                 1      7.507     0.000        7.507 
  C7                               carry_196                 1      7.507     0.000        7.507 
  C8                               carry_195                 1      7.507     0.000        7.507 
  C9                               carry_194                 1      7.507     0.000        7.507 
  CLA1                             cla4x3                   11     68.816    20.275       89.091 
  CLA10                            cla4x3_210                9     58.806    10.181       68.988 
  CLA11                            cla4x3_209                7     43.792     3.394       47.186 
  CLA12                            cla4x3_208                6     41.290     0.000       41.290 
  CLA13                            cla4x3_207               11     75.072    16.969       92.041 
  CLA14                            cla4x3_206               12     78.826    20.362       99.188 
  CLA15                            cla4x3_205               12     63.811    20.362       84.174 
  CLA16                            cla4x3_204                9     48.797    10.181       58.978 
  CLA17                            cla4x3_203               14     90.086    27.150      117.236 
  CLA2                             cla4x3_218               10     60.058    15.228       75.286 
  CLA3                             cla4x3_217               11     73.821    16.969       90.790 
  CLA4                             cla4x3_216               16     86.333    35.591      121.924 
  CLA5                             cla4x3_215                8     53.802     6.787       60.589 
  CLA6                             cla4x3_214                8     55.053     6.787       61.840 
  CLA7                             cla4x3_213                6     48.797     0.000       48.797 
  CLA8                             cla4x3_212                4     27.526     0.000       27.526 
  CLA9                             cla4x3_211               16    102.598    37.244      139.843 
  GENERATE_PROPAGATE[0].GENERATE   generate_i                3     11.261     6.787       18.048 
  GENERATE_PROPAGATE[0].PROPAGATE  propagate_i               5     23.773    16.882       40.654 
  GENERATE_PROPAGATE[10].GENERATE  generate_i_240            1      6.256     0.000        6.256 
  GENERATE_PROPAGATE[10].PROPAGATE propagate_i_271           5     26.275    13.575       39.850 
  GENERATE_PROPAGATE[11].GENERATE  generate_i_239            1      6.256     0.000        6.256 
  GENERATE_PROPAGATE[11].PROPAGATE propagate_i_270           5     21.270    13.575       34.845 
  GENERATE_PROPAGATE[12].GENERATE  generate_i_238            1      6.256     0.000        6.256 
  GENERATE_PROPAGATE[12].PROPAGATE propagate_i_269           5     21.270    13.575       34.845 
  GENERATE_PROPAGATE[13].GENERATE  generate_i_237            1      6.256     0.000        6.256 
  GENERATE_PROPAGATE[13].PROPAGATE propagate_i_268           4     30.029    10.181       40.210 
  GENERATE_PROPAGATE[14].GENERATE  generate_i_236            1      6.256     0.000        6.256 
  GENERATE_PROPAGATE[14].PROPAGATE propagate_i_267           4     35.034    10.181       45.215 
  GENERATE_PROPAGATE[15].GENERATE  generate_i_235            1      6.256     0.000        6.256 
  GENERATE_PROPAGATE[15].PROPAGATE propagate_i_266           1     16.266     0.000       16.266 
  GENERATE_PROPAGATE[16].GENERATE  generate_i_234            1      6.256     0.000        6.256 
  GENERATE_PROPAGATE[16].PROPAGATE propagate_i_265           3     18.768     6.787       25.555 
  GENERATE_PROPAGATE[17].GENERATE  generate_i_233            1      6.256     0.000        6.256 
  GENERATE_PROPAGATE[17].PROPAGATE propagate_i_264           3     18.768     6.787       25.555 
  GENERATE_PROPAGATE[18].GENERATE  generate_i_232            1      6.256     0.000        6.256 
  GENERATE_PROPAGATE[18].PROPAGATE propagate_i_263           3     18.768     6.787       25.555 
  GENERATE_PROPAGATE[19].GENERATE  generate_i_231            1      6.256     0.000        6.256 
  GENERATE_PROPAGATE[19].PROPAGATE propagate_i_262           1      8.758     0.000        8.758 
  GENERATE_PROPAGATE[1].GENERATE   generate_i_249            3     11.261     6.787       18.048 
  GENERATE_PROPAGATE[1].PROPAGATE  propagate_i_280           5     18.768    13.575       32.343 
  GENERATE_PROPAGATE[20].GENERATE  generate_i_230            1      8.758     0.000        8.758 
  GENERATE_PROPAGATE[20].PROPAGATE propagate_i_261           5     26.275    13.575       39.850 
  GENERATE_PROPAGATE[21].GENERATE  generate_i_229            1      6.256     0.000        6.256 
  GENERATE_PROPAGATE[21].PROPAGATE propagate_i_260           5     21.270    13.575       34.845 
  GENERATE_PROPAGATE[22].GENERATE  generate_i_228            1      6.256     0.000        6.256 
  GENERATE_PROPAGATE[22].PROPAGATE propagate_i_259           5     21.270    13.575       34.845 
  GENERATE_PROPAGATE[23].GENERATE  generate_i_227            1      6.256     0.000        6.256 
  GENERATE_PROPAGATE[23].PROPAGATE propagate_i_258           1     12.512     0.000       12.512 
  GENERATE_PROPAGATE[24].GENERATE  generate_i_226            1      6.256     0.000        6.256 
  GENERATE_PROPAGATE[24].PROPAGATE propagate_i_257           3     23.773     6.787       30.560 
  GENERATE_PROPAGATE[25].GENERATE  generate_i_225            1      6.256     0.000        6.256 
  GENERATE_PROPAGATE[25].PROPAGATE propagate_i_256           1     16.266     0.000       16.266 
  GENERATE_PROPAGATE[26].GENERATE  generate_i_224            1      6.256     0.000        6.256 
  GENERATE_PROPAGATE[26].PROPAGATE propagate_i_255           1     12.512     0.000       12.512 
  GENERATE_PROPAGATE[27].GENERATE  generate_i_223            1      6.256     0.000        6.256 
  GENERATE_PROPAGATE[27].PROPAGATE propagate_i_254           1      8.758     0.000        8.758 
  GENERATE_PROPAGATE[28].GENERATE  generate_i_222            1      6.256     0.000        6.256 
  GENERATE_PROPAGATE[28].PROPAGATE propagate_i_253           2     18.768     5.047       23.815 
  GENERATE_PROPAGATE[29].GENERATE  generate_i_221            1      6.256     0.000        6.256 
  GENERATE_PROPAGATE[29].PROPAGATE propagate_i_252           2     12.512     5.047       17.559 
  GENERATE_PROPAGATE[2].GENERATE   generate_i_248            1      6.256     0.000        6.256 
  GENERATE_PROPAGATE[2].PROPAGATE  propagate_i_279           4     30.029    10.181       40.210 
  GENERATE_PROPAGATE[30].GENERATE  generate_i_220            1      6.256     0.000        6.256 
  GENERATE_PROPAGATE[30].PROPAGATE propagate_i_251           1      8.758     0.000        8.758 
  GENERATE_PROPAGATE[31].GENERATE  generate_i_219            1      6.256     0.000        6.256 
  GENERATE_PROPAGATE[31].PROPAGATE propagate_i_250           1      8.758     0.000        8.758 
  GENERATE_PROPAGATE[3].GENERATE   generate_i_247            1      6.256     0.000        6.256 
  GENERATE_PROPAGATE[3].PROPAGATE  propagate_i_278           3     18.768     6.787       25.555 
  GENERATE_PROPAGATE[4].GENERATE   generate_i_246            3     11.261     6.787       18.048 
  GENERATE_PROPAGATE[4].PROPAGATE  propagate_i_277           1     27.526     0.000       27.526 
  GENERATE_PROPAGATE[5].GENERATE   generate_i_245            1      6.256     0.000        6.256 
  GENERATE_PROPAGATE[5].PROPAGATE  propagate_i_276           1     27.526     0.000       27.526 
  GENERATE_PROPAGATE[6].GENERATE   generate_i_244            1      6.256     0.000        6.256 
  GENERATE_PROPAGATE[6].PROPAGATE  propagate_i_275           5     21.270    13.575       34.845 
  GENERATE_PROPAGATE[7].GENERATE   generate_i_243            1      6.256     0.000        6.256 
  GENERATE_PROPAGATE[7].PROPAGATE  propagate_i_274           4     35.034    10.181       45.215 
  GENERATE_PROPAGATE[8].GENERATE   generate_i_242            1      7.507     0.000        7.507 
  GENERATE_PROPAGATE[8].PROPAGATE  propagate_i_273           5     21.270    13.575       34.845 
  GENERATE_PROPAGATE[9].GENERATE   generate_i_241            1      7.507     0.000        7.507 
  GENERATE_PROPAGATE[9].PROPAGATE  propagate_i_272           5     21.270    13.575       34.845 
  S0                               soutput                   1      8.758     0.000        8.758 
  S1                               soutput_311               1      8.758     0.000        8.758 
  S10                              soutput_302               2     15.014     3.394       18.408 
  S11                              soutput_301               4     25.024    10.181       35.205 
  S12                              soutput_300               1     12.512     0.000       12.512 
  S13                              soutput_299               2     15.014     3.394       18.408 
  S14                              soutput_298               2     18.768     3.394       22.162 
  S15                              soutput_297               5     48.797    15.228       64.025 
  S16                              soutput_296               1     12.512     0.000       12.512 
  S17                              soutput_295               2     15.014     3.394       18.408 
  S18                              soutput_294               2     18.768     3.394       22.162 
  S19                              soutput_293               5     47.546    15.228       62.774 
  S2                               soutput_310               1      8.758     0.000        8.758 
  S20                              soutput_292               2     15.014     3.394       18.408 
  S21                              soutput_291               4     20.019    10.181       30.200 
  S22                              soutput_290               3     42.541     6.787       49.328 
  S23                              soutput_289               3     42.541     6.787       49.328 
  S24                              soutput_288               2     15.014     3.394       18.408 
  S25                              soutput_287               3     23.773     6.787       30.560 
  S26                              soutput_286               4     48.797    10.181       58.978 
  S27                              soutput_285               5     45.043    13.575       58.618 
  S28                              soutput_284               2     18.768     3.394       22.162 
  S29                              soutput_283               4     25.024    10.181       35.205 
  S3                               soutput_309               2     12.512     3.394       15.906 
  S30                              soutput_282               5     45.043    13.575       58.618 
  S31                              soutput_281               4     51.299    10.181       61.480 
  S4                               soutput_308               1      8.758     0.000        8.758 
  S5                               soutput_307               1     12.512     0.000       12.512 
  S6                               soutput_306               1     12.512     0.000       12.512 
  S7                               soutput_305               1     25.024     0.000       25.024 
  S8                               soutput_304               1     12.512     0.000       12.512 
  S9                               soutput_303               1     12.512     0.000       12.512 
