============================================================
  Generated by:           Genus(TM) Synthesis Solution 23.12-s086_1
  Generated on:           Apr 11 2025  02:19:00 pm
  Module:                 cla_32bits
  Operating conditions:   tt_025C_1v80 
  Interconnect mode:      global
  Area mode:              physical library
============================================================

Timing
-------
  Cost    Critical         Violating 
 Group   Path Slack  TNS     Paths   
-------------------------------------
default         0.0   0.0          0 
-------------------------------------
Total                 0.0          0 

Instance Count
--------------
Leaf Instance Count             505 
Physical Instance count           0 
Sequential Instance Count         0 
Combinational Instance Count    505 
Hierarchical Instance Count     148 

Area
----
Cell Area                          3305.670
Physical Cell Area                 0.000
Total Cell Area (Cell+Physical)    3305.670
Net Area                           2620.579
Total Area (Cell+Physical+Net)     5926.249

Max Fanout                         18 (n_4)
Min Fanout                         0 (G3128)
Average Fanout                     1.7
Terms to net ratio                 2.5540
Terms to instance ratio            2.9030
Runtime                            16.815481 seconds
Elapsed Runtime                    17 seconds
Genus peak memory usage            1898.73 
Innovus peak memory usage          no_value 
Hostname                           cadmicro-inf-el8-623207
