============================================================
  Generated by:           Genus(TM) Synthesis Solution 23.12-s086_1
  Generated on:           Apr 11 2025  04:03:52 pm
  Module:                 han_carlson_32bits
  Operating conditions:   tt_025C_1v80 
  Interconnect mode:      global
  Area mode:              physical library
============================================================


Path 1: MET (0 ps) Path Delay Check
     Startpoint: (F) B[10]
       Endpoint: (F) S[23]

                   Capture    Launch  
      Path Delay:+    1949         -  
      Drv Adjust:+       0         0  
         Arrival:=    1949            
                                      
   Required Time:=    1949            
       Data Path:-    1949            
           Slack:=       0            

Exceptions/Constraints:
  max_delay             1949            constraints.sdc_line_1 

#-------------------------------------------------------------------------------------------------------------------------------------
#                Timing Point                  Flags   Arc   Edge           Cell             Fanout Load Trans Delay Arrival Instance 
#                                                                                                   (fF)  (ps)  (ps)   (ps)  Location 
#-------------------------------------------------------------------------------------------------------------------------------------
  B[10]                                        -       -     F     (arrival)                      1  3.3  1000     0       0    (-,-) 
  g16/X                                        -       A->X  F     sky130_fd_sc_hd__clkbuf_1      3 11.3    89   355     355    (-,-) 
  GENERATE_PROPAGATE[10].PROPAGATE/g2/Y        -       B->Y  R     sky130_fd_sc_hd__nand2b_1      1  3.7    71    90     446    (-,-) 
  GENERATE_PROPAGATE[10].PROPAGATE/g19__5107/Y -       B->Y  F     sky130_fd_sc_hd__nand2_1       2  6.1    78    73     518    (-,-) 
  LEVEL_1[11].B1/PROPAGATE/g12__4319/Y         -       B->Y  R     sky130_fd_sc_hd__nand2_1       1  5.9    73    95     613    (-,-) 
  LEVEL_1[11].B1/PROPAGATE/g11/Y               -       A->Y  F     sky130_fd_sc_hd__inv_2         3  9.3    32    47     660    (-,-) 
  LEVEL_2[13].B2/PROPAGATE/g11__7482/X         -       B->X  F     sky130_fd_sc_hd__and2_4        3 10.4    38   157     817    (-,-) 
  LEVEL_3[13].B4/PROPAGATE/g2__7410/X          -       B->X  F     sky130_fd_sc_hd__and2_4        3  8.3    35   156     973    (-,-) 
  LEVEL_4[21].B8/PROPAGATE/g11__6783/X         -       B->X  F     sky130_fd_sc_hd__and2_1        2  5.6    48   159    1132    (-,-) 
  LEVEL_5[21].B9/GENERATE/g13__7410/X          -       A1->X F     sky130_fd_sc_hd__a21o_1        2  6.4    50   168    1300    (-,-) 
  LEVEL_6[22].B10/GENERATE/g14__3680/Y         -       A->Y  R     sky130_fd_sc_hd__nand2_1       1  3.8    80    62    1362    (-,-) 
  LEVEL_6[22].B10/GENERATE/g13__6783/Y         -       B->Y  F     sky130_fd_sc_hd__nand2b_1      1  3.5    48    63    1426    (-,-) 
  C22/g13__6783/X                              -       B1->X F     sky130_fd_sc_hd__a21o_1        2  6.2    50   166    1591    (-,-) 
  S23/g10__5115/X                              -       A0->X F     sky130_fd_sc_hd__mux2_4        1 51.3   115   358    1949    (-,-) 
  S[23]                                        <<<     -     F     (port)                         -    -     -     0    1949    (-,-) 
#-------------------------------------------------------------------------------------------------------------------------------------

