###############################################################
#  Generated by:      Cadence Innovus 23.32-s091_1
#  OS:                Linux x86_64(Host ID cadmicro-inf-el8-623207)
#  Generated on:      Fri Apr 11 14:17:03 2025
#  Design:            cla_32bits
#  Command:           report_timing > reports/report_timing.rpt
###############################################################
Path 1: VIOLATED Path Delay Check
Endpoint:   S[31] (^)
Beginpoint: A[20] (v) triggered by  leading edge of '@'
Path Groups: {default}
Analysis View: default_emulate_view
- External Delay                0.000
+ Path Delay                    1.815
= Required Time                 1.815
- Arrival Time                  1.860
= Slack Time                   -0.045
     Clock Rise Edge                      0.000
     + Input Delay                        0.000
     = Beginpoint Arrival Time            0.000
     +----------------------------------------------------------------------------------------------------------------+ 
     |                 Instance                 |     Arc     |           Cell           | Delay | Arrival | Required | 
     |                                          |             |                          |       |  Time   |   Time   | 
     |------------------------------------------+-------------+--------------------------+-------+---------+----------| 
     |                                          | A[20] v     |                          |       |   0.000 |   -0.045 | 
     | GENERATE_PROPAGATE[20].GENERATE/g2__6260 | B v -> X v  | sky130_fd_sc_hd__and2_4  | 0.526 |   0.526 |    0.481 | 
     | CLA6/g140__2346                          | A1 v -> X v | sky130_fd_sc_hd__a21o_1  | 0.169 |   0.695 |    0.650 | 
     | CLA6/g137__146                           | A v -> Y ^  | sky130_fd_sc_hd__nand2_1 | 0.055 |   0.749 |    0.704 | 
     | CLA6/g144                                | A ^ -> Y v  | sky130_fd_sc_hd__nand2_1 | 0.063 |   0.813 |    0.768 | 
     | CLA6/g135__147                           | A v -> Y ^  | sky130_fd_sc_hd__nand2_1 | 0.058 |   0.871 |    0.826 | 
     | CLA6/g1                                  | A ^ -> Y v  | sky130_fd_sc_hd__nand2_1 | 0.059 |   0.930 |    0.885 | 
     | CLA13/g455                               | B1 v -> Y ^ | sky130_fd_sc_hd__a21oi_2 | 0.148 |   1.078 |    1.033 | 
     | CLA13/g41                                | B ^ -> Y v  | sky130_fd_sc_hd__nand2_4 | 0.097 |   1.176 |    1.131 | 
     | CLA13/g39                                | A v -> Y ^  | sky130_fd_sc_hd__nand2_4 | 0.070 |   1.246 |    1.201 | 
     | CLA13/g38                                | A ^ -> Y v  | sky130_fd_sc_hd__nand2_4 | 0.057 |   1.302 |    1.257 | 
     | CLA17/g365__6783                         | A v -> Y ^  | sky130_fd_sc_hd__nand2_4 | 0.058 |   1.361 |    1.316 | 
     | CLA17/g361__6260                         | A ^ -> Y v  | sky130_fd_sc_hd__nand2_4 | 0.050 |   1.410 |    1.365 | 
     | CLA17/g358__2398                         | A v -> Y ^  | sky130_fd_sc_hd__nand2_4 | 0.058 |   1.468 |    1.423 | 
     | CLA17/g357__5477                         | A ^ -> Y v  | sky130_fd_sc_hd__nand2_4 | 0.052 |   1.521 |    1.476 | 
     | C30/g15                                  | A v -> Y ^  | sky130_fd_sc_hd__inv_4   | 0.050 |   1.570 |    1.525 | 
     | C30/g13                                  | A ^ -> Y v  | sky130_fd_sc_hd__nand2_4 | 0.048 |   1.618 |    1.573 | 
     | S31/g19                                  | A v -> Y ^  | sky130_fd_sc_hd__inv_4   | 0.060 |   1.678 |    1.633 | 
     | S31/g17__1617                            | A ^ -> Y v  | sky130_fd_sc_hd__nand2_4 | 0.054 |   1.732 |    1.687 | 
     | S31/g15__20                              | A v -> Y ^  | sky130_fd_sc_hd__nand2_8 | 0.127 |   1.859 |    1.814 | 
     |                                          | S[31] ^     |                          | 0.001 |   1.860 |    1.815 | 
     +----------------------------------------------------------------------------------------------------------------+ 

