    Hinst Name                    Module Name          Inst Count           Total Area
-----------------------------------------------------------------------------------
cla_32bits                                                    499             3744.842
  B10                             bolinha                       4               17.517
    B10/GENERATE                  generate_ij                   3               11.261
    B10/PROPAGATE                 propagate_ij                  1                6.256
  C0                              carry                         1                7.507
  C1                              carry_202                     1                7.507
  C10                             carry_193                     3               13.763
  C11                             carry_192                     1                7.507
  C12                             carry_191                     1                7.507
  C13                             carry_190                     1                7.507
  C14                             carry_189                     3               16.266
  C15                             carry_188                     1                7.507
  C16                             carry_187                     2               17.517
  C17                             carry_186                     2               17.517
  C18                             carry_185                     3               21.270
  C19                             carry_184                     1                7.507
  C2                              carry_201                     1                7.507
  C20                             carry_183                     1                7.507
  C21                             carry_182                     2               10.010
  C22                             carry_181                     2               20.019
  C23                             carry_180                     1                7.507
  C24                             carry_179                     2               17.517
  C25                             carry_178                     2               17.517
  C26                             carry_177                     3               16.266
  C27                             carry_176                     2               17.517
  C28                             carry_175                     2               17.517
  C29                             carry_174                     2               10.010
  C3                              carry_200                     1                7.507
  C30                             carry_173                     3               23.773
  C31                             carry_172                     3               30.029
  C4                              carry_199                     1                7.507
  C5                              carry_198                     1                7.507
  C6                              carry_197                     1                7.507
  C7                              carry_196                     1                7.507
  C8                              carry_195                     1                7.507
  C9                              carry_194                     1                7.507
  CLA1                            cla4x3                       16               97.594
  CLA10                           cla4x3_210                   11               61.309
  CLA11                           cla4x3_209                    8               46.294
  CLA12                           cla4x3_208                    7               43.792
  CLA13                           cla4x3_207                   13              112.608
  CLA14                           cla4x3_206                   12               68.816
  CLA15                           cla4x3_205                   11               60.058
  CLA16                           cla4x3_204                   11               63.811
  CLA17                           cla4x3_203                   12              103.850
  CLA2                            cla4x3_218                   13               85.082
  CLA3                            cla4x3_217                   13              102.598
  CLA4                            cla4x3_216                   12               98.845
  CLA5                            cla4x3_215                   13               93.840
  CLA6                            cla4x3_214                   10               53.802
  CLA7                            cla4x3_213                    6               48.797
  CLA8                            cla4x3_212                    4               27.526
  CLA9                            cla4x3_211                   17              142.637
  GENERATE_PROPAGATE[0].GENERATE  generate_i                    1                8.758
  GENERATE_PROPAGATE[0].PROPAGATE propagate_i                   1               27.526
  GENERATE_PROPAGATE[10].GENERATE generate_i_240                1                8.758
  GENERATE_PROPAGATE[10].PROPAGATE propagate_i_271               5               41.290
  GENERATE_PROPAGATE[11].GENERATE generate_i_239                1                6.256
  GENERATE_PROPAGATE[11].PROPAGATE propagate_i_270               5               47.546
  GENERATE_PROPAGATE[12].GENERATE generate_i_238                1                8.758
  GENERATE_PROPAGATE[12].PROPAGATE propagate_i_269               5               21.270
  GENERATE_PROPAGATE[13].GENERATE generate_i_237                3               11.261
  GENERATE_PROPAGATE[13].PROPAGATE propagate_i_268               5               56.304
  GENERATE_PROPAGATE[14].GENERATE generate_i_236                1                8.758
  GENERATE_PROPAGATE[14].PROPAGATE propagate_i_267               5               36.285
  GENERATE_PROPAGATE[15].GENERATE generate_i_235                1                6.256
  GENERATE_PROPAGATE[15].PROPAGATE propagate_i_266               4               45.043
  GENERATE_PROPAGATE[16].GENERATE generate_i_234                1                8.758
  GENERATE_PROPAGATE[16].PROPAGATE propagate_i_265               5               26.275
  GENERATE_PROPAGATE[17].GENERATE generate_i_233                1                8.758
  GENERATE_PROPAGATE[17].PROPAGATE propagate_i_264               4               33.782
  GENERATE_PROPAGATE[18].GENERATE generate_i_232                1                6.256
  GENERATE_PROPAGATE[18].PROPAGATE propagate_i_263               1               27.526
  GENERATE_PROPAGATE[19].GENERATE generate_i_231                1                6.256
  GENERATE_PROPAGATE[19].PROPAGATE propagate_i_262               5               26.275
  GENERATE_PROPAGATE[1].GENERATE  generate_i_249                1                6.256
  GENERATE_PROPAGATE[1].PROPAGATE propagate_i_280               4               35.034
  GENERATE_PROPAGATE[20].GENERATE generate_i_230                1                8.758
  GENERATE_PROPAGATE[20].PROPAGATE propagate_i_261               5               31.280
  GENERATE_PROPAGATE[21].GENERATE generate_i_229                1                6.256
  GENERATE_PROPAGATE[21].PROPAGATE propagate_i_260               3               33.782
  GENERATE_PROPAGATE[22].GENERATE generate_i_228                1                6.256
  GENERATE_PROPAGATE[22].PROPAGATE propagate_i_259               5               26.275
  GENERATE_PROPAGATE[23].GENERATE generate_i_227                1                6.256
  GENERATE_PROPAGATE[23].PROPAGATE propagate_i_258               5               26.275
  GENERATE_PROPAGATE[24].GENERATE generate_i_226                1                6.256
  GENERATE_PROPAGATE[24].PROPAGATE propagate_i_257               5               33.782
  GENERATE_PROPAGATE[25].GENERATE generate_i_225                1                6.256
  GENERATE_PROPAGATE[25].PROPAGATE propagate_i_256               5               26.275
  GENERATE_PROPAGATE[26].GENERATE generate_i_224                1                6.256
  GENERATE_PROPAGATE[26].PROPAGATE propagate_i_255               1               16.266
  GENERATE_PROPAGATE[27].GENERATE generate_i_223                1                6.256
  GENERATE_PROPAGATE[27].PROPAGATE propagate_i_254               1               16.266
  GENERATE_PROPAGATE[28].GENERATE generate_i_222                1                6.256
  GENERATE_PROPAGATE[28].PROPAGATE propagate_i_253               1               16.266
  GENERATE_PROPAGATE[29].GENERATE generate_i_221                1                6.256
  GENERATE_PROPAGATE[29].PROPAGATE propagate_i_252               1               16.266
  GENERATE_PROPAGATE[2].GENERATE  generate_i_248                1                6.256
  GENERATE_PROPAGATE[2].PROPAGATE propagate_i_279               5               26.275
  GENERATE_PROPAGATE[30].GENERATE generate_i_220                1                6.256
  GENERATE_PROPAGATE[30].PROPAGATE propagate_i_251               1                8.758
  GENERATE_PROPAGATE[31].GENERATE generate_i_219                1                6.256
  GENERATE_PROPAGATE[31].PROPAGATE propagate_i_250               1                8.758
  GENERATE_PROPAGATE[3].GENERATE  generate_i_247                1                6.256
  GENERATE_PROPAGATE[3].PROPAGATE propagate_i_278               4               27.526
  GENERATE_PROPAGATE[4].GENERATE  generate_i_246                1                8.758
  GENERATE_PROPAGATE[4].PROPAGATE propagate_i_277               4               22.522
  GENERATE_PROPAGATE[5].GENERATE  generate_i_245                1                6.256
  GENERATE_PROPAGATE[5].PROPAGATE propagate_i_276               5               47.546
  GENERATE_PROPAGATE[6].GENERATE  generate_i_244                1                6.256
  GENERATE_PROPAGATE[6].PROPAGATE propagate_i_275               5               21.270
  GENERATE_PROPAGATE[7].GENERATE  generate_i_243                1                6.256
  GENERATE_PROPAGATE[7].PROPAGATE propagate_i_274               5               31.280
  GENERATE_PROPAGATE[8].GENERATE  generate_i_242                1                8.758
  GENERATE_PROPAGATE[8].PROPAGATE propagate_i_273               5               32.531
  GENERATE_PROPAGATE[9].GENERATE  generate_i_241                1                8.758
  GENERATE_PROPAGATE[9].PROPAGATE propagate_i_272               5               21.270
  S0                              soutput                       1                8.758
  S1                              soutput_311                   1                8.758
  S10                             soutput_302                   2               23.773
  S11                             soutput_301                   4               27.526
  S12                             soutput_300                   2               18.768
  S13                             soutput_299                   2               23.773
  S14                             soutput_298                   2               23.773
  S15                             soutput_297                   5               45.043
  S16                             soutput_296                   2               15.014
  S17                             soutput_295                   2               23.773
  S18                             soutput_294                   2               23.773
  S19                             soutput_293                   4               51.299
  S2                              soutput_310                   1                8.758
  S20                             soutput_292                   2               15.014
  S21                             soutput_291                   4               25.024
  S22                             soutput_290                   3               31.280
  S23                             soutput_289                   4               48.797
  S24                             soutput_288                   2               23.773
  S25                             soutput_287                   4               35.034
  S26                             soutput_286                   4               30.029
  S27                             soutput_285                   4               43.792
  S28                             soutput_284                   2               23.773
  S29                             soutput_283                   3               42.541
  S3                              soutput_309                   1               12.512
  S30                             soutput_282                   4               45.043
  S31                             soutput_281                   5               47.546
  S4                              soutput_308                   1                8.758
  S5                              soutput_307                   2               15.014
  S6                              soutput_306                   2               15.014
  S7                              soutput_305                   2               23.773
  S8                              soutput_304                   2               15.014
  S9                              soutput_303                   2               15.014
