============================================================
  Generated by:           Genus(TM) Synthesis Solution 23.12-s086_1
  Generated on:           Jan 27 2025  03:02:09 pm
  Module:                 alu
  Technology libraries:   fast_vdd1v2 1.0
                          physical_cells 
                          fast_vdd1v2 1.0
                          physical_cells 
  Operating conditions:   PVT_1P32V_0C 
  Interconnect mode:      global
  Area mode:              physical library
============================================================

                                 
    Gate      Instances   Area       Library    
------------------------------------------------
ADDHX1LVT            17   63.954    fast_vdd1v2 
AND2X1LVT             3    4.104    fast_vdd1v2 
AND3XLLVT             2    4.104    fast_vdd1v2 
AOI221X1LVT          18   43.092    fast_vdd1v2 
AOI22X1LVT           16   32.832    fast_vdd1v2 
AOI2BB1X1LVT          2    4.104    fast_vdd1v2 
AOI31X2LVT            1    3.420    fast_vdd1v2 
AOI32X1LVT            2    4.788    fast_vdd1v2 
CLKINVX4LVT           1    1.710    fast_vdd1v2 
CLKXOR2X1LVT         12   32.832    fast_vdd1v2 
DFFRHQX1LVT          53  326.268    fast_vdd1v2 
DFFRX1LVT             3   20.520    fast_vdd1v2 
INVX1LVT             13    8.892    fast_vdd1v2 
INVX2LVT              1    1.026    fast_vdd1v2 
INVXLLVT              1    0.684    fast_vdd1v2 
MXI2X1LVT             1    2.736    fast_vdd1v2 
MXI2XLLVT             1    2.394    fast_vdd1v2 
NAND2BX1LVT          10   13.680    fast_vdd1v2 
NAND2X1LVT           17   17.442    fast_vdd1v2 
NOR2BX1LVT            9   12.312    fast_vdd1v2 
NOR2X1LVT            41   42.066    fast_vdd1v2 
NOR3BX1LVT            2    4.104    fast_vdd1v2 
OA21X1LVT             3    6.156    fast_vdd1v2 
OAI211X1LVT           9   15.390    fast_vdd1v2 
OAI21X1LVT            8   13.680    fast_vdd1v2 
OAI21X2LVT            1    3.078    fast_vdd1v2 
OAI221X1LVT           2    4.788    fast_vdd1v2 
OAI2BB1X1LVT         16   27.360    fast_vdd1v2 
OAI31X1LVT            4    8.208    fast_vdd1v2 
OR2X1LVT             10   13.680    fast_vdd1v2 
XNOR2X1LVT           20   47.880    fast_vdd1v2 
------------------------------------------------
total               299  787.284                


                                        
     Type      Instances   Area  Area % 
----------------------------------------
sequential            56 346.788   44.0 
inverter              16  12.312    1.6 
logic                227 428.184   54.4 
physical_cells         0   0.000    0.0 
----------------------------------------
total                299 787.284  100.0 

