============================================================
  Generated by:           Genus(TM) Synthesis Solution 23.12-s086_1
  Generated on:           Jan 27 2025  03:03:57 pm
  Module:                 alu
  Technology libraries:   fast_vdd1v2 1.0
                          physical_cells 
                          fast_vdd1v2 1.0
                          physical_cells 
  Operating conditions:   PVT_1P32V_0C 
  Interconnect mode:      global
  Area mode:              physical library
============================================================

Instance        Module        Cell-Count  Cell-Area  Net-Area   Total-Area 
---------------------------------------------------------------------------
alu      NA                          561   1558.152   626.890     2185.042 
  donee  register_WIDTH1_23            2      6.840     0.000        6.840 
  in1    register_WIDTH16             17    151.164     0.000      151.164 
  in2    register_WIDTH16_25          17    151.164     0.000      151.164 
  out    register_WIDTH16_24          17    104.310     0.000      104.310 
  sel    register_WIDTH3               4     19.152     0.000       19.152 
  start  register_WIDTH1               2      6.840     0.000        6.840 
