###############################################################
#  Generated by:      Cadence Innovus 23.32-s091_1
#  OS:                Linux x86_64(Host ID cadmicro-inf-el8-623207)
#  Generated on:      Mon Apr 14 15:22:56 2025
#  Design:            signal_32bits
#  Command:           report_timing > reports/report_timing.rpt
###############################################################
Path 1: MET Path Delay Check
Endpoint:   S[29] (v)
Beginpoint: B[9]  (v) triggered by  leading edge of '@'
Path Groups: {default}
Analysis View: default_emulate_view
- External Delay                0.000
+ Path Delay                    1.400
= Required Time                 1.400
- Arrival Time                  1.399
= Slack Time                    0.001
     Clock Rise Edge                      0.000
     + Input Delay                        0.000
     = Beginpoint Arrival Time            0.000
     +-----------------------------------------------------------------------------------------------------+ 
     |          Instance           |     Arc      |           Cell            | Delay | Arrival | Required | 
     |                             |              |                           |       |  Time   |   Time   | 
     |-----------------------------+--------------+---------------------------+-------+---------+----------| 
     |                             | B[9] v       |                           |       |   0.000 |    0.001 | 
     | fopt2331                    | A v -> Y ^   | sky130_fd_sc_hd__inv_4    | 0.222 |   0.222 |    0.223 | 
     | addinc_add_7_30_g2135__7482 | B ^ -> Y v   | sky130_fd_sc_hd__nand2_1  | 0.128 |   0.350 |    0.352 | 
     | addinc_add_7_30_g2085__4733 | A v -> Y ^   | sky130_fd_sc_hd__nand2_1  | 0.096 |   0.446 |    0.447 | 
     | addinc_add_7_30_g2029__8246 | B ^ -> Y v   | sky130_fd_sc_hd__nand2_2  | 0.075 |   0.521 |    0.522 | 
     | addinc_add_7_30_g1975__2398 | A v -> Y ^   | sky130_fd_sc_hd__nand2_2  | 0.062 |   0.583 |    0.584 | 
     | addinc_add_7_30_g1971__1666 | A ^ -> Y v   | sky130_fd_sc_hd__nand2_2  | 0.065 |   0.648 |    0.650 | 
     | addinc_add_7_30_g2294__4733 | B v -> Y ^   | sky130_fd_sc_hd__nand2b_2 | 0.079 |   0.727 |    0.729 | 
     | addinc_add_7_30_g1923__9315 | B ^ -> Y v   | sky130_fd_sc_hd__nand2_2  | 0.066 |   0.793 |    0.795 | 
     | addinc_add_7_30_g1917       | A v -> Y ^   | sky130_fd_sc_hd__inv_4    | 0.071 |   0.864 |    0.866 | 
     | addinc_add_7_30_g2405__2454 | A ^ -> Y v   | sky130_fd_sc_hd__nand2_4  | 0.101 |   0.966 |    0.967 | 
     | addinc_add_7_30_g1856__6161 | A1 v -> Y ^  | sky130_fd_sc_hd__a21oi_2  | 0.158 |   1.124 |    1.126 | 
     | addinc_add_7_30_g2289__7098 | A_N ^ -> Y ^ | sky130_fd_sc_hd__nand2b_2 | 0.155 |   1.279 |    1.281 | 
     | addinc_add_7_30_g1797__5107 | A ^ -> Y v   | sky130_fd_sc_hd__nand2_4  | 0.118 |   1.398 |    1.399 | 
     |                             | S[29] v      |                           | 0.001 |   1.399 |    1.400 | 
     +-----------------------------------------------------------------------------------------------------+ 

