xrun(64): 23.09-s013: (c) Copyright 1995-2024 Cadence Design Systems, Inc.
TOOL:	xrun(64)	23.09-s013: Started on Feb 03, 2025 at 16:59:48 -03
xrun
	-lwdgen
	-access rwc
	-uvm
	-uvmhome /tools/cadence/XCELIUM2309/tools/methodology/UVM/CDNS-1.1d/
	-svseed 100011893
	-f file_list.f
		-sv
		/home/gme/guilherme.manske/INOVAME/verification/aula4/empty_if.sv
		+incdir+/home/gme/guilherme.manske/INOVAME/verification/aula4/objects/
		+incdir+/home/gme/guilherme.manske/INOVAME/verification/aula4/components/
		/home/gme/guilherme.manske/INOVAME/verification/aula4/empty_pkg.sv
		/home/gme/guilherme.manske/INOVAME/verification/aula4/top_tb.sv
	+UVM_VERBOSITY=UVM_LOW

   User defined plus("+") options:
	+UVM_VERBOSITY=UVM_LOW

Loading snapshot worklib.top_tb:sv .................... Done
SVSEED set from command line: 100011893
xcelium> source /tools/cadence/XCELIUM2309/tools/xcelium/files/xmsimrc
xcelium> source /tools/cadence/XCELIUM2309/tools/methodology/UVM/CDNS-1.1d//additions/sv/files/tcl/uvm_sim.tcl
xcelium> run
----------------------------------------------------------------
CDNS-UVM-1.1d (23.09-s013)
(C) 2007-2013 Mentor Graphics Corporation
(C) 2007-2013 Cadence Design Systems, Inc.
(C) 2006-2013 Synopsys, Inc.
(C) 2011-2013 Cypress Semiconductor Corp.
----------------------------------------------------------------

  ***********       IMPORTANT RELEASE NOTES         ************

  You are using a version of the UVM library that has been compiled
  with `UVM_NO_DEPRECATED undefined.
  See http://www.eda.org/svdb/view.php?id=3313 for more details.

  You are using a version of the UVM library that has been compiled
  with `UVM_OBJECT_MUST_HAVE_CONSTRUCTOR undefined.
  See http://www.eda.org/svdb/view.php?id=3770 for more details.

      (Specify +UVM_NO_RELNOTES to turn off this notice)

UVM_INFO @ 0: reporter [RNTST] Running test empty_test...
UVM_INFO /home/gme/guilherme.manske/INOVAME/verification/aula4/components/empty_test.sv(18) @ 0: uvm_test_top [MY CONFIG] 
------------------------------------------
Name               Type        Size  Value
------------------------------------------
m_cfg              spi_config  -     @2691
  has_monitor      integral    1     'b1  
  has_driver       integral    1     'b1  
  number_of_bytes  integral    32    'd8  
  CPOL             integral    1     'b1  
  CPHA             integral    1     'b1  
------------------------------------------

UVM_INFO /home/gme/guilherme.manske/INOVAME/verification/aula4/components/empty_test.sv(22) @ 0: uvm_test_top [START_PHASE] Starting build_phase for uvm_test_top
UVM_INFO /home/gme/guilherme.manske/INOVAME/verification/aula4/components/empty_test.sv(33) @ 0: uvm_test_top [END_PHASE] Finishing build_phase for uvm_test_top
UVM_INFO /home/gme/guilherme.manske/INOVAME/verification/aula4/components/empty_env.sv(15) @ 0: uvm_test_top.m_env [START_PHASE] Starting build_phase for uvm_test_top.m_env
UVM_INFO /home/gme/guilherme.manske/INOVAME/verification/aula4/components/empty_env.sv(19) @ 0: uvm_test_top.m_env [END_PHASE] Finishing build_phase for uvm_test_top.m_env
UVM_INFO /home/gme/guilherme.manske/INOVAME/verification/aula4/components/empty_agent.sv(17) @ 0: uvm_test_top.m_env.m_agt [START_PHASE] Starting build_phase for uvm_test_top.m_env.m_agt
UVM_INFO /home/gme/guilherme.manske/INOVAME/verification/aula4/components/empty_agent.sv(24) @ 0: uvm_test_top.m_env.m_agt [END_PHASE] Finishing build_phase for uvm_test_top.m_env.m_agt
UVM_INFO /home/gme/guilherme.manske/INOVAME/verification/aula4/components/empty_driver.sv(15) @ 0: uvm_test_top.m_env.m_agt.m_drv [START_PHASE] Starting build_phase for uvm_test_top.m_env.m_agt.m_drv
UVM_INFO /home/gme/guilherme.manske/INOVAME/verification/aula4/components/empty_driver.sv(21) @ 0: uvm_test_top.m_env.m_agt.m_drv [END_PHASE] Finishing build_phase for uvm_test_top.m_env.m_agt.m_drv
UVM_INFO /home/gme/guilherme.manske/INOVAME/verification/aula4/components/empty_monitor.sv(16) @ 0: uvm_test_top.m_env.m_agt.m_mon [START_PHASE] Starting build_phase for uvm_test_top.m_env.m_agt.m_mon
UVM_INFO /home/gme/guilherme.manske/INOVAME/verification/aula4/components/empty_monitor.sv(24) @ 0: uvm_test_top.m_env.m_agt.m_mon [END_PHASE] Finishing build_phase for uvm_test_top.m_env.m_agt.m_mon
UVM_INFO /home/gme/guilherme.manske/INOVAME/verification/aula4/components/empty_agent.sv(30) @ 0: uvm_test_top.m_env.m_agt [START_PHASE] Starting connect_phase for uvm_test_top.m_env.m_agt
UVM_INFO /home/gme/guilherme.manske/INOVAME/verification/aula4/components/empty_agent.sv(35) @ 0: uvm_test_top.m_env.m_agt [END_PHASE] Finishing connect_phase for uvm_test_top.m_env.m_agt
UVM_INFO /home/gme/guilherme.manske/INOVAME/verification/aula4/components/empty_test.sv(39) @ 0: uvm_test_top [START_PHASE] Starting connect_phase for uvm_test_top
UVM_INFO /home/gme/guilherme.manske/INOVAME/verification/aula4/components/empty_test.sv(44) @ 0: uvm_test_top [END_PHASE] Finishing connect_phase for uvm_test_top
UVM_INFO /home/gme/guilherme.manske/INOVAME/verification/aula4/components/empty_test.sv(50) @ 0: uvm_test_top [START_PHASE] Starting run_phase for uvm_test_top
UVM_INFO /home/gme/guilherme.manske/INOVAME/verification/aula4/components/empty_test.sv(53) @ 0: uvm_test_top [uvm_test_top] <run_phase> started, objection raised.
UVM_INFO /home/gme/guilherme.manske/INOVAME/verification/aula4/components/empty_monitor.sv(31) @ 0: uvm_test_top.m_env.m_agt.m_mon [START_PHASE] Starting run_phase for uvm_test_top.m_env.m_agt.m_mon
UVM_INFO /home/gme/guilherme.manske/INOVAME/verification/aula4/components/empty_driver.sv(27) @ 0: uvm_test_top.m_env.m_agt.m_drv [START_PHASE] Starting run_phase for uvm_test_top.m_env.m_agt.m_drv
UVM_INFO /home/gme/guilherme.manske/INOVAME/verification/aula4/components/empty_test.sv(60) @ 214: uvm_test_top [uvm_test_top] <run_phase> finished, objection dropped.
UVM_INFO /home/gme/guilherme.manske/INOVAME/verification/aula4/components/empty_test.sv(63) @ 214: uvm_test_top [END_PHASE] Finishing run_phase for uvm_test_top
UVM_INFO /tools/cadence/XCELIUM2309/tools/methodology/UVM/CDNS-1.1d/sv/src/base/uvm_objection.svh(1268) @ 214: reporter [TEST_DONE] 'run' phase is ready to proceed to the 'extract' phase

--- UVM Report catcher Summary ---


Number of demoted UVM_FATAL reports  :    0
Number of demoted UVM_ERROR reports  :    0
Number of demoted UVM_WARNING reports:    0
Number of caught UVM_FATAL reports   :    0
Number of caught UVM_ERROR reports   :    0
Number of caught UVM_WARNING reports :    0

--- UVM Report Summary ---

** Report counts by severity
UVM_INFO :   23
UVM_WARNING :    0
UVM_ERROR :    0
UVM_FATAL :    0
** Report counts by id
[END_PHASE]     8
[MY CONFIG]     1
[RNTST]     1
[START_PHASE]    10
[TEST_DONE]     1
[uvm_test_top]     2
Simulation complete via $finish(1) at time 214 NS + 50
/tools/cadence/XCELIUM2309/tools/methodology/UVM/CDNS-1.1d/sv/src/base/uvm_root.svh:457     $finish;
xcelium> exit
TOOL:	xrun(64)	23.09-s013: Exiting on Feb 03, 2025 at 16:59:48 -03  (total: 00:00:00)
