###############################################################
#  Generated by:      Cadence Innovus 23.32-s091_1
#  OS:                Linux x86_64(Host ID cadmicro-inf-el8-623207)
#  Generated on:      Mon Apr 14 16:19:49 2025
#  Design:            carry_select_adder
#  Command:           report_timing > reports/report_timing.rpt
###############################################################
Path 1: MET Path Delay Check
Endpoint:   S[31] (v)
Beginpoint: B[25] (v) triggered by  leading edge of '@'
Path Groups: {default}
Analysis View: default_emulate_view
- External Delay                0.000
+ Path Delay                    1.390
= Required Time                 1.390
- Arrival Time                  1.389
= Slack Time                    0.001
     Clock Rise Edge                      0.000
     + Input Delay                        0.000
     = Beginpoint Arrival Time            0.000
     +-------------------------------------------------------------------------------------+ 
     |   Instance    |    Arc     |           Cell            | Delay | Arrival | Required | 
     |               |            |                           |       |  Time   |   Time   | 
     |---------------+------------+---------------------------+-------+---------+----------| 
     |               | B[25] v    |                           |       |   0.000 |    0.001 | 
     | g13077        | A v -> Y ^ | sky130_fd_sc_hd__clkinv_4 | 0.215 |   0.215 |    0.216 | 
     | g13007__7410  | B ^ -> Y v | sky130_fd_sc_hd__nand2_2  | 0.131 |   0.346 |    0.347 | 
     | g12891__9945  | A v -> Y ^ | sky130_fd_sc_hd__nand2_1  | 0.098 |   0.444 |    0.445 | 
     | g12886__9315  | A ^ -> Y v | sky130_fd_sc_hd__nand2_2  | 0.081 |   0.525 |    0.526 | 
     | g12854__7482  | A v -> Y ^ | sky130_fd_sc_hd__nand3_2  | 0.070 |   0.594 |    0.596 | 
     | g12841__6260  | A ^ -> Y v | sky130_fd_sc_hd__nand2_2  | 0.089 |   0.684 |    0.685 | 
     | g12821__13220 | B v -> Y ^ | sky130_fd_sc_hd__nor2_4   | 0.111 |   0.795 |    0.796 | 
     | g12801__13218 | B ^ -> Y v | sky130_fd_sc_hd__nand2_4  | 0.072 |   0.867 |    0.868 | 
     | g12787__13221 | A v -> Y ^ | sky130_fd_sc_hd__nand2_2  | 0.058 |   0.925 |    0.926 | 
     | g12770__2802  | A ^ -> Y v | sky130_fd_sc_hd__nand2_2  | 0.048 |   0.973 |    0.974 | 
     | g12713__5115  | B v -> X v | sky130_fd_sc_hd__xor2_1   | 0.145 |   1.119 |    1.120 | 
     | g12689__13253 | A v -> Y ^ | sky130_fd_sc_hd__nand2_2  | 0.096 |   1.214 |    1.215 | 
     | g12648__5107  | A ^ -> Y v | sky130_fd_sc_hd__nand3_4  | 0.172 |   1.387 |    1.388 | 
     |               | S[31] v    |                           | 0.002 |   1.389 |    1.390 | 
     +-------------------------------------------------------------------------------------+ 

