###############################################################
#  Generated by:      Cadence Innovus 23.32-s091_1
#  OS:                Linux x86_64(Host ID cadmicro-inf-el8-623207)
#  Generated on:      Mon Apr 14 16:04:02 2025
#  Design:            kogge_stone_32bits
#  Command:           report_timing > reports/report_timing.rpt
###############################################################
Path 1: VIOLATED Path Delay Check
Endpoint:   S[28] (v)
Beginpoint: B[21] (v) triggered by  leading edge of '@'
Path Groups: {default}
Analysis View: default_emulate_view
- External Delay                0.000
+ Path Delay                    1.390
= Required Time                 1.390
- Arrival Time                  1.504
= Slack Time                   -0.114
     Clock Rise Edge                      0.000
     + Input Delay                        0.000
     = Beginpoint Arrival Time            0.000
     +--------------------------------------------------------------------------------------+ 
     |    Instance    |    Arc     |           Cell            | Delay | Arrival | Required | 
     |                |            |                           |       |  Time   |   Time   | 
     |----------------+------------+---------------------------+-------+---------+----------| 
     |                | B[21] v    |                           |       |   0.000 |   -0.114 | 
     | g7701          | A v -> Y ^ | sky130_fd_sc_hd__clkinv_8 | 0.322 |   0.322 |    0.209 | 
     | g7350__7700    | B ^ -> Y ^ | sky130_fd_sc_hd__xnor2_2  | 0.178 |   0.500 |    0.386 | 
     | FE_DBTC4_n_948 | A ^ -> Y v | sky130_fd_sc_hd__inv_2    | 0.104 |   0.604 |    0.491 | 
     | g7247__5115    | A v -> Y ^ | sky130_fd_sc_hd__nand2_1  | 0.143 |   0.747 |    0.634 | 
     | g7137__6260    | B ^ -> Y v | sky130_fd_sc_hd__nor2_2   | 0.082 |   0.829 |    0.715 | 
     | g7815          | A v -> Y ^ | sky130_fd_sc_hd__nand2_2  | 0.057 |   0.887 |    0.773 | 
     | g7814          | A ^ -> Y v | sky130_fd_sc_hd__clkinv_1 | 0.073 |   0.959 |    0.845 | 
     | g7813          | B v -> X v | sky130_fd_sc_hd__and3b_2  | 0.219 |   1.178 |    1.064 | 
     | g417           | A v -> Y ^ | sky130_fd_sc_hd__nand2_4  | 0.082 |   1.260 |    1.146 | 
     | g408           | A ^ -> Y v | sky130_fd_sc_hd__nand2_2  | 0.069 |   1.328 |    1.215 | 
     | g407           | A v -> Y ^ | sky130_fd_sc_hd__nand2_4  | 0.082 |   1.410 |    1.296 | 
     | g7822          | A ^ -> Y v | sky130_fd_sc_hd__nand2_8  | 0.092 |   1.502 |    1.389 | 
     |                | S[28] v    |                           | 0.001 |   1.504 |    1.390 | 
     +--------------------------------------------------------------------------------------+ 

