###############################################################
#  Generated by:      Cadence Innovus 23.32-s091_1
#  OS:                Linux x86_64(Host ID cadmicro-inf-el8-623207)
#  Generated on:      Mon Apr 14 14:20:13 2025
#  Design:            signal_32bits
#  Command:           report_timing > reports/report_timing.rpt
###############################################################
Path 1: MET Path Delay Check
Endpoint:   S[31] (^)
Beginpoint: A[0]  (v) triggered by  leading edge of '@'
Path Groups: {default}
Analysis View: default_emulate_view
- External Delay                0.000
+ Path Delay                    6.000
= Required Time                 6.000
- Arrival Time                  5.978
= Slack Time                    0.022
     Clock Rise Edge                      0.000
     + Input Delay                        0.000
     = Beginpoint Arrival Time            0.000
     +---------------------------------------------------------------------------------------------------------+ 
     |          Instance           |       Arc       |            Cell            | Delay | Arrival | Required | 
     |                             |                 |                            |       |  Time   |   Time   | 
     |-----------------------------+-----------------+----------------------------+-------+---------+----------| 
     |                             | A[0] v          |                            |       |   0.000 |    0.022 | 
     | addinc_add_7_30_g2498__2883 | A v -> Y ^      | sky130_fd_sc_hd__nor2_4    | 0.337 |   0.337 |    0.360 | 
     | addinc_add_7_30_g2464__7482 | B2 ^ -> Y v     | sky130_fd_sc_hd__o2bb2ai_2 | 0.094 |   0.431 |    0.453 | 
     | addinc_add_7_30_g2460__7098 | A v -> Y ^      | sky130_fd_sc_hd__nand2_1   | 0.079 |   0.510 |    0.532 | 
     | addinc_add_7_30_g2458__5122 | A ^ -> Y v      | sky130_fd_sc_hd__nand2_2   | 0.062 |   0.572 |    0.594 | 
     | addinc_add_7_30_g2457__1705 | A v -> Y ^      | sky130_fd_sc_hd__nand2_1   | 0.082 |   0.654 |    0.676 | 
     | addinc_add_7_30_g2455__1617 | A ^ -> Y v      | sky130_fd_sc_hd__nand2_2   | 0.060 |   0.714 |    0.736 | 
     | addinc_add_7_30_g2454__3680 | A v -> Y ^      | sky130_fd_sc_hd__nand2_1   | 0.082 |   0.795 |    0.817 | 
     | addinc_add_7_30_g2452__5526 | A ^ -> Y v      | sky130_fd_sc_hd__nand2_2   | 0.058 |   0.853 |    0.876 | 
     | addinc_add_7_30_g2451__8428 | A v -> Y ^      | sky130_fd_sc_hd__nand2_1   | 0.079 |   0.933 |    0.955 | 
     | addinc_add_7_30_g2449__6260 | A ^ -> Y v      | sky130_fd_sc_hd__nand2_2   | 0.060 |   0.993 |    1.015 | 
     | addinc_add_7_30_g2448__5107 | A v -> Y ^      | sky130_fd_sc_hd__nand2_1   | 0.079 |   1.072 |    1.094 | 
     | addinc_add_7_30_g2446__5477 | A ^ -> Y v      | sky130_fd_sc_hd__nand2_2   | 0.061 |   1.132 |    1.155 | 
     | addinc_add_7_30_g2445__6417 | A v -> Y ^      | sky130_fd_sc_hd__nand2_1   | 0.077 |   1.210 |    1.232 | 
     | addinc_add_7_30_g2443__1666 | A ^ -> Y v      | sky130_fd_sc_hd__nand2_2   | 0.061 |   1.271 |    1.293 | 
     | addinc_add_7_30_g2441__2883 | A1 v -> X v     | sky130_fd_sc_hd__a21bo_1   | 0.199 |   1.469 |    1.491 | 
     | addinc_add_7_30_g2440__9945 | A v -> Y ^      | sky130_fd_sc_hd__nand2_1   | 0.087 |   1.556 |    1.578 | 
     | addinc_add_7_30_g2437__4733 | B2 ^ -> X ^     | sky130_fd_sc_hd__o221a_1   | 0.222 |   1.778 |    1.800 | 
     | addinc_add_7_30_g2434__1881 | A2 ^ -> Y v     | sky130_fd_sc_hd__o21ai_1   | 0.100 |   1.878 |    1.900 | 
     | addinc_add_7_30_g2433__6131 | A v -> Y ^      | sky130_fd_sc_hd__nand2_1   | 0.079 |   1.957 |    1.979 | 
     | addinc_add_7_30_g2431__8246 | A ^ -> Y v      | sky130_fd_sc_hd__nand2_1   | 0.075 |   2.032 |    2.054 | 
     | g2555                       | A1 v -> X v     | sky130_fd_sc_hd__a21bo_1   | 0.207 |   2.239 |    2.261 | 
     | g2554                       | A1 v -> X v     | sky130_fd_sc_hd__a21bo_1   | 0.193 |   2.432 |    2.454 | 
     | addinc_add_7_30_g2424       | A v -> Y ^      | sky130_fd_sc_hd__clkinv_1  | 0.050 |   2.482 |    2.504 | 
     | addinc_add_7_30_g2422__8428 | A2 ^ -> Y v     | sky130_fd_sc_hd__o21ai_1   | 0.053 |   2.534 |    2.557 | 
     | addinc_add_7_30_g2421__4319 | CI v -> COUT v  | sky130_fd_sc_hd__fah_1     | 0.287 |   2.821 |    2.843 | 
     | addinc_add_7_30_g2420       | A v -> Y ^      | sky130_fd_sc_hd__clkinv_1  | 0.070 |   2.892 |    2.914 | 
     | addinc_add_7_30_g2419__6260 | C ^ -> X ^      | sky130_fd_sc_hd__or3_1     | 0.111 |   3.002 |    3.024 | 
     | addinc_add_7_30_g2415__6417 | A3 ^ -> X ^     | sky130_fd_sc_hd__o311a_2   | 0.214 |   3.217 |    3.239 | 
     | addinc_add_7_30_g2406__7482 | A4 ^ -> Y v     | sky130_fd_sc_hd__o41ai_2   | 0.085 |   3.301 |    3.323 | 
     | addinc_add_7_30_g2402__7098 | B_N v -> Y v    | sky130_fd_sc_hd__nor2b_1   | 0.162 |   3.463 |    3.485 | 
     | addinc_add_7_30_g2399__1705 | A v -> Y ^      | sky130_fd_sc_hd__nand2_1   | 0.084 |   3.547 |    3.569 | 
     | addinc_add_7_30_g2395__6783 | A2 ^ -> Y v     | sky130_fd_sc_hd__o221ai_1  | 0.116 |   3.663 |    3.686 | 
     | addinc_add_7_30_g2393__8428 | CI v -> COUT v  | sky130_fd_sc_hd__fah_1     | 0.297 |   3.961 |    3.983 | 
     | addinc_add_7_30_g2392__4319 | CIN v -> COUT v | sky130_fd_sc_hd__fa_1      | 0.390 |   4.351 |    4.373 | 
     | addinc_add_7_30_g2391__6260 | CIN v -> COUT v | sky130_fd_sc_hd__fa_1      | 0.398 |   4.749 |    4.771 | 
     | addinc_add_7_30_g2390__5107 | CIN v -> COUT v | sky130_fd_sc_hd__fa_1      | 0.395 |   5.144 |    5.166 | 
     | addinc_add_7_30_g2389__2398 | CIN v -> SUM ^  | sky130_fd_sc_hd__fa_1      | 0.833 |   5.977 |    5.999 | 
     |                             | S[31] ^         |                            | 0.001 |   5.978 |    6.000 | 
     +---------------------------------------------------------------------------------------------------------+ 

