============================================================
  Generated by:           Genus(TM) Synthesis Solution 23.12-s086_1
  Generated on:           Apr 14 2025  03:33:40 pm
  Module:                 sklansky_32bits
  Operating conditions:   tt_025C_1v80 
  Interconnect mode:      global
  Area mode:              physical library
============================================================


Path 1: MET (8651 ps) Path Delay Check
     Startpoint: (F) B[0]
       Endpoint: (R) S[31]

                   Capture    Launch  
      Path Delay:+   13700         -  
      Drv Adjust:+       0         0  
         Arrival:=   13700            
                                      
   Required Time:=   13700            
       Data Path:-    5049            
           Slack:=    8651            

Exceptions/Constraints:
  max_delay            13700            constraints.sdc_line_1 

#-------------------------------------------------------------------------------------------------------------
#  Timing Point    Flags     Arc     Edge           Cell             Fanout Load Trans Delay Arrival Instance 
#                                                                           (fF)  (ps)  (ps)   (ps)  Location 
#-------------------------------------------------------------------------------------------------------------
  B[0]             -       -         F     (arrival)                      2  7.1  1000     0       0    (-,-) 
  g3572__3680/COUT -       A->COUT   F     sky130_fd_sc_hd__ha_1          2  5.6    76   585     585    (-,-) 
  g3562__7098/X    -       B->X      F     sky130_fd_sc_hd__maj3_1        2  6.5    91   361     946    (-,-) 
  g3539__5477/X    -       A1->X     F     sky130_fd_sc_hd__a21o_1        2  6.5    50   186    1132    (-,-) 
  g3533__6161/X    -       B->X      F     sky130_fd_sc_hd__maj3_1        2  5.5    86   346    1478    (-,-) 
  g3526__8246/X    -       A1->X     F     sky130_fd_sc_hd__a31o_1        1  3.7    43   191    1669    (-,-) 
  g3516__5526/X    -       B->X      F     sky130_fd_sc_hd__maj3_1        2  6.4    91   351    2020    (-,-) 
  g3512__5477/X    -       A1->X     F     sky130_fd_sc_hd__a21o_1        1  3.6    38   173    2193    (-,-) 
  g3504__9945/X    -       A1->X     F     sky130_fd_sc_hd__a21o_1        1  3.7    38   152    2345    (-,-) 
  g3493__5115/X    -       B->X      F     sky130_fd_sc_hd__maj3_1        1  2.9    73   322    2667    (-,-) 
  g3492__1705/Y    -       B1_N->Y   F     sky130_fd_sc_hd__o21bai_1      3 11.4   112   210    2877    (-,-) 
  g3491__3680/Y    -       A->Y      R     sky130_fd_sc_hd__nand3_1       3  7.9   125   126    3003    (-,-) 
  g3490__8428/Y    -       A_N->Y    R     sky130_fd_sc_hd__nand3b_1      2  6.0   113   142    3146    (-,-) 
  g3485__7410/X    -       B->X      R     sky130_fd_sc_hd__or3b_2        1  3.8    43   130    3275    (-,-) 
  g3480__6161/Y    -       A2->Y     F     sky130_fd_sc_hd__o21bai_1      3 11.4   110   101    3376    (-,-) 
  g3474__7482/Y    -       A->Y      R     sky130_fd_sc_hd__nand3_1       3  9.0   134   133    3509    (-,-) 
  g3468__1705/Y    -       A2->Y     F     sky130_fd_sc_hd__o21bai_1      3 11.4   110   126    3636    (-,-) 
  g3461__8428/X    -       A1->X     F     sky130_fd_sc_hd__a31o_1        1  5.8    52   211    3847    (-,-) 
  g3458__5107/COUT -       CIN->COUT F     sky130_fd_sc_hd__fa_1          1  5.8    96   380    4227    (-,-) 
  g3457__2398/SUM  -       CIN->SUM  R     sky130_fd_sc_hd__fa_1          1 51.3   506   822    5049    (-,-) 
  S[31]            <<<     -         R     (port)                         -    -     -     0    5049    (-,-) 
#-------------------------------------------------------------------------------------------------------------

