============================================================
  Generated by:           Genus(TM) Synthesis Solution 23.12-s086_1
  Generated on:           Apr 14 2025  02:53:45 pm
  Module:                 signal_32bits
  Operating conditions:   tt_025C_1v80 
  Interconnect mode:      global
  Area mode:              physical library
============================================================

Timing
-------
  Cost    Critical         Violating 
 Group   Path Slack  TNS     Paths   
-------------------------------------
default         0.2   0.0          0 
-------------------------------------
Total                 0.0          0 

Instance Count
--------------
Leaf Instance Count             225 
Physical Instance count           0 
Sequential Instance Count         0 
Combinational Instance Count    225 
Hierarchical Instance Count       0 

Area
----
Cell Area                          1333.779
Physical Cell Area                 0.000
Total Cell Area (Cell+Physical)    1333.779
Net Area                           1359.499
Total Area (Cell+Physical+Net)     2693.278

Max Fanout                         5 (addinc_add_7_30_n_172)
Min Fanout                         1 (n_30)
Average Fanout                     1.8
Terms to net ratio                 2.4517
Terms to instance ratio            3.1600
Runtime                            14.114881 seconds
Elapsed Runtime                    15 seconds
Genus peak memory usage            2011.49 
Innovus peak memory usage          no_value 
Hostname                           cadmicro-inf-el8-623207
