============================================================
  Generated by:           Genus(TM) Synthesis Solution 23.12-s086_1
  Generated on:           Apr 14 2025  02:53:45 pm
  Module:                 signal_32bits
  Operating conditions:   tt_025C_1v80 
  Interconnect mode:      global
  Area mode:              physical library
============================================================


Path 1: MET (0 ps) Path Delay Check
     Startpoint: (F) A[0]
       Endpoint: (R) S[25]

                   Capture    Launch  
      Path Delay:+    3400         -  
      Drv Adjust:+       0         0  
         Arrival:=    3400            
                                      
   Required Time:=    3400            
       Data Path:-    3400            
           Slack:=       0            

Exceptions/Constraints:
  max_delay             3400            constraints.sdc_line_1 

#------------------------------------------------------------------------------------------------------------------------
#         Timing Point          Flags    Arc   Edge            Cell             Fanout Load Trans Delay Arrival Instance 
#                                                                                      (fF)  (ps)  (ps)   (ps)  Location 
#------------------------------------------------------------------------------------------------------------------------
  A[0]                          -       -      F     (arrival)                       1  8.0  1000     0       0    (-,-) 
  g14/X                         -       A->X   F     sky130_fd_sc_hd__buf_8          3 19.7    55   424     424    (-,-) 
  addinc_add_7_30_g1336__2883/Y -       A->Y   R     sky130_fd_sc_hd__nor2_4         1  5.9    71   104     528    (-,-) 
  addinc_add_7_30_g1248__5107/Y -       B2->Y  F     sky130_fd_sc_hd__o2bb2ai_2      2  8.4    53    69     598    (-,-) 
  addinc_add_7_30_g1236__4733/Y -       A->Y   R     sky130_fd_sc_hd__nand2_1        1  3.7    53    63     661    (-,-) 
  addinc_add_7_30_g1234__5115/Y -       A->Y   F     sky130_fd_sc_hd__nand2_1        2  8.4    69    76     737    (-,-) 
  addinc_add_7_30_g1232__6131/Y -       A->Y   R     sky130_fd_sc_hd__nand2_1        1  5.9    74    84     820    (-,-) 
  addinc_add_7_30_g1230__8246/Y -       A->Y   F     sky130_fd_sc_hd__nand2_2        2  8.4    69    62     882    (-,-) 
  addinc_add_7_30_g1229__5122/Y -       A->Y   R     sky130_fd_sc_hd__nand2_1        1  5.9    72    84     966    (-,-) 
  addinc_add_7_30_g1227__2802/Y -       A->Y   F     sky130_fd_sc_hd__nand2_2        3 11.2    57    70    1035    (-,-) 
  addinc_add_7_30_g1225__1617/Y -       A->Y   R     sky130_fd_sc_hd__nand2_1        1  5.9    73    78    1114    (-,-) 
  addinc_add_7_30_g1222__5526/Y -       A->Y   F     sky130_fd_sc_hd__nand2_2        2  8.4    48    62    1176    (-,-) 
  addinc_add_7_30_g1221__8428/Y -       A->Y   R     sky130_fd_sc_hd__nand2_1        1  5.9    72    75    1250    (-,-) 
  addinc_add_7_30_g1219__6260/Y -       A->Y   F     sky130_fd_sc_hd__nand2_2        2  8.4    48    61    1311    (-,-) 
  addinc_add_7_30_g1216__5477/X -       A1->X  F     sky130_fd_sc_hd__a21bo_1        3 11.3    72   202    1513    (-,-) 
  addinc_add_7_30_g1211__2883/Y -       A->Y   R     sky130_fd_sc_hd__nand4_1        1  3.7    80    82    1595    (-,-) 
  addinc_add_7_30_g1208__6161/Y -       A->Y   F     sky130_fd_sc_hd__nand2_1        2  7.5    68    80    1675    (-,-) 
  addinc_add_7_30_g1205__5115/Y -       B_N->Y F     sky130_fd_sc_hd__nor2b_1        3  8.3    64   159    1834    (-,-) 
  addinc_add_7_30_g1201__8246/X -       A1->X  F     sky130_fd_sc_hd__a41o_1         5 17.1   100   242    2076    (-,-) 
  addinc_add_7_30_g1198__2802/Y -       A->Y   R     sky130_fd_sc_hd__nand3_1        1  3.7    72    93    2169    (-,-) 
  addinc_add_7_30_g1193__8428/X -       D1->X  R     sky130_fd_sc_hd__o2111a_1       2  8.9   106   211    2380    (-,-) 
  addinc_add_7_30_g1190__5107/Y -       B->Y   F     sky130_fd_sc_hd__nor2_1         3  8.4    60    76    2456    (-,-) 
  addinc_add_7_30_g1184__2346/Y -       A_N->Y F     sky130_fd_sc_hd__nand2b_1       1  5.5    60   159    2614    (-,-) 
  addinc_add_7_30_g1177__5115/X -       B->X   R     sky130_fd_sc_hd__xor2_1         1 51.3  1009   785    3399    (-,-) 
  S[25]                         <<<     -      R     (port)                          -    -     -     0    3400    (-,-) 
#------------------------------------------------------------------------------------------------------------------------

