============================================================
  Generated by:           Genus(TM) Synthesis Solution 23.12-s086_1
  Generated on:           Apr 14 2025  03:44:09 pm
  Module:                 carry_select_adder_46688_32bits
  Operating conditions:   tt_025C_1v80 
  Interconnect mode:      global
  Area mode:              physical library
============================================================


Path 1: MET (4921 ps) Path Delay Check
     Startpoint: (F) B[0]
       Endpoint: (R) S[26]

                   Capture    Launch  
      Path Delay:+   13700         -  
      Drv Adjust:+       0         0  
         Arrival:=   13700            
                                      
   Required Time:=   13700            
       Data Path:-    8779            
           Slack:=    4921            

Exceptions/Constraints:
  max_delay            13700            constraints.sdc_line_1 

#------------------------------------------------------------------------------------------------------------
#  Timing Point    Flags     Arc     Edge           Cell            Fanout Load Trans Delay Arrival Instance 
#                                                                          (fF)  (ps)  (ps)   (ps)  Location 
#------------------------------------------------------------------------------------------------------------
  B[0]             -       -         F     (arrival)                     1  7.2  1000     0       0    (-,-) 
  g5113__5107/COUT -       B->COUT   F     sky130_fd_sc_hd__fa_1         1  5.8    96   786     786    (-,-) 
  g5096__1705/COUT -       CIN->COUT F     sky130_fd_sc_hd__fa_1         1  5.8    96   396    1182    (-,-) 
  g5087__9945/COUT -       CIN->COUT F     sky130_fd_sc_hd__fa_1         1  5.8    96   396    1579    (-,-) 
  g5070__6783/COUT -       CIN->COUT F     sky130_fd_sc_hd__fa_1         1  5.8    96   396    1975    (-,-) 
  g5065__4319/COUT -       CIN->COUT F     sky130_fd_sc_hd__fa_1         1  5.8    96   396    2371    (-,-) 
  g5064__6260/COUT -       CIN->COUT F     sky130_fd_sc_hd__fa_1         1  5.8    96   396    2768    (-,-) 
  g5063__5107/COUT -       CIN->COUT F     sky130_fd_sc_hd__fa_1         1  5.8    96   396    3164    (-,-) 
  g5062__2398/COUT -       CIN->COUT F     sky130_fd_sc_hd__fa_1         1  5.8    96   396    3560    (-,-) 
  g5061__5477/COUT -       CIN->COUT F     sky130_fd_sc_hd__fa_1         1  5.8    96   396    3956    (-,-) 
  g5060__6417/COUT -       CIN->COUT F     sky130_fd_sc_hd__fa_1         1  5.8    96   396    4353    (-,-) 
  g5059__7410/COUT -       CIN->COUT F     sky130_fd_sc_hd__fa_1         1  5.8    96   396    4749    (-,-) 
  g5058__1666/COUT -       CIN->COUT F     sky130_fd_sc_hd__fa_1         1  5.8    96   396    5145    (-,-) 
  g5057__2346/COUT -       CIN->COUT F     sky130_fd_sc_hd__fa_1         1  5.8    96   396    5542    (-,-) 
  g5056__2883/COUT -       CIN->COUT F     sky130_fd_sc_hd__fa_1         1  5.8    96   396    5938    (-,-) 
  g5055__9945/COUT -       CIN->COUT F     sky130_fd_sc_hd__fa_1         1  5.8    96   396    6334    (-,-) 
  g5054__9315/COUT -       CIN->COUT F     sky130_fd_sc_hd__fa_1         9 44.1   257   586    6921    (-,-) 
  g5048__7098/X    -       A1->X     F     sky130_fd_sc_hd__a21o_1       1  3.7    38   237    7157    (-,-) 
  g5044__1705/X    -       B->X      F     sky130_fd_sc_hd__maj3_1       9 44.1   248   528    7685    (-,-) 
  g5243/Y          -       S->Y      F     sky130_fd_sc_hd__mux2i_1      1  5.6   114   199    7885    (-,-) 
  g5242/Y          -       A->Y      R     sky130_fd_sc_hd__xnor2_1      1 51.3  1101   894    8779    (-,-) 
  S[26]            <<<     -         R     (port)                        -    -     -     0    8779    (-,-) 
#------------------------------------------------------------------------------------------------------------

