###############################################################
#  Generated by:      Cadence Innovus 23.32-s091_1
#  OS:                Linux x86_64(Host ID cadmicro-inf-el8-623207)
#  Generated on:      Fri Apr 11 16:12:41 2025
#  Design:            han_carlson_32bits
#  Command:           report_timing > reports/report_timing.rpt
###############################################################
Path 1: VIOLATED Path Delay Check
Endpoint:   S[29] (^)
Beginpoint: A[4]  (v) triggered by  leading edge of '@'
Path Groups: {default}
Analysis View: default_emulate_view
- External Delay                0.000
+ Path Delay                    2.110
= Required Time                 2.110
- Arrival Time                  2.122
= Slack Time                   -0.012
     Clock Rise Edge                      0.000
     + Input Delay                        0.000
     = Beginpoint Arrival Time            0.000
     +------------------------------------------------------------------------------------------------------------+ 
     |              Instance              |     Arc      |           Cell            | Delay | Arrival | Required | 
     |                                    |              |                           |       |  Time   |   Time   | 
     |------------------------------------+--------------+---------------------------+-------+---------+----------| 
     |                                    | A[4] v       |                           |       |   0.000 |   -0.012 | 
     | GENERATE_PROPAGATE[4].GENERATE/g2  | B v -> X v   | sky130_fd_sc_hd__and2_4   | 0.525 |   0.525 |    0.512 | 
     | LEVEL_1[5].B1/GENERATE/g13__5526   | A2 v -> X v  | sky130_fd_sc_hd__a21o_1   | 0.201 |   0.725 |    0.713 | 
     | LEVEL_2[7].B2/GENERATE/g2          | A2 v -> X v  | sky130_fd_sc_hd__a21o_1   | 0.188 |   0.913 |    0.901 | 
     | LEVEL_3[11].B4/GENERATE/g14__6417  | A v -> Y ^   | sky130_fd_sc_hd__nand2_1  | 0.056 |   0.969 |    0.956 | 
     | LEVEL_3[11].B4/GENERATE/g2         | B ^ -> Y v   | sky130_fd_sc_hd__nand2b_1 | 0.071 |   1.040 |    1.028 | 
     | B6/GENERATE/g16                    | B1 v -> X v  | sky130_fd_sc_hd__a21o_1   | 0.188 |   1.227 |    1.215 | 
     | LEVEL_5[27].B9/GENERATE/g13__5107  | A1 v -> X v  | sky130_fd_sc_hd__a21o_1   | 0.190 |   1.418 |    1.405 | 
     | LEVEL_6[28].B10/GENERATE/g13__6783 | A1 v -> X v  | sky130_fd_sc_hd__a21o_1   | 0.162 |   1.579 |    1.567 | 
     | C28/g13__8246                      | B1 v -> X v  | sky130_fd_sc_hd__a21o_1   | 0.175 |   1.755 |    1.742 | 
     | S29/g16__5122                      | B v -> SUM ^ | sky130_fd_sc_hd__ha_4     | 0.367 |   2.122 |    2.109 | 
     |                                    | S[29] ^      |                           | 0.001 |   2.122 |    2.110 | 
     +------------------------------------------------------------------------------------------------------------+ 

