============================================================
  Generated by:           Genus(TM) Synthesis Solution 23.12-s086_1
  Generated on:           Apr 11 2025  03:16:54 pm
  Module:                 sklansky_32bits
  Operating conditions:   tt_025C_1v80 
  Interconnect mode:      global
  Area mode:              physical library
============================================================


Path 1: VIOLATED (-166 ps) Path Delay Check
     Startpoint: (F) B[19]
       Endpoint: (F) S[25]

                   Capture    Launch  
      Path Delay:+    1430         -  
      Drv Adjust:+       0         0  
         Arrival:=    1430            
                                      
   Required Time:=    1430            
       Data Path:-    1596            
           Slack:=    -166            

Exceptions/Constraints:
  max_delay             1430            constraints.sdc_line_1 

#-------------------------------------------------------------------------------------------------------------------------------
#             Timing Point               Flags   Arc   Edge           Cell             Fanout Load Trans Delay Arrival Instance 
#                                                                                             (fF)  (ps)  (ps)   (ps)  Location 
#-------------------------------------------------------------------------------------------------------------------------------
  B[19]                                  -       -     F     (arrival)                      2  5.9  1000     0       0    (-,-) 
  g163/X                                 -       A->X  F     sky130_fd_sc_hd__clkbuf_1      2  7.0    68   334     334    (-,-) 
  GENERATE_PROPAGATE[19].PROPAGATE/g25/Y -       A->Y  R     sky130_fd_sc_hd__clkinv_1      1  3.7    34    55     388    (-,-) 
  GENERATE_PROPAGATE[19].PROPAGATE/g23/Y -       A->Y  F     sky130_fd_sc_hd__nand2_1       1  5.5    54    55     443    (-,-) 
  GENERATE_PROPAGATE[19].PROPAGATE/g22/Y -       B->Y  R     sky130_fd_sc_hd__nand2_2       3  9.0    66    83     526    (-,-) 
  LEVEL_1[19].B1/PROPAGATE/g11__7098/X   -       A->X  R     sky130_fd_sc_hd__and2_4        2  8.9    48   144     670    (-,-) 
  LEVEL_2[19].B2/PROPAGATE/g2__9315/X    -       A->X  R     sky130_fd_sc_hd__and2_4        2  6.1    41   131     801    (-,-) 
  LEVEL_3[23].B4/PROPAGATE/g11__4319/X   -       A->X  R     sky130_fd_sc_hd__and2_4        8 19.7    76   161     962    (-,-) 
  B8/PROPAGATE/g11__6260/X               -       A->X  R     sky130_fd_sc_hd__and2_1        2  6.9    84   149    1111    (-,-) 
  LEVEL_5[24].B13/PROPAGATE/g11__5115/X  -       B->X  R     sky130_fd_sc_hd__and2_4        1  5.9    40   145    1256    (-,-) 
  C24/g2__9315/Y                         -       A->Y  F     sky130_fd_sc_hd__nand2_2       1  9.6    83    55    1312    (-,-) 
  C24/g19__6161/Y                        -       A->Y  R     sky130_fd_sc_hd__nand2_4       2 11.1    55    78    1389    (-,-) 
  S25/g26/Y                              -       A->Y  F     sky130_fd_sc_hd__inv_2         1  9.6    29    43    1432    (-,-) 
  S25/g25/Y                              -       A->Y  R     sky130_fd_sc_hd__nand2_4       1 19.4    78    72    1504    (-,-) 
  S25/g23/Y                              -       B->Y  F     sky130_fd_sc_hd__nand2_8       1 51.3    86    92    1596    (-,-) 
  S[25]                                  <<<     -     F     (port)                         -    -     -     0    1596    (-,-) 
#-------------------------------------------------------------------------------------------------------------------------------

