============================================================
  Generated by:           Genus(TM) Synthesis Solution 23.12-s086_1
  Generated on:           Apr 14 2025  03:24:45 pm
  Module:                 cla_32bits
  Operating conditions:   tt_025C_1v80 
  Interconnect mode:      global
  Area mode:              physical library
============================================================


Path 1: MET (203 ps) Path Delay Check
     Startpoint: (F) Cin
       Endpoint: (R) S[31]

                   Capture    Launch  
      Path Delay:+   13700         -  
      Drv Adjust:+       0         0  
         Arrival:=   13700            
                                      
   Required Time:=   13700            
       Data Path:-   13497            
           Slack:=     203            

Exceptions/Constraints:
  max_delay            13700            constraints.sdc_line_1 

#---------------------------------------------------------------------------------------------------------
#  Timing Point    Flags     Arc     Edge         Cell           Fanout Load Trans Delay Arrival Instance 
#                                                                       (fF)  (ps)  (ps)   (ps)  Location 
#---------------------------------------------------------------------------------------------------------
  Cin              -       -         F     (arrival)                  1  7.2  1000     0       0    (-,-) 
  g2974__4319/COUT -       B->COUT   F     sky130_fd_sc_hd__fa_1      1  5.8    96   786     786    (-,-) 
  g2973__6260/COUT -       CIN->COUT F     sky130_fd_sc_hd__fa_1      1  5.8    96   396    1182    (-,-) 
  g2972__5107/COUT -       CIN->COUT F     sky130_fd_sc_hd__fa_1      1  5.8    96   396    1579    (-,-) 
  g2971__2398/COUT -       CIN->COUT F     sky130_fd_sc_hd__fa_1      1  5.8    96   396    1975    (-,-) 
  g2970__5477/COUT -       CIN->COUT F     sky130_fd_sc_hd__fa_1      1  5.8    96   396    2371    (-,-) 
  g2969__6417/COUT -       CIN->COUT F     sky130_fd_sc_hd__fa_1      1  5.8    96   396    2768    (-,-) 
  g2968__7410/COUT -       CIN->COUT F     sky130_fd_sc_hd__fa_1      1  5.8    96   396    3164    (-,-) 
  g2967__1666/COUT -       CIN->COUT F     sky130_fd_sc_hd__fa_1      1  5.8    96   396    3560    (-,-) 
  g2966__2346/COUT -       CIN->COUT F     sky130_fd_sc_hd__fa_1      1  5.8    96   396    3956    (-,-) 
  g2965__2883/COUT -       CIN->COUT F     sky130_fd_sc_hd__fa_1      1  5.8    96   396    4353    (-,-) 
  g2964__9945/COUT -       CIN->COUT F     sky130_fd_sc_hd__fa_1      1  5.8    96   396    4749    (-,-) 
  g2963__9315/COUT -       CIN->COUT F     sky130_fd_sc_hd__fa_1      1  5.8    96   396    5145    (-,-) 
  g2962__6161/COUT -       CIN->COUT F     sky130_fd_sc_hd__fa_1      1  5.8    96   396    5542    (-,-) 
  g2961__4733/COUT -       CIN->COUT F     sky130_fd_sc_hd__fa_1      1  5.8    96   396    5938    (-,-) 
  g2960__7482/COUT -       CIN->COUT F     sky130_fd_sc_hd__fa_1      1  5.8    96   396    6334    (-,-) 
  g2959__5115/COUT -       CIN->COUT F     sky130_fd_sc_hd__fa_1      1  5.8    96   396    6730    (-,-) 
  g2958__1881/COUT -       CIN->COUT F     sky130_fd_sc_hd__fa_1      1  5.8    96   396    7127    (-,-) 
  g2957__6131/COUT -       CIN->COUT F     sky130_fd_sc_hd__fa_1      1  5.8    96   396    7523    (-,-) 
  g2956__7098/COUT -       CIN->COUT F     sky130_fd_sc_hd__fa_1      1  5.8    96   396    7919    (-,-) 
  g2955__8246/COUT -       CIN->COUT F     sky130_fd_sc_hd__fa_1      1  5.8    96   396    8316    (-,-) 
  g2954__5122/COUT -       CIN->COUT F     sky130_fd_sc_hd__fa_1      1  5.8    96   396    8712    (-,-) 
  g2953__1705/COUT -       CIN->COUT F     sky130_fd_sc_hd__fa_1      1  5.8    96   396    9108    (-,-) 
  g2952__2802/COUT -       CIN->COUT F     sky130_fd_sc_hd__fa_1      1  5.8    96   396    9505    (-,-) 
  g2951__1617/COUT -       CIN->COUT F     sky130_fd_sc_hd__fa_1      1  5.8    96   396    9901    (-,-) 
  g2950__3680/COUT -       CIN->COUT F     sky130_fd_sc_hd__fa_1      1  5.8    96   396   10297    (-,-) 
  g2949__6783/COUT -       CIN->COUT F     sky130_fd_sc_hd__fa_1      1  5.8    96   396   10694    (-,-) 
  g2948__5526/COUT -       CIN->COUT F     sky130_fd_sc_hd__fa_1      1  5.8    96   396   11090    (-,-) 
  g2947__8428/COUT -       CIN->COUT F     sky130_fd_sc_hd__fa_1      1  5.8    96   396   11486    (-,-) 
  g2946__4319/COUT -       CIN->COUT F     sky130_fd_sc_hd__fa_1      1  5.8    96   396   11882    (-,-) 
  g2945__6260/COUT -       CIN->COUT F     sky130_fd_sc_hd__fa_1      1  5.8    96   396   12279    (-,-) 
  g2944__5107/COUT -       CIN->COUT F     sky130_fd_sc_hd__fa_1      1  5.8    96   396   12675    (-,-) 
  g2943__2398/SUM  -       CIN->SUM  R     sky130_fd_sc_hd__fa_1      1 51.3   506   822   13497    (-,-) 
  S[31]            <<<     -         R     (port)                     -    -     -     0   13497    (-,-) 
#---------------------------------------------------------------------------------------------------------

