Hinst Name                        Module Name          Inst Count           Total Area               Buffer             Inverter        Combinational                 Flop                Latch           Clock Gate                Macro             Physical
-----------------------------------------------------------------------------------------------------------------------------------------------------------------------------------------------------------------------------------------------------------------------
sklansky_32bits                                              1119             6676.403               80.077              683.155             3529.635                0.000                0.000                0.000                0.000             2383.536
  B12                             bolinha_456                   2               13.763                0.000                0.000               13.763                0.000                0.000                0.000                0.000                0.000
    B12/GENERATE                  generate_ij_597               1                7.507                0.000                0.000                7.507                0.000                0.000                0.000                0.000                0.000
    B12/PROPAGATE                 propagate_ij_707              1                6.256                0.000                0.000                6.256                0.000                0.000                0.000                0.000                0.000
  B8                              bolinha_472                   3               16.266                0.000                0.000               16.266                0.000                0.000                0.000                0.000                0.000
    B8/GENERATE                   generate_ij_613               2               10.010                0.000                0.000               10.010                0.000                0.000                0.000                0.000                0.000
    B8/PROPAGATE                  propagate_ij_723              1                6.256                0.000                0.000                6.256                0.000                0.000                0.000                0.000                0.000
  B9                              bolinha_471                   2               13.763                0.000                0.000               13.763                0.000                0.000                0.000                0.000                0.000
    B9/GENERATE                   generate_ij_612               1                7.507                0.000                0.000                7.507                0.000                0.000                0.000                0.000                0.000
    B9/PROPAGATE                  propagate_ij_722              1                6.256                0.000                0.000                6.256                0.000                0.000                0.000                0.000                0.000
  C0                              carry                         1                7.507                0.000                0.000                7.507                0.000                0.000                0.000                0.000                0.000
  C1                              carry_550                     1                7.507                0.000                0.000                7.507                0.000                0.000                0.000                0.000                0.000
  C10                             carry_541                     1                7.507                0.000                0.000                7.507                0.000                0.000                0.000                0.000                0.000
  C11                             carry_540                     1                7.507                0.000                0.000                7.507                0.000                0.000                0.000                0.000                0.000
  C12                             carry_539                     1                7.507                0.000                0.000                7.507                0.000                0.000                0.000                0.000                0.000
  C13                             carry_538                     1                7.507                0.000                0.000                7.507                0.000                0.000                0.000                0.000                0.000
  C14                             carry_537                     2               17.517                0.000                0.000               17.517                0.000                0.000                0.000                0.000                0.000
  C15                             carry_536                     1                7.507                0.000                0.000                7.507                0.000                0.000                0.000                0.000                0.000
  C16                             carry_535                     3               16.266                0.000                3.754               12.512                0.000                0.000                0.000                0.000                0.000
  C17                             carry_534                     3               13.763                0.000                3.754               10.010                0.000                0.000                0.000                0.000                0.000
  C18                             carry_533                     3               13.763                0.000                3.754               10.010                0.000                0.000                0.000                0.000                0.000
  C19                             carry_532                     3               22.522                0.000                5.005               17.517                0.000                0.000                0.000                0.000                0.000
  C2                              carry_549                     1                7.507                0.000                0.000                7.507                0.000                0.000                0.000                0.000                0.000
  C20                             carry_531                     3               13.763                0.000                3.754               10.010                0.000                0.000                0.000                0.000                0.000
  C21                             carry_530                     3               13.763                0.000                3.754               10.010                0.000                0.000                0.000                0.000                0.000
  C22                             carry_529                     3               13.763                0.000                3.754               10.010                0.000                0.000                0.000                0.000                0.000
  C23                             carry_528                     3               13.763                0.000                3.754               10.010                0.000                0.000                0.000                0.000                0.000
  C24                             carry_527                     3               16.266                0.000                3.754               12.512                0.000                0.000                0.000                0.000                0.000
  C25                             carry_526                     3               22.522                0.000                5.005               17.517                0.000                0.000                0.000                0.000                0.000
  C26                             carry_525                     3               16.266                0.000                3.754               12.512                0.000                0.000                0.000                0.000                0.000
  C27                             carry_524                     3               21.270                0.000                3.754               17.517                0.000                0.000                0.000                0.000                0.000
  C28                             carry_523                     3               16.266                0.000                3.754               12.512                0.000                0.000                0.000                0.000                0.000
  C29                             carry_522                     3               16.266                0.000                3.754               12.512                0.000                0.000                0.000                0.000                0.000
  C3                              carry_548                     1                7.507                0.000                0.000                7.507                0.000                0.000                0.000                0.000                0.000
  C30                             carry_521                     3               27.526                0.000                5.005               22.522                0.000                0.000                0.000                0.000                0.000
  C31                             carry_520                     1               15.014                0.000                0.000               15.014                0.000                0.000                0.000                0.000                0.000
  C4                              carry_547                     1                7.507                0.000                0.000                7.507                0.000                0.000                0.000                0.000                0.000
  C5                              carry_546                     1                7.507                0.000                0.000                7.507                0.000                0.000                0.000                0.000                0.000
  C6                              carry_545                     1                7.507                0.000                0.000                7.507                0.000                0.000                0.000                0.000                0.000
  C7                              carry_544                     1                7.507                0.000                0.000                7.507                0.000                0.000                0.000                0.000                0.000
  C8                              carry_543                     1                7.507                0.000                0.000                7.507                0.000                0.000                0.000                0.000                0.000
  C9                              carry_542                     1                7.507                0.000                0.000                7.507                0.000                0.000                0.000                0.000                0.000
  GENERATE_PROPAGATE[0].GENERATE  generate_i                    1                8.758                0.000                0.000                8.758                0.000                0.000                0.000                0.000                0.000
  GENERATE_PROPAGATE[0].PROPAGATE propagate_i                   4               27.526                0.000                3.754               23.773                0.000                0.000                0.000                0.000                0.000
  GENERATE_PROPAGATE[10].GENERATE generate_i_572                3               11.261                0.000                7.507                3.754                0.000                0.000                0.000                0.000                0.000
  GENERATE_PROPAGATE[10].PROPAGATE propagate_i_682               5               51.299                0.000               17.517               33.782                0.000                0.000                0.000                0.000                0.000
  GENERATE_PROPAGATE[11].GENERATE generate_i_571                1                6.256                0.000                0.000                6.256                0.000                0.000                0.000                0.000                0.000
  GENERATE_PROPAGATE[11].PROPAGATE propagate_i_681               5               51.299                0.000               17.517               33.782                0.000                0.000                0.000                0.000                0.000
  GENERATE_PROPAGATE[12].GENERATE generate_i_570                3               11.261                0.000                7.507                3.754                0.000                0.000                0.000                0.000                0.000
  GENERATE_PROPAGATE[12].PROPAGATE propagate_i_680               5               51.299                0.000               17.517               33.782                0.000                0.000                0.000                0.000                0.000
  GENERATE_PROPAGATE[13].GENERATE generate_i_569                1                6.256                0.000                0.000                6.256                0.000                0.000                0.000                0.000                0.000
  GENERATE_PROPAGATE[13].PROPAGATE propagate_i_679               5               51.299                0.000               17.517               33.782                0.000                0.000                0.000                0.000                0.000
  GENERATE_PROPAGATE[14].GENERATE generate_i_568                1                8.758                0.000                0.000                8.758                0.000                0.000                0.000                0.000                0.000
  GENERATE_PROPAGATE[14].PROPAGATE propagate_i_678               5               51.299                0.000               17.517               33.782                0.000                0.000                0.000                0.000                0.000
  GENERATE_PROPAGATE[15].GENERATE generate_i_567                1                6.256                0.000                0.000                6.256                0.000                0.000                0.000                0.000                0.000
  GENERATE_PROPAGATE[15].PROPAGATE propagate_i_677               5               51.299                0.000               17.517               33.782                0.000                0.000                0.000                0.000                0.000
  GENERATE_PROPAGATE[16].GENERATE generate_i_566                3               11.261                0.000                7.507                3.754                0.000                0.000                0.000                0.000                0.000
  GENERATE_PROPAGATE[16].PROPAGATE propagate_i_676               5               31.280                0.000                7.507               23.773                0.000                0.000                0.000                0.000                0.000
  GENERATE_PROPAGATE[17].GENERATE generate_i_565                3               11.261                0.000                7.507                3.754                0.000                0.000                0.000                0.000                0.000
  GENERATE_PROPAGATE[17].PROPAGATE propagate_i_675               5               26.275                0.000                7.507               18.768                0.000                0.000                0.000                0.000                0.000
  GENERATE_PROPAGATE[18].GENERATE generate_i_564                1                8.758                0.000                0.000                8.758                0.000                0.000                0.000                0.000                0.000
  GENERATE_PROPAGATE[18].PROPAGATE propagate_i_674               1               27.526                0.000                0.000               27.526                0.000                0.000                0.000                0.000                0.000
  GENERATE_PROPAGATE[19].GENERATE generate_i_563                1                6.256                0.000                0.000                6.256                0.000                0.000                0.000                0.000                0.000
  GENERATE_PROPAGATE[19].PROPAGATE propagate_i_673               5               18.768                0.000                7.507               11.261                0.000                0.000                0.000                0.000                0.000
  GENERATE_PROPAGATE[1].GENERATE  generate_i_581                1                6.256                0.000                0.000                6.256                0.000                0.000                0.000                0.000                0.000
  GENERATE_PROPAGATE[1].PROPAGATE propagate_i_691               5               42.541                0.000               13.763               28.778                0.000                0.000                0.000                0.000                0.000
  GENERATE_PROPAGATE[20].GENERATE generate_i_562                1                6.256                0.000                0.000                6.256                0.000                0.000                0.000                0.000                0.000
  GENERATE_PROPAGATE[20].PROPAGATE propagate_i_672               5               46.294                0.000               12.512               33.782                0.000                0.000                0.000                0.000                0.000
  GENERATE_PROPAGATE[21].GENERATE generate_i_561                1                6.256                0.000                0.000                6.256                0.000                0.000                0.000                0.000                0.000
  GENERATE_PROPAGATE[21].PROPAGATE propagate_i_671               3               33.782                0.000                0.000               33.782                0.000                0.000                0.000                0.000                0.000
  GENERATE_PROPAGATE[22].GENERATE generate_i_560                1                6.256                0.000                0.000                6.256                0.000                0.000                0.000                0.000                0.000
  GENERATE_PROPAGATE[22].PROPAGATE propagate_i_670               1               27.526                0.000                0.000               27.526                0.000                0.000                0.000                0.000                0.000
  GENERATE_PROPAGATE[23].GENERATE generate_i_559                1                6.256                0.000                0.000                6.256                0.000                0.000                0.000                0.000                0.000
  GENERATE_PROPAGATE[23].PROPAGATE propagate_i_669               4               35.034                0.000                3.754               31.280                0.000                0.000                0.000                0.000                0.000
  GENERATE_PROPAGATE[24].GENERATE generate_i_558                1                8.758                0.000                0.000                8.758                0.000                0.000                0.000                0.000                0.000
  GENERATE_PROPAGATE[24].PROPAGATE propagate_i_668               3               60.058                0.000               32.531               27.526                0.000                0.000                0.000                0.000                0.000
  GENERATE_PROPAGATE[25].GENERATE generate_i_557                1                6.256                0.000                0.000                6.256                0.000                0.000                0.000                0.000                0.000
  GENERATE_PROPAGATE[25].PROPAGATE propagate_i_667               5               18.768                0.000                7.507               11.261                0.000                0.000                0.000                0.000                0.000
  GENERATE_PROPAGATE[26].GENERATE generate_i_556                1                6.256                0.000                0.000                6.256                0.000                0.000                0.000                0.000                0.000
  GENERATE_PROPAGATE[26].PROPAGATE propagate_i_666               1               16.266                0.000                0.000               16.266                0.000                0.000                0.000                0.000                0.000
  GENERATE_PROPAGATE[27].GENERATE generate_i_555                1                6.256                0.000                0.000                6.256                0.000                0.000                0.000                0.000                0.000
  GENERATE_PROPAGATE[27].PROPAGATE propagate_i_665               2               25.024                0.000                8.758               16.266                0.000                0.000                0.000                0.000                0.000
  GENERATE_PROPAGATE[28].GENERATE generate_i_554                1                6.256                0.000                0.000                6.256                0.000                0.000                0.000                0.000                0.000
  GENERATE_PROPAGATE[28].PROPAGATE propagate_i_664               1               27.526                0.000                0.000               27.526                0.000                0.000                0.000                0.000                0.000
  GENERATE_PROPAGATE[29].GENERATE generate_i_553                1                6.256                0.000                0.000                6.256                0.000                0.000                0.000                0.000                0.000
  GENERATE_PROPAGATE[29].PROPAGATE propagate_i_663               2               21.270                0.000                5.005               16.266                0.000                0.000                0.000                0.000                0.000
  GENERATE_PROPAGATE[2].GENERATE  generate_i_580                3               11.261                0.000                7.507                3.754                0.000                0.000                0.000                0.000                0.000
  GENERATE_PROPAGATE[2].PROPAGATE propagate_i_690               5               31.280                0.000                7.507               23.773                0.000                0.000                0.000                0.000                0.000
  GENERATE_PROPAGATE[30].GENERATE generate_i_552                1                6.256                0.000                0.000                6.256                0.000                0.000                0.000                0.000                0.000
  GENERATE_PROPAGATE[30].PROPAGATE propagate_i_662               1               16.266                0.000                0.000               16.266                0.000                0.000                0.000                0.000                0.000
  GENERATE_PROPAGATE[31].GENERATE generate_i_551                1                6.256                0.000                0.000                6.256                0.000                0.000                0.000                0.000                0.000
  GENERATE_PROPAGATE[31].PROPAGATE propagate_i_661               1               16.266                0.000                0.000               16.266                0.000                0.000                0.000                0.000                0.000
  GENERATE_PROPAGATE[3].GENERATE  generate_i_579                1                6.256                0.000                0.000                6.256                0.000                0.000                0.000                0.000                0.000
  GENERATE_PROPAGATE[3].PROPAGATE propagate_i_689               4               35.034                0.000                3.754               31.280                0.000                0.000                0.000                0.000                0.000
  GENERATE_PROPAGATE[4].GENERATE  generate_i_578                3               13.763                0.000                7.507                6.256                0.000                0.000                0.000                0.000                0.000
  GENERATE_PROPAGATE[4].PROPAGATE propagate_i_688               5               46.294                0.000               12.512               33.782                0.000                0.000                0.000                0.000                0.000
  GENERATE_PROPAGATE[5].GENERATE  generate_i_577                1                8.758                0.000                0.000                8.758                0.000                0.000                0.000                0.000                0.000
  GENERATE_PROPAGATE[5].PROPAGATE propagate_i_687               5               47.546                0.000               13.763               33.782                0.000                0.000                0.000                0.000                0.000
  GENERATE_PROPAGATE[6].GENERATE  generate_i_576                3               11.261                0.000                7.507                3.754                0.000                0.000                0.000                0.000                0.000
  GENERATE_PROPAGATE[6].PROPAGATE propagate_i_686               5               36.285                0.000               12.512               23.773                0.000                0.000                0.000                0.000                0.000
  GENERATE_PROPAGATE[7].GENERATE  generate_i_575                1                6.256                0.000                0.000                6.256                0.000                0.000                0.000                0.000                0.000
  GENERATE_PROPAGATE[7].PROPAGATE propagate_i_685               5               32.531                0.000                8.758               23.773                0.000                0.000                0.000                0.000                0.000
  GENERATE_PROPAGATE[8].GENERATE  generate_i_574                3               11.261                0.000                7.507                3.754                0.000                0.000                0.000                0.000                0.000
  GENERATE_PROPAGATE[8].PROPAGATE propagate_i_684               5               51.299                0.000               17.517               33.782                0.000                0.000                0.000                0.000                0.000
  GENERATE_PROPAGATE[9].GENERATE  generate_i_573                1                6.256                0.000                0.000                6.256                0.000                0.000                0.000                0.000                0.000
  GENERATE_PROPAGATE[9].PROPAGATE propagate_i_683               5               51.299                0.000               17.517               33.782                0.000                0.000                0.000                0.000                0.000
  LEVEL_1[11].B1                  bolinha_515                   3               18.768                0.000                5.005               13.763                0.000                0.000                0.000                0.000                0.000
    LEVEL_1[11].B1/GENERATE       generate_ij_656               1                7.507                0.000                0.000                7.507                0.000                0.000                0.000                0.000                0.000
    LEVEL_1[11].B1/PROPAGATE      propagate_ij_766              2               11.261                0.000                5.005                6.256                0.000                0.000                0.000                0.000                0.000
  LEVEL_1[13].B1                  bolinha_514                   2               16.266                0.000                0.000               16.266                0.000                0.000                0.000                0.000                0.000
    LEVEL_1[13].B1/GENERATE       generate_ij_655               1                7.507                0.000                0.000                7.507                0.000                0.000                0.000                0.000                0.000
    LEVEL_1[13].B1/PROPAGATE      propagate_ij_765              1                8.758                0.000                0.000                8.758                0.000                0.000                0.000                0.000                0.000
  LEVEL_1[15].B1                  bolinha_513                   2               16.266                0.000                0.000               16.266                0.000                0.000                0.000                0.000                0.000
    LEVEL_1[15].B1/GENERATE       generate_ij_654               1                7.507                0.000                0.000                7.507                0.000                0.000                0.000                0.000                0.000
    LEVEL_1[15].B1/PROPAGATE      propagate_ij_764              1                8.758                0.000                0.000                8.758                0.000                0.000                0.000                0.000                0.000
  LEVEL_1[17].B1                  bolinha_512                   2               16.266                0.000                0.000               16.266                0.000                0.000                0.000                0.000                0.000
    LEVEL_1[17].B1/GENERATE       generate_ij_653               1                7.507                0.000                0.000                7.507                0.000                0.000                0.000                0.000                0.000
    LEVEL_1[17].B1/PROPAGATE      propagate_ij_763              1                8.758                0.000                0.000                8.758                0.000                0.000                0.000                0.000                0.000
  LEVEL_1[19].B1                  bolinha_511                   2               16.266                0.000                0.000               16.266                0.000                0.000                0.000                0.000                0.000
    LEVEL_1[19].B1/GENERATE       generate_ij_652               1                7.507                0.000                0.000                7.507                0.000                0.000                0.000                0.000                0.000
    LEVEL_1[19].B1/PROPAGATE      propagate_ij_762              1                8.758                0.000                0.000                8.758                0.000                0.000                0.000                0.000                0.000
  LEVEL_1[1].B1                   bolinha                       5               37.536                0.000                8.758               28.778                0.000                0.000                0.000                0.000                0.000
    LEVEL_1[1].B1/GENERATE        generate_ij                   3               26.275                0.000                3.754               22.522                0.000                0.000                0.000                0.000                0.000
    LEVEL_1[1].B1/PROPAGATE       propagate_ij                  2               11.261                0.000                5.005                6.256                0.000                0.000                0.000                0.000                0.000
  LEVEL_1[21].B1                  bolinha_510                   3               18.768                0.000                0.000               18.768                0.000                0.000                0.000                0.000                0.000
    LEVEL_1[21].B1/GENERATE       generate_ij_651               2               10.010                0.000                0.000               10.010                0.000                0.000                0.000                0.000                0.000
    LEVEL_1[21].B1/PROPAGATE      propagate_ij_761              1                8.758                0.000                0.000                8.758                0.000                0.000                0.000                0.000                0.000
  LEVEL_1[23].B1                  bolinha_509                   2               16.266                0.000                0.000               16.266                0.000                0.000                0.000                0.000                0.000
    LEVEL_1[23].B1/GENERATE       generate_ij_650               1                7.507                0.000                0.000                7.507                0.000                0.000                0.000                0.000                0.000
    LEVEL_1[23].B1/PROPAGATE      propagate_ij_760              1                8.758                0.000                0.000                8.758                0.000                0.000                0.000                0.000                0.000
  LEVEL_1[25].B1                  bolinha_508                   2               16.266                0.000                0.000               16.266                0.000                0.000                0.000                0.000                0.000
    LEVEL_1[25].B1/GENERATE       generate_ij_649               1                7.507                0.000                0.000                7.507                0.000                0.000                0.000                0.000                0.000
    LEVEL_1[25].B1/PROPAGATE      propagate_ij_759              1                8.758                0.000                0.000                8.758                0.000                0.000                0.000                0.000                0.000
  LEVEL_1[27].B1                  bolinha_507                   2               13.763                0.000                0.000               13.763                0.000                0.000                0.000                0.000                0.000
    LEVEL_1[27].B1/GENERATE       generate_ij_648               1                7.507                0.000                0.000                7.507                0.000                0.000                0.000                0.000                0.000
    LEVEL_1[27].B1/PROPAGATE      propagate_ij_758              1                6.256                0.000                0.000                6.256                0.000                0.000                0.000                0.000                0.000
  LEVEL_1[29].B1                  bolinha_506                   2               16.266                0.000                0.000               16.266                0.000                0.000                0.000                0.000                0.000
    LEVEL_1[29].B1/GENERATE       generate_ij_647               1                7.507                0.000                0.000                7.507                0.000                0.000                0.000                0.000                0.000
    LEVEL_1[29].B1/PROPAGATE      propagate_ij_757              1                8.758                0.000                0.000                8.758                0.000                0.000                0.000                0.000                0.000
  LEVEL_1[31].B1                  bolinha_505                   2               13.763                0.000                0.000               13.763                0.000                0.000                0.000                0.000                0.000
    LEVEL_1[31].B1/GENERATE       generate_ij_646               1                7.507                0.000                0.000                7.507                0.000                0.000                0.000                0.000                0.000
    LEVEL_1[31].B1/PROPAGATE      propagate_ij_756              1                6.256                0.000                0.000                6.256                0.000                0.000                0.000                0.000                0.000
  LEVEL_1[3].B1                   bolinha_519                   3               22.522                0.000                8.758               13.763                0.000                0.000                0.000                0.000                0.000
    LEVEL_1[3].B1/GENERATE        generate_ij_660               1                7.507                0.000                0.000                7.507                0.000                0.000                0.000                0.000                0.000
    LEVEL_1[3].B1/PROPAGATE       propagate_ij_770              2               15.014                0.000                8.758                6.256                0.000                0.000                0.000                0.000                0.000
  LEVEL_1[5].B1                   bolinha_518                   5               26.275                0.000               10.010               16.266                0.000                0.000                0.000                0.000                0.000
    LEVEL_1[5].B1/GENERATE        generate_ij_659               3               15.014                0.000                5.005               10.010                0.000                0.000                0.000                0.000                0.000
    LEVEL_1[5].B1/PROPAGATE       propagate_ij_769              2               11.261                0.000                5.005                6.256                0.000                0.000                0.000                0.000                0.000
  LEVEL_1[7].B1                   bolinha_517                   3               22.522                0.000                3.754               18.768                0.000                0.000                0.000                0.000                0.000
    LEVEL_1[7].B1/GENERATE        generate_ij_658               1                7.507                0.000                0.000                7.507                0.000                0.000                0.000                0.000                0.000
    LEVEL_1[7].B1/PROPAGATE       propagate_ij_768              2               15.014                0.000                3.754               11.261                0.000                0.000                0.000                0.000                0.000
  LEVEL_1[9].B1                   bolinha_516                   5               22.522                0.000                8.758               13.763                0.000                0.000                0.000                0.000                0.000
    LEVEL_1[9].B1/GENERATE        generate_ij_657               3               11.261                0.000                3.754                7.507                0.000                0.000                0.000                0.000                0.000
    LEVEL_1[9].B1/PROPAGATE       propagate_ij_767              2               11.261                0.000                5.005                6.256                0.000                0.000                0.000                0.000                0.000
  LEVEL_2[11].B2                  bolinha_500                   4               31.280                0.000                5.005               26.275                0.000                0.000                0.000                0.000                0.000
    LEVEL_2[11].B2/GENERATE       generate_ij_641               3               22.522                0.000                5.005               17.517                0.000                0.000                0.000                0.000                0.000
    LEVEL_2[11].B2/PROPAGATE      propagate_ij_751              1                8.758                0.000                0.000                8.758                0.000                0.000                0.000                0.000                0.000
  LEVEL_2[11].B3                  bolinha_499                   2               13.763                0.000                0.000               13.763                0.000                0.000                0.000                0.000                0.000
    LEVEL_2[11].B3/GENERATE       generate_ij_640               1                7.507                0.000                0.000                7.507                0.000                0.000                0.000                0.000                0.000
    LEVEL_2[11].B3/PROPAGATE      propagate_ij_750              1                6.256                0.000                0.000                6.256                0.000                0.000                0.000                0.000                0.000
  LEVEL_2[15].B2                  bolinha_498                   3               18.768                0.000                0.000               18.768                0.000                0.000                0.000                0.000                0.000
    LEVEL_2[15].B2/GENERATE       generate_ij_639               2               10.010                0.000                0.000               10.010                0.000                0.000                0.000                0.000                0.000
    LEVEL_2[15].B2/PROPAGATE      propagate_ij_749              1                8.758                0.000                0.000                8.758                0.000                0.000                0.000                0.000                0.000
  LEVEL_2[15].B3                  bolinha_497                   2               13.763                0.000                0.000               13.763                0.000                0.000                0.000                0.000                0.000
    LEVEL_2[15].B3/GENERATE       generate_ij_638               1                7.507                0.000                0.000                7.507                0.000                0.000                0.000                0.000                0.000
    LEVEL_2[15].B3/PROPAGATE      propagate_ij_748              1                6.256                0.000                0.000                6.256                0.000                0.000                0.000                0.000                0.000
  LEVEL_2[19].B2                  bolinha_496                   3               28.778                0.000                0.000               28.778                0.000                0.000                0.000                0.000                0.000
    LEVEL_2[19].B2/GENERATE       generate_ij_637               2               20.019                0.000                0.000               20.019                0.000                0.000                0.000                0.000                0.000
    LEVEL_2[19].B2/PROPAGATE      propagate_ij_747              1                8.758                0.000                0.000                8.758                0.000                0.000                0.000                0.000                0.000
  LEVEL_2[19].B3                  bolinha_495                   2               13.763                0.000                0.000               13.763                0.000                0.000                0.000                0.000                0.000
    LEVEL_2[19].B3/GENERATE       generate_ij_636               1                7.507                0.000                0.000                7.507                0.000                0.000                0.000                0.000                0.000
    LEVEL_2[19].B3/PROPAGATE      propagate_ij_746              1                6.256                0.000                0.000                6.256                0.000                0.000                0.000                0.000                0.000
  LEVEL_2[23].B2                  bolinha_494                   3               18.768                0.000                0.000               18.768                0.000                0.000                0.000                0.000                0.000
    LEVEL_2[23].B2/GENERATE       generate_ij_635               2               10.010                0.000                0.000               10.010                0.000                0.000                0.000                0.000                0.000
    LEVEL_2[23].B2/PROPAGATE      propagate_ij_745              1                8.758                0.000                0.000                8.758                0.000                0.000                0.000                0.000                0.000
  LEVEL_2[23].B3                  bolinha_493                   2               13.763                0.000                0.000               13.763                0.000                0.000                0.000                0.000                0.000
    LEVEL_2[23].B3/GENERATE       generate_ij_634               1                7.507                0.000                0.000                7.507                0.000                0.000                0.000                0.000                0.000
    LEVEL_2[23].B3/PROPAGATE      propagate_ij_744              1                6.256                0.000                0.000                6.256                0.000                0.000                0.000                0.000                0.000
  LEVEL_2[27].B2                  bolinha_492                   2               16.266                0.000                0.000               16.266                0.000                0.000                0.000                0.000                0.000
    LEVEL_2[27].B2/GENERATE       generate_ij_633               1                7.507                0.000                0.000                7.507                0.000                0.000                0.000                0.000                0.000
    LEVEL_2[27].B2/PROPAGATE      propagate_ij_743              1                8.758                0.000                0.000                8.758                0.000                0.000                0.000                0.000                0.000
  LEVEL_2[27].B3                  bolinha_491                   2               13.763                0.000                0.000               13.763                0.000                0.000                0.000                0.000                0.000
    LEVEL_2[27].B3/GENERATE       generate_ij_632               1                7.507                0.000                0.000                7.507                0.000                0.000                0.000                0.000                0.000
    LEVEL_2[27].B3/PROPAGATE      propagate_ij_742              1                6.256                0.000                0.000                6.256                0.000                0.000                0.000                0.000                0.000
  LEVEL_2[31].B2                  bolinha_490                   2               13.763                0.000                0.000               13.763                0.000                0.000                0.000                0.000                0.000
    LEVEL_2[31].B2/GENERATE       generate_ij_631               1                7.507                0.000                0.000                7.507                0.000                0.000                0.000                0.000                0.000
    LEVEL_2[31].B2/PROPAGATE      propagate_ij_741              1                6.256                0.000                0.000                6.256                0.000                0.000                0.000                0.000                0.000
  LEVEL_2[31].B3                  bolinha_489                   2               16.266                0.000                0.000               16.266                0.000                0.000                0.000                0.000                0.000
    LEVEL_2[31].B3/GENERATE       generate_ij_630               1                7.507                0.000                0.000                7.507                0.000                0.000                0.000                0.000                0.000
    LEVEL_2[31].B3/PROPAGATE      propagate_ij_740              1                8.758                0.000                0.000                8.758                0.000                0.000                0.000                0.000                0.000
  LEVEL_2[3].B2                   bolinha_504                   5               46.294                0.000               12.512               33.782                0.000                0.000                0.000                0.000                0.000
    LEVEL_2[3].B2/GENERATE        generate_ij_645               3               26.275                0.000                3.754               22.522                0.000                0.000                0.000                0.000                0.000
    LEVEL_2[3].B2/PROPAGATE       propagate_ij_755              2               20.019                0.000                8.758               11.261                0.000                0.000                0.000                0.000                0.000
  LEVEL_2[3].B3                   bolinha_503                   2               13.763                0.000                0.000               13.763                0.000                0.000                0.000                0.000                0.000
    LEVEL_2[3].B3/GENERATE        generate_ij_644               1                7.507                0.000                0.000                7.507                0.000                0.000                0.000                0.000                0.000
    LEVEL_2[3].B3/PROPAGATE       propagate_ij_754              1                6.256                0.000                0.000                6.256                0.000                0.000                0.000                0.000                0.000
  LEVEL_2[7].B2                   bolinha_502                   4               22.522                0.000                3.754               18.768                0.000                0.000                0.000                0.000                0.000
    LEVEL_2[7].B2/GENERATE        generate_ij_643               3               13.763                0.000                3.754               10.010                0.000                0.000                0.000                0.000                0.000
    LEVEL_2[7].B2/PROPAGATE       propagate_ij_753              1                8.758                0.000                0.000                8.758                0.000                0.000                0.000                0.000                0.000
  LEVEL_2[7].B3                   bolinha_501                   2               13.763                0.000                0.000               13.763                0.000                0.000                0.000                0.000                0.000
    LEVEL_2[7].B3/GENERATE        generate_ij_642               1                7.507                0.000                0.000                7.507                0.000                0.000                0.000                0.000                0.000
    LEVEL_2[7].B3/PROPAGATE       propagate_ij_752              1                6.256                0.000                0.000                6.256                0.000                0.000                0.000                0.000                0.000
  LEVEL_3[15].B4                  bolinha_484                   4               20.019                0.000                3.754               16.266                0.000                0.000                0.000                0.000                0.000
    LEVEL_3[15].B4/GENERATE       generate_ij_625               3               11.261                0.000                3.754                7.507                0.000                0.000                0.000                0.000                0.000
    LEVEL_3[15].B4/PROPAGATE      propagate_ij_735              1                8.758                0.000                0.000                8.758                0.000                0.000                0.000                0.000                0.000
  LEVEL_3[15].B5                  bolinha_483                   2               13.763                0.000                0.000               13.763                0.000                0.000                0.000                0.000                0.000
    LEVEL_3[15].B5/GENERATE       generate_ij_624               1                7.507                0.000                0.000                7.507                0.000                0.000                0.000                0.000                0.000
    LEVEL_3[15].B5/PROPAGATE      propagate_ij_734              1                6.256                0.000                0.000                6.256                0.000                0.000                0.000                0.000                0.000
  LEVEL_3[15].B6                  bolinha_482                   2               13.763                0.000                0.000               13.763                0.000                0.000                0.000                0.000                0.000
    LEVEL_3[15].B6/GENERATE       generate_ij_623               1                7.507                0.000                0.000                7.507                0.000                0.000                0.000                0.000                0.000
    LEVEL_3[15].B6/PROPAGATE      propagate_ij_733              1                6.256                0.000                0.000                6.256                0.000                0.000                0.000                0.000                0.000
  LEVEL_3[15].B7                  bolinha_481                   2               13.763                0.000                0.000               13.763                0.000                0.000                0.000                0.000                0.000
    LEVEL_3[15].B7/GENERATE       generate_ij_622               1                7.507                0.000                0.000                7.507                0.000                0.000                0.000                0.000                0.000
    LEVEL_3[15].B7/PROPAGATE      propagate_ij_732              1                6.256                0.000                0.000                6.256                0.000                0.000                0.000                0.000                0.000
  LEVEL_3[23].B4                  bolinha_480                   3               28.778                0.000                0.000               28.778                0.000                0.000                0.000                0.000                0.000
    LEVEL_3[23].B4/GENERATE       generate_ij_621               2               20.019                0.000                0.000               20.019                0.000                0.000                0.000                0.000                0.000
    LEVEL_3[23].B4/PROPAGATE      propagate_ij_731              1                8.758                0.000                0.000                8.758                0.000                0.000                0.000                0.000                0.000
  LEVEL_3[23].B5                  bolinha_479                   2               13.763                0.000                0.000               13.763                0.000                0.000                0.000                0.000                0.000
    LEVEL_3[23].B5/GENERATE       generate_ij_620               1                7.507                0.000                0.000                7.507                0.000                0.000                0.000                0.000                0.000
    LEVEL_3[23].B5/PROPAGATE      propagate_ij_730              1                6.256                0.000                0.000                6.256                0.000                0.000                0.000                0.000                0.000
  LEVEL_3[23].B6                  bolinha_478                   2               13.763                0.000                0.000               13.763                0.000                0.000                0.000                0.000                0.000
    LEVEL_3[23].B6/GENERATE       generate_ij_619               1                7.507                0.000                0.000                7.507                0.000                0.000                0.000                0.000                0.000
    LEVEL_3[23].B6/PROPAGATE      propagate_ij_729              1                6.256                0.000                0.000                6.256                0.000                0.000                0.000                0.000                0.000
  LEVEL_3[23].B7                  bolinha_477                   2               13.763                0.000                0.000               13.763                0.000                0.000                0.000                0.000                0.000
    LEVEL_3[23].B7/GENERATE       generate_ij_618               1                7.507                0.000                0.000                7.507                0.000                0.000                0.000                0.000                0.000
    LEVEL_3[23].B7/PROPAGATE      propagate_ij_728              1                6.256                0.000                0.000                6.256                0.000                0.000                0.000                0.000                0.000
  LEVEL_3[31].B4                  bolinha_476                   2               13.763                0.000                0.000               13.763                0.000                0.000                0.000                0.000                0.000
    LEVEL_3[31].B4/GENERATE       generate_ij_617               1                7.507                0.000                0.000                7.507                0.000                0.000                0.000                0.000                0.000
    LEVEL_3[31].B4/PROPAGATE      propagate_ij_727              1                6.256                0.000                0.000                6.256                0.000                0.000                0.000                0.000                0.000
  LEVEL_3[31].B5                  bolinha_475                   2               13.763                0.000                0.000               13.763                0.000                0.000                0.000                0.000                0.000
    LEVEL_3[31].B5/GENERATE       generate_ij_616               1                7.507                0.000                0.000                7.507                0.000                0.000                0.000                0.000                0.000
    LEVEL_3[31].B5/PROPAGATE      propagate_ij_726              1                6.256                0.000                0.000                6.256                0.000                0.000                0.000                0.000                0.000
  LEVEL_3[31].B6                  bolinha_474                   2               16.266                0.000                0.000               16.266                0.000                0.000                0.000                0.000                0.000
    LEVEL_3[31].B6/GENERATE       generate_ij_615               1                7.507                0.000                0.000                7.507                0.000                0.000                0.000                0.000                0.000
    LEVEL_3[31].B6/PROPAGATE      propagate_ij_725              1                8.758                0.000                0.000                8.758                0.000                0.000                0.000                0.000                0.000
  LEVEL_3[31].B7                  bolinha_473                   2               13.763                0.000                0.000               13.763                0.000                0.000                0.000                0.000                0.000
    LEVEL_3[31].B7/GENERATE       generate_ij_614               1                7.507                0.000                0.000                7.507                0.000                0.000                0.000                0.000                0.000
    LEVEL_3[31].B7/PROPAGATE      propagate_ij_724              1                6.256                0.000                0.000                6.256                0.000                0.000                0.000                0.000                0.000
  LEVEL_3[7].B4                   bolinha_488                   5               55.053                0.000               12.512               42.541                0.000                0.000                0.000                0.000                0.000
    LEVEL_3[7].B4/GENERATE        generate_ij_629               3               35.034                0.000                3.754               31.280                0.000                0.000                0.000                0.000                0.000
    LEVEL_3[7].B4/PROPAGATE       propagate_ij_739              2               20.019                0.000                8.758               11.261                0.000                0.000                0.000                0.000                0.000
  LEVEL_3[7].B5                   bolinha_487                   2               13.763                0.000                0.000               13.763                0.000                0.000                0.000                0.000                0.000
    LEVEL_3[7].B5/GENERATE        generate_ij_628               1                7.507                0.000                0.000                7.507                0.000                0.000                0.000                0.000                0.000
    LEVEL_3[7].B5/PROPAGATE       propagate_ij_738              1                6.256                0.000                0.000                6.256                0.000                0.000                0.000                0.000                0.000
  LEVEL_3[7].B6                   bolinha_486                   2               13.763                0.000                0.000               13.763                0.000                0.000                0.000                0.000                0.000
    LEVEL_3[7].B6/GENERATE        generate_ij_627               1                7.507                0.000                0.000                7.507                0.000                0.000                0.000                0.000                0.000
    LEVEL_3[7].B6/PROPAGATE       propagate_ij_737              1                6.256                0.000                0.000                6.256                0.000                0.000                0.000                0.000                0.000
  LEVEL_3[7].B7                   bolinha_485                   2               13.763                0.000                0.000               13.763                0.000                0.000                0.000                0.000                0.000
    LEVEL_3[7].B7/GENERATE        generate_ij_626               1                7.507                0.000                0.000                7.507                0.000                0.000                0.000                0.000                0.000
    LEVEL_3[7].B7/PROPAGATE       propagate_ij_736              1                6.256                0.000                0.000                6.256                0.000                0.000                0.000                0.000                0.000
  LEVEL_4[25].B10                 bolinha_470                   3               18.768                0.000                0.000               18.768                0.000                0.000                0.000                0.000                0.000
    LEVEL_4[25].B10/GENERATE      generate_ij_611               2               10.010                0.000                0.000               10.010                0.000                0.000                0.000                0.000                0.000
    LEVEL_4[25].B10/PROPAGATE     propagate_ij_721              1                8.758                0.000                0.000                8.758                0.000                0.000                0.000                0.000                0.000
  LEVEL_4[25].B11                 bolinha_469                   2               13.763                0.000                0.000               13.763                0.000                0.000                0.000                0.000                0.000
    LEVEL_4[25].B11/GENERATE      generate_ij_610               1                7.507                0.000                0.000                7.507                0.000                0.000                0.000                0.000                0.000
    LEVEL_4[25].B11/PROPAGATE     propagate_ij_720              1                6.256                0.000                0.000                6.256                0.000                0.000                0.000                0.000                0.000
  LEVEL_4[26].B10                 bolinha_468                   3               16.266                0.000                0.000               16.266                0.000                0.000                0.000                0.000                0.000
    LEVEL_4[26].B10/GENERATE      generate_ij_609               2               10.010                0.000                0.000               10.010                0.000                0.000                0.000                0.000                0.000
    LEVEL_4[26].B10/PROPAGATE     propagate_ij_719              1                6.256                0.000                0.000                6.256                0.000                0.000                0.000                0.000                0.000
  LEVEL_4[26].B11                 bolinha_467                   2               13.763                0.000                0.000               13.763                0.000                0.000                0.000                0.000                0.000
    LEVEL_4[26].B11/GENERATE      generate_ij_608               1                7.507                0.000                0.000                7.507                0.000                0.000                0.000                0.000                0.000
    LEVEL_4[26].B11/PROPAGATE     propagate_ij_718              1                6.256                0.000                0.000                6.256                0.000                0.000                0.000                0.000                0.000
  LEVEL_4[27].B10                 bolinha_466                   3               16.266                0.000                0.000               16.266                0.000                0.000                0.000                0.000                0.000
    LEVEL_4[27].B10/GENERATE      generate_ij_607               2               10.010                0.000                0.000               10.010                0.000                0.000                0.000                0.000                0.000
    LEVEL_4[27].B10/PROPAGATE     propagate_ij_717              1                6.256                0.000                0.000                6.256                0.000                0.000                0.000                0.000                0.000
  LEVEL_4[27].B11                 bolinha_465                   2               13.763                0.000                0.000               13.763                0.000                0.000                0.000                0.000                0.000
    LEVEL_4[27].B11/GENERATE      generate_ij_606               1                7.507                0.000                0.000                7.507                0.000                0.000                0.000                0.000                0.000
    LEVEL_4[27].B11/PROPAGATE     propagate_ij_716              1                6.256                0.000                0.000                6.256                0.000                0.000                0.000                0.000                0.000
  LEVEL_4[28].B10                 bolinha_464                   2               16.266                0.000                0.000               16.266                0.000                0.000                0.000                0.000                0.000
    LEVEL_4[28].B10/GENERATE      generate_ij_605               1                7.507                0.000                0.000                7.507                0.000                0.000                0.000                0.000                0.000
    LEVEL_4[28].B10/PROPAGATE     propagate_ij_715              1                8.758                0.000                0.000                8.758                0.000                0.000                0.000                0.000                0.000
  LEVEL_4[28].B11                 bolinha_463                   2               13.763                0.000                0.000               13.763                0.000                0.000                0.000                0.000                0.000
    LEVEL_4[28].B11/GENERATE      generate_ij_604               1                7.507                0.000                0.000                7.507                0.000                0.000                0.000                0.000                0.000
    LEVEL_4[28].B11/PROPAGATE     propagate_ij_714              1                6.256                0.000                0.000                6.256                0.000                0.000                0.000                0.000                0.000
  LEVEL_4[29].B10                 bolinha_462                   2               16.266                0.000                0.000               16.266                0.000                0.000                0.000                0.000                0.000
    LEVEL_4[29].B10/GENERATE      generate_ij_603               1                7.507                0.000                0.000                7.507                0.000                0.000                0.000                0.000                0.000
    LEVEL_4[29].B10/PROPAGATE     propagate_ij_713              1                8.758                0.000                0.000                8.758                0.000                0.000                0.000                0.000                0.000
  LEVEL_4[29].B11                 bolinha_461                   2               13.763                0.000                0.000               13.763                0.000                0.000                0.000                0.000                0.000
    LEVEL_4[29].B11/GENERATE      generate_ij_602               1                7.507                0.000                0.000                7.507                0.000                0.000                0.000                0.000                0.000
    LEVEL_4[29].B11/PROPAGATE     propagate_ij_712              1                6.256                0.000                0.000                6.256                0.000                0.000                0.000                0.000                0.000
  LEVEL_4[30].B10                 bolinha_460                   3               18.768                0.000                0.000               18.768                0.000                0.000                0.000                0.000                0.000
    LEVEL_4[30].B10/GENERATE      generate_ij_601               2               10.010                0.000                0.000               10.010                0.000                0.000                0.000                0.000                0.000
    LEVEL_4[30].B10/PROPAGATE     propagate_ij_711              1                8.758                0.000                0.000                8.758                0.000                0.000                0.000                0.000                0.000
  LEVEL_4[30].B11                 bolinha_459                   2               13.763                0.000                0.000               13.763                0.000                0.000                0.000                0.000                0.000
    LEVEL_4[30].B11/GENERATE      generate_ij_600               1                7.507                0.000                0.000                7.507                0.000                0.000                0.000                0.000                0.000
    LEVEL_4[30].B11/PROPAGATE     propagate_ij_710              1                6.256                0.000                0.000                6.256                0.000                0.000                0.000                0.000                0.000
  LEVEL_4[31].B10                 bolinha_458                   2               13.763                0.000                0.000               13.763                0.000                0.000                0.000                0.000                0.000
    LEVEL_4[31].B10/GENERATE      generate_ij_599               1                7.507                0.000                0.000                7.507                0.000                0.000                0.000                0.000                0.000
    LEVEL_4[31].B10/PROPAGATE     propagate_ij_709              1                6.256                0.000                0.000                6.256                0.000                0.000                0.000                0.000                0.000
  LEVEL_4[31].B11                 bolinha_457                   4               52.550                0.000                3.754               48.797                0.000                0.000                0.000                0.000                0.000
    LEVEL_4[31].B11/GENERATE      generate_ij_598               3               43.792                0.000                3.754               40.038                0.000                0.000                0.000                0.000                0.000
    LEVEL_4[31].B11/PROPAGATE     propagate_ij_708              1                8.758                0.000                0.000                8.758                0.000                0.000                0.000                0.000                0.000
  LEVEL_5[17].B13                 bolinha_455                   2               13.763                0.000                0.000               13.763                0.000                0.000                0.000                0.000                0.000
    LEVEL_5[17].B13/GENERATE      generate_ij_596               1                7.507                0.000                0.000                7.507                0.000                0.000                0.000                0.000                0.000
    LEVEL_5[17].B13/PROPAGATE     propagate_ij_706              1                6.256                0.000                0.000                6.256                0.000                0.000                0.000                0.000                0.000
  LEVEL_5[18].B13                 bolinha_454                   2               13.763                0.000                0.000               13.763                0.000                0.000                0.000                0.000                0.000
    LEVEL_5[18].B13/GENERATE      generate_ij_595               1                7.507                0.000                0.000                7.507                0.000                0.000                0.000                0.000                0.000
    LEVEL_5[18].B13/PROPAGATE     propagate_ij_705              1                6.256                0.000                0.000                6.256                0.000                0.000                0.000                0.000                0.000
  LEVEL_5[19].B13                 bolinha_453                   2               13.763                0.000                0.000               13.763                0.000                0.000                0.000                0.000                0.000
    LEVEL_5[19].B13/GENERATE      generate_ij_594               1                7.507                0.000                0.000                7.507                0.000                0.000                0.000                0.000                0.000
    LEVEL_5[19].B13/PROPAGATE     propagate_ij_704              1                6.256                0.000                0.000                6.256                0.000                0.000                0.000                0.000                0.000
  LEVEL_5[20].B13                 bolinha_452                   2               13.763                0.000                0.000               13.763                0.000                0.000                0.000                0.000                0.000
    LEVEL_5[20].B13/GENERATE      generate_ij_593               1                7.507                0.000                0.000                7.507                0.000                0.000                0.000                0.000                0.000
    LEVEL_5[20].B13/PROPAGATE     propagate_ij_703              1                6.256                0.000                0.000                6.256                0.000                0.000                0.000                0.000                0.000
  LEVEL_5[21].B13                 bolinha_451                   2               13.763                0.000                0.000               13.763                0.000                0.000                0.000                0.000                0.000
    LEVEL_5[21].B13/GENERATE      generate_ij_592               1                7.507                0.000                0.000                7.507                0.000                0.000                0.000                0.000                0.000
    LEVEL_5[21].B13/PROPAGATE     propagate_ij_702              1                6.256                0.000                0.000                6.256                0.000                0.000                0.000                0.000                0.000
  LEVEL_5[22].B13                 bolinha_450                   2               13.763                0.000                0.000               13.763                0.000                0.000                0.000                0.000                0.000
    LEVEL_5[22].B13/GENERATE      generate_ij_591               1                7.507                0.000                0.000                7.507                0.000                0.000                0.000                0.000                0.000
    LEVEL_5[22].B13/PROPAGATE     propagate_ij_701              1                6.256                0.000                0.000                6.256                0.000                0.000                0.000                0.000                0.000
  LEVEL_5[23].B13                 bolinha_449                   2               13.763                0.000                0.000               13.763                0.000                0.000                0.000                0.000                0.000
    LEVEL_5[23].B13/GENERATE      generate_ij_590               1                7.507                0.000                0.000                7.507                0.000                0.000                0.000                0.000                0.000
    LEVEL_5[23].B13/PROPAGATE     propagate_ij_700              1                6.256                0.000                0.000                6.256                0.000                0.000                0.000                0.000                0.000
  LEVEL_5[24].B13                 bolinha_448                   3               16.266                0.000                0.000               16.266                0.000                0.000                0.000                0.000                0.000
    LEVEL_5[24].B13/GENERATE      generate_ij_589               2               10.010                0.000                0.000               10.010                0.000                0.000                0.000                0.000                0.000
    LEVEL_5[24].B13/PROPAGATE     propagate_ij_699              1                6.256                0.000                0.000                6.256                0.000                0.000                0.000                0.000                0.000
  LEVEL_5[25].B13                 bolinha_447                   3               18.768                0.000                0.000               18.768                0.000                0.000                0.000                0.000                0.000
    LEVEL_5[25].B13/GENERATE      generate_ij_588               2               10.010                0.000                0.000               10.010                0.000                0.000                0.000                0.000                0.000
    LEVEL_5[25].B13/PROPAGATE     propagate_ij_698              1                8.758                0.000                0.000                8.758                0.000                0.000                0.000                0.000                0.000
  LEVEL_5[26].B13                 bolinha_446                   3               18.768                0.000                0.000               18.768                0.000                0.000                0.000                0.000                0.000
    LEVEL_5[26].B13/GENERATE      generate_ij_587               2               10.010                0.000                0.000               10.010                0.000                0.000                0.000                0.000                0.000
    LEVEL_5[26].B13/PROPAGATE     propagate_ij_697              1                8.758                0.000                0.000                8.758                0.000                0.000                0.000                0.000                0.000
  LEVEL_5[27].B13                 bolinha_445                   3               16.266                0.000                0.000               16.266                0.000                0.000                0.000                0.000                0.000
    LEVEL_5[27].B13/GENERATE      generate_ij_586               2               10.010                0.000                0.000               10.010                0.000                0.000                0.000                0.000                0.000
    LEVEL_5[27].B13/PROPAGATE     propagate_ij_696              1                6.256                0.000                0.000                6.256                0.000                0.000                0.000                0.000                0.000
  LEVEL_5[28].B13                 bolinha_444                   4               17.517                0.000                3.754               13.763                0.000                0.000                0.000                0.000                0.000
    LEVEL_5[28].B13/GENERATE      generate_ij_585               3               11.261                0.000                3.754                7.507                0.000                0.000                0.000                0.000                0.000
    LEVEL_5[28].B13/PROPAGATE     propagate_ij_695              1                6.256                0.000                0.000                6.256                0.000                0.000                0.000                0.000                0.000
  LEVEL_5[29].B13                 bolinha_443                   4               20.019                0.000                3.754               16.266                0.000                0.000                0.000                0.000                0.000
    LEVEL_5[29].B13/GENERATE      generate_ij_584               3               11.261                0.000                3.754                7.507                0.000                0.000                0.000                0.000                0.000
    LEVEL_5[29].B13/PROPAGATE     propagate_ij_694              1                8.758                0.000                0.000                8.758                0.000                0.000                0.000                0.000                0.000
  LEVEL_5[30].B13                 bolinha_442                   3               26.275                0.000                0.000               26.275                0.000                0.000                0.000                0.000                0.000
    LEVEL_5[30].B13/GENERATE      generate_ij_583               2               17.517                0.000                0.000               17.517                0.000                0.000                0.000                0.000                0.000
    LEVEL_5[30].B13/PROPAGATE     propagate_ij_693              1                8.758                0.000                0.000                8.758                0.000                0.000                0.000                0.000                0.000
  LEVEL_5[31].B13                 bolinha_441                   3               23.773                0.000                0.000               23.773                0.000                0.000                0.000                0.000                0.000
    LEVEL_5[31].B13/GENERATE      generate_ij_582               2               17.517                0.000                0.000               17.517                0.000                0.000                0.000                0.000                0.000
    LEVEL_5[31].B13/PROPAGATE     propagate_ij_692              1                6.256                0.000                0.000                6.256                0.000                0.000                0.000                0.000                0.000
  S0                              soutput                       1                8.758                0.000                0.000                8.758                0.000                0.000                0.000                0.000                0.000
  S1                              soutput_801                   1                8.758                0.000                0.000                8.758                0.000                0.000                0.000                0.000                0.000
  S10                             soutput_792                   2               15.014                0.000                3.754               11.261                0.000                0.000                0.000                0.000                0.000
  S11                             soutput_791                   2               15.014                0.000                3.754               11.261                0.000                0.000                0.000                0.000                0.000
  S12                             soutput_790                   2               15.014                0.000                3.754               11.261                0.000                0.000                0.000                0.000                0.000
  S13                             soutput_789                   2               18.768                0.000                3.754               15.014                0.000                0.000                0.000                0.000                0.000
  S14                             soutput_788                   2               18.768                0.000                3.754               15.014                0.000                0.000                0.000                0.000                0.000
  S15                             soutput_787                   2               18.768                0.000                3.754               15.014                0.000                0.000                0.000                0.000                0.000
  S16                             soutput_786                   2               23.773                0.000                3.754               20.019                0.000                0.000                0.000                0.000                0.000
  S17                             soutput_785                   5               45.043                0.000                7.507               37.536                0.000                0.000                0.000                0.000                0.000
  S18                             soutput_784                   5               45.043                0.000                7.507               37.536                0.000                0.000                0.000                0.000                0.000
  S19                             soutput_783                   5               45.043                0.000                7.507               37.536                0.000                0.000                0.000                0.000                0.000
  S2                              soutput_800                   1               12.512                0.000                0.000               12.512                0.000                0.000                0.000                0.000                0.000
  S20                             soutput_782                   5               45.043                0.000                7.507               37.536                0.000                0.000                0.000                0.000                0.000
  S21                             soutput_781                   5               45.043                0.000                7.507               37.536                0.000                0.000                0.000                0.000                0.000
  S22                             soutput_780                   5               45.043                0.000                7.507               37.536                0.000                0.000                0.000                0.000                0.000
  S23                             soutput_779                   5               45.043                0.000                7.507               37.536                0.000                0.000                0.000                0.000                0.000
  S24                             soutput_778                   5               45.043                0.000                7.507               37.536                0.000                0.000                0.000                0.000                0.000
  S25                             soutput_777                   5               45.043                0.000                7.507               37.536                0.000                0.000                0.000                0.000                0.000
  S26                             soutput_776                   5               45.043                0.000                7.507               37.536                0.000                0.000                0.000                0.000                0.000
  S27                             soutput_775                   5               45.043                0.000                7.507               37.536                0.000                0.000                0.000                0.000                0.000
  S28                             soutput_774                   5               45.043                0.000                7.507               37.536                0.000                0.000                0.000                0.000                0.000
  S29                             soutput_773                   5               45.043                0.000                7.507               37.536                0.000                0.000                0.000                0.000                0.000
  S3                              soutput_799                   1               12.512                0.000                0.000               12.512                0.000                0.000                0.000                0.000                0.000
  S30                             soutput_772                   5               45.043                0.000                7.507               37.536                0.000                0.000                0.000                0.000                0.000
  S31                             soutput_771                   5               45.043                0.000                7.507               37.536                0.000                0.000                0.000                0.000                0.000
  S4                              soutput_798                   1               12.512                0.000                0.000               12.512                0.000                0.000                0.000                0.000                0.000
  S5                              soutput_797                   1               12.512                0.000                0.000               12.512                0.000                0.000                0.000                0.000                0.000
  S6                              soutput_796                   1               12.512                0.000                0.000               12.512                0.000                0.000                0.000                0.000                0.000
  S7                              soutput_795                   1               15.014                0.000                0.000               15.014                0.000                0.000                0.000                0.000                0.000
  S8                              soutput_794                   1               15.014                0.000                0.000               15.014                0.000                0.000                0.000                0.000                0.000
  S9                              soutput_793                   2               15.014                0.000                3.754               11.261                0.000                0.000                0.000                0.000                0.000
