###############################################################
#  Generated by:      Cadence Innovus 23.32-s091_1
#  OS:                Linux x86_64(Host ID cadmicro-inf-el8-623207)
#  Generated on:      Fri Apr 11 15:23:30 2025
#  Design:            sklansky_32bits
#  Command:           report_timing > reports/report_timing.rpt
###############################################################
Path 1: VIOLATED Path Delay Check
Endpoint:   S[31] (v)
Beginpoint: A[3]  (v) triggered by  leading edge of '@'
Path Groups: {default}
Analysis View: default_emulate_view
- External Delay                0.000
+ Path Delay                    1.710
= Required Time                 1.710
- Arrival Time                  1.729
= Slack Time                   -0.019
     Clock Rise Edge                      0.000
     + Input Delay                        0.000
     = Beginpoint Arrival Time            0.000
     +------------------------------------------------------------------------------------------------------------+ 
     |              Instance              |     Arc      |           Cell            | Delay | Arrival | Required | 
     |                                    |              |                           |       |  Time   |   Time   | 
     |------------------------------------+--------------+---------------------------+-------+---------+----------| 
     |                                    | A[3] v       |                           |       |   0.000 |   -0.019 | 
     | GENERATE_PROPAGATE[3].PROPAGATE/g3 | A_N v -> Y v | sky130_fd_sc_hd__nand2b_4 | 0.437 |   0.437 |    0.418 | 
     | GENERATE_PROPAGATE[3].PROPAGATE/g2 | A v -> Y ^   | sky130_fd_sc_hd__nand2_4  | 0.102 |   0.539 |    0.520 | 
     | LEVEL_1[3].B1/PROPAGATE/g12__2802  | A ^ -> Y v   | sky130_fd_sc_hd__nand2_2  | 0.070 |   0.609 |    0.590 | 
     | LEVEL_1[3].B1/PROPAGATE/g11        | A v -> Y ^   | sky130_fd_sc_hd__clkinv_4 | 0.066 |   0.675 |    0.656 | 
     | LEVEL_2[3].B2/GENERATE/g20__5122   | B ^ -> Y v   | sky130_fd_sc_hd__nand2_4  | 0.049 |   0.724 |    0.706 | 
     | LEVEL_2[3].B2/GENERATE/g19__1705   | A v -> Y ^   | sky130_fd_sc_hd__nand2_4  | 0.086 |   0.810 |    0.792 | 
     | LEVEL_3[7].B4/GENERATE/g20__9945   | A ^ -> Y v   | sky130_fd_sc_hd__nand2_4  | 0.073 |   0.883 |    0.865 | 
     | LEVEL_3[7].B4/GENERATE/g19__9315   | A v -> Y ^   | sky130_fd_sc_hd__nand2_8  | 0.104 |   0.987 |    0.968 | 
     | LEVEL_4[31].B11/GENERATE/g20__24   | A ^ -> Y v   | sky130_fd_sc_hd__nand2_8  | 0.066 |   1.053 |    1.035 | 
     | LEVEL_4[31].B11/GENERATE/g19__22   | A v -> Y ^   | sky130_fd_sc_hd__nand2_8  | 0.127 |   1.180 |    1.162 | 
     | LEVEL_5[30].B13/GENERATE/g3__5122  | A ^ -> Y v   | sky130_fd_sc_hd__nand2_1  | 0.126 |   1.306 |    1.288 | 
     | LEVEL_5[30].B13/GENERATE/g2__1705  | B v -> Y ^   | sky130_fd_sc_hd__nand2b_4 | 0.084 |   1.391 |    1.372 | 
     | C30/g15                            | A ^ -> Y v   | sky130_fd_sc_hd__clkinv_2 | 0.059 |   1.449 |    1.431 | 
     | C30/g13                            | A v -> Y ^   | sky130_fd_sc_hd__nand2_4  | 0.060 |   1.509 |    1.490 | 
     | S31/g19                            | A ^ -> Y v   | sky130_fd_sc_hd__inv_2    | 0.046 |   1.555 |    1.536 | 
     | S31/g17__6161                      | A v -> Y ^   | sky130_fd_sc_hd__nand2_4  | 0.070 |   1.624 |    1.606 | 
     | S31/g15__20                        | A ^ -> Y v   | sky130_fd_sc_hd__nand2_8  | 0.102 |   1.727 |    1.708 | 
     |                                    | S[31] v      |                           | 0.002 |   1.729 |    1.710 | 
     +------------------------------------------------------------------------------------------------------------+ 

