============================================================
  Generated by:           Genus(TM) Synthesis Solution 23.12-s086_1
  Generated on:           Apr 11 2025  03:21:33 pm
  Module:                 sklansky_32bits
  Operating conditions:   tt_025C_1v80 
  Interconnect mode:      global
  Area mode:              physical library
============================================================

Timing
-------
  Cost    Critical           Violating 
 Group   Path Slack   TNS      Paths   
---------------------------------------
default        -5.6   -51.1         13 
---------------------------------------
Total                 -51.1         13 

Instance Count
--------------
Leaf Instance Count             640 
Physical Instance count           0 
Sequential Instance Count         0 
Combinational Instance Count    640 
Hierarchical Instance Count     368 

Area
----
Cell Area                          4649.459
Physical Cell Area                 0.000
Total Cell Area (Cell+Physical)    4649.459
Net Area                           3143.215
Total Area (Cell+Physical+Net)     7792.674

Max Fanout                         17 (Go[15][0])
Min Fanout                         1 (C[0])
Average Fanout                     1.6
Terms to net ratio                 2.5149
Terms to instance ratio            2.7703
Runtime                            22.85433 seconds
Elapsed Runtime                    23 seconds
Genus peak memory usage            1904.03 
Innovus peak memory usage          no_value 
Hostname                           cadmicro-inf-el8-623207
