============================================================
  Generated by:           Genus(TM) Synthesis Solution 23.12-s086_1
  Generated on:           Apr 11 2025  03:21:33 pm
  Module:                 sklansky_32bits
  Operating conditions:   tt_025C_1v80 
  Interconnect mode:      global
  Area mode:              physical library
============================================================


Path 1: VIOLATED (-6 ps) Path Delay Check
     Startpoint: (F) B[13]
       Endpoint: (F) S[18]

                   Capture    Launch  
      Path Delay:+    1710         -  
      Drv Adjust:+       0         0  
         Arrival:=    1710            
                                      
   Required Time:=    1710            
       Data Path:-    1716            
           Slack:=      -6            

Exceptions/Constraints:
  max_delay             1710            constraints.sdc_line_1 

#-------------------------------------------------------------------------------------------------------------------------------
#             Timing Point               Flags   Arc   Edge           Cell             Fanout Load Trans Delay Arrival Instance 
#                                                                                             (fF)  (ps)  (ps)   (ps)  Location 
#-------------------------------------------------------------------------------------------------------------------------------
  B[13]                                  -       -     F     (arrival)                      2 10.2  1000     0       0    (-,-) 
  g115/X                                 -       A->X  F     sky130_fd_sc_hd__buf_8         2 19.8    55   424     424    (-,-) 
  GENERATE_PROPAGATE[13].PROPAGATE/g23/Y -       A->Y  R     sky130_fd_sc_hd__clkinv_4      1 10.1    31    51     475    (-,-) 
  GENERATE_PROPAGATE[13].PROPAGATE/g21/Y -       A->Y  F     sky130_fd_sc_hd__nand2_4       1  9.7    34    40     515    (-,-) 
  GENERATE_PROPAGATE[13].PROPAGATE/g20/Y -       B->Y  R     sky130_fd_sc_hd__nand2_4       3  9.0    49    63     578    (-,-) 
  LEVEL_1[13].B1/PROPAGATE/g11__6161/X   -       A->X  R     sky130_fd_sc_hd__and2_4        3  8.6    47   138     715    (-,-) 
  LEVEL_2[15].B2/PROPAGATE/g11__5477/X   -       A->X  R     sky130_fd_sc_hd__and2_4        2  6.7    42   132     848    (-,-) 
  LEVEL_3[15].B4/PROPAGATE/g11__4319/X   -       A->X  R     sky130_fd_sc_hd__and2_4        2 13.1    59   146     994    (-,-) 
  LEVEL_4[31].B11/PROPAGATE/g11__5526/X  -       A->X  R     sky130_fd_sc_hd__and2_4       17 37.4   122   203    1197    (-,-) 
  LEVEL_5[17].B13/PROPAGATE/g11__3680/X  -       A->X  R     sky130_fd_sc_hd__and2_1        1  3.7    56   143    1340    (-,-) 
  C17/g20__6783/Y                        -       A->Y  F     sky130_fd_sc_hd__nand2_1       1  5.6    95    62    1402    (-,-) 
  C17/g19__5526/Y                        -       A->Y  R     sky130_fd_sc_hd__nand2_2       2 11.1    77    99    1501    (-,-) 
  S18/g25/Y                              -       A->Y  F     sky130_fd_sc_hd__inv_2         1  9.6    33    48    1550    (-,-) 
  S18/g23/Y                              -       A->Y  R     sky130_fd_sc_hd__nand2_4       1 19.4    78    74    1623    (-,-) 
  S18/g22/Y                              -       B->Y  F     sky130_fd_sc_hd__nand2_8       1 51.3    86    92    1715    (-,-) 
  S[18]                                  <<<     -     F     (port)                         -    -     -     0    1716    (-,-) 
#-------------------------------------------------------------------------------------------------------------------------------

