###############################################################
#  Generated by:      Cadence Innovus 23.32-s091_1
#  OS:                Linux x86_64(Host ID cadmicro-inf-el8-623207)
#  Generated on:      Mon Apr 14 14:42:44 2025
#  Design:            signal_32bits
#  Command:           report_timing > reports/report_timing.rpt
###############################################################
Path 1: MET Path Delay Check
Endpoint:   S[31] (^)
Beginpoint: A[0]  (v) triggered by  leading edge of '@'
Path Groups: {default}
Analysis View: default_emulate_view
- External Delay                0.000
+ Path Delay                    4.300
= Required Time                 4.300
- Arrival Time                  4.205
= Slack Time                    0.095
     Clock Rise Edge                      0.000
     + Input Delay                        0.000
     = Beginpoint Arrival Time            0.000
     +---------------------------------------------------------------------------------------------------------+ 
     |          Instance           |       Arc       |            Cell            | Delay | Arrival | Required | 
     |                             |                 |                            |       |  Time   |   Time   | 
     |-----------------------------+-----------------+----------------------------+-------+---------+----------| 
     |                             | A[0] v          |                            |       |   0.000 |    0.095 | 
     | addinc_add_7_30_g2558__8246 | A v -> Y ^      | sky130_fd_sc_hd__nor2_4    | 0.340 |   0.340 |    0.436 | 
     | addinc_add_7_30_g2482__1666 | B2 ^ -> Y v     | sky130_fd_sc_hd__o2bb2ai_2 | 0.093 |   0.433 |    0.528 | 
     | addinc_add_7_30_g2475__4733 | A v -> Y ^      | sky130_fd_sc_hd__nand2_1   | 0.081 |   0.514 |    0.610 | 
     | addinc_add_7_30_g2473__5115 | A ^ -> Y v      | sky130_fd_sc_hd__nand2_2   | 0.061 |   0.576 |    0.671 | 
     | addinc_add_7_30_g2472__1881 | A v -> Y ^      | sky130_fd_sc_hd__nand2_1   | 0.081 |   0.657 |    0.753 | 
     | addinc_add_7_30_g2470__7098 | A ^ -> Y v      | sky130_fd_sc_hd__nand2_2   | 0.059 |   0.717 |    0.812 | 
     | addinc_add_7_30_g2469__8246 | A v -> Y ^      | sky130_fd_sc_hd__nand2_1   | 0.080 |   0.797 |    0.892 | 
     | addinc_add_7_30_g2467__1705 | A ^ -> Y v      | sky130_fd_sc_hd__nand2_2   | 0.061 |   0.858 |    0.953 | 
     | addinc_add_7_30_g2466__2802 | A v -> Y ^      | sky130_fd_sc_hd__nand2_1   | 0.065 |   0.923 |    1.018 | 
     | addinc_add_7_30_g2464__3680 | A ^ -> Y v      | sky130_fd_sc_hd__nand2_1   | 0.077 |   0.999 |    1.095 | 
     | addinc_add_7_30_g2463__6783 | A v -> Y ^      | sky130_fd_sc_hd__nand2_1   | 0.089 |   1.088 |    1.183 | 
     | addinc_add_7_30_g2461__8428 | A ^ -> Y v      | sky130_fd_sc_hd__nand2_2   | 0.058 |   1.146 |    1.241 | 
     | addinc_add_7_30_g2460__4319 | A v -> Y ^      | sky130_fd_sc_hd__nand2_1   | 0.078 |   1.224 |    1.319 | 
     | addinc_add_7_30_g2458__5107 | A ^ -> Y v      | sky130_fd_sc_hd__nand2_2   | 0.065 |   1.289 |    1.384 | 
     | addinc_add_7_30_g2457__2398 | A v -> Y ^      | sky130_fd_sc_hd__nand2_2   | 0.070 |   1.359 |    1.454 | 
     | addinc_add_7_30_g2455__6417 | A ^ -> Y v      | sky130_fd_sc_hd__nand2_2   | 0.072 |   1.431 |    1.526 | 
     | addinc_add_7_30_g2453__7410 | A v -> Y ^      | sky130_fd_sc_hd__nand2_1   | 0.072 |   1.502 |    1.597 | 
     | addinc_add_7_30_g2449__9945 | A ^ -> Y v      | sky130_fd_sc_hd__nand2_1   | 0.061 |   1.563 |    1.658 | 
     | addinc_add_7_30_g2447__9315 | A v -> Y ^      | sky130_fd_sc_hd__nand2_1   | 0.073 |   1.636 |    1.731 | 
     | addinc_add_7_30_g2445__4733 | A ^ -> Y v      | sky130_fd_sc_hd__nand2_2   | 0.058 |   1.694 |    1.789 | 
     | addinc_add_7_30_g2439__8246 | A1 v -> X v     | sky130_fd_sc_hd__a21o_1    | 0.185 |   1.879 |    1.974 | 
     | addinc_add_7_30_g2438__5122 | A v -> Y ^      | sky130_fd_sc_hd__nand2_1   | 0.082 |   1.961 |    2.056 | 
     | addinc_add_7_30_g2436__2802 | A ^ -> Y v      | sky130_fd_sc_hd__nand2_2   | 0.065 |   2.026 |    2.121 | 
     | addinc_add_7_30_g2435__1617 | A v -> Y ^      | sky130_fd_sc_hd__nand2_1   | 0.084 |   2.110 |    2.205 | 
     | addinc_add_7_30_g2433__6783 | A ^ -> Y v      | sky130_fd_sc_hd__nand2_2   | 0.077 |   2.187 |    2.282 | 
     | addinc_add_7_30_g2431__5526 | A v -> Y ^      | sky130_fd_sc_hd__nand2_1   | 0.090 |   2.277 |    2.372 | 
     | addinc_add_7_30_g2429__4319 | C1 ^ -> Y v     | sky130_fd_sc_hd__o211ai_2  | 0.124 |   2.400 |    2.496 | 
     | addinc_add_7_30_g2425__2398 | A v -> Y ^      | sky130_fd_sc_hd__nand3_1   | 0.101 |   2.502 |    2.597 | 
     | addinc_add_7_30_g2418__9945 | C1 ^ -> Y v     | sky130_fd_sc_hd__o211ai_1  | 0.119 |   2.621 |    2.716 | 
     | addinc_add_7_30_g2416__9315 | B v -> Y ^      | sky130_fd_sc_hd__nand2b_1  | 0.134 |   2.755 |    2.850 | 
     | addinc_add_7_30_g2407__5122 | A2 ^ -> X ^     | sky130_fd_sc_hd__o21a_1    | 0.121 |   2.876 |    2.971 | 
     | addinc_add_7_30_g2402__6783 | A2 ^ -> X ^     | sky130_fd_sc_hd__o21a_1    | 0.141 |   3.017 |    3.112 | 
     | addinc_add_7_30_g2400__8428 | A2 ^ -> Y v     | sky130_fd_sc_hd__o21ai_1   | 0.083 |   3.100 |    3.196 | 
     | addinc_add_7_30_g2399       | A v -> Y ^      | sky130_fd_sc_hd__clkinv_1  | 0.073 |   3.174 |    3.269 | 
     | addinc_add_7_30_g2397__6260 | A2 ^ -> Y v     | sky130_fd_sc_hd__o21ai_1   | 0.074 |   3.248 |    3.343 | 
     | addinc_add_7_30_g2396__5107 | CIN v -> COUT v | sky130_fd_sc_hd__fa_2      | 0.346 |   3.594 |    3.689 | 
     | addinc_add_7_30_g2395__2398 | CI v -> SUM ^   | sky130_fd_sc_hd__fah_1     | 0.610 |   4.204 |    4.299 | 
     |                             | S[31] ^         |                            | 0.001 |   4.205 |    4.300 | 
     +---------------------------------------------------------------------------------------------------------+ 

