============================================================
  Generated by:           Genus(TM) Synthesis Solution 23.12-s086_1
  Generated on:           Apr 14 2025  12:54:14 pm
  Module:                 signal_32bits
  Operating conditions:   tt_025C_1v80 
  Interconnect mode:      global
  Area mode:              physical library
============================================================


Path 1: MET (36 ps) Path Delay Check
     Startpoint: (F) A[0]
       Endpoint: (R) S[31]

                   Capture    Launch  
      Path Delay:+   12400         -  
      Drv Adjust:+       0         0  
         Arrival:=   12400            
                                      
   Required Time:=   12400            
       Data Path:-   12364            
           Slack:=      36            

Exceptions/Constraints:
  max_delay            12400            constraints.sdc_line_1 

#-----------------------------------------------------------------------------------------------------------------------------
#          Timing Point           Flags     Arc     Edge            Cell             Fanout Load Trans Delay Arrival Instance 
#                                                                                           (fF)  (ps)  (ps)   (ps)  Location 
#-----------------------------------------------------------------------------------------------------------------------------
  A[0]                            -       -         F     (arrival)                       3 11.3  1000     0       0    (-,-) 
  addinc_add_7_30_g822__6161/Y    -       A->Y      R     sky130_fd_sc_hd__nor2_1         1  3.9   235   336     336    (-,-) 
  g835/Y                          -       A2_N->Y   R     sky130_fd_sc_hd__a2bb2oi_1      1  6.3   277   227     563    (-,-) 
  g836/COUT                       -       CIN->COUT F     sky130_fd_sc_hd__fahcin_1       2  8.4   145   182     744    (-,-) 
  addinc_add_7_30_g807__3680/Y    -       A->Y      R     sky130_fd_sc_hd__nand2_1        1  3.7    62   100     844    (-,-) 
  addinc_add_7_30_g805__5526/Y    -       A->Y      F     sky130_fd_sc_hd__nand2_1        2  8.4    83    79     923    (-,-) 
  addinc_add_7_30_g804__8428/Y    -       A->Y      R     sky130_fd_sc_hd__nand2_1        1  3.7    55    76     999    (-,-) 
  addinc_add_7_30_g802__6260/Y    -       A->Y      F     sky130_fd_sc_hd__nand2_1        2  8.4    83    77    1076    (-,-) 
  g2/X                            -       A1->X     F     sky130_fd_sc_hd__a21o_1         1  5.8    47   180    1256    (-,-) 
  addinc_add_7_30_g798__6417/COUT -       CIN->COUT F     sky130_fd_sc_hd__fa_1           1  5.8    96   379    1635    (-,-) 
  addinc_add_7_30_g797__7410/COUT -       CIN->COUT F     sky130_fd_sc_hd__fa_1           1  5.8    96   396    2031    (-,-) 
  addinc_add_7_30_g796__1666/COUT -       CIN->COUT F     sky130_fd_sc_hd__fa_1           1  5.8    96   396    2427    (-,-) 
  addinc_add_7_30_g795__2346/COUT -       CIN->COUT F     sky130_fd_sc_hd__fa_1           1  5.8    96   396    2824    (-,-) 
  addinc_add_7_30_g794__2883/COUT -       CIN->COUT F     sky130_fd_sc_hd__fa_1           1  5.8    96   396    3220    (-,-) 
  addinc_add_7_30_g793__9945/COUT -       CIN->COUT F     sky130_fd_sc_hd__fa_1           1  5.8    96   396    3616    (-,-) 
  addinc_add_7_30_g792__9315/COUT -       CIN->COUT F     sky130_fd_sc_hd__fa_1           1  5.8    96   396    4013    (-,-) 
  addinc_add_7_30_g791__6161/COUT -       CIN->COUT F     sky130_fd_sc_hd__fa_1           1  5.8    96   396    4409    (-,-) 
  addinc_add_7_30_g790__4733/COUT -       CIN->COUT F     sky130_fd_sc_hd__fa_1           1  5.8    96   396    4805    (-,-) 
  addinc_add_7_30_g789__7482/COUT -       CIN->COUT F     sky130_fd_sc_hd__fa_1           1  5.8    96   396    5202    (-,-) 
  addinc_add_7_30_g788__5115/COUT -       CIN->COUT F     sky130_fd_sc_hd__fa_1           1  5.8    96   396    5598    (-,-) 
  addinc_add_7_30_g787__1881/COUT -       CIN->COUT F     sky130_fd_sc_hd__fa_1           1  5.8    96   396    5994    (-,-) 
  addinc_add_7_30_g786__6131/COUT -       CIN->COUT F     sky130_fd_sc_hd__fa_1           1  5.8    96   396    6390    (-,-) 
  addinc_add_7_30_g785__7098/COUT -       CIN->COUT F     sky130_fd_sc_hd__fa_1           1  5.8    96   396    6787    (-,-) 
  addinc_add_7_30_g784__8246/COUT -       CIN->COUT F     sky130_fd_sc_hd__fa_1           1  5.8    96   396    7183    (-,-) 
  addinc_add_7_30_g783__5122/COUT -       CIN->COUT F     sky130_fd_sc_hd__fa_1           1  5.8    96   396    7579    (-,-) 
  addinc_add_7_30_g782__1705/COUT -       CIN->COUT F     sky130_fd_sc_hd__fa_1           1  5.8    96   396    7976    (-,-) 
  addinc_add_7_30_g781__2802/COUT -       CIN->COUT F     sky130_fd_sc_hd__fa_1           1  5.8    96   396    8372    (-,-) 
  addinc_add_7_30_g780__1617/COUT -       CIN->COUT F     sky130_fd_sc_hd__fa_1           1  5.8    96   396    8768    (-,-) 
  addinc_add_7_30_g779__3680/COUT -       CIN->COUT F     sky130_fd_sc_hd__fa_1           1  5.8    96   396    9164    (-,-) 
  addinc_add_7_30_g778__6783/COUT -       CIN->COUT F     sky130_fd_sc_hd__fa_1           1  5.8    96   396    9561    (-,-) 
  addinc_add_7_30_g777__5526/COUT -       CIN->COUT F     sky130_fd_sc_hd__fa_1           1  5.8    96   396    9957    (-,-) 
  addinc_add_7_30_g776__8428/COUT -       CIN->COUT F     sky130_fd_sc_hd__fa_1           1  5.8    96   396   10353    (-,-) 
  addinc_add_7_30_g775__4319/COUT -       CIN->COUT F     sky130_fd_sc_hd__fa_1           1  5.8    96   396   10750    (-,-) 
  addinc_add_7_30_g774__6260/COUT -       CIN->COUT F     sky130_fd_sc_hd__fa_1           1  5.8    96   396   11146    (-,-) 
  addinc_add_7_30_g773__5107/COUT -       CIN->COUT F     sky130_fd_sc_hd__fa_1           1  5.8    96   396   11542    (-,-) 
  addinc_add_7_30_g772__2398/SUM  -       CIN->SUM  R     sky130_fd_sc_hd__fa_1           1 51.3   506   822   12364    (-,-) 
  S[31]                           <<<     -         R     (port)                          -    -     -     0   12364    (-,-) 
#-----------------------------------------------------------------------------------------------------------------------------

