============================================================
  Generated by:           Genus(TM) Synthesis Solution 23.12-s086_1
  Generated on:           Apr 14 2025  02:38:51 pm
  Module:                 signal_32bits
  Operating conditions:   tt_025C_1v80 
  Interconnect mode:      global
  Area mode:              physical library
============================================================

Timing
-------
  Cost    Critical         Violating 
 Group   Path Slack  TNS     Paths   
-------------------------------------
default         0.1   0.0          0 
-------------------------------------
Total                 0.0          0 

Instance Count
--------------
Leaf Instance Count             229 
Physical Instance count           0 
Sequential Instance Count         0 
Combinational Instance Count    229 
Hierarchical Instance Count       0 

Area
----
Cell Area                          1273.722
Physical Cell Area                 0.000
Total Cell Area (Cell+Physical)    1273.722
Net Area                           1302.153
Total Area (Cell+Physical+Net)     2575.875

Max Fanout                         4 (addinc_add_7_30_n_4)
Min Fanout                         1 (n_14)
Average Fanout                     1.6
Terms to net ratio                 2.2770
Terms to instance ratio            2.9432
Runtime                            13.309271 seconds
Elapsed Runtime                    14 seconds
Genus peak memory usage            1946.19 
Innovus peak memory usage          no_value 
Hostname                           cadmicro-inf-el8-623207
