============================================================
  Generated by:           Genus(TM) Synthesis Solution 23.12-s086_1
  Generated on:           Jan 27 2025  04:08:46 pm
  Module:                 alu
  Technology libraries:   fast_vdd1v2 1.0
                          physical_cells 
                          fast_vdd1v2 1.0
                          physical_cells 
  Operating conditions:   PVT_1P32V_0C 
  Interconnect mode:      global
  Area mode:              physical library
============================================================

                                   
     Gate      Instances    Area       Library    
--------------------------------------------------
AND2X1LVT              5     6.840    fast_vdd1v2 
AND2X4LVT              1     2.736    fast_vdd1v2 
AND2X6LVT              2     7.524    fast_vdd1v2 
AND3XLLVT              2     4.104    fast_vdd1v2 
AOI211X2LVT            2     6.840    fast_vdd1v2 
AOI211X4LVT            1     6.498    fast_vdd1v2 
AOI21X1LVT             4     6.840    fast_vdd1v2 
AOI21X2LVT            12    32.832    fast_vdd1v2 
AOI21X4LVT            11    56.430    fast_vdd1v2 
AOI221X1LVT            3     7.182    fast_vdd1v2 
AOI221X2LVT            2     8.892    fast_vdd1v2 
AOI221X4LVT            1     7.866    fast_vdd1v2 
AOI222X1LVT            1     3.078    fast_vdd1v2 
AOI22X1LVT            10    20.520    fast_vdd1v2 
AOI22X2LVT            10    37.620    fast_vdd1v2 
AOI22XLLVT             2     4.104    fast_vdd1v2 
AOI2BB1X2LVT           4    12.312    fast_vdd1v2 
AOI2BB2X1LVT           1     3.420    fast_vdd1v2 
AOI31X1LVT             1     2.052    fast_vdd1v2 
AOI32X1LVT             1     2.394    fast_vdd1v2 
BUFX12LVT              1     5.130    fast_vdd1v2 
BUFX2LVT              13    22.230    fast_vdd1v2 
BUFX3LVT               5    10.260    fast_vdd1v2 
BUFX6LVT               1     3.078    fast_vdd1v2 
CLKAND2X12LVT          1     7.524    fast_vdd1v2 
CLKAND2X2LVT           2     4.104    fast_vdd1v2 
CLKAND2X3LVT           1     3.078    fast_vdd1v2 
CLKAND2X6LVT           2     9.576    fast_vdd1v2 
CLKINVX4LVT            6    10.260    fast_vdd1v2 
CLKINVX6LVT            5    11.970    fast_vdd1v2 
CLKINVX8LVT            5    15.390    fast_vdd1v2 
DFFRHQX1LVT           19   116.964    fast_vdd1v2 
DFFRHQX4LVT           27   258.552    fast_vdd1v2 
DFFRX1LVT              2    13.680    fast_vdd1v2 
DFFRX2LVT              4    30.096    fast_vdd1v2 
DFFRX4LVT              4    38.304    fast_vdd1v2 
INVX1LVT              33    22.572    fast_vdd1v2 
INVX2LVT              19    19.494    fast_vdd1v2 
INVX3LVT              16    21.888    fast_vdd1v2 
INVX4LVT               2     3.420    fast_vdd1v2 
INVXLLVT               2     1.368    fast_vdd1v2 
NAND2BX1LVT            6     8.208    fast_vdd1v2 
NAND2BX2LVT            8    19.152    fast_vdd1v2 
NAND2BX4LVT            5    18.810    fast_vdd1v2 
NAND2X1LVT            15    15.390    fast_vdd1v2 
NAND2X2LVT            22    37.620    fast_vdd1v2 
NAND2X4LVT            17    58.140    fast_vdd1v2 
NAND2X6LVT            10    47.880    fast_vdd1v2 
NAND3BX4LVT            2    10.260    fast_vdd1v2 
NAND3X1LVT             2     3.420    fast_vdd1v2 
NAND3X2LVT             3     8.208    fast_vdd1v2 
NAND3X4LVT             3    14.364    fast_vdd1v2 
NAND3X8LVT             2    16.416    fast_vdd1v2 
NAND4X2LVT             1     3.762    fast_vdd1v2 
NOR2BX1LVT             4     5.472    fast_vdd1v2 
NOR2BX2LVT             7    19.152    fast_vdd1v2 
NOR2BX4LVT             2     7.524    fast_vdd1v2 
NOR2X1LVT             18    18.468    fast_vdd1v2 
NOR2X2LVT             14    23.940    fast_vdd1v2 
NOR2X4LVT             21    64.638    fast_vdd1v2 
NOR2X6LVT              9    36.936    fast_vdd1v2 
NOR2X8LVT              2    10.944    fast_vdd1v2 
NOR2XLLVT              1     1.026    fast_vdd1v2 
NOR3X2LVT              1     2.736    fast_vdd1v2 
NOR3X4LVT              1     5.130    fast_vdd1v2 
NOR3X8LVT              2    17.784    fast_vdd1v2 
OA22X1LVT              1     2.394    fast_vdd1v2 
OAI211X1LVT            4     6.840    fast_vdd1v2 
OAI211X2LVT            2     8.208    fast_vdd1v2 
OAI21X1LVT             3     5.130    fast_vdd1v2 
OAI21X2LVT             9    27.702    fast_vdd1v2 
OAI21X4LVT             7    33.516    fast_vdd1v2 
OAI221X1LVT            1     2.394    fast_vdd1v2 
OAI221X2LVT            6    28.728    fast_vdd1v2 
OAI222X1LVT            5    13.680    fast_vdd1v2 
OAI222X2LVT            2    11.628    fast_vdd1v2 
OAI22X1LVT             4     8.208    fast_vdd1v2 
OAI22X2LVT             6    20.520    fast_vdd1v2 
OAI2BB1X1LVT           5     8.550    fast_vdd1v2 
OAI2BB1X2LVT           3     9.234    fast_vdd1v2 
OAI2BB1X4LVT           1     4.446    fast_vdd1v2 
OR2X1LVT               5     6.840    fast_vdd1v2 
OR2X2LVT               1     1.710    fast_vdd1v2 
OR2X6LVT               1     3.762    fast_vdd1v2 
OR3X4LVT               1     3.078    fast_vdd1v2 
XNOR2X1LVT             4     9.576    fast_vdd1v2 
XNOR2X2LVT             1     3.078    fast_vdd1v2 
--------------------------------------------------
total                496  1563.624                


                                         
     Type      Instances   Area   Area % 
-----------------------------------------
sequential            56  457.596   29.3 
inverter              88  106.362    6.8 
buffer                20   40.698    2.6 
logic                332  958.968   61.3 
physical_cells         0    0.000    0.0 
-----------------------------------------
total                496 1563.624  100.0 

