###############################################################
#  Generated by:      Cadence Innovus 23.32-s091_1
#  OS:                Linux x86_64(Host ID cadmicro-inf-el8-623207)
#  Generated on:      Mon Apr 14 14:37:18 2025
#  Design:            signal_32bits
#  Command:           report_timing > reports/report_timing.rpt
###############################################################
Path 1: MET Path Delay Check
Endpoint:   S[31] (^)
Beginpoint: A[0]  (v) triggered by  leading edge of '@'
Path Groups: {default}
Analysis View: default_emulate_view
- External Delay                0.000
+ Path Delay                    4.700
= Required Time                 4.700
- Arrival Time                  4.668
= Slack Time                    0.032
     Clock Rise Edge                      0.000
     + Input Delay                        0.000
     = Beginpoint Arrival Time            0.000
     +---------------------------------------------------------------------------------------------------------+ 
     |          Instance           |       Arc       |            Cell            | Delay | Arrival | Required | 
     |                             |                 |                            |       |  Time   |   Time   | 
     |-----------------------------+-----------------+----------------------------+-------+---------+----------| 
     |                             | A[0] v          |                            |       |   0.000 |    0.032 | 
     | addinc_add_7_30_g1343__1617 | A v -> Y ^      | sky130_fd_sc_hd__nor2_1    | 0.320 |   0.320 |    0.352 | 
     | addinc_add_7_30_g1257__4733 | B2 ^ -> Y v     | sky130_fd_sc_hd__o2bb2ai_1 | 0.131 |   0.451 |    0.483 | 
     | addinc_add_7_30_g1250       | A v -> Y ^      | sky130_fd_sc_hd__clkinv_1  | 0.066 |   0.517 |    0.549 | 
     | addinc_add_7_30_g1247__2802 | A2 ^ -> Y v     | sky130_fd_sc_hd__o21ai_1   | 0.081 |   0.598 |    0.630 | 
     | addinc_add_7_30_g1245       | A v -> Y ^      | sky130_fd_sc_hd__clkinv_1  | 0.069 |   0.667 |    0.699 | 
     | addinc_add_7_30_g1243__6783 | A2 ^ -> Y v     | sky130_fd_sc_hd__o21ai_1   | 0.082 |   0.750 |    0.781 | 
     | addinc_add_7_30_g1242       | A v -> Y ^      | sky130_fd_sc_hd__clkinv_1  | 0.069 |   0.818 |    0.850 | 
     | addinc_add_7_30_g1240__8428 | A2 ^ -> Y v     | sky130_fd_sc_hd__o21ai_1   | 0.078 |   0.896 |    0.928 | 
     | addinc_add_7_30_g1239       | A v -> Y ^      | sky130_fd_sc_hd__clkinv_1  | 0.084 |   0.980 |    1.012 | 
     | addinc_add_7_30_g1236__5107 | A3 ^ -> Y v     | sky130_fd_sc_hd__o311ai_1  | 0.098 |   1.077 |    1.109 | 
     | addinc_add_7_30_g1234__5477 | CI v -> COUT v  | sky130_fd_sc_hd__fah_1     | 0.293 |   1.371 |    1.402 | 
     | addinc_add_7_30_g1233__6417 | CIN v -> COUT v | sky130_fd_sc_hd__fa_1      | 0.411 |   1.781 |    1.813 | 
     | addinc_add_7_30_g1232__7410 | B_N v -> Y v    | sky130_fd_sc_hd__nor2b_1   | 0.182 |   1.963 |    1.995 | 
     | addinc_add_7_30_g1228__9945 | A1 v -> X v     | sky130_fd_sc_hd__a221o_1   | 0.371 |   2.334 |    2.366 | 
     | addinc_add_7_30_g1226__6161 | A v -> X v      | sky130_fd_sc_hd__and2_1    | 0.167 |   2.501 |    2.533 | 
     | addinc_add_7_30_g1220__7098 | A1 v -> X v     | sky130_fd_sc_hd__a221o_1   | 0.379 |   2.880 |    2.912 | 
     | addinc_add_7_30_g1212__5526 | A1 v -> X v     | sky130_fd_sc_hd__a31o_1    | 0.240 |   3.120 |    3.152 | 
     | addinc_add_7_30_g1203__1666 | A1 v -> X v     | sky130_fd_sc_hd__a221o_1   | 0.370 |   3.490 |    3.522 | 
     | addinc_add_7_30_g1192__7098 | A1 v -> Y ^     | sky130_fd_sc_hd__a31oi_1   | 0.254 |   3.744 |    3.776 | 
     | addinc_add_7_30_g1182__4319 | A2 ^ -> Y v     | sky130_fd_sc_hd__o21ai_1   | 0.112 |   3.856 |    3.888 | 
     | addinc_add_7_30_g1179__2398 | B v -> X ^      | sky130_fd_sc_hd__xor2_1    | 0.811 |   4.667 |    4.699 | 
     |                             | S[31] ^         |                            | 0.001 |   4.668 |    4.700 | 
     +---------------------------------------------------------------------------------------------------------+ 

