============================================================
  Generated by:           Genus(TM) Synthesis Solution 23.12-s086_1
  Generated on:           Apr 14 2025  01:41:11 pm
  Module:                 signal_32bits
  Operating conditions:   tt_025C_1v80 
  Interconnect mode:      global
  Area mode:              physical library
============================================================


Path 1: MET (28 ps) Path Delay Check
     Startpoint: (F) A[0]
       Endpoint: (R) S[31]

                   Capture    Launch  
      Path Delay:+    8900         -  
      Drv Adjust:+       0         0  
         Arrival:=    8900            
                                      
   Required Time:=    8900            
       Data Path:-    8872            
           Slack:=      28            

Exceptions/Constraints:
  max_delay             8900            constraints.sdc_line_1 

#-----------------------------------------------------------------------------------------------------------------------------
#          Timing Point            Flags     Arc     Edge           Cell             Fanout Load Trans Delay Arrival Instance 
#                                                                                           (fF)  (ps)  (ps)   (ps)  Location 
#-----------------------------------------------------------------------------------------------------------------------------
  A[0]                             -       -         F     (arrival)                      3 11.2  1000     0       0    (-,-) 
  addinc_add_7_30_g2495__5122/Y    -       A->Y      R     sky130_fd_sc_hd__nor2_1        1  3.9   235   336     336    (-,-) 
  addinc_add_7_30_g2453__5477/Y    -       A2->Y     F     sky130_fd_sc_hd__o21ai_1       2  9.0   106   132     468    (-,-) 
  addinc_add_7_30_g2450/Y          -       A->Y      R     sky130_fd_sc_hd__clkinv_1      1  3.9    44    69     537    (-,-) 
  addinc_add_7_30_g2448__2346/Y    -       A2->Y     F     sky130_fd_sc_hd__o21ai_1       2  9.0   111    84     621    (-,-) 
  addinc_add_7_30_g2447/Y          -       A->Y      R     sky130_fd_sc_hd__clkinv_1      1  3.9    45    71     692    (-,-) 
  addinc_add_7_30_g2445__9945/Y    -       A2->Y     F     sky130_fd_sc_hd__o21ai_1       1  3.6    76    56     748    (-,-) 
  g2/COUT                          -       CI->COUT  F     sky130_fd_sc_hd__fah_1         1  5.8    73   270    1017    (-,-) 
  addinc_add_7_30_g2441__4733/COUT -       CIN->COUT F     sky130_fd_sc_hd__fa_1          1  5.8    96   388    1405    (-,-) 
  addinc_add_7_30_g2440__7482/COUT -       CIN->COUT F     sky130_fd_sc_hd__fa_1          1  5.8    96   396    1802    (-,-) 
  addinc_add_7_30_g2439__5115/COUT -       CIN->COUT F     sky130_fd_sc_hd__fa_1          1  5.8    96   396    2198    (-,-) 
  addinc_add_7_30_g2438__1881/COUT -       CIN->COUT F     sky130_fd_sc_hd__fa_1          2  8.4   110   417    2615    (-,-) 
  addinc_add_7_30_g2437__6131/Y    -       B->Y      R     sky130_fd_sc_hd__nand2b_1      2  6.8    90   121    2736    (-,-) 
  addinc_add_7_30_g2434__5122/Y    -       A2->Y     F     sky130_fd_sc_hd__o221ai_1      1  5.8   139   139    2875    (-,-) 
  addinc_add_7_30_g2432__2802/COUT -       CIN->COUT F     sky130_fd_sc_hd__fa_1          1  5.8    96   412    3288    (-,-) 
  addinc_add_7_30_g2431__1617/COUT -       CIN->COUT F     sky130_fd_sc_hd__fa_1          1  5.8    96   396    3684    (-,-) 
  addinc_add_7_30_g2430__3680/COUT -       CIN->COUT F     sky130_fd_sc_hd__fa_1          1  5.8    96   396    4080    (-,-) 
  addinc_add_7_30_g2429__6783/COUT -       CIN->COUT F     sky130_fd_sc_hd__fa_1          1  5.8    96   396    4476    (-,-) 
  addinc_add_7_30_g2428__5526/COUT -       CIN->COUT F     sky130_fd_sc_hd__fa_1          1  5.8    96   396    4873    (-,-) 
  addinc_add_7_30_g2427__8428/COUT -       CIN->COUT F     sky130_fd_sc_hd__fa_1          2  9.0   113   422    5294    (-,-) 
  addinc_add_7_30_g2426/Y          -       A->Y      R     sky130_fd_sc_hd__clkinv_1      2  6.0    54    82    5376    (-,-) 
  addinc_add_7_30_g2425__4319/X    -       C->X      R     sky130_fd_sc_hd__or3_1         2  5.9    69   113    5490    (-,-) 
  addinc_add_7_30_g2419__7410/X    -       A3->X     R     sky130_fd_sc_hd__o311a_1       3 11.1   127   201    5690    (-,-) 
  addinc_add_7_30_g2417__2346/X    -       C->X      R     sky130_fd_sc_hd__or3_1         2  4.9    61   132    5822    (-,-) 
  addinc_add_7_30_g2412__4733/X    -       C->X      R     sky130_fd_sc_hd__or3_1         1  3.7    52   102    5924    (-,-) 
  addinc_add_7_30_g2408__6131/Y    -       C1->Y     F     sky130_fd_sc_hd__o211ai_1      2  7.8   130   113    6036    (-,-) 
  addinc_add_7_30_g2407__7098/Y    -       B_N->Y    F     sky130_fd_sc_hd__nor2b_1       2  5.5    78   176    6212    (-,-) 
  addinc_add_7_30_g2403__2802/Y    -       B->Y      R     sky130_fd_sc_hd__nand2b_1      2  5.9    80   101    6313    (-,-) 
  addinc_add_7_30_g2400__6783/Y    -       A2->Y     F     sky130_fd_sc_hd__o221ai_1      1  5.8   136   137    6450    (-,-) 
  addinc_add_7_30_g2398__8428/COUT -       CIN->COUT F     sky130_fd_sc_hd__fa_1          1  5.8    96   411    6861    (-,-) 
  addinc_add_7_30_g2397__4319/COUT -       CIN->COUT F     sky130_fd_sc_hd__fa_1          1  5.8    96   396    7258    (-,-) 
  addinc_add_7_30_g2396__6260/COUT -       CIN->COUT F     sky130_fd_sc_hd__fa_1          1  5.8    96   396    7654    (-,-) 
  addinc_add_7_30_g2395__5107/COUT -       CIN->COUT F     sky130_fd_sc_hd__fa_1          1  5.8    96   396    8050    (-,-) 
  addinc_add_7_30_g2394__2398/SUM  -       CIN->SUM  R     sky130_fd_sc_hd__fa_1          1 51.3   506   822    8872    (-,-) 
  S[31]                            <<<     -         R     (port)                         -    -     -     0    8872    (-,-) 
#-----------------------------------------------------------------------------------------------------------------------------

