============================================================
  Generated by:           Genus(TM) Synthesis Solution 23.12-s086_1
  Generated on:           Apr 14 2025  01:41:11 pm
  Module:                 signal_32bits
  Operating conditions:   tt_025C_1v80 
  Interconnect mode:      global
  Area mode:              physical library
============================================================

Timing
-------
  Cost    Critical         Violating 
 Group   Path Slack  TNS     Paths   
-------------------------------------
default        27.8   0.0          0 
-------------------------------------
Total                 0.0          0 

Instance Count
--------------
Leaf Instance Count             113 
Physical Instance count           0 
Sequential Instance Count         0 
Combinational Instance Count    113 
Hierarchical Instance Count       0 

Area
----
Cell Area                          888.352
Physical Cell Area                 0.000
Total Cell Area (Cell+Physical)    888.352
Net Area                           827.029
Total Area (Cell+Physical+Net)     1715.381

Max Fanout                         4 (addinc_add_7_30_n_18)
Min Fanout                         1 (B[6])
Average Fanout                     1.5
Terms to net ratio                 2.0206
Terms to instance ratio            3.4690
Runtime                            12.431884 seconds
Elapsed Runtime                    14 seconds
Genus peak memory usage            1942.12 
Innovus peak memory usage          no_value 
Hostname                           cadmicro-inf-el8-623207
