============================================================
  Generated by:           Genus(TM) Synthesis Solution 23.12-s086_1
  Generated on:           Apr 11 2025  04:05:24 pm
  Module:                 han_carlson_32bits
  Operating conditions:   tt_025C_1v80 
  Interconnect mode:      global
  Area mode:              physical library
============================================================


Path 1: MET (0 ps) Path Delay Check
     Startpoint: (F) A[12]
       Endpoint: (F) S[29]

                   Capture    Launch  
      Path Delay:+    1982         -  
      Drv Adjust:+       0         0  
         Arrival:=    1982            
                                      
   Required Time:=    1982            
       Data Path:-    1982            
           Slack:=       0            

Exceptions/Constraints:
  max_delay             1982            constraints.sdc_line_1 

#--------------------------------------------------------------------------------------------------------------------------------------
#                Timing Point                  Flags    Arc   Edge           Cell             Fanout Load Trans Delay Arrival Instance 
#                                                                                                    (fF)  (ps)  (ps)   (ps)  Location 
#--------------------------------------------------------------------------------------------------------------------------------------
  A[12]                                        -       -      F     (arrival)                      1  3.3  1000     0       0    (-,-) 
  g16/X                                        -       A->X   F     sky130_fd_sc_hd__buf_1         3 16.1   111   377     377    (-,-) 
  GENERATE_PROPAGATE[12].PROPAGATE/g2__8246/Y  -       A_N->Y F     sky130_fd_sc_hd__nand2b_4      1  9.7    54   173     550    (-,-) 
  GENERATE_PROPAGATE[12].PROPAGATE/g21__5122/Y -       B->Y   R     sky130_fd_sc_hd__nand2_4       4 12.6    59    78     628    (-,-) 
  LEVEL_1[13].B1/PROPAGATE/g11__5115/X         -       A->X   R     sky130_fd_sc_hd__and2_4        3  9.9    51   144     773    (-,-) 
  LEVEL_2[15].B2/PROPAGATE/g11__6417/X         -       B->X   R     sky130_fd_sc_hd__and2_4        3 10.1    51   146     918    (-,-) 
  LEVEL_3[19].B4/PROPAGATE/g11__7098/X         -       B->X   R     sky130_fd_sc_hd__and2_4        3  8.9    48   143    1062    (-,-) 
  LEVEL_4[27].B8/PROPAGATE/g11__9945/X         -       B->X   R     sky130_fd_sc_hd__and2_1        2  5.9    75   137    1199    (-,-) 
  LEVEL_5[27].B9/PROPAGATE/g11__5122/X         -       B->X   R     sky130_fd_sc_hd__and2_1        2  5.9    75   145    1344    (-,-) 
  LEVEL_6[28].B10/PROPAGATE/g11__4733/X        -       A->X   R     sky130_fd_sc_hd__and2_1        1  3.8    57   128    1472    (-,-) 
  C28/g13__6131/X                              -       A1->X  R     sky130_fd_sc_hd__a21o_1        2  6.7    74   127    1598    (-,-) 
  S29/fopt/Y                                   -       A->Y   F     sky130_fd_sc_hd__inv_1         1  3.4    29    45    1643    (-,-) 
  S29/g10__2883/X                              -       A1->X  F     sky130_fd_sc_hd__mux2_4        1 51.3   115   338    1982    (-,-) 
  S[29]                                        <<<     -      F     (port)                         -    -     -     0    1982    (-,-) 
#--------------------------------------------------------------------------------------------------------------------------------------

