###############################################################
#  Generated by:      Cadence Innovus 23.32-s091_1
#  OS:                Linux x86_64(Host ID cadmicro-inf-el8-623207)
#  Generated on:      Mon Apr 14 13:52:44 2025
#  Design:            signal_32bits
#  Command:           report_timing > reports/report_timing.rpt
###############################################################
Path 1: MET Path Delay Check
Endpoint:   S[31] (^)
Beginpoint: A[0]  (v) triggered by  leading edge of '@'
Path Groups: {default}
Analysis View: default_emulate_view
- External Delay                0.000
+ Path Delay                    8.100
= Required Time                 8.100
- Arrival Time                  6.008
= Slack Time                    2.092
     Clock Rise Edge                      0.000
     + Input Delay                        0.000
     = Beginpoint Arrival Time            0.000
     +--------------------------------------------------------------------------------------------------------+ 
     |          Instance           |       Arc       |           Cell            | Delay | Arrival | Required | 
     |                             |                 |                           |       |  Time   |   Time   | 
     |-----------------------------+-----------------+---------------------------+-------+---------+----------| 
     |                             | A[0] v          |                           |       |   0.000 |    2.092 | 
     | addinc_add_7_30_g1267__1705 | B v -> COUT v   | sky130_fd_sc_hd__fa_1     | 0.798 |   0.798 |    2.890 | 
     | addinc_add_7_30_g1264__3680 | CIN v -> COUT v | sky130_fd_sc_hd__fa_1     | 0.398 |   1.196 |    3.288 | 
     | addinc_add_7_30_g1263__6783 | CIN v -> COUT v | sky130_fd_sc_hd__fa_1     | 0.399 |   1.595 |    3.687 | 
     | addinc_add_7_30_g1262__5526 | CIN v -> COUT v | sky130_fd_sc_hd__fa_1     | 0.424 |   2.019 |    4.111 | 
     | addinc_add_7_30_g1261       | A v -> Y ^      | sky130_fd_sc_hd__clkinv_1 | 0.086 |   2.105 |    4.197 | 
     | addinc_add_7_30_g1260__8428 | C ^ -> X ^      | sky130_fd_sc_hd__or3_1    | 0.095 |   2.200 |    4.292 | 
     | addinc_add_7_30_g1257__5107 | C1 ^ -> Y v     | sky130_fd_sc_hd__o211ai_1 | 0.096 |   2.296 |    4.388 | 
     | addinc_add_7_30_g1255__5477 | CIN v -> COUT v | sky130_fd_sc_hd__fa_1     | 0.407 |   2.704 |    4.795 | 
     | addinc_add_7_30_g1254__6417 | CIN v -> COUT v | sky130_fd_sc_hd__fa_1     | 0.411 |   3.114 |    5.206 | 
     | addinc_add_7_30_g1253__7410 | B_N v -> Y v    | sky130_fd_sc_hd__nor2b_1  | 0.183 |   3.297 |    5.389 | 
     | addinc_add_7_30_g1249__9945 | A1 v -> X v     | sky130_fd_sc_hd__a221o_1  | 0.374 |   3.671 |    5.763 | 
     | addinc_add_7_30_g1247__6161 | A v -> X v      | sky130_fd_sc_hd__and2_1   | 0.177 |   3.848 |    5.940 | 
     | addinc_add_7_30_g1241__7098 | A1 v -> X v     | sky130_fd_sc_hd__a221o_1  | 0.377 |   4.225 |    6.317 | 
     | addinc_add_7_30_g1233__5526 | A1 v -> X v     | sky130_fd_sc_hd__a31o_1   | 0.235 |   4.459 |    6.551 | 
     | addinc_add_7_30_g1224__1666 | A1 v -> X v     | sky130_fd_sc_hd__a221o_1  | 0.370 |   4.829 |    6.921 | 
     | addinc_add_7_30_g1213__7098 | A1 v -> Y ^     | sky130_fd_sc_hd__a31oi_1  | 0.259 |   5.089 |    7.181 | 
     | addinc_add_7_30_g1203__4319 | A2 ^ -> Y v     | sky130_fd_sc_hd__o21ai_1  | 0.112 |   5.201 |    7.293 | 
     | addinc_add_7_30_g1200__2398 | B v -> X ^      | sky130_fd_sc_hd__xor2_1   | 0.806 |   6.007 |    8.099 | 
     |                             | S[31] ^         |                           | 0.001 |   6.008 |    8.100 | 
     +--------------------------------------------------------------------------------------------------------+ 

