============================================================
  Generated by:           Genus(TM) Synthesis Solution 23.12-s086_1
  Generated on:           Apr 11 2025  04:14:31 pm
  Module:                 han_carlson_32bits
  Operating conditions:   tt_025C_1v80 
  Interconnect mode:      global
  Area mode:              physical library
============================================================


Path 1: MET (1 ps) Path Delay Check
     Startpoint: (F) A[19]
       Endpoint: (R) S[25]

                   Capture    Launch  
      Path Delay:+    2131         -  
      Drv Adjust:+       0         0  
         Arrival:=    2131            
                                      
   Required Time:=    2131            
       Data Path:-    2130            
           Slack:=       1            

Exceptions/Constraints:
  max_delay             2131            constraints.sdc_line_1 

#--------------------------------------------------------------------------------------------------------------------------------------
#                Timing Point                  Flags    Arc   Edge           Cell             Fanout Load Trans Delay Arrival Instance 
#                                                                                                    (fF)  (ps)  (ps)   (ps)  Location 
#--------------------------------------------------------------------------------------------------------------------------------------
  A[19]                                        -       -      F     (arrival)                      1  3.3  1000     0       0    (-,-) 
  g59/X                                        -       A->X   F     sky130_fd_sc_hd__clkbuf_1      3  7.5    71   337     337    (-,-) 
  GENERATE_PROPAGATE[19].PROPAGATE/g26__5122/Y -       B->Y   R     sky130_fd_sc_hd__nand2b_1      1  5.9    80    97     434    (-,-) 
  GENERATE_PROPAGATE[19].PROPAGATE/g21__2802/Y -       A->Y   F     sky130_fd_sc_hd__nand2_2       3 16.0    76    86     520    (-,-) 
  LEVEL_1[19].B1/PROPAGATE/g11__9315/X         -       B->X   F     sky130_fd_sc_hd__and2_4        3  9.3    37   175     695    (-,-) 
  LEVEL_2[19].B2/PROPAGATE/g2/X                -       B->X   F     sky130_fd_sc_hd__and2_4        3  8.4    36   155     850    (-,-) 
  LEVEL_3[23].B4/PROPAGATE/g11__6131/X         -       B->X   F     sky130_fd_sc_hd__and2_4        3  7.5    34   153    1003    (-,-) 
  LEVEL_4[23].B8/GENERATE/g13__3680/X          -       A2->X  F     sky130_fd_sc_hd__a21o_1        1  3.5    38   171    1174    (-,-) 
  LEVEL_5[23].B9/GENERATE/g13__2346/X          -       B1->X  F     sky130_fd_sc_hd__a21o_1        2  6.4    50   163    1337    (-,-) 
  LEVEL_6[24].B10/GENERATE/g13__2398/X         -       A1->X  F     sky130_fd_sc_hd__a21o_1        1  3.5    37   156    1493    (-,-) 
  C24/g13__1617/X                              -       B1->X  F     sky130_fd_sc_hd__a21o_1        1  4.6    42   155    1648    (-,-) 
  S25/g12__5526/SUM                            -       B->SUM R     sky130_fd_sc_hd__ha_2          1 51.3   260   482    2130    (-,-) 
  S[25]                                        <<<     -      R     (port)                         -    -     -     0    2130    (-,-) 
#--------------------------------------------------------------------------------------------------------------------------------------

