============================================================
  Generated by:           Genus(TM) Synthesis Solution 23.12-s086_1
  Generated on:           Apr 14 2025  04:16:41 pm
  Module:                 carry_skip4_32bits
  Operating conditions:   tt_025C_1v80 
  Interconnect mode:      global
  Area mode:              physical library
============================================================


Path 1: MET (0 ps) Path Delay Check
     Startpoint: (R) A[14]
       Endpoint: (R) S[23]

                   Capture    Launch  
      Path Delay:+    1390         -  
      Drv Adjust:+       0         0  
         Arrival:=    1390            
                                      
   Required Time:=    1390            
       Data Path:-    1390            
           Slack:=       0            

Exceptions/Constraints:
  max_delay             1390            constraints.sdc_line_1 

#-------------------------------------------------------------------------------------------------------
# Timing Point   Flags   Arc   Edge           Cell             Fanout Load Trans Delay Arrival Instance 
#                                                                     (fF)  (ps)  (ps)   (ps)  Location 
#-------------------------------------------------------------------------------------------------------
  A[14]          -       -     R     (arrival)                      1 12.2  1000     0       0    (-,-) 
  g37766/Y       -       A->Y  F     sky130_fd_sc_hd__clkinv_4      2 10.3   148   117     117    (-,-) 
  g37627__2398/Y -       B->Y  R     sky130_fd_sc_hd__nor2_2        3 12.0   159   179     296    (-,-) 
  g37461__7482/Y -       C->Y  F     sky130_fd_sc_hd__nand3_1       3  9.2   115   144     440    (-,-) 
  g37384__1881/Y -       B->Y  R     sky130_fd_sc_hd__nand2_1       2  8.9    99   131     571    (-,-) 
  g37361/Y       -       A->Y  F     sky130_fd_sc_hd__inv_2         6 16.9    51    69     640    (-,-) 
  g37887/X       -       A1->X F     sky130_fd_sc_hd__a21bo_1       1  5.6    48   178     818    (-,-) 
  g37189__3680/Y -       A1->Y R     sky130_fd_sc_hd__a21oi_2       1  6.0   115   133     951    (-,-) 
  g37126__5477/Y -       A2->Y F     sky130_fd_sc_hd__o21ai_2       1  3.6    46    61    1012    (-,-) 
  g37073__7098/Y -       A->Y  R     sky130_fd_sc_hd__nand2_1       2  6.7    78    79    1090    (-,-) 
  g37899/Y       -       B->Y  F     sky130_fd_sc_hd__nand3b_1      1  9.6   118   125    1215    (-,-) 
  g36915__6417/Y -       A->Y  R     sky130_fd_sc_hd__nand2_4       1 51.3   165   174    1389    (-,-) 
  S[23]          <<<     -     R     (port)                         -    -     -     0    1390    (-,-) 
#-------------------------------------------------------------------------------------------------------

