============================================================
  Generated by:           Genus(TM) Synthesis Solution 23.12-s086_1
  Generated on:           Apr 14 2025  01:09:13 pm
  Module:                 signal_32bits
  Operating conditions:   tt_025C_1v80 
  Interconnect mode:      global
  Area mode:              physical library
============================================================


Path 1: MET (1 ps) Path Delay Check
     Startpoint: (F) B[0]
       Endpoint: (R) S[31]

                   Capture    Launch  
      Path Delay:+   11300         -  
      Drv Adjust:+       0         0  
         Arrival:=   11300            
                                      
   Required Time:=   11300            
       Data Path:-   11299            
           Slack:=       1            

Exceptions/Constraints:
  max_delay            11300            constraints.sdc_line_1 

#-----------------------------------------------------------------------------------------------------------------------------
#          Timing Point           Flags     Arc     Edge            Cell             Fanout Load Trans Delay Arrival Instance 
#                                                                                           (fF)  (ps)  (ps)   (ps)  Location 
#-----------------------------------------------------------------------------------------------------------------------------
  B[0]                            -       -         F     (arrival)                       3 13.5  1000     0       0    (-,-) 
  addinc_add_7_30_g843__5122/Y    -       B->Y      R     sky130_fd_sc_hd__nor2_1         1  6.1   280   396     396    (-,-) 
  g857/Y                          -       A2_N->Y   R     sky130_fd_sc_hd__a2bb2oi_2      2 11.2   257   214     610    (-,-) 
  addinc_add_7_30_g816__5115/Y    -       B2->Y     F     sky130_fd_sc_hd__o2bb2ai_2      2  8.4    76   102     712    (-,-) 
  addinc_add_7_30_g815__1881/Y    -       A->Y      R     sky130_fd_sc_hd__nand2_1        1  3.7    55    72     784    (-,-) 
  addinc_add_7_30_g813__7098/Y    -       A->Y      F     sky130_fd_sc_hd__nand2_1        2  8.4    83    77     861    (-,-) 
  addinc_add_7_30_g812__8246/Y    -       A->Y      R     sky130_fd_sc_hd__nand2_1        1  5.9    74    90     951    (-,-) 
  addinc_add_7_30_g810__1705/Y    -       A->Y      F     sky130_fd_sc_hd__nand2_2        2  8.4    65    62    1012    (-,-) 
  addinc_add_7_30_g809__2802/Y    -       A->Y      R     sky130_fd_sc_hd__nand2_1        1  3.7    54    68    1080    (-,-) 
  addinc_add_7_30_g807__3680/Y    -       A->Y      F     sky130_fd_sc_hd__nand2_1        2  8.4    83    76    1157    (-,-) 
  addinc_add_7_30_g806__6783/Y    -       A->Y      R     sky130_fd_sc_hd__nand2_1        1  3.7    55    76    1232    (-,-) 
  addinc_add_7_30_g804__8428/Y    -       A->Y      F     sky130_fd_sc_hd__nand2_1        2  8.4    83    77    1309    (-,-) 
  g856/X                          -       A1->X     F     sky130_fd_sc_hd__a21o_1         2  8.4    58   192    1501    (-,-) 
  g2/X                            -       A1->X     F     sky130_fd_sc_hd__a21o_1         1  3.6    38   160    1660    (-,-) 
  g858/COUT                       -       CI->COUT  F     sky130_fd_sc_hd__fah_1          1  3.6    64   239    1899    (-,-) 
  addinc_add_7_30_g794__2883/COUT -       CI->COUT  F     sky130_fd_sc_hd__fah_1          1  5.8    73   264    2164    (-,-) 
  addinc_add_7_30_g793__9945/COUT -       CIN->COUT F     sky130_fd_sc_hd__fa_1           1  5.8    96   388    2551    (-,-) 
  addinc_add_7_30_g792__9315/COUT -       CIN->COUT F     sky130_fd_sc_hd__fa_1           1  5.8    96   396    2948    (-,-) 
  addinc_add_7_30_g791__6161/COUT -       CIN->COUT F     sky130_fd_sc_hd__fa_1           1  5.8    96   396    3344    (-,-) 
  addinc_add_7_30_g790__4733/COUT -       CIN->COUT F     sky130_fd_sc_hd__fa_1           1  5.8    96   396    3740    (-,-) 
  addinc_add_7_30_g789__7482/COUT -       CIN->COUT F     sky130_fd_sc_hd__fa_1           1  5.8    96   396    4137    (-,-) 
  addinc_add_7_30_g788__5115/COUT -       CIN->COUT F     sky130_fd_sc_hd__fa_1           1  5.8    96   396    4533    (-,-) 
  addinc_add_7_30_g787__1881/COUT -       CIN->COUT F     sky130_fd_sc_hd__fa_1           1  5.8    96   396    4929    (-,-) 
  addinc_add_7_30_g786__6131/COUT -       CIN->COUT F     sky130_fd_sc_hd__fa_1           1  5.8    96   396    5326    (-,-) 
  addinc_add_7_30_g785__7098/COUT -       CIN->COUT F     sky130_fd_sc_hd__fa_1           1  5.8    96   396    5722    (-,-) 
  addinc_add_7_30_g784__8246/COUT -       CIN->COUT F     sky130_fd_sc_hd__fa_1           1  5.8    96   396    6118    (-,-) 
  addinc_add_7_30_g783__5122/COUT -       CIN->COUT F     sky130_fd_sc_hd__fa_1           1  5.8    96   396    6514    (-,-) 
  addinc_add_7_30_g782__1705/COUT -       CIN->COUT F     sky130_fd_sc_hd__fa_1           1  5.8    96   396    6911    (-,-) 
  addinc_add_7_30_g781__2802/COUT -       CIN->COUT F     sky130_fd_sc_hd__fa_1           1  5.8    96   396    7307    (-,-) 
  addinc_add_7_30_g780__1617/COUT -       CIN->COUT F     sky130_fd_sc_hd__fa_1           1  5.8    96   396    7703    (-,-) 
  addinc_add_7_30_g779__3680/COUT -       CIN->COUT F     sky130_fd_sc_hd__fa_1           1  5.8    96   396    8100    (-,-) 
  addinc_add_7_30_g778__6783/COUT -       CIN->COUT F     sky130_fd_sc_hd__fa_1           1  5.8    96   396    8496    (-,-) 
  addinc_add_7_30_g777__5526/COUT -       CIN->COUT F     sky130_fd_sc_hd__fa_1           1  5.8    96   396    8892    (-,-) 
  addinc_add_7_30_g776__8428/COUT -       CIN->COUT F     sky130_fd_sc_hd__fa_1           1  5.8    96   396    9288    (-,-) 
  addinc_add_7_30_g775__4319/COUT -       CIN->COUT F     sky130_fd_sc_hd__fa_1           1  5.8    96   396    9685    (-,-) 
  addinc_add_7_30_g774__6260/COUT -       CIN->COUT F     sky130_fd_sc_hd__fa_1           1  5.8    96   396   10081    (-,-) 
  addinc_add_7_30_g773__5107/COUT -       CIN->COUT F     sky130_fd_sc_hd__fa_1           1  5.8    96   396   10477    (-,-) 
  addinc_add_7_30_g772__2398/SUM  -       CIN->SUM  R     sky130_fd_sc_hd__fa_1           1 51.3   506   822   11299    (-,-) 
  S[31]                           <<<     -         R     (port)                          -    -     -     0   11299    (-,-) 
#-----------------------------------------------------------------------------------------------------------------------------

