###############################################################
#  Generated by:      Cadence Innovus 23.32-s091_1
#  OS:                Linux x86_64(Host ID cadmicro-inf-el8-623207)
#  Generated on:      Fri Apr 11 16:36:27 2025
#  Design:            ladner_fischer_32bits
#  Command:           report_timing > reports/report_timing.rpt
###############################################################
Path 1: MET Path Delay Check
Endpoint:   S[29] (^)
Beginpoint: B[2]  (v) triggered by  leading edge of '@'
Path Groups: {default}
Analysis View: default_emulate_view
- External Delay                0.000
+ Path Delay                    4.350
= Required Time                 4.350
- Arrival Time                  2.863
= Slack Time                    1.487
     Clock Rise Edge                      0.000
     + Input Delay                        0.000
     = Beginpoint Arrival Time            0.000
     +----------------------------------------------------------------------------------------------------------------+ 
     |                 Instance                  |     Arc     |          Cell           | Delay | Arrival | Required | 
     |                                           |             |                         |       |  Time   |   Time   | 
     |-------------------------------------------+-------------+-------------------------+-------+---------+----------| 
     |                                           | B[2] v      |                         |       |   0.000 |    1.487 | 
     | GENERATE_PROPAGATE[2].PROPAGATE/g10__2802 | A v -> X ^  | sky130_fd_sc_hd__xor2_1 | 0.643 |   0.643 |    2.130 | 
     | LEVEL_1[3].B1/PROPAGATE/g11__1881         | A ^ -> X ^  | sky130_fd_sc_hd__and2_1 | 0.200 |   0.844 |    2.330 | 
     | LEVEL_2[3].B2/GENERATE/g13__5115          | A2 ^ -> X ^ | sky130_fd_sc_hd__a21o_1 | 0.188 |   1.031 |    2.518 | 
     | LEVEL_3[7].B3/GENERATE/g13__8428          | A1 ^ -> X ^ | sky130_fd_sc_hd__a21o_1 | 0.245 |   1.276 |    2.763 | 
     | LEVEL_4[31].B6/GENERATE/g13__6783         | A1 ^ -> X ^ | sky130_fd_sc_hd__a21o_1 | 0.371 |   1.648 |    3.134 | 
     | LEVEL_5[27].B7/GENERATE/g13__4733         | A1 ^ -> X ^ | sky130_fd_sc_hd__a21o_1 | 0.198 |   1.846 |    3.332 | 
     | LEVEL_6[28].B8/GENERATE/g13__2883         | A1 ^ -> X ^ | sky130_fd_sc_hd__a21o_1 | 0.112 |   1.957 |    3.444 | 
     | C28/g13__2398                             | B1 ^ -> X ^ | sky130_fd_sc_hd__a21o_1 | 0.089 |   2.046 |    3.533 | 
     | S29/g10__5477                             | B ^ -> X ^  | sky130_fd_sc_hd__xor2_1 | 0.815 |   2.862 |    4.348 | 
     |                                           | S[29] ^     |                         | 0.002 |   2.863 |    4.350 | 
     +----------------------------------------------------------------------------------------------------------------+ 

