============================================================
  Generated by:           Genus(TM) Synthesis Solution 23.12-s086_1
  Generated on:           Apr 11 2025  02:23:55 pm
  Module:                 cla_16bits
  Operating conditions:   tt_025C_1v80 
  Interconnect mode:      global
  Area mode:              physical library
============================================================


Path 1: MET (1619 ps) Path Delay Check
     Startpoint: (F) A[0]
       Endpoint: (R) S[15]

                   Capture    Launch  
      Path Delay:+    4500         -  
      Drv Adjust:+       0         0  
         Arrival:=    4500            
                                      
   Required Time:=    4500            
       Data Path:-    2881            
           Slack:=    1619            

Exceptions/Constraints:
  max_delay             4500            constraints.sdc_line_1 

#---------------------------------------------------------------------------------------------------------------------------------
#               Timing Point                 Flags   Arc   Edge          Cell            Fanout Load Trans Delay Arrival Instance 
#                                                                                               (fF)  (ps)  (ps)   (ps)  Location 
#---------------------------------------------------------------------------------------------------------------------------------
  A[0]                                       -       -     F     (arrival)                    2  7.5  1000     0       0    (-,-) 
  GENERATE_PROPAGATE[0].GENERATE/g11__1617/X -       B->X  F     sky130_fd_sc_hd__and2_1      2  6.3    72   513     513    (-,-) 
  CLA1/g103__9315/X                          -       A2->X F     sky130_fd_sc_hd__a21o_1      2  6.4    50   200     712    (-,-) 
  CLA1/g100__7482/X                          -       A1->X F     sky130_fd_sc_hd__a21o_1      2  6.4    50   169     881    (-,-) 
  CLA1/g99__5115/X                           -       A1->X F     sky130_fd_sc_hd__a21o_1      3  9.3    62   182    1064    (-,-) 
  CLA5/g103__5115/X                          -       A1->X F     sky130_fd_sc_hd__a21o_1      3  9.3    62   187    1251    (-,-) 
  CLA5/g100__7098/X                          -       A1->X F     sky130_fd_sc_hd__a21o_1      3  9.3    62   187    1438    (-,-) 
  CLA6/g103__2883/X                          -       A1->X F     sky130_fd_sc_hd__a21o_1      2  6.4    50   174    1612    (-,-) 
  CLA6/g100__6161/X                          -       A1->X F     sky130_fd_sc_hd__a21o_1      2  6.4    50   169    1781    (-,-) 
  CLA6/g99__4733/X                           -       A1->X F     sky130_fd_sc_hd__a21o_1      1  3.5    38   156    1937    (-,-) 
  C14/g13__6131/X                            -       B1->X F     sky130_fd_sc_hd__a21o_1      1  5.5    59   159    2096    (-,-) 
  S15/g10__5477/X                            -       B->X  R     sky130_fd_sc_hd__xor2_1      1 51.3  1009   784    2880    (-,-) 
  S[15]                                      <<<     -     R     (port)                       -    -     -     0    2881    (-,-) 
#---------------------------------------------------------------------------------------------------------------------------------

