============================================================
  Generated by:           Genus(TM) Synthesis Solution 23.12-s086_1
  Generated on:           Apr 14 2025  03:36:17 pm
  Module:                 han_carlson_32bits
  Operating conditions:   tt_025C_1v80 
  Interconnect mode:      global
  Area mode:              physical library
============================================================


Path 1: MET (3000 ps) Path Delay Check
     Startpoint: (F) A[0]
       Endpoint: (R) S[31]

                   Capture    Launch  
      Path Delay:+   13700         -  
      Drv Adjust:+       0         0  
         Arrival:=   13700            
                                      
   Required Time:=   13700            
       Data Path:-   10700            
           Slack:=    3000            

Exceptions/Constraints:
  max_delay            13700            constraints.sdc_line_1 

#-------------------------------------------------------------------------------------------------------------
#  Timing Point    Flags     Arc     Edge           Cell             Fanout Load Trans Delay Arrival Instance 
#                                                                           (fF)  (ps)  (ps)   (ps)  Location 
#-------------------------------------------------------------------------------------------------------------
  A[0]             -       -         F     (arrival)                      1  4.1  1000     0       0    (-,-) 
  g3837__7410/SUM  -       B->SUM    F     sky130_fd_sc_hd__ha_1          1  4.1    71   649     649    (-,-) 
  g3826__8246/COUT -       B->COUT   F     sky130_fd_sc_hd__ha_1          2  6.4    79   204     853    (-,-) 
  g3825__5122/Y    -       A->Y      R     sky130_fd_sc_hd__nand2_1       2  5.9    76    88     941    (-,-) 
  g3820__3680/X    -       A_N->X    F     sky130_fd_sc_hd__and3b_1       2  5.4    50   188    1129    (-,-) 
  g3818__8428/Y    -       B1->Y     R     sky130_fd_sc_hd__a221oi_1      1  3.6   250   252    1381    (-,-) 
  g3816__6260/Y    -       C1->Y     F     sky130_fd_sc_hd__o221ai_1      1  4.1   118   174    1555    (-,-) 
  g3809__1666/COUT -       B->COUT   F     sky130_fd_sc_hd__ha_1          2  6.3    59   225    1780    (-,-) 
  g3806__9315/X    -       A1->X     F     sky130_fd_sc_hd__a221o_1       1  4.1    60   321    2100    (-,-) 
  g3802__5115/COUT -       B->COUT   F     sky130_fd_sc_hd__ha_1          2  6.3    59   199    2299    (-,-) 
  g3799__7098/X    -       A1->X     F     sky130_fd_sc_hd__a221o_1       1  5.8    69   332    2632    (-,-) 
  g3949/COUT       -       CIN->COUT F     sky130_fd_sc_hd__fa_1          1  5.8    96   387    3018    (-,-) 
  g3948/COUT       -       CIN->COUT F     sky130_fd_sc_hd__fa_1          1  5.8    96   396    3414    (-,-) 
  g3947/COUT       -       CIN->COUT F     sky130_fd_sc_hd__fa_1          1  5.8    96   396    3811    (-,-) 
  g3946/COUT       -       CIN->COUT F     sky130_fd_sc_hd__fa_1          1  4.1    87   382    4193    (-,-) 
  g3789__4319/COUT -       B->COUT   F     sky130_fd_sc_hd__ha_1          2  6.3    59   211    4404    (-,-) 
  g3787__5107/X    -       A1->X     F     sky130_fd_sc_hd__a221o_1       1  5.8    69   332    4736    (-,-) 
  g3945/COUT       -       CIN->COUT F     sky130_fd_sc_hd__fa_1          1  5.8    96   387    5123    (-,-) 
  g3944/COUT       -       CIN->COUT F     sky130_fd_sc_hd__fa_1          1  5.8    96   396    5519    (-,-) 
  g3943/COUT       -       CIN->COUT F     sky130_fd_sc_hd__fa_1          1  5.8    96   396    5915    (-,-) 
  g3942/COUT       -       CIN->COUT F     sky130_fd_sc_hd__fa_1          1  5.8    96   396    6312    (-,-) 
  g3941/COUT       -       CIN->COUT F     sky130_fd_sc_hd__fa_1          1  5.8    96   396    6708    (-,-) 
  g3940/COUT       -       CIN->COUT F     sky130_fd_sc_hd__fa_1          1  5.8    96   396    7104    (-,-) 
  g3939/COUT       -       CIN->COUT F     sky130_fd_sc_hd__fa_1          1  5.8    96   396    7501    (-,-) 
  g3938/COUT       -       CIN->COUT F     sky130_fd_sc_hd__fa_1          1  5.8    96   396    7897    (-,-) 
  g3937/COUT       -       CIN->COUT F     sky130_fd_sc_hd__fa_1          1  5.8    96   396    8293    (-,-) 
  g3936/COUT       -       CIN->COUT F     sky130_fd_sc_hd__fa_1          1  5.8    96   396    8690    (-,-) 
  g3935/COUT       -       CIN->COUT F     sky130_fd_sc_hd__fa_1          1  5.8    96   396    9086    (-,-) 
  g3934/COUT       -       CIN->COUT F     sky130_fd_sc_hd__fa_1          1  5.8    96   396    9482    (-,-) 
  g3933/COUT       -       CIN->COUT F     sky130_fd_sc_hd__fa_1          1  5.8    96   396    9878    (-,-) 
  g2/SUM           -       CIN->SUM  R     sky130_fd_sc_hd__fa_1          1 51.3   506   822   10700    (-,-) 
  S[31]            <<<     -         R     (port)                         -    -     -     0   10700    (-,-) 
#-------------------------------------------------------------------------------------------------------------

