============================================================
  Generated by:           Genus(TM) Synthesis Solution 23.12-s086_1
  Generated on:           Apr 14 2025  02:36:14 pm
  Module:                 signal_32bits
  Operating conditions:   tt_025C_1v80 
  Interconnect mode:      global
  Area mode:              physical library
============================================================


Path 1: MET (95 ps) Path Delay Check
     Startpoint: (F) A[0]
       Endpoint: (R) S[31]

                   Capture    Launch  
      Path Delay:+    4700         -  
      Drv Adjust:+       0         0  
         Arrival:=    4700            
                                      
   Required Time:=    4700            
       Data Path:-    4605            
           Slack:=      95            

Exceptions/Constraints:
  max_delay             4700            constraints.sdc_line_1 

#------------------------------------------------------------------------------------------------------------------------------
#          Timing Point            Flags     Arc     Edge            Cell             Fanout Load Trans Delay Arrival Instance 
#                                                                                            (fF)  (ps)  (ps)   (ps)  Location 
#------------------------------------------------------------------------------------------------------------------------------
  A[0]                             -       -         F     (arrival)                       3 11.3  1000     0       0    (-,-) 
  addinc_add_7_30_g1343__1617/Y    -       A->Y      R     sky130_fd_sc_hd__nor2_1         1  3.8   232   333     333    (-,-) 
  addinc_add_7_30_g1257__4733/Y    -       B2->Y     F     sky130_fd_sc_hd__o2bb2ai_1      2  9.0   101   133     466    (-,-) 
  addinc_add_7_30_g1250/Y          -       A->Y      R     sky130_fd_sc_hd__clkinv_1       1  3.9    42    67     534    (-,-) 
  addinc_add_7_30_g1247__2802/Y    -       A2->Y     F     sky130_fd_sc_hd__o21ai_1        2  9.0   111    83     617    (-,-) 
  addinc_add_7_30_g1245/Y          -       A->Y      R     sky130_fd_sc_hd__clkinv_1       1  3.9    45    71     688    (-,-) 
  addinc_add_7_30_g1243__6783/Y    -       A2->Y     F     sky130_fd_sc_hd__o21ai_1        2  9.0   111    84     772    (-,-) 
  addinc_add_7_30_g1242/Y          -       A->Y      R     sky130_fd_sc_hd__clkinv_1       1  3.9    45    71     843    (-,-) 
  addinc_add_7_30_g1240__8428/Y    -       A2->Y     F     sky130_fd_sc_hd__o21ai_1        2  9.0   111    84     927    (-,-) 
  addinc_add_7_30_g1239/Y          -       A->Y      R     sky130_fd_sc_hd__clkinv_1       2  7.0    57    86    1012    (-,-) 
  addinc_add_7_30_g1236__5107/Y    -       A3->Y     F     sky130_fd_sc_hd__o311ai_1       1  3.6   101    86    1098    (-,-) 
  addinc_add_7_30_g1234__5477/COUT -       CI->COUT  F     sky130_fd_sc_hd__fah_1          1  5.8    73   281    1379    (-,-) 
  addinc_add_7_30_g1233__6417/COUT -       CIN->COUT F     sky130_fd_sc_hd__fa_1           2  7.5   105   402    1781    (-,-) 
  addinc_add_7_30_g1232__7410/Y    -       B_N->Y    F     sky130_fd_sc_hd__nor2b_1        3  8.3    93   176    1957    (-,-) 
  addinc_add_7_30_g1228__9945/X    -       A1->X     F     sky130_fd_sc_hd__a221o_1        3 10.3    91   371    2328    (-,-) 
  addinc_add_7_30_g1226__6161/X    -       A->X      F     sky130_fd_sc_hd__and2_1         2  5.4    47   165    2493    (-,-) 
  addinc_add_7_30_g1220__7098/X    -       A1->X     F     sky130_fd_sc_hd__a221o_1        4 13.3   104   369    2862    (-,-) 
  addinc_add_7_30_g1212__5526/X    -       A1->X     F     sky130_fd_sc_hd__a31o_1         3 10.3    71   229    3092    (-,-) 
  addinc_add_7_30_g1203__1666/X    -       A1->X     F     sky130_fd_sc_hd__a221o_1        3 11.2    95   368    3459    (-,-) 
  addinc_add_7_30_g1192__7098/Y    -       A1->Y     R     sky130_fd_sc_hd__a31oi_1        2  9.0   256   233    3693    (-,-) 
  addinc_add_7_30_g1182__4319/Y    -       A2->Y     F     sky130_fd_sc_hd__o21ai_1        1  5.5    96   113    3806    (-,-) 
  addinc_add_7_30_g1179__2398/X    -       B->X      R     sky130_fd_sc_hd__xor2_1         1 51.3  1009   799    4605    (-,-) 
  S[31]                            <<<     -         R     (port)                          -    -     -     0    4605    (-,-) 
#------------------------------------------------------------------------------------------------------------------------------

