============================================================
  Generated by:           Genus(TM) Synthesis Solution 23.12-s086_1
  Generated on:           Apr 14 2025  03:42:44 pm
  Module:                 carry_select_adder_8888_32bits
  Operating conditions:   tt_025C_1v80 
  Interconnect mode:      global
  Area mode:              physical library
============================================================

Timing
-------
  Cost    Critical         Violating 
 Group   Path Slack  TNS     Paths   
-------------------------------------
default      4920.6   0.0          0 
-------------------------------------
Total                 0.0          0 

Instance Count
--------------
Leaf Instance Count             126 
Physical Instance count           0 
Sequential Instance Count         0 
Combinational Instance Count    126 
Hierarchical Instance Count       0 

Area
----
Cell Area                          1058.515
Physical Cell Area                 0.000
Total Cell Area (Cell+Physical)    1058.515
Net Area                           922.576
Total Area (Cell+Physical+Net)     1981.091

Max Fanout                         9 (n_206)
Min Fanout                         1 (A[8])
Average Fanout                     1.6
Terms to net ratio                 2.1483
Terms to instance ratio            3.5635
Runtime                            12.400987 seconds
Elapsed Runtime                    13 seconds
Genus peak memory usage            1895.36 
Innovus peak memory usage          no_value 
Hostname                           cadmicro-inf-el8-623207
