============================================================
  Generated by:           Genus(TM) Synthesis Solution 23.12-s086_1
  Generated on:           Apr 14 2025  01:01:16 pm
  Module:                 signal_32bits
  Operating conditions:   tt_025C_1v80 
  Interconnect mode:      global
  Area mode:              physical library
============================================================

Timing
-------
  Cost    Critical         Violating 
 Group   Path Slack  TNS     Paths   
-------------------------------------
default        15.9   0.0          0 
-------------------------------------
Total                 0.0          0 

Instance Count
--------------
Leaf Instance Count             63 
Physical Instance count          0 
Sequential Instance Count        0 
Combinational Instance Count    63 
Hierarchical Instance Count      0 

Area
----
Cell Area                          739.459
Physical Cell Area                 0.000
Total Cell Area (Cell+Physical)    739.459
Net Area                           577.198
Total Area (Cell+Physical+Net)     1316.657

Max Fanout                         3 (B[0])
Min Fanout                         1 (B[7])
Average Fanout                     1.2
Terms to net ratio                 1.5779
Terms to instance ratio            3.8571
Runtime                            13.497341 seconds
Elapsed Runtime                    19 seconds
Genus peak memory usage            1941.48 
Innovus peak memory usage          no_value 
Hostname                           cadmicro-inf-el8-623207
