Flow report for SAD
Wed Nov 27 14:59:31 2024
Quartus II 32-bit Version 13.1.0 Build 162 10/23/2013 SJ Web Edition


---------------------
; Table of Contents ;
---------------------
  1. Legal Notice
  2. Flow Summary
  3. Flow Settings
  4. Flow Non-Default Global Settings
  5. Flow Elapsed Time
  6. Flow OS Summary
  7. Flow Log
  8. Flow Messages
  9. Flow Suppressed Messages



----------------
; Legal Notice ;
----------------
Copyright (C) 1991-2013 Altera Corporation
Your use of Altera Corporation's design tools, logic functions 
and other software and tools, and its AMPP partner logic 
functions, and any output files from any of the foregoing 
(including device programming or simulation files), and any 
associated documentation or information are expressly subject 
to the terms and conditions of the Altera Program License 
Subscription Agreement, Altera MegaCore Function License 
Agreement, or other applicable license agreement, including, 
without limitation, that your use is for the sole purpose of 
programming logic devices manufactured by Altera and sold by 
Altera or its authorized distributors.  Please refer to the 
applicable agreement for further details.



+---------------------------------------------------------------------------------+
; Flow Summary                                                                    ;
+------------------------------------+--------------------------------------------+
; Flow Status                        ; Successful - Wed Nov 27 14:59:31 2024      ;
; Quartus II 32-bit Version          ; 13.1.0 Build 162 10/23/2013 SJ Web Edition ;
; Revision Name                      ; SAD                                        ;
; Top-level Entity Name              ; SAD                                        ;
; Family                             ; Cyclone IV GX                              ;
; Total logic elements               ; 100 / 21,280 ( < 1 % )                     ;
;     Total combinational functions  ; 100 / 21,280 ( < 1 % )                     ;
;     Dedicated logic registers      ; 0 / 21,280 ( 0 % )                         ;
; Total registers                    ; 0                                          ;
; Total pins                         ; 74 / 167 ( 44 % )                          ;
; Total virtual pins                 ; 0                                          ;
; Total memory bits                  ; 0 / 774,144 ( 0 % )                        ;
; Embedded Multiplier 9-bit elements ; 0 / 80 ( 0 % )                             ;
; Total GXB Receiver Channel PCS     ; 0 / 4 ( 0 % )                              ;
; Total GXB Receiver Channel PMA     ; 0 / 4 ( 0 % )                              ;
; Total GXB Transmitter Channel PCS  ; 0 / 4 ( 0 % )                              ;
; Total GXB Transmitter Channel PMA  ; 0 / 4 ( 0 % )                              ;
; Total PLLs                         ; 0 / 4 ( 0 % )                              ;
; Device                             ; EP4CGX22CF19C6                             ;
; Timing Models                      ; Final                                      ;
+------------------------------------+--------------------------------------------+


+-----------------------------------------+
; Flow Settings                           ;
+-------------------+---------------------+
; Option            ; Setting             ;
+-------------------+---------------------+
; Start date & time ; 11/27/2024 14:59:18 ;
; Main task         ; Compilation         ;
; Revision Name     ; SAD                 ;
+-------------------+---------------------+


+-----------------------------------------------------------------------------------------------------------------+
; Flow Non-Default Global Settings                                                                                ;
+--------------------------------------+---------------------------+---------------+-------------+----------------+
; Assignment Name                      ; Value                     ; Default Value ; Entity Name ; Section Id     ;
+--------------------------------------+---------------------------+---------------+-------------+----------------+
; COMPILER_SIGNATURE_ID                ; 0.173273035826831         ; --            ; --          ; --             ;
; EDA_DESIGN_INSTANCE_NAME             ; NA                        ; --            ; --          ; tb_sad         ;
; EDA_NATIVELINK_SIMULATION_TEST_BENCH ; tb_sad                    ; --            ; --          ; eda_simulation ;
; EDA_OUTPUT_DATA_FORMAT               ; Verilog Hdl               ; --            ; --          ; eda_simulation ;
; EDA_SIMULATION_TOOL                  ; ModelSim-Altera (Verilog) ; <None>        ; --          ; --             ;
; EDA_TEST_BENCH_ENABLE_STATUS         ; TEST_BENCH_MODE           ; --            ; --          ; eda_simulation ;
; EDA_TEST_BENCH_FILE                  ; tb_sad.v                  ; --            ; --          ; tb_sad         ;
; EDA_TEST_BENCH_MODULE_NAME           ; tb_sad                    ; --            ; --          ; tb_sad         ;
; EDA_TEST_BENCH_NAME                  ; tb_sad                    ; --            ; --          ; eda_simulation ;
; EDA_TIME_SCALE                       ; 1 ps                      ; --            ; --          ; eda_simulation ;
; PARTITION_COLOR                      ; 16764057                  ; --            ; --          ; Top            ;
; PARTITION_FITTER_PRESERVATION_LEVEL  ; PLACEMENT_AND_ROUTING     ; --            ; --          ; Top            ;
; PARTITION_NETLIST_TYPE               ; SOURCE                    ; --            ; --          ; Top            ;
; PROJECT_OUTPUT_DIRECTORY             ; output_files              ; --            ; --          ; --             ;
+--------------------------------------+---------------------------+---------------+-------------+----------------+


+-------------------------------------------------------------------------------------------------------------------------------+
; Flow Elapsed Time                                                                                                             ;
+---------------------------+--------------+-------------------------+---------------------+------------------------------------+
; Module Name               ; Elapsed Time ; Average Processors Used ; Peak Virtual Memory ; Total CPU Time (on all processors) ;
+---------------------------+--------------+-------------------------+---------------------+------------------------------------+
; Analysis & Synthesis      ; 00:00:00     ; 1.0                     ; 390 MB              ; 00:00:01                           ;
; Fitter                    ; 00:00:04     ; 1.0                     ; 617 MB              ; 00:00:04                           ;
; Assembler                 ; 00:00:01     ; 1.0                     ; 397 MB              ; 00:00:01                           ;
; TimeQuest Timing Analyzer ; 00:00:01     ; 1.0                     ; 407 MB              ; 00:00:01                           ;
; EDA Netlist Writer        ; 00:00:01     ; 1.0                     ; 360 MB              ; 00:00:00                           ;
; Total                     ; 00:00:07     ; --                      ; --                  ; 00:00:07                           ;
+---------------------------+--------------+-------------------------+---------------------+------------------------------------+


+--------------------------------------------------------------------------------------------------+
; Flow OS Summary                                                                                  ;
+---------------------------+-------------------------+-------------+-------------+----------------+
; Module Name               ; Machine Hostname        ; OS Name     ; OS Version  ; Processor type ;
+---------------------------+-------------------------+-------------+-------------+----------------+
; Analysis & Synthesis      ; cadmicro-inf-el8-623207 ; Rocky Linux ; Rocky Linux ; x86_64         ;
; Fitter                    ; cadmicro-inf-el8-623207 ; Rocky Linux ; Rocky Linux ; x86_64         ;
; Assembler                 ; cadmicro-inf-el8-623207 ; Rocky Linux ; Rocky Linux ; x86_64         ;
; TimeQuest Timing Analyzer ; cadmicro-inf-el8-623207 ; Rocky Linux ; Rocky Linux ; x86_64         ;
; EDA Netlist Writer        ; cadmicro-inf-el8-623207 ; Rocky Linux ; Rocky Linux ; x86_64         ;
+---------------------------+-------------------------+-------------+-------------+----------------+


------------
; Flow Log ;
------------
quartus_map --read_settings_files=on --write_settings_files=off SAD -c SAD
quartus_fit --read_settings_files=off --write_settings_files=off SAD -c SAD
quartus_asm --read_settings_files=off --write_settings_files=off SAD -c SAD
quartus_sta SAD -c SAD
quartus_eda --read_settings_files=off --write_settings_files=off SAD -c SAD



