============================================================
  Generated by:           Genus(TM) Synthesis Solution 23.12-s086_1
  Generated on:           Jan 27 2025  02:58:46 pm
  Module:                 alu
  Technology libraries:   fast_vdd1v2 1.0
                          physical_cells 
                          fast_vdd1v2 1.0
                          physical_cells 
  Operating conditions:   PVT_1P32V_0C 
  Interconnect mode:      global
  Area mode:              physical library
============================================================

                                 
    Gate      Instances   Area       Library    
------------------------------------------------
ADDFX1LVT            15   76.950    fast_vdd1v2 
ADDHX1LVT             1    3.762    fast_vdd1v2 
AND2X1LVT             1    1.368    fast_vdd1v2 
AND3XLLVT             1    2.052    fast_vdd1v2 
AO21X1LVT             5   11.970    fast_vdd1v2 
AOI21X1LVT            1    1.710    fast_vdd1v2 
AOI221X1LVT          11   26.334    fast_vdd1v2 
AOI22X1LVT            5   10.260    fast_vdd1v2 
CLKXOR2X1LVT          1    2.736    fast_vdd1v2 
DFFRHQX1LVT          54  332.424    fast_vdd1v2 
DFFRX1LVT             2   13.680    fast_vdd1v2 
INVX1LVT              3    2.052    fast_vdd1v2 
INVXLLVT              1    0.684    fast_vdd1v2 
MX2X1LVT             14   33.516    fast_vdd1v2 
NAND2BX1LVT           1    1.368    fast_vdd1v2 
NAND2X1LVT            8    8.208    fast_vdd1v2 
NOR2BX1LVT            2    2.736    fast_vdd1v2 
NOR2X1LVT             5    5.130    fast_vdd1v2 
OAI211X1LVT           5    8.550    fast_vdd1v2 
OAI21X1LVT            1    1.710    fast_vdd1v2 
OAI2BB1X1LVT         24   41.040    fast_vdd1v2 
OAI31X1LVT            1    2.052    fast_vdd1v2 
OAI32X1LVT           10   23.940    fast_vdd1v2 
OR2X1LVT              1    1.368    fast_vdd1v2 
XNOR2X1LVT           27   64.638    fast_vdd1v2 
------------------------------------------------
total               200  680.238                


                                        
     Type      Instances   Area  Area % 
----------------------------------------
sequential            56 346.104   50.9 
inverter               4   2.736    0.4 
logic                140 331.398   48.7 
physical_cells         0   0.000    0.0 
----------------------------------------
total                200 680.238  100.0 

