============================================================
  Generated by:           Genus(TM) Synthesis Solution 23.12-s086_1
  Generated on:           Apr 14 2025  04:08:31 pm
  Module:                 ladner_fischer_32bits
  Operating conditions:   tt_025C_1v80 
  Interconnect mode:      global
  Area mode:              physical library
============================================================


Path 1: MET (0 ps) Path Delay Check
     Startpoint: (F) A[11]
       Endpoint: (F) S[19]

                   Capture    Launch  
      Path Delay:+    1390         -  
      Drv Adjust:+       0         0  
         Arrival:=    1390            
                                      
   Required Time:=    1390            
       Data Path:-    1390            
           Slack:=       0            

Exceptions/Constraints:
  max_delay             1390            constraints.sdc_line_1 

#--------------------------------------------------------------------------------------------------------
# Timing Point   Flags    Arc   Edge           Cell             Fanout Load Trans Delay Arrival Instance 
#                                                                      (fF)  (ps)  (ps)   (ps)  Location 
#--------------------------------------------------------------------------------------------------------
  A[11]          -       -      F     (arrival)                      1 10.8  1000     0       0    (-,-) 
  g6812/Y        -       A->Y   R     sky130_fd_sc_hd__clkinv_4      3  8.9   152   212     212    (-,-) 
  g7412/Y        -       A_N->Y R     sky130_fd_sc_hd__nand2b_1      1  3.7    69   129     342    (-,-) 
  g7138/Y        -       B->Y   F     sky130_fd_sc_hd__nand2_1       2  6.3    57    73     415    (-,-) 
  g7141/Y        -       D->Y   R     sky130_fd_sc_hd__nand4_1       1  5.9   102   108     523    (-,-) 
  g6480/Y        -       A->Y   F     sky130_fd_sc_hd__inv_2         4 16.1    50    69     592    (-,-) 
  g102/Y         -       B->Y   R     sky130_fd_sc_hd__nand3_2       1  6.8    64    78     670    (-,-) 
  g101/Y         -       A->Y   F     sky130_fd_sc_hd__clkinv_2      3 13.3    59    76     746    (-,-) 
  g98/Y          -       A->Y   R     sky130_fd_sc_hd__nand2_2       3 12.7    84    89     834    (-,-) 
  g41/Y          -       A->Y   F     sky130_fd_sc_hd__nand3_2       3 11.3    89    95     929    (-,-) 
  g36/Y          -       A->Y   R     sky130_fd_sc_hd__nand2_1       1  5.9    71    92    1022    (-,-) 
  g35/Y          -       A->Y   F     sky130_fd_sc_hd__nand2_2       4 14.1    67    78    1100    (-,-) 
  g7337/Y        -       A->Y   R     sky130_fd_sc_hd__nand2_1       1 10.2   109   110    1210    (-,-) 
  g7335/Y        -       B->Y   F     sky130_fd_sc_hd__nand3_4       1 51.3   183   180    1390    (-,-) 
  S[19]          <<<     -      F     (port)                         -    -     -     0    1390    (-,-) 
#--------------------------------------------------------------------------------------------------------

