###############################################################
#  Generated by:      Cadence Innovus 23.32-s091_1
#  OS:                Linux x86_64(Host ID cadmicro-inf-el8-623207)
#  Generated on:      Fri Apr 11 15:53:00 2025
#  Design:            ladner_fischer_32bits
#  Command:           report_timing > reports/report_timing.rpt
###############################################################
Path 1: VIOLATED Path Delay Check
Endpoint:   S[29] (^)
Beginpoint: A[0]  (v) triggered by  leading edge of '@'
Path Groups: {default}
Analysis View: default_emulate_view
- External Delay                0.000
+ Path Delay                    1.932
= Required Time                 1.932
- Arrival Time                  1.944
= Slack Time                   -0.012
     Clock Rise Edge                      0.000
     + Input Delay                        0.000
     = Beginpoint Arrival Time            0.000
     +------------------------------------------------------------------------------------------------------------+ 
     |             Instance              |      Arc      |           Cell            | Delay | Arrival | Required | 
     |                                   |               |                           |       |  Time   |   Time   | 
     |-----------------------------------+---------------+---------------------------+-------+---------+----------| 
     |                                   | A[0] v        |                           |       |   0.000 |   -0.012 | 
     | GENERATE_PROPAGATE[0].GENERATE/g2 | B v -> X v    | sky130_fd_sc_hd__and2_4   | 0.542 |   0.542 |    0.530 | 
     | LEVEL_1[1].B1/GENERATE/g3__7098   | B v -> Y ^    | sky130_fd_sc_hd__nand2_4  | 0.080 |   0.622 |    0.610 | 
     | LEVEL_1[1].B1/GENERATE/g2__8246   | B ^ -> Y v    | sky130_fd_sc_hd__nand2b_4 | 0.072 |   0.694 |    0.683 | 
     | LEVEL_2[3].B2/GENERATE/g14__4733  | A v -> Y ^    | sky130_fd_sc_hd__nand2_4  | 0.071 |   0.765 |    0.753 | 
     | LEVEL_2[3].B2/GENERATE/g13__7482  | B ^ -> Y v    | sky130_fd_sc_hd__nand2b_4 | 0.074 |   0.839 |    0.827 | 
     | LEVEL_3[7].B3/GENERATE/g14__8246  | A v -> Y ^    | sky130_fd_sc_hd__nand2_4  | 0.069 |   0.908 |    0.896 | 
     | LEVEL_3[7].B3/GENERATE/g13__5122  | A ^ -> Y v    | sky130_fd_sc_hd__nand2_4  | 0.078 |   0.986 |    0.975 | 
     | LEVEL_4[31].B6/GENERATE/g14__9315 | A v -> Y ^    | sky130_fd_sc_hd__nand2_4  | 0.072 |   1.058 |    1.046 | 
     | LEVEL_4[31].B6/GENERATE/g13__6161 | A ^ -> Y v    | sky130_fd_sc_hd__nand2_4  | 0.086 |   1.144 |    1.133 | 
     | LEVEL_5[27].B7/GENERATE/g13__1617 | A1 v -> X v   | sky130_fd_sc_hd__a21o_1   | 0.188 |   1.332 |    1.321 | 
     | LEVEL_6[28].B8/GENERATE/g20__4733 | A v -> Y ^    | sky130_fd_sc_hd__nand2_1  | 0.059 |   1.391 |    1.380 | 
     | LEVEL_6[28].B8/GENERATE/g19__7482 | B ^ -> Y v    | sky130_fd_sc_hd__nand2b_1 | 0.059 |   1.450 |    1.438 | 
     | C28/g19__2398                     | B1 v -> X v   | sky130_fd_sc_hd__a21o_1   | 0.183 |   1.633 |    1.621 | 
     | S29/g10__1666                     | A2_N v -> X ^ | sky130_fd_sc_hd__a2bb2o_4 | 0.309 |   1.942 |    1.931 | 
     |                                   | S[29] ^       |                           | 0.002 |   1.944 |    1.932 | 
     +------------------------------------------------------------------------------------------------------------+ 

