============================================================
  Generated by:           Genus(TM) Synthesis Solution 23.12-s086_1
  Generated on:           Apr 14 2025  12:55:40 pm
  Module:                 signal_32bits
  Operating conditions:   tt_025C_1v80 
  Interconnect mode:      global
  Area mode:              physical library
============================================================


Path 1: MET (12 ps) Path Delay Check
     Startpoint: (F) A[0]
       Endpoint: (R) S[31]

                   Capture    Launch  
      Path Delay:+   12300         -  
      Drv Adjust:+       0         0  
         Arrival:=   12300            
                                      
   Required Time:=   12300            
       Data Path:-   12288            
           Slack:=      12            

Exceptions/Constraints:
  max_delay            12300            constraints.sdc_line_1 

#-----------------------------------------------------------------------------------------------------------------------------
#          Timing Point           Flags     Arc     Edge            Cell             Fanout Load Trans Delay Arrival Instance 
#                                                                                           (fF)  (ps)  (ps)   (ps)  Location 
#-----------------------------------------------------------------------------------------------------------------------------
  A[0]                            -       -         F     (arrival)                       3 11.3  1000     0       0    (-,-) 
  addinc_add_7_30_g823__4733/Y    -       A->Y      R     sky130_fd_sc_hd__nor2_1         1  3.9   235   336     336    (-,-) 
  g834/Y                          -       A2_N->Y   R     sky130_fd_sc_hd__a2bb2oi_1      1  6.3   277   227     563    (-,-) 
  g836/COUT                       -       CIN->COUT F     sky130_fd_sc_hd__fahcin_1       2  8.4   145   182     744    (-,-) 
  g837/X                          -       A1->X     F     sky130_fd_sc_hd__a21bo_1        2  8.4    60   228     972    (-,-) 
  g835/X                          -       A1->X     F     sky130_fd_sc_hd__a21o_1         2  8.4    58   182    1154    (-,-) 
  g2/X                            -       A1->X     F     sky130_fd_sc_hd__a21o_1         1  3.6    38   160    1314    (-,-) 
  addinc_add_7_30_g798__6417/COUT -       CI->COUT  F     sky130_fd_sc_hd__fah_1          1  5.8    73   253    1567    (-,-) 
  addinc_add_7_30_g797__7410/COUT -       CIN->COUT F     sky130_fd_sc_hd__fa_1           1  5.8    96   388    1955    (-,-) 
  addinc_add_7_30_g796__1666/COUT -       CIN->COUT F     sky130_fd_sc_hd__fa_1           1  5.8    96   396    2351    (-,-) 
  addinc_add_7_30_g795__2346/COUT -       CIN->COUT F     sky130_fd_sc_hd__fa_1           1  5.8    96   396    2748    (-,-) 
  addinc_add_7_30_g794__2883/COUT -       CIN->COUT F     sky130_fd_sc_hd__fa_1           1  5.8    96   396    3144    (-,-) 
  addinc_add_7_30_g793__9945/COUT -       CIN->COUT F     sky130_fd_sc_hd__fa_1           1  5.8    96   396    3540    (-,-) 
  addinc_add_7_30_g792__9315/COUT -       CIN->COUT F     sky130_fd_sc_hd__fa_1           1  5.8    96   396    3936    (-,-) 
  addinc_add_7_30_g791__6161/COUT -       CIN->COUT F     sky130_fd_sc_hd__fa_1           1  5.8    96   396    4333    (-,-) 
  addinc_add_7_30_g790__4733/COUT -       CIN->COUT F     sky130_fd_sc_hd__fa_1           1  5.8    96   396    4729    (-,-) 
  addinc_add_7_30_g789__7482/COUT -       CIN->COUT F     sky130_fd_sc_hd__fa_1           1  5.8    96   396    5125    (-,-) 
  addinc_add_7_30_g788__5115/COUT -       CIN->COUT F     sky130_fd_sc_hd__fa_1           1  5.8    96   396    5522    (-,-) 
  addinc_add_7_30_g787__1881/COUT -       CIN->COUT F     sky130_fd_sc_hd__fa_1           1  5.8    96   396    5918    (-,-) 
  addinc_add_7_30_g786__6131/COUT -       CIN->COUT F     sky130_fd_sc_hd__fa_1           1  5.8    96   396    6314    (-,-) 
  addinc_add_7_30_g785__7098/COUT -       CIN->COUT F     sky130_fd_sc_hd__fa_1           1  5.8    96   396    6710    (-,-) 
  addinc_add_7_30_g784__8246/COUT -       CIN->COUT F     sky130_fd_sc_hd__fa_1           1  5.8    96   396    7107    (-,-) 
  addinc_add_7_30_g783__5122/COUT -       CIN->COUT F     sky130_fd_sc_hd__fa_1           1  5.8    96   396    7503    (-,-) 
  addinc_add_7_30_g782__1705/COUT -       CIN->COUT F     sky130_fd_sc_hd__fa_1           1  5.8    96   396    7899    (-,-) 
  addinc_add_7_30_g781__2802/COUT -       CIN->COUT F     sky130_fd_sc_hd__fa_1           1  5.8    96   396    8296    (-,-) 
  addinc_add_7_30_g780__1617/COUT -       CIN->COUT F     sky130_fd_sc_hd__fa_1           1  5.8    96   396    8692    (-,-) 
  addinc_add_7_30_g779__3680/COUT -       CIN->COUT F     sky130_fd_sc_hd__fa_1           1  5.8    96   396    9088    (-,-) 
  addinc_add_7_30_g778__6783/COUT -       CIN->COUT F     sky130_fd_sc_hd__fa_1           1  5.8    96   396    9485    (-,-) 
  addinc_add_7_30_g777__5526/COUT -       CIN->COUT F     sky130_fd_sc_hd__fa_1           1  5.8    96   396    9881    (-,-) 
  addinc_add_7_30_g776__8428/COUT -       CIN->COUT F     sky130_fd_sc_hd__fa_1           1  5.8    96   396   10277    (-,-) 
  addinc_add_7_30_g775__4319/COUT -       CIN->COUT F     sky130_fd_sc_hd__fa_1           1  5.8    96   396   10674    (-,-) 
  addinc_add_7_30_g774__6260/COUT -       CIN->COUT F     sky130_fd_sc_hd__fa_1           1  5.8    96   396   11070    (-,-) 
  addinc_add_7_30_g773__5107/COUT -       CIN->COUT F     sky130_fd_sc_hd__fa_1           1  5.8    96   396   11466    (-,-) 
  addinc_add_7_30_g772__2398/SUM  -       CIN->SUM  R     sky130_fd_sc_hd__fa_1           1 51.3   506   822   12288    (-,-) 
  S[31]                           <<<     -         R     (port)                          -    -     -     0   12288    (-,-) 
#-----------------------------------------------------------------------------------------------------------------------------

