============================================================
  Generated by:           Genus(TM) Synthesis Solution 23.12-s086_1
  Generated on:           Apr 11 2025  02:27:36 pm
  Module:                 cla_16bits
  Operating conditions:   tt_025C_1v80 
  Interconnect mode:      global
  Area mode:              physical library
============================================================

Timing
-------
  Cost    Critical           Violating 
 Group   Path Slack   TNS      Paths   
---------------------------------------
default       -10.4   -20.7          5 
---------------------------------------
Total                 -20.7          5 

Instance Count
--------------
Leaf Instance Count             328 
Physical Instance count           0 
Sequential Instance Count         0 
Combinational Instance Count    328 
Hierarchical Instance Count      72 

Area
----
Cell Area                          2051.968
Physical Cell Area                 0.000
Total Cell Area (Cell+Physical)    2051.968
Net Area                           1580.614
Total Area (Cell+Physical+Net)     3632.582

Max Fanout                         11 (n_7)
Min Fanout                         1 (C[0])
Average Fanout                     1.6
Terms to net ratio                 2.4709
Terms to instance ratio            2.7195
Runtime                            21.89031 seconds
Elapsed Runtime                    22 seconds
Genus peak memory usage            1898.75 
Innovus peak memory usage          no_value 
Hostname                           cadmicro-inf-el8-623207
