============================================================
  Generated by:           Genus(TM) Synthesis Solution 23.12-s086_1
  Generated on:           Apr 14 2025  02:25:48 pm
  Module:                 signal_32bits
  Operating conditions:   tt_025C_1v80 
  Interconnect mode:      global
  Area mode:              physical library
============================================================


Path 1: MET (1 ps) Path Delay Check
     Startpoint: (F) A[0]
       Endpoint: (R) S[31]

                   Capture    Launch  
      Path Delay:+    5500         -  
      Drv Adjust:+       0         0  
         Arrival:=    5500            
                                      
   Required Time:=    5500            
       Data Path:-    5499            
           Slack:=       1            

Exceptions/Constraints:
  max_delay             5500            constraints.sdc_line_1 

#-----------------------------------------------------------------------------------------------------------------------------
#          Timing Point            Flags     Arc     Edge           Cell             Fanout Load Trans Delay Arrival Instance 
#                                                                                           (fF)  (ps)  (ps)   (ps)  Location 
#-----------------------------------------------------------------------------------------------------------------------------
  A[0]                             -       -         F     (arrival)                      1  3.3  1000     0       0    (-,-) 
  g14/X                            -       A->X      F     sky130_fd_sc_hd__clkbuf_1      1  6.1    64   328     328    (-,-) 
  addinc_add_7_30_g2555/Y          -       A->Y      R     sky130_fd_sc_hd__clkinv_2      3 12.0    52    69     397    (-,-) 
  addinc_add_7_30_g2495__2346/Y    -       A->Y      F     sky130_fd_sc_hd__nand2_2       1  5.6    35    48     445    (-,-) 
  addinc_add_7_30_g2457__1881/Y    -       A1->Y     R     sky130_fd_sc_hd__a21oi_2       2  9.0   236   153     598    (-,-) 
  addinc_add_7_30_g2450__2802/Y    -       A2->Y     F     sky130_fd_sc_hd__o21ai_2       2  8.4    81    97     695    (-,-) 
  addinc_add_7_30_g2449__1617/Y    -       A->Y      R     sky130_fd_sc_hd__nand2_1       1  3.7    53    75     770    (-,-) 
  addinc_add_7_30_g2447__6783/Y    -       A->Y      F     sky130_fd_sc_hd__nand2_1       2  8.4    69    76     846    (-,-) 
  addinc_add_7_30_g2446__5526/Y    -       A->Y      R     sky130_fd_sc_hd__nand2_1       1  3.7    56    70     916    (-,-) 
  addinc_add_7_30_g2444__4319/Y    -       A->Y      F     sky130_fd_sc_hd__nand2_1       2  8.4    87    77     993    (-,-) 
  addinc_add_7_30_g2443__6260/Y    -       A->Y      R     sky130_fd_sc_hd__nand2_1       1  3.7    56    77    1070    (-,-) 
  addinc_add_7_30_g2441__2398/Y    -       A->Y      F     sky130_fd_sc_hd__nand2_1       2  8.4    87    77    1147    (-,-) 
  addinc_add_7_30_g2440__5477/Y    -       A->Y      R     sky130_fd_sc_hd__nand2_1       1  3.7    53    77    1224    (-,-) 
  addinc_add_7_30_g2438__7410/Y    -       A->Y      F     sky130_fd_sc_hd__nand2_1       2  8.4    69    76    1300    (-,-) 
  addinc_add_7_30_g2437__1666/Y    -       A->Y      R     sky130_fd_sc_hd__nand2_1       1  3.7    53    70    1370    (-,-) 
  addinc_add_7_30_g2435__2883/Y    -       A->Y      F     sky130_fd_sc_hd__nand2_1       1  3.6    38    51    1421    (-,-) 
  addinc_add_7_30_g2434__9945/COUT -       CI->COUT  F     sky130_fd_sc_hd__fah_1         3 13.3   102   294    1715    (-,-) 
  addinc_add_7_30_g2431__4733/Y    -       A1->Y     R     sky130_fd_sc_hd__a31oi_2       2  9.0   191   190    1905    (-,-) 
  addinc_add_7_30_g2428__1881/Y    -       A2->Y     F     sky130_fd_sc_hd__o21ai_1       2  8.4    87   119    2024    (-,-) 
  addinc_add_7_30_g2427__6131/Y    -       A->Y      R     sky130_fd_sc_hd__nand2_1       1  3.7    56    78    2101    (-,-) 
  addinc_add_7_30_g2425__8246/Y    -       A->Y      F     sky130_fd_sc_hd__nand2_1       2  8.4    87    77    2178    (-,-) 
  addinc_add_7_30_g2424__5122/Y    -       A->Y      R     sky130_fd_sc_hd__nand2_1       1  3.7    56    77    2256    (-,-) 
  addinc_add_7_30_g2422__2802/Y    -       A->Y      F     sky130_fd_sc_hd__nand2_1       2  8.4    87    77    2332    (-,-) 
  addinc_add_7_30_g2421__1617/Y    -       A->Y      R     sky130_fd_sc_hd__nand2_1       1  3.7    56    77    2410    (-,-) 
  addinc_add_7_30_g2419__6783/Y    -       A->Y      F     sky130_fd_sc_hd__nand2_1       2  8.3    86    76    2486    (-,-) 
  addinc_add_7_30_g2418/Y          -       A->Y      R     sky130_fd_sc_hd__inv_1         1  3.9    50    72    2558    (-,-) 
  addinc_add_7_30_g2416__8428/Y    -       A2->Y     F     sky130_fd_sc_hd__o21ai_1       1  6.3    94    72    2630    (-,-) 
  addinc_add_7_30_g2415__4319/COUT -       CIN->COUT F     sky130_fd_sc_hd__fa_2          4 15.9   109   396    3025    (-,-) 
  addinc_add_7_30_g2411__5477/Y    -       A1->Y     R     sky130_fd_sc_hd__a41oi_2       3 11.0   220   211    3236    (-,-) 
  addinc_add_7_30_g2408__1666/Y    -       A_N->Y    R     sky130_fd_sc_hd__nand2b_1      2  5.9    80   158    3394    (-,-) 
  addinc_add_7_30_g2402__4733/X    -       A3->X     R     sky130_fd_sc_hd__o311a_1       3 11.1   127   203    3597    (-,-) 
  addinc_add_7_30_g2392__1617/X    -       A4->X     R     sky130_fd_sc_hd__o41a_1        2  9.0   115   182    3779    (-,-) 
  addinc_add_7_30_g2389__5526/Y    -       A2->Y     F     sky130_fd_sc_hd__o21ai_1       2  9.3   115   106    3885    (-,-) 
  addinc_add_7_30_g2388/Y          -       A->Y      R     sky130_fd_sc_hd__clkinv_1      1  3.9    46    72    3958    (-,-) 
  addinc_add_7_30_g2386__4319/Y    -       A2->Y     F     sky130_fd_sc_hd__o21ai_1       1  6.3    97    70    4028    (-,-) 
  addinc_add_7_30_g2385__6260/COUT -       CIN->COUT F     sky130_fd_sc_hd__fa_2          1  5.8    81   354    4382    (-,-) 
  addinc_add_7_30_g2384__5107/COUT -       CIN->COUT F     sky130_fd_sc_hd__fa_1          1  6.3    99   395    4777    (-,-) 
  addinc_add_7_30_g2383__2398/SUM  -       CIN->SUM  R     sky130_fd_sc_hd__fa_2          1 51.3   291   722    5499    (-,-) 
  S[31]                            <<<     -         R     (port)                         -    -     -     0    5499    (-,-) 
#-----------------------------------------------------------------------------------------------------------------------------

