Hinst Name                        Module Name          Inst Count           Total Area               Buffer             Inverter        Combinational                 Flop                Latch           Clock Gate                Macro             Physical
-----------------------------------------------------------------------------------------------------------------------------------------------------------------------------------------------------------------------------------------------------------------------
cla_32bits                                                    791             4230.307               22.522              279.018             2578.723                0.000                0.000                0.000                0.000             1350.045
  B10                             bolinha                       2               13.763                0.000                0.000               13.763                0.000                0.000                0.000                0.000                0.000
    B10/GENERATE                  generate_ij                   1                7.507                0.000                0.000                7.507                0.000                0.000                0.000                0.000                0.000
    B10/PROPAGATE                 propagate_ij                  1                6.256                0.000                0.000                6.256                0.000                0.000                0.000                0.000                0.000
  C0                              carry                         1                7.507                0.000                0.000                7.507                0.000                0.000                0.000                0.000                0.000
  C1                              carry_202                     1                7.507                0.000                0.000                7.507                0.000                0.000                0.000                0.000                0.000
  C10                             carry_193                     1                7.507                0.000                0.000                7.507                0.000                0.000                0.000                0.000                0.000
  C11                             carry_192                     1                7.507                0.000                0.000                7.507                0.000                0.000                0.000                0.000                0.000
  C12                             carry_191                     1                7.507                0.000                0.000                7.507                0.000                0.000                0.000                0.000                0.000
  C13                             carry_190                     1                7.507                0.000                0.000                7.507                0.000                0.000                0.000                0.000                0.000
  C14                             carry_189                     1                7.507                0.000                0.000                7.507                0.000                0.000                0.000                0.000                0.000
  C15                             carry_188                     1                7.507                0.000                0.000                7.507                0.000                0.000                0.000                0.000                0.000
  C16                             carry_187                     1                7.507                0.000                0.000                7.507                0.000                0.000                0.000                0.000                0.000
  C17                             carry_186                     1                7.507                0.000                0.000                7.507                0.000                0.000                0.000                0.000                0.000
  C18                             carry_185                     1                7.507                0.000                0.000                7.507                0.000                0.000                0.000                0.000                0.000
  C19                             carry_184                     1                7.507                0.000                0.000                7.507                0.000                0.000                0.000                0.000                0.000
  C2                              carry_201                     1                7.507                0.000                0.000                7.507                0.000                0.000                0.000                0.000                0.000
  C20                             carry_183                     1                7.507                0.000                0.000                7.507                0.000                0.000                0.000                0.000                0.000
  C21                             carry_182                     1                7.507                0.000                0.000                7.507                0.000                0.000                0.000                0.000                0.000
  C22                             carry_181                     3               13.763                0.000                3.754               10.010                0.000                0.000                0.000                0.000                0.000
  C23                             carry_180                     1                7.507                0.000                0.000                7.507                0.000                0.000                0.000                0.000                0.000
  C24                             carry_179                     1                7.507                0.000                0.000                7.507                0.000                0.000                0.000                0.000                0.000
  C25                             carry_178                     3               20.019                0.000                5.005               15.014                0.000                0.000                0.000                0.000                0.000
  C26                             carry_177                     3               15.014                0.000                5.005               10.010                0.000                0.000                0.000                0.000                0.000
  C27                             carry_176                     1                7.507                0.000                0.000                7.507                0.000                0.000                0.000                0.000                0.000
  C28                             carry_175                     2               17.517                0.000                0.000               17.517                0.000                0.000                0.000                0.000                0.000
  C29                             carry_174                     3               13.763                0.000                3.754               10.010                0.000                0.000                0.000                0.000                0.000
  C3                              carry_200                     1                7.507                0.000                0.000                7.507                0.000                0.000                0.000                0.000                0.000
  C30                             carry_173                     3               13.763                0.000                3.754               10.010                0.000                0.000                0.000                0.000                0.000
  C31                             carry_172                     3               18.768                0.000                3.754               15.014                0.000                0.000                0.000                0.000                0.000
  C4                              carry_199                     1                7.507                0.000                0.000                7.507                0.000                0.000                0.000                0.000                0.000
  C5                              carry_198                     1                7.507                0.000                0.000                7.507                0.000                0.000                0.000                0.000                0.000
  C6                              carry_197                     1                7.507                0.000                0.000                7.507                0.000                0.000                0.000                0.000                0.000
  C7                              carry_196                     1                7.507                0.000                0.000                7.507                0.000                0.000                0.000                0.000                0.000
  C8                              carry_195                     1                7.507                0.000                0.000                7.507                0.000                0.000                0.000                0.000                0.000
  C9                              carry_194                     1                7.507                0.000                0.000                7.507                0.000                0.000                0.000                0.000                0.000
  CLA1                            cla4x3                       12               86.333                0.000                3.754               82.579                0.000                0.000                0.000                0.000                0.000
  CLA10                           cla4x3_210                    8               71.318                0.000                0.000               71.318                0.000                0.000                0.000                0.000                0.000
  CLA11                           cla4x3_209                    8               46.294                0.000                0.000               46.294                0.000                0.000                0.000                0.000                0.000
  CLA12                           cla4x3_208                    6               41.290                0.000                0.000               41.290                0.000                0.000                0.000                0.000                0.000
  CLA13                           cla4x3_207                   12               95.091                0.000                3.754               91.338                0.000                0.000                0.000                0.000                0.000
  CLA14                           cla4x3_206                   13               75.072                0.000                7.507               67.565                0.000                0.000                0.000                0.000                0.000
  CLA15                           cla4x3_205                   10               53.802                0.000                7.507               46.294                0.000                0.000                0.000                0.000                0.000
  CLA16                           cla4x3_204                    9               48.797                0.000                0.000               48.797                0.000                0.000                0.000                0.000                0.000
  CLA17                           cla4x3_203                   13               75.072                0.000                7.507               67.565                0.000                0.000                0.000                0.000                0.000
  CLA2                            cla4x3_218                   10               61.309                3.754                3.754               53.802                0.000                0.000                0.000                0.000                0.000
  CLA3                            cla4x3_217                    9               61.309                0.000                3.754               57.555                0.000                0.000                0.000                0.000                0.000
  CLA4                            cla4x3_216                    9               65.062                0.000                3.754               61.309                0.000                0.000                0.000                0.000                0.000
  CLA5                            cla4x3_215                    6               48.797                0.000                0.000               48.797                0.000                0.000                0.000                0.000                0.000
  CLA6                            cla4x3_214                    6               48.797                0.000                0.000               48.797                0.000                0.000                0.000                0.000                0.000
  CLA7                            cla4x3_213                    6               48.797                0.000                0.000               48.797                0.000                0.000                0.000                0.000                0.000
  CLA8                            cla4x3_212                    4               27.526                0.000                0.000               27.526                0.000                0.000                0.000                0.000                0.000
  CLA9                            cla4x3_211                   11              103.850                0.000                0.000              103.850                0.000                0.000                0.000                0.000                0.000
  GENERATE_PROPAGATE[0].GENERATE  generate_i                    1                8.758                0.000                0.000                8.758                0.000                0.000                0.000                0.000                0.000
  GENERATE_PROPAGATE[0].PROPAGATE propagate_i                   5               26.275                0.000                7.507               18.768                0.000                0.000                0.000                0.000                0.000
  GENERATE_PROPAGATE[10].GENERATE generate_i_240                1                6.256                0.000                0.000                6.256                0.000                0.000                0.000                0.000                0.000
  GENERATE_PROPAGATE[10].PROPAGATE propagate_i_271               5               26.275                0.000                7.507               18.768                0.000                0.000                0.000                0.000                0.000
  GENERATE_PROPAGATE[11].GENERATE generate_i_239                1                6.256                0.000                0.000                6.256                0.000                0.000                0.000                0.000                0.000
  GENERATE_PROPAGATE[11].PROPAGATE propagate_i_270               5               21.270                0.000                7.507               13.763                0.000                0.000                0.000                0.000                0.000
  GENERATE_PROPAGATE[12].GENERATE generate_i_238                1                8.758                0.000                0.000                8.758                0.000                0.000                0.000                0.000                0.000
  GENERATE_PROPAGATE[12].PROPAGATE propagate_i_269               1               27.526                0.000                0.000               27.526                0.000                0.000                0.000                0.000                0.000
  GENERATE_PROPAGATE[13].GENERATE generate_i_237                1                6.256                0.000                0.000                6.256                0.000                0.000                0.000                0.000                0.000
  GENERATE_PROPAGATE[13].PROPAGATE propagate_i_268               5               21.270                0.000                7.507               13.763                0.000                0.000                0.000                0.000                0.000
  GENERATE_PROPAGATE[14].GENERATE generate_i_236                1                6.256                0.000                0.000                6.256                0.000                0.000                0.000                0.000                0.000
  GENERATE_PROPAGATE[14].PROPAGATE propagate_i_267               5               26.275                0.000                7.507               18.768                0.000                0.000                0.000                0.000                0.000
  GENERATE_PROPAGATE[15].GENERATE generate_i_235                1                6.256                0.000                0.000                6.256                0.000                0.000                0.000                0.000                0.000
  GENERATE_PROPAGATE[15].PROPAGATE propagate_i_266               5               26.275                0.000                7.507               18.768                0.000                0.000                0.000                0.000                0.000
  GENERATE_PROPAGATE[16].GENERATE generate_i_234                1                6.256                0.000                0.000                6.256                0.000                0.000                0.000                0.000                0.000
  GENERATE_PROPAGATE[16].PROPAGATE propagate_i_265               2               20.019                0.000                3.754               16.266                0.000                0.000                0.000                0.000                0.000
  GENERATE_PROPAGATE[17].GENERATE generate_i_233                1                6.256                0.000                0.000                6.256                0.000                0.000                0.000                0.000                0.000
  GENERATE_PROPAGATE[17].PROPAGATE propagate_i_264               4               27.526                0.000                3.754               23.773                0.000                0.000                0.000                0.000                0.000
  GENERATE_PROPAGATE[18].GENERATE generate_i_232                1                6.256                0.000                0.000                6.256                0.000                0.000                0.000                0.000                0.000
  GENERATE_PROPAGATE[18].PROPAGATE propagate_i_263               1                8.758                0.000                0.000                8.758                0.000                0.000                0.000                0.000                0.000
  GENERATE_PROPAGATE[19].GENERATE generate_i_231                1                6.256                0.000                0.000                6.256                0.000                0.000                0.000                0.000                0.000
  GENERATE_PROPAGATE[19].PROPAGATE propagate_i_262               1                8.758                0.000                0.000                8.758                0.000                0.000                0.000                0.000                0.000
  GENERATE_PROPAGATE[1].GENERATE  generate_i_249                1                6.256                0.000                0.000                6.256                0.000                0.000                0.000                0.000                0.000
  GENERATE_PROPAGATE[1].PROPAGATE propagate_i_280               5               21.270                0.000                7.507               13.763                0.000                0.000                0.000                0.000                0.000
  GENERATE_PROPAGATE[20].GENERATE generate_i_230                1                6.256                0.000                0.000                6.256                0.000                0.000                0.000                0.000                0.000
  GENERATE_PROPAGATE[20].PROPAGATE propagate_i_261               2               20.019                0.000                3.754               16.266                0.000                0.000                0.000                0.000                0.000
  GENERATE_PROPAGATE[21].GENERATE generate_i_229                1                6.256                0.000                0.000                6.256                0.000                0.000                0.000                0.000                0.000
  GENERATE_PROPAGATE[21].PROPAGATE propagate_i_260               1               16.266                0.000                0.000               16.266                0.000                0.000                0.000                0.000                0.000
  GENERATE_PROPAGATE[22].GENERATE generate_i_228                1                6.256                0.000                0.000                6.256                0.000                0.000                0.000                0.000                0.000
  GENERATE_PROPAGATE[22].PROPAGATE propagate_i_259               1                8.758                0.000                0.000                8.758                0.000                0.000                0.000                0.000                0.000
  GENERATE_PROPAGATE[23].GENERATE generate_i_227                1                6.256                0.000                0.000                6.256                0.000                0.000                0.000                0.000                0.000
  GENERATE_PROPAGATE[23].PROPAGATE propagate_i_258               1                8.758                0.000                0.000                8.758                0.000                0.000                0.000                0.000                0.000
  GENERATE_PROPAGATE[24].GENERATE generate_i_226                1                6.256                0.000                0.000                6.256                0.000                0.000                0.000                0.000                0.000
  GENERATE_PROPAGATE[24].PROPAGATE propagate_i_257               1               27.526                0.000                0.000               27.526                0.000                0.000                0.000                0.000                0.000
  GENERATE_PROPAGATE[25].GENERATE generate_i_225                1                6.256                0.000                0.000                6.256                0.000                0.000                0.000                0.000                0.000
  GENERATE_PROPAGATE[25].PROPAGATE propagate_i_256               2               20.019                0.000                3.754               16.266                0.000                0.000                0.000                0.000                0.000
  GENERATE_PROPAGATE[26].GENERATE generate_i_224                1                6.256                0.000                0.000                6.256                0.000                0.000                0.000                0.000                0.000
  GENERATE_PROPAGATE[26].PROPAGATE propagate_i_255               1               25.024                0.000                0.000               25.024                0.000                0.000                0.000                0.000                0.000
  GENERATE_PROPAGATE[27].GENERATE generate_i_223                1                6.256                0.000                0.000                6.256                0.000                0.000                0.000                0.000                0.000
  GENERATE_PROPAGATE[27].PROPAGATE propagate_i_254               1                8.758                0.000                0.000                8.758                0.000                0.000                0.000                0.000                0.000
  GENERATE_PROPAGATE[28].GENERATE generate_i_222                1                6.256                0.000                0.000                6.256                0.000                0.000                0.000                0.000                0.000
  GENERATE_PROPAGATE[28].PROPAGATE propagate_i_253               2               18.768                0.000                3.754               15.014                0.000                0.000                0.000                0.000                0.000
  GENERATE_PROPAGATE[29].GENERATE generate_i_221                1                6.256                0.000                0.000                6.256                0.000                0.000                0.000                0.000                0.000
  GENERATE_PROPAGATE[29].PROPAGATE propagate_i_252               1                8.758                0.000                0.000                8.758                0.000                0.000                0.000                0.000                0.000
  GENERATE_PROPAGATE[2].GENERATE  generate_i_248                3               11.261                0.000                7.507                3.754                0.000                0.000                0.000                0.000                0.000
  GENERATE_PROPAGATE[2].PROPAGATE propagate_i_279               5               21.270                0.000                7.507               13.763                0.000                0.000                0.000                0.000                0.000
  GENERATE_PROPAGATE[30].GENERATE generate_i_220                1                6.256                0.000                0.000                6.256                0.000                0.000                0.000                0.000                0.000
  GENERATE_PROPAGATE[30].PROPAGATE propagate_i_251               1                8.758                0.000                0.000                8.758                0.000                0.000                0.000                0.000                0.000
  GENERATE_PROPAGATE[31].GENERATE generate_i_219                1                6.256                0.000                0.000                6.256                0.000                0.000                0.000                0.000                0.000
  GENERATE_PROPAGATE[31].PROPAGATE propagate_i_250               1                8.758                0.000                0.000                8.758                0.000                0.000                0.000                0.000                0.000
  GENERATE_PROPAGATE[3].GENERATE  generate_i_247                1                6.256                0.000                0.000                6.256                0.000                0.000                0.000                0.000                0.000
  GENERATE_PROPAGATE[3].PROPAGATE propagate_i_278               5               21.270                0.000                7.507               13.763                0.000                0.000                0.000                0.000                0.000
  GENERATE_PROPAGATE[4].GENERATE  generate_i_246                1                6.256                0.000                0.000                6.256                0.000                0.000                0.000                0.000                0.000
  GENERATE_PROPAGATE[4].PROPAGATE propagate_i_277               5               23.773                0.000                7.507               16.266                0.000                0.000                0.000                0.000                0.000
  GENERATE_PROPAGATE[5].GENERATE  generate_i_245                1                6.256                0.000                0.000                6.256                0.000                0.000                0.000                0.000                0.000
  GENERATE_PROPAGATE[5].PROPAGATE propagate_i_276               5               21.270                0.000                7.507               13.763                0.000                0.000                0.000                0.000                0.000
  GENERATE_PROPAGATE[6].GENERATE  generate_i_244                1                6.256                0.000                0.000                6.256                0.000                0.000                0.000                0.000                0.000
  GENERATE_PROPAGATE[6].PROPAGATE propagate_i_275               5               26.275                0.000                7.507               18.768                0.000                0.000                0.000                0.000                0.000
  GENERATE_PROPAGATE[7].GENERATE  generate_i_243                1                6.256                0.000                0.000                6.256                0.000                0.000                0.000                0.000                0.000
  GENERATE_PROPAGATE[7].PROPAGATE propagate_i_274               5               21.270                0.000                7.507               13.763                0.000                0.000                0.000                0.000                0.000
  GENERATE_PROPAGATE[8].GENERATE  generate_i_242                1                6.256                0.000                0.000                6.256                0.000                0.000                0.000                0.000                0.000
  GENERATE_PROPAGATE[8].PROPAGATE propagate_i_273               1               27.526                0.000                0.000               27.526                0.000                0.000                0.000                0.000                0.000
  GENERATE_PROPAGATE[9].GENERATE  generate_i_241                1                6.256                0.000                0.000                6.256                0.000                0.000                0.000                0.000                0.000
  GENERATE_PROPAGATE[9].PROPAGATE propagate_i_272               5               21.270                0.000                7.507               13.763                0.000                0.000                0.000                0.000                0.000
  S0                              soutput                       1                8.758                0.000                0.000                8.758                0.000                0.000                0.000                0.000                0.000
  S1                              soutput_311                   1                8.758                0.000                0.000                8.758                0.000                0.000                0.000                0.000                0.000
  S10                             soutput_302                   2               15.014                0.000                3.754               11.261                0.000                0.000                0.000                0.000                0.000
  S11                             soutput_301                   4               25.024                0.000                3.754               21.270                0.000                0.000                0.000                0.000                0.000
  S12                             soutput_300                   1               12.512                0.000                0.000               12.512                0.000                0.000                0.000                0.000                0.000
  S13                             soutput_299                   2               15.014                0.000                3.754               11.261                0.000                0.000                0.000                0.000                0.000
  S14                             soutput_298                   2               18.768                0.000                3.754               15.014                0.000                0.000                0.000                0.000                0.000
  S15                             soutput_297                   4               27.526                0.000                3.754               23.773                0.000                0.000                0.000                0.000                0.000
  S16                             soutput_296                   1               12.512                0.000                0.000               12.512                0.000                0.000                0.000                0.000                0.000
  S17                             soutput_295                   1               15.014                0.000                0.000               15.014                0.000                0.000                0.000                0.000                0.000
  S18                             soutput_294                   2               15.014                0.000                3.754               11.261                0.000                0.000                0.000                0.000                0.000
  S19                             soutput_293                   4               25.024                0.000                3.754               21.270                0.000                0.000                0.000                0.000                0.000
  S2                              soutput_310                   1                8.758                0.000                0.000                8.758                0.000                0.000                0.000                0.000                0.000
  S20                             soutput_292                   2               15.014                0.000                3.754               11.261                0.000                0.000                0.000                0.000                0.000
  S21                             soutput_291                   2               15.014                0.000                3.754               11.261                0.000                0.000                0.000                0.000                0.000
  S22                             soutput_290                   4               20.019                0.000                3.754               16.266                0.000                0.000                0.000                0.000                0.000
  S23                             soutput_289                   4               45.043                0.000                5.005               40.038                0.000                0.000                0.000                0.000                0.000
  S24                             soutput_288                   2               15.014                0.000                3.754               11.261                0.000                0.000                0.000                0.000                0.000
  S25                             soutput_287                   4               25.024                0.000                3.754               21.270                0.000                0.000                0.000                0.000                0.000
  S26                             soutput_286                   4               48.797                0.000                3.754               45.043                0.000                0.000                0.000                0.000                0.000
  S27                             soutput_285                   4               43.792                0.000                3.754               40.038                0.000                0.000                0.000                0.000                0.000
  S28                             soutput_284                   2               15.014                0.000                3.754               11.261                0.000                0.000                0.000                0.000                0.000
  S29                             soutput_283                   4               27.526                0.000                3.754               23.773                0.000                0.000                0.000                0.000                0.000
  S3                              soutput_309                   1                8.758                0.000                0.000                8.758                0.000                0.000                0.000                0.000                0.000
  S30                             soutput_282                   4               30.029                0.000                3.754               26.275                0.000                0.000                0.000                0.000                0.000
  S31                             soutput_281                   5               46.294                0.000                8.758               37.536                0.000                0.000                0.000                0.000                0.000
  S4                              soutput_308                   1                8.758                0.000                0.000                8.758                0.000                0.000                0.000                0.000                0.000
  S5                              soutput_307                   1               16.266                0.000                0.000               16.266                0.000                0.000                0.000                0.000                0.000
  S6                              soutput_306                   1               12.512                0.000                0.000               12.512                0.000                0.000                0.000                0.000                0.000
  S7                              soutput_305                   1               25.024                0.000                0.000               25.024                0.000                0.000                0.000                0.000                0.000
  S8                              soutput_304                   1               12.512                0.000                0.000               12.512                0.000                0.000                0.000                0.000                0.000
  S9                              soutput_303                   2               15.014                0.000                3.754               11.261                0.000                0.000                0.000                0.000                0.000
