###############################################################
#  Generated by:      Cadence Innovus 23.32-s091_1
#  OS:                Linux x86_64(Host ID cadmicro-inf-el8-623207)
#  Generated on:      Fri Apr 11 14:23:18 2025
#  Design:            cla_32bits
#  Command:           report_timing > reports/report_timing.rpt
###############################################################
Path 1: MET Path Delay Check
Endpoint:   S[31] (^)
Beginpoint: A[4]  (v) triggered by  leading edge of '@'
Path Groups: {default}
Analysis View: default_emulate_view
- External Delay                0.000
+ Path Delay                    1.954
= Required Time                 1.954
- Arrival Time                  1.953
= Slack Time                    0.001
     Clock Rise Edge                      0.000
     + Input Delay                        0.000
     = Beginpoint Arrival Time            0.000
     +-----------------------------------------------------------------------------------------------------------------+ 
     |                Instance                 |     Arc      |           Cell            | Delay | Arrival | Required | 
     |                                         |              |                           |       |  Time   |   Time   | 
     |-----------------------------------------+--------------+---------------------------+-------+---------+----------| 
     |                                         | A[4] v       |                           |       |   0.000 |    0.001 | 
     | GENERATE_PROPAGATE[4].GENERATE/g2__2802 | B v -> X v   | sky130_fd_sc_hd__and2_1   | 0.546 |   0.546 |    0.547 | 
     | CLA2/g382__6783                         | A2 v -> Y ^  | sky130_fd_sc_hd__a21oi_2  | 0.189 |   0.734 |    0.736 | 
     | CLA2/g376__5107                         | A2 ^ -> Y v  | sky130_fd_sc_hd__o21ai_1  | 0.074 |   0.809 |    0.810 | 
     | CLA9/g2__2398                           | A_N v -> Y v | sky130_fd_sc_hd__nand2b_4 | 0.168 |   0.977 |    0.978 | 
     | CLA9/g359__2346                         | A v -> Y ^   | sky130_fd_sc_hd__nand2_4  | 0.070 |   1.047 |    1.048 | 
     | CLA9/g355__6161                         | A ^ -> Y v   | sky130_fd_sc_hd__nand2_4  | 0.056 |   1.103 |    1.104 | 
     | CLA13/g354__6783                        | A v -> Y ^   | sky130_fd_sc_hd__nand2_4  | 0.063 |   1.166 |    1.167 | 
     | CLA13/g352__8428                        | A ^ -> Y v   | sky130_fd_sc_hd__nand2_4  | 0.062 |   1.228 |    1.229 | 
     | CLA13/g349__5107                        | A v -> Y ^   | sky130_fd_sc_hd__nand2_2  | 0.058 |   1.286 |    1.287 | 
     | CLA13/g346__5477                        | A ^ -> Y v   | sky130_fd_sc_hd__nand2_2  | 0.057 |   1.342 |    1.344 | 
     | CLA17/g369__6161                        | A v -> Y ^   | sky130_fd_sc_hd__nand2_2  | 0.059 |   1.401 |    1.403 | 
     | CLA17/g367__7482                        | A ^ -> Y v   | sky130_fd_sc_hd__nand2_2  | 0.069 |   1.471 |    1.472 | 
     | CLA17/g364__6131                        | A v -> Y ^   | sky130_fd_sc_hd__nand2_2  | 0.061 |   1.531 |    1.533 | 
     | CLA17/g360__1705                        | A ^ -> Y v   | sky130_fd_sc_hd__nand2_2  | 0.056 |   1.587 |    1.588 | 
     | C30/g21                                 | A v -> Y ^   | sky130_fd_sc_hd__inv_2    | 0.053 |   1.640 |    1.641 | 
     | C30/g19__6131                           | A ^ -> Y v   | sky130_fd_sc_hd__nand2_2  | 0.055 |   1.694 |    1.696 | 
     | S31/g19                                 | A v -> Y ^   | sky130_fd_sc_hd__clkinv_2 | 0.067 |   1.762 |    1.763 | 
     | S31/g17__8428                           | A ^ -> Y v   | sky130_fd_sc_hd__nand2_4  | 0.058 |   1.820 |    1.821 | 
     | S31/g15__6260                           | A v -> Y ^   | sky130_fd_sc_hd__nand2_8  | 0.132 |   1.952 |    1.953 | 
     |                                         | S[31] ^      |                           | 0.001 |   1.953 |    1.954 | 
     +-----------------------------------------------------------------------------------------------------------------+ 

