============================================================
  Generated by:           Genus(TM) Synthesis Solution 23.12-s086_1
  Generated on:           Apr 14 2025  02:37:33 pm
  Module:                 signal_32bits
  Operating conditions:   tt_025C_1v80 
  Interconnect mode:      global
  Area mode:              physical library
============================================================

Timing
-------
  Cost    Critical         Violating 
 Group   Path Slack  TNS     Paths   
-------------------------------------
default         3.2   0.0          0 
-------------------------------------
Total                 0.0          0 

Instance Count
--------------
Leaf Instance Count             187 
Physical Instance count           0 
Sequential Instance Count         0 
Combinational Instance Count    187 
Hierarchical Instance Count       0 

Area
----
Cell Area                          1143.597
Physical Cell Area                 0.000
Total Cell Area (Cell+Physical)    1143.597
Net Area                           1153.089
Total Area (Cell+Physical+Net)     2296.686

Max Fanout                         4 (addinc_add_7_30_n_37)
Min Fanout                         1 (A[30])
Average Fanout                     1.7
Terms to net ratio                 2.2980
Terms to instance ratio            3.1337
Runtime                            13.295068 seconds
Elapsed Runtime                    14 seconds
Genus peak memory usage            1945.85 
Innovus peak memory usage          no_value 
Hostname                           cadmicro-inf-el8-623207
