============================================================
  Generated by:           Genus(TM) Synthesis Solution 23.12-s086_1
  Generated on:           Apr 14 2025  02:37:33 pm
  Module:                 signal_32bits
  Operating conditions:   tt_025C_1v80 
  Interconnect mode:      global
  Area mode:              physical library
============================================================


Path 1: MET (3 ps) Path Delay Check
     Startpoint: (F) A[0]
       Endpoint: (R) S[31]

                   Capture    Launch  
      Path Delay:+    4600         -  
      Drv Adjust:+       0         0  
         Arrival:=    4600            
                                      
   Required Time:=    4600            
       Data Path:-    4597            
           Slack:=       3            

Exceptions/Constraints:
  max_delay             4600            constraints.sdc_line_1 

#-----------------------------------------------------------------------------------------------------------------------------
#          Timing Point            Flags     Arc    Edge            Cell             Fanout Load Trans Delay Arrival Instance 
#                                                                                           (fF)  (ps)  (ps)   (ps)  Location 
#-----------------------------------------------------------------------------------------------------------------------------
  A[0]                             -       -        F     (arrival)                       3 13.2  1000     0       0    (-,-) 
  addinc_add_7_30_g2515__6783/Y    -       A->Y     R     sky130_fd_sc_hd__nor2_2         1  3.8   196   326     326    (-,-) 
  addinc_add_7_30_g2473__2883/Y    -       B2->Y    F     sky130_fd_sc_hd__o2bb2ai_1      2  8.4    97   122     448    (-,-) 
  addinc_add_7_30_g2468__7482/Y    -       A->Y     R     sky130_fd_sc_hd__nand2_1        1  3.7    54    82     529    (-,-) 
  addinc_add_7_30_g2466__1881/Y    -       A->Y     F     sky130_fd_sc_hd__nand2_1        2  8.4    87    76     606    (-,-) 
  addinc_add_7_30_g2465__6131/Y    -       A->Y     R     sky130_fd_sc_hd__nand2_1        1  5.9    74    92     697    (-,-) 
  addinc_add_7_30_g2463__8246/Y    -       A->Y     F     sky130_fd_sc_hd__nand2_2        2  8.4    69    62     759    (-,-) 
  addinc_add_7_30_g2462__5122/Y    -       A->Y     R     sky130_fd_sc_hd__nand2_1        1  5.9    74    84     842    (-,-) 
  addinc_add_7_30_g2460__2802/Y    -       A->Y     F     sky130_fd_sc_hd__nand2_2        2  8.4    69    62     904    (-,-) 
  addinc_add_7_30_g2459__1617/Y    -       A->Y     R     sky130_fd_sc_hd__nand2_1        1  5.9    74    84     988    (-,-) 
  addinc_add_7_30_g2457__6783/Y    -       A->Y     F     sky130_fd_sc_hd__nand2_2        2  8.4    69    62    1049    (-,-) 
  addinc_add_7_30_g2456__5526/Y    -       A->Y     R     sky130_fd_sc_hd__nand2_1        1  5.9    74    84    1133    (-,-) 
  addinc_add_7_30_g2454__4319/Y    -       A->Y     F     sky130_fd_sc_hd__nand2_2        2  8.4    69    62    1194    (-,-) 
  addinc_add_7_30_g2453__6260/Y    -       A->Y     R     sky130_fd_sc_hd__nand2_1        1  5.9    74    84    1278    (-,-) 
  addinc_add_7_30_g2451__2398/Y    -       A->Y     F     sky130_fd_sc_hd__nand2_2        2  8.4    69    62    1340    (-,-) 
  addinc_add_7_30_g2450__5477/Y    -       A->Y     R     sky130_fd_sc_hd__nand2_1        1  5.9    74    84    1423    (-,-) 
  addinc_add_7_30_g2448__7410/Y    -       A->Y     F     sky130_fd_sc_hd__nand2_2        3 11.2    78    70    1494    (-,-) 
  addinc_add_7_30_g2446__1666/Y    -       A->Y     R     sky130_fd_sc_hd__nand2_1        1  3.7    55    74    1567    (-,-) 
  addinc_add_7_30_g2443__9945/Y    -       A->Y     F     sky130_fd_sc_hd__nand2_1        2  8.4    68    77    1644    (-,-) 
  addinc_add_7_30_g2441__6161/X    -       A1->X    F     sky130_fd_sc_hd__a21o_1         2  8.4    58   186    1830    (-,-) 
  addinc_add_7_30_g2439__7482/Y    -       A->Y     R     sky130_fd_sc_hd__nand2_1        1  3.7    56    65    1894    (-,-) 
  addinc_add_7_30_g2437__1881/Y    -       A->Y     F     sky130_fd_sc_hd__nand2_1        2  8.4    87    77    1971    (-,-) 
  addinc_add_7_30_g2436__6131/Y    -       A->Y     R     sky130_fd_sc_hd__nand2_1        1  3.7    56    77    2048    (-,-) 
  addinc_add_7_30_g2434__8246/Y    -       A->Y     F     sky130_fd_sc_hd__nand2_1        2  8.4    87    77    2125    (-,-) 
  addinc_add_7_30_g2433__5122/Y    -       A->Y     R     sky130_fd_sc_hd__nand2_1        1  3.7    56    77    2203    (-,-) 
  addinc_add_7_30_g2431__2802/Y    -       A->Y     F     sky130_fd_sc_hd__nand2_1        2  8.4    87    77    2280    (-,-) 
  addinc_add_7_30_g2430__1617/Y    -       A->Y     R     sky130_fd_sc_hd__nand2_1        1  3.7    56    77    2357    (-,-) 
  addinc_add_7_30_g2428__6783/Y    -       A->Y     F     sky130_fd_sc_hd__nand2_1        2  8.3    86    76    2433    (-,-) 
  addinc_add_7_30_g2427/Y          -       A->Y     R     sky130_fd_sc_hd__inv_1          1  6.0    64    84    2518    (-,-) 
  addinc_add_7_30_g2425__8428/Y    -       A2->Y    F     sky130_fd_sc_hd__o21ai_2        4 14.1    99    81    2599    (-,-) 
  addinc_add_7_30_g2422__6260/X    -       A1->X    F     sky130_fd_sc_hd__a21o_1         4 14.1    80   220    2819    (-,-) 
  addinc_add_7_30_g2418__5477/Y    -       A->Y     R     sky130_fd_sc_hd__nand3_1        1  3.7    70    84    2902    (-,-) 
  addinc_add_7_30_g2411__9315/Y    -       C1->Y    F     sky130_fd_sc_hd__o211ai_1       2  8.5   137   124    3026    (-,-) 
  addinc_add_7_30_g2409__6161/Y    -       B->Y     R     sky130_fd_sc_hd__nand2b_1       2  7.0    95   134    3160    (-,-) 
  addinc_add_7_30_g2400__1705/X    -       A2->X    R     sky130_fd_sc_hd__o21a_1         1  3.9    56   121    3281    (-,-) 
  addinc_add_7_30_g2395__5526/X    -       A2->X    R     sky130_fd_sc_hd__o21a_1         2  8.1    90   138    3419    (-,-) 
  addinc_add_7_30_g2393__4319/Y    -       A2->Y    F     sky130_fd_sc_hd__o21ai_1        1  3.6    71    68    3488    (-,-) 
  addinc_add_7_30_g2392__6260/COUT -       CI->COUT F     sky130_fd_sc_hd__fah_1          1  3.6    64   253    3740    (-,-) 
  addinc_add_7_30_g2391__5107/COUT -       CI->COUT F     sky130_fd_sc_hd__fah_1          1  3.6    64   250    3990    (-,-) 
  addinc_add_7_30_g2390__2398/SUM  -       CI->SUM  R     sky130_fd_sc_hd__fah_1          1 51.3   487   606    4596    (-,-) 
  S[31]                            <<<     -        R     (port)                          -    -     -     0    4597    (-,-) 
#-----------------------------------------------------------------------------------------------------------------------------

