============================================================
  Generated by:           Genus(TM) Synthesis Solution 23.12-s086_1
  Generated on:           Apr 14 2025  01:34:27 pm
  Module:                 signal_32bits
  Operating conditions:   tt_025C_1v80 
  Interconnect mode:      global
  Area mode:              physical library
============================================================


Path 1: MET (161 ps) Path Delay Check
     Startpoint: (F) A[0]
       Endpoint: (R) S[31]

                   Capture    Launch  
      Path Delay:+    9400         -  
      Drv Adjust:+       0         0  
         Arrival:=    9400            
                                      
   Required Time:=    9400            
       Data Path:-    9239            
           Slack:=     161            

Exceptions/Constraints:
  max_delay             9400            constraints.sdc_line_1 

#-----------------------------------------------------------------------------------------------------------------------------
#          Timing Point            Flags     Arc     Edge           Cell             Fanout Load Trans Delay Arrival Instance 
#                                                                                           (fF)  (ps)  (ps)   (ps)  Location 
#-----------------------------------------------------------------------------------------------------------------------------
  A[0]                             -       -         F     (arrival)                      1  7.2  1000     0       0    (-,-) 
  addinc_add_7_30_g2436__5107/COUT -       B->COUT   F     sky130_fd_sc_hd__fa_1          1  5.8    96   786     786    (-,-) 
  addinc_add_7_30_g2435__2398/COUT -       CIN->COUT F     sky130_fd_sc_hd__fa_1          1  5.8    96   396    1182    (-,-) 
  addinc_add_7_30_g2434__5477/COUT -       CIN->COUT F     sky130_fd_sc_hd__fa_1          1  5.8    96   396    1579    (-,-) 
  addinc_add_7_30_g2433__6417/COUT -       CIN->COUT F     sky130_fd_sc_hd__fa_1          1  5.8    96   396    1975    (-,-) 
  addinc_add_7_30_g2432__7410/COUT -       CIN->COUT F     sky130_fd_sc_hd__fa_1          1  5.8    96   396    2371    (-,-) 
  addinc_add_7_30_g2431__1666/COUT -       CIN->COUT F     sky130_fd_sc_hd__fa_1          1  5.8    96   396    2768    (-,-) 
  addinc_add_7_30_g2430__2346/COUT -       CIN->COUT F     sky130_fd_sc_hd__fa_1          1  5.8    96   396    3164    (-,-) 
  addinc_add_7_30_g2429__2883/COUT -       CIN->COUT F     sky130_fd_sc_hd__fa_1          2  8.4   110   417    3581    (-,-) 
  addinc_add_7_30_g2428__9945/Y    -       B->Y      R     sky130_fd_sc_hd__nand2b_1      2  6.8    90   121    3702    (-,-) 
  addinc_add_7_30_g2425__4733/Y    -       A2->Y     F     sky130_fd_sc_hd__o221ai_1      1  5.8   139   139    3841    (-,-) 
  addinc_add_7_30_g2423__5115/COUT -       CIN->COUT F     sky130_fd_sc_hd__fa_1          1  5.8    96   412    4254    (-,-) 
  addinc_add_7_30_g2422__1881/COUT -       CIN->COUT F     sky130_fd_sc_hd__fa_1          1  5.8    96   396    4650    (-,-) 
  addinc_add_7_30_g2421__6131/COUT -       CIN->COUT F     sky130_fd_sc_hd__fa_1          1  5.8    96   396    5046    (-,-) 
  addinc_add_7_30_g2420__7098/COUT -       CIN->COUT F     sky130_fd_sc_hd__fa_1          1  5.8    96   396    5442    (-,-) 
  addinc_add_7_30_g2419__8246/COUT -       CIN->COUT F     sky130_fd_sc_hd__fa_1          1  5.8    96   396    5839    (-,-) 
  addinc_add_7_30_g2418__5122/COUT -       CIN->COUT F     sky130_fd_sc_hd__fa_1          2 10.4   119   430    6268    (-,-) 
  addinc_add_7_30_g2417/Y          -       A->Y      R     sky130_fd_sc_hd__inv_2         2  6.0    50    80    6348    (-,-) 
  addinc_add_7_30_g2416__1705/X    -       C->X      R     sky130_fd_sc_hd__or3_1         2  4.9    61   106    6454    (-,-) 
  addinc_add_7_30_g2412__6783/X    -       C->X      R     sky130_fd_sc_hd__or3_1         1  3.7    52   102    6556    (-,-) 
  addinc_add_7_30_g2409__4319/Y    -       C1->Y     F     sky130_fd_sc_hd__o211ai_1      2  8.4   135   117    6673    (-,-) 
  addinc_add_7_30_g2407__5107/Y    -       B->Y      R     sky130_fd_sc_hd__nand2b_1      2  5.9    86   126    6798    (-,-) 
  addinc_add_7_30_g2404__6417/X    -       B->X      R     sky130_fd_sc_hd__or2_0         2  4.9    91   132    6930    (-,-) 
  addinc_add_7_30_g2400__2883/X    -       C->X      R     sky130_fd_sc_hd__or3_1         1  3.7    52   112    7042    (-,-) 
  addinc_add_7_30_g2397__6161/Y    -       C1->Y     F     sky130_fd_sc_hd__o211ai_1      2  7.8   130   113    7155    (-,-) 
  addinc_add_7_30_g2396__4733/Y    -       B_N->Y    F     sky130_fd_sc_hd__nor2b_1       2  5.5    78   176    7331    (-,-) 
  addinc_add_7_30_g2392__6131/Y    -       B->Y      R     sky130_fd_sc_hd__nand2b_1      2  5.9    80   101    7432    (-,-) 
  addinc_add_7_30_g2389__5122/Y    -       A2->Y     F     sky130_fd_sc_hd__o221ai_1      1  5.8   136   137    7569    (-,-) 
  addinc_add_7_30_g2387__2802/COUT -       CIN->COUT F     sky130_fd_sc_hd__fa_1          3 10.6   120   446    8014    (-,-) 
  addinc_add_7_30_g2386__1617/X    -       A->X      F     sky130_fd_sc_hd__and2_1        2  5.5    48   178    8193    (-,-) 
  addinc_add_7_30_g2382__8428/Y    -       A1->Y     R     sky130_fd_sc_hd__a21oi_1       1  3.9   128   134    8326    (-,-) 
  addinc_add_7_30_g2379__5107/Y    -       A2->Y     F     sky130_fd_sc_hd__o21ai_1       1  5.8    93    91    8418    (-,-) 
  addinc_add_7_30_g2378__2398/SUM  -       CIN->SUM  R     sky130_fd_sc_hd__fa_1          1 51.3   506   821    9238    (-,-) 
  S[31]                            <<<     -         R     (port)                         -    -     -     0    9239    (-,-) 
#-----------------------------------------------------------------------------------------------------------------------------

