============================================================
  Generated by:           Genus(TM) Synthesis Solution 23.12-s086_1
  Generated on:           Apr 14 2025  01:34:27 pm
  Module:                 signal_32bits
  Operating conditions:   tt_025C_1v80 
  Interconnect mode:      global
  Area mode:              physical library
============================================================

Timing
-------
  Cost    Critical         Violating 
 Group   Path Slack  TNS     Paths   
-------------------------------------
default       161.4   0.0          0 
-------------------------------------
Total                 0.0          0 

Instance Count
--------------
Leaf Instance Count             116 
Physical Instance count           0 
Sequential Instance Count         0 
Combinational Instance Count    116 
Hierarchical Instance Count       0 

Area
----
Cell Area                          884.598
Physical Cell Area                 0.000
Total Cell Area (Cell+Physical)    884.598
Net Area                           843.824
Total Area (Cell+Physical+Net)     1728.422

Max Fanout                         3 (addinc_add_7_30_n_1)
Min Fanout                         1 (B[3])
Average Fanout                     1.5
Terms to net ratio                 2.0406
Terms to instance ratio            3.4655
Runtime                            13.461397 seconds
Elapsed Runtime                    13 seconds
Genus peak memory usage            1942.13 
Innovus peak memory usage          no_value 
Hostname                           cadmicro-inf-el8-623207
