###############################################################
#  Generated by:      Cadence Innovus 23.32-s091_1
#  OS:                Linux x86_64(Host ID cadmicro-inf-el8-623207)
#  Generated on:      Fri Apr 11 14:56:37 2025
#  Design:            kogge_stone_32bits
#  Command:           report_timing > reports/report_timing.rpt
###############################################################
Path 1: VIOLATED Path Delay Check
Endpoint:   S[19] (v)
Beginpoint: A[9]  (v) triggered by  leading edge of '@'
Path Groups: {default}
Analysis View: default_emulate_view
- External Delay                0.000
+ Path Delay                    1.866
= Required Time                 1.866
- Arrival Time                  1.964
= Slack Time                   -0.098
     Clock Rise Edge                      0.000
     + Input Delay                        0.000
     = Beginpoint Arrival Time            0.000
     +-------------------------------------------------------------------------------------------------------------------+ 
     |                 Instance                  |     Arc      |           Cell            | Delay | Arrival | Required | 
     |                                           |              |                           |       |  Time   |   Time   | 
     |-------------------------------------------+--------------+---------------------------+-------+---------+----------| 
     |                                           | A[9] v       |                           |       |   0.000 |   -0.098 | 
     | GENERATE_PROPAGATE[9].PROPAGATE/g2        | A_N v -> Y v | sky130_fd_sc_hd__nand2b_1 | 0.462 |   0.462 |    0.364 | 
     | GENERATE_PROPAGATE[9].PROPAGATE/g21__5122 | B v -> Y ^   | sky130_fd_sc_hd__nand2_2  | 0.167 |   0.630 |    0.531 | 
     | LEVEL_1[10].B1/PROPAGATE/g11__3680        | B ^ -> X ^   | sky130_fd_sc_hd__and2_4   | 0.170 |   0.800 |    0.701 | 
     | LEVEL_2[10].B3/PROPAGATE/g2__5115         | A ^ -> X ^   | sky130_fd_sc_hd__and2_4   | 0.150 |   0.949 |    0.851 | 
     | LEVEL_3[10].B7/PROPAGATE/g11__6260        | B ^ -> X ^   | sky130_fd_sc_hd__and2_1   | 0.151 |   1.100 |    1.002 | 
     | LEVEL_4[18].B15/PROPAGATE/g11__2398       | B ^ -> X ^   | sky130_fd_sc_hd__and2_1   | 0.158 |   1.258 |    1.160 | 
     | LEVEL_5[18].B17/PROPAGATE/g11__6260       | A ^ -> X ^   | sky130_fd_sc_hd__and2_1   | 0.132 |   1.390 |    1.292 | 
     | C18/g13__4733                             | A1 ^ -> X ^  | sky130_fd_sc_hd__a21o_1   | 0.174 |   1.564 |    1.465 | 
     | S19/fopt                                  | A ^ -> Y v   | sky130_fd_sc_hd__inv_1    | 0.054 |   1.618 |    1.520 | 
     | S19/g10__9315                             | A1 v -> X v  | sky130_fd_sc_hd__mux2_4   | 0.345 |   1.963 |    1.864 | 
     |                                           | S[19] v      |                           | 0.002 |   1.964 |    1.866 | 
     +-------------------------------------------------------------------------------------------------------------------+ 

