============================================================
  Generated by:           Genus(TM) Synthesis Solution 23.12-s086_1
  Generated on:           Apr 11 2025  02:26:28 pm
  Module:                 cla_16bits
  Operating conditions:   tt_025C_1v80 
  Interconnect mode:      global
  Area mode:              physical library
============================================================


Path 1: MET (0 ps) Path Delay Check
     Startpoint: (F) A[3]
       Endpoint: (F) S[14]

                   Capture    Launch  
      Path Delay:+    1540         -  
      Drv Adjust:+       0         0  
         Arrival:=    1540            
                                      
   Required Time:=    1540            
       Data Path:-    1540            
           Slack:=       0            

Exceptions/Constraints:
  max_delay             1540            constraints.sdc_line_1 

#------------------------------------------------------------------------------------------------------------------------------
#             Timing Point              Flags   Arc   Edge           Cell             Fanout Load Trans Delay Arrival Instance 
#                                                                                            (fF)  (ps)  (ps)   (ps)  Location 
#------------------------------------------------------------------------------------------------------------------------------
  A[3]                                  -       -     F     (arrival)                      2 10.2  1000     0       0    (-,-) 
  g51/X                                 -       A->X  F     sky130_fd_sc_hd__buf_8         2 15.6    52   420     420    (-,-) 
  GENERATE_PROPAGATE[3].PROPAGATE/g33/Y -       A->Y  R     sky130_fd_sc_hd__clkinv_4      1  5.9    24    44     464    (-,-) 
  GENERATE_PROPAGATE[3].PROPAGATE/g23/Y -       A->Y  F     sky130_fd_sc_hd__nand2_2       1  9.6    58    50     514    (-,-) 
  GENERATE_PROPAGATE[3].PROPAGATE/g21/Y -       A->Y  R     sky130_fd_sc_hd__nand2_4       4 14.0    63    73     587    (-,-) 
  CLA1/g21/Y                            -       A->Y  F     sky130_fd_sc_hd__nand3_2       1  5.6    58    64     652    (-,-) 
  CLA1/g43/Y                            -       A->Y  R     sky130_fd_sc_hd__inv_2         1  5.9    37    56     707    (-,-) 
  CLA1/g24/Y                            -       A->Y  F     sky130_fd_sc_hd__nand2_2       1  9.6    50    54     762    (-,-) 
  CLA1/g23/Y                            -       A->Y  R     sky130_fd_sc_hd__nand2_4       4 17.1    71    76     838    (-,-) 
  CLA5/g246__254/Y                      -       A->Y  F     sky130_fd_sc_hd__nand3_2       1  5.6    58    67     905    (-,-) 
  CLA5/g245__253/Y                      -       A->Y  R     sky130_fd_sc_hd__nand2_2       3 11.4    78    84     989    (-,-) 
  CLA6/g353__7482/Y                     -       A->Y  F     sky130_fd_sc_hd__nand2_2       2  8.4    49    63    1052    (-,-) 
  CLA6/g97/Y                            -       A->Y  R     sky130_fd_sc_hd__nand2_2       2  8.9    66    71    1122    (-,-) 
  CLA6/g47/Y                            -       A->Y  F     sky130_fd_sc_hd__nand2_2       1  5.6    37    51    1174    (-,-) 
  CLA6/g45/Y                            -       A->Y  R     sky130_fd_sc_hd__nand2_2       1  5.9    51    55    1229    (-,-) 
  C13/g15/Y                             -       A->Y  F     sky130_fd_sc_hd__inv_2         1  9.6    28    42    1270    (-,-) 
  C13/g13/Y                             -       A->Y  R     sky130_fd_sc_hd__nand2_4       2 20.1    80    73    1343    (-,-) 
  S14/g9/Y                              -       A->Y  F     sky130_fd_sc_hd__inv_4         1  9.6    26    38    1382    (-,-) 
  S14/g8/Y                              -       A->Y  R     sky130_fd_sc_hd__nand2_4       1 18.7    76    69    1451    (-,-) 
  S14/g14/Y                             -       A->Y  F     sky130_fd_sc_hd__nand2_8       1 51.3    82    89    1540    (-,-) 
  S[14]                                 <<<     -     F     (port)                         -    -     -     0    1540    (-,-) 
#------------------------------------------------------------------------------------------------------------------------------

