###############################################################
#  Generated by:      Cadence Innovus 23.32-s091_1
#  OS:                Linux x86_64(Host ID cadmicro-inf-el8-623207)
#  Generated on:      Mon Apr 14 14:40:02 2025
#  Design:            signal_32bits
#  Command:           report_timing > reports/report_timing.rpt
###############################################################
Path 1: MET Path Delay Check
Endpoint:   S[31] (^)
Beginpoint: B[1]  (v) triggered by  leading edge of '@'
Path Groups: {default}
Analysis View: default_emulate_view
- External Delay                0.000
+ Path Delay                    4.500
= Required Time                 4.500
- Arrival Time                  4.493
= Slack Time                    0.007
     Clock Rise Edge                      0.000
     + Input Delay                        0.000
     = Beginpoint Arrival Time            0.000
     +--------------------------------------------------------------------------------------------------------+ 
     |          Instance           |       Arc       |           Cell            | Delay | Arrival | Required | 
     |                             |                 |                           |       |  Time   |   Time   | 
     |-----------------------------+-----------------+---------------------------+-------+---------+----------| 
     |                             | B[1] v          |                           |       |   0.000 |    0.007 | 
     | g2                          | B v -> X v      | sky130_fd_sc_hd__or2_1    | 0.566 |   0.566 |    0.573 | 
     | addinc_add_7_30_g2473__9315 | B v -> Y ^      | sky130_fd_sc_hd__nand2_2  | 0.085 |   0.651 |    0.658 | 
     | addinc_add_7_30_g2471__4733 | A ^ -> Y v      | sky130_fd_sc_hd__nand2_2  | 0.054 |   0.705 |    0.712 | 
     | addinc_add_7_30_g2470__7482 | A v -> Y ^      | sky130_fd_sc_hd__nand2_1  | 0.083 |   0.788 |    0.795 | 
     | addinc_add_7_30_g2468__1881 | A ^ -> Y v      | sky130_fd_sc_hd__nand2_2  | 0.059 |   0.847 |    0.853 | 
     | addinc_add_7_30_g2467__6131 | A v -> Y ^      | sky130_fd_sc_hd__nand2_1  | 0.082 |   0.928 |    0.935 | 
     | addinc_add_7_30_g2465__8246 | A ^ -> Y v      | sky130_fd_sc_hd__nand2_2  | 0.059 |   0.988 |    0.995 | 
     | addinc_add_7_30_g2464__5122 | A v -> Y ^      | sky130_fd_sc_hd__nand2_1  | 0.077 |   1.064 |    1.071 | 
     | addinc_add_7_30_g2462__2802 | A ^ -> Y v      | sky130_fd_sc_hd__nand2_2  | 0.059 |   1.124 |    1.131 | 
     | addinc_add_7_30_g2461__1617 | A v -> Y ^      | sky130_fd_sc_hd__nand2_1  | 0.084 |   1.208 |    1.214 | 
     | addinc_add_7_30_g2459__6783 | A ^ -> Y v      | sky130_fd_sc_hd__nand2_2  | 0.061 |   1.268 |    1.275 | 
     | addinc_add_7_30_g2458__5526 | A v -> Y ^      | sky130_fd_sc_hd__nand2_1  | 0.080 |   1.349 |    1.355 | 
     | addinc_add_7_30_g2456__4319 | A ^ -> Y v      | sky130_fd_sc_hd__nand2_2  | 0.061 |   1.410 |    1.416 | 
     | addinc_add_7_30_g2455__6260 | A v -> Y ^      | sky130_fd_sc_hd__nand2_1  | 0.078 |   1.488 |    1.495 | 
     | addinc_add_7_30_g2453__2398 | A ^ -> Y v      | sky130_fd_sc_hd__nand2_2  | 0.067 |   1.555 |    1.562 | 
     | addinc_add_7_30_g2451__5477 | A v -> Y ^      | sky130_fd_sc_hd__nand2_1  | 0.072 |   1.627 |    1.634 | 
     | addinc_add_7_30_g2448__1666 | A ^ -> Y v      | sky130_fd_sc_hd__nand2_1  | 0.071 |   1.698 |    1.705 | 
     | addinc_add_7_30_g2447__2346 | A v -> Y ^      | sky130_fd_sc_hd__nand2_1  | 0.078 |   1.776 |    1.783 | 
     | addinc_add_7_30_g2445__9945 | A ^ -> Y v      | sky130_fd_sc_hd__nand2_2  | 0.064 |   1.840 |    1.847 | 
     | addinc_add_7_30_g2443__6161 | A v -> Y ^      | sky130_fd_sc_hd__nand2_1  | 0.070 |   1.910 |    1.916 | 
     | addinc_add_7_30_g2441__7482 | A ^ -> Y v      | sky130_fd_sc_hd__nand2_1  | 0.071 |   1.981 |    1.988 | 
     | addinc_add_7_30_g2440__5115 | A v -> Y ^      | sky130_fd_sc_hd__nand2_1  | 0.075 |   2.056 |    2.063 | 
     | addinc_add_7_30_g2438__6131 | A ^ -> Y v      | sky130_fd_sc_hd__nand2_1  | 0.071 |   2.127 |    2.134 | 
     | addinc_add_7_30_g2437__7098 | A v -> Y ^      | sky130_fd_sc_hd__nand2_1  | 0.070 |   2.197 |    2.204 | 
     | addinc_add_7_30_g2435__5122 | A ^ -> Y v      | sky130_fd_sc_hd__nand2_1  | 0.073 |   2.270 |    2.277 | 
     | addinc_add_7_30_g2434__1705 | A v -> Y ^      | sky130_fd_sc_hd__nand2_1  | 0.070 |   2.340 |    2.347 | 
     | addinc_add_7_30_g2432__1617 | A ^ -> Y v      | sky130_fd_sc_hd__nand2_1  | 0.073 |   2.414 |    2.421 | 
     | addinc_add_7_30_g2431__3680 | A v -> Y ^      | sky130_fd_sc_hd__nand2_1  | 0.086 |   2.499 |    2.506 | 
     | addinc_add_7_30_g2429__5526 | A ^ -> Y v      | sky130_fd_sc_hd__nand2_2  | 0.078 |   2.578 |    2.585 | 
     | addinc_add_7_30_g2427__8428 | A v -> Y ^      | sky130_fd_sc_hd__nand3_1  | 0.105 |   2.683 |    2.690 | 
     | addinc_add_7_30_g2425__6260 | A ^ -> Y v      | sky130_fd_sc_hd__nand2_2  | 0.086 |   2.768 |    2.775 | 
     | addinc_add_7_30_g2415__9945 | A1 v -> X v     | sky130_fd_sc_hd__a31o_1   | 0.230 |   2.998 |    3.005 | 
     | addinc_add_7_30_g2407__6131 | A1 v -> Y ^     | sky130_fd_sc_hd__a31oi_1  | 0.160 |   3.159 |    3.166 | 
     | addinc_add_7_30_g2400__3680 | A2 ^ -> X ^     | sky130_fd_sc_hd__o21a_2   | 0.173 |   3.332 |    3.339 | 
     | addinc_add_7_30_g2397__8428 | A2 ^ -> Y v     | sky130_fd_sc_hd__o21ai_2  | 0.062 |   3.394 |    3.401 | 
     | addinc_add_7_30_g2396       | A v -> Y ^      | sky130_fd_sc_hd__clkinv_1 | 0.076 |   3.470 |    3.477 | 
     | addinc_add_7_30_g2394__6260 | A2 ^ -> Y v     | sky130_fd_sc_hd__o21ai_2  | 0.058 |   3.528 |    3.535 | 
     | addinc_add_7_30_g2393__5107 | CIN v -> COUT v | sky130_fd_sc_hd__fa_2     | 0.342 |   3.870 |    3.877 | 
     | addinc_add_7_30_g2392__2398 | CI v -> SUM ^   | sky130_fd_sc_hd__fah_1    | 0.621 |   4.492 |    4.499 | 
     |                             | S[31] ^         |                           | 0.001 |   4.493 |    4.500 | 
     +--------------------------------------------------------------------------------------------------------+ 

