###############################################################
#  Generated by:      Cadence Innovus 23.32-s091_1
#  OS:                Linux x86_64(Host ID cadmicro-inf-el8-623207)
#  Generated on:      Fri Apr 11 16:00:31 2025
#  Design:            han_carlson_32bits
#  Command:           report_timing > reports/report_timing.rpt
###############################################################
Path 1: VIOLATED Path Delay Check
Endpoint:   S[31] (^)
Beginpoint: A[28] (v) triggered by  leading edge of '@'
Path Groups: {default}
Analysis View: default_emulate_view
- External Delay                0.000
+ Path Delay                    1.650
= Required Time                 1.650
- Arrival Time                  1.702
= Slack Time                   -0.052
     Clock Rise Edge                      0.000
     + Input Delay                        0.000
     = Beginpoint Arrival Time            0.000
     +----------------------------------------------------------------------------------------------------------+ 
     |              Instance               |    Arc     |           Cell           | Delay | Arrival | Required | 
     |                                     |            |                          |       |  Time   |   Time   | 
     |-------------------------------------+------------+--------------------------+-------+---------+----------| 
     |                                     | A[28] v    |                          |       |   0.000 |   -0.052 | 
     | GENERATE_PROPAGATE[28].PROPAGATE/g2 | A v -> X v | sky130_fd_sc_hd__xor2_4  | 0.445 |   0.445 |    0.392 | 
     | FE_PSC0_P_28                        | A v -> X v | sky130_fd_sc_hd__buf_6   | 0.175 |   0.620 |    0.568 | 
     | LEVEL_1[29].B1/PROPAGATE/g11__5107  | A v -> X v | sky130_fd_sc_hd__and2_4  | 0.139 |   0.760 |    0.707 | 
     | LEVEL_2[29].B2/PROPAGATE/g12__5122  | A v -> Y ^ | sky130_fd_sc_hd__nand2_2 | 0.055 |   0.814 |    0.762 | 
     | LEVEL_2[29].B2/PROPAGATE/g11        | A ^ -> Y v | sky130_fd_sc_hd__inv_2   | 0.039 |   0.853 |    0.801 | 
     | LEVEL_3[29].B4/PROPAGATE/g12__9945  | A v -> Y ^ | sky130_fd_sc_hd__nand2_2 | 0.049 |   0.902 |    0.850 | 
     | LEVEL_3[29].B4/PROPAGATE/g11        | A ^ -> Y v | sky130_fd_sc_hd__inv_2   | 0.035 |   0.937 |    0.884 | 
     | LEVEL_4[29].B8/PROPAGATE/g11__6161  | A v -> X v | sky130_fd_sc_hd__and2_4  | 0.128 |   1.065 |    1.013 | 
     | LEVEL_5[29].B9/PROPAGATE/g11__6131  | A v -> X v | sky130_fd_sc_hd__and2_4  | 0.137 |   1.202 |    1.149 | 
     | LEVEL_6[30].B10/PROPAGATE/g11__5477 | A v -> X v | sky130_fd_sc_hd__and2_4  | 0.138 |   1.340 |    1.287 | 
     | C30/g2__3680                        | A v -> Y ^ | sky130_fd_sc_hd__nand2_4 | 0.055 |   1.394 |    1.342 | 
     | C30/g19__6783                       | A ^ -> Y v | sky130_fd_sc_hd__nand2_4 | 0.074 |   1.469 |    1.416 | 
     | S31/g19                             | A v -> Y ^ | sky130_fd_sc_hd__inv_2   | 0.069 |   1.538 |    1.485 | 
     | S31/g17__5477                       | A ^ -> Y v | sky130_fd_sc_hd__nand2_4 | 0.058 |   1.596 |    1.544 | 
     | S31/g15__7410                       | A v -> Y ^ | sky130_fd_sc_hd__nand2_8 | 0.105 |   1.702 |    1.649 | 
     |                                     | S[31] ^    |                          | 0.001 |   1.702 |    1.650 | 
     +----------------------------------------------------------------------------------------------------------+ 

