============================================================
  Generated by:           Genus(TM) Synthesis Solution 23.12-s086_1
  Generated on:           Apr 14 2025  02:45:50 pm
  Module:                 signal_32bits
  Operating conditions:   tt_025C_1v80 
  Interconnect mode:      global
  Area mode:              physical library
============================================================


Path 1: MET (4 ps) Path Delay Check
     Startpoint: (F) A[0]
       Endpoint: (R) S[31]

                   Capture    Launch  
      Path Delay:+    4000         -  
      Drv Adjust:+       0         0  
         Arrival:=    4000            
                                      
   Required Time:=    4000            
       Data Path:-    3996            
           Slack:=       4            

Exceptions/Constraints:
  max_delay             4000            constraints.sdc_line_1 

#------------------------------------------------------------------------------------------------------------------------------
#          Timing Point            Flags     Arc     Edge            Cell             Fanout Load Trans Delay Arrival Instance 
#                                                                                            (fF)  (ps)  (ps)   (ps)  Location 
#------------------------------------------------------------------------------------------------------------------------------
  A[0]                             -       -         F     (arrival)                       3 19.7  1000     0       0    (-,-) 
  addinc_add_7_30_g2508__8246/Y    -       A->Y      R     sky130_fd_sc_hd__nor2_4         1  5.9   190   333     333    (-,-) 
  addinc_add_7_30_g2460__2346/Y    -       B2->Y     F     sky130_fd_sc_hd__o2bb2ai_2      2  8.4    69    91     424    (-,-) 
  addinc_add_7_30_g2454__7482/Y    -       A->Y      R     sky130_fd_sc_hd__nand2_1        1  5.9    73    83     507    (-,-) 
  addinc_add_7_30_g2452__1881/Y    -       A->Y      F     sky130_fd_sc_hd__nand2_2        2  8.4    69    62     569    (-,-) 
  addinc_add_7_30_g2450__7098/Y    -       A->Y      R     sky130_fd_sc_hd__nand2_1        1  5.9    74    84     652    (-,-) 
  addinc_add_7_30_g2448__5122/Y    -       A->Y      F     sky130_fd_sc_hd__nand2_2        2  8.4    69    62     714    (-,-) 
  addinc_add_7_30_g2447__1705/Y    -       A->Y      R     sky130_fd_sc_hd__nand2_1        1  5.9    74    84     798    (-,-) 
  addinc_add_7_30_g2445__1617/Y    -       A->Y      F     sky130_fd_sc_hd__nand2_2        2  8.4    69    62     859    (-,-) 
  addinc_add_7_30_g2444__3680/Y    -       A->Y      R     sky130_fd_sc_hd__nand2_1        1  5.9    74    84     943    (-,-) 
  addinc_add_7_30_g2442__5526/Y    -       A->Y      F     sky130_fd_sc_hd__nand2_2        2  8.4    69    62    1004    (-,-) 
  addinc_add_7_30_g2441__8428/Y    -       A->Y      R     sky130_fd_sc_hd__nand2_1        1  5.9    74    84    1088    (-,-) 
  addinc_add_7_30_g2439__6260/Y    -       A->Y      F     sky130_fd_sc_hd__nand2_2        2  8.4    69    62    1150    (-,-) 
  addinc_add_7_30_g2438__5107/Y    -       A->Y      R     sky130_fd_sc_hd__nand2_1        1  5.9    74    84    1233    (-,-) 
  addinc_add_7_30_g2436__5477/Y    -       A->Y      F     sky130_fd_sc_hd__nand2_2        2 10.4    76    68    1301    (-,-) 
  addinc_add_7_30_g2435__6417/Y    -       A->Y      R     sky130_fd_sc_hd__nand2_2        1  5.9    56    71    1372    (-,-) 
  addinc_add_7_30_g2433__1666/Y    -       A->Y      F     sky130_fd_sc_hd__nand2_2        4 14.1    88    73    1445    (-,-) 
  addinc_add_7_30_g2431__2346/Y    -       A->Y      R     sky130_fd_sc_hd__nand2_1        1  3.7    52    78    1523    (-,-) 
  addinc_add_7_30_g2427__6161/Y    -       A->Y      F     sky130_fd_sc_hd__nand2_1        2  8.7    74    77    1600    (-,-) 
  addinc_add_7_30_g2425__4733/Y    -       A->Y      R     sky130_fd_sc_hd__nand2_1        1  3.7    56    72    1672    (-,-) 
  addinc_add_7_30_g2423__5115/Y    -       A->Y      F     sky130_fd_sc_hd__nand2_1        2  8.4    88    77    1749    (-,-) 
  addinc_add_7_30_g2418__5122/Y    -       A->Y      R     sky130_fd_sc_hd__nand2_1        1  3.7    56    78    1827    (-,-) 
  addinc_add_7_30_g2416__2802/Y    -       A->Y      F     sky130_fd_sc_hd__nand2_1        2  9.0    90    80    1907    (-,-) 
  addinc_add_7_30_g2415/Y          -       A->Y      R     sky130_fd_sc_hd__clkinv_1       1  3.9    40    63    1971    (-,-) 
  addinc_add_7_30_g2413__3680/Y    -       A2->Y     F     sky130_fd_sc_hd__o21ai_1        2  8.4   107    79    2050    (-,-) 
  g2571/X                          -       A1->X     F     sky130_fd_sc_hd__a21bo_2        5 19.0    73   257    2307    (-,-) 
  addinc_add_7_30_g2403__5477/Y    -       A1->Y     R     sky130_fd_sc_hd__a31oi_2        3 11.0   214   194    2501    (-,-) 
  addinc_add_7_30_g2402__6417/Y    -       A_N->Y    R     sky130_fd_sc_hd__nand2b_1       2  8.0    99   172    2673    (-,-) 
  addinc_add_7_30_g2392__5115/Y    -       A2->Y     F     sky130_fd_sc_hd__o221ai_2       1  6.3   110   110    2784    (-,-) 
  addinc_add_7_30_g2384__1617/COUT -       CIN->COUT F     sky130_fd_sc_hd__fa_2           3  8.6    90   373    3156    (-,-) 
  addinc_add_7_30_g2382__3680/Y    -       A->Y      R     sky130_fd_sc_hd__nand2_1        2  5.9    73    93    3249    (-,-) 
  addinc_add_7_30_g2378__4319/Y    -       A2->Y     F     sky130_fd_sc_hd__o221ai_1       1  3.6   116   116    3366    (-,-) 
  addinc_add_7_30_g2375__2398/SUM  -       CI->SUM   R     sky130_fd_sc_hd__fah_1          1 51.3   487   630    3995    (-,-) 
  S[31]                            <<<     -         R     (port)                          -    -     -     0    3996    (-,-) 
#------------------------------------------------------------------------------------------------------------------------------

