============================================================
  Generated by:           Genus(TM) Synthesis Solution 23.12-s086_1
  Generated on:           Apr 14 2025  03:23:19 pm
  Module:                 signal_32bits
  Operating conditions:   tt_025C_1v80 
  Interconnect mode:      global
  Area mode:              physical library
============================================================

Timing
-------
  Cost    Critical         Violating 
 Group   Path Slack  TNS     Paths   
-------------------------------------
default         0.1   0.0          0 
-------------------------------------
Total                 0.0          0 

Instance Count
--------------
Leaf Instance Count             484 
Physical Instance count           0 
Sequential Instance Count         0 
Combinational Instance Count    484 
Hierarchical Instance Count       0 

Area
----
Cell Area                          2747.635
Physical Cell Area                 0.000
Total Cell Area (Cell+Physical)    2747.635
Net Area                           2519.550
Total Area (Cell+Physical+Net)     5267.185

Max Fanout                         16 (n_1759)
Min Fanout                         1 (n_6)
Average Fanout                     1.7
Terms to net ratio                 2.5464
Terms to instance ratio            2.8884
Runtime                            21.61438299999999 seconds
Elapsed Runtime                    23 seconds
Genus peak memory usage            2040.52 
Innovus peak memory usage          no_value 
Hostname                           cadmicro-inf-el8-623207
