============================================================
  Generated by:           Genus(TM) Synthesis Solution 23.12-s086_1
  Generated on:           Apr 14 2025  04:24:59 pm
  Module:                 carry_select_adder_56678_32bits
  Operating conditions:   tt_025C_1v80 
  Interconnect mode:      global
  Area mode:              physical library
============================================================

Timing
-------
  Cost    Critical         Violating 
 Group   Path Slack  TNS     Paths   
-------------------------------------
default         0.3   0.0          0 
-------------------------------------
Total                 0.0          0 

Instance Count
--------------
Leaf Instance Count             401 
Physical Instance count           0 
Sequential Instance Count         0 
Combinational Instance Count    401 
Hierarchical Instance Count       0 

Area
----
Cell Area                          2999.126
Physical Cell Area                 0.000
Total Cell Area (Cell+Physical)    2999.126
Net Area                           2122.308
Total Area (Cell+Physical+Net)     5121.434

Max Fanout                         17 (n_491)
Min Fanout                         1 (A[24])
Average Fanout                     1.7
Terms to net ratio                 2.4829
Terms to instance ratio            2.8978
Runtime                            17.171183000000003 seconds
Elapsed Runtime                    18 seconds
Genus peak memory usage            1948.70 
Innovus peak memory usage          no_value 
Hostname                           cadmicro-inf-el8-623207
