============================================================
  Generated by:           Genus(TM) Synthesis Solution 23.12-s086_1
  Generated on:           Apr 14 2025  04:24:59 pm
  Module:                 carry_select_adder_56678_32bits
  Operating conditions:   tt_025C_1v80 
  Interconnect mode:      global
  Area mode:              physical library
============================================================


Path 1: MET (0 ps) Path Delay Check
     Startpoint: (F) A[3]
       Endpoint: (R) S[6]

                   Capture    Launch  
      Path Delay:+    1390         -  
      Drv Adjust:+       0         0  
         Arrival:=    1390            
                                      
   Required Time:=    1390            
       Data Path:-    1390            
           Slack:=       0            

Exceptions/Constraints:
  max_delay             1390            constraints.sdc_line_1 

#-------------------------------------------------------------------------------------------------------
# Timing Point   Flags   Arc   Edge           Cell             Fanout Load Trans Delay Arrival Instance 
#                                                                     (fF)  (ps)  (ps)   (ps)  Location 
#-------------------------------------------------------------------------------------------------------
  A[3]           -       -     F     (arrival)                      2 25.8  1000     0       0    (-,-) 
  g10061/Y       -       A->Y  R     sky130_fd_sc_hd__clkinv_8      3  9.9   135   197     197    (-,-) 
  g10011__7098/Y -       A->Y  F     sky130_fd_sc_hd__nand2_1       3  9.2    83   108     304    (-,-) 
  g9852__2883/Y  -       B->Y  R     sky130_fd_sc_hd__nand4_1       1  3.7    79   102     406    (-,-) 
  g9834__4319/Y  -       A->Y  F     sky130_fd_sc_hd__nand2_1       1  4.2    46    62     468    (-,-) 
  g9829/Y        -       A->Y  R     sky130_fd_sc_hd__clkinv_1      1  5.7    40    54     522    (-,-) 
  g9806__7410/Y  -       A->Y  F     sky130_fd_sc_hd__nand3_2       2  7.8    70    67     589    (-,-) 
  g9800/X        -       A->X  F     sky130_fd_sc_hd__buf_2         4 17.4    55   160     749    (-,-) 
  g9770__2346/Y  -       A1->Y R     sky130_fd_sc_hd__a21oi_1       1  4.9   147   151     900    (-,-) 
  g10178/X       -       C->X  R     sky130_fd_sc_hd__xnor3_1       1 51.3   509   489    1389    (-,-) 
  S[6]           <<<     -     R     (port)                         -    -     -     0    1390    (-,-) 
#-------------------------------------------------------------------------------------------------------

