============================================================
  Generated by:           Genus(TM) Synthesis Solution 23.12-s086_1
  Generated on:           Apr 11 2025  03:41:23 pm
  Module:                 ladner_fischer_32bits
  Operating conditions:   tt_025C_1v80 
  Interconnect mode:      global
  Area mode:              physical library
============================================================

             Instance                   Module       Cell-Count  Cell-Area  Net-Area   Total-Area 
--------------------------------------------------------------------------------------------------
ladner_fischer_32bits              NA                       526   3520.877  2673.660     6194.537 
  C0                               carry                      1      7.507     0.000        7.507 
  C1                               carry_465                  1      7.507     0.000        7.507 
  C10                              carry_456                  2     20.019     3.394       23.413 
  C11                              carry_455                  1      7.507     0.000        7.507 
  C12                              carry_454                  1      7.507     0.000        7.507 
  C13                              carry_453                  1      7.507     0.000        7.507 
  C14                              carry_452                  2     20.019     3.394       23.413 
  C15                              carry_451                  2     10.010     3.394       13.403 
  C16                              carry_450                  2     17.517     3.394       20.911 
  C17                              carry_449                  2     17.517     3.394       20.911 
  C18                              carry_448                  3     22.522     6.787       29.309 
  C19                              carry_447                  2     17.517     3.394       20.911 
  C2                               carry_464                  1      7.507     0.000        7.507 
  C20                              carry_446                  3     22.522     6.787       29.309 
  C21                              carry_445                  2     17.517     3.394       20.911 
  C22                              carry_444                  3     22.522     6.787       29.309 
  C23                              carry_443                  2     17.517     3.394       20.911 
  C24                              carry_442                  3     16.266     6.787       23.053 
  C25                              carry_441                  2     17.517     3.394       20.911 
  C26                              carry_440                  3     22.522     6.787       29.309 
  C27                              carry_439                  2     17.517     3.394       20.911 
  C28                              carry_438                  3     21.270     6.787       28.058 
  C29                              carry_437                  2     17.517     3.394       20.911 
  C3                               carry_463                  1      7.507     0.000        7.507 
  C30                              carry_436                  3     21.270     6.787       28.058 
  C31                              carry_435                  1      8.758     0.000        8.758 
  C4                               carry_462                  1      7.507     0.000        7.507 
  C5                               carry_461                  1      7.507     0.000        7.507 
  C6                               carry_460                  2     10.010     3.394       13.403 
  C7                               carry_459                  1      7.507     0.000        7.507 
  C8                               carry_458                  1      7.507     0.000        7.507 
  C9                               carry_457                  1      7.507     0.000        7.507 
  GENERATE_PROPAGATE[0].GENERATE   generate_i                 1      8.758     0.000        8.758 
  GENERATE_PROPAGATE[0].PROPAGATE  propagate_i                4     17.517    10.181       27.698 
  GENERATE_PROPAGATE[10].GENERATE  generate_i_487             1      8.758     0.000        8.758 
  GENERATE_PROPAGATE[10].PROPAGATE propagate_i_580            5     21.270    13.575       34.845 
  GENERATE_PROPAGATE[11].GENERATE  generate_i_486             1      6.256     0.000        6.256 
  GENERATE_PROPAGATE[11].PROPAGATE propagate_i_579            4     27.526    10.181       37.708 
  GENERATE_PROPAGATE[12].GENERATE  generate_i_485             1      8.758     0.000        8.758 
  GENERATE_PROPAGATE[12].PROPAGATE propagate_i_578            5     21.270    13.575       34.845 
  GENERATE_PROPAGATE[13].GENERATE  generate_i_484             1      6.256     0.000        6.256 
  GENERATE_PROPAGATE[13].PROPAGATE propagate_i_577            4     27.526    10.181       37.708 
  GENERATE_PROPAGATE[14].GENERATE  generate_i_483             1      6.256     0.000        6.256 
  GENERATE_PROPAGATE[14].PROPAGATE propagate_i_576            5     21.270    13.575       34.845 
  GENERATE_PROPAGATE[15].GENERATE  generate_i_482             1      6.256     0.000        6.256 
  GENERATE_PROPAGATE[15].PROPAGATE propagate_i_575            4     35.034    10.181       45.215 
  GENERATE_PROPAGATE[16].GENERATE  generate_i_481             1      6.256     0.000        6.256 
  GENERATE_PROPAGATE[16].PROPAGATE propagate_i_574            5     21.270    13.575       34.845 
  GENERATE_PROPAGATE[17].GENERATE  generate_i_480             1      6.256     0.000        6.256 
  GENERATE_PROPAGATE[17].PROPAGATE propagate_i_573            1     16.266     0.000       16.266 
  GENERATE_PROPAGATE[18].GENERATE  generate_i_479             1      6.256     0.000        6.256 
  GENERATE_PROPAGATE[18].PROPAGATE propagate_i_572            4     35.034    10.181       45.215 
  GENERATE_PROPAGATE[19].GENERATE  generate_i_478             1      6.256     0.000        6.256 
  GENERATE_PROPAGATE[19].PROPAGATE propagate_i_571            5     18.768    13.575       32.343 
  GENERATE_PROPAGATE[1].GENERATE   generate_i_496             1      6.256     0.000        6.256 
  GENERATE_PROPAGATE[1].PROPAGATE  propagate_i_589            5     21.270    13.575       34.845 
  GENERATE_PROPAGATE[20].GENERATE  generate_i_477             1      6.256     0.000        6.256 
  GENERATE_PROPAGATE[20].PROPAGATE propagate_i_570            1      8.758     0.000        8.758 
  GENERATE_PROPAGATE[21].GENERATE  generate_i_476             1      6.256     0.000        6.256 
  GENERATE_PROPAGATE[21].PROPAGATE propagate_i_569            5     18.768    13.575       32.343 
  GENERATE_PROPAGATE[22].GENERATE  generate_i_475             1      6.256     0.000        6.256 
  GENERATE_PROPAGATE[22].PROPAGATE propagate_i_568            3     16.266     6.787       23.053 
  GENERATE_PROPAGATE[23].GENERATE  generate_i_474             1      6.256     0.000        6.256 
  GENERATE_PROPAGATE[23].PROPAGATE propagate_i_567            3     18.768     6.787       25.555 
  GENERATE_PROPAGATE[24].GENERATE  generate_i_473             1      6.256     0.000        6.256 
  GENERATE_PROPAGATE[24].PROPAGATE propagate_i_566            4     27.526    10.181       37.708 
  GENERATE_PROPAGATE[25].GENERATE  generate_i_472             1      6.256     0.000        6.256 
  GENERATE_PROPAGATE[25].PROPAGATE propagate_i_565            3     16.266     6.787       23.053 
  GENERATE_PROPAGATE[26].GENERATE  generate_i_471             1      6.256     0.000        6.256 
  GENERATE_PROPAGATE[26].PROPAGATE propagate_i_564            1      8.758     0.000        8.758 
  GENERATE_PROPAGATE[27].GENERATE  generate_i_470             1      6.256     0.000        6.256 
  GENERATE_PROPAGATE[27].PROPAGATE propagate_i_563            5     31.280    13.575       44.855 
  GENERATE_PROPAGATE[28].GENERATE  generate_i_469             1      6.256     0.000        6.256 
  GENERATE_PROPAGATE[28].PROPAGATE propagate_i_562            2     15.014     3.394       18.408 
  GENERATE_PROPAGATE[29].GENERATE  generate_i_468             1      6.256     0.000        6.256 
  GENERATE_PROPAGATE[29].PROPAGATE propagate_i_561            3     18.768     6.787       25.555 
  GENERATE_PROPAGATE[2].GENERATE   generate_i_495             3     11.261     6.787       18.048 
  GENERATE_PROPAGATE[2].PROPAGATE  propagate_i_588            3     16.266     6.787       23.053 
  GENERATE_PROPAGATE[30].GENERATE  generate_i_467             1      6.256     0.000        6.256 
  GENERATE_PROPAGATE[30].PROPAGATE propagate_i_560            1      8.758     0.000        8.758 
  GENERATE_PROPAGATE[31].GENERATE  generate_i_466             1      6.256     0.000        6.256 
  GENERATE_PROPAGATE[31].PROPAGATE propagate_i_559            1      8.758     0.000        8.758 
  GENERATE_PROPAGATE[3].GENERATE   generate_i_494             1      6.256     0.000        6.256 
  GENERATE_PROPAGATE[3].PROPAGATE  propagate_i_587            5     21.270    13.575       34.845 
  GENERATE_PROPAGATE[4].GENERATE   generate_i_493             3     11.261     6.787       18.048 
  GENERATE_PROPAGATE[4].PROPAGATE  propagate_i_586            1      8.758     0.000        8.758 
  GENERATE_PROPAGATE[5].GENERATE   generate_i_492             3     11.261     6.787       18.048 
  GENERATE_PROPAGATE[5].PROPAGATE  propagate_i_585            5     23.773    13.575       37.348 
  GENERATE_PROPAGATE[6].GENERATE   generate_i_491             3     11.261     6.787       18.048 
  GENERATE_PROPAGATE[6].PROPAGATE  propagate_i_584            3     16.266     6.787       23.053 
  GENERATE_PROPAGATE[7].GENERATE   generate_i_490             3     11.261     6.787       18.048 
  GENERATE_PROPAGATE[7].PROPAGATE  propagate_i_583            5     21.270    13.575       34.845 
  GENERATE_PROPAGATE[8].GENERATE   generate_i_489             1      6.256     0.000        6.256 
  GENERATE_PROPAGATE[8].PROPAGATE  propagate_i_582            3     18.768     6.787       25.555 
  GENERATE_PROPAGATE[9].GENERATE   generate_i_488             1      6.256     0.000        6.256 
  GENERATE_PROPAGATE[9].PROPAGATE  propagate_i_581            3     33.782     6.787       40.570 
  LEVEL_1[11].B1                   bolinha_430                2     16.266     0.000       16.266 
    GENERATE                       generate_ij_554            1      7.507     0.000        7.507 
    PROPAGATE                      propagate_ij_647           1      8.758     0.000        8.758 
  LEVEL_1[13].B1                   bolinha_429                2     16.266     0.000       16.266 
    GENERATE                       generate_ij_553            1      7.507     0.000        7.507 
    PROPAGATE                      propagate_ij_646           1      8.758     0.000        8.758 
  LEVEL_1[15].B1                   bolinha_428                2     16.266     0.000       16.266 
    GENERATE                       generate_ij_552            1      7.507     0.000        7.507 
    PROPAGATE                      propagate_ij_645           1      8.758     0.000        8.758 
  LEVEL_1[17].B1                   bolinha_427                2     16.266     0.000       16.266 
    GENERATE                       generate_ij_551            1      7.507     0.000        7.507 
    PROPAGATE                      propagate_ij_644           1      8.758     0.000        8.758 
  LEVEL_1[19].B1                   bolinha_426                2     16.266     0.000       16.266 
    GENERATE                       generate_ij_550            1      7.507     0.000        7.507 
    PROPAGATE                      propagate_ij_643           1      8.758     0.000        8.758 
  LEVEL_1[1].B1                    bolinha                    4     25.024     6.787       31.811 
    GENERATE                       generate_ij                3     16.266     6.787       23.053 
    PROPAGATE                      propagate_ij               1      8.758     0.000        8.758 
  LEVEL_1[21].B1                   bolinha_425                2     16.266     0.000       16.266 
    GENERATE                       generate_ij_549            1      7.507     0.000        7.507 
    PROPAGATE                      propagate_ij_642           1      8.758     0.000        8.758 
  LEVEL_1[23].B1                   bolinha_424                2     16.266     0.000       16.266 
    GENERATE                       generate_ij_548            1      7.507     0.000        7.507 
    PROPAGATE                      propagate_ij_641           1      8.758     0.000        8.758 
  LEVEL_1[25].B1                   bolinha_423                2     16.266     0.000       16.266 
    GENERATE                       generate_ij_547            1      7.507     0.000        7.507 
    PROPAGATE                      propagate_ij_640           1      8.758     0.000        8.758 
  LEVEL_1[27].B1                   bolinha_422                2     13.763     0.000       13.763 
    GENERATE                       generate_ij_546            1      7.507     0.000        7.507 
    PROPAGATE                      propagate_ij_639           1      6.256     0.000        6.256 
  LEVEL_1[29].B1                   bolinha_421                2     13.763     0.000       13.763 
    GENERATE                       generate_ij_545            1      7.507     0.000        7.507 
    PROPAGATE                      propagate_ij_638           1      6.256     0.000        6.256 
  LEVEL_1[31].B1                   bolinha_420                2     13.763     0.000       13.763 
    GENERATE                       generate_ij_544            1      7.507     0.000        7.507 
    PROPAGATE                      propagate_ij_637           1      6.256     0.000        6.256 
  LEVEL_1[3].B1                    bolinha_434                2     16.266     0.000       16.266 
    GENERATE                       generate_ij_558            1      7.507     0.000        7.507 
    PROPAGATE                      propagate_ij_651           1      8.758     0.000        8.758 
  LEVEL_1[5].B1                    bolinha_433                2     16.266     0.000       16.266 
    GENERATE                       generate_ij_557            1      7.507     0.000        7.507 
    PROPAGATE                      propagate_ij_650           1      8.758     0.000        8.758 
  LEVEL_1[7].B1                    bolinha_432                2     13.763     0.000       13.763 
    GENERATE                       generate_ij_556            1      7.507     0.000        7.507 
    PROPAGATE                      propagate_ij_649           1      6.256     0.000        6.256 
  LEVEL_1[9].B1                    bolinha_431                5     23.773    10.181       33.954 
    GENERATE                       generate_ij_555            3     13.763     6.787       20.551 
    PROPAGATE                      propagate_ij_648           2     10.010     3.394       13.403 
  LEVEL_2[11].B2                   bolinha_417                5     23.773    10.181       33.954 
    GENERATE                       generate_ij_541            3     13.763     6.787       20.551 
    PROPAGATE                      propagate_ij_634           2     10.010     3.394       13.403 
  LEVEL_2[15].B2                   bolinha_416                4     20.019     6.787       26.807 
    GENERATE                       generate_ij_540            2     10.010     3.394       13.403 
    PROPAGATE                      propagate_ij_633           2     10.010     3.394       13.403 
  LEVEL_2[19].B2                   bolinha_415                3     21.270     3.394       24.664 
    GENERATE                       generate_ij_539            2     12.512     3.394       15.906 
    PROPAGATE                      propagate_ij_632           1      8.758     0.000        8.758 
  LEVEL_2[23].B2                   bolinha_414                2     16.266     0.000       16.266 
    GENERATE                       generate_ij_538            1      7.507     0.000        7.507 
    PROPAGATE                      propagate_ij_631           1      8.758     0.000        8.758 
  LEVEL_2[27].B2                   bolinha_413                2     16.266     0.000       16.266 
    GENERATE                       generate_ij_537            1      7.507     0.000        7.507 
    PROPAGATE                      propagate_ij_630           1      8.758     0.000        8.758 
  LEVEL_2[31].B2                   bolinha_412                2     13.763     0.000       13.763 
    GENERATE                       generate_ij_536            1      7.507     0.000        7.507 
    PROPAGATE                      propagate_ij_629           1      6.256     0.000        6.256 
  LEVEL_2[3].B2                    bolinha_419                5     28.778    10.181       38.959 
    GENERATE                       generate_ij_543            3     21.270     6.787       28.058 
    PROPAGATE                      propagate_ij_636           2      7.507     3.394       10.901 
  LEVEL_2[7].B2                    bolinha_418                4     17.517     6.787       24.304 
    GENERATE                       generate_ij_542            2     10.010     3.394       13.403 
    PROPAGATE                      propagate_ij_635           2      7.507     3.394       10.901 
  LEVEL_3[15].B3                   bolinha_409                4     22.522     6.787       29.309 
    GENERATE                       generate_ij_533            3     13.763     6.787       20.551 
    PROPAGATE                      propagate_ij_626           1      8.758     0.000        8.758 
  LEVEL_3[15].B4                   bolinha_408                2     13.763     0.000       13.763 
    GENERATE                       generate_ij_532            1      7.507     0.000        7.507 
    PROPAGATE                      propagate_ij_625           1      6.256     0.000        6.256 
  LEVEL_3[23].B3                   bolinha_407                3     28.778     3.394       32.171 
    GENERATE                       generate_ij_531            2     20.019     3.394       23.413 
    PROPAGATE                      propagate_ij_624           1      8.758     0.000        8.758 
  LEVEL_3[23].B4                   bolinha_406                2     13.763     0.000       13.763 
    GENERATE                       generate_ij_530            1      7.507     0.000        7.507 
    PROPAGATE                      propagate_ij_623           1      6.256     0.000        6.256 
  LEVEL_3[31].B3                   bolinha_405                2     13.763     0.000       13.763 
    GENERATE                       generate_ij_529            1      7.507     0.000        7.507 
    PROPAGATE                      propagate_ij_622           1      6.256     0.000        6.256 
  LEVEL_3[31].B4                   bolinha_404                2     16.266     0.000       16.266 
    GENERATE                       generate_ij_528            1      7.507     0.000        7.507 
    PROPAGATE                      propagate_ij_621           1      8.758     0.000        8.758 
  LEVEL_3[7].B3                    bolinha_411                5     23.773    10.181       33.954 
    GENERATE                       generate_ij_535            3     16.266     6.787       23.053 
    PROPAGATE                      propagate_ij_628           2      7.507     3.394       10.901 
  LEVEL_3[7].B4                    bolinha_410                2     13.763     0.000       13.763 
    GENERATE                       generate_ij_534            1      7.507     0.000        7.507 
    PROPAGATE                      propagate_ij_627           1      6.256     0.000        6.256 
  LEVEL_4[25].B5                   bolinha_403                3     16.266     3.394       19.659 
    GENERATE                       generate_ij_527            2     10.010     3.394       13.403 
    PROPAGATE                      propagate_ij_620           1      6.256     0.000        6.256 
  LEVEL_4[25].B6                   bolinha_402                3     17.517     5.047       22.564 
    GENERATE                       generate_ij_526            1      7.507     0.000        7.507 
    PROPAGATE                      propagate_ij_619           1      6.256     0.000        6.256 
  LEVEL_4[27].B5                   bolinha_401                3     16.266     3.394       19.659 
    GENERATE                       generate_ij_525            2     10.010     3.394       13.403 
    PROPAGATE                      propagate_ij_618           1      6.256     0.000        6.256 
  LEVEL_4[27].B6                   bolinha_400                2     13.763     0.000       13.763 
    GENERATE                       generate_ij_524            1      7.507     0.000        7.507 
    PROPAGATE                      propagate_ij_617           1      6.256     0.000        6.256 
  LEVEL_4[29].B5                   bolinha_399                3     18.768     3.394       22.162 
    GENERATE                       generate_ij_523            2     10.010     3.394       13.403 
    PROPAGATE                      propagate_ij_616           1      8.758     0.000        8.758 
  LEVEL_4[29].B6                   bolinha_398                2     13.763     0.000       13.763 
    GENERATE                       generate_ij_522            1      7.507     0.000        7.507 
    PROPAGATE                      propagate_ij_615           1      6.256     0.000        6.256 
  LEVEL_4[31].B5                   bolinha_397                2     13.763     0.000       13.763 
    GENERATE                       generate_ij_521            1      7.507     0.000        7.507 
    PROPAGATE                      propagate_ij_614           1      6.256     0.000        6.256 
  LEVEL_4[31].B6                   bolinha_396                2     23.773     0.000       23.773 
    GENERATE                       generate_ij_520            1     15.014     0.000       15.014 
    PROPAGATE                      propagate_ij_613           1      8.758     0.000        8.758 
  LEVEL_5[17].B7                   bolinha_395                2     15.014     0.000       15.014 
    GENERATE                       generate_ij_519            1      7.507     0.000        7.507 
    PROPAGATE                      propagate_ij_612           1      7.507     0.000        7.507 
  LEVEL_5[19].B7                   bolinha_394                2     15.014     0.000       15.014 
    GENERATE                       generate_ij_518            1      7.507     0.000        7.507 
    PROPAGATE                      propagate_ij_611           1      7.507     0.000        7.507 
  LEVEL_5[21].B7                   bolinha_393                2     13.763     0.000       13.763 
    GENERATE                       generate_ij_517            1      7.507     0.000        7.507 
    PROPAGATE                      propagate_ij_610           1      6.256     0.000        6.256 
  LEVEL_5[23].B7                   bolinha_392                2     16.266     0.000       16.266 
    GENERATE                       generate_ij_516            1      7.507     0.000        7.507 
    PROPAGATE                      propagate_ij_609           1      8.758     0.000        8.758 
  LEVEL_5[25].B7                   bolinha_391                2     13.763     0.000       13.763 
    GENERATE                       generate_ij_515            1      7.507     0.000        7.507 
    PROPAGATE                      propagate_ij_608           1      6.256     0.000        6.256 
  LEVEL_5[27].B7                   bolinha_390                2     13.763     0.000       13.763 
    GENERATE                       generate_ij_514            1      7.507     0.000        7.507 
    PROPAGATE                      propagate_ij_607           1      6.256     0.000        6.256 
  LEVEL_5[29].B7                   bolinha_389                3     23.773     3.394       27.167 
    GENERATE                       generate_ij_513            2     17.517     3.394       20.911 
    PROPAGATE                      propagate_ij_606           1      6.256     0.000        6.256 
  LEVEL_5[31].B7                   bolinha_388                2     13.763     0.000       13.763 
    GENERATE                       generate_ij_512            1      7.507     0.000        7.507 
    PROPAGATE                      propagate_ij_605           1      6.256     0.000        6.256 
  LEVEL_6[10].B8                   bolinha_383                2     13.763     0.000       13.763 
    GENERATE                       generate_ij_507            1      7.507     0.000        7.507 
    PROPAGATE                      propagate_ij_600           1      6.256     0.000        6.256 
  LEVEL_6[12].B8                   bolinha_382                2     13.763     0.000       13.763 
    GENERATE                       generate_ij_506            1      7.507     0.000        7.507 
    PROPAGATE                      propagate_ij_599           1      6.256     0.000        6.256 
  LEVEL_6[14].B8                   bolinha_381                2     13.763     0.000       13.763 
    GENERATE                       generate_ij_505            1      7.507     0.000        7.507 
    PROPAGATE                      propagate_ij_598           1      6.256     0.000        6.256 
  LEVEL_6[16].B8                   bolinha_380                2     13.763     0.000       13.763 
    GENERATE                       generate_ij_504            1      7.507     0.000        7.507 
    PROPAGATE                      propagate_ij_597           1      6.256     0.000        6.256 
  LEVEL_6[18].B8                   bolinha_379                3     21.270     3.394       24.664 
    GENERATE                       generate_ij_503            2     12.512     3.394       15.906 
    PROPAGATE                      propagate_ij_596           1      8.758     0.000        8.758 
  LEVEL_6[20].B8                   bolinha_378                3     21.270     3.394       24.664 
    GENERATE                       generate_ij_502            2     12.512     3.394       15.906 
    PROPAGATE                      propagate_ij_595           1      8.758     0.000        8.758 
  LEVEL_6[22].B8                   bolinha_377                3     16.266     3.394       19.659 
    GENERATE                       generate_ij_501            2     10.010     3.394       13.403 
    PROPAGATE                      propagate_ij_594           1      6.256     0.000        6.256 
  LEVEL_6[24].B8                   bolinha_376                3     18.768     3.394       22.162 
    GENERATE                       generate_ij_500            2     10.010     3.394       13.403 
    PROPAGATE                      propagate_ij_593           1      8.758     0.000        8.758 
  LEVEL_6[26].B8                   bolinha_375                3     18.768     3.394       22.162 
    GENERATE                       generate_ij_499            2     10.010     3.394       13.403 
    PROPAGATE                      propagate_ij_592           1      8.758     0.000        8.758 
  LEVEL_6[28].B8                   bolinha_374                3     18.768     3.394       22.162 
    GENERATE                       generate_ij_498            2     10.010     3.394       13.403 
    PROPAGATE                      propagate_ij_591           1      8.758     0.000        8.758 
  LEVEL_6[2].B8                    bolinha_387                2     13.763     0.000       13.763 
    GENERATE                       generate_ij_511            1      7.507     0.000        7.507 
    PROPAGATE                      propagate_ij_604           1      6.256     0.000        6.256 
  LEVEL_6[30].B8                   bolinha_373                3     21.270     3.394       24.664 
    GENERATE                       generate_ij_497            2     12.512     3.394       15.906 
    PROPAGATE                      propagate_ij_590           1      8.758     0.000        8.758 
  LEVEL_6[4].B8                    bolinha_386                2     13.763     0.000       13.763 
    GENERATE                       generate_ij_510            1      7.507     0.000        7.507 
    PROPAGATE                      propagate_ij_603           1      6.256     0.000        6.256 
  LEVEL_6[6].B8                    bolinha_385                2     13.763     0.000       13.763 
    GENERATE                       generate_ij_509            1      7.507     0.000        7.507 
    PROPAGATE                      propagate_ij_602           1      6.256     0.000        6.256 
  LEVEL_6[8].B8                    bolinha_384                2     13.763     0.000       13.763 
    GENERATE                       generate_ij_508            1      7.507     0.000        7.507 
    PROPAGATE                      propagate_ij_601           1      6.256     0.000        6.256 
  S0                               soutput                    1      8.758     0.000        8.758 
  S1                               soutput_682                1      8.758     0.000        8.758 
  S10                              soutput_673                1     15.014     0.000       15.014 
  S11                              soutput_672                3     27.526     8.441       35.967 
  S12                              soutput_671                1     15.014     0.000       15.014 
  S13                              soutput_670                3     27.526     8.441       35.967 
  S14                              soutput_669                1     15.014     0.000       15.014 
  S15                              soutput_668                2     23.773     5.047       28.820 
  S16                              soutput_667                1     15.014     0.000       15.014 
  S17                              soutput_666                2     23.773     5.047       28.820 
  S18                              soutput_665                2     23.773     5.047       28.820 
  S19                              soutput_664                4     45.043    10.181       55.224 
  S2                               soutput_681                1      8.758     0.000        8.758 
  S20                              soutput_663                2     23.773     5.047       28.820 
  S21                              soutput_662                4     45.043    10.181       55.224 
  S22                              soutput_661                2     23.773     5.047       28.820 
  S23                              soutput_660                5     53.802    15.228       69.030 
  S24                              soutput_659                2     23.773     5.047       28.820 
  S25                              soutput_658                4     43.792    10.181       53.973 
  S26                              soutput_657                2     23.773     5.047       28.820 
  S27                              soutput_656                4     51.299    10.181       61.480 
  S28                              soutput_655                2     23.773     5.047       28.820 
  S29                              soutput_654                4     51.299    10.181       61.480 
  S3                               soutput_680                1     12.512     0.000       12.512 
  S30                              soutput_653                2     23.773     5.047       28.820 
  S31                              soutput_652                5     45.043    13.575       58.618 
  S4                               soutput_679                1     12.512     0.000       12.512 
  S5                               soutput_678                1     12.512     0.000       12.512 
  S6                               soutput_677                1     12.512     0.000       12.512 
  S7                               soutput_676                1     15.014     0.000       15.014 
  S8                               soutput_675                1     12.512     0.000       12.512 
  S9                               soutput_674                1     15.014     0.000       15.014 
