============================================================
  Generated by:           Genus(TM) Synthesis Solution 23.12-s086_1
  Generated on:           Apr 11 2025  03:41:23 pm
  Module:                 ladner_fischer_32bits
  Operating conditions:   tt_025C_1v80 
  Interconnect mode:      global
  Area mode:              physical library
============================================================


Path 1: MET (0 ps) Path Delay Check
     Startpoint: (F) A[9]
       Endpoint: (R) S[19]

                   Capture    Launch  
      Path Delay:+    1810         -  
      Drv Adjust:+       0         0  
         Arrival:=    1810            
                                      
   Required Time:=    1810            
       Data Path:-    1810            
           Slack:=       0            

Exceptions/Constraints:
  max_delay             1810            constraints.sdc_line_1 

#-------------------------------------------------------------------------------------------------------------------------------------
#                Timing Point                 Flags    Arc   Edge           Cell             Fanout Load Trans Delay Arrival Instance 
#                                                                                                   (fF)  (ps)  (ps)   (ps)  Location 
#-------------------------------------------------------------------------------------------------------------------------------------
  A[9]                                        -       -      F     (arrival)                      1  3.3  1000     0       0    (-,-) 
  g62/X                                       -       A->X   F     sky130_fd_sc_hd__buf_1         3 14.6   104   370     370    (-,-) 
  GENERATE_PROPAGATE[9].PROPAGATE/g2__4319/Y  -       A_N->Y F     sky130_fd_sc_hd__nand2b_4      1  5.6    40   161     532    (-,-) 
  GENERATE_PROPAGATE[9].PROPAGATE/g19__6260/Y -       A->Y   R     sky130_fd_sc_hd__nand2_2       3 13.1    86    82     614    (-,-) 
  LEVEL_1[9].B1/GENERATE/g3/Y                 -       A->Y   F     sky130_fd_sc_hd__nand2_1       1  5.5    55    71     685    (-,-) 
  LEVEL_1[9].B1/GENERATE/g1/Y                 -       B->Y   R     sky130_fd_sc_hd__nand2_2       2  6.9    56    76     760    (-,-) 
  LEVEL_2[11].B2/GENERATE/g14__4733/Y         -       A->Y   F     sky130_fd_sc_hd__nand2_1       1  5.6    50    62     823    (-,-) 
  LEVEL_2[11].B2/GENERATE/g13__7482/Y         -       A->Y   R     sky130_fd_sc_hd__nand2_2       3 12.2    82    83     906    (-,-) 
  LEVEL_3[15].B3/GENERATE/g14__5122/Y         -       A->Y   F     sky130_fd_sc_hd__nand2_2       1  3.6    34    48     954    (-,-) 
  LEVEL_3[15].B3/GENERATE/g13__1705/Y         -       A->Y   R     sky130_fd_sc_hd__nand2_1       1  6.1    73    70    1024    (-,-) 
  LEVEL_4[31].B6/GENERATE/g19__7098/X         -       B1->X  R     sky130_fd_sc_hd__a21o_4       10 30.3    95   137    1161    (-,-) 
  LEVEL_5[17].B7/GENERATE/g19__1881/X         -       A1->X  R     sky130_fd_sc_hd__a21o_1        2  6.8    71   139    1300    (-,-) 
  LEVEL_6[18].B8/GENERATE/g20__9945/Y         -       A->Y   F     sky130_fd_sc_hd__nand2_1       1  5.6    53    67    1367    (-,-) 
  LEVEL_6[18].B8/GENERATE/g19__9315/Y         -       B->Y   R     sky130_fd_sc_hd__nand2b_2      1  6.8    58    75    1442    (-,-) 
  C18/g21/Y                                   -       A->Y   F     sky130_fd_sc_hd__clkinv_2      1  9.7    46    63    1505    (-,-) 
  C18/g19__2398/Y                             -       B->Y   R     sky130_fd_sc_hd__nand2_4       2 12.2    58    74    1579    (-,-) 
  S19/g2__6783/Y                              -       B->Y   F     sky130_fd_sc_hd__nand2b_2      1 17.6    94    96    1676    (-,-) 
  S19/g15__8428/Y                             -       B->Y   R     sky130_fd_sc_hd__nand2_8       1 51.3   110   134    1810    (-,-) 
  S[19]                                       <<<     -      R     (port)                         -    -     -     0    1810    (-,-) 
#-------------------------------------------------------------------------------------------------------------------------------------

