============================================================
  Generated by:           Genus(TM) Synthesis Solution 23.12-s086_1
  Generated on:           Apr 14 2025  03:06:01 pm
  Module:                 signal_32bits
  Operating conditions:   tt_025C_1v80 
  Interconnect mode:      global
  Area mode:              physical library
============================================================


Path 1: MET (2 ps) Path Delay Check
     Startpoint: (F) A[0]
       Endpoint: (R) S[31]

                   Capture    Launch  
      Path Delay:+    2500         -  
      Drv Adjust:+       0         0  
         Arrival:=    2500            
                                      
   Required Time:=    2500            
       Data Path:-    2498            
           Slack:=       2            

Exceptions/Constraints:
  max_delay             2500            constraints.sdc_line_1 

#-------------------------------------------------------------------------------------------------------------------------
#         Timing Point          Flags    Arc    Edge            Cell             Fanout Load Trans Delay Arrival Instance 
#                                                                                       (fF)  (ps)  (ps)   (ps)  Location 
#-------------------------------------------------------------------------------------------------------------------------
  A[0]                          -       -       F     (arrival)                       1  8.0  1000     0       0    (-,-) 
  g14/X                         -       A->X    F     sky130_fd_sc_hd__buf_8          3 19.7    55   424     424    (-,-) 
  addinc_add_7_30_g1316__2398/Y -       A->Y    R     sky130_fd_sc_hd__nor2_4         1  5.9    71   104     528    (-,-) 
  addinc_add_7_30_g1258__8428/Y -       B2->Y   F     sky130_fd_sc_hd__o2bb2ai_2      2 10.4    60    75     604    (-,-) 
  addinc_add_7_30_g1246__9315/Y -       A->Y    R     sky130_fd_sc_hd__nand2_2        1  5.9    53    65     668    (-,-) 
  addinc_add_7_30_g1244__4733/Y -       A->Y    F     sky130_fd_sc_hd__nand2_2        2  8.4    48    56     725    (-,-) 
  addinc_add_7_30_g1242__5115/Y -       A->Y    R     sky130_fd_sc_hd__nand2_1        1  5.9    72    74     799    (-,-) 
  addinc_add_7_30_g1240__6131/Y -       A->Y    F     sky130_fd_sc_hd__nand2_2        2 10.4    55    68     866    (-,-) 
  addinc_add_7_30_g1239__7098/Y -       A->Y    R     sky130_fd_sc_hd__nand2_2        1  5.9    53    62     929    (-,-) 
  addinc_add_7_30_g1237__5122/Y -       A->Y    F     sky130_fd_sc_hd__nand2_2        4 14.1    67    72    1001    (-,-) 
  addinc_add_7_30_g1235__1705/Y -       A->Y    R     sky130_fd_sc_hd__nand3_1        1  3.7    71    78    1079    (-,-) 
  addinc_add_7_30_g1233__1617/Y -       A->Y    F     sky130_fd_sc_hd__nand2_1        2  7.1    65    75    1154    (-,-) 
  addinc_add_7_30_g1229__5526/Y -       A->Y    R     sky130_fd_sc_hd__nand2_1        1  5.7    73    81    1235    (-,-) 
  addinc_add_7_30_g1224__2398/Y -       A->Y    F     sky130_fd_sc_hd__nand3_2        3 13.3    98   100    1334    (-,-) 
  addinc_add_7_30_g1216__9315/Y -       A->Y    R     sky130_fd_sc_hd__nand3_2        1  5.9    64    84    1418    (-,-) 
  addinc_add_7_30_g1211__1881/Y -       A->Y    F     sky130_fd_sc_hd__nand2_2        4 13.3    73    73    1492    (-,-) 
  addinc_add_7_30_g1208__7098/Y -       A->Y    R     sky130_fd_sc_hd__nand3_1        1  3.7    71    81    1573    (-,-) 
  addinc_add_7_30_g1201__3680/Y -       A->Y    F     sky130_fd_sc_hd__nand2_1        2  7.1    84    75    1648    (-,-) 
  addinc_add_7_30_g1197__8428/Y -       A->Y    R     sky130_fd_sc_hd__nand2_1        1  3.7    57    76    1724    (-,-) 
  addinc_add_7_30_g1190__7410/Y -       A->Y    F     sky130_fd_sc_hd__nand2_1        4 10.4    85    88    1812    (-,-) 
  addinc_add_7_30_g1178__7098/Y -       A1->Y   R     sky130_fd_sc_hd__a31oi_1        3  8.7   250   225    2037    (-,-) 
  addinc_add_7_30_g1168__4319/Y -       A2->Y   F     sky130_fd_sc_hd__o21ai_1        2 10.2   112   144    2180    (-,-) 
  addinc_add_7_30_g1165__2398/X -       A2_N->X R     sky130_fd_sc_hd__a2bb2o_4       1 51.3   168   318    2498    (-,-) 
  S[31]                         <<<     -       R     (port)                          -    -     -     0    2498    (-,-) 
#-------------------------------------------------------------------------------------------------------------------------

