============================================================
  Generated by:           Genus(TM) Synthesis Solution 23.12-s086_1
  Generated on:           Apr 14 2025  03:06:02 pm
  Module:                 signal_32bits
  Operating conditions:   tt_025C_1v80 
  Interconnect mode:      global
  Area mode:              physical library
============================================================

Timing
-------
  Cost    Critical         Violating 
 Group   Path Slack  TNS     Paths   
-------------------------------------
default         1.6   0.0          0 
-------------------------------------
Total                 0.0          0 

Instance Count
--------------
Leaf Instance Count             237 
Physical Instance count           0 
Sequential Instance Count         0 
Combinational Instance Count    237 
Hierarchical Instance Count       0 

Area
----
Cell Area                          1361.306
Physical Cell Area                 0.000
Total Cell Area (Cell+Physical)    1361.306
Net Area                           1451.477
Total Area (Cell+Physical+Net)     2812.783

Max Fanout                         4 (addinc_add_7_30_n_27)
Min Fanout                         1 (n_28)
Average Fanout                     1.9
Terms to net ratio                 2.5298
Terms to instance ratio            3.2236
Runtime                            14.006916 seconds
Elapsed Runtime                    15 seconds
Genus peak memory usage            2012.71 
Innovus peak memory usage          no_value 
Hostname                           cadmicro-inf-el8-623207
