============================================================
  Generated by:           Genus(TM) Synthesis Solution 23.12-s086_1
  Generated on:           Apr 14 2025  01:39:49 pm
  Module:                 signal_32bits
  Operating conditions:   tt_025C_1v80 
  Interconnect mode:      global
  Area mode:              physical library
============================================================

Timing
-------
  Cost    Critical         Violating 
 Group   Path Slack  TNS     Paths   
-------------------------------------
default      2964.0   0.0          0 
-------------------------------------
Total                 0.0          0 

Instance Count
--------------
Leaf Instance Count             177 
Physical Instance count           0 
Sequential Instance Count         0 
Combinational Instance Count    177 
Hierarchical Instance Count       0 

Area
----
Cell Area                          1086.042
Physical Cell Area                 0.000
Total Cell Area (Cell+Physical)    1086.042
Net Area                           1147.520
Total Area (Cell+Physical+Net)     2233.562

Max Fanout                         4 (addinc_add_7_30_n_0)
Min Fanout                         1 (B[1])
Average Fanout                     1.7
Terms to net ratio                 2.3508
Terms to instance ratio            3.2938
Runtime                            13.411781 seconds
Elapsed Runtime                    14 seconds
Genus peak memory usage            1942.50 
Innovus peak memory usage          no_value 
Hostname                           cadmicro-inf-el8-623207
