============================================================
  Generated by:           Genus(TM) Synthesis Solution 23.12-s086_1
  Generated on:           Apr 14 2025  04:31:37 pm
  Module:                 carry_select_adder_661010_32bits
  Operating conditions:   tt_025C_1v80 
  Interconnect mode:      global
  Area mode:              physical library
============================================================

Timing
-------
  Cost    Critical         Violating 
 Group   Path Slack  TNS     Paths   
-------------------------------------
default         0.3   0.0          0 
-------------------------------------
Total                 0.0          0 

Instance Count
--------------
Leaf Instance Count             415 
Physical Instance count           0 
Sequential Instance Count         0 
Combinational Instance Count    415 
Hierarchical Instance Count       0 

Area
----
Cell Area                          2916.547
Physical Cell Area                 0.000
Total Cell Area (Cell+Physical)    2916.547
Net Area                           2179.740
Total Area (Cell+Physical+Net)     5096.287

Max Fanout                         11 (n_423)
Min Fanout                         1 (n_1)
Average Fanout                     1.7
Terms to net ratio                 2.4813
Terms to instance ratio            2.8819
Runtime                            21.183457 seconds
Elapsed Runtime                    24 seconds
Genus peak memory usage            1965.81 
Innovus peak memory usage          no_value 
Hostname                           cadmicro-inf-el8-623207
