###############################################################
#  Generated by:      Cadence Innovus 23.32-s091_1
#  OS:                Linux x86_64(Host ID cadmicro-inf-el8-623207)
#  Generated on:      Mon Apr 14 12:47:04 2025
#  Design:            signal_32bits
#  Command:           report_timing > reports/report_timing.rpt
###############################################################
Path 1: MET Path Delay Check
Endpoint:   S[31] (^)
Beginpoint: A[0]  (v) triggered by  leading edge of '@'
Path Groups: {default}
Analysis View: default_emulate_view
- External Delay                0.000
+ Path Delay                   13.000
= Required Time                13.000
- Arrival Time                 12.980
= Slack Time                    0.020
     Clock Rise Edge                      0.000
     + Input Delay                        0.000
     = Beginpoint Arrival Time            0.000
     +-------------------------------------------------------------------------------------------------------+ 
     |          Instance          |       Arc       |           Cell            | Delay | Arrival | Required | 
     |                            |                 |                           |       |  Time   |   Time   | 
     |----------------------------+-----------------+---------------------------+-------+---------+----------| 
     |                            | A[0] v          |                           |       |   0.000 |    0.020 | 
     | g823                       | A v -> COUT v   | sky130_fd_sc_hd__fahcin_1 | 0.654 |   0.654 |    0.674 | 
     | g3                         | A v -> Y ^      | sky130_fd_sc_hd__inv_1    | 0.097 |   0.751 |    0.771 | 
     | g822                       | CIN ^ -> COUT v | sky130_fd_sc_hd__fahcin_1 | 0.126 |   0.877 |    0.897 | 
     | g2                         | A1 v -> X v     | sky130_fd_sc_hd__a21o_1   | 0.209 |   1.086 |    1.106 | 
     | addinc_add_7_30_g800__2398 | CIN v -> COUT v | sky130_fd_sc_hd__fa_1     | 0.383 |   1.469 |    1.489 | 
     | addinc_add_7_30_g799__5477 | CIN v -> COUT v | sky130_fd_sc_hd__fa_1     | 0.398 |   1.867 |    1.887 | 
     | addinc_add_7_30_g798__6417 | CIN v -> COUT v | sky130_fd_sc_hd__fa_1     | 0.399 |   2.266 |    2.286 | 
     | addinc_add_7_30_g797__7410 | CIN v -> COUT v | sky130_fd_sc_hd__fa_1     | 0.410 |   2.676 |    2.696 | 
     | addinc_add_7_30_g796__1666 | CIN v -> COUT v | sky130_fd_sc_hd__fa_2     | 0.371 |   3.047 |    3.067 | 
     | addinc_add_7_30_g795__2346 | CIN v -> COUT v | sky130_fd_sc_hd__fa_1     | 0.405 |   3.452 |    3.472 | 
     | addinc_add_7_30_g794__2883 | CIN v -> COUT v | sky130_fd_sc_hd__fa_1     | 0.400 |   3.852 |    3.872 | 
     | addinc_add_7_30_g793__9945 | CIN v -> COUT v | sky130_fd_sc_hd__fa_1     | 0.398 |   4.250 |    4.270 | 
     | addinc_add_7_30_g792__9315 | CIN v -> COUT v | sky130_fd_sc_hd__fa_1     | 0.407 |   4.657 |    4.677 | 
     | addinc_add_7_30_g791__6161 | CIN v -> COUT v | sky130_fd_sc_hd__fa_2     | 0.371 |   5.028 |    5.048 | 
     | addinc_add_7_30_g790__4733 | CIN v -> COUT v | sky130_fd_sc_hd__fa_1     | 0.405 |   5.432 |    5.453 | 
     | addinc_add_7_30_g789__7482 | CIN v -> COUT v | sky130_fd_sc_hd__fa_1     | 0.401 |   5.833 |    5.854 | 
     | addinc_add_7_30_g788__5115 | CIN v -> COUT v | sky130_fd_sc_hd__fa_1     | 0.400 |   6.233 |    6.253 | 
     | addinc_add_7_30_g787__1881 | CIN v -> COUT v | sky130_fd_sc_hd__fa_1     | 0.400 |   6.633 |    6.654 | 
     | addinc_add_7_30_g786__6131 | CIN v -> COUT v | sky130_fd_sc_hd__fa_1     | 0.411 |   7.045 |    7.065 | 
     | addinc_add_7_30_g785__7098 | CIN v -> COUT v | sky130_fd_sc_hd__fa_1     | 0.410 |   7.455 |    7.475 | 
     | addinc_add_7_30_g784__8246 | CIN v -> COUT v | sky130_fd_sc_hd__fa_1     | 0.400 |   7.855 |    7.875 | 
     | addinc_add_7_30_g783__5122 | CIN v -> COUT v | sky130_fd_sc_hd__fa_1     | 0.398 |   8.253 |    8.273 | 
     | addinc_add_7_30_g782__1705 | CIN v -> COUT v | sky130_fd_sc_hd__fa_1     | 0.399 |   8.652 |    8.673 | 
     | addinc_add_7_30_g781__2802 | CIN v -> COUT v | sky130_fd_sc_hd__fa_1     | 0.399 |   9.052 |    9.072 | 
     | addinc_add_7_30_g780__1617 | CIN v -> COUT v | sky130_fd_sc_hd__fa_1     | 0.399 |   9.450 |    9.471 | 
     | addinc_add_7_30_g779__3680 | CIN v -> COUT v | sky130_fd_sc_hd__fa_1     | 0.398 |   9.848 |    9.869 | 
     | addinc_add_7_30_g778__6783 | CIN v -> COUT v | sky130_fd_sc_hd__fa_1     | 0.400 |  10.248 |   10.268 | 
     | addinc_add_7_30_g777__5526 | CIN v -> COUT v | sky130_fd_sc_hd__fa_1     | 0.398 |  10.647 |   10.667 | 
     | addinc_add_7_30_g776__8428 | CIN v -> COUT v | sky130_fd_sc_hd__fa_1     | 0.397 |  11.043 |   11.063 | 
     | addinc_add_7_30_g775__4319 | CIN v -> COUT v | sky130_fd_sc_hd__fa_1     | 0.391 |  11.435 |   11.455 | 
     | addinc_add_7_30_g774__6260 | CIN v -> COUT v | sky130_fd_sc_hd__fa_1     | 0.402 |  11.837 |   11.857 | 
     | addinc_add_7_30_g773__5107 | CIN v -> COUT v | sky130_fd_sc_hd__fa_1     | 0.408 |  12.244 |   12.265 | 
     | addinc_add_7_30_g772__2398 | CIN v -> SUM ^  | sky130_fd_sc_hd__fa_2     | 0.734 |  12.979 |   12.999 | 
     |                            | S[31] ^         |                           | 0.001 |  12.980 |   13.000 | 
     +-------------------------------------------------------------------------------------------------------+ 

