============================================================
  Generated by:           Genus(TM) Synthesis Solution 23.12-s086_1
  Generated on:           Jan 30 2025  11:04:19 pm
  Module:                 alu_WIDTH8
  Technology libraries:   fast_vdd1v2 1.0
                          physical_cells 
  Operating conditions:   PVT_1P32V_0C 
  Interconnect mode:      global
  Area mode:              physical library
============================================================

 Instance  Module  Cell-Count  Cell-Area  Net-Area   Total-Area 
----------------------------------------------------------------
alu_WIDTH8 NA             262    932.634   302.992     1235.626 
============================================================
  Generated by:           Genus(TM) Synthesis Solution 23.12-s086_1
  Generated on:           Jan 30 2025  11:04:43 pm
  Module:                 alu_WIDTH16
  Technology libraries:   fast_vdd1v2 1.0
                          physical_cells 
                          fast_vdd1v2 1.0
                          physical_cells 
  Operating conditions:   PVT_1P32V_0C 
  Interconnect mode:      global
  Area mode:              physical library
============================================================

  Instance  Module  Cell-Count  Cell-Area  Net-Area   Total-Area 
-----------------------------------------------------------------
alu_WIDTH16 NA             513   1608.426   608.568     2216.994 
============================================================
  Generated by:           Genus(TM) Synthesis Solution 23.12-s086_1
  Generated on:           Jan 30 2025  11:05:09 pm
  Module:                 alu_WIDTH32
  Technology libraries:   fast_vdd1v2 1.0
                          physical_cells 
                          fast_vdd1v2 1.0
                          physical_cells 
  Operating conditions:   PVT_1P32V_0C 
  Interconnect mode:      global
  Area mode:              physical library
============================================================

  Instance  Module  Cell-Count  Cell-Area  Net-Area   Total-Area 
-----------------------------------------------------------------
alu_WIDTH32 NA             956   2970.270  1138.946     4109.216 
