============================================================
  Generated by:           Genus(TM) Synthesis Solution 23.12-s086_1
  Generated on:           Apr 14 2025  03:27:17 pm
  Module:                 ripple_carry_adder_32bits
  Operating conditions:   tt_025C_1v80 
  Interconnect mode:      global
  Area mode:              physical library
============================================================


Path 1: MET (203 ps) Path Delay Check
     Startpoint: (F) B[0]
       Endpoint: (R) S[31]

                   Capture    Launch  
      Path Delay:+   13700         -  
      Drv Adjust:+       0         0  
         Arrival:=   13700            
                                      
   Required Time:=   13700            
       Data Path:-   13497            
           Slack:=     203            

Exceptions/Constraints:
  max_delay            13700            constraints.sdc_line_1 

#---------------------------------------------------------------------------------------------------------
#  Timing Point    Flags     Arc     Edge         Cell           Fanout Load Trans Delay Arrival Instance 
#                                                                       (fF)  (ps)  (ps)   (ps)  Location 
#---------------------------------------------------------------------------------------------------------
  B[0]             -       -         F     (arrival)                  1  7.2  1000     0       0    (-,-) 
  g2/COUT          -       B->COUT   F     sky130_fd_sc_hd__fa_1      1  5.8    96   786     786    (-,-) 
  g2068__6260/COUT -       CIN->COUT F     sky130_fd_sc_hd__fa_1      1  5.8    96   396    1182    (-,-) 
  g2067__5107/COUT -       CIN->COUT F     sky130_fd_sc_hd__fa_1      1  5.8    96   396    1579    (-,-) 
  g2066__2398/COUT -       CIN->COUT F     sky130_fd_sc_hd__fa_1      1  5.8    96   396    1975    (-,-) 
  g2065__5477/COUT -       CIN->COUT F     sky130_fd_sc_hd__fa_1      1  5.8    96   396    2371    (-,-) 
  g2064__6417/COUT -       CIN->COUT F     sky130_fd_sc_hd__fa_1      1  5.8    96   396    2768    (-,-) 
  g2063__7410/COUT -       CIN->COUT F     sky130_fd_sc_hd__fa_1      1  5.8    96   396    3164    (-,-) 
  g2062__1666/COUT -       CIN->COUT F     sky130_fd_sc_hd__fa_1      1  5.8    96   396    3560    (-,-) 
  g2061__2346/COUT -       CIN->COUT F     sky130_fd_sc_hd__fa_1      1  5.8    96   396    3956    (-,-) 
  g2060__2883/COUT -       CIN->COUT F     sky130_fd_sc_hd__fa_1      1  5.8    96   396    4353    (-,-) 
  g2059__9945/COUT -       CIN->COUT F     sky130_fd_sc_hd__fa_1      1  5.8    96   396    4749    (-,-) 
  g2058__9315/COUT -       CIN->COUT F     sky130_fd_sc_hd__fa_1      1  5.8    96   396    5145    (-,-) 
  g2057__6161/COUT -       CIN->COUT F     sky130_fd_sc_hd__fa_1      1  5.8    96   396    5542    (-,-) 
  g2056__4733/COUT -       CIN->COUT F     sky130_fd_sc_hd__fa_1      1  5.8    96   396    5938    (-,-) 
  g2055__7482/COUT -       CIN->COUT F     sky130_fd_sc_hd__fa_1      1  5.8    96   396    6334    (-,-) 
  g2054__5115/COUT -       CIN->COUT F     sky130_fd_sc_hd__fa_1      1  5.8    96   396    6730    (-,-) 
  g2053__1881/COUT -       CIN->COUT F     sky130_fd_sc_hd__fa_1      1  5.8    96   396    7127    (-,-) 
  g2052__6131/COUT -       CIN->COUT F     sky130_fd_sc_hd__fa_1      1  5.8    96   396    7523    (-,-) 
  g2051__7098/COUT -       CIN->COUT F     sky130_fd_sc_hd__fa_1      1  5.8    96   396    7919    (-,-) 
  g2050__8246/COUT -       CIN->COUT F     sky130_fd_sc_hd__fa_1      1  5.8    96   396    8316    (-,-) 
  g2049__5122/COUT -       CIN->COUT F     sky130_fd_sc_hd__fa_1      1  5.8    96   396    8712    (-,-) 
  g2048__1705/COUT -       CIN->COUT F     sky130_fd_sc_hd__fa_1      1  5.8    96   396    9108    (-,-) 
  g2047__2802/COUT -       CIN->COUT F     sky130_fd_sc_hd__fa_1      1  5.8    96   396    9505    (-,-) 
  g2046__1617/COUT -       CIN->COUT F     sky130_fd_sc_hd__fa_1      1  5.8    96   396    9901    (-,-) 
  g2045__3680/COUT -       CIN->COUT F     sky130_fd_sc_hd__fa_1      1  5.8    96   396   10297    (-,-) 
  g2044__6783/COUT -       CIN->COUT F     sky130_fd_sc_hd__fa_1      1  5.8    96   396   10694    (-,-) 
  g2043__5526/COUT -       CIN->COUT F     sky130_fd_sc_hd__fa_1      1  5.8    96   396   11090    (-,-) 
  g2042__8428/COUT -       CIN->COUT F     sky130_fd_sc_hd__fa_1      1  5.8    96   396   11486    (-,-) 
  g2041__4319/COUT -       CIN->COUT F     sky130_fd_sc_hd__fa_1      1  5.8    96   396   11882    (-,-) 
  g2040__6260/COUT -       CIN->COUT F     sky130_fd_sc_hd__fa_1      1  5.8    96   396   12279    (-,-) 
  g2039__5107/COUT -       CIN->COUT F     sky130_fd_sc_hd__fa_1      1  5.8    96   396   12675    (-,-) 
  g2038__2398/SUM  -       CIN->SUM  R     sky130_fd_sc_hd__fa_1      1 51.3   506   822   13497    (-,-) 
  S[31]            <<<     -         R     (port)                     -    -     -     0   13497    (-,-) 
#---------------------------------------------------------------------------------------------------------

