============================================================
  Generated by:           Genus(TM) Synthesis Solution 23.12-s086_1
  Generated on:           Apr 14 2025  12:57:00 pm
  Module:                 signal_32bits
  Operating conditions:   tt_025C_1v80 
  Interconnect mode:      global
  Area mode:              physical library
============================================================

Timing
-------
  Cost    Critical         Violating 
 Group   Path Slack  TNS     Paths   
-------------------------------------
default         8.8   0.0          0 
-------------------------------------
Total                 0.0          0 

Instance Count
--------------
Leaf Instance Count             51 
Physical Instance count          0 
Sequential Instance Count        0 
Combinational Instance Count    51 
Hierarchical Instance Count      0 

Area
----
Cell Area                          730.701
Physical Cell Area                 0.000
Total Cell Area (Cell+Physical)    730.701
Net Area                           526.813
Total Area (Cell+Physical+Net)     1257.514

Max Fanout                         3 (B[0])
Min Fanout                         1 (B[6])
Average Fanout                     1.1
Terms to net ratio                 1.4690
Terms to instance ratio            4.1765
Runtime                            13.492716 seconds
Elapsed Runtime                    14 seconds
Genus peak memory usage            1941.36 
Innovus peak memory usage          no_value 
Hostname                           cadmicro-inf-el8-623207
