###############################################################
#  Generated by:      Cadence Innovus 23.32-s091_1
#  OS:                Linux x86_64(Host ID cadmicro-inf-el8-623207)
#  Generated on:      Fri Apr 11 16:03:36 2025
#  Design:            han_carlson_32bits
#  Command:           report_timing > reports/report_timing.rpt
###############################################################
Path 1: VIOLATED Path Delay Check
Endpoint:   S[27] (v)
Beginpoint: A[22] (v) triggered by  leading edge of '@'
Path Groups: {default}
Analysis View: default_emulate_view
- External Delay                0.000
+ Path Delay                    1.931
= Required Time                 1.931
- Arrival Time                  1.949
= Slack Time                   -0.018
     Clock Rise Edge                      0.000
     + Input Delay                        0.000
     = Beginpoint Arrival Time            0.000
     +------------------------------------------------------------------------------------------------------------+ 
     |              Instance              |     Arc      |           Cell            | Delay | Arrival | Required | 
     |                                    |              |                           |       |  Time   |   Time   | 
     |------------------------------------+--------------+---------------------------+-------+---------+----------| 
     |                                    | A[22] v      |                           |       |   0.000 |   -0.018 | 
     | GENERATE_PROPAGATE[22].GENERATE/g2 | B v -> X v   | sky130_fd_sc_hd__and2_4   | 0.523 |   0.523 |    0.505 | 
     | LEVEL_1[23].B1/GENERATE/g13__5122  | A2 v -> X v  | sky130_fd_sc_hd__a21o_1   | 0.225 |   0.748 |    0.730 | 
     | LEVEL_2[25].B2/GENERATE/g14__2346  | A v -> Y ^   | sky130_fd_sc_hd__nand2_1  | 0.069 |   0.817 |    0.799 | 
     | LEVEL_2[25].B2/GENERATE/g13__2883  | B ^ -> Y v   | sky130_fd_sc_hd__nand2b_1 | 0.068 |   0.885 |    0.867 | 
     | LEVEL_3[25].B4/GENERATE/g13__4319  | A_N v -> Y v | sky130_fd_sc_hd__nand2b_1 | 0.147 |   1.032 |    1.014 | 
     | LEVEL_4[25].B8/GENERATE/g13__5107  | A_N v -> Y v | sky130_fd_sc_hd__nand2b_4 | 0.132 |   1.164 |    1.146 | 
     | LEVEL_5[25].B9/GENERATE/g13__9315  | A_N v -> Y v | sky130_fd_sc_hd__nand2b_4 | 0.134 |   1.298 |    1.280 | 
     | LEVEL_6[26].B10/GENERATE/g14__6783 | A v -> Y ^   | sky130_fd_sc_hd__nand2_1  | 0.053 |   1.351 |    1.333 | 
     | LEVEL_6[26].B10/GENERATE/g13__5526 | B ^ -> Y v   | sky130_fd_sc_hd__nand2b_1 | 0.053 |   1.404 |    1.386 | 
     | C26/g13__9945                      | A_N v -> Y v | sky130_fd_sc_hd__nand2b_2 | 0.182 |   1.586 |    1.568 | 
     | S27/g10__7098                      | A0 v -> X v  | sky130_fd_sc_hd__mux2_4   | 0.362 |   1.948 |    1.930 | 
     |                                    | S[27] v      |                           | 0.001 |   1.949 |    1.931 | 
     +------------------------------------------------------------------------------------------------------------+ 

