###############################################################
#  Generated by:      Cadence Innovus 23.32-s091_1
#  OS:                Linux x86_64(Host ID cadmicro-inf-el8-623207)
#  Generated on:      Mon Apr 14 14:24:15 2025
#  Design:            signal_32bits
#  Command:           report_timing > reports/report_timing.rpt
###############################################################
Path 1: MET Path Delay Check
Endpoint:   S[31] (^)
Beginpoint: A[0]  (v) triggered by  leading edge of '@'
Path Groups: {default}
Analysis View: default_emulate_view
- External Delay                0.000
+ Path Delay                    5.700
= Required Time                 5.700
- Arrival Time                  5.673
= Slack Time                    0.027
     Clock Rise Edge                      0.000
     + Input Delay                        0.000
     = Beginpoint Arrival Time            0.000
     +---------------------------------------------------------------------------------------------------------+ 
     |          Instance           |       Arc       |            Cell            | Delay | Arrival | Required | 
     |                             |                 |                            |       |  Time   |   Time   | 
     |-----------------------------+-----------------+----------------------------+-------+---------+----------| 
     |                             | A[0] v          |                            |       |   0.000 |    0.027 | 
     | addinc_add_7_30_g2493__2346 | A v -> Y ^      | sky130_fd_sc_hd__nor2_2    | 0.322 |   0.322 |    0.349 | 
     | addinc_add_7_30_g2457__5115 | B2 ^ -> Y v     | sky130_fd_sc_hd__o2bb2ai_1 | 0.122 |   0.444 |    0.471 | 
     | addinc_add_7_30_g2453__8246 | A v -> Y ^      | sky130_fd_sc_hd__nand2_1   | 0.075 |   0.520 |    0.546 | 
     | addinc_add_7_30_g2451__1705 | A ^ -> Y v      | sky130_fd_sc_hd__nand2_1   | 0.069 |   0.589 |    0.616 | 
     | addinc_add_7_30_g2450__2802 | A v -> Y ^      | sky130_fd_sc_hd__nand2_1   | 0.086 |   0.674 |    0.701 | 
     | addinc_add_7_30_g2448__3680 | A ^ -> Y v      | sky130_fd_sc_hd__nand2_2   | 0.062 |   0.736 |    0.763 | 
     | addinc_add_7_30_g2447__6783 | A v -> Y ^      | sky130_fd_sc_hd__nand2_1   | 0.079 |   0.815 |    0.841 | 
     | addinc_add_7_30_g2445__8428 | A ^ -> Y v      | sky130_fd_sc_hd__nand2_2   | 0.061 |   0.875 |    0.902 | 
     | addinc_add_7_30_g2444__4319 | A v -> Y ^      | sky130_fd_sc_hd__nand2_1   | 0.083 |   0.958 |    0.985 | 
     | addinc_add_7_30_g2442__5107 | A ^ -> Y v      | sky130_fd_sc_hd__nand2_2   | 0.059 |   1.017 |    1.044 | 
     | addinc_add_7_30_g2441__2398 | A v -> Y ^      | sky130_fd_sc_hd__nand2_1   | 0.077 |   1.093 |    1.120 | 
     | addinc_add_7_30_g2439__6417 | A ^ -> Y v      | sky130_fd_sc_hd__nand2_2   | 0.057 |   1.151 |    1.178 | 
     | addinc_add_7_30_g2438__7410 | A v -> Y ^      | sky130_fd_sc_hd__nand2_1   | 0.081 |   1.231 |    1.258 | 
     | addinc_add_7_30_g2436__2346 | A ^ -> Y v      | sky130_fd_sc_hd__nand2_2   | 0.059 |   1.291 |    1.317 | 
     | addinc_add_7_30_g2435__2883 | A v -> Y ^      | sky130_fd_sc_hd__nand2_1   | 0.079 |   1.370 |    1.397 | 
     | addinc_add_7_30_g2433__9315 | A ^ -> Y v      | sky130_fd_sc_hd__nand2_2   | 0.056 |   1.426 |    1.453 | 
     | addinc_add_7_30_g2432__6161 | B_N v -> Y v    | sky130_fd_sc_hd__nor2b_1   | 0.151 |   1.577 |    1.604 | 
     | addinc_add_7_30_g2429__5115 | A1 v -> Y ^     | sky130_fd_sc_hd__a21oi_2   | 0.186 |   1.763 |    1.790 | 
     | addinc_add_7_30_g2426__7098 | A2 ^ -> Y v     | sky130_fd_sc_hd__o21ai_2   | 0.089 |   1.853 |    1.880 | 
     | addinc_add_7_30_g2425       | A v -> Y ^      | sky130_fd_sc_hd__clkinv_1  | 0.060 |   1.913 |    1.939 | 
     | addinc_add_7_30_g2423__5122 | A2 ^ -> Y v     | sky130_fd_sc_hd__o21ai_1   | 0.051 |   1.964 |    1.991 | 
     | addinc_add_7_30_g2422__1705 | CI v -> COUT v  | sky130_fd_sc_hd__fah_1     | 0.286 |   2.250 |    2.277 | 
     | addinc_add_7_30_g2421__2802 | A v -> Y ^      | sky130_fd_sc_hd__nand2_1   | 0.074 |   2.324 |    2.351 | 
     | addinc_add_7_30_g2419__3680 | A ^ -> Y v      | sky130_fd_sc_hd__nand2_1   | 0.079 |   2.403 |    2.430 | 
     | g2                          | A1 v -> X v     | sky130_fd_sc_hd__a21bo_1   | 0.182 |   2.585 |    2.612 | 
     | addinc_add_7_30_g2415__4319 | CI v -> COUT v  | sky130_fd_sc_hd__fah_1     | 0.285 |   2.870 |    2.897 | 
     | addinc_add_7_30_g2413__6260 | A v -> Y ^      | sky130_fd_sc_hd__nand2_1   | 0.099 |   2.969 |    2.996 | 
     | addinc_add_7_30_g2409__6417 | B2 ^ -> X ^     | sky130_fd_sc_hd__o221a_2   | 0.226 |   3.195 |    3.222 | 
     | addinc_add_7_30_g2406__2346 | C ^ -> X ^      | sky130_fd_sc_hd__or3_1     | 0.128 |   3.323 |    3.350 | 
     | addinc_add_7_30_g2400__7482 | A3 ^ -> X ^     | sky130_fd_sc_hd__o311a_1   | 0.206 |   3.529 |    3.556 | 
     | addinc_add_7_30_g2390__3680 | A4 ^ -> X ^     | sky130_fd_sc_hd__o41a_2    | 0.154 |   3.683 |    3.710 | 
     | g2550                       | CIN ^ -> COUT v | sky130_fd_sc_hd__fahcin_1  | 0.083 |   3.766 |    3.793 | 
     | addinc_add_7_30_g2386__4319 | CI v -> COUT v  | sky130_fd_sc_hd__fah_1     | 0.285 |   4.050 |    4.077 | 
     | addinc_add_7_30_g2385__6260 | CIN v -> COUT v | sky130_fd_sc_hd__fa_1      | 0.395 |   4.445 |    4.472 | 
     | addinc_add_7_30_g2384__5107 | CIN v -> COUT v | sky130_fd_sc_hd__fa_1      | 0.402 |   4.846 |    4.873 | 
     | addinc_add_7_30_g2383__2398 | CIN v -> SUM ^  | sky130_fd_sc_hd__fa_1      | 0.825 |   5.672 |    5.699 | 
     |                             | S[31] ^         |                            | 0.001 |   5.673 |    5.700 | 
     +---------------------------------------------------------------------------------------------------------+ 

