###############################################################
#  Generated by:      Cadence Innovus 23.32-s091_1
#  OS:                Linux x86_64(Host ID cadmicro-inf-el8-623207)
#  Generated on:      Mon Apr 14 16:06:24 2025
#  Design:            brent_kung_32bits
#  Command:           report_timing > reports/report_timing.rpt
###############################################################
Path 1: VIOLATED Path Delay Check
Endpoint:   Cout (v)
Beginpoint: B[1] (v) triggered by  leading edge of '@'
Path Groups: {default}
Analysis View: default_emulate_view
- External Delay                0.000
+ Path Delay                    1.390
= Required Time                 1.390
- Arrival Time                  1.492
= Slack Time                   -0.102
     Clock Rise Edge                      0.000
     + Input Delay                        0.000
     = Beginpoint Arrival Time            0.000
     +---------------------------------------------------------------------------------------+ 
     |   Instance   |     Arc      |            Cell            | Delay | Arrival | Required | 
     |              |              |                            |       |  Time   |   Time   | 
     |--------------+--------------+----------------------------+-------+---------+----------| 
     |              | B[1] v       |                            |       |   0.000 |   -0.102 | 
     | FE_DBTC4_B_1 | A v -> Y ^   | sky130_fd_sc_hd__clkinv_16 | 0.207 |   0.207 |    0.105 | 
     | g9049        | A_N ^ -> Y ^ | sky130_fd_sc_hd__nand2b_2  | 0.143 |   0.350 |    0.248 | 
     | g32          | B ^ -> Y v   | sky130_fd_sc_hd__nand2_2   | 0.088 |   0.438 |    0.336 | 
     | g9702        | A v -> Y ^   | sky130_fd_sc_hd__nand2_2   | 0.064 |   0.502 |    0.400 | 
     | g9641        | A ^ -> Y v   | sky130_fd_sc_hd__nand2_2   | 0.058 |   0.560 |    0.458 | 
     | g9317        | A v -> Y ^   | sky130_fd_sc_hd__nand2_4   | 0.061 |   0.621 |    0.519 | 
     | g9181        | A ^ -> Y v   | sky130_fd_sc_hd__nand2_4   | 0.052 |   0.672 |    0.570 | 
     | g9034        | A v -> Y ^   | sky130_fd_sc_hd__nand2_4   | 0.073 |   0.745 |    0.643 | 
     | g7846__3680  | A ^ -> Y v   | sky130_fd_sc_hd__nand2_4   | 0.051 |   0.796 |    0.694 | 
     | g9315        | A v -> Y ^   | sky130_fd_sc_hd__nand3_2   | 0.054 |   0.850 |    0.748 | 
     | g50          | A ^ -> Y v   | sky130_fd_sc_hd__nand2_2   | 0.060 |   0.910 |    0.808 | 
     | g49          | A v -> Y ^   | sky130_fd_sc_hd__inv_4     | 0.070 |   0.981 |    0.878 | 
     | g9165        | B ^ -> Y v   | sky130_fd_sc_hd__nand2_8   | 0.070 |   1.051 |    0.948 | 
     | g9068        | A v -> Y ^   | sky130_fd_sc_hd__nand2_4   | 0.066 |   1.117 |    1.015 | 
     | g9067        | A ^ -> Y v   | sky130_fd_sc_hd__nand2_4   | 0.060 |   1.177 |    1.074 | 
     | g7775__1881  | A v -> Y ^   | sky130_fd_sc_hd__nand2_4   | 0.071 |   1.247 |    1.145 | 
     | g7731__1666  | A ^ -> Y v   | sky130_fd_sc_hd__nand2_4   | 0.052 |   1.299 |    1.197 | 
     | g7723__1705  | A v -> Y ^   | sky130_fd_sc_hd__nand2_2   | 0.077 |   1.375 |    1.273 | 
     | g7707__4319  | A ^ -> Y v   | sky130_fd_sc_hd__nand2_4   | 0.116 |   1.491 |    1.389 | 
     |              | Cout v       |                            | 0.001 |   1.492 |    1.390 | 
     +---------------------------------------------------------------------------------------+ 

