###############################################################
#  Generated by:      Cadence Innovus 23.32-s091_1
#  OS:                Linux x86_64(Host ID cadmicro-inf-el8-623207)
#  Generated on:      Mon Apr 14 13:40:57 2025
#  Design:            signal_32bits
#  Command:           report_timing > reports/report_timing.rpt
###############################################################
Path 1: MET Path Delay Check
Endpoint:   S[31] (^)
Beginpoint: A[0]  (v) triggered by  leading edge of '@'
Path Groups: {default}
Analysis View: default_emulate_view
- External Delay                0.000
+ Path Delay                    9.000
= Required Time                 9.000
- Arrival Time                  6.063
= Slack Time                    2.937
     Clock Rise Edge                      0.000
     + Input Delay                        0.000
     = Beginpoint Arrival Time            0.000
     +---------------------------------------------------------------------------------------------------------+ 
     |          Instance           |       Arc       |            Cell            | Delay | Arrival | Required | 
     |                             |                 |                            |       |  Time   |   Time   | 
     |-----------------------------+-----------------+----------------------------+-------+---------+----------| 
     |                             | A[0] v          |                            |       |   0.000 |    2.937 | 
     | addinc_add_7_30_g1277__6131 | B v -> COUT v   | sky130_fd_sc_hd__fa_1      | 0.797 |   0.797 |    3.734 | 
     | addinc_add_7_30_g1275__8246 | CIN v -> COUT v | sky130_fd_sc_hd__fa_1      | 0.397 |   1.193 |    4.131 | 
     | addinc_add_7_30_g1273__1705 | CIN v -> COUT v | sky130_fd_sc_hd__fa_1      | 0.399 |   1.592 |    4.529 | 
     | addinc_add_7_30_g1272__2802 | CIN v -> COUT v | sky130_fd_sc_hd__fa_1      | 0.429 |   2.021 |    4.959 | 
     | addinc_add_7_30_g1271       | A v -> Y ^      | sky130_fd_sc_hd__inv_2     | 0.078 |   2.099 |    5.036 | 
     | addinc_add_7_30_g1270__1617 | C ^ -> X ^      | sky130_fd_sc_hd__or3_1     | 0.092 |   2.191 |    5.128 | 
     | addinc_add_7_30_g1267__5526 | C1 ^ -> Y v     | sky130_fd_sc_hd__o211ai_1  | 0.094 |   2.285 |    5.222 | 
     | addinc_add_7_30_g1265__4319 | CIN v -> COUT v | sky130_fd_sc_hd__fa_1      | 0.404 |   2.688 |    5.626 | 
     | addinc_add_7_30_g1264__6260 | CIN v -> COUT v | sky130_fd_sc_hd__fa_1      | 0.406 |   3.094 |    6.032 | 
     | addinc_add_7_30_g1263__5107 | B_N v -> Y v    | sky130_fd_sc_hd__nor2b_1   | 0.176 |   3.271 |    6.208 | 
     | addinc_add_7_30_g1261__5477 | C v -> Y ^      | sky130_fd_sc_hd__nand4bb_1 | 0.120 |   3.391 |    6.328 | 
     | addinc_add_7_30_g1258__1666 | C1 ^ -> Y v     | sky130_fd_sc_hd__o211ai_1  | 0.122 |   3.513 |    6.450 | 
     | addinc_add_7_30_g1256__2883 | B v -> Y ^      | sky130_fd_sc_hd__nand2b_1  | 0.124 |   3.637 |    6.574 | 
     | addinc_add_7_30_g1251__7482 | B ^ -> Y v      | sky130_fd_sc_hd__nor2_1    | 0.062 |   3.698 |    6.635 | 
     | addinc_add_7_30_g1250__5115 | C_N v -> X ^    | sky130_fd_sc_hd__or3b_1    | 0.175 |   3.874 |    6.811 | 
     | addinc_add_7_30_g1246__8246 | C1 ^ -> Y v     | sky130_fd_sc_hd__o211ai_1  | 0.103 |   3.977 |    6.914 | 
     | addinc_add_7_30_g1243__2802 | B_N v -> Y v    | sky130_fd_sc_hd__nor2b_1   | 0.185 |   4.162 |    7.099 | 
     | addinc_add_7_30_g1241__3680 | C v -> Y ^      | sky130_fd_sc_hd__nand4bb_1 | 0.130 |   4.292 |    7.229 | 
     | addinc_add_7_30_g1235__5107 | A2 ^ -> Y v     | sky130_fd_sc_hd__o21ai_1   | 0.112 |   4.403 |    7.341 | 
     | addinc_add_7_30_g1227__9945 | A1 v -> X v     | sky130_fd_sc_hd__a221o_1   | 0.388 |   4.791 |    7.728 | 
     | addinc_add_7_30_g1216__1705 | A1 v -> Y ^     | sky130_fd_sc_hd__a31oi_1   | 0.258 |   5.049 |    7.986 | 
     | addinc_add_7_30_g1208__6260 | A2 ^ -> Y v     | sky130_fd_sc_hd__o21ai_1   | 0.120 |   5.169 |    8.106 | 
     | addinc_add_7_30_g1206__2398 | B v -> Y ^      | sky130_fd_sc_hd__xnor2_1   | 0.893 |   6.062 |    8.999 | 
     |                             | S[31] ^         |                            | 0.001 |   6.063 |    9.000 | 
     +---------------------------------------------------------------------------------------------------------+ 

