/home/gme/guilherme.manske/hls/template/solution1/.autopilot/db/template.pp.0.cpp:29350:7: warning: Added loop label VITIS_LOOP_1207_1:   [xilinx-label-all-loops]
      for (i = 0; i < __N - 1; ++i) {
      ^~~
      VITIS_LOOP_1207_1: 
/home/gme/guilherme.manske/hls/template/solution1/.autopilot/db/template.pp.0.cpp:29350:7: note: FIX-IT applied suggested code changes
/home/gme/guilherme.manske/hls/template/solution1/.autopilot/db/template.pp.0.cpp:30324:5: warning: Added loop label VITIS_LOOP_676_1:   [xilinx-label-all-loops]
    for (unsigned i = low; i != high; ++i) {
    ^~~
    VITIS_LOOP_676_1: 
/home/gme/guilherme.manske/hls/template/solution1/.autopilot/db/template.pp.0.cpp:30324:5: note: FIX-IT applied suggested code changes
/home/gme/guilherme.manske/hls/template/solution1/.autopilot/db/template.pp.0.cpp:30338:5: warning: Added loop label VITIS_LOOP_690_1:   [xilinx-label-all-loops]
    for (unsigned i = low; i != high; ++i) {
    ^~~
    VITIS_LOOP_690_1: 
/home/gme/guilherme.manske/hls/template/solution1/.autopilot/db/template.pp.0.cpp:30338:5: note: FIX-IT applied suggested code changes
/home/gme/guilherme.manske/hls/template/solution1/.autopilot/db/template.pp.0.cpp:30352:5: warning: Added loop label VITIS_LOOP_704_1:   [xilinx-label-all-loops]
    for (unsigned i = low; i != high; ++i) {
    ^~~
    VITIS_LOOP_704_1: 
/home/gme/guilherme.manske/hls/template/solution1/.autopilot/db/template.pp.0.cpp:30352:5: note: FIX-IT applied suggested code changes
/home/gme/guilherme.manske/hls/template/solution1/.autopilot/db/template.pp.0.cpp:31981:7: warning: Added loop label VITIS_LOOP_1247_1:   [xilinx-label-all-loops]
      for (i = 0; i < __N - 1; ++i) {
      ^~~
      VITIS_LOOP_1247_1: 
/home/gme/guilherme.manske/hls/template/solution1/.autopilot/db/template.pp.0.cpp:31981:7: note: FIX-IT applied suggested code changes
/home/gme/guilherme.manske/hls/template/solution1/.autopilot/db/template.pp.0.cpp:33778:2: warning: Added loop label VITIS_LOOP_25_1:   [xilinx-label-all-loops]
 for (int i=0; i<vSize; i++) {
 ^~~
 VITIS_LOOP_25_1: 
/home/gme/guilherme.manske/hls/template/solution1/.autopilot/db/template.pp.0.cpp:33778:2: note: FIX-IT applied suggested code changes
