###############################################################
#  Generated by:      Cadence Innovus 23.32-s091_1
#  OS:                Linux x86_64(Host ID cadmicro-inf-el8-623207)
#  Generated on:      Fri Apr 11 15:29:43 2025
#  Design:            sklansky_32bits
#  Command:           report_timing > reports/report_timing.rpt
###############################################################
Path 1: VIOLATED Path Delay Check
Endpoint:   S[28] (^)
Beginpoint: A[8]  (v) triggered by  leading edge of '@'
Path Groups: {default}
Analysis View: default_emulate_view
- External Delay                0.000
+ Path Delay                    1.889
= Required Time                 1.889
- Arrival Time                  1.896
= Slack Time                   -0.007
     Clock Rise Edge                      0.000
     + Input Delay                        0.000
     = Beginpoint Arrival Time            0.000
     +-------------------------------------------------------------------------------------------------------------+ 
     |              Instance              |      Arc      |           Cell            | Delay | Arrival | Required | 
     |                                    |               |                           |       |  Time   |   Time   | 
     |------------------------------------+---------------+---------------------------+-------+---------+----------| 
     |                                    | A[8] v        |                           |       |   0.000 |   -0.007 | 
     | GENERATE_PROPAGATE[8].GENERATE/g2  | B v -> X v    | sky130_fd_sc_hd__and2_4   | 0.528 |   0.528 |    0.520 | 
     | LEVEL_1[9].B1/GENERATE/g13__7482   | A1 v -> X v   | sky130_fd_sc_hd__a21o_1   | 0.189 |   0.717 |    0.709 | 
     | LEVEL_2[11].B2/GENERATE/g2         | A1 v -> X v   | sky130_fd_sc_hd__a21o_1   | 0.220 |   0.936 |    0.929 | 
     | LEVEL_3[15].B4/GENERATE/g2         | A1 v -> X v   | sky130_fd_sc_hd__a21o_1   | 0.185 |   1.121 |    1.114 | 
     | LEVEL_4[31].B11/GENERATE/g15       | A v -> Y ^    | sky130_fd_sc_hd__clkinv_2 | 0.076 |   1.197 |    1.189 | 
     | LEVEL_4[31].B11/GENERATE/g13__7410 | A ^ -> Y v    | sky130_fd_sc_hd__nand2_8  | 0.101 |   1.298 |    1.290 | 
     | LEVEL_5[27].B13/GENERATE/g13__9315 | A1 v -> X v   | sky130_fd_sc_hd__a21o_1   | 0.183 |   1.480 |    1.473 | 
     | C27/g2                             | A v -> Y ^    | sky130_fd_sc_hd__clkinv_1 | 0.050 |   1.530 |    1.523 | 
     | C27/g1                             | A ^ -> Y v    | sky130_fd_sc_hd__nand2_2  | 0.056 |   1.586 |    1.579 | 
     | S28/g10__6260                      | A2_N v -> X ^ | sky130_fd_sc_hd__a2bb2o_4 | 0.308 |   1.894 |    1.887 | 
     |                                    | S[28] ^       |                           | 0.002 |   1.896 |    1.889 | 
     +-------------------------------------------------------------------------------------------------------------+ 

