============================================================
  Generated by:           Genus(TM) Synthesis Solution 23.12-s086_1
  Generated on:           Apr 14 2025  02:31:02 pm
  Module:                 signal_32bits
  Operating conditions:   tt_025C_1v80 
  Interconnect mode:      global
  Area mode:              physical library
============================================================

Timing
-------
  Cost    Critical         Violating 
 Group   Path Slack  TNS     Paths   
-------------------------------------
default         0.2   0.0          0 
-------------------------------------
Total                 0.0          0 

Instance Count
--------------
Leaf Instance Count             194 
Physical Instance count           0 
Sequential Instance Count         0 
Combinational Instance Count    194 
Hierarchical Instance Count       0 

Area
----
Cell Area                          1154.858
Physical Cell Area                 0.000
Total Cell Area (Cell+Physical)    1154.858
Net Area                           1173.539
Total Area (Cell+Physical+Net)     2328.397

Max Fanout                         4 (addinc_add_7_30_n_17)
Min Fanout                         1 (B[14])
Average Fanout                     1.7
Terms to net ratio                 2.2824
Terms to instance ratio            3.0825
Runtime                            13.346391 seconds
Elapsed Runtime                    15 seconds
Genus peak memory usage            1945.38 
Innovus peak memory usage          no_value 
Hostname                           cadmicro-inf-el8-623207
