============================================================
  Generated by:           Genus(TM) Synthesis Solution 23.12-s086_1
  Generated on:           Apr 14 2025  02:56:36 pm
  Module:                 signal_32bits
  Operating conditions:   tt_025C_1v80 
  Interconnect mode:      global
  Area mode:              physical library
============================================================

Timing
-------
  Cost    Critical         Violating 
 Group   Path Slack  TNS     Paths   
-------------------------------------
default         7.3   0.0          0 
-------------------------------------
Total                 0.0          0 

Instance Count
--------------
Leaf Instance Count             201 
Physical Instance count           0 
Sequential Instance Count         0 
Combinational Instance Count    201 
Hierarchical Instance Count       0 

Area
----
Cell Area                          1206.157
Physical Cell Area                 0.000
Total Cell Area (Cell+Physical)    1206.157
Net Area                           1256.642
Total Area (Cell+Physical+Net)     2462.799

Max Fanout                         5 (addinc_add_7_30_n_172)
Min Fanout                         1 (A[31])
Average Fanout                     1.8
Terms to net ratio                 2.4382
Terms to instance ratio            3.2388
Runtime                            13.11853 seconds
Elapsed Runtime                    14 seconds
Genus peak memory usage            1945.28 
Innovus peak memory usage          no_value 
Hostname                           cadmicro-inf-el8-623207
