============================================================
  Generated by:           Genus(TM) Synthesis Solution 23.12-s086_1
  Generated on:           Apr 14 2025  02:47:13 pm
  Module:                 signal_32bits
  Operating conditions:   tt_025C_1v80 
  Interconnect mode:      global
  Area mode:              physical library
============================================================

Timing
-------
  Cost    Critical         Violating 
 Group   Path Slack  TNS     Paths   
-------------------------------------
default         0.5   0.0          0 
-------------------------------------
Total                 0.0          0 

Instance Count
--------------
Leaf Instance Count             214 
Physical Instance count           0 
Sequential Instance Count         0 
Combinational Instance Count    214 
Hierarchical Instance Count       0 

Area
----
Cell Area                          1254.954
Physical Cell Area                 0.000
Total Cell Area (Cell+Physical)    1254.954
Net Area                           1304.067
Total Area (Cell+Physical+Net)     2559.021

Max Fanout                         4 (addinc_add_7_30_n_4)
Min Fanout                         1 (B[7])
Average Fanout                     1.8
Terms to net ratio                 2.4143
Terms to instance ratio            3.1589
Runtime                            13.318101 seconds
Elapsed Runtime                    14 seconds
Genus peak memory usage            1946.37 
Innovus peak memory usage          no_value 
Hostname                           cadmicro-inf-el8-623207
