###############################################################
#  Generated by:      Cadence Innovus 23.32-s091_1
#  OS:                Linux x86_64(Host ID cadmicro-inf-el8-623207)
#  Generated on:      Fri Apr 11 14:32:37 2025
#  Design:            cla_16bits
#  Command:           report_timing > reports/report_timing.rpt
###############################################################
Path 1: VIOLATED Path Delay Check
Endpoint:   S[15] (^)
Beginpoint: A[5]  (v) triggered by  leading edge of '@'
Path Groups: {default}
Analysis View: default_emulate_view
- External Delay                0.000
+ Path Delay                    1.548
= Required Time                 1.548
- Arrival Time                  1.572
= Slack Time                   -0.024
     Clock Rise Edge                      0.000
     + Input Delay                        0.000
     = Beginpoint Arrival Time            0.000
     +----------------------------------------------------------------------------------------------------------------+ 
     |                Instance                 |     Arc     |           Cell            | Delay | Arrival | Required | 
     |                                         |             |                           |       |  Time   |   Time   | 
     |-----------------------------------------+-------------+---------------------------+-------+---------+----------| 
     |                                         | A[5] v      |                           |       |   0.000 |   -0.024 | 
     | GENERATE_PROPAGATE[5].GENERATE/g2__8428 | B v -> X v  | sky130_fd_sc_hd__and2_4   | 0.537 |   0.537 |    0.513 | 
     | CLA2/g517__521                          | B1 v -> Y ^ | sky130_fd_sc_hd__a21oi_4  | 0.138 |   0.675 |    0.651 | 
     | CLA2/g510__520                          | A2 ^ -> Y v | sky130_fd_sc_hd__o21ai_2  | 0.086 |   0.761 |    0.737 | 
     | CLA5/g249__253                          | A1 v -> Y ^ | sky130_fd_sc_hd__a21oi_2  | 0.131 |   0.892 |    0.868 | 
     | CLA5/g245__251                          | A ^ -> Y v  | sky130_fd_sc_hd__nand2_2  | 0.093 |   0.984 |    0.960 | 
     | CLA6/g353__4733                         | A v -> Y ^  | sky130_fd_sc_hd__nand2_4  | 0.072 |   1.057 |    1.032 | 
     | CLA6/g351__5115                         | A ^ -> Y v  | sky130_fd_sc_hd__nand2_4  | 0.053 |   1.109 |    1.085 | 
     | CLA6/g348__7098                         | A v -> Y ^  | sky130_fd_sc_hd__nand2_2  | 0.057 |   1.166 |    1.141 | 
     | CLA6/g344__2802                         | A ^ -> Y v  | sky130_fd_sc_hd__nand2_2  | 0.047 |   1.213 |    1.189 | 
     | C14/g22                                 | A v -> Y ^  | sky130_fd_sc_hd__clkinv_2 | 0.052 |   1.265 |    1.240 | 
     | C14/g19__9945                           | A ^ -> Y v  | sky130_fd_sc_hd__nand2_4  | 0.057 |   1.322 |    1.297 | 
     | S15/g19                                 | A v -> Y ^  | sky130_fd_sc_hd__inv_4    | 0.067 |   1.388 |    1.364 | 
     | S15/g17__2883                           | A ^ -> Y v  | sky130_fd_sc_hd__nand2_4  | 0.056 |   1.444 |    1.419 | 
     | S15/g15__9945                           | A v -> Y ^  | sky130_fd_sc_hd__nand2_8  | 0.128 |   1.571 |    1.547 | 
     |                                         | S[15] ^     |                           | 0.001 |   1.572 |    1.548 | 
     +----------------------------------------------------------------------------------------------------------------+ 

