============================================================
  Generated by:           Genus(TM) Synthesis Solution 23.12-s086_1
  Generated on:           Apr 11 2025  02:24:20 pm
  Module:                 cla_16bits
  Operating conditions:   tt_025C_1v80 
  Interconnect mode:      global
  Area mode:              physical library
============================================================

Timing
-------
  Cost    Critical         Violating 
 Group   Path Slack  TNS     Paths   
-------------------------------------
default        20.9   0.0          0 
-------------------------------------
Total                 0.0          0 

Instance Count
--------------
Leaf Instance Count             112 
Physical Instance count           0 
Sequential Instance Count         0 
Combinational Instance Count    112 
Hierarchical Instance Count      72 

Area
----
Cell Area                          834.550
Physical Cell Area                 0.000
Total Cell Area (Cell+Physical)    834.550
Net Area                           716.950
Total Area (Cell+Physical+Net)     1551.500

Max Fanout                         17 (Cin)
Min Fanout                         1 (C[0])
Average Fanout                     1.9
Terms to net ratio                 2.6000
Terms to instance ratio            3.3661
Runtime                            11.921107 seconds
Elapsed Runtime                    11 seconds
Genus peak memory usage            1890.25 
Innovus peak memory usage          no_value 
Hostname                           cadmicro-inf-el8-623207
