============================================================
  Generated by:           Genus(TM) Synthesis Solution 23.12-s086_1
  Generated on:           Apr 11 2025  02:24:20 pm
  Module:                 cla_16bits
  Operating conditions:   tt_025C_1v80 
  Interconnect mode:      global
  Area mode:              physical library
============================================================


Path 1: MET (21 ps) Path Delay Check
     Startpoint: (F) A[0]
       Endpoint: (R) S[14]

                   Capture    Launch  
      Path Delay:+    2750         -  
      Drv Adjust:+       0         0  
         Arrival:=    2750            
                                      
   Required Time:=    2750            
       Data Path:-    2729            
           Slack:=      21            

Exceptions/Constraints:
  max_delay             2750            constraints.sdc_line_1 

#---------------------------------------------------------------------------------------------------------------------------------
#               Timing Point                 Flags   Arc   Edge          Cell            Fanout Load Trans Delay Arrival Instance 
#                                                                                               (fF)  (ps)  (ps)   (ps)  Location 
#---------------------------------------------------------------------------------------------------------------------------------
  A[0]                                       -       -     F     (arrival)                    2  7.5  1000     0       0    (-,-) 
  GENERATE_PROPAGATE[0].GENERATE/g11__1705/X -       B->X  F     sky130_fd_sc_hd__and2_1      2  6.3    72   513     513    (-,-) 
  CLA1/g103__9945/X                          -       A2->X F     sky130_fd_sc_hd__a21o_1      2  6.4    50   200     712    (-,-) 
  CLA1/g100__4733/X                          -       A1->X F     sky130_fd_sc_hd__a21o_1      2  6.4    50   169     881    (-,-) 
  CLA1/g99__7482/X                           -       A1->X F     sky130_fd_sc_hd__a21o_1      3  9.3    62   182    1064    (-,-) 
  CLA5/g105__112/X                           -       A1->X F     sky130_fd_sc_hd__a21o_1      3  9.3    62   187    1251    (-,-) 
  CLA5/g100__6131/X                          -       A1->X F     sky130_fd_sc_hd__a21o_1      3  9.3    62   187    1438    (-,-) 
  CLA6/g103__1666/X                          -       A1->X F     sky130_fd_sc_hd__a21o_1      2  6.4    50   174    1612    (-,-) 
  CLA6/g100__9945/X                          -       A1->X F     sky130_fd_sc_hd__a21o_1      2  6.4    50   169    1781    (-,-) 
  C13/g13__7098/X                            -       B1->X F     sky130_fd_sc_hd__a21o_1      1  5.5    59   163    1944    (-,-) 
  S14/g12__14/X                              -       B->X  R     sky130_fd_sc_hd__xor2_1      1 51.3  1009   784    2729    (-,-) 
  S[14]                                      <<<     -     R     (port)                       -    -     -     0    2729    (-,-) 
#---------------------------------------------------------------------------------------------------------------------------------

