###############################################################
#  Generated by:      Cadence Innovus 23.32-s091_1
#  OS:                Linux x86_64(Host ID cadmicro-inf-el8-623207)
#  Generated on:      Mon Apr 14 12:48:30 2025
#  Design:            signal_32bits
#  Command:           report_timing > reports/report_timing.rpt
###############################################################
Path 1: MET Path Delay Check
Endpoint:   S[31] (^)
Beginpoint: A[0]  (v) triggered by  leading edge of '@'
Path Groups: {default}
Analysis View: default_emulate_view
- External Delay                0.000
+ Path Delay                   12.900
= Required Time                12.900
- Arrival Time                  9.352
= Slack Time                    3.548
     Clock Rise Edge                      0.000
     + Input Delay                        0.000
     = Beginpoint Arrival Time            0.000
     +--------------------------------------------------------------------------------------------------------+ 
     |          Instance           |       Arc       |           Cell            | Delay | Arrival | Required | 
     |                             |                 |                           |       |  Time   |   Time   | 
     |-----------------------------+-----------------+---------------------------+-------+---------+----------| 
     |                             | A[0] v          |                           |       |   0.000 |    3.548 | 
     | addinc_add_7_30_g1338__7410 | B v -> COUT v   | sky130_fd_sc_hd__fa_1     | 0.799 |   0.799 |    4.347 | 
     | addinc_add_7_30_g1337__1666 | CIN v -> COUT v | sky130_fd_sc_hd__fa_1     | 0.400 |   1.198 |    4.746 | 
     | addinc_add_7_30_g1336__2346 | CIN v -> COUT v | sky130_fd_sc_hd__fa_1     | 0.398 |   1.596 |    5.144 | 
     | addinc_add_7_30_g1335__2883 | CIN v -> COUT v | sky130_fd_sc_hd__fa_1     | 0.398 |   1.994 |    5.542 | 
     | addinc_add_7_30_g1334__9945 | CIN v -> COUT v | sky130_fd_sc_hd__fa_1     | 0.398 |   2.392 |    5.940 | 
     | addinc_add_7_30_g1333__9315 | CIN v -> COUT v | sky130_fd_sc_hd__fa_1     | 0.398 |   2.790 |    6.338 | 
     | addinc_add_7_30_g1332__6161 | CIN v -> COUT v | sky130_fd_sc_hd__fa_1     | 0.402 |   3.192 |    6.740 | 
     | addinc_add_7_30_g1331__4733 | CIN v -> COUT v | sky130_fd_sc_hd__fa_1     | 0.423 |   3.615 |    7.163 | 
     | addinc_add_7_30_g1330__7482 | B v -> Y ^      | sky130_fd_sc_hd__nand2b_1 | 0.120 |   3.735 |    7.283 | 
     | addinc_add_7_30_g1327__6131 | A2 ^ -> Y v     | sky130_fd_sc_hd__o221ai_1 | 0.139 |   3.874 |    7.422 | 
     | addinc_add_7_30_g1325__8246 | CIN v -> COUT v | sky130_fd_sc_hd__fa_1     | 0.415 |   4.289 |    7.837 | 
     | addinc_add_7_30_g1324__5122 | CIN v -> COUT v | sky130_fd_sc_hd__fa_1     | 0.414 |   4.703 |    8.251 | 
     | addinc_add_7_30_g1323__1705 | B v -> Y ^      | sky130_fd_sc_hd__nand2b_1 | 0.117 |   4.820 |    8.368 | 
     | addinc_add_7_30_g1320__3680 | A2 ^ -> Y v     | sky130_fd_sc_hd__o221ai_1 | 0.137 |   4.957 |    8.505 | 
     | addinc_add_7_30_g1318__5526 | CIN v -> COUT v | sky130_fd_sc_hd__fa_1     | 0.415 |   5.372 |    8.920 | 
     | addinc_add_7_30_g1317__8428 | CIN v -> COUT v | sky130_fd_sc_hd__fa_1     | 0.410 |   5.782 |    9.330 | 
     | addinc_add_7_30_g1316__4319 | B_N v -> Y v    | sky130_fd_sc_hd__nor2b_1  | 0.178 |   5.960 |    9.508 | 
     | addinc_add_7_30_g1312__5477 | B1 v -> Y ^     | sky130_fd_sc_hd__a221oi_1 | 0.481 |   6.441 |    9.989 | 
     | addinc_add_7_30_g1304__6161 | A2 ^ -> Y v     | sky130_fd_sc_hd__o221ai_1 | 0.228 |   6.670 |   10.218 | 
     | addinc_add_7_30_g1301__5115 | B v -> Y ^      | sky130_fd_sc_hd__nand2b_1 | 0.144 |   6.813 |   10.361 | 
     | addinc_add_7_30_g1296__5122 | A2 ^ -> Y v     | sky130_fd_sc_hd__o221ai_1 | 0.171 |   6.985 |   10.532 | 
     | addinc_add_7_30_g1293__1617 | CIN v -> COUT v | sky130_fd_sc_hd__fa_1     | 0.434 |   7.418 |   10.966 | 
     | addinc_add_7_30_g1292__3680 | CIN v -> COUT v | sky130_fd_sc_hd__fa_1     | 0.419 |   7.837 |   11.385 | 
     | addinc_add_7_30_g1291__6783 | B v -> Y ^      | sky130_fd_sc_hd__nand2b_1 | 0.120 |   7.957 |   11.505 | 
     | addinc_add_7_30_g1288__4319 | A2 ^ -> Y v     | sky130_fd_sc_hd__o221ai_1 | 0.138 |   8.096 |   11.644 | 
     | addinc_add_7_30_g1286__5107 | CIN v -> COUT v | sky130_fd_sc_hd__fa_1     | 0.417 |   8.513 |   12.061 | 
     | addinc_add_7_30_g1285__2398 | CIN v -> SUM ^  | sky130_fd_sc_hd__fa_1     | 0.838 |   9.351 |   12.899 | 
     |                             | S[31] ^         |                           | 0.001 |   9.352 |   12.900 | 
     +--------------------------------------------------------------------------------------------------------+ 

