###############################################################
#  Generated by:      Cadence Innovus 23.32-s091_1
#  OS:                Linux x86_64(Host ID cadmicro-inf-el8-623207)
#  Generated on:      Mon Apr 14 14:33:23 2025
#  Design:            signal_32bits
#  Command:           report_timing > reports/report_timing.rpt
###############################################################
Path 1: MET Path Delay Check
Endpoint:   S[31] (^)
Beginpoint: A[1]  (v) triggered by  leading edge of '@'
Path Groups: {default}
Analysis View: default_emulate_view
- External Delay                0.000
+ Path Delay                    5.000
= Required Time                 5.000
- Arrival Time                  4.982
= Slack Time                    0.018
     Clock Rise Edge                      0.000
     + Input Delay                        0.000
     = Beginpoint Arrival Time            0.000
     +--------------------------------------------------------------------------------------------------------+ 
     |          Instance           |       Arc       |           Cell            | Delay | Arrival | Required | 
     |                             |                 |                           |       |  Time   |   Time   | 
     |-----------------------------+-----------------+---------------------------+-------+---------+----------| 
     |                             | A[1] v          |                           |       |   0.000 |    0.018 | 
     | g2567                       | B v -> COUT v   | sky130_fd_sc_hd__fah_1    | 0.684 |   0.684 |    0.702 | 
     | addinc_add_7_30_g2457__5122 | A v -> Y ^      | sky130_fd_sc_hd__nand2_1  | 0.072 |   0.756 |    0.774 | 
     | addinc_add_7_30_g2455__2802 | A ^ -> Y v      | sky130_fd_sc_hd__nand2_1  | 0.069 |   0.825 |    0.843 | 
     | addinc_add_7_30_g2454__1617 | A v -> Y ^      | sky130_fd_sc_hd__nand2_1  | 0.088 |   0.913 |    0.931 | 
     | addinc_add_7_30_g2452__6783 | A ^ -> Y v      | sky130_fd_sc_hd__nand2_2  | 0.062 |   0.975 |    0.993 | 
     | addinc_add_7_30_g2451__5526 | A v -> Y ^      | sky130_fd_sc_hd__nand2_1  | 0.064 |   1.038 |    1.056 | 
     | addinc_add_7_30_g2449__4319 | A ^ -> Y v      | sky130_fd_sc_hd__nand2_1  | 0.070 |   1.108 |    1.126 | 
     | addinc_add_7_30_g2448__6260 | A v -> Y ^      | sky130_fd_sc_hd__nand2_1  | 0.071 |   1.179 |    1.197 | 
     | addinc_add_7_30_g2446__2398 | A ^ -> Y v      | sky130_fd_sc_hd__nand2_1  | 0.070 |   1.249 |    1.267 | 
     | addinc_add_7_30_g2445__5477 | A v -> Y ^      | sky130_fd_sc_hd__nand2_1  | 0.090 |   1.339 |    1.357 | 
     | addinc_add_7_30_g2443__7410 | A ^ -> Y v      | sky130_fd_sc_hd__nand2_2  | 0.062 |   1.401 |    1.419 | 
     | addinc_add_7_30_g2441__2346 | A1 v -> X v     | sky130_fd_sc_hd__a21o_1   | 0.182 |   1.584 |    1.602 | 
     | addinc_add_7_30_g2440__2883 | A v -> Y ^      | sky130_fd_sc_hd__nand2_1  | 0.080 |   1.664 |    1.682 | 
     | addinc_add_7_30_g2437__6161 | B2 ^ -> X ^     | sky130_fd_sc_hd__o221a_1  | 0.214 |   1.878 |    1.896 | 
     | addinc_add_7_30_g2434__5115 | A2 ^ -> Y v     | sky130_fd_sc_hd__o21ai_1  | 0.101 |   1.979 |    1.997 | 
     | addinc_add_7_30_g2433__1881 | A v -> Y ^      | sky130_fd_sc_hd__nand2_1  | 0.084 |   2.062 |    2.080 | 
     | addinc_add_7_30_g2431__7098 | A ^ -> Y v      | sky130_fd_sc_hd__nand2_1  | 0.074 |   2.137 |    2.155 | 
     | addinc_add_7_30_g2430__8246 | A v -> Y ^      | sky130_fd_sc_hd__nand2_1  | 0.073 |   2.210 |    2.228 | 
     | addinc_add_7_30_g2428__1705 | A ^ -> Y v      | sky130_fd_sc_hd__nand2_1  | 0.070 |   2.280 |    2.298 | 
     | addinc_add_7_30_g2427__2802 | A v -> Y ^      | sky130_fd_sc_hd__nand2_1  | 0.070 |   2.350 |    2.368 | 
     | addinc_add_7_30_g2425__3680 | A ^ -> Y v      | sky130_fd_sc_hd__nand2_1  | 0.072 |   2.422 |    2.440 | 
     | addinc_add_7_30_g2424__6783 | A v -> Y ^      | sky130_fd_sc_hd__nand2_1  | 0.069 |   2.491 |    2.510 | 
     | addinc_add_7_30_g2422__8428 | A ^ -> Y v      | sky130_fd_sc_hd__nand2_1  | 0.047 |   2.538 |    2.556 | 
     | addinc_add_7_30_g2421__4319 | CI v -> COUT v  | sky130_fd_sc_hd__fah_1    | 0.310 |   2.848 |    2.866 | 
     | addinc_add_7_30_g2418__5107 | A1 v -> X v     | sky130_fd_sc_hd__a31o_2   | 0.257 |   3.105 |    3.123 | 
     | addinc_add_7_30_g2408__9315 | A1 v -> Y ^     | sky130_fd_sc_hd__a31oi_1  | 0.254 |   3.359 |    3.377 | 
     | addinc_add_7_30_g2397__2802 | A4 ^ -> X ^     | sky130_fd_sc_hd__o41a_1   | 0.217 |   3.576 |    3.594 | 
     | addinc_add_7_30_g2394__6783 | A2 ^ -> Y v     | sky130_fd_sc_hd__o21ai_1  | 0.086 |   3.663 |    3.681 | 
     | addinc_add_7_30_g2393       | A v -> Y ^      | sky130_fd_sc_hd__inv_1    | 0.088 |   3.750 |    3.768 | 
     | addinc_add_7_30_g2391__8428 | A2 ^ -> Y v     | sky130_fd_sc_hd__o21ai_1  | 0.074 |   3.824 |    3.842 | 
     | addinc_add_7_30_g2390       | A v -> Y ^      | sky130_fd_sc_hd__clkinv_1 | 0.079 |   3.903 |    3.921 | 
     | addinc_add_7_30_g2388__6260 | A2 ^ -> Y v     | sky130_fd_sc_hd__o21ai_1  | 0.068 |   3.972 |    3.990 | 
     | addinc_add_7_30_g2387__5107 | CIN v -> COUT v | sky130_fd_sc_hd__fa_1     | 0.386 |   4.358 |    4.376 | 
     | addinc_add_7_30_g2386__2398 | CI v -> SUM ^   | sky130_fd_sc_hd__fah_1    | 0.623 |   4.981 |    4.999 | 
     |                             | S[31] ^         |                           | 0.001 |   4.982 |    5.000 | 
     +--------------------------------------------------------------------------------------------------------+ 

