============================================================
  Generated by:           Genus(TM) Synthesis Solution 23.12-s086_1
  Generated on:           Apr 14 2025  03:54:27 pm
  Module:                 cla_32bits
  Operating conditions:   tt_025C_1v80 
  Interconnect mode:      global
  Area mode:              physical library
============================================================

Timing
-------
  Cost    Critical            Violating 
 Group   Path Slack    TNS      Paths   
----------------------------------------
default       -55.3   -563.3         16 
----------------------------------------
Total                 -563.3         16 

Instance Count
--------------
Leaf Instance Count             540 
Physical Instance count           0 
Sequential Instance Count         0 
Combinational Instance Count    540 
Hierarchical Instance Count       0 

Area
----
Cell Area                          3737.334
Physical Cell Area                 0.000
Total Cell Area (Cell+Physical)    3737.334
Net Area                           2691.500
Total Area (Cell+Physical+Net)     6428.834

Max Fanout                         6 (n_2007)
Min Fanout                         1 (n_1)
Average Fanout                     1.6
Terms to net ratio                 2.4785
Terms to instance ratio            2.7815
Runtime                            46.536615999999995 seconds
Elapsed Runtime                    48 seconds
Genus peak memory usage            2108.26 
Innovus peak memory usage          no_value 
Hostname                           cadmicro-inf-el8-623207
