============================================================
  Generated by:           Genus(TM) Synthesis Solution 23.12-s086_1
  Generated on:           Apr 11 2025  02:53:44 pm
  Module:                 kogge_stone_32bits
  Operating conditions:   tt_025C_1v80 
  Interconnect mode:      global
  Area mode:              physical library
============================================================


Path 1: MET (0 ps) Path Delay Check
     Startpoint: (F) B[24]
       Endpoint: (F) S[28]

                   Capture    Launch  
      Path Delay:+    1777         -  
      Drv Adjust:+       0         0  
         Arrival:=    1777            
                                      
   Required Time:=    1777            
       Data Path:-    1777            
           Slack:=       0            

Exceptions/Constraints:
  max_delay             1777            constraints.sdc_line_1 

#-------------------------------------------------------------------------------------------------------------------------------------
#                Timing Point                  Flags   Arc   Edge           Cell             Fanout Load Trans Delay Arrival Instance 
#                                                                                                   (fF)  (ps)  (ps)   (ps)  Location 
#-------------------------------------------------------------------------------------------------------------------------------------
  B[24]                                        -       -     F     (arrival)                      1  3.3  1000     0       0    (-,-) 
  g67/X                                        -       A->X  F     sky130_fd_sc_hd__clkbuf_1      3 10.5    85   352     352    (-,-) 
  GENERATE_PROPAGATE[24].PROPAGATE/g25/Y       -       A->Y  R     sky130_fd_sc_hd__inv_2         1  3.7    34    58     410    (-,-) 
  GENERATE_PROPAGATE[24].PROPAGATE/g23__1666/Y -       B->Y  F     sky130_fd_sc_hd__nand2_1       1  5.6   188    59     469    (-,-) 
  GENERATE_PROPAGATE[24].PROPAGATE/g21__2883/Y -       A->Y  R     sky130_fd_sc_hd__nand2_2       5 14.7   104   152     620    (-,-) 
  LEVEL_1[25].B1/PROPAGATE/g12__1666/Y         -       B->Y  F     sky130_fd_sc_hd__nand2_1       1  5.6    94    79     700    (-,-) 
  LEVEL_1[25].B1/PROPAGATE/g11/Y               -       A->Y  R     sky130_fd_sc_hd__inv_2         3  9.2    56    82     781    (-,-) 
  LEVEL_2[27].B3/PROPAGATE/g11__5477/X         -       B->X  R     sky130_fd_sc_hd__and2_1        3  7.9    93   153     934    (-,-) 
  LEVEL_3[27].B7/PROPAGATE/g2/X                -       A->X  R     sky130_fd_sc_hd__and2_1        2  5.8    74   147    1082    (-,-) 
  LEVEL_4[27].B15/PROPAGATE/g11__1617/X        -       A->X  R     sky130_fd_sc_hd__and2_1        2  5.8    74   141    1223    (-,-) 
  LEVEL_5[27].B17/PROPAGATE/g11__4733/X        -       A->X  R     sky130_fd_sc_hd__and2_1        1  3.8    56   127    1350    (-,-) 
  C27/g13__8428/X                              -       A1->X R     sky130_fd_sc_hd__a21o_1        2  7.7    79   133    1483    (-,-) 
  S28/g27/Y                                    -       A->Y  F     sky130_fd_sc_hd__clkinv_1      1  3.6    43    67    1550    (-,-) 
  S28/g26/Y                                    -       A->Y  R     sky130_fd_sc_hd__nand2_1       1 10.1   108    99    1648    (-,-) 
  S28/g24/Y                                    -       A->Y  F     sky130_fd_sc_hd__nand2_4       1 51.3   118   128    1777    (-,-) 
  S[28]                                        <<<     -     F     (port)                         -    -     -     0    1777    (-,-) 
#-------------------------------------------------------------------------------------------------------------------------------------

