###############################################################
#  Generated by:      Cadence Innovus 23.32-s091_1
#  OS:                Linux x86_64(Host ID cadmicro-inf-el8-623207)
#  Generated on:      Mon Apr 14 15:05:46 2025
#  Design:            signal_32bits
#  Command:           report_timing > reports/report_timing.rpt
###############################################################
Path 1: MET Path Delay Check
Endpoint:   S[18] (^)
Beginpoint: Cin   (^) triggered by  leading edge of '@'
Path Groups: {default}
Analysis View: default_emulate_view
- External Delay                0.000
+ Path Delay                    2.600
= Required Time                 2.600
- Arrival Time                  2.503
= Slack Time                    0.097
     Clock Rise Edge                      0.000
     + Input Delay                        0.000
     = Beginpoint Arrival Time            0.000
     +-----------------------------------------------------------------------------------------------------+ 
     |          Instance           |     Arc     |            Cell            | Delay | Arrival | Required | 
     |                             |             |                            |       |  Time   |   Time   | 
     |-----------------------------+-------------+----------------------------+-------+---------+----------| 
     |                             | Cin ^       |                            |       |   0.000 |    0.097 | 
     | g49                         | A ^ -> Y v  | sky130_fd_sc_hd__inv_2     | 0.119 |   0.119 |    0.216 | 
     | addinc_add_7_30_g2038__8428 | B1 v -> Y ^ | sky130_fd_sc_hd__o2bb2ai_2 | 0.214 |   0.333 |    0.430 | 
     | addinc_add_7_30_g2021__4733 | A ^ -> Y v  | sky130_fd_sc_hd__nand2_1   | 0.076 |   0.409 |    0.506 | 
     | addinc_add_7_30_g2019__5115 | A v -> Y ^  | sky130_fd_sc_hd__nand2_1   | 0.097 |   0.506 |    0.602 | 
     | addinc_add_7_30_g2015__8246 | A ^ -> Y v  | sky130_fd_sc_hd__nand2_1   | 0.062 |   0.568 |    0.665 | 
     | addinc_add_7_30_g2013__1705 | A v -> Y ^  | sky130_fd_sc_hd__nand2_1   | 0.088 |   0.656 |    0.752 | 
     | addinc_add_7_30_g2012__2802 | A ^ -> Y v  | sky130_fd_sc_hd__nand2_1   | 0.074 |   0.730 |    0.826 | 
     | addinc_add_7_30_g2010__3680 | A v -> Y ^  | sky130_fd_sc_hd__nand2_2   | 0.082 |   0.812 |    0.908 | 
     | addinc_add_7_30_g2008__6783 | A ^ -> Y v  | sky130_fd_sc_hd__nand2_1   | 0.074 |   0.886 |    0.983 | 
     | addinc_add_7_30_g2005__4319 | A v -> Y ^  | sky130_fd_sc_hd__nand2_2   | 0.076 |   0.962 |    1.058 | 
     | addinc_add_7_30_g2003__6260 | A ^ -> Y v  | sky130_fd_sc_hd__nand2_2   | 0.051 |   1.013 |    1.110 | 
     | addinc_add_7_30_g1999__6417 | A v -> Y ^  | sky130_fd_sc_hd__nand2_2   | 0.097 |   1.110 |    1.206 | 
     | addinc_add_7_30_g1997__7410 | A ^ -> Y v  | sky130_fd_sc_hd__nand2_2   | 0.059 |   1.169 |    1.266 | 
     | addinc_add_7_30_g1992__9315 | A v -> Y ^  | sky130_fd_sc_hd__nand2_2   | 0.090 |   1.259 |    1.356 | 
     | addinc_add_7_30_g1990__6161 | A ^ -> Y v  | sky130_fd_sc_hd__nand2_1   | 0.075 |   1.333 |    1.430 | 
     | addinc_add_7_30_g1983__8246 | C1 v -> Y ^ | sky130_fd_sc_hd__o211ai_2  | 0.113 |   1.446 |    1.543 | 
     | addinc_add_7_30_g1974__8428 | A1 ^ -> Y v | sky130_fd_sc_hd__a21oi_1   | 0.151 |   1.598 |    1.694 | 
     | g2                          | B v -> Y ^  | sky130_fd_sc_hd__xnor2_1   | 0.905 |   2.502 |    2.599 | 
     |                             | S[18] ^     |                            | 0.001 |   2.503 |    2.600 | 
     +-----------------------------------------------------------------------------------------------------+ 

