============================================================
  Generated by:           Genus(TM) Synthesis Solution 23.12-s086_1
  Generated on:           Apr 14 2025  03:59:45 pm
  Module:                 ripple_carry_adder_16bits
  Operating conditions:   tt_025C_1v80 
  Interconnect mode:      global
  Area mode:              physical library
============================================================


Path 1: MET (0 ps) Path Delay Check
     Startpoint: (F) B[1]
       Endpoint: (R) S[10]

                   Capture    Launch  
      Path Delay:+    1390         -  
      Drv Adjust:+       0         0  
         Arrival:=    1390            
                                      
   Required Time:=    1390            
       Data Path:-    1390            
           Slack:=       0            

Exceptions/Constraints:
  max_delay             1390            constraints.sdc_line_1 

#------------------------------------------------------------------------------------------------------
# Timing Point   Flags   Arc   Edge           Cell            Fanout Load Trans Delay Arrival Instance 
#                                                                    (fF)  (ps)  (ps)   (ps)  Location 
#------------------------------------------------------------------------------------------------------
  B[1]           -       -     F     (arrival)                     2  8.5  1000     0       0    (-,-) 
  fopt5226/Y     -       A->Y  R     sky130_fd_sc_hd__inv_2        2  5.8   164   235     235    (-,-) 
  g5133__7410/Y  -       B->Y  F     sky130_fd_sc_hd__nand2_1      1  3.5    58    79     314    (-,-) 
  g5076__2883/Y  -       B->Y  R     sky130_fd_sc_hd__nand2_1      1  5.9    72    86     400    (-,-) 
  g5072__5107/Y  -       A->Y  F     sky130_fd_sc_hd__nand2_2      3  9.6    52    65     465    (-,-) 
  g5034__7482/Y  -       A->Y  R     sky130_fd_sc_hd__nand3_1      1  5.9    90    86     551    (-,-) 
  g5032__1705/Y  -       A->Y  F     sky130_fd_sc_hd__nand2_2      3 11.2    66    76     627    (-,-) 
  g5017__5477/Y  -       A->Y  R     sky130_fd_sc_hd__nand2_2      1  5.9    54    68     694    (-,-) 
  g5011__7098/Y  -       A->Y  F     sky130_fd_sc_hd__nand2_2      3 16.4    74    79     773    (-,-) 
  g5241/X        -       A1->X F     sky130_fd_sc_hd__a21bo_1      2  8.4    60   200     973    (-,-) 
  g4995__1881/X  -       A->X  F     sky130_fd_sc_hd__and2_4       2  8.5    36   146    1120    (-,-) 
  g4994/Y        -       A->Y  R     sky130_fd_sc_hd__inv_2        1  3.7    26    39    1159    (-,-) 
  g4987__5526/Y  -       A->Y  F     sky130_fd_sc_hd__nand2_1      1  9.6    81    73    1232    (-,-) 
  g4983__5107/Y  -       A->Y  R     sky130_fd_sc_hd__nand2_4      1 51.3   165   158    1390    (-,-) 
  S[10]          <<<     -     R     (port)                        -    -     -     0    1390    (-,-) 
#------------------------------------------------------------------------------------------------------

