============================================================
  Generated by:           Genus(TM) Synthesis Solution 23.12-s086_1
  Generated on:           Apr 11 2025  03:15:44 pm
  Module:                 sklansky_32bits
  Operating conditions:   tt_025C_1v80 
  Interconnect mode:      global
  Area mode:              physical library
============================================================


Path 1: MET (46 ps) Path Delay Check
     Startpoint: (F) A[2]
       Endpoint: (R) S[16]

                   Capture    Launch  
      Path Delay:+    2750         -  
      Drv Adjust:+       0         0  
         Arrival:=    2750            
                                      
   Required Time:=    2750            
       Data Path:-    2704            
           Slack:=      46            

Exceptions/Constraints:
  max_delay             2750            constraints.sdc_line_1 

#---------------------------------------------------------------------------------------------------------------------------------
#               Timing Point                 Flags   Arc   Edge          Cell            Fanout Load Trans Delay Arrival Instance 
#                                                                                               (fF)  (ps)  (ps)   (ps)  Location 
#---------------------------------------------------------------------------------------------------------------------------------
  A[2]                                       -       -     F     (arrival)                    2  7.5  1000     0       0    (-,-) 
  GENERATE_PROPAGATE[2].PROPAGATE/g2__1881/X -       A->X  R     sky130_fd_sc_hd__xor2_1      4 13.1   383   627     627    (-,-) 
  LEVEL_1[3].B1/PROPAGATE/g11__9945/X        -       A->X  R     sky130_fd_sc_hd__and2_1      2  5.9    80   208     834    (-,-) 
  LEVEL_2[3].B2/GENERATE/g13__2883/X         -       A2->X R     sky130_fd_sc_hd__a21o_1      5 16.3   150   195    1030    (-,-) 
  LEVEL_3[7].B4/GENERATE/g13__6417/X         -       A1->X R     sky130_fd_sc_hd__a21o_1      9 28.7   253   283    1313    (-,-) 
  LEVEL_4[31].B11/GENERATE/g13__2398/X       -       A1->X R     sky130_fd_sc_hd__a21o_1     17 53.6   462   450    1763    (-,-) 
  C15/g13__9945/X                            -       B1->X R     sky130_fd_sc_hd__a21o_1      1  5.8    73   150    1913    (-,-) 
  S16/g10__9315/X                            -       B->X  R     sky130_fd_sc_hd__xor2_1      1 51.3  1009   791    2704    (-,-) 
  S[16]                                      <<<     -     R     (port)                       -    -     -     0    2704    (-,-) 
#---------------------------------------------------------------------------------------------------------------------------------

