============================================================
  Generated by:           Genus(TM) Synthesis Solution 23.12-s086_1
  Generated on:           Apr 14 2025  01:11:53 pm
  Module:                 signal_32bits
  Operating conditions:   tt_025C_1v80 
  Interconnect mode:      global
  Area mode:              physical library
============================================================

Timing
-------
  Cost    Critical         Violating 
 Group   Path Slack  TNS     Paths   
-------------------------------------
default      2039.8   0.0          0 
-------------------------------------
Total                 0.0          0 

Instance Count
--------------
Leaf Instance Count             114 
Physical Instance count           0 
Sequential Instance Count         0 
Combinational Instance Count    114 
Hierarchical Instance Count       0 

Area
----
Cell Area                          880.845
Physical Cell Area                 0.000
Total Cell Area (Cell+Physical)    880.845
Net Area                           835.383
Total Area (Cell+Physical+Net)     1716.228

Max Fanout                         4 (addinc_add_7_30_n_0)
Min Fanout                         1 (B[1])
Average Fanout                     1.5
Terms to net ratio                 2.0359
Terms to instance ratio            3.4825
Runtime                            14.43942 seconds
Elapsed Runtime                    14 seconds
Genus peak memory usage            1940.51 
Innovus peak memory usage          no_value 
Hostname                           cadmicro-inf-el8-623207
