TimeQuest Timing Analyzer report for freqdiv4
Mon Dec  2 16:43:18 2024
Quartus II 32-bit Version 13.1.0 Build 162 10/23/2013 SJ Web Edition


---------------------
; Table of Contents ;
---------------------
  1. Legal Notice
  2. TimeQuest Timing Analyzer Summary
  3. Parallel Compilation
  4. Clocks
  5. Slow 1200mV 85C Model Fmax Summary
  6. Timing Closure Recommendations
  7. Slow 1200mV 85C Model Setup Summary
  8. Slow 1200mV 85C Model Hold Summary
  9. Slow 1200mV 85C Model Recovery Summary
 10. Slow 1200mV 85C Model Removal Summary
 11. Slow 1200mV 85C Model Minimum Pulse Width Summary
 12. Slow 1200mV 85C Model Setup: 'clk'
 13. Slow 1200mV 85C Model Setup: 'freqdiv2:fd1|q'
 14. Slow 1200mV 85C Model Hold: 'clk'
 15. Slow 1200mV 85C Model Hold: 'freqdiv2:fd1|q'
 16. Slow 1200mV 85C Model Minimum Pulse Width: 'clk'
 17. Slow 1200mV 85C Model Minimum Pulse Width: 'freqdiv2:fd1|q'
 18. Clock to Output Times
 19. Minimum Clock to Output Times
 20. Slow 1200mV 85C Model Metastability Report
 21. Slow 1200mV 0C Model Fmax Summary
 22. Slow 1200mV 0C Model Setup Summary
 23. Slow 1200mV 0C Model Hold Summary
 24. Slow 1200mV 0C Model Recovery Summary
 25. Slow 1200mV 0C Model Removal Summary
 26. Slow 1200mV 0C Model Minimum Pulse Width Summary
 27. Slow 1200mV 0C Model Setup: 'clk'
 28. Slow 1200mV 0C Model Setup: 'freqdiv2:fd1|q'
 29. Slow 1200mV 0C Model Hold: 'clk'
 30. Slow 1200mV 0C Model Hold: 'freqdiv2:fd1|q'
 31. Slow 1200mV 0C Model Minimum Pulse Width: 'clk'
 32. Slow 1200mV 0C Model Minimum Pulse Width: 'freqdiv2:fd1|q'
 33. Clock to Output Times
 34. Minimum Clock to Output Times
 35. Slow 1200mV 0C Model Metastability Report
 36. Fast 1200mV 0C Model Setup Summary
 37. Fast 1200mV 0C Model Hold Summary
 38. Fast 1200mV 0C Model Recovery Summary
 39. Fast 1200mV 0C Model Removal Summary
 40. Fast 1200mV 0C Model Minimum Pulse Width Summary
 41. Fast 1200mV 0C Model Setup: 'clk'
 42. Fast 1200mV 0C Model Setup: 'freqdiv2:fd1|q'
 43. Fast 1200mV 0C Model Hold: 'clk'
 44. Fast 1200mV 0C Model Hold: 'freqdiv2:fd1|q'
 45. Fast 1200mV 0C Model Minimum Pulse Width: 'clk'
 46. Fast 1200mV 0C Model Minimum Pulse Width: 'freqdiv2:fd1|q'
 47. Clock to Output Times
 48. Minimum Clock to Output Times
 49. Fast 1200mV 0C Model Metastability Report
 50. Multicorner Timing Analysis Summary
 51. Clock to Output Times
 52. Minimum Clock to Output Times
 53. Board Trace Model Assignments
 54. Input Transition Times
 55. Signal Integrity Metrics (Slow 1200mv 0c Model)
 56. Signal Integrity Metrics (Slow 1200mv 85c Model)
 57. Signal Integrity Metrics (Fast 1200mv 0c Model)
 58. Setup Transfers
 59. Hold Transfers
 60. Report TCCS
 61. Report RSKM
 62. Unconstrained Paths
 63. TimeQuest Timing Analyzer Messages



----------------
; Legal Notice ;
----------------
Copyright (C) 1991-2013 Altera Corporation
Your use of Altera Corporation's design tools, logic functions 
and other software and tools, and its AMPP partner logic 
functions, and any output files from any of the foregoing 
(including device programming or simulation files), and any 
associated documentation or information are expressly subject 
to the terms and conditions of the Altera Program License 
Subscription Agreement, Altera MegaCore Function License 
Agreement, or other applicable license agreement, including, 
without limitation, that your use is for the sole purpose of 
programming logic devices manufactured by Altera and sold by 
Altera or its authorized distributors.  Please refer to the 
applicable agreement for further details.



+-------------------------------------------------------------------------+
; TimeQuest Timing Analyzer Summary                                       ;
+--------------------+----------------------------------------------------+
; Quartus II Version ; Version 13.1.0 Build 162 10/23/2013 SJ Web Edition ;
; Revision Name      ; freqdiv4                                           ;
; Device Family      ; Cyclone IV GX                                      ;
; Device Name        ; EP4CGX15BF14C6                                     ;
; Timing Models      ; Final                                              ;
; Delay Model        ; Combined                                           ;
; Rise/Fall Delays   ; Enabled                                            ;
+--------------------+----------------------------------------------------+


Parallel compilation was disabled, but you have multiple processors available. Enable parallel compilation to reduce compilation time.
+-------------------------------------+
; Parallel Compilation                ;
+----------------------------+--------+
; Processors                 ; Number ;
+----------------------------+--------+
; Number detected on machine ; 12     ;
; Maximum allowed            ; 1      ;
+----------------------------+--------+


+------------------------------------------------------------------------------------------------------------------------------------------------------------------------------------------------+
; Clocks                                                                                                                                                                                         ;
+----------------+------+--------+------------+-------+-------+------------+-----------+-------------+-------+--------+-----------+------------+----------+--------+--------+--------------------+
; Clock Name     ; Type ; Period ; Frequency  ; Rise  ; Fall  ; Duty Cycle ; Divide by ; Multiply by ; Phase ; Offset ; Edge List ; Edge Shift ; Inverted ; Master ; Source ; Targets            ;
+----------------+------+--------+------------+-------+-------+------------+-----------+-------------+-------+--------+-----------+------------+----------+--------+--------+--------------------+
; clk            ; Base ; 1.000  ; 1000.0 MHz ; 0.000 ; 0.500 ;            ;           ;             ;       ;        ;           ;            ;          ;        ;        ; { clk }            ;
; freqdiv2:fd1|q ; Base ; 1.000  ; 1000.0 MHz ; 0.000 ; 0.500 ;            ;           ;             ;       ;        ;           ;            ;          ;        ;        ; { freqdiv2:fd1|q } ;
+----------------+------+--------+------------+-------+-------+------------+-----------+-------------+-------+--------+-----------+------------+----------+--------+--------+--------------------+


+-------------------------------------------------------------------------------------------------+
; Slow 1200mV 85C Model Fmax Summary                                                              ;
+-------------+-----------------+----------------+------------------------------------------------+
; Fmax        ; Restricted Fmax ; Clock Name     ; Note                                           ;
+-------------+-----------------+----------------+------------------------------------------------+
; 1466.28 MHz ; 500.0 MHz       ; freqdiv2:fd1|q ; limit due to minimum period restriction (tmin) ;
+-------------+-----------------+----------------+------------------------------------------------+
This panel reports FMAX for every clock in the design, regardless of the user-specified clock periods.  FMAX is only computed for paths where the source and destination registers or ports are driven by the same clock.  Paths of different clocks, including generated clocks, are ignored.  For paths between a clock and its inversion, FMAX is computed as if the rising and falling edges are scaled along with FMAX, such that the duty cycle (in terms of a percentage) is maintained. Altera recommends that you always use clock constraints and other slack reports for sign-off analysis.


----------------------------------
; Timing Closure Recommendations ;
----------------------------------
HTML report is unavailable in plain text report export.


+----------------------------------------+
; Slow 1200mV 85C Model Setup Summary    ;
+----------------+-------+---------------+
; Clock          ; Slack ; End Point TNS ;
+----------------+-------+---------------+
; clk            ; 0.092 ; 0.000         ;
; freqdiv2:fd1|q ; 0.318 ; 0.000         ;
+----------------+-------+---------------+


+-----------------------------------------+
; Slow 1200mV 85C Model Hold Summary      ;
+----------------+--------+---------------+
; Clock          ; Slack  ; End Point TNS ;
+----------------+--------+---------------+
; clk            ; -0.010 ; -0.010        ;
; freqdiv2:fd1|q ; 0.385  ; 0.000         ;
+----------------+--------+---------------+


------------------------------------------
; Slow 1200mV 85C Model Recovery Summary ;
------------------------------------------
No paths to report.


-----------------------------------------
; Slow 1200mV 85C Model Removal Summary ;
-----------------------------------------
No paths to report.


+---------------------------------------------------+
; Slow 1200mV 85C Model Minimum Pulse Width Summary ;
+----------------+--------+-------------------------+
; Clock          ; Slack  ; End Point TNS           ;
+----------------+--------+-------------------------+
; clk            ; -3.000 ; -4.000                  ;
; freqdiv2:fd1|q ; -1.000 ; -1.000                  ;
+----------------+--------+-------------------------+


+-----------------------------------------------------------------------------------------------------------------+
; Slow 1200mV 85C Model Setup: 'clk'                                                                              ;
+-------+----------------+----------------+----------------+-------------+--------------+------------+------------+
; Slack ; From Node      ; To Node        ; Launch Clock   ; Latch Clock ; Relationship ; Clock Skew ; Data Delay ;
+-------+----------------+----------------+----------------+-------------+--------------+------------+------------+
; 0.092 ; freqdiv2:fd1|q ; freqdiv2:fd1|q ; freqdiv2:fd1|q ; clk         ; 0.500        ; 2.056      ; 2.658      ;
; 0.618 ; freqdiv2:fd1|q ; freqdiv2:fd1|q ; freqdiv2:fd1|q ; clk         ; 1.000        ; 2.056      ; 2.632      ;
+-------+----------------+----------------+----------------+-------------+--------------+------------+------------+


+--------------------------------------------------------------------------------------------------------------------+
; Slow 1200mV 85C Model Setup: 'freqdiv2:fd1|q'                                                                      ;
+-------+----------------+----------------+----------------+----------------+--------------+------------+------------+
; Slack ; From Node      ; To Node        ; Launch Clock   ; Latch Clock    ; Relationship ; Clock Skew ; Data Delay ;
+-------+----------------+----------------+----------------+----------------+--------------+------------+------------+
; 0.318 ; freqdiv2:fd2|q ; freqdiv2:fd2|q ; freqdiv2:fd1|q ; freqdiv2:fd1|q ; 1.000        ; -0.038     ; 0.659      ;
+-------+----------------+----------------+----------------+----------------+--------------+------------+------------+


+------------------------------------------------------------------------------------------------------------------+
; Slow 1200mV 85C Model Hold: 'clk'                                                                                ;
+--------+----------------+----------------+----------------+-------------+--------------+------------+------------+
; Slack  ; From Node      ; To Node        ; Launch Clock   ; Latch Clock ; Relationship ; Clock Skew ; Data Delay ;
+--------+----------------+----------------+----------------+-------------+--------------+------------+------------+
; -0.010 ; freqdiv2:fd1|q ; freqdiv2:fd1|q ; freqdiv2:fd1|q ; clk         ; 0.000        ; 2.145      ; 2.511      ;
; 0.526  ; freqdiv2:fd1|q ; freqdiv2:fd1|q ; freqdiv2:fd1|q ; clk         ; -0.500       ; 2.145      ; 2.547      ;
+--------+----------------+----------------+----------------+-------------+--------------+------------+------------+


+--------------------------------------------------------------------------------------------------------------------+
; Slow 1200mV 85C Model Hold: 'freqdiv2:fd1|q'                                                                       ;
+-------+----------------+----------------+----------------+----------------+--------------+------------+------------+
; Slack ; From Node      ; To Node        ; Launch Clock   ; Latch Clock    ; Relationship ; Clock Skew ; Data Delay ;
+-------+----------------+----------------+----------------+----------------+--------------+------------+------------+
; 0.385 ; freqdiv2:fd2|q ; freqdiv2:fd2|q ; freqdiv2:fd1|q ; freqdiv2:fd1|q ; 0.000        ; 0.038      ; 0.580      ;
+-------+----------------+----------------+----------------+----------------+--------------+------------+------------+


+-------------------------------------------------------------------------------------------------+
; Slow 1200mV 85C Model Minimum Pulse Width: 'clk'                                                ;
+--------+--------------+----------------+------------------+-------+------------+----------------+
; Slack  ; Actual Width ; Required Width ; Type             ; Clock ; Clock Edge ; Target         ;
+--------+--------------+----------------+------------------+-------+------------+----------------+
; -3.000 ; 1.000        ; 4.000          ; Port Rate        ; clk   ; Rise       ; clk            ;
; -1.000 ; 1.000        ; 2.000          ; Min Period       ; clk   ; Rise       ; freqdiv2:fd1|q ;
; 0.175  ; 0.359        ; 0.184          ; Low Pulse Width  ; clk   ; Rise       ; freqdiv2:fd1|q ;
; 0.326  ; 0.326        ; 0.000          ; Low Pulse Width  ; clk   ; Rise       ; clk~input|o    ;
; 0.336  ; 0.336        ; 0.000          ; Low Pulse Width  ; clk   ; Rise       ; fd1|q|clk      ;
; 0.424  ; 0.640        ; 0.216          ; High Pulse Width ; clk   ; Rise       ; freqdiv2:fd1|q ;
; 0.500  ; 0.500        ; 0.000          ; High Pulse Width ; clk   ; Rise       ; clk~input|i    ;
; 0.500  ; 0.500        ; 0.000          ; Low Pulse Width  ; clk   ; Rise       ; clk~input|i    ;
; 0.663  ; 0.663        ; 0.000          ; High Pulse Width ; clk   ; Rise       ; fd1|q|clk      ;
; 0.674  ; 0.674        ; 0.000          ; High Pulse Width ; clk   ; Rise       ; clk~input|o    ;
+--------+--------------+----------------+------------------+-------+------------+----------------+


+----------------------------------------------------------------------------------------------------------+
; Slow 1200mV 85C Model Minimum Pulse Width: 'freqdiv2:fd1|q'                                              ;
+--------+--------------+----------------+------------------+----------------+------------+----------------+
; Slack  ; Actual Width ; Required Width ; Type             ; Clock          ; Clock Edge ; Target         ;
+--------+--------------+----------------+------------------+----------------+------------+----------------+
; -1.000 ; 1.000        ; 2.000          ; Min Period       ; freqdiv2:fd1|q ; Rise       ; freqdiv2:fd2|q ;
; 0.254  ; 0.438        ; 0.184          ; Low Pulse Width  ; freqdiv2:fd1|q ; Rise       ; freqdiv2:fd2|q ;
; 0.341  ; 0.557        ; 0.216          ; High Pulse Width ; freqdiv2:fd1|q ; Rise       ; freqdiv2:fd2|q ;
; 0.416  ; 0.416        ; 0.000          ; Low Pulse Width  ; freqdiv2:fd1|q ; Rise       ; fd2|q|clk      ;
; 0.500  ; 0.500        ; 0.000          ; High Pulse Width ; freqdiv2:fd1|q ; Rise       ; fd1|q|q        ;
; 0.500  ; 0.500        ; 0.000          ; Low Pulse Width  ; freqdiv2:fd1|q ; Rise       ; fd1|q|q        ;
; 0.581  ; 0.581        ; 0.000          ; High Pulse Width ; freqdiv2:fd1|q ; Rise       ; fd2|q|clk      ;
+--------+--------------+----------------+------------------+----------------+------------+----------------+


+---------------------------------------------------------------------------+
; Clock to Output Times                                                     ;
+-----------+----------------+-------+-------+------------+-----------------+
; Data Port ; Clock Port     ; Rise  ; Fall  ; Clock Edge ; Clock Reference ;
+-----------+----------------+-------+-------+------------+-----------------+
; q         ; freqdiv2:fd1|q ; 4.017 ; 3.939 ; Rise       ; freqdiv2:fd1|q  ;
+-----------+----------------+-------+-------+------------+-----------------+


+---------------------------------------------------------------------------+
; Minimum Clock to Output Times                                             ;
+-----------+----------------+-------+-------+------------+-----------------+
; Data Port ; Clock Port     ; Rise  ; Fall  ; Clock Edge ; Clock Reference ;
+-----------+----------------+-------+-------+------------+-----------------+
; q         ; freqdiv2:fd1|q ; 3.880 ; 3.801 ; Rise       ; freqdiv2:fd1|q  ;
+-----------+----------------+-------+-------+------------+-----------------+


----------------------------------------------
; Slow 1200mV 85C Model Metastability Report ;
----------------------------------------------
No synchronizer chains to report.


+-------------------------------------------------------------------------------------------------+
; Slow 1200mV 0C Model Fmax Summary                                                               ;
+-------------+-----------------+----------------+------------------------------------------------+
; Fmax        ; Restricted Fmax ; Clock Name     ; Note                                           ;
+-------------+-----------------+----------------+------------------------------------------------+
; 1661.13 MHz ; 500.0 MHz       ; freqdiv2:fd1|q ; limit due to minimum period restriction (tmin) ;
+-------------+-----------------+----------------+------------------------------------------------+
This panel reports FMAX for every clock in the design, regardless of the user-specified clock periods.  FMAX is only computed for paths where the source and destination registers or ports are driven by the same clock.  Paths of different clocks, including generated clocks, are ignored.  For paths between a clock and its inversion, FMAX is computed as if the rising and falling edges are scaled along with FMAX, such that the duty cycle (in terms of a percentage) is maintained. Altera recommends that you always use clock constraints and other slack reports for sign-off analysis.


+----------------------------------------+
; Slow 1200mV 0C Model Setup Summary     ;
+----------------+-------+---------------+
; Clock          ; Slack ; End Point TNS ;
+----------------+-------+---------------+
; clk            ; 0.150 ; 0.000         ;
; freqdiv2:fd1|q ; 0.398 ; 0.000         ;
+----------------+-------+---------------+


+-----------------------------------------+
; Slow 1200mV 0C Model Hold Summary       ;
+----------------+--------+---------------+
; Clock          ; Slack  ; End Point TNS ;
+----------------+--------+---------------+
; clk            ; -0.045 ; -0.045        ;
; freqdiv2:fd1|q ; 0.341  ; 0.000         ;
+----------------+--------+---------------+


-----------------------------------------
; Slow 1200mV 0C Model Recovery Summary ;
-----------------------------------------
No paths to report.


----------------------------------------
; Slow 1200mV 0C Model Removal Summary ;
----------------------------------------
No paths to report.


+--------------------------------------------------+
; Slow 1200mV 0C Model Minimum Pulse Width Summary ;
+----------------+--------+------------------------+
; Clock          ; Slack  ; End Point TNS          ;
+----------------+--------+------------------------+
; clk            ; -3.000 ; -4.000                 ;
; freqdiv2:fd1|q ; -1.000 ; -1.000                 ;
+----------------+--------+------------------------+


+-----------------------------------------------------------------------------------------------------------------+
; Slow 1200mV 0C Model Setup: 'clk'                                                                               ;
+-------+----------------+----------------+----------------+-------------+--------------+------------+------------+
; Slack ; From Node      ; To Node        ; Launch Clock   ; Latch Clock ; Relationship ; Clock Skew ; Data Delay ;
+-------+----------------+----------------+----------------+-------------+--------------+------------+------------+
; 0.150 ; freqdiv2:fd1|q ; freqdiv2:fd1|q ; freqdiv2:fd1|q ; clk         ; 0.500        ; 1.888      ; 2.413      ;
; 0.689 ; freqdiv2:fd1|q ; freqdiv2:fd1|q ; freqdiv2:fd1|q ; clk         ; 1.000        ; 1.888      ; 2.374      ;
+-------+----------------+----------------+----------------+-------------+--------------+------------+------------+


+--------------------------------------------------------------------------------------------------------------------+
; Slow 1200mV 0C Model Setup: 'freqdiv2:fd1|q'                                                                       ;
+-------+----------------+----------------+----------------+----------------+--------------+------------+------------+
; Slack ; From Node      ; To Node        ; Launch Clock   ; Latch Clock    ; Relationship ; Clock Skew ; Data Delay ;
+-------+----------------+----------------+----------------+----------------+--------------+------------+------------+
; 0.398 ; freqdiv2:fd2|q ; freqdiv2:fd2|q ; freqdiv2:fd1|q ; freqdiv2:fd1|q ; 1.000        ; -0.034     ; 0.583      ;
+-------+----------------+----------------+----------------+----------------+--------------+------------+------------+


+------------------------------------------------------------------------------------------------------------------+
; Slow 1200mV 0C Model Hold: 'clk'                                                                                 ;
+--------+----------------+----------------+----------------+-------------+--------------+------------+------------+
; Slack  ; From Node      ; To Node        ; Launch Clock   ; Latch Clock ; Relationship ; Clock Skew ; Data Delay ;
+--------+----------------+----------------+----------------+-------------+--------------+------------+------------+
; -0.045 ; freqdiv2:fd1|q ; freqdiv2:fd1|q ; freqdiv2:fd1|q ; clk         ; 0.000        ; 1.967      ; 2.266      ;
; 0.500  ; freqdiv2:fd1|q ; freqdiv2:fd1|q ; freqdiv2:fd1|q ; clk         ; -0.500       ; 1.967      ; 2.311      ;
+--------+----------------+----------------+----------------+-------------+--------------+------------+------------+


+--------------------------------------------------------------------------------------------------------------------+
; Slow 1200mV 0C Model Hold: 'freqdiv2:fd1|q'                                                                        ;
+-------+----------------+----------------+----------------+----------------+--------------+------------+------------+
; Slack ; From Node      ; To Node        ; Launch Clock   ; Latch Clock    ; Relationship ; Clock Skew ; Data Delay ;
+-------+----------------+----------------+----------------+----------------+--------------+------------+------------+
; 0.341 ; freqdiv2:fd2|q ; freqdiv2:fd2|q ; freqdiv2:fd1|q ; freqdiv2:fd1|q ; 0.000        ; 0.034      ; 0.519      ;
+-------+----------------+----------------+----------------+----------------+--------------+------------+------------+


+-------------------------------------------------------------------------------------------------+
; Slow 1200mV 0C Model Minimum Pulse Width: 'clk'                                                 ;
+--------+--------------+----------------+------------------+-------+------------+----------------+
; Slack  ; Actual Width ; Required Width ; Type             ; Clock ; Clock Edge ; Target         ;
+--------+--------------+----------------+------------------+-------+------------+----------------+
; -3.000 ; 1.000        ; 4.000          ; Port Rate        ; clk   ; Rise       ; clk            ;
; -1.000 ; 1.000        ; 2.000          ; Min Period       ; clk   ; Rise       ; freqdiv2:fd1|q ;
; 0.206  ; 0.390        ; 0.184          ; Low Pulse Width  ; clk   ; Rise       ; freqdiv2:fd1|q ;
; 0.344  ; 0.344        ; 0.000          ; Low Pulse Width  ; clk   ; Rise       ; clk~input|o    ;
; 0.366  ; 0.366        ; 0.000          ; Low Pulse Width  ; clk   ; Rise       ; fd1|q|clk      ;
; 0.394  ; 0.610        ; 0.216          ; High Pulse Width ; clk   ; Rise       ; freqdiv2:fd1|q ;
; 0.500  ; 0.500        ; 0.000          ; High Pulse Width ; clk   ; Rise       ; clk~input|i    ;
; 0.500  ; 0.500        ; 0.000          ; Low Pulse Width  ; clk   ; Rise       ; clk~input|i    ;
; 0.634  ; 0.634        ; 0.000          ; High Pulse Width ; clk   ; Rise       ; fd1|q|clk      ;
; 0.656  ; 0.656        ; 0.000          ; High Pulse Width ; clk   ; Rise       ; clk~input|o    ;
+--------+--------------+----------------+------------------+-------+------------+----------------+


+----------------------------------------------------------------------------------------------------------+
; Slow 1200mV 0C Model Minimum Pulse Width: 'freqdiv2:fd1|q'                                               ;
+--------+--------------+----------------+------------------+----------------+------------+----------------+
; Slack  ; Actual Width ; Required Width ; Type             ; Clock          ; Clock Edge ; Target         ;
+--------+--------------+----------------+------------------+----------------+------------+----------------+
; -1.000 ; 1.000        ; 2.000          ; Min Period       ; freqdiv2:fd1|q ; Rise       ; freqdiv2:fd2|q ;
; 0.270  ; 0.454        ; 0.184          ; Low Pulse Width  ; freqdiv2:fd1|q ; Rise       ; freqdiv2:fd2|q ;
; 0.327  ; 0.543        ; 0.216          ; High Pulse Width ; freqdiv2:fd1|q ; Rise       ; freqdiv2:fd2|q ;
; 0.430  ; 0.430        ; 0.000          ; Low Pulse Width  ; freqdiv2:fd1|q ; Rise       ; fd2|q|clk      ;
; 0.500  ; 0.500        ; 0.000          ; High Pulse Width ; freqdiv2:fd1|q ; Rise       ; fd1|q|q        ;
; 0.500  ; 0.500        ; 0.000          ; Low Pulse Width  ; freqdiv2:fd1|q ; Rise       ; fd1|q|q        ;
; 0.567  ; 0.567        ; 0.000          ; High Pulse Width ; freqdiv2:fd1|q ; Rise       ; fd2|q|clk      ;
+--------+--------------+----------------+------------------+----------------+------------+----------------+


+---------------------------------------------------------------------------+
; Clock to Output Times                                                     ;
+-----------+----------------+-------+-------+------------+-----------------+
; Data Port ; Clock Port     ; Rise  ; Fall  ; Clock Edge ; Clock Reference ;
+-----------+----------------+-------+-------+------------+-----------------+
; q         ; freqdiv2:fd1|q ; 3.566 ; 3.495 ; Rise       ; freqdiv2:fd1|q  ;
+-----------+----------------+-------+-------+------------+-----------------+


+---------------------------------------------------------------------------+
; Minimum Clock to Output Times                                             ;
+-----------+----------------+-------+-------+------------+-----------------+
; Data Port ; Clock Port     ; Rise  ; Fall  ; Clock Edge ; Clock Reference ;
+-----------+----------------+-------+-------+------------+-----------------+
; q         ; freqdiv2:fd1|q ; 3.441 ; 3.369 ; Rise       ; freqdiv2:fd1|q  ;
+-----------+----------------+-------+-------+------------+-----------------+


---------------------------------------------
; Slow 1200mV 0C Model Metastability Report ;
---------------------------------------------
No synchronizer chains to report.


+----------------------------------------+
; Fast 1200mV 0C Model Setup Summary     ;
+----------------+-------+---------------+
; Clock          ; Slack ; End Point TNS ;
+----------------+-------+---------------+
; clk            ; 0.268 ; 0.000         ;
; freqdiv2:fd1|q ; 0.626 ; 0.000         ;
+----------------+-------+---------------+


+----------------------------------------+
; Fast 1200mV 0C Model Hold Summary      ;
+----------------+-------+---------------+
; Clock          ; Slack ; End Point TNS ;
+----------------+-------+---------------+
; clk            ; 0.008 ; 0.000         ;
; freqdiv2:fd1|q ; 0.208 ; 0.000         ;
+----------------+-------+---------------+


-----------------------------------------
; Fast 1200mV 0C Model Recovery Summary ;
-----------------------------------------
No paths to report.


----------------------------------------
; Fast 1200mV 0C Model Removal Summary ;
----------------------------------------
No paths to report.


+--------------------------------------------------+
; Fast 1200mV 0C Model Minimum Pulse Width Summary ;
+----------------+--------+------------------------+
; Clock          ; Slack  ; End Point TNS          ;
+----------------+--------+------------------------+
; clk            ; -3.000 ; -4.086                 ;
; freqdiv2:fd1|q ; -1.000 ; -1.000                 ;
+----------------+--------+------------------------+


+-----------------------------------------------------------------------------------------------------------------+
; Fast 1200mV 0C Model Setup: 'clk'                                                                               ;
+-------+----------------+----------------+----------------+-------------+--------------+------------+------------+
; Slack ; From Node      ; To Node        ; Launch Clock   ; Latch Clock ; Relationship ; Clock Skew ; Data Delay ;
+-------+----------------+----------------+----------------+-------------+--------------+------------+------------+
; 0.268 ; freqdiv2:fd1|q ; freqdiv2:fd1|q ; freqdiv2:fd1|q ; clk         ; 0.500        ; 1.124      ; 1.448      ;
; 0.758 ; freqdiv2:fd1|q ; freqdiv2:fd1|q ; freqdiv2:fd1|q ; clk         ; 1.000        ; 1.124      ; 1.458      ;
+-------+----------------+----------------+----------------+-------------+--------------+------------+------------+


+--------------------------------------------------------------------------------------------------------------------+
; Fast 1200mV 0C Model Setup: 'freqdiv2:fd1|q'                                                                       ;
+-------+----------------+----------------+----------------+----------------+--------------+------------+------------+
; Slack ; From Node      ; To Node        ; Launch Clock   ; Latch Clock    ; Relationship ; Clock Skew ; Data Delay ;
+-------+----------------+----------------+----------------+----------------+--------------+------------+------------+
; 0.626 ; freqdiv2:fd2|q ; freqdiv2:fd2|q ; freqdiv2:fd1|q ; freqdiv2:fd1|q ; 1.000        ; -0.022     ; 0.359      ;
+-------+----------------+----------------+----------------+----------------+--------------+------------+------------+


+-----------------------------------------------------------------------------------------------------------------+
; Fast 1200mV 0C Model Hold: 'clk'                                                                                ;
+-------+----------------+----------------+----------------+-------------+--------------+------------+------------+
; Slack ; From Node      ; To Node        ; Launch Clock   ; Latch Clock ; Relationship ; Clock Skew ; Data Delay ;
+-------+----------------+----------------+----------------+-------------+--------------+------------+------------+
; 0.008 ; freqdiv2:fd1|q ; freqdiv2:fd1|q ; freqdiv2:fd1|q ; clk         ; 0.000        ; 1.174      ; 1.391      ;
; 0.505 ; freqdiv2:fd1|q ; freqdiv2:fd1|q ; freqdiv2:fd1|q ; clk         ; -0.500       ; 1.174      ; 1.388      ;
+-------+----------------+----------------+----------------+-------------+--------------+------------+------------+


+--------------------------------------------------------------------------------------------------------------------+
; Fast 1200mV 0C Model Hold: 'freqdiv2:fd1|q'                                                                        ;
+-------+----------------+----------------+----------------+----------------+--------------+------------+------------+
; Slack ; From Node      ; To Node        ; Launch Clock   ; Latch Clock    ; Relationship ; Clock Skew ; Data Delay ;
+-------+----------------+----------------+----------------+----------------+--------------+------------+------------+
; 0.208 ; freqdiv2:fd2|q ; freqdiv2:fd2|q ; freqdiv2:fd1|q ; freqdiv2:fd1|q ; 0.000        ; 0.022      ; 0.314      ;
+-------+----------------+----------------+----------------+----------------+--------------+------------+------------+


+-------------------------------------------------------------------------------------------------+
; Fast 1200mV 0C Model Minimum Pulse Width: 'clk'                                                 ;
+--------+--------------+----------------+------------------+-------+------------+----------------+
; Slack  ; Actual Width ; Required Width ; Type             ; Clock ; Clock Edge ; Target         ;
+--------+--------------+----------------+------------------+-------+------------+----------------+
; -3.000 ; 1.000        ; 4.000          ; Port Rate        ; clk   ; Rise       ; clk            ;
; -1.000 ; 1.000        ; 2.000          ; Min Period       ; clk   ; Rise       ; freqdiv2:fd1|q ;
; -0.086 ; 0.098        ; 0.184          ; Low Pulse Width  ; clk   ; Rise       ; freqdiv2:fd1|q ;
; 0.094  ; 0.094        ; 0.000          ; Low Pulse Width  ; clk   ; Rise       ; fd1|q|clk      ;
; 0.125  ; 0.125        ; 0.000          ; Low Pulse Width  ; clk   ; Rise       ; clk~input|o    ;
; 0.500  ; 0.500        ; 0.000          ; High Pulse Width ; clk   ; Rise       ; clk~input|i    ;
; 0.500  ; 0.500        ; 0.000          ; Low Pulse Width  ; clk   ; Rise       ; clk~input|i    ;
; 0.683  ; 0.899        ; 0.216          ; High Pulse Width ; clk   ; Rise       ; freqdiv2:fd1|q ;
; 0.875  ; 0.875        ; 0.000          ; High Pulse Width ; clk   ; Rise       ; clk~input|o    ;
; 0.905  ; 0.905        ; 0.000          ; High Pulse Width ; clk   ; Rise       ; fd1|q|clk      ;
+--------+--------------+----------------+------------------+-------+------------+----------------+


+----------------------------------------------------------------------------------------------------------+
; Fast 1200mV 0C Model Minimum Pulse Width: 'freqdiv2:fd1|q'                                               ;
+--------+--------------+----------------+------------------+----------------+------------+----------------+
; Slack  ; Actual Width ; Required Width ; Type             ; Clock          ; Clock Edge ; Target         ;
+--------+--------------+----------------+------------------+----------------+------------+----------------+
; -1.000 ; 1.000        ; 2.000          ; Min Period       ; freqdiv2:fd1|q ; Rise       ; freqdiv2:fd2|q ;
; 0.272  ; 0.456        ; 0.184          ; Low Pulse Width  ; freqdiv2:fd1|q ; Rise       ; freqdiv2:fd2|q ;
; 0.324  ; 0.540        ; 0.216          ; High Pulse Width ; freqdiv2:fd1|q ; Rise       ; freqdiv2:fd2|q ;
; 0.452  ; 0.452        ; 0.000          ; Low Pulse Width  ; freqdiv2:fd1|q ; Rise       ; fd2|q|clk      ;
; 0.500  ; 0.500        ; 0.000          ; High Pulse Width ; freqdiv2:fd1|q ; Rise       ; fd1|q|q        ;
; 0.500  ; 0.500        ; 0.000          ; Low Pulse Width  ; freqdiv2:fd1|q ; Rise       ; fd1|q|q        ;
; 0.546  ; 0.546        ; 0.000          ; High Pulse Width ; freqdiv2:fd1|q ; Rise       ; fd2|q|clk      ;
+--------+--------------+----------------+------------------+----------------+------------+----------------+


+---------------------------------------------------------------------------+
; Clock to Output Times                                                     ;
+-----------+----------------+-------+-------+------------+-----------------+
; Data Port ; Clock Port     ; Rise  ; Fall  ; Clock Edge ; Clock Reference ;
+-----------+----------------+-------+-------+------------+-----------------+
; q         ; freqdiv2:fd1|q ; 2.349 ; 2.358 ; Rise       ; freqdiv2:fd1|q  ;
+-----------+----------------+-------+-------+------------+-----------------+


+---------------------------------------------------------------------------+
; Minimum Clock to Output Times                                             ;
+-----------+----------------+-------+-------+------------+-----------------+
; Data Port ; Clock Port     ; Rise  ; Fall  ; Clock Edge ; Clock Reference ;
+-----------+----------------+-------+-------+------------+-----------------+
; q         ; freqdiv2:fd1|q ; 2.266 ; 2.275 ; Rise       ; freqdiv2:fd1|q  ;
+-----------+----------------+-------+-------+------------+-----------------+


---------------------------------------------
; Fast 1200mV 0C Model Metastability Report ;
---------------------------------------------
No synchronizer chains to report.


+------------------------------------------------------------------------------+
; Multicorner Timing Analysis Summary                                          ;
+------------------+-------+--------+----------+---------+---------------------+
; Clock            ; Setup ; Hold   ; Recovery ; Removal ; Minimum Pulse Width ;
+------------------+-------+--------+----------+---------+---------------------+
; Worst-case Slack ; 0.092 ; -0.045 ; N/A      ; N/A     ; -3.000              ;
;  clk             ; 0.092 ; -0.045 ; N/A      ; N/A     ; -3.000              ;
;  freqdiv2:fd1|q  ; 0.318 ; 0.208  ; N/A      ; N/A     ; -1.000              ;
; Design-wide TNS  ; 0.0   ; -0.045 ; 0.0      ; 0.0     ; -5.086              ;
;  clk             ; 0.000 ; -0.045 ; N/A      ; N/A     ; -4.086              ;
;  freqdiv2:fd1|q  ; 0.000 ; 0.000  ; N/A      ; N/A     ; -1.000              ;
+------------------+-------+--------+----------+---------+---------------------+


+---------------------------------------------------------------------------+
; Clock to Output Times                                                     ;
+-----------+----------------+-------+-------+------------+-----------------+
; Data Port ; Clock Port     ; Rise  ; Fall  ; Clock Edge ; Clock Reference ;
+-----------+----------------+-------+-------+------------+-----------------+
; q         ; freqdiv2:fd1|q ; 4.017 ; 3.939 ; Rise       ; freqdiv2:fd1|q  ;
+-----------+----------------+-------+-------+------------+-----------------+


+---------------------------------------------------------------------------+
; Minimum Clock to Output Times                                             ;
+-----------+----------------+-------+-------+------------+-----------------+
; Data Port ; Clock Port     ; Rise  ; Fall  ; Clock Edge ; Clock Reference ;
+-----------+----------------+-------+-------+------------+-----------------+
; q         ; freqdiv2:fd1|q ; 2.266 ; 2.275 ; Rise       ; freqdiv2:fd1|q  ;
+-----------+----------------+-------+-------+------------+-----------------+


+------------------------------------------------------------------------------------------------------------------------------------------------------------------------------------------------------------------------------------------------------------------------------------------------------------------------------------------------------------------------------------------------------------------+
; Board Trace Model Assignments                                                                                                                                                                                                                                                                                                                                                                                    ;
+---------------+--------------+-------------------+-------------------------+-------------------------+---------------+---------------------+----------------+------------------+--------+------------------+------------------------+------------------------+--------------+---------------+-----------------+-------+---------------------+--------------------+---------------+-----------------+-------------+
; Pin           ; I/O Standard ; Near Tline Length ; Near Tline L per Length ; Near Tline C per Length ; Near Series R ; Near Differential R ; Near Pull-up R ; Near Pull-down R ; Near C ; Far Tline Length ; Far Tline L per Length ; Far Tline C per Length ; Far Series R ; Far Pull-up R ; Far Pull-down R ; Far C ; Termination Voltage ; Far Differential R ; EBD File Name ; EBD Signal Name ; EBD Far-end ;
+---------------+--------------+-------------------+-------------------------+-------------------------+---------------+---------------------+----------------+------------------+--------+------------------+------------------------+------------------------+--------------+---------------+-----------------+-------+---------------------+--------------------+---------------+-----------------+-------------+
; q             ; 2.5 V        ; 0 in              ; 0 H/in                  ; 0 F/in                  ; short         ; -                   ; open           ; open             ; open   ; 0 in             ; 0 H/in                 ; 0 F/in                 ; short        ; open          ; open            ; open  ; 0 V                 ; -                  ; n/a           ; n/a             ; n/a         ;
; ~ALTERA_NCEO~ ; 2.5 V        ; 0 in              ; 0 H/in                  ; 0 F/in                  ; short         ; -                   ; open           ; open             ; open   ; 0 in             ; 0 H/in                 ; 0 F/in                 ; short        ; open          ; open            ; open  ; 0 V                 ; -                  ; n/a           ; n/a             ; n/a         ;
; ~ALTERA_DCLK~ ; 2.5 V        ; 0 in              ; 0 H/in                  ; 0 F/in                  ; short         ; -                   ; open           ; open             ; open   ; 0 in             ; 0 H/in                 ; 0 F/in                 ; short        ; open          ; open            ; open  ; 0 V                 ; -                  ; n/a           ; n/a             ; n/a         ;
+---------------+--------------+-------------------+-------------------------+-------------------------+---------------+---------------------+----------------+------------------+--------+------------------+------------------------+------------------------+--------------+---------------+-----------------+-------+---------------------+--------------------+---------------+-----------------+-------------+


+-------------------------------------------------------------------+
; Input Transition Times                                            ;
+----------------+--------------+-----------------+-----------------+
; Pin            ; I/O Standard ; 10-90 Rise Time ; 90-10 Fall Time ;
+----------------+--------------+-----------------+-----------------+
; clk            ; 2.5 V        ; 2000 ps         ; 2000 ps         ;
; ~ALTERA_DATA0~ ; 2.5 V        ; 2000 ps         ; 2000 ps         ;
; ~ALTERA_ASDO~  ; 2.5 V        ; 2000 ps         ; 2000 ps         ;
; ~ALTERA_NCSO~  ; 2.5 V        ; 2000 ps         ; 2000 ps         ;
+----------------+--------------+-----------------+-----------------+


+--------------------------------------------------------------------------------------------------------------------------------------------------------------------------------------------------------------------------------------------------------------------------------------------------------------------------------------------------------------------------------------------------------------------------------------------------------------------------------------------------------------------------------------------------------------------------------------------------------------------------------------------------------------------------------------------+
; Signal Integrity Metrics (Slow 1200mv 0c Model)                                                                                                                                                                                                                                                                                                                                                                                                                                                                                                                                                                                                                                            ;
+---------------+--------------+---------------------+---------------------+------------------------------+------------------------------+---------------------+---------------------+--------------------------------------+--------------------------------------+-----------------------------+-----------------------------+----------------------------+----------------------------+-----------------------------+-----------------------------+--------------------+--------------------+-------------------------------------+-------------------------------------+----------------------------+----------------------------+---------------------------+---------------------------+
; Pin           ; I/O Standard ; Board Delay on Rise ; Board Delay on Fall ; Steady State Voh at FPGA Pin ; Steady State Vol at FPGA Pin ; Voh Max at FPGA Pin ; Vol Min at FPGA Pin ; Ringback Voltage on Rise at FPGA Pin ; Ringback Voltage on Fall at FPGA Pin ; 10-90 Rise Time at FPGA Pin ; 90-10 Fall Time at FPGA Pin ; Monotonic Rise at FPGA Pin ; Monotonic Fall at FPGA Pin ; Steady State Voh at Far-end ; Steady State Vol at Far-end ; Voh Max at Far-end ; Vol Min at Far-end ; Ringback Voltage on Rise at Far-end ; Ringback Voltage on Fall at Far-end ; 10-90 Rise Time at Far-end ; 90-10 Fall Time at Far-end ; Monotonic Rise at Far-end ; Monotonic Fall at Far-end ;
+---------------+--------------+---------------------+---------------------+------------------------------+------------------------------+---------------------+---------------------+--------------------------------------+--------------------------------------+-----------------------------+-----------------------------+----------------------------+----------------------------+-----------------------------+-----------------------------+--------------------+--------------------+-------------------------------------+-------------------------------------+----------------------------+----------------------------+---------------------------+---------------------------+
; q             ; 2.5 V        ; 0 s                 ; 0 s                 ; 2.32 V                       ; 7.29e-09 V                   ; 2.39 V              ; -0.00339 V          ; 0.206 V                              ; 0.007 V                              ; 2.77e-10 s                  ; 3.24e-10 s                  ; Yes                        ; Yes                        ; 2.32 V                      ; 7.29e-09 V                  ; 2.39 V             ; -0.00339 V         ; 0.206 V                             ; 0.007 V                             ; 2.77e-10 s                 ; 3.24e-10 s                 ; Yes                       ; Yes                       ;
; ~ALTERA_NCEO~ ; 2.5 V        ; 0 s                 ; 0 s                 ; 2.32 V                       ; 4.76e-09 V                   ; 2.4 V               ; -0.034 V            ; 0.102 V                              ; 0.065 V                              ; 2.49e-10 s                  ; 3.49e-10 s                  ; Yes                        ; Yes                        ; 2.32 V                      ; 4.76e-09 V                  ; 2.4 V              ; -0.034 V           ; 0.102 V                             ; 0.065 V                             ; 2.49e-10 s                 ; 3.49e-10 s                 ; Yes                       ; Yes                       ;
; ~ALTERA_DCLK~ ; 2.5 V        ; 0 s                 ; 0 s                 ; 2.32 V                       ; 5.94e-09 V                   ; 2.39 V              ; -0.0349 V           ; 0.156 V                              ; 0.09 V                               ; 2.68e-10 s                  ; 2.6e-10 s                   ; Yes                        ; Yes                        ; 2.32 V                      ; 5.94e-09 V                  ; 2.39 V             ; -0.0349 V          ; 0.156 V                             ; 0.09 V                              ; 2.68e-10 s                 ; 2.6e-10 s                  ; Yes                       ; Yes                       ;
+---------------+--------------+---------------------+---------------------+------------------------------+------------------------------+---------------------+---------------------+--------------------------------------+--------------------------------------+-----------------------------+-----------------------------+----------------------------+----------------------------+-----------------------------+-----------------------------+--------------------+--------------------+-------------------------------------+-------------------------------------+----------------------------+----------------------------+---------------------------+---------------------------+


+--------------------------------------------------------------------------------------------------------------------------------------------------------------------------------------------------------------------------------------------------------------------------------------------------------------------------------------------------------------------------------------------------------------------------------------------------------------------------------------------------------------------------------------------------------------------------------------------------------------------------------------------------------------------------------------------+
; Signal Integrity Metrics (Slow 1200mv 85c Model)                                                                                                                                                                                                                                                                                                                                                                                                                                                                                                                                                                                                                                           ;
+---------------+--------------+---------------------+---------------------+------------------------------+------------------------------+---------------------+---------------------+--------------------------------------+--------------------------------------+-----------------------------+-----------------------------+----------------------------+----------------------------+-----------------------------+-----------------------------+--------------------+--------------------+-------------------------------------+-------------------------------------+----------------------------+----------------------------+---------------------------+---------------------------+
; Pin           ; I/O Standard ; Board Delay on Rise ; Board Delay on Fall ; Steady State Voh at FPGA Pin ; Steady State Vol at FPGA Pin ; Voh Max at FPGA Pin ; Vol Min at FPGA Pin ; Ringback Voltage on Rise at FPGA Pin ; Ringback Voltage on Fall at FPGA Pin ; 10-90 Rise Time at FPGA Pin ; 90-10 Fall Time at FPGA Pin ; Monotonic Rise at FPGA Pin ; Monotonic Fall at FPGA Pin ; Steady State Voh at Far-end ; Steady State Vol at Far-end ; Voh Max at Far-end ; Vol Min at Far-end ; Ringback Voltage on Rise at Far-end ; Ringback Voltage on Fall at Far-end ; 10-90 Rise Time at Far-end ; 90-10 Fall Time at Far-end ; Monotonic Rise at Far-end ; Monotonic Fall at Far-end ;
+---------------+--------------+---------------------+---------------------+------------------------------+------------------------------+---------------------+---------------------+--------------------------------------+--------------------------------------+-----------------------------+-----------------------------+----------------------------+----------------------------+-----------------------------+-----------------------------+--------------------+--------------------+-------------------------------------+-------------------------------------+----------------------------+----------------------------+---------------------------+---------------------------+
; q             ; 2.5 V        ; 0 s                 ; 0 s                 ; 2.32 V                       ; 1.21e-06 V                   ; 2.37 V              ; -0.00606 V          ; 0.107 V                              ; 0.021 V                              ; 4.26e-10 s                  ; 4.03e-10 s                  ; Yes                        ; Yes                        ; 2.32 V                      ; 1.21e-06 V                  ; 2.37 V             ; -0.00606 V         ; 0.107 V                             ; 0.021 V                             ; 4.26e-10 s                 ; 4.03e-10 s                 ; Yes                       ; Yes                       ;
; ~ALTERA_NCEO~ ; 2.5 V        ; 0 s                 ; 0 s                 ; 2.32 V                       ; 7.93e-07 V                   ; 2.37 V              ; -0.0278 V           ; 0.106 V                              ; 0.115 V                              ; 2.69e-10 s                  ; 4.05e-10 s                  ; Yes                        ; Yes                        ; 2.32 V                      ; 7.93e-07 V                  ; 2.37 V             ; -0.0278 V          ; 0.106 V                             ; 0.115 V                             ; 2.69e-10 s                 ; 4.05e-10 s                 ; Yes                       ; Yes                       ;
; ~ALTERA_DCLK~ ; 2.5 V        ; 0 s                 ; 0 s                 ; 2.32 V                       ; 9.76e-07 V                   ; 2.36 V              ; -0.00496 V          ; 0.088 V                              ; 0.006 V                              ; 4.05e-10 s                  ; 3.35e-10 s                  ; Yes                        ; Yes                        ; 2.32 V                      ; 9.76e-07 V                  ; 2.36 V             ; -0.00496 V         ; 0.088 V                             ; 0.006 V                             ; 4.05e-10 s                 ; 3.35e-10 s                 ; Yes                       ; Yes                       ;
+---------------+--------------+---------------------+---------------------+------------------------------+------------------------------+---------------------+---------------------+--------------------------------------+--------------------------------------+-----------------------------+-----------------------------+----------------------------+----------------------------+-----------------------------+-----------------------------+--------------------+--------------------+-------------------------------------+-------------------------------------+----------------------------+----------------------------+---------------------------+---------------------------+


+--------------------------------------------------------------------------------------------------------------------------------------------------------------------------------------------------------------------------------------------------------------------------------------------------------------------------------------------------------------------------------------------------------------------------------------------------------------------------------------------------------------------------------------------------------------------------------------------------------------------------------------------------------------------------------------------+
; Signal Integrity Metrics (Fast 1200mv 0c Model)                                                                                                                                                                                                                                                                                                                                                                                                                                                                                                                                                                                                                                            ;
+---------------+--------------+---------------------+---------------------+------------------------------+------------------------------+---------------------+---------------------+--------------------------------------+--------------------------------------+-----------------------------+-----------------------------+----------------------------+----------------------------+-----------------------------+-----------------------------+--------------------+--------------------+-------------------------------------+-------------------------------------+----------------------------+----------------------------+---------------------------+---------------------------+
; Pin           ; I/O Standard ; Board Delay on Rise ; Board Delay on Fall ; Steady State Voh at FPGA Pin ; Steady State Vol at FPGA Pin ; Voh Max at FPGA Pin ; Vol Min at FPGA Pin ; Ringback Voltage on Rise at FPGA Pin ; Ringback Voltage on Fall at FPGA Pin ; 10-90 Rise Time at FPGA Pin ; 90-10 Fall Time at FPGA Pin ; Monotonic Rise at FPGA Pin ; Monotonic Fall at FPGA Pin ; Steady State Voh at Far-end ; Steady State Vol at Far-end ; Voh Max at Far-end ; Vol Min at Far-end ; Ringback Voltage on Rise at Far-end ; Ringback Voltage on Fall at Far-end ; 10-90 Rise Time at Far-end ; 90-10 Fall Time at Far-end ; Monotonic Rise at Far-end ; Monotonic Fall at Far-end ;
+---------------+--------------+---------------------+---------------------+------------------------------+------------------------------+---------------------+---------------------+--------------------------------------+--------------------------------------+-----------------------------+-----------------------------+----------------------------+----------------------------+-----------------------------+-----------------------------+--------------------+--------------------+-------------------------------------+-------------------------------------+----------------------------+----------------------------+---------------------------+---------------------------+
; q             ; 2.5 V        ; 0 s                 ; 0 s                 ; 2.62 V                       ; 4.66e-08 V                   ; 2.73 V              ; -0.0205 V           ; 0.17 V                               ; 0.027 V                              ; 2.58e-10 s                  ; 2.57e-10 s                  ; Yes                        ; Yes                        ; 2.62 V                      ; 4.66e-08 V                  ; 2.73 V             ; -0.0205 V          ; 0.17 V                              ; 0.027 V                             ; 2.58e-10 s                 ; 2.57e-10 s                 ; Yes                       ; Yes                       ;
; ~ALTERA_NCEO~ ; 2.5 V        ; 0 s                 ; 0 s                 ; 2.62 V                       ; 3.06e-08 V                   ; 2.86 V              ; -0.0341 V           ; 0.364 V                              ; 0.046 V                              ; 1.17e-10 s                  ; 2.6e-10 s                   ; No                         ; Yes                        ; 2.62 V                      ; 3.06e-08 V                  ; 2.86 V             ; -0.0341 V          ; 0.364 V                             ; 0.046 V                             ; 1.17e-10 s                 ; 2.6e-10 s                  ; No                        ; Yes                       ;
; ~ALTERA_DCLK~ ; 2.5 V        ; 0 s                 ; 0 s                 ; 2.62 V                       ; 3.81e-08 V                   ; 2.72 V              ; -0.0549 V           ; 0.144 V                              ; 0.088 V                              ; 2.55e-10 s                  ; 2.14e-10 s                  ; Yes                        ; Yes                        ; 2.62 V                      ; 3.81e-08 V                  ; 2.72 V             ; -0.0549 V          ; 0.144 V                             ; 0.088 V                             ; 2.55e-10 s                 ; 2.14e-10 s                 ; Yes                       ; Yes                       ;
+---------------+--------------+---------------------+---------------------+------------------------------+------------------------------+---------------------+---------------------+--------------------------------------+--------------------------------------+-----------------------------+-----------------------------+----------------------------+----------------------------+-----------------------------+-----------------------------+--------------------+--------------------+-------------------------------------+-------------------------------------+----------------------------+----------------------------+---------------------------+---------------------------+


+-----------------------------------------------------------------------------+
; Setup Transfers                                                             ;
+----------------+----------------+----------+----------+----------+----------+
; From Clock     ; To Clock       ; RR Paths ; FR Paths ; RF Paths ; FF Paths ;
+----------------+----------------+----------+----------+----------+----------+
; freqdiv2:fd1|q ; clk            ; 1        ; 1        ; 0        ; 0        ;
; freqdiv2:fd1|q ; freqdiv2:fd1|q ; 1        ; 0        ; 0        ; 0        ;
+----------------+----------------+----------+----------+----------+----------+
Entries labeled "false path" only account for clock-to-clock false paths and not path-based false paths. As a result, actual path counts may be lower than reported.


+-----------------------------------------------------------------------------+
; Hold Transfers                                                              ;
+----------------+----------------+----------+----------+----------+----------+
; From Clock     ; To Clock       ; RR Paths ; FR Paths ; RF Paths ; FF Paths ;
+----------------+----------------+----------+----------+----------+----------+
; freqdiv2:fd1|q ; clk            ; 1        ; 1        ; 0        ; 0        ;
; freqdiv2:fd1|q ; freqdiv2:fd1|q ; 1        ; 0        ; 0        ; 0        ;
+----------------+----------------+----------+----------+----------+----------+
Entries labeled "false path" only account for clock-to-clock false paths and not path-based false paths. As a result, actual path counts may be lower than reported.


---------------
; Report TCCS ;
---------------
No dedicated SERDES Transmitter circuitry present in device or used in design


---------------
; Report RSKM ;
---------------
No non-DPA dedicated SERDES Receiver circuitry present in device or used in design


+------------------------------------------------+
; Unconstrained Paths                            ;
+---------------------------------+-------+------+
; Property                        ; Setup ; Hold ;
+---------------------------------+-------+------+
; Illegal Clocks                  ; 0     ; 0    ;
; Unconstrained Clocks            ; 0     ; 0    ;
; Unconstrained Input Ports       ; 0     ; 0    ;
; Unconstrained Input Port Paths  ; 0     ; 0    ;
; Unconstrained Output Ports      ; 1     ; 1    ;
; Unconstrained Output Port Paths ; 1     ; 1    ;
+---------------------------------+-------+------+


+------------------------------------+
; TimeQuest Timing Analyzer Messages ;
+------------------------------------+
Info: *******************************************************************
Info: Running Quartus II 32-bit TimeQuest Timing Analyzer
    Info: Version 13.1.0 Build 162 10/23/2013 SJ Web Edition
    Info: Processing started: Mon Dec  2 16:43:17 2024
Info: Command: quartus_sta freqdiv4 -c freqdiv4
Info: qsta_default_script.tcl version: #1
Warning (20028): Parallel compilation is not licensed and has been disabled
Info (21076): High junction temperature operating condition is not set. Assuming a default value of '85'.
Info (21076): Low junction temperature operating condition is not set. Assuming a default value of '0'.
Critical Warning (332012): Synopsys Design Constraints File file not found: 'freqdiv4.sdc'. A Synopsys Design Constraints File is required by the TimeQuest Timing Analyzer to get proper timing constraints. Without it, the Compiler will not properly optimize the design.
Info (332142): No user constrained base clocks found in the design. Calling "derive_clocks -period 1.0"
Info (332105): Deriving Clocks
    Info (332105): create_clock -period 1.000 -name freqdiv2:fd1|q freqdiv2:fd1|q
    Info (332105): create_clock -period 1.000 -name clk clk
Info (332143): No user constrained clock uncertainty found in the design. Calling "derive_clock_uncertainty"
Info (332123): Deriving Clock Uncertainty. Please refer to report_sdc in TimeQuest to see clock uncertainties.
Info: Found TIMEQUEST_REPORT_SCRIPT_INCLUDE_DEFAULT_ANALYSIS = ON
Info: Analyzing Slow 1200mV 85C Model
Info (332146): Worst-case setup slack is 0.092
    Info (332119):     Slack       End Point TNS Clock 
    Info (332119): ========= =================== =====================
    Info (332119):     0.092               0.000 clk 
    Info (332119):     0.318               0.000 freqdiv2:fd1|q 
Critical Warning (332148): Timing requirements not met
    Info (11105): For recommendations on closing timing, run Report Timing Closure Recommendations in the TimeQuest Timing Analyzer.
Info (332146): Worst-case hold slack is -0.010
    Info (332119):     Slack       End Point TNS Clock 
    Info (332119): ========= =================== =====================
    Info (332119):    -0.010              -0.010 clk 
    Info (332119):     0.385               0.000 freqdiv2:fd1|q 
Info (332140): No Recovery paths to report
Info (332140): No Removal paths to report
Info (332146): Worst-case minimum pulse width slack is -3.000
    Info (332119):     Slack       End Point TNS Clock 
    Info (332119): ========= =================== =====================
    Info (332119):    -3.000              -4.000 clk 
    Info (332119):    -1.000              -1.000 freqdiv2:fd1|q 
Info: Analyzing Slow 1200mV 0C Model
Info (334003): Started post-fitting delay annotation
Info (334004): Delay annotation completed successfully
Info (332123): Deriving Clock Uncertainty. Please refer to report_sdc in TimeQuest to see clock uncertainties.
Info (332146): Worst-case setup slack is 0.150
    Info (332119):     Slack       End Point TNS Clock 
    Info (332119): ========= =================== =====================
    Info (332119):     0.150               0.000 clk 
    Info (332119):     0.398               0.000 freqdiv2:fd1|q 
Critical Warning (332148): Timing requirements not met
    Info (11105): For recommendations on closing timing, run Report Timing Closure Recommendations in the TimeQuest Timing Analyzer.
Info (332146): Worst-case hold slack is -0.045
    Info (332119):     Slack       End Point TNS Clock 
    Info (332119): ========= =================== =====================
    Info (332119):    -0.045              -0.045 clk 
    Info (332119):     0.341               0.000 freqdiv2:fd1|q 
Info (332140): No Recovery paths to report
Info (332140): No Removal paths to report
Info (332146): Worst-case minimum pulse width slack is -3.000
    Info (332119):     Slack       End Point TNS Clock 
    Info (332119): ========= =================== =====================
    Info (332119):    -3.000              -4.000 clk 
    Info (332119):    -1.000              -1.000 freqdiv2:fd1|q 
Info: Analyzing Fast 1200mV 0C Model
Info (332123): Deriving Clock Uncertainty. Please refer to report_sdc in TimeQuest to see clock uncertainties.
Info (332146): Worst-case setup slack is 0.268
    Info (332119):     Slack       End Point TNS Clock 
    Info (332119): ========= =================== =====================
    Info (332119):     0.268               0.000 clk 
    Info (332119):     0.626               0.000 freqdiv2:fd1|q 
Info (332146): Worst-case hold slack is 0.008
    Info (332119):     Slack       End Point TNS Clock 
    Info (332119): ========= =================== =====================
    Info (332119):     0.008               0.000 clk 
    Info (332119):     0.208               0.000 freqdiv2:fd1|q 
Info (332140): No Recovery paths to report
Info (332140): No Removal paths to report
Critical Warning (332148): Timing requirements not met
    Info (11105): For recommendations on closing timing, run Report Timing Closure Recommendations in the TimeQuest Timing Analyzer.
Info (332146): Worst-case minimum pulse width slack is -3.000
    Info (332119):     Slack       End Point TNS Clock 
    Info (332119): ========= =================== =====================
    Info (332119):    -3.000              -4.086 clk 
    Info (332119):    -1.000              -1.000 freqdiv2:fd1|q 
Info (332102): Design is not fully constrained for setup requirements
Info (332102): Design is not fully constrained for hold requirements
Info: Quartus II 32-bit TimeQuest Timing Analyzer was successful. 0 errors, 5 warnings
    Info: Peak virtual memory: 389 megabytes
    Info: Processing ended: Mon Dec  2 16:43:18 2024
    Info: Elapsed time: 00:00:01
    Info: Total CPU time (on all processors): 00:00:01


