###############################################################
#  Generated by:      Cadence Innovus 23.32-s091_1
#  OS:                Linux x86_64(Host ID cadmicro-inf-el8-623207)
#  Generated on:      Mon Apr 14 15:12:33 2025
#  Design:            signal_32bits
#  Command:           report_timing > reports/report_timing.rpt
###############################################################
Path 1: MET Path Delay Check
Endpoint:   S[15] (^)
Beginpoint: B[7]  (v) triggered by  leading edge of '@'
Path Groups: {default}
Analysis View: default_emulate_view
- External Delay                0.000
+ Path Delay                    2.100
= Required Time                 2.100
- Arrival Time                  2.091
= Slack Time                    0.009
     Clock Rise Edge                      0.000
     + Input Delay                        0.000
     = Beginpoint Arrival Time            0.000
     +------------------------------------------------------------------------------------------------------+ 
     |          Instance           |      Arc      |           Cell            | Delay | Arrival | Required | 
     |                             |               |                           |       |  Time   |   Time   | 
     |-----------------------------+---------------+---------------------------+-------+---------+----------| 
     |                             | B[7] v        |                           |       |   0.000 |    0.009 | 
     | addinc_add_7_30_g1364__2346 | B v -> Y ^    | sky130_fd_sc_hd__nor2_1   | 0.500 |   0.500 |    0.509 | 
     | addinc_add_7_30_g1318__6131 | B ^ -> Y v    | sky130_fd_sc_hd__nor2_1   | 0.101 |   0.601 |    0.610 | 
     | addinc_add_7_30_g1283__3680 | B v -> X v    | sky130_fd_sc_hd__and2_1   | 0.180 |   0.781 |    0.790 | 
     | addinc_add_7_30_g1250__2802 | B v -> Y ^    | sky130_fd_sc_hd__nand2_2  | 0.065 |   0.846 |    0.855 | 
     | addinc_add_7_30_g1247__3680 | A ^ -> Y v    | sky130_fd_sc_hd__nand2_2  | 0.078 |   0.925 |    0.933 | 
     | addinc_add_7_30_g1238__6417 | A1 v -> Y ^   | sky130_fd_sc_hd__a21oi_1  | 0.224 |   1.148 |    1.157 | 
     | addinc_add_7_30_g1232__9945 | B ^ -> Y v    | sky130_fd_sc_hd__nor2_1   | 0.095 |   1.243 |    1.252 | 
     | addinc_add_7_30_g1219__1705 | A1 v -> Y ^   | sky130_fd_sc_hd__a21oi_1  | 0.309 |   1.552 |    1.561 | 
     | addinc_add_7_30_g1203__2883 | A2 ^ -> Y v   | sky130_fd_sc_hd__o21ai_1  | 0.121 |   1.673 |    1.682 | 
     | addinc_add_7_30_g1192__5122 | A2_N v -> X ^ | sky130_fd_sc_hd__a2bb2o_2 | 0.417 |   2.090 |    2.099 | 
     |                             | S[15] ^       |                           | 0.001 |   2.091 |    2.100 | 
     +------------------------------------------------------------------------------------------------------+ 

