======================================================================

Annotating SDF timing data:
  Compiled SDF file:     exponentiation_logic_mapped.sdf.X
  Log file:              ./sdf.log
  Backannotation scope:  tb:dut
  Configuration file:    
  MTM control:           MAXIMUM
  Scale factors:         1:1:1
  Scale type:            FROM_MAXIMUM

Time units: 1ps

xmelab: *W,SDFNET: Unable to annotate to non-existent timing check (RECREM (posedge RN) (posedge CK) (-14) (25)) of instance tb.dut.MULT1.end_mul_reg of module DFFRHQX1LVT <../synth/exponentiation_logic_mapped.sdf, line 100>.
xmelab: *W,SDFNET: Unable to annotate to non-existent timing check (RECREM (posedge RN) (posedge CK) (-14) (25)) of instance tb.dut.MULT1.\produto_reg[0]  of module DFFRHQX1LVT <../synth/exponentiation_logic_mapped.sdf, line 118>.
xmelab: *W,SDFNET: Unable to annotate to non-existent timing check (RECREM (posedge RN) (posedge CK) (-14) (25)) of instance tb.dut.MULT1.\produto_reg[1]  of module DFFRHQX1LVT <../synth/exponentiation_logic_mapped.sdf, line 136>.
xmelab: *W,SDFNET: Unable to annotate to non-existent timing check (RECREM (posedge RN) (posedge CK) (-14) (25)) of instance tb.dut.MULT1.\produto_reg[2]  of module DFFRHQX1LVT <../synth/exponentiation_logic_mapped.sdf, line 154>.
xmelab: *W,SDFNET: Unable to annotate to non-existent timing check (RECREM (posedge RN) (posedge CK) (-14) (25)) of instance tb.dut.MULT1.\produto_reg[3]  of module DFFRHQX1LVT <../synth/exponentiation_logic_mapped.sdf, line 172>.
xmelab: *W,SDFNET: Unable to annotate to non-existent timing check (RECREM (posedge RN) (posedge CK) (-14) (25)) of instance tb.dut.MULT1.\produto_reg[4]  of module DFFRHQX1LVT <../synth/exponentiation_logic_mapped.sdf, line 190>.
xmelab: *W,SDFNET: Unable to annotate to non-existent timing check (RECREM (posedge RN) (posedge CK) (-14) (25)) of instance tb.dut.MULT1.\produto_reg[5]  of module DFFRHQX1LVT <../synth/exponentiation_logic_mapped.sdf, line 208>.
xmelab: *W,SDFNET: Unable to annotate to non-existent timing check (RECREM (posedge RN) (posedge CK) (-14) (25)) of instance tb.dut.MULT1.\produto_reg[6]  of module DFFRHQX1LVT <../synth/exponentiation_logic_mapped.sdf, line 226>.
xmelab: *W,SDFNET: Unable to annotate to non-existent timing check (RECREM (posedge RN) (posedge CK) (-14) (25)) of instance tb.dut.MULT1.\produto_reg[7]  of module DFFRHQX1LVT <../synth/exponentiation_logic_mapped.sdf, line 244>.
xmelab: *W,SDFNET: Unable to annotate to non-existent timing check (RECREM (posedge RN) (posedge CK) (-14) (25)) of instance tb.dut.MULT1.\produto_reg[8]  of module DFFRHQX1LVT <../synth/exponentiation_logic_mapped.sdf, line 262>.
xmelab: *W,SDFNET: Unable to annotate to non-existent timing check (RECREM (posedge RN) (posedge CK) (-14) (25)) of instance tb.dut.MULT1.\produto_reg[9]  of module DFFRHQX1LVT <../synth/exponentiation_logic_mapped.sdf, line 280>.
xmelab: *W,SDFNET: Unable to annotate to non-existent timing check (RECREM (posedge RN) (posedge CK) (-14) (25)) of instance tb.dut.MULT1.\produto_reg[10]  of module DFFRHQX1LVT <../synth/exponentiation_logic_mapped.sdf, line 298>.
xmelab: *W,SDFNET: Unable to annotate to non-existent timing check (RECREM (posedge RN) (posedge CK) (-14) (25)) of instance tb.dut.MULT1.\produto_reg[11]  of module DFFRHQX1LVT <../synth/exponentiation_logic_mapped.sdf, line 316>.
xmelab: *W,SDFNET: Unable to annotate to non-existent timing check (RECREM (posedge RN) (posedge CK) (-14) (25)) of instance tb.dut.MULT1.\produto_reg[12]  of module DFFRHQX1LVT <../synth/exponentiation_logic_mapped.sdf, line 334>.
xmelab: *W,SDFNET: Unable to annotate to non-existent timing check (RECREM (posedge RN) (posedge CK) (-14) (25)) of instance tb.dut.MULT1.\produto_reg[13]  of module DFFRHQX1LVT <../synth/exponentiation_logic_mapped.sdf, line 352>.
xmelab: *W,SDFNET: Unable to annotate to non-existent timing check (RECREM (posedge RN) (posedge CK) (-14) (25)) of instance tb.dut.MULT1.\produto_reg[14]  of module DFFRHQX1LVT <../synth/exponentiation_logic_mapped.sdf, line 370>.
xmelab: *W,SDFNET: Unable to annotate to non-existent timing check (RECREM (posedge RN) (posedge CK) (-14) (25)) of instance tb.dut.MULT1.\produto_reg[15]  of module DFFRHQX1LVT <../synth/exponentiation_logic_mapped.sdf, line 388>.
xmelab: *W,SDFNET: Unable to annotate to non-existent timing check (RECREM (posedge RN) (posedge CK) (-14) (25)) of instance tb.dut.MULT1.\produto_reg[16]  of module DFFRHQX1LVT <../synth/exponentiation_logic_mapped.sdf, line 406>.
xmelab: *W,SDFNET: Unable to annotate to non-existent timing check (RECREM (posedge RN) (posedge CK) (-14) (25)) of instance tb.dut.MULT1.\produto_reg[17]  of module DFFRHQX1LVT <../synth/exponentiation_logic_mapped.sdf, line 424>.
xmelab: *W,SDFNET: Unable to annotate to non-existent timing check (RECREM (posedge RN) (posedge CK) (-14) (25)) of instance tb.dut.MULT1.\produto_reg[18]  of module DFFRHQX1LVT <../synth/exponentiation_logic_mapped.sdf, line 442>.
xmelab: *W,SDFNET: Unable to annotate to non-existent timing check (RECREM (posedge RN) (posedge CK) (-14) (25)) of instance tb.dut.MULT1.\produto_reg[19]  of module DFFRHQX1LVT <../synth/exponentiation_logic_mapped.sdf, line 460>.
xmelab: *W,SDFNET: Unable to annotate to non-existent timing check (RECREM (posedge RN) (posedge CK) (-14) (25)) of instance tb.dut.MULT1.\produto_reg[20]  of module DFFRHQX1LVT <../synth/exponentiation_logic_mapped.sdf, line 478>.
xmelab: *W,SDFNET: Unable to annotate to non-existent timing check (RECREM (posedge RN) (posedge CK) (-14) (25)) of instance tb.dut.MULT1.\produto_reg[21]  of module DFFRHQX1LVT <../synth/exponentiation_logic_mapped.sdf, line 496>.
xmelab: *W,SDFNET: Unable to annotate to non-existent timing check (RECREM (posedge RN) (posedge CK) (-14) (25)) of instance tb.dut.MULT1.\produto_reg[22]  of module DFFRHQX1LVT <../synth/exponentiation_logic_mapped.sdf, line 514>.
xmelab: *W,SDFNET: Unable to annotate to non-existent timing check (RECREM (posedge RN) (posedge CK) (-14) (25)) of instance tb.dut.MULT1.\produto_reg[23]  of module DFFRHQX1LVT <../synth/exponentiation_logic_mapped.sdf, line 532>.
xmelab: *W,SDFNET: Unable to annotate to non-existent timing check (RECREM (posedge RN) (posedge CK) (-14) (25)) of instance tb.dut.MULT1.\produto_reg[24]  of module DFFRHQX1LVT <../synth/exponentiation_logic_mapped.sdf, line 550>.
xmelab: *W,SDFNET: Unable to annotate to non-existent timing check (RECREM (posedge RN) (posedge CK) (-14) (25)) of instance tb.dut.MULT1.\produto_reg[25]  of module DFFRHQX1LVT <../synth/exponentiation_logic_mapped.sdf, line 568>.
xmelab: *W,SDFNET: Unable to annotate to non-existent timing check (RECREM (posedge RN) (posedge CK) (-14) (25)) of instance tb.dut.MULT1.\produto_reg[26]  of module DFFRHQX1LVT <../synth/exponentiation_logic_mapped.sdf, line 586>.
xmelab: *W,SDFNET: Unable to annotate to non-existent timing check (RECREM (posedge RN) (posedge CK) (-14) (25)) of instance tb.dut.MULT1.\produto_reg[27]  of module DFFRHQX1LVT <../synth/exponentiation_logic_mapped.sdf, line 604>.
xmelab: *W,SDFNET: Unable to annotate to non-existent timing check (RECREM (posedge RN) (posedge CK) (-14) (25)) of instance tb.dut.MULT1.\produto_reg[28]  of module DFFRHQX1LVT <../synth/exponentiation_logic_mapped.sdf, line 622>.
xmelab: *W,SDFNET: Unable to annotate to non-existent timing check (RECREM (posedge RN) (posedge CK) (-14) (25)) of instance tb.dut.MULT1.\produto_reg[29]  of module DFFRHQX1LVT <../synth/exponentiation_logic_mapped.sdf, line 640>.
xmelab: *W,SDFNET: Unable to annotate to non-existent timing check (RECREM (posedge RN) (posedge CK) (-14) (25)) of instance tb.dut.MULT1.\produto_reg[30]  of module DFFRHQX1LVT <../synth/exponentiation_logic_mapped.sdf, line 658>.
xmelab: *W,SDFNET: Unable to annotate to non-existent timing check (RECREM (posedge RN) (posedge CK) (-14) (25)) of instance tb.dut.MULT1.\produto_reg[31]  of module DFFRHQX1LVT <../synth/exponentiation_logic_mapped.sdf, line 676>.
xmelab: *W,SDFNET: Unable to annotate to non-existent timing check (RECREM (posedge RN) (posedge CK) (-14) (25)) of instance tb.dut.MULT1.\produto_reg[32]  of module DFFRHQX1LVT <../synth/exponentiation_logic_mapped.sdf, line 694>.
xmelab: *W,SDFNET: Unable to annotate to non-existent timing check (RECREM (posedge RN) (posedge CK) (-14) (25)) of instance tb.dut.MULT1.\produto_reg[33]  of module DFFRHQX1LVT <../synth/exponentiation_logic_mapped.sdf, line 712>.
xmelab: *W,SDFNET: Unable to annotate to non-existent timing check (RECREM (posedge RN) (posedge CK) (-14) (25)) of instance tb.dut.MULT1.\produto_reg[34]  of module DFFRHQX1LVT <../synth/exponentiation_logic_mapped.sdf, line 730>.
xmelab: *W,SDFNET: Unable to annotate to non-existent timing check (RECREM (posedge RN) (posedge CK) (-14) (25)) of instance tb.dut.MULT1.\produto_reg[35]  of module DFFRHQX1LVT <../synth/exponentiation_logic_mapped.sdf, line 748>.
xmelab: *W,SDFNET: Unable to annotate to non-existent timing check (RECREM (posedge RN) (posedge CK) (-14) (25)) of instance tb.dut.MULT1.\produto_reg[36]  of module DFFRHQX1LVT <../synth/exponentiation_logic_mapped.sdf, line 766>.
xmelab: *W,SDFNET: Unable to annotate to non-existent timing check (RECREM (posedge RN) (posedge CK) (-14) (25)) of instance tb.dut.MULT1.\produto_reg[37]  of module DFFRHQX1LVT <../synth/exponentiation_logic_mapped.sdf, line 784>.
xmelab: *W,SDFNET: Unable to annotate to non-existent timing check (RECREM (posedge RN) (posedge CK) (-14) (25)) of instance tb.dut.MULT1.\produto_reg[38]  of module DFFRHQX1LVT <../synth/exponentiation_logic_mapped.sdf, line 802>.
xmelab: *W,SDFNET: Unable to annotate to non-existent timing check (RECREM (posedge RN) (posedge CK) (-14) (25)) of instance tb.dut.MULT1.\produto_reg[39]  of module DFFRHQX1LVT <../synth/exponentiation_logic_mapped.sdf, line 820>.
xmelab: *W,SDFNET: Unable to annotate to non-existent timing check (RECREM (posedge RN) (posedge CK) (-14) (25)) of instance tb.dut.MULT1.\produto_reg[40]  of module DFFRHQX1LVT <../synth/exponentiation_logic_mapped.sdf, line 838>.
xmelab: *W,SDFNET: Unable to annotate to non-existent timing check (RECREM (posedge RN) (posedge CK) (-14) (25)) of instance tb.dut.MULT1.\produto_reg[41]  of module DFFRHQX1LVT <../synth/exponentiation_logic_mapped.sdf, line 856>.
xmelab: *W,SDFNET: Unable to annotate to non-existent timing check (RECREM (posedge RN) (posedge CK) (-14) (25)) of instance tb.dut.MULT1.\produto_reg[42]  of module DFFRHQX1LVT <../synth/exponentiation_logic_mapped.sdf, line 874>.
xmelab: *W,SDFNET: Unable to annotate to non-existent timing check (RECREM (posedge RN) (posedge CK) (-14) (25)) of instance tb.dut.MULT1.\produto_reg[43]  of module DFFRHQX1LVT <../synth/exponentiation_logic_mapped.sdf, line 892>.
xmelab: *W,SDFNET: Unable to annotate to non-existent timing check (RECREM (posedge RN) (posedge CK) (-14) (25)) of instance tb.dut.MULT1.\produto_reg[44]  of module DFFRHQX1LVT <../synth/exponentiation_logic_mapped.sdf, line 910>.
xmelab: *W,SDFNET: Unable to annotate to non-existent timing check (RECREM (posedge RN) (posedge CK) (-14) (25)) of instance tb.dut.MULT1.\produto_reg[45]  of module DFFRHQX1LVT <../synth/exponentiation_logic_mapped.sdf, line 928>.
xmelab: *W,SDFNET: Unable to annotate to non-existent timing check (RECREM (posedge RN) (posedge CK) (-14) (25)) of instance tb.dut.MULT1.\produto_reg[46]  of module DFFRHQX1LVT <../synth/exponentiation_logic_mapped.sdf, line 946>.
xmelab: *W,SDFNET: Unable to annotate to non-existent timing check (RECREM (posedge RN) (posedge CK) (-14) (25)) of instance tb.dut.MULT1.\produto_reg[47]  of module DFFRHQX1LVT <../synth/exponentiation_logic_mapped.sdf, line 964>.
xmelab: *W,SDFNET: Unable to annotate to non-existent timing check (RECREM (posedge RN) (posedge CK) (-14) (25)) of instance tb.dut.MULT1.\produto_reg[48]  of module DFFRHQX1LVT <../synth/exponentiation_logic_mapped.sdf, line 982>.
xmelab: *W,SDFNET: Unable to annotate to non-existent timing check (RECREM (posedge RN) (posedge CK) (-14) (25)) of instance tb.dut.MULT1.\produto_reg[49]  of module DFFRHQX1LVT <../synth/exponentiation_logic_mapped.sdf, line 1000>.
xmelab: *W,SDFNET: Unable to annotate to non-existent timing check (RECREM (posedge RN) (posedge CK) (-14) (25)) of instance tb.dut.MULT1.\produto_reg[50]  of module DFFRHQX1LVT <../synth/exponentiation_logic_mapped.sdf, line 1018>.
xmelab: *W,SDFNET: Unable to annotate to non-existent timing check (RECREM (posedge RN) (posedge CK) (-14) (25)) of instance tb.dut.MULT1.\produto_reg[51]  of module DFFRHQX1LVT <../synth/exponentiation_logic_mapped.sdf, line 1036>.
xmelab: *W,SDFNET: Unable to annotate to non-existent timing check (RECREM (posedge RN) (posedge CK) (-14) (25)) of instance tb.dut.MULT1.\produto_reg[52]  of module DFFRHQX1LVT <../synth/exponentiation_logic_mapped.sdf, line 1054>.
xmelab: *W,SDFNET: Unable to annotate to non-existent timing check (RECREM (posedge RN) (posedge CK) (-14) (25)) of instance tb.dut.MULT1.\produto_reg[53]  of module DFFRHQX1LVT <../synth/exponentiation_logic_mapped.sdf, line 1072>.
xmelab: *W,SDFNET: Unable to annotate to non-existent timing check (RECREM (posedge RN) (posedge CK) (-14) (25)) of instance tb.dut.MULT1.\produto_reg[54]  of module DFFRHQX1LVT <../synth/exponentiation_logic_mapped.sdf, line 1090>.
xmelab: *W,SDFNET: Unable to annotate to non-existent timing check (RECREM (posedge RN) (posedge CK) (-14) (25)) of instance tb.dut.MULT1.\produto_reg[55]  of module DFFRHQX1LVT <../synth/exponentiation_logic_mapped.sdf, line 1108>.
xmelab: *W,SDFNET: Unable to annotate to non-existent timing check (RECREM (posedge RN) (posedge CK) (-14) (25)) of instance tb.dut.MULT1.\produto_reg[56]  of module DFFRHQX1LVT <../synth/exponentiation_logic_mapped.sdf, line 1126>.
xmelab: *W,SDFNET: Unable to annotate to non-existent timing check (RECREM (posedge RN) (posedge CK) (-14) (25)) of instance tb.dut.MULT1.\produto_reg[57]  of module DFFRHQX1LVT <../synth/exponentiation_logic_mapped.sdf, line 1144>.
xmelab: *W,SDFNET: Unable to annotate to non-existent timing check (RECREM (posedge RN) (posedge CK) (-14) (25)) of instance tb.dut.MULT1.\produto_reg[58]  of module DFFRHQX1LVT <../synth/exponentiation_logic_mapped.sdf, line 1162>.
xmelab: *W,SDFNET: Unable to annotate to non-existent timing check (RECREM (posedge RN) (posedge CK) (-14) (25)) of instance tb.dut.MULT1.\produto_reg[59]  of module DFFRHQX1LVT <../synth/exponentiation_logic_mapped.sdf, line 1180>.
xmelab: *W,SDFNET: Unable to annotate to non-existent timing check (RECREM (posedge RN) (posedge CK) (-14) (25)) of instance tb.dut.MULT1.\produto_reg[60]  of module DFFRHQX1LVT <../synth/exponentiation_logic_mapped.sdf, line 1198>.
xmelab: *W,SDFNET: Unable to annotate to non-existent timing check (RECREM (posedge RN) (posedge CK) (-14) (25)) of instance tb.dut.MULT1.\produto_reg[61]  of module DFFRHQX1LVT <../synth/exponentiation_logic_mapped.sdf, line 1216>.
xmelab: *W,SDFNET: Unable to annotate to non-existent timing check (RECREM (posedge RN) (posedge CK) (-14) (25)) of instance tb.dut.MULT1.\produto_reg[62]  of module DFFRHQX1LVT <../synth/exponentiation_logic_mapped.sdf, line 1234>.
xmelab: *W,SDFNET: Unable to annotate to non-existent timing check (RECREM (posedge RN) (posedge CK) (-14) (25)) of instance tb.dut.MULT1.\produto_reg[63]  of module DFFRHQX1LVT <../synth/exponentiation_logic_mapped.sdf, line 1252>.
xmelab: *W,SDFNET: Unable to annotate to non-existent timing check (RECREM (posedge RN) (posedge CK) (-14) (25)) of instance tb.dut.MULT1.\produto_reg[64]  of module DFFRHQX1LVT <../synth/exponentiation_logic_mapped.sdf, line 1270>.
xmelab: *W,SDFNET: Unable to annotate to non-existent timing check (RECREM (posedge RN) (posedge CK) (-14) (25)) of instance tb.dut.MULT1.\produto_reg[65]  of module DFFRHQX1LVT <../synth/exponentiation_logic_mapped.sdf, line 1288>.
xmelab: *W,SDFNET: Unable to annotate to non-existent timing check (RECREM (posedge RN) (posedge CK) (-14) (25)) of instance tb.dut.MULT1.\produto_reg[66]  of module DFFRHQX1LVT <../synth/exponentiation_logic_mapped.sdf, line 1306>.
xmelab: *W,SDFNET: Unable to annotate to non-existent timing check (RECREM (posedge RN) (posedge CK) (-14) (25)) of instance tb.dut.MULT1.\produto_reg[67]  of module DFFRHQX1LVT <../synth/exponentiation_logic_mapped.sdf, line 1324>.
xmelab: *W,SDFNET: Unable to annotate to non-existent timing check (RECREM (posedge RN) (posedge CK) (-14) (25)) of instance tb.dut.MULT1.\produto_reg[68]  of module DFFRHQX1LVT <../synth/exponentiation_logic_mapped.sdf, line 1342>.
xmelab: *W,SDFNET: Unable to annotate to non-existent timing check (RECREM (posedge RN) (posedge CK) (-14) (25)) of instance tb.dut.MULT1.\produto_reg[69]  of module DFFRHQX1LVT <../synth/exponentiation_logic_mapped.sdf, line 1360>.
xmelab: *W,SDFNET: Unable to annotate to non-existent timing check (RECREM (posedge RN) (posedge CK) (-14) (25)) of instance tb.dut.MULT1.\produto_reg[70]  of module DFFRHQX1LVT <../synth/exponentiation_logic_mapped.sdf, line 1378>.
xmelab: *W,SDFNET: Unable to annotate to non-existent timing check (RECREM (posedge RN) (posedge CK) (-14) (25)) of instance tb.dut.MULT1.\produto_reg[71]  of module DFFRHQX1LVT <../synth/exponentiation_logic_mapped.sdf, line 1396>.
xmelab: *W,SDFNET: Unable to annotate to non-existent timing check (RECREM (posedge RN) (posedge CK) (-14) (25)) of instance tb.dut.MULT1.\produto_reg[72]  of module DFFRHQX1LVT <../synth/exponentiation_logic_mapped.sdf, line 1414>.
xmelab: *W,SDFNET: Unable to annotate to non-existent timing check (RECREM (posedge RN) (posedge CK) (-14) (25)) of instance tb.dut.MULT1.\produto_reg[73]  of module DFFRHQX1LVT <../synth/exponentiation_logic_mapped.sdf, line 1432>.
xmelab: *W,SDFNET: Unable to annotate to non-existent timing check (RECREM (posedge RN) (posedge CK) (-14) (25)) of instance tb.dut.MULT1.\produto_reg[74]  of module DFFRHQX1LVT <../synth/exponentiation_logic_mapped.sdf, line 1450>.
xmelab: *W,SDFNET: Unable to annotate to non-existent timing check (RECREM (posedge RN) (posedge CK) (-14) (25)) of instance tb.dut.MULT1.\produto_reg[75]  of module DFFRHQX1LVT <../synth/exponentiation_logic_mapped.sdf, line 1468>.
xmelab: *W,SDFNET: Unable to annotate to non-existent timing check (RECREM (posedge RN) (posedge CK) (-14) (25)) of instance tb.dut.MULT1.\produto_reg[76]  of module DFFRHQX1LVT <../synth/exponentiation_logic_mapped.sdf, line 1486>.
xmelab: *W,SDFNET: Unable to annotate to non-existent timing check (RECREM (posedge RN) (posedge CK) (-14) (25)) of instance tb.dut.MULT1.\produto_reg[77]  of module DFFRHQX1LVT <../synth/exponentiation_logic_mapped.sdf, line 1504>.
xmelab: *W,SDFNET: Unable to annotate to non-existent timing check (RECREM (posedge RN) (posedge CK) (-14) (25)) of instance tb.dut.MULT1.\produto_reg[78]  of module DFFRHQX1LVT <../synth/exponentiation_logic_mapped.sdf, line 1522>.
xmelab: *W,SDFNET: Unable to annotate to non-existent timing check (RECREM (posedge RN) (posedge CK) (-14) (25)) of instance tb.dut.MULT1.\produto_reg[79]  of module DFFRHQX1LVT <../synth/exponentiation_logic_mapped.sdf, line 1540>.
xmelab: *W,SDFNET: Unable to annotate to non-existent timing check (RECREM (posedge RN) (posedge CK) (-14) (25)) of instance tb.dut.MULT1.\produto_reg[80]  of module DFFRHQX1LVT <../synth/exponentiation_logic_mapped.sdf, line 1558>.
xmelab: *W,SDFNET: Unable to annotate to non-existent timing check (RECREM (posedge RN) (posedge CK) (-14) (25)) of instance tb.dut.MULT1.\produto_reg[81]  of module DFFRHQX1LVT <../synth/exponentiation_logic_mapped.sdf, line 1576>.
xmelab: *W,SDFNET: Unable to annotate to non-existent timing check (RECREM (posedge RN) (posedge CK) (-14) (25)) of instance tb.dut.MULT1.\produto_reg[82]  of module DFFRHQX1LVT <../synth/exponentiation_logic_mapped.sdf, line 1594>.
xmelab: *W,SDFNET: Unable to annotate to non-existent timing check (RECREM (posedge RN) (posedge CK) (-14) (25)) of instance tb.dut.MULT1.\produto_reg[83]  of module DFFRHQX1LVT <../synth/exponentiation_logic_mapped.sdf, line 1612>.
xmelab: *W,SDFNET: Unable to annotate to non-existent timing check (RECREM (posedge RN) (posedge CK) (-14) (25)) of instance tb.dut.MULT1.\produto_reg[84]  of module DFFRHQX1LVT <../synth/exponentiation_logic_mapped.sdf, line 1630>.
xmelab: *W,SDFNET: Unable to annotate to non-existent timing check (RECREM (posedge RN) (posedge CK) (-14) (25)) of instance tb.dut.MULT1.\produto_reg[85]  of module DFFRHQX1LVT <../synth/exponentiation_logic_mapped.sdf, line 1648>.
xmelab: *W,SDFNET: Unable to annotate to non-existent timing check (RECREM (posedge RN) (posedge CK) (-14) (25)) of instance tb.dut.MULT1.\produto_reg[86]  of module DFFRHQX1LVT <../synth/exponentiation_logic_mapped.sdf, line 1666>.
xmelab: *W,SDFNET: Unable to annotate to non-existent timing check (RECREM (posedge RN) (posedge CK) (-14) (25)) of instance tb.dut.MULT1.\produto_reg[87]  of module DFFRHQX1LVT <../synth/exponentiation_logic_mapped.sdf, line 1684>.
xmelab: *W,SDFNET: Unable to annotate to non-existent timing check (RECREM (posedge RN) (posedge CK) (-14) (25)) of instance tb.dut.MULT1.\produto_reg[88]  of module DFFRHQX1LVT <../synth/exponentiation_logic_mapped.sdf, line 1702>.
xmelab: *W,SDFNET: Unable to annotate to non-existent timing check (RECREM (posedge RN) (posedge CK) (-14) (25)) of instance tb.dut.MULT1.\produto_reg[89]  of module DFFRHQX1LVT <../synth/exponentiation_logic_mapped.sdf, line 1720>.
xmelab: *W,SDFNET: Unable to annotate to non-existent timing check (RECREM (posedge RN) (posedge CK) (-14) (25)) of instance tb.dut.MULT1.\produto_reg[90]  of module DFFRHQX1LVT <../synth/exponentiation_logic_mapped.sdf, line 1738>.
xmelab: *W,SDFNET: Unable to annotate to non-existent timing check (RECREM (posedge RN) (posedge CK) (-14) (25)) of instance tb.dut.MULT1.\produto_reg[91]  of module DFFRHQX1LVT <../synth/exponentiation_logic_mapped.sdf, line 1756>.
xmelab: *W,SDFNET: Unable to annotate to non-existent timing check (RECREM (posedge RN) (posedge CK) (-14) (25)) of instance tb.dut.MULT1.\produto_reg[92]  of module DFFRHQX1LVT <../synth/exponentiation_logic_mapped.sdf, line 1774>.
xmelab: *W,SDFNET: Unable to annotate to non-existent timing check (RECREM (posedge RN) (posedge CK) (-14) (25)) of instance tb.dut.MULT1.\produto_reg[93]  of module DFFRHQX1LVT <../synth/exponentiation_logic_mapped.sdf, line 1792>.
xmelab: *W,SDFNET: Unable to annotate to non-existent timing check (RECREM (posedge RN) (posedge CK) (-14) (25)) of instance tb.dut.MULT1.\produto_reg[94]  of module DFFRHQX1LVT <../synth/exponentiation_logic_mapped.sdf, line 1810>.
xmelab: *W,SDFNET: Unable to annotate to non-existent timing check (RECREM (posedge RN) (posedge CK) (-14) (25)) of instance tb.dut.MULT1.\produto_reg[95]  of module DFFRHQX1LVT <../synth/exponentiation_logic_mapped.sdf, line 1828>.
xmelab: *W,SDFNET: Unable to annotate to non-existent timing check (RECREM (posedge RN) (posedge CK) (-14) (25)) of instance tb.dut.MULT1.\produto_reg[96]  of module DFFRHQX1LVT <../synth/exponentiation_logic_mapped.sdf, line 1846>.
xmelab: *W,SDFNET: Unable to annotate to non-existent timing check (RECREM (posedge RN) (posedge CK) (-14) (25)) of instance tb.dut.MULT1.\produto_reg[97]  of module DFFRHQX1LVT <../synth/exponentiation_logic_mapped.sdf, line 1864>.
xmelab: *W,SDFNET: Unable to annotate to non-existent timing check (RECREM (posedge RN) (posedge CK) (-14) (25)) of instance tb.dut.MULT1.\produto_reg[98]  of module DFFRHQX1LVT <../synth/exponentiation_logic_mapped.sdf, line 1882>.
xmelab: *W,SDFNET: Unable to annotate to non-existent timing check (RECREM (posedge RN) (posedge CK) (-14) (25)) of instance tb.dut.MULT1.\produto_reg[99]  of module DFFRHQX1LVT <../synth/exponentiation_logic_mapped.sdf, line 1900>.
xmelab: *W,SDFNET: Unable to annotate to non-existent timing check (RECREM (posedge RN) (posedge CK) (-14) (25)) of instance tb.dut.MULT1.\produto_reg[100]  of module DFFRHQX1LVT <../synth/exponentiation_logic_mapped.sdf, line 1918>.
xmelab: *W,SDFNET: Unable to annotate to non-existent timing check (RECREM (posedge RN) (posedge CK) (-14) (25)) of instance tb.dut.MULT1.\produto_reg[101]  of module DFFRHQX1LVT <../synth/exponentiation_logic_mapped.sdf, line 1936>.
xmelab: *W,SDFNET: Unable to annotate to non-existent timing check (RECREM (posedge RN) (posedge CK) (-14) (25)) of instance tb.dut.MULT1.\produto_reg[102]  of module DFFRHQX1LVT <../synth/exponentiation_logic_mapped.sdf, line 1954>.
xmelab: *W,SDFNET: Unable to annotate to non-existent timing check (RECREM (posedge RN) (posedge CK) (-14) (25)) of instance tb.dut.MULT1.\produto_reg[103]  of module DFFRHQX1LVT <../synth/exponentiation_logic_mapped.sdf, line 1972>.
xmelab: *W,SDFNET: Unable to annotate to non-existent timing check (RECREM (posedge RN) (posedge CK) (-14) (25)) of instance tb.dut.MULT1.\produto_reg[104]  of module DFFRHQX1LVT <../synth/exponentiation_logic_mapped.sdf, line 1990>.
xmelab: *W,SDFNET: Unable to annotate to non-existent timing check (RECREM (posedge RN) (posedge CK) (-14) (25)) of instance tb.dut.MULT1.\produto_reg[105]  of module DFFRHQX1LVT <../synth/exponentiation_logic_mapped.sdf, line 2008>.
xmelab: *W,SDFNET: Unable to annotate to non-existent timing check (RECREM (posedge RN) (posedge CK) (-14) (25)) of instance tb.dut.MULT1.\produto_reg[106]  of module DFFRHQX1LVT <../synth/exponentiation_logic_mapped.sdf, line 2026>.
xmelab: *W,SDFNET: Unable to annotate to non-existent timing check (RECREM (posedge RN) (posedge CK) (-14) (25)) of instance tb.dut.MULT1.\produto_reg[107]  of module DFFRHQX1LVT <../synth/exponentiation_logic_mapped.sdf, line 2044>.
xmelab: *W,SDFNET: Unable to annotate to non-existent timing check (RECREM (posedge RN) (posedge CK) (-14) (25)) of instance tb.dut.MULT1.\produto_reg[108]  of module DFFRHQX1LVT <../synth/exponentiation_logic_mapped.sdf, line 2062>.
xmelab: *W,SDFNET: Unable to annotate to non-existent timing check (RECREM (posedge RN) (posedge CK) (-14) (25)) of instance tb.dut.MULT1.\produto_reg[109]  of module DFFRHQX1LVT <../synth/exponentiation_logic_mapped.sdf, line 2080>.
xmelab: *W,SDFNET: Unable to annotate to non-existent timing check (RECREM (posedge RN) (posedge CK) (-14) (25)) of instance tb.dut.MULT1.\produto_reg[110]  of module DFFRHQX1LVT <../synth/exponentiation_logic_mapped.sdf, line 2098>.
xmelab: *W,SDFNET: Unable to annotate to non-existent timing check (RECREM (posedge RN) (posedge CK) (-14) (25)) of instance tb.dut.MULT1.\produto_reg[111]  of module DFFRHQX1LVT <../synth/exponentiation_logic_mapped.sdf, line 2116>.
xmelab: *W,SDFNET: Unable to annotate to non-existent timing check (RECREM (posedge RN) (posedge CK) (-14) (25)) of instance tb.dut.MULT1.\produto_reg[112]  of module DFFRHQX1LVT <../synth/exponentiation_logic_mapped.sdf, line 2134>.
xmelab: *W,SDFNET: Unable to annotate to non-existent timing check (RECREM (posedge RN) (posedge CK) (-14) (25)) of instance tb.dut.MULT1.\produto_reg[113]  of module DFFRHQX1LVT <../synth/exponentiation_logic_mapped.sdf, line 2152>.
xmelab: *W,SDFNET: Unable to annotate to non-existent timing check (RECREM (posedge RN) (posedge CK) (-14) (25)) of instance tb.dut.MULT1.\produto_reg[114]  of module DFFRHQX1LVT <../synth/exponentiation_logic_mapped.sdf, line 2170>.
xmelab: *W,SDFNET: Unable to annotate to non-existent timing check (RECREM (posedge RN) (posedge CK) (-14) (25)) of instance tb.dut.MULT1.\produto_reg[115]  of module DFFRHQX1LVT <../synth/exponentiation_logic_mapped.sdf, line 2188>.
xmelab: *W,SDFNET: Unable to annotate to non-existent timing check (RECREM (posedge RN) (posedge CK) (-14) (25)) of instance tb.dut.MULT1.\produto_reg[116]  of module DFFRHQX1LVT <../synth/exponentiation_logic_mapped.sdf, line 2206>.
xmelab: *W,SDFNET: Unable to annotate to non-existent timing check (RECREM (posedge RN) (posedge CK) (-14) (25)) of instance tb.dut.MULT1.\produto_reg[117]  of module DFFRHQX1LVT <../synth/exponentiation_logic_mapped.sdf, line 2224>.
xmelab: *W,SDFNET: Unable to annotate to non-existent timing check (RECREM (posedge RN) (posedge CK) (-14) (25)) of instance tb.dut.MULT1.\produto_reg[118]  of module DFFRHQX1LVT <../synth/exponentiation_logic_mapped.sdf, line 2242>.
xmelab: *W,SDFNET: Unable to annotate to non-existent timing check (RECREM (posedge RN) (posedge CK) (-14) (25)) of instance tb.dut.MULT1.\produto_reg[119]  of module DFFRHQX1LVT <../synth/exponentiation_logic_mapped.sdf, line 2260>.
xmelab: *W,SDFNET: Unable to annotate to non-existent timing check (RECREM (posedge RN) (posedge CK) (-14) (25)) of instance tb.dut.MULT1.\produto_reg[120]  of module DFFRHQX1LVT <../synth/exponentiation_logic_mapped.sdf, line 2278>.
xmelab: *W,SDFNET: Unable to annotate to non-existent timing check (RECREM (posedge RN) (posedge CK) (-14) (25)) of instance tb.dut.MULT1.\produto_reg[121]  of module DFFRHQX1LVT <../synth/exponentiation_logic_mapped.sdf, line 2296>.
xmelab: *W,SDFNET: Unable to annotate to non-existent timing check (RECREM (posedge RN) (posedge CK) (-14) (25)) of instance tb.dut.MULT1.\produto_reg[122]  of module DFFRHQX1LVT <../synth/exponentiation_logic_mapped.sdf, line 2314>.
xmelab: *W,SDFNET: Unable to annotate to non-existent timing check (RECREM (posedge RN) (posedge CK) (-14) (25)) of instance tb.dut.MULT1.\produto_reg[123]  of module DFFRHQX1LVT <../synth/exponentiation_logic_mapped.sdf, line 2332>.
xmelab: *W,SDFNET: Unable to annotate to non-existent timing check (RECREM (posedge RN) (posedge CK) (-14) (25)) of instance tb.dut.MULT1.\produto_reg[124]  of module DFFRHQX1LVT <../synth/exponentiation_logic_mapped.sdf, line 2350>.
xmelab: *W,SDFNET: Unable to annotate to non-existent timing check (RECREM (posedge RN) (posedge CK) (-14) (25)) of instance tb.dut.MULT1.\produto_reg[125]  of module DFFRHQX1LVT <../synth/exponentiation_logic_mapped.sdf, line 2368>.
xmelab: *W,SDFNET: Unable to annotate to non-existent timing check (RECREM (posedge RN) (posedge CK) (-14) (25)) of instance tb.dut.MULT1.\produto_reg[126]  of module DFFRHQX1LVT <../synth/exponentiation_logic_mapped.sdf, line 2386>.
xmelab: *W,SDFNET: Unable to annotate to non-existent timing check (RECREM (posedge RN) (posedge CK) (-14) (25)) of instance tb.dut.MULT1.\produto_reg[127]  of module DFFRHQX1LVT <../synth/exponentiation_logic_mapped.sdf, line 2404>.
xmelab: *W,SDFNET: Unable to annotate to non-existent timing check (RECREM (posedge RN) (posedge CK) (-14) (25)) of instance tb.dut.MULT1.\state_reg[1]  of module DFFRHQX1LVT <../synth/exponentiation_logic_mapped.sdf, line 5350>.
xmelab: *W,SDFNET: Unable to annotate to non-existent timing check (RECREM (posedge RN) (posedge CK) (-10) (25)) of instance tb.dut.MULT1.\state_reg[0]  of module DFFRX1LVT <../synth/exponentiation_logic_mapped.sdf, line 17106>.
xmelab: *W,SDFNET: Unable to annotate to non-existent timing check (RECREM (posedge RN) (posedge CK) (-21) (23)) of instance tb.dut.\state_reg[2]  of module DFFRHQX1LVT <../synth/exponentiation_logic_mapped.sdf, line 17760>.
xmelab: *W,SDFNET: Unable to annotate to non-existent timing check (RECREM (posedge RN) (posedge CK) (-21) (23)) of instance tb.dut.\state_reg[1]  of module DFFRHQX1LVT <../synth/exponentiation_logic_mapped.sdf, line 17889>.
xmelab: *W,SDFNET: Unable to annotate to non-existent timing check (RECREM (posedge RN) (posedge CK) (-14) (23)) of instance tb.dut.\state_reg[0]  of module DFFRX4LVT <../synth/exponentiation_logic_mapped.sdf, line 24874>.
