==============================================================
Vitis HLS - High-Level Synthesis from C, C++ and OpenCL v2023.2 (64-bit)
Tool Version Limit: 2023.10
Copyright 1986-2022 Xilinx, Inc. All Rights Reserved.
Copyright 2022-2023 Advanced Micro Devices, Inc. All Rights Reserved.

==============================================================
INFO: [SYN 201-201] Setting up clock 'default' with a period of 10ns.
INFO: [HLS 200-1611] Setting target device to 'xc7a200t-fbg484-3'
INFO: [HLS 200-1505] Using flow_target 'vivado'
INFO: [HLS 200-1510] Running: set_part xc7a200tfbg484-3 
INFO: [HLS 200-1510] Running: create_clock -period 10 -name default 
INFO: [HLS 200-1510] Running: csim_design -quiet 
INFO: [SIM 211-2] *************** CSIM start ***************
INFO: [SIM 211-4] CSIM will launch GCC as the compiler.
INFO: [HLS 200-2036] Building debug C Simulation binaries
INFO: [SIM 211-1] CSim done with 0 errors.
INFO: [SIM 211-3] *************** CSIM finish ***************
INFO: [HLS 200-111] Finished Command csim_design CPU user time: 1.97 seconds. CPU system time: 0.19 seconds. Elapsed time: 2.16 seconds; current allocated memory: 0.000 MB.
==============================================================
Vitis HLS - High-Level Synthesis from C, C++ and OpenCL v2023.2 (64-bit)
Tool Version Limit: 2023.10
Copyright 1986-2022 Xilinx, Inc. All Rights Reserved.
Copyright 2022-2023 Advanced Micro Devices, Inc. All Rights Reserved.

==============================================================
INFO: [SYN 201-201] Setting up clock 'default' with a period of 10ns.
INFO: [HLS 200-1611] Setting target device to 'xc7a200t-fbg484-3'
INFO: [HLS 200-1505] Using flow_target 'vivado'
INFO: [HLS 200-1510] Running: set_part xc7a200tfbg484-3 
INFO: [HLS 200-1510] Running: create_clock -period 10 -name default 
INFO: [HLS 200-1510] Running: csynth_design 
INFO: [HLS 200-111] Finished File checks and directory preparation: CPU user time: 0.04 seconds. CPU system time: 0 seconds. Elapsed time: 0.03 seconds; current allocated memory: 235.008 MB.
INFO: [HLS 200-10] Analyzing design file 'pi/pi.cpp' ... 
WARNING: [HLS 207-5292] unused parameter 'terms' (pi/pi.cpp:19:63)
INFO: [HLS 200-111] Finished Source Code Analysis and Preprocessing: CPU user time: 2.08 seconds. CPU system time: 0.26 seconds. Elapsed time: 2.34 seconds; current allocated memory: 236.160 MB.
INFO: [HLS 200-777] Using interface defaults for 'Vivado' flow target.
INFO: [HLS 200-1995] There were 1,117 instructions in the design after the 'Compile/Link' phase of compilation. See the Design Size Report for more details: /home/gme/guilherme.manske/hls/pi/solution2/syn/report/csynth_design_size.rpt
INFO: [HLS 200-1995] There were 25 instructions in the design after the 'Unroll/Inline (step 1)' phase of compilation. See the Design Size Report for more details: /home/gme/guilherme.manske/hls/pi/solution2/syn/report/csynth_design_size.rpt
INFO: [HLS 200-1995] There were 1 instructions in the design after the 'Unroll/Inline (step 2)' phase of compilation. See the Design Size Report for more details: /home/gme/guilherme.manske/hls/pi/solution2/syn/report/csynth_design_size.rpt
INFO: [HLS 200-1995] There were 1 instructions in the design after the 'Unroll/Inline (step 3)' phase of compilation. See the Design Size Report for more details: /home/gme/guilherme.manske/hls/pi/solution2/syn/report/csynth_design_size.rpt
INFO: [HLS 200-1995] There were 1 instructions in the design after the 'Unroll/Inline (step 4)' phase of compilation. See the Design Size Report for more details: /home/gme/guilherme.manske/hls/pi/solution2/syn/report/csynth_design_size.rpt
INFO: [HLS 200-1995] There were 1 instructions in the design after the 'Array/Struct (step 1)' phase of compilation. See the Design Size Report for more details: /home/gme/guilherme.manske/hls/pi/solution2/syn/report/csynth_design_size.rpt
INFO: [HLS 200-1995] There were 1 instructions in the design after the 'Array/Struct (step 2)' phase of compilation. See the Design Size Report for more details: /home/gme/guilherme.manske/hls/pi/solution2/syn/report/csynth_design_size.rpt
INFO: [HLS 200-1995] There were 1 instructions in the design after the 'Array/Struct (step 3)' phase of compilation. See the Design Size Report for more details: /home/gme/guilherme.manske/hls/pi/solution2/syn/report/csynth_design_size.rpt
INFO: [HLS 200-1995] There were 1 instructions in the design after the 'Array/Struct (step 4)' phase of compilation. See the Design Size Report for more details: /home/gme/guilherme.manske/hls/pi/solution2/syn/report/csynth_design_size.rpt
INFO: [HLS 200-1995] There were 1 instructions in the design after the 'Array/Struct (step 5)' phase of compilation. See the Design Size Report for more details: /home/gme/guilherme.manske/hls/pi/solution2/syn/report/csynth_design_size.rpt
INFO: [HLS 200-1995] There were 1 instructions in the design after the 'Performance (step 1)' phase of compilation. See the Design Size Report for more details: /home/gme/guilherme.manske/hls/pi/solution2/syn/report/csynth_design_size.rpt
INFO: [HLS 200-1995] There were 1 instructions in the design after the 'Performance (step 2)' phase of compilation. See the Design Size Report for more details: /home/gme/guilherme.manske/hls/pi/solution2/syn/report/csynth_design_size.rpt
INFO: [HLS 200-1995] There were 1 instructions in the design after the 'Performance (step 3)' phase of compilation. See the Design Size Report for more details: /home/gme/guilherme.manske/hls/pi/solution2/syn/report/csynth_design_size.rpt
INFO: [HLS 200-1995] There were 1 instructions in the design after the 'Performance (step 4)' phase of compilation. See the Design Size Report for more details: /home/gme/guilherme.manske/hls/pi/solution2/syn/report/csynth_design_size.rpt
INFO: [HLS 200-1995] There were 3 instructions in the design after the 'HW Transforms (step 1)' phase of compilation. See the Design Size Report for more details: /home/gme/guilherme.manske/hls/pi/solution2/syn/report/csynth_design_size.rpt
INFO: [HLS 200-1995] There were 4 instructions in the design after the 'HW Transforms (step 2)' phase of compilation. See the Design Size Report for more details: /home/gme/guilherme.manske/hls/pi/solution2/syn/report/csynth_design_size.rpt
INFO: [HLS 200-111] Finished Compiling Optimization and Transform: CPU user time: 1.27 seconds. CPU system time: 0.17 seconds. Elapsed time: 6.32 seconds; current allocated memory: 238.672 MB.
INFO: [HLS 200-111] Finished Checking Pragmas: CPU user time: 0.01 seconds. CPU system time: 0 seconds. Elapsed time: 0 seconds; current allocated memory: 238.672 MB.
INFO: [HLS 200-10] Starting code transformations ...
INFO: [HLS 200-111] Finished Standard Transforms: CPU user time: 0 seconds. CPU system time: 0 seconds. Elapsed time: 0 seconds; current allocated memory: 238.809 MB.
INFO: [HLS 200-10] Checking synthesizability ...
INFO: [HLS 200-111] Finished Checking Synthesizability: CPU user time: 0.01 seconds. CPU system time: 0 seconds. Elapsed time: 0.01 seconds; current allocated memory: 239.750 MB.
INFO: [HLS 200-111] Finished Loop, function and other optimizations: CPU user time: 0 seconds. CPU system time: 0 seconds. Elapsed time: 0.02 seconds; current allocated memory: 261.438 MB.
INFO: [HLS 200-111] Finished Architecture Synthesis: CPU user time: 0 seconds. CPU system time: 0 seconds. Elapsed time: 0 seconds; current allocated memory: 252.191 MB.
INFO: [HLS 200-10] Starting hardware synthesis ...
INFO: [HLS 200-10] Synthesizing 'kernel' ...
INFO: [HLS 200-10] ----------------------------------------------------------------
INFO: [HLS 200-42] -- Implementing module 'kernel' 
INFO: [HLS 200-10] ----------------------------------------------------------------
INFO: [SCHED 204-11] Starting scheduling ...
INFO: [SCHED 204-11] Finished scheduling.
INFO: [HLS 200-111] Finished Scheduling: CPU user time: 0.01 seconds. CPU system time: 0.01 seconds. Elapsed time: 0.02 seconds; current allocated memory: 252.273 MB.
INFO: [BIND 205-100] Starting micro-architecture generation ...
INFO: [BIND 205-101] Performing variable lifetime analysis.
INFO: [BIND 205-101] Exploring resource sharing.
INFO: [BIND 205-101] Binding ...
INFO: [BIND 205-100] Finished micro-architecture generation.
INFO: [HLS 200-111] Finished Binding: CPU user time: 0 seconds. CPU system time: 0 seconds. Elapsed time: 0 seconds; current allocated memory: 252.371 MB.
INFO: [HLS 200-10] ----------------------------------------------------------------
INFO: [HLS 200-10] -- Generating RTL for module 'kernel' 
INFO: [HLS 200-10] ----------------------------------------------------------------
INFO: [RTGEN 206-500] Setting interface mode on port 'kernel/terms' to 'ap_none'.
INFO: [RTGEN 206-500] Setting interface mode on function 'kernel' to 'ap_ctrl_hs'.
WARNING: [RTGEN 206-101] Port 'kernel/terms' has no fanin or fanout and is left dangling.
               Please use C simulation to confirm this function argument can be read from or written to.
INFO: [RTGEN 206-100] Finished creating RTL model for 'kernel'.
INFO: [HLS 200-111] Finished Creating RTL model: CPU user time: 0.01 seconds. CPU system time: 0 seconds. Elapsed time: 0.01 seconds; current allocated memory: 252.633 MB.
INFO: [HLS 200-111] Finished Generating all RTL models: CPU user time: 0.07 seconds. CPU system time: 0.01 seconds. Elapsed time: 0.08 seconds; current allocated memory: 256.117 MB.
INFO: [HLS 200-111] Finished Updating report files: CPU user time: 0.09 seconds. CPU system time: 0 seconds. Elapsed time: 0.09 seconds; current allocated memory: 264.211 MB.
INFO: [VHDL 208-304] Generating VHDL RTL for kernel.
INFO: [VLOG 209-307] Generating Verilog RTL for kernel.
INFO: [HLS 200-789] **** Estimated Fmax: 0.00 MHz
INFO: [HLS 200-111] Finished Command csynth_design CPU user time: 3.6 seconds. CPU system time: 0.45 seconds. Elapsed time: 8.92 seconds; current allocated memory: 29.348 MB.
==============================================================
Vitis HLS - High-Level Synthesis from C, C++ and OpenCL v2023.2 (64-bit)
Tool Version Limit: 2023.10
Copyright 1986-2022 Xilinx, Inc. All Rights Reserved.
Copyright 2022-2023 Advanced Micro Devices, Inc. All Rights Reserved.

==============================================================
INFO: [SYN 201-201] Setting up clock 'default' with a period of 10ns.
INFO: [HLS 200-1611] Setting target device to 'xc7a200t-fbg484-3'
INFO: [HLS 200-1505] Using flow_target 'vivado'
INFO: [HLS 200-1510] Running: set_part xc7a200tfbg484-3 
INFO: [HLS 200-1510] Running: create_clock -period 10 -name default 
INFO: [HLS 200-1510] Running: csynth_design 
INFO: [HLS 200-111] Finished File checks and directory preparation: CPU user time: 0.03 seconds. CPU system time: 0.01 seconds. Elapsed time: 0.04 seconds; current allocated memory: 235.008 MB.
INFO: [HLS 200-10] Analyzing design file 'pi/pi.cpp' ... 
WARNING: [HLS 207-5292] unused parameter 'terms' (pi/pi.cpp:19:63)
INFO: [HLS 200-111] Finished Source Code Analysis and Preprocessing: CPU user time: 2.11 seconds. CPU system time: 0.24 seconds. Elapsed time: 2.36 seconds; current allocated memory: 236.160 MB.
INFO: [HLS 200-777] Using interface defaults for 'Vivado' flow target.
INFO: [HLS 200-1995] There were 1,117 instructions in the design after the 'Compile/Link' phase of compilation. See the Design Size Report for more details: /home/gme/guilherme.manske/hls/pi/solution2/syn/report/csynth_design_size.rpt
INFO: [HLS 200-1995] There were 25 instructions in the design after the 'Unroll/Inline (step 1)' phase of compilation. See the Design Size Report for more details: /home/gme/guilherme.manske/hls/pi/solution2/syn/report/csynth_design_size.rpt
INFO: [HLS 200-1995] There were 1 instructions in the design after the 'Unroll/Inline (step 2)' phase of compilation. See the Design Size Report for more details: /home/gme/guilherme.manske/hls/pi/solution2/syn/report/csynth_design_size.rpt
INFO: [HLS 200-1995] There were 1 instructions in the design after the 'Unroll/Inline (step 3)' phase of compilation. See the Design Size Report for more details: /home/gme/guilherme.manske/hls/pi/solution2/syn/report/csynth_design_size.rpt
INFO: [HLS 200-1995] There were 1 instructions in the design after the 'Unroll/Inline (step 4)' phase of compilation. See the Design Size Report for more details: /home/gme/guilherme.manske/hls/pi/solution2/syn/report/csynth_design_size.rpt
INFO: [HLS 200-1995] There were 1 instructions in the design after the 'Array/Struct (step 1)' phase of compilation. See the Design Size Report for more details: /home/gme/guilherme.manske/hls/pi/solution2/syn/report/csynth_design_size.rpt
INFO: [HLS 200-1995] There were 1 instructions in the design after the 'Array/Struct (step 2)' phase of compilation. See the Design Size Report for more details: /home/gme/guilherme.manske/hls/pi/solution2/syn/report/csynth_design_size.rpt
INFO: [HLS 200-1995] There were 1 instructions in the design after the 'Array/Struct (step 3)' phase of compilation. See the Design Size Report for more details: /home/gme/guilherme.manske/hls/pi/solution2/syn/report/csynth_design_size.rpt
INFO: [HLS 200-1995] There were 1 instructions in the design after the 'Array/Struct (step 4)' phase of compilation. See the Design Size Report for more details: /home/gme/guilherme.manske/hls/pi/solution2/syn/report/csynth_design_size.rpt
INFO: [HLS 200-1995] There were 1 instructions in the design after the 'Array/Struct (step 5)' phase of compilation. See the Design Size Report for more details: /home/gme/guilherme.manske/hls/pi/solution2/syn/report/csynth_design_size.rpt
INFO: [HLS 200-1995] There were 1 instructions in the design after the 'Performance (step 1)' phase of compilation. See the Design Size Report for more details: /home/gme/guilherme.manske/hls/pi/solution2/syn/report/csynth_design_size.rpt
INFO: [HLS 200-1995] There were 1 instructions in the design after the 'Performance (step 2)' phase of compilation. See the Design Size Report for more details: /home/gme/guilherme.manske/hls/pi/solution2/syn/report/csynth_design_size.rpt
INFO: [HLS 200-1995] There were 1 instructions in the design after the 'Performance (step 3)' phase of compilation. See the Design Size Report for more details: /home/gme/guilherme.manske/hls/pi/solution2/syn/report/csynth_design_size.rpt
INFO: [HLS 200-1995] There were 1 instructions in the design after the 'Performance (step 4)' phase of compilation. See the Design Size Report for more details: /home/gme/guilherme.manske/hls/pi/solution2/syn/report/csynth_design_size.rpt
INFO: [HLS 200-1995] There were 3 instructions in the design after the 'HW Transforms (step 1)' phase of compilation. See the Design Size Report for more details: /home/gme/guilherme.manske/hls/pi/solution2/syn/report/csynth_design_size.rpt
INFO: [HLS 200-1995] There were 4 instructions in the design after the 'HW Transforms (step 2)' phase of compilation. See the Design Size Report for more details: /home/gme/guilherme.manske/hls/pi/solution2/syn/report/csynth_design_size.rpt
INFO: [HLS 200-111] Finished Compiling Optimization and Transform: CPU user time: 1.25 seconds. CPU system time: 0.16 seconds. Elapsed time: 6.3 seconds; current allocated memory: 238.691 MB.
INFO: [HLS 200-111] Finished Checking Pragmas: CPU user time: 0 seconds. CPU system time: 0 seconds. Elapsed time: 0 seconds; current allocated memory: 238.691 MB.
INFO: [HLS 200-10] Starting code transformations ...
INFO: [HLS 200-111] Finished Standard Transforms: CPU user time: 0.01 seconds. CPU system time: 0 seconds. Elapsed time: 0 seconds; current allocated memory: 238.809 MB.
INFO: [HLS 200-10] Checking synthesizability ...
INFO: [HLS 200-111] Finished Checking Synthesizability: CPU user time: 0.01 seconds. CPU system time: 0 seconds. Elapsed time: 0.01 seconds; current allocated memory: 239.750 MB.
INFO: [HLS 200-111] Finished Loop, function and other optimizations: CPU user time: 0.01 seconds. CPU system time: 0 seconds. Elapsed time: 0.02 seconds; current allocated memory: 261.438 MB.
INFO: [HLS 200-111] Finished Architecture Synthesis: CPU user time: 0.01 seconds. CPU system time: 0 seconds. Elapsed time: 0 seconds; current allocated memory: 252.191 MB.
INFO: [HLS 200-10] Starting hardware synthesis ...
INFO: [HLS 200-10] Synthesizing 'kernel' ...
INFO: [HLS 200-10] ----------------------------------------------------------------
INFO: [HLS 200-42] -- Implementing module 'kernel' 
INFO: [HLS 200-10] ----------------------------------------------------------------
INFO: [SCHED 204-11] Starting scheduling ...
INFO: [SCHED 204-11] Finished scheduling.
INFO: [HLS 200-111] Finished Scheduling: CPU user time: 0 seconds. CPU system time: 0.01 seconds. Elapsed time: 0.02 seconds; current allocated memory: 252.273 MB.
INFO: [BIND 205-100] Starting micro-architecture generation ...
INFO: [BIND 205-101] Performing variable lifetime analysis.
INFO: [BIND 205-101] Exploring resource sharing.
INFO: [BIND 205-101] Binding ...
INFO: [BIND 205-100] Finished micro-architecture generation.
INFO: [HLS 200-111] Finished Binding: CPU user time: 0.01 seconds. CPU system time: 0 seconds. Elapsed time: 0 seconds; current allocated memory: 252.375 MB.
INFO: [HLS 200-10] ----------------------------------------------------------------
INFO: [HLS 200-10] -- Generating RTL for module 'kernel' 
INFO: [HLS 200-10] ----------------------------------------------------------------
INFO: [RTGEN 206-500] Setting interface mode on port 'kernel/terms' to 'ap_none'.
INFO: [RTGEN 206-500] Setting interface mode on function 'kernel' to 'ap_ctrl_hs'.
WARNING: [RTGEN 206-101] Port 'kernel/terms' has no fanin or fanout and is left dangling.
               Please use C simulation to confirm this function argument can be read from or written to.
INFO: [RTGEN 206-100] Finished creating RTL model for 'kernel'.
INFO: [HLS 200-111] Finished Creating RTL model: CPU user time: 0 seconds. CPU system time: 0 seconds. Elapsed time: 0.01 seconds; current allocated memory: 252.641 MB.
INFO: [HLS 200-111] Finished Generating all RTL models: CPU user time: 0.08 seconds. CPU system time: 0 seconds. Elapsed time: 0.08 seconds; current allocated memory: 256.191 MB.
INFO: [HLS 200-111] Finished Updating report files: CPU user time: 0.08 seconds. CPU system time: 0.02 seconds. Elapsed time: 0.09 seconds; current allocated memory: 264.219 MB.
INFO: [VHDL 208-304] Generating VHDL RTL for kernel.
INFO: [VLOG 209-307] Generating Verilog RTL for kernel.
INFO: [HLS 200-789] **** Estimated Fmax: 0.00 MHz
INFO: [HLS 200-111] Finished Command csynth_design CPU user time: 3.6 seconds. CPU system time: 0.44 seconds. Elapsed time: 8.94 seconds; current allocated memory: 29.352 MB.
==============================================================
Vitis HLS - High-Level Synthesis from C, C++ and OpenCL v2023.2 (64-bit)
Tool Version Limit: 2023.10
Copyright 1986-2022 Xilinx, Inc. All Rights Reserved.
Copyright 2022-2023 Advanced Micro Devices, Inc. All Rights Reserved.

==============================================================
INFO: [SYN 201-201] Setting up clock 'default' with a period of 10ns.
INFO: [HLS 200-1611] Setting target device to 'xc7a200t-fbg484-3'
INFO: [HLS 200-1505] Using flow_target 'vivado'
INFO: [HLS 200-1510] Running: set_part xc7a200tfbg484-3 
INFO: [HLS 200-1510] Running: create_clock -period 10 -name default 
INFO: [HLS 200-1510] Running: csim_design -quiet 
INFO: [SIM 211-2] *************** CSIM start ***************
INFO: [SIM 211-4] CSIM will launch GCC as the compiler.
INFO: [HLS 200-2036] Building debug C Simulation binaries
INFO: [SIM 211-1] CSim done with 0 errors.
INFO: [SIM 211-3] *************** CSIM finish ***************
INFO: [HLS 200-111] Finished Command csim_design CPU user time: 1.01 seconds. CPU system time: 0.13 seconds. Elapsed time: 1.13 seconds; current allocated memory: 0.000 MB.
==============================================================
Vitis HLS - High-Level Synthesis from C, C++ and OpenCL v2023.2 (64-bit)
Tool Version Limit: 2023.10
Copyright 1986-2022 Xilinx, Inc. All Rights Reserved.
Copyright 2022-2023 Advanced Micro Devices, Inc. All Rights Reserved.

==============================================================
INFO: [SYN 201-201] Setting up clock 'default' with a period of 10ns.
INFO: [HLS 200-1611] Setting target device to 'xc7a200t-fbg484-3'
INFO: [HLS 200-1505] Using flow_target 'vivado'
INFO: [HLS 200-1510] Running: set_part xc7a200tfbg484-3 
INFO: [HLS 200-1510] Running: create_clock -period 10 -name default 
INFO: [HLS 200-1510] Running: csynth_design 
INFO: [HLS 200-111] Finished File checks and directory preparation: CPU user time: 0.04 seconds. CPU system time: 0 seconds. Elapsed time: 0.04 seconds; current allocated memory: 235.008 MB.
INFO: [HLS 200-10] Analyzing design file 'pi/pi.cpp' ... 
INFO: [HLS 200-111] Finished Source Code Analysis and Preprocessing: CPU user time: 2.06 seconds. CPU system time: 0.27 seconds. Elapsed time: 2.33 seconds; current allocated memory: 236.160 MB.
INFO: [HLS 200-777] Using interface defaults for 'Vivado' flow target.
INFO: [HLS 200-1995] There were 1,117 instructions in the design after the 'Compile/Link' phase of compilation. See the Design Size Report for more details: /home/gme/guilherme.manske/hls/pi/solution2/syn/report/csynth_design_size.rpt
INFO: [HLS 200-1995] There were 167 instructions in the design after the 'Unroll/Inline (step 1)' phase of compilation. See the Design Size Report for more details: /home/gme/guilherme.manske/hls/pi/solution2/syn/report/csynth_design_size.rpt
INFO: [HLS 200-1995] There were 98 instructions in the design after the 'Unroll/Inline (step 2)' phase of compilation. See the Design Size Report for more details: /home/gme/guilherme.manske/hls/pi/solution2/syn/report/csynth_design_size.rpt
INFO: [HLS 200-1995] There were 97 instructions in the design after the 'Unroll/Inline (step 3)' phase of compilation. See the Design Size Report for more details: /home/gme/guilherme.manske/hls/pi/solution2/syn/report/csynth_design_size.rpt
INFO: [HLS 200-1995] There were 73 instructions in the design after the 'Unroll/Inline (step 4)' phase of compilation. See the Design Size Report for more details: /home/gme/guilherme.manske/hls/pi/solution2/syn/report/csynth_design_size.rpt
INFO: [HLS 200-1995] There were 72 instructions in the design after the 'Array/Struct (step 1)' phase of compilation. See the Design Size Report for more details: /home/gme/guilherme.manske/hls/pi/solution2/syn/report/csynth_design_size.rpt
INFO: [HLS 200-1995] There were 72 instructions in the design after the 'Array/Struct (step 2)' phase of compilation. See the Design Size Report for more details: /home/gme/guilherme.manske/hls/pi/solution2/syn/report/csynth_design_size.rpt
INFO: [HLS 200-1995] There were 72 instructions in the design after the 'Array/Struct (step 3)' phase of compilation. See the Design Size Report for more details: /home/gme/guilherme.manske/hls/pi/solution2/syn/report/csynth_design_size.rpt
INFO: [HLS 200-1995] There were 72 instructions in the design after the 'Array/Struct (step 4)' phase of compilation. See the Design Size Report for more details: /home/gme/guilherme.manske/hls/pi/solution2/syn/report/csynth_design_size.rpt
INFO: [HLS 200-1995] There were 74 instructions in the design after the 'Array/Struct (step 5)' phase of compilation. See the Design Size Report for more details: /home/gme/guilherme.manske/hls/pi/solution2/syn/report/csynth_design_size.rpt
INFO: [HLS 200-1995] There were 73 instructions in the design after the 'Performance (step 1)' phase of compilation. See the Design Size Report for more details: /home/gme/guilherme.manske/hls/pi/solution2/syn/report/csynth_design_size.rpt
INFO: [HLS 200-1995] There were 72 instructions in the design after the 'Performance (step 2)' phase of compilation. See the Design Size Report for more details: /home/gme/guilherme.manske/hls/pi/solution2/syn/report/csynth_design_size.rpt
INFO: [HLS 200-1995] There were 72 instructions in the design after the 'Performance (step 3)' phase of compilation. See the Design Size Report for more details: /home/gme/guilherme.manske/hls/pi/solution2/syn/report/csynth_design_size.rpt
INFO: [HLS 200-1995] There were 72 instructions in the design after the 'Performance (step 4)' phase of compilation. See the Design Size Report for more details: /home/gme/guilherme.manske/hls/pi/solution2/syn/report/csynth_design_size.rpt
INFO: [HLS 200-1995] There were 75 instructions in the design after the 'HW Transforms (step 1)' phase of compilation. See the Design Size Report for more details: /home/gme/guilherme.manske/hls/pi/solution2/syn/report/csynth_design_size.rpt
INFO: [HLS 200-1995] There were 74 instructions in the design after the 'HW Transforms (step 2)' phase of compilation. See the Design Size Report for more details: /home/gme/guilherme.manske/hls/pi/solution2/syn/report/csynth_design_size.rpt
INFO: [HLS 214-376] automatically set the pipeline for Loop< VITIS_LOOP_22_1> at pi/pi.cpp:22:19 
INFO: [HLS 200-111] Finished Compiling Optimization and Transform: CPU user time: 1.26 seconds. CPU system time: 0.15 seconds. Elapsed time: 6.28 seconds; current allocated memory: 238.688 MB.
INFO: [HLS 200-111] Finished Checking Pragmas: CPU user time: 0 seconds. CPU system time: 0 seconds. Elapsed time: 0 seconds; current allocated memory: 238.688 MB.
INFO: [HLS 200-10] Starting code transformations ...
INFO: [HLS 200-111] Finished Standard Transforms: CPU user time: 0.01 seconds. CPU system time: 0 seconds. Elapsed time: 0.01 seconds; current allocated memory: 239.109 MB.
INFO: [HLS 200-10] Checking synthesizability ...
INFO: [HLS 200-111] Finished Checking Synthesizability: CPU user time: 0.01 seconds. CPU system time: 0 seconds. Elapsed time: 0.01 seconds; current allocated memory: 240.078 MB.
INFO: [XFORM 203-401] Performing if-conversion on hyperblock from (pi/pi.cpp:20:11) to (pi/pi.cpp:22:19) in function 'kernel'... converting 9 basic blocks.
INFO: [HLS 200-111] Finished Loop, function and other optimizations: CPU user time: 0.02 seconds. CPU system time: 0 seconds. Elapsed time: 0.03 seconds; current allocated memory: 263.098 MB.
INFO: [HLS 200-111] Finished Architecture Synthesis: CPU user time: 0.02 seconds. CPU system time: 0 seconds. Elapsed time: 0.01 seconds; current allocated memory: 253.969 MB.
INFO: [HLS 200-10] Starting hardware synthesis ...
INFO: [HLS 200-10] Synthesizing 'kernel' ...
INFO: [HLS 200-10] ----------------------------------------------------------------
INFO: [HLS 200-42] -- Implementing module 'kernel' 
INFO: [HLS 200-10] ----------------------------------------------------------------
INFO: [SCHED 204-11] Starting scheduling ...
INFO: [SCHED 204-61] Pipelining loop 'VITIS_LOOP_22_1'.
INFO: [HLS 200-1470] Pipelining result : Target II = NA, Final II = 1, Depth = 39, loop 'VITIS_LOOP_22_1'
WARNING: [HLS 200-871] Estimated clock period (7.518 ns) exceeds the target (target clock period: 10.000 ns, clock uncertainty: 2.700 ns, effective delay budget: 7.300 ns).
WARNING: [HLS 200-1016] The critical path in module 'kernel' consists of the following:
	'store' operation 0 bit ('n_write_ln22', pi/pi.cpp:22) of constant 0 on local variable 'n', pi/pi.cpp:22 [9]  (1.173 ns)
	'load' operation 63 bit ('n', pi/pi.cpp:22) on local variable 'n', pi/pi.cpp:22 [13]  (0.000 ns)
	'or' operation 64 bit ('or_ln23', pi/pi.cpp:23) [24]  (0.000 ns)
	'sitodp' operation 64 bit ('conv', pi/pi.cpp:23) [25]  (6.345 ns)

INFO: [SCHED 204-11] Finished scheduling.
INFO: [HLS 200-111] Finished Scheduling: CPU user time: 0.04 seconds. CPU system time: 0.01 seconds. Elapsed time: 0.06 seconds; current allocated memory: 255.766 MB.
INFO: [BIND 205-100] Starting micro-architecture generation ...
INFO: [BIND 205-101] Performing variable lifetime analysis.
INFO: [BIND 205-101] Exploring resource sharing.
INFO: [BIND 205-101] Binding ...
INFO: [BIND 205-100] Finished micro-architecture generation.
INFO: [HLS 200-111] Finished Binding: CPU user time: 0.01 seconds. CPU system time: 0 seconds. Elapsed time: 0.01 seconds; current allocated memory: 255.766 MB.
INFO: [HLS 200-10] ----------------------------------------------------------------
INFO: [HLS 200-10] -- Generating RTL for module 'kernel' 
INFO: [HLS 200-10] ----------------------------------------------------------------
INFO: [RTGEN 206-500] Setting interface mode on port 'kernel/terms' to 'ap_none'.
INFO: [RTGEN 206-500] Setting interface mode on function 'kernel' to 'ap_ctrl_hs'.
INFO: [HLS 200-1030] Apply Unified Pipeline Control on module 'kernel' pipeline 'VITIS_LOOP_22_1' pipeline type 'loop pipeline'
INFO: [RTGEN 206-100] Generating core module 'ddiv_64ns_64ns_64_31_no_dsp_1': 1 instance(s).
INFO: [RTGEN 206-100] Generating core module 'sitodp_64ns_64_5_no_dsp_1': 1 instance(s).
INFO: [RTGEN 206-100] Finished creating RTL model for 'kernel'.
INFO: [HLS 200-111] Finished Creating RTL model: CPU user time: 0.03 seconds. CPU system time: 0 seconds. Elapsed time: 0.03 seconds; current allocated memory: 256.469 MB.
INFO: [HLS 200-111] Finished Generating all RTL models: CPU user time: 0.11 seconds. CPU system time: 0 seconds. Elapsed time: 0.11 seconds; current allocated memory: 261.340 MB.
INFO: [HLS 200-111] Finished Updating report files: CPU user time: 0.09 seconds. CPU system time: 0.02 seconds. Elapsed time: 0.11 seconds; current allocated memory: 269.836 MB.
INFO: [VHDL 208-304] Generating VHDL RTL for kernel.
INFO: [VLOG 209-307] Generating Verilog RTL for kernel.
INFO: [HLS 200-790] **** Loop Constraint Status: All loop constraints were satisfied.
INFO: [HLS 200-789] **** Estimated Fmax: 133.01 MHz
INFO: [HLS 200-111] Finished Command csynth_design CPU user time: 3.71 seconds. CPU system time: 0.45 seconds. Elapsed time: 9.03 seconds; current allocated memory: 34.984 MB.
