============================================================
  Generated by:           Genus(TM) Synthesis Solution 23.12-s086_1
  Generated on:           Apr 11 2025  02:00:08 pm
  Module:                 kogge_stone_32bits
  Operating conditions:   tt_025C_1v80 
  Interconnect mode:      global
  Area mode:              physical library
============================================================

             Instance                    Module       Cell-Count  Cell-Area  Net-Area   Total-Area 
---------------------------------------------------------------------------------------------------
kogge_stone_32bits                 NA                        386   2776.413  2382.059     5158.472 
  B10                              bolinha_674                 2     13.763     0.000       13.763 
    GENERATE                       generate_ij_864             1      7.507     0.000        7.507 
    PROPAGATE                      propagate_ij_1023           1      6.256     0.000        6.256 
  B11                              bolinha_673                 2     13.763     0.000       13.763 
    GENERATE                       generate_ij_863             1      7.507     0.000        7.507 
    PROPAGATE                      propagate_ij_1022           1      6.256     0.000        6.256 
  B12                              bolinha_672                 2     13.763     0.000       13.763 
    GENERATE                       generate_ij_862             1      7.507     0.000        7.507 
    PROPAGATE                      propagate_ij_1021           1      6.256     0.000        6.256 
  B13                              bolinha_671                 2     13.763     0.000       13.763 
    GENERATE                       generate_ij_861             1      7.507     0.000        7.507 
    PROPAGATE                      propagate_ij_1020           1      6.256     0.000        6.256 
  B14                              bolinha_670                 2     13.763     0.000       13.763 
    GENERATE                       generate_ij_860             1      7.507     0.000        7.507 
    PROPAGATE                      propagate_ij_1019           1      6.256     0.000        6.256 
  B16                              bolinha_652                 2     13.763     0.000       13.763 
    GENERATE                       generate_ij_842             1      7.507     0.000        7.507 
    PROPAGATE                      propagate_ij_1001           1      6.256     0.000        6.256 
  B2                               bolinha_734                 2     13.763     0.000       13.763 
    GENERATE                       generate_ij_924             1      7.507     0.000        7.507 
    PROPAGATE                      propagate_ij_1083           1      6.256     0.000        6.256 
  B4                               bolinha_704                 2     13.763     0.000       13.763 
    GENERATE                       generate_ij_894             1      7.507     0.000        7.507 
    PROPAGATE                      propagate_ij_1053           1      6.256     0.000        6.256 
  B5                               bolinha_703                 2     13.763     0.000       13.763 
    GENERATE                       generate_ij_893             1      7.507     0.000        7.507 
    PROPAGATE                      propagate_ij_1052           1      6.256     0.000        6.256 
  B6                               bolinha_702                 2     13.763     0.000       13.763 
    GENERATE                       generate_ij_892             1      7.507     0.000        7.507 
    PROPAGATE                      propagate_ij_1051           1      6.256     0.000        6.256 
  B8                               bolinha_676                 2     13.763     0.000       13.763 
    GENERATE                       generate_ij_866             1      7.507     0.000        7.507 
    PROPAGATE                      propagate_ij_1025           1      6.256     0.000        6.256 
  B9                               bolinha_675                 2     13.763     0.000       13.763 
    GENERATE                       generate_ij_865             1      7.507     0.000        7.507 
    PROPAGATE                      propagate_ij_1024           1      6.256     0.000        6.256 
  C0                               carry                       1      7.507     0.000        7.507 
  C1                               carry_795                   1      7.507     0.000        7.507 
  C10                              carry_786                   1      7.507     0.000        7.507 
  C11                              carry_785                   1      7.507     0.000        7.507 
  C12                              carry_784                   1      7.507     0.000        7.507 
  C13                              carry_783                   1      7.507     0.000        7.507 
  C14                              carry_782                   1      7.507     0.000        7.507 
  C15                              carry_781                   1      7.507     0.000        7.507 
  C16                              carry_780                   1      7.507     0.000        7.507 
  C17                              carry_779                   1      7.507     0.000        7.507 
  C18                              carry_778                   1      7.507     0.000        7.507 
  C19                              carry_777                   1      7.507     0.000        7.507 
  C2                               carry_794                   1      7.507     0.000        7.507 
  C20                              carry_776                   1      7.507     0.000        7.507 
  C21                              carry_775                   1      7.507     0.000        7.507 
  C22                              carry_774                   1      7.507     0.000        7.507 
  C23                              carry_773                   1      7.507     0.000        7.507 
  C24                              carry_772                   1      7.507     0.000        7.507 
  C25                              carry_771                   1      7.507     0.000        7.507 
  C26                              carry_770                   1      7.507     0.000        7.507 
  C27                              carry_769                   1      7.507     0.000        7.507 
  C28                              carry_768                   1      7.507     0.000        7.507 
  C29                              carry_767                   1      7.507     0.000        7.507 
  C3                               carry_793                   1      7.507     0.000        7.507 
  C30                              carry_766                   1      7.507     0.000        7.507 
  C31                              carry_765                   1      7.507     0.000        7.507 
  C4                               carry_792                   1      7.507     0.000        7.507 
  C5                               carry_791                   1      7.507     0.000        7.507 
  C6                               carry_790                   1      7.507     0.000        7.507 
  C7                               carry_789                   1      7.507     0.000        7.507 
  C8                               carry_788                   1      7.507     0.000        7.507 
  C9                               carry_787                   1      7.507     0.000        7.507 
  GENERATE_PROPAGATE[0].GENERATE   generate_i                  1      6.256     0.000        6.256 
  GENERATE_PROPAGATE[0].PROPAGATE  propagate_i                 1      8.758     0.000        8.758 
  GENERATE_PROPAGATE[10].GENERATE  generate_i_817              1      6.256     0.000        6.256 
  GENERATE_PROPAGATE[10].PROPAGATE propagate_i_976             1      8.758     0.000        8.758 
  GENERATE_PROPAGATE[11].GENERATE  generate_i_816              1      6.256     0.000        6.256 
  GENERATE_PROPAGATE[11].PROPAGATE propagate_i_975             1      8.758     0.000        8.758 
  GENERATE_PROPAGATE[12].GENERATE  generate_i_815              1      6.256     0.000        6.256 
  GENERATE_PROPAGATE[12].PROPAGATE propagate_i_974             1      8.758     0.000        8.758 
  GENERATE_PROPAGATE[13].GENERATE  generate_i_814              1      6.256     0.000        6.256 
  GENERATE_PROPAGATE[13].PROPAGATE propagate_i_973             1      8.758     0.000        8.758 
  GENERATE_PROPAGATE[14].GENERATE  generate_i_813              1      6.256     0.000        6.256 
  GENERATE_PROPAGATE[14].PROPAGATE propagate_i_972             1      8.758     0.000        8.758 
  GENERATE_PROPAGATE[15].GENERATE  generate_i_812              1      6.256     0.000        6.256 
  GENERATE_PROPAGATE[15].PROPAGATE propagate_i_971             1      8.758     0.000        8.758 
  GENERATE_PROPAGATE[16].GENERATE  generate_i_811              1      6.256     0.000        6.256 
  GENERATE_PROPAGATE[16].PROPAGATE propagate_i_970             1      8.758     0.000        8.758 
  GENERATE_PROPAGATE[17].GENERATE  generate_i_810              1      6.256     0.000        6.256 
  GENERATE_PROPAGATE[17].PROPAGATE propagate_i_969             1      8.758     0.000        8.758 
  GENERATE_PROPAGATE[18].GENERATE  generate_i_809              1      6.256     0.000        6.256 
  GENERATE_PROPAGATE[18].PROPAGATE propagate_i_968             1      8.758     0.000        8.758 
  GENERATE_PROPAGATE[19].GENERATE  generate_i_808              1      6.256     0.000        6.256 
  GENERATE_PROPAGATE[19].PROPAGATE propagate_i_967             1      8.758     0.000        8.758 
  GENERATE_PROPAGATE[1].GENERATE   generate_i_826              1      6.256     0.000        6.256 
  GENERATE_PROPAGATE[1].PROPAGATE  propagate_i_985             1      8.758     0.000        8.758 
  GENERATE_PROPAGATE[20].GENERATE  generate_i_807              1      6.256     0.000        6.256 
  GENERATE_PROPAGATE[20].PROPAGATE propagate_i_966             1      8.758     0.000        8.758 
  GENERATE_PROPAGATE[21].GENERATE  generate_i_806              1      6.256     0.000        6.256 
  GENERATE_PROPAGATE[21].PROPAGATE propagate_i_965             1      8.758     0.000        8.758 
  GENERATE_PROPAGATE[22].GENERATE  generate_i_805              1      6.256     0.000        6.256 
  GENERATE_PROPAGATE[22].PROPAGATE propagate_i_964             1      8.758     0.000        8.758 
  GENERATE_PROPAGATE[23].GENERATE  generate_i_804              1      6.256     0.000        6.256 
  GENERATE_PROPAGATE[23].PROPAGATE propagate_i_963             1      8.758     0.000        8.758 
  GENERATE_PROPAGATE[24].GENERATE  generate_i_803              1      6.256     0.000        6.256 
  GENERATE_PROPAGATE[24].PROPAGATE propagate_i_962             1      8.758     0.000        8.758 
  GENERATE_PROPAGATE[25].GENERATE  generate_i_802              1      6.256     0.000        6.256 
  GENERATE_PROPAGATE[25].PROPAGATE propagate_i_961             1      8.758     0.000        8.758 
  GENERATE_PROPAGATE[26].GENERATE  generate_i_801              1      6.256     0.000        6.256 
  GENERATE_PROPAGATE[26].PROPAGATE propagate_i_960             1      8.758     0.000        8.758 
  GENERATE_PROPAGATE[27].GENERATE  generate_i_800              1      6.256     0.000        6.256 
  GENERATE_PROPAGATE[27].PROPAGATE propagate_i_959             1      8.758     0.000        8.758 
  GENERATE_PROPAGATE[28].GENERATE  generate_i_799              1      6.256     0.000        6.256 
  GENERATE_PROPAGATE[28].PROPAGATE propagate_i_958             1      8.758     0.000        8.758 
  GENERATE_PROPAGATE[29].GENERATE  generate_i_798              1      6.256     0.000        6.256 
  GENERATE_PROPAGATE[29].PROPAGATE propagate_i_957             1      8.758     0.000        8.758 
  GENERATE_PROPAGATE[2].GENERATE   generate_i_825              1      6.256     0.000        6.256 
  GENERATE_PROPAGATE[2].PROPAGATE  propagate_i_984             1      8.758     0.000        8.758 
  GENERATE_PROPAGATE[30].GENERATE  generate_i_797              1      6.256     0.000        6.256 
  GENERATE_PROPAGATE[30].PROPAGATE propagate_i_956             1      8.758     0.000        8.758 
  GENERATE_PROPAGATE[31].GENERATE  generate_i_796              1      6.256     0.000        6.256 
  GENERATE_PROPAGATE[31].PROPAGATE propagate_i_955             1      8.758     0.000        8.758 
  GENERATE_PROPAGATE[3].GENERATE   generate_i_824              1      6.256     0.000        6.256 
  GENERATE_PROPAGATE[3].PROPAGATE  propagate_i_983             1      8.758     0.000        8.758 
  GENERATE_PROPAGATE[4].GENERATE   generate_i_823              1      6.256     0.000        6.256 
  GENERATE_PROPAGATE[4].PROPAGATE  propagate_i_982             1      8.758     0.000        8.758 
  GENERATE_PROPAGATE[5].GENERATE   generate_i_822              1      6.256     0.000        6.256 
  GENERATE_PROPAGATE[5].PROPAGATE  propagate_i_981             1      8.758     0.000        8.758 
  GENERATE_PROPAGATE[6].GENERATE   generate_i_821              1      6.256     0.000        6.256 
  GENERATE_PROPAGATE[6].PROPAGATE  propagate_i_980             1      8.758     0.000        8.758 
  GENERATE_PROPAGATE[7].GENERATE   generate_i_820              1      6.256     0.000        6.256 
  GENERATE_PROPAGATE[7].PROPAGATE  propagate_i_979             1      8.758     0.000        8.758 
  GENERATE_PROPAGATE[8].GENERATE   generate_i_819              1      6.256     0.000        6.256 
  GENERATE_PROPAGATE[8].PROPAGATE  propagate_i_978             1      8.758     0.000        8.758 
  GENERATE_PROPAGATE[9].GENERATE   generate_i_818              1      6.256     0.000        6.256 
  GENERATE_PROPAGATE[9].PROPAGATE  propagate_i_977             1      8.758     0.000        8.758 
  LEVEL_1[10].B1                   bolinha_756                 2     13.763     0.000       13.763 
    GENERATE                       generate_ij_946             1      7.507     0.000        7.507 
    PROPAGATE                      propagate_ij_1105           1      6.256     0.000        6.256 
  LEVEL_1[11].B1                   bolinha_755                 2     13.763     0.000       13.763 
    GENERATE                       generate_ij_945             1      7.507     0.000        7.507 
    PROPAGATE                      propagate_ij_1104           1      6.256     0.000        6.256 
  LEVEL_1[12].B1                   bolinha_754                 2     13.763     0.000       13.763 
    GENERATE                       generate_ij_944             1      7.507     0.000        7.507 
    PROPAGATE                      propagate_ij_1103           1      6.256     0.000        6.256 
  LEVEL_1[13].B1                   bolinha_753                 2     13.763     0.000       13.763 
    GENERATE                       generate_ij_943             1      7.507     0.000        7.507 
    PROPAGATE                      propagate_ij_1102           1      6.256     0.000        6.256 
  LEVEL_1[14].B1                   bolinha_752                 2     13.763     0.000       13.763 
    GENERATE                       generate_ij_942             1      7.507     0.000        7.507 
    PROPAGATE                      propagate_ij_1101           1      6.256     0.000        6.256 
  LEVEL_1[15].B1                   bolinha_751                 2     13.763     0.000       13.763 
    GENERATE                       generate_ij_941             1      7.507     0.000        7.507 
    PROPAGATE                      propagate_ij_1100           1      6.256     0.000        6.256 
  LEVEL_1[16].B1                   bolinha_750                 2     13.763     0.000       13.763 
    GENERATE                       generate_ij_940             1      7.507     0.000        7.507 
    PROPAGATE                      propagate_ij_1099           1      6.256     0.000        6.256 
  LEVEL_1[17].B1                   bolinha_749                 2     13.763     0.000       13.763 
    GENERATE                       generate_ij_939             1      7.507     0.000        7.507 
    PROPAGATE                      propagate_ij_1098           1      6.256     0.000        6.256 
  LEVEL_1[18].B1                   bolinha_748                 2     13.763     0.000       13.763 
    GENERATE                       generate_ij_938             1      7.507     0.000        7.507 
    PROPAGATE                      propagate_ij_1097           1      6.256     0.000        6.256 
  LEVEL_1[19].B1                   bolinha_747                 2     13.763     0.000       13.763 
    GENERATE                       generate_ij_937             1      7.507     0.000        7.507 
    PROPAGATE                      propagate_ij_1096           1      6.256     0.000        6.256 
  LEVEL_1[1].B1                    bolinha                     2     13.763     0.000       13.763 
    GENERATE                       generate_ij                 1      7.507     0.000        7.507 
    PROPAGATE                      propagate_ij                1      6.256     0.000        6.256 
  LEVEL_1[20].B1                   bolinha_746                 2     13.763     0.000       13.763 
    GENERATE                       generate_ij_936             1      7.507     0.000        7.507 
    PROPAGATE                      propagate_ij_1095           1      6.256     0.000        6.256 
  LEVEL_1[21].B1                   bolinha_745                 2     13.763     0.000       13.763 
    GENERATE                       generate_ij_935             1      7.507     0.000        7.507 
    PROPAGATE                      propagate_ij_1094           1      6.256     0.000        6.256 
  LEVEL_1[22].B1                   bolinha_744                 2     13.763     0.000       13.763 
    GENERATE                       generate_ij_934             1      7.507     0.000        7.507 
    PROPAGATE                      propagate_ij_1093           1      6.256     0.000        6.256 
  LEVEL_1[23].B1                   bolinha_743                 2     13.763     0.000       13.763 
    GENERATE                       generate_ij_933             1      7.507     0.000        7.507 
    PROPAGATE                      propagate_ij_1092           1      6.256     0.000        6.256 
  LEVEL_1[24].B1                   bolinha_742                 2     13.763     0.000       13.763 
    GENERATE                       generate_ij_932             1      7.507     0.000        7.507 
    PROPAGATE                      propagate_ij_1091           1      6.256     0.000        6.256 
  LEVEL_1[25].B1                   bolinha_741                 2     13.763     0.000       13.763 
    GENERATE                       generate_ij_931             1      7.507     0.000        7.507 
    PROPAGATE                      propagate_ij_1090           1      6.256     0.000        6.256 
  LEVEL_1[26].B1                   bolinha_740                 2     13.763     0.000       13.763 
    GENERATE                       generate_ij_930             1      7.507     0.000        7.507 
    PROPAGATE                      propagate_ij_1089           1      6.256     0.000        6.256 
  LEVEL_1[27].B1                   bolinha_739                 2     13.763     0.000       13.763 
    GENERATE                       generate_ij_929             1      7.507     0.000        7.507 
    PROPAGATE                      propagate_ij_1088           1      6.256     0.000        6.256 
  LEVEL_1[28].B1                   bolinha_738                 2     13.763     0.000       13.763 
    GENERATE                       generate_ij_928             1      7.507     0.000        7.507 
    PROPAGATE                      propagate_ij_1087           1      6.256     0.000        6.256 
  LEVEL_1[29].B1                   bolinha_737                 2     13.763     0.000       13.763 
    GENERATE                       generate_ij_927             1      7.507     0.000        7.507 
    PROPAGATE                      propagate_ij_1086           1      6.256     0.000        6.256 
  LEVEL_1[2].B1                    bolinha_764                 2     13.763     0.000       13.763 
    GENERATE                       generate_ij_954             1      7.507     0.000        7.507 
    PROPAGATE                      propagate_ij_1113           1      6.256     0.000        6.256 
  LEVEL_1[30].B1                   bolinha_736                 2     13.763     0.000       13.763 
    GENERATE                       generate_ij_926             1      7.507     0.000        7.507 
    PROPAGATE                      propagate_ij_1085           1      6.256     0.000        6.256 
  LEVEL_1[31].B1                   bolinha_735                 2     13.763     0.000       13.763 
    GENERATE                       generate_ij_925             1      7.507     0.000        7.507 
    PROPAGATE                      propagate_ij_1084           1      6.256     0.000        6.256 
  LEVEL_1[3].B1                    bolinha_763                 2     13.763     0.000       13.763 
    GENERATE                       generate_ij_953             1      7.507     0.000        7.507 
    PROPAGATE                      propagate_ij_1112           1      6.256     0.000        6.256 
  LEVEL_1[4].B1                    bolinha_762                 2     13.763     0.000       13.763 
    GENERATE                       generate_ij_952             1      7.507     0.000        7.507 
    PROPAGATE                      propagate_ij_1111           1      6.256     0.000        6.256 
  LEVEL_1[5].B1                    bolinha_761                 2     13.763     0.000       13.763 
    GENERATE                       generate_ij_951             1      7.507     0.000        7.507 
    PROPAGATE                      propagate_ij_1110           1      6.256     0.000        6.256 
  LEVEL_1[6].B1                    bolinha_760                 2     13.763     0.000       13.763 
    GENERATE                       generate_ij_950             1      7.507     0.000        7.507 
    PROPAGATE                      propagate_ij_1109           1      6.256     0.000        6.256 
  LEVEL_1[7].B1                    bolinha_759                 2     13.763     0.000       13.763 
    GENERATE                       generate_ij_949             1      7.507     0.000        7.507 
    PROPAGATE                      propagate_ij_1108           1      6.256     0.000        6.256 
  LEVEL_1[8].B1                    bolinha_758                 2     13.763     0.000       13.763 
    GENERATE                       generate_ij_948             1      7.507     0.000        7.507 
    PROPAGATE                      propagate_ij_1107           1      6.256     0.000        6.256 
  LEVEL_1[9].B1                    bolinha_757                 2     13.763     0.000       13.763 
    GENERATE                       generate_ij_947             1      7.507     0.000        7.507 
    PROPAGATE                      propagate_ij_1106           1      6.256     0.000        6.256 
  LEVEL_2[10].B3                   bolinha_726                 2     13.763     0.000       13.763 
    GENERATE                       generate_ij_916             1      7.507     0.000        7.507 
    PROPAGATE                      propagate_ij_1075           1      6.256     0.000        6.256 
  LEVEL_2[11].B3                   bolinha_725                 2     13.763     0.000       13.763 
    GENERATE                       generate_ij_915             1      7.507     0.000        7.507 
    PROPAGATE                      propagate_ij_1074           1      6.256     0.000        6.256 
  LEVEL_2[12].B3                   bolinha_724                 2     13.763     0.000       13.763 
    GENERATE                       generate_ij_914             1      7.507     0.000        7.507 
    PROPAGATE                      propagate_ij_1073           1      6.256     0.000        6.256 
  LEVEL_2[13].B3                   bolinha_723                 2     13.763     0.000       13.763 
    GENERATE                       generate_ij_913             1      7.507     0.000        7.507 
    PROPAGATE                      propagate_ij_1072           1      6.256     0.000        6.256 
  LEVEL_2[14].B3                   bolinha_722                 2     13.763     0.000       13.763 
    GENERATE                       generate_ij_912             1      7.507     0.000        7.507 
    PROPAGATE                      propagate_ij_1071           1      6.256     0.000        6.256 
  LEVEL_2[15].B3                   bolinha_721                 2     13.763     0.000       13.763 
    GENERATE                       generate_ij_911             1      7.507     0.000        7.507 
    PROPAGATE                      propagate_ij_1070           1      6.256     0.000        6.256 
  LEVEL_2[16].B3                   bolinha_720                 2     13.763     0.000       13.763 
    GENERATE                       generate_ij_910             1      7.507     0.000        7.507 
    PROPAGATE                      propagate_ij_1069           1      6.256     0.000        6.256 
  LEVEL_2[17].B3                   bolinha_719                 2     13.763     0.000       13.763 
    GENERATE                       generate_ij_909             1      7.507     0.000        7.507 
    PROPAGATE                      propagate_ij_1068           1      6.256     0.000        6.256 
  LEVEL_2[18].B3                   bolinha_718                 2     13.763     0.000       13.763 
    GENERATE                       generate_ij_908             1      7.507     0.000        7.507 
    PROPAGATE                      propagate_ij_1067           1      6.256     0.000        6.256 
  LEVEL_2[19].B3                   bolinha_717                 2     13.763     0.000       13.763 
    GENERATE                       generate_ij_907             1      7.507     0.000        7.507 
    PROPAGATE                      propagate_ij_1066           1      6.256     0.000        6.256 
  LEVEL_2[20].B3                   bolinha_716                 2     13.763     0.000       13.763 
    GENERATE                       generate_ij_906             1      7.507     0.000        7.507 
    PROPAGATE                      propagate_ij_1065           1      6.256     0.000        6.256 
  LEVEL_2[21].B3                   bolinha_715                 2     13.763     0.000       13.763 
    GENERATE                       generate_ij_905             1      7.507     0.000        7.507 
    PROPAGATE                      propagate_ij_1064           1      6.256     0.000        6.256 
  LEVEL_2[22].B3                   bolinha_714                 2     13.763     0.000       13.763 
    GENERATE                       generate_ij_904             1      7.507     0.000        7.507 
    PROPAGATE                      propagate_ij_1063           1      6.256     0.000        6.256 
  LEVEL_2[23].B3                   bolinha_713                 2     13.763     0.000       13.763 
    GENERATE                       generate_ij_903             1      7.507     0.000        7.507 
    PROPAGATE                      propagate_ij_1062           1      6.256     0.000        6.256 
  LEVEL_2[24].B3                   bolinha_712                 2     13.763     0.000       13.763 
    GENERATE                       generate_ij_902             1      7.507     0.000        7.507 
    PROPAGATE                      propagate_ij_1061           1      6.256     0.000        6.256 
  LEVEL_2[25].B3                   bolinha_711                 2     13.763     0.000       13.763 
    GENERATE                       generate_ij_901             1      7.507     0.000        7.507 
    PROPAGATE                      propagate_ij_1060           1      6.256     0.000        6.256 
  LEVEL_2[26].B3                   bolinha_710                 2     13.763     0.000       13.763 
    GENERATE                       generate_ij_900             1      7.507     0.000        7.507 
    PROPAGATE                      propagate_ij_1059           1      6.256     0.000        6.256 
  LEVEL_2[27].B3                   bolinha_709                 2     13.763     0.000       13.763 
    GENERATE                       generate_ij_899             1      7.507     0.000        7.507 
    PROPAGATE                      propagate_ij_1058           1      6.256     0.000        6.256 
  LEVEL_2[28].B3                   bolinha_708                 2     13.763     0.000       13.763 
    GENERATE                       generate_ij_898             1      7.507     0.000        7.507 
    PROPAGATE                      propagate_ij_1057           1      6.256     0.000        6.256 
  LEVEL_2[29].B3                   bolinha_707                 2     13.763     0.000       13.763 
    GENERATE                       generate_ij_897             1      7.507     0.000        7.507 
    PROPAGATE                      propagate_ij_1056           1      6.256     0.000        6.256 
  LEVEL_2[30].B3                   bolinha_706                 2     13.763     0.000       13.763 
    GENERATE                       generate_ij_896             1      7.507     0.000        7.507 
    PROPAGATE                      propagate_ij_1055           1      6.256     0.000        6.256 
  LEVEL_2[31].B3                   bolinha_705                 2     13.763     0.000       13.763 
    GENERATE                       generate_ij_895             1      7.507     0.000        7.507 
    PROPAGATE                      propagate_ij_1054           1      6.256     0.000        6.256 
  LEVEL_2[3].B3                    bolinha_733                 2     13.763     0.000       13.763 
    GENERATE                       generate_ij_923             1      7.507     0.000        7.507 
    PROPAGATE                      propagate_ij_1082           1      6.256     0.000        6.256 
  LEVEL_2[4].B3                    bolinha_732                 2     13.763     0.000       13.763 
    GENERATE                       generate_ij_922             1      7.507     0.000        7.507 
    PROPAGATE                      propagate_ij_1081           1      6.256     0.000        6.256 
  LEVEL_2[5].B3                    bolinha_731                 2     13.763     0.000       13.763 
    GENERATE                       generate_ij_921             1      7.507     0.000        7.507 
    PROPAGATE                      propagate_ij_1080           1      6.256     0.000        6.256 
  LEVEL_2[6].B3                    bolinha_730                 2     13.763     0.000       13.763 
    GENERATE                       generate_ij_920             1      7.507     0.000        7.507 
    PROPAGATE                      propagate_ij_1079           1      6.256     0.000        6.256 
  LEVEL_2[7].B3                    bolinha_729                 2     13.763     0.000       13.763 
    GENERATE                       generate_ij_919             1      7.507     0.000        7.507 
    PROPAGATE                      propagate_ij_1078           1      6.256     0.000        6.256 
  LEVEL_2[8].B3                    bolinha_728                 2     13.763     0.000       13.763 
    GENERATE                       generate_ij_918             1      7.507     0.000        7.507 
    PROPAGATE                      propagate_ij_1077           1      6.256     0.000        6.256 
  LEVEL_2[9].B3                    bolinha_727                 2     13.763     0.000       13.763 
    GENERATE                       generate_ij_917             1      7.507     0.000        7.507 
    PROPAGATE                      propagate_ij_1076           1      6.256     0.000        6.256 
  LEVEL_3[10].B7                   bolinha_698                 2     13.763     0.000       13.763 
    GENERATE                       generate_ij_888             1      7.507     0.000        7.507 
    PROPAGATE                      propagate_ij_1047           1      6.256     0.000        6.256 
  LEVEL_3[11].B7                   bolinha_697                 2     13.763     0.000       13.763 
    GENERATE                       generate_ij_887             1      7.507     0.000        7.507 
    PROPAGATE                      propagate_ij_1046           1      6.256     0.000        6.256 
  LEVEL_3[12].B7                   bolinha_696                 2     13.763     0.000       13.763 
    GENERATE                       generate_ij_886             1      7.507     0.000        7.507 
    PROPAGATE                      propagate_ij_1045           1      6.256     0.000        6.256 
  LEVEL_3[13].B7                   bolinha_695                 2     13.763     0.000       13.763 
    GENERATE                       generate_ij_885             1      7.507     0.000        7.507 
    PROPAGATE                      propagate_ij_1044           1      6.256     0.000        6.256 
  LEVEL_3[14].B7                   bolinha_694                 2     13.763     0.000       13.763 
    GENERATE                       generate_ij_884             1      7.507     0.000        7.507 
    PROPAGATE                      propagate_ij_1043           1      6.256     0.000        6.256 
  LEVEL_3[15].B7                   bolinha_693                 2     13.763     0.000       13.763 
    GENERATE                       generate_ij_883             1      7.507     0.000        7.507 
    PROPAGATE                      propagate_ij_1042           1      6.256     0.000        6.256 
  LEVEL_3[16].B7                   bolinha_692                 2     13.763     0.000       13.763 
    GENERATE                       generate_ij_882             1      7.507     0.000        7.507 
    PROPAGATE                      propagate_ij_1041           1      6.256     0.000        6.256 
  LEVEL_3[17].B7                   bolinha_691                 2     13.763     0.000       13.763 
    GENERATE                       generate_ij_881             1      7.507     0.000        7.507 
    PROPAGATE                      propagate_ij_1040           1      6.256     0.000        6.256 
  LEVEL_3[18].B7                   bolinha_690                 2     13.763     0.000       13.763 
    GENERATE                       generate_ij_880             1      7.507     0.000        7.507 
    PROPAGATE                      propagate_ij_1039           1      6.256     0.000        6.256 
  LEVEL_3[19].B7                   bolinha_689                 2     13.763     0.000       13.763 
    GENERATE                       generate_ij_879             1      7.507     0.000        7.507 
    PROPAGATE                      propagate_ij_1038           1      6.256     0.000        6.256 
  LEVEL_3[20].B7                   bolinha_688                 2     13.763     0.000       13.763 
    GENERATE                       generate_ij_878             1      7.507     0.000        7.507 
    PROPAGATE                      propagate_ij_1037           1      6.256     0.000        6.256 
  LEVEL_3[21].B7                   bolinha_687                 2     13.763     0.000       13.763 
    GENERATE                       generate_ij_877             1      7.507     0.000        7.507 
    PROPAGATE                      propagate_ij_1036           1      6.256     0.000        6.256 
  LEVEL_3[22].B7                   bolinha_686                 2     13.763     0.000       13.763 
    GENERATE                       generate_ij_876             1      7.507     0.000        7.507 
    PROPAGATE                      propagate_ij_1035           1      6.256     0.000        6.256 
  LEVEL_3[23].B7                   bolinha_685                 2     13.763     0.000       13.763 
    GENERATE                       generate_ij_875             1      7.507     0.000        7.507 
    PROPAGATE                      propagate_ij_1034           1      6.256     0.000        6.256 
  LEVEL_3[24].B7                   bolinha_684                 2     13.763     0.000       13.763 
    GENERATE                       generate_ij_874             1      7.507     0.000        7.507 
    PROPAGATE                      propagate_ij_1033           1      6.256     0.000        6.256 
  LEVEL_3[25].B7                   bolinha_683                 2     13.763     0.000       13.763 
    GENERATE                       generate_ij_873             1      7.507     0.000        7.507 
    PROPAGATE                      propagate_ij_1032           1      6.256     0.000        6.256 
  LEVEL_3[26].B7                   bolinha_682                 2     13.763     0.000       13.763 
    GENERATE                       generate_ij_872             1      7.507     0.000        7.507 
    PROPAGATE                      propagate_ij_1031           1      6.256     0.000        6.256 
  LEVEL_3[27].B7                   bolinha_681                 2     13.763     0.000       13.763 
    GENERATE                       generate_ij_871             1      7.507     0.000        7.507 
    PROPAGATE                      propagate_ij_1030           1      6.256     0.000        6.256 
  LEVEL_3[28].B7                   bolinha_680                 2     13.763     0.000       13.763 
    GENERATE                       generate_ij_870             1      7.507     0.000        7.507 
    PROPAGATE                      propagate_ij_1029           1      6.256     0.000        6.256 
  LEVEL_3[29].B7                   bolinha_679                 2     13.763     0.000       13.763 
    GENERATE                       generate_ij_869             1      7.507     0.000        7.507 
    PROPAGATE                      propagate_ij_1028           1      6.256     0.000        6.256 
  LEVEL_3[30].B7                   bolinha_678                 2     13.763     0.000       13.763 
    GENERATE                       generate_ij_868             1      7.507     0.000        7.507 
    PROPAGATE                      propagate_ij_1027           1      6.256     0.000        6.256 
  LEVEL_3[31].B7                   bolinha_677                 2     13.763     0.000       13.763 
    GENERATE                       generate_ij_867             1      7.507     0.000        7.507 
    PROPAGATE                      propagate_ij_1026           1      6.256     0.000        6.256 
  LEVEL_3[7].B7                    bolinha_701                 2     13.763     0.000       13.763 
    GENERATE                       generate_ij_891             1      7.507     0.000        7.507 
    PROPAGATE                      propagate_ij_1050           1      6.256     0.000        6.256 
  LEVEL_3[8].B7                    bolinha_700                 2     13.763     0.000       13.763 
    GENERATE                       generate_ij_890             1      7.507     0.000        7.507 
    PROPAGATE                      propagate_ij_1049           1      6.256     0.000        6.256 
  LEVEL_3[9].B7                    bolinha_699                 2     13.763     0.000       13.763 
    GENERATE                       generate_ij_889             1      7.507     0.000        7.507 
    PROPAGATE                      propagate_ij_1048           1      6.256     0.000        6.256 
  LEVEL_4[15].B15                  bolinha_669                 2     13.763     0.000       13.763 
    GENERATE                       generate_ij_859             1      7.507     0.000        7.507 
    PROPAGATE                      propagate_ij_1018           1      6.256     0.000        6.256 
  LEVEL_4[16].B15                  bolinha_668                 2     13.763     0.000       13.763 
    GENERATE                       generate_ij_858             1      7.507     0.000        7.507 
    PROPAGATE                      propagate_ij_1017           1      6.256     0.000        6.256 
  LEVEL_4[17].B15                  bolinha_667                 2     13.763     0.000       13.763 
    GENERATE                       generate_ij_857             1      7.507     0.000        7.507 
    PROPAGATE                      propagate_ij_1016           1      6.256     0.000        6.256 
  LEVEL_4[18].B15                  bolinha_666                 2     13.763     0.000       13.763 
    GENERATE                       generate_ij_856             1      7.507     0.000        7.507 
    PROPAGATE                      propagate_ij_1015           1      6.256     0.000        6.256 
  LEVEL_4[19].B15                  bolinha_665                 2     13.763     0.000       13.763 
    GENERATE                       generate_ij_855             1      7.507     0.000        7.507 
    PROPAGATE                      propagate_ij_1014           1      6.256     0.000        6.256 
  LEVEL_4[20].B15                  bolinha_664                 2     13.763     0.000       13.763 
    GENERATE                       generate_ij_854             1      7.507     0.000        7.507 
    PROPAGATE                      propagate_ij_1013           1      6.256     0.000        6.256 
  LEVEL_4[21].B15                  bolinha_663                 2     13.763     0.000       13.763 
    GENERATE                       generate_ij_853             1      7.507     0.000        7.507 
    PROPAGATE                      propagate_ij_1012           1      6.256     0.000        6.256 
  LEVEL_4[22].B15                  bolinha_662                 2     13.763     0.000       13.763 
    GENERATE                       generate_ij_852             1      7.507     0.000        7.507 
    PROPAGATE                      propagate_ij_1011           1      6.256     0.000        6.256 
  LEVEL_4[23].B15                  bolinha_661                 2     13.763     0.000       13.763 
    GENERATE                       generate_ij_851             1      7.507     0.000        7.507 
    PROPAGATE                      propagate_ij_1010           1      6.256     0.000        6.256 
  LEVEL_4[24].B15                  bolinha_660                 2     13.763     0.000       13.763 
    GENERATE                       generate_ij_850             1      7.507     0.000        7.507 
    PROPAGATE                      propagate_ij_1009           1      6.256     0.000        6.256 
  LEVEL_4[25].B15                  bolinha_659                 2     13.763     0.000       13.763 
    GENERATE                       generate_ij_849             1      7.507     0.000        7.507 
    PROPAGATE                      propagate_ij_1008           1      6.256     0.000        6.256 
  LEVEL_4[26].B15                  bolinha_658                 2     13.763     0.000       13.763 
    GENERATE                       generate_ij_848             1      7.507     0.000        7.507 
    PROPAGATE                      propagate_ij_1007           1      6.256     0.000        6.256 
  LEVEL_4[27].B15                  bolinha_657                 2     13.763     0.000       13.763 
    GENERATE                       generate_ij_847             1      7.507     0.000        7.507 
    PROPAGATE                      propagate_ij_1006           1      6.256     0.000        6.256 
  LEVEL_4[28].B15                  bolinha_656                 2     13.763     0.000       13.763 
    GENERATE                       generate_ij_846             1      7.507     0.000        7.507 
    PROPAGATE                      propagate_ij_1005           1      6.256     0.000        6.256 
  LEVEL_4[29].B15                  bolinha_655                 2     13.763     0.000       13.763 
    GENERATE                       generate_ij_845             1      7.507     0.000        7.507 
    PROPAGATE                      propagate_ij_1004           1      6.256     0.000        6.256 
  LEVEL_4[30].B15                  bolinha_654                 2     13.763     0.000       13.763 
    GENERATE                       generate_ij_844             1      7.507     0.000        7.507 
    PROPAGATE                      propagate_ij_1003           1      6.256     0.000        6.256 
  LEVEL_4[31].B15                  bolinha_653                 2     13.763     0.000       13.763 
    GENERATE                       generate_ij_843             1      7.507     0.000        7.507 
    PROPAGATE                      propagate_ij_1002           1      6.256     0.000        6.256 
  LEVEL_5[17].B17                  bolinha_651                 2     13.763     0.000       13.763 
    GENERATE                       generate_ij_841             1      7.507     0.000        7.507 
    PROPAGATE                      propagate_ij_1000           1      6.256     0.000        6.256 
  LEVEL_5[18].B17                  bolinha_650                 2     13.763     0.000       13.763 
    GENERATE                       generate_ij_840             1      7.507     0.000        7.507 
    PROPAGATE                      propagate_ij_999            1      6.256     0.000        6.256 
  LEVEL_5[19].B17                  bolinha_649                 2     13.763     0.000       13.763 
    GENERATE                       generate_ij_839             1      7.507     0.000        7.507 
    PROPAGATE                      propagate_ij_998            1      6.256     0.000        6.256 
  LEVEL_5[20].B17                  bolinha_648                 2     13.763     0.000       13.763 
    GENERATE                       generate_ij_838             1      7.507     0.000        7.507 
    PROPAGATE                      propagate_ij_997            1      6.256     0.000        6.256 
  LEVEL_5[21].B17                  bolinha_647                 2     13.763     0.000       13.763 
    GENERATE                       generate_ij_837             1      7.507     0.000        7.507 
    PROPAGATE                      propagate_ij_996            1      6.256     0.000        6.256 
  LEVEL_5[22].B17                  bolinha_646                 2     13.763     0.000       13.763 
    GENERATE                       generate_ij_836             1      7.507     0.000        7.507 
    PROPAGATE                      propagate_ij_995            1      6.256     0.000        6.256 
  LEVEL_5[23].B17                  bolinha_645                 2     13.763     0.000       13.763 
    GENERATE                       generate_ij_835             1      7.507     0.000        7.507 
    PROPAGATE                      propagate_ij_994            1      6.256     0.000        6.256 
  LEVEL_5[24].B17                  bolinha_644                 2     13.763     0.000       13.763 
    GENERATE                       generate_ij_834             1      7.507     0.000        7.507 
    PROPAGATE                      propagate_ij_993            1      6.256     0.000        6.256 
  LEVEL_5[25].B17                  bolinha_643                 2     13.763     0.000       13.763 
    GENERATE                       generate_ij_833             1      7.507     0.000        7.507 
    PROPAGATE                      propagate_ij_992            1      6.256     0.000        6.256 
  LEVEL_5[26].B17                  bolinha_642                 2     13.763     0.000       13.763 
    GENERATE                       generate_ij_832             1      7.507     0.000        7.507 
    PROPAGATE                      propagate_ij_991            1      6.256     0.000        6.256 
  LEVEL_5[27].B17                  bolinha_641                 2     13.763     0.000       13.763 
    GENERATE                       generate_ij_831             1      7.507     0.000        7.507 
    PROPAGATE                      propagate_ij_990            1      6.256     0.000        6.256 
  LEVEL_5[28].B17                  bolinha_640                 2     13.763     0.000       13.763 
    GENERATE                       generate_ij_830             1      7.507     0.000        7.507 
    PROPAGATE                      propagate_ij_989            1      6.256     0.000        6.256 
  LEVEL_5[29].B17                  bolinha_639                 2     13.763     0.000       13.763 
    GENERATE                       generate_ij_829             1      7.507     0.000        7.507 
    PROPAGATE                      propagate_ij_988            1      6.256     0.000        6.256 
  LEVEL_5[30].B17                  bolinha_638                 2     13.763     0.000       13.763 
    GENERATE                       generate_ij_828             1      7.507     0.000        7.507 
    PROPAGATE                      propagate_ij_987            1      6.256     0.000        6.256 
  LEVEL_5[31].B17                  bolinha_637                 2     13.763     0.000       13.763 
    GENERATE                       generate_ij_827             1      7.507     0.000        7.507 
    PROPAGATE                      propagate_ij_986            1      6.256     0.000        6.256 
  S0                               soutput                     1      8.758     0.000        8.758 
  S1                               soutput_1144                1      8.758     0.000        8.758 
  S10                              soutput_1135                1      8.758     0.000        8.758 
  S11                              soutput_1134                1      8.758     0.000        8.758 
  S12                              soutput_1133                1      8.758     0.000        8.758 
  S13                              soutput_1132                1      8.758     0.000        8.758 
  S14                              soutput_1131                1      8.758     0.000        8.758 
  S15                              soutput_1130                1      8.758     0.000        8.758 
  S16                              soutput_1129                1      8.758     0.000        8.758 
  S17                              soutput_1128                1      8.758     0.000        8.758 
  S18                              soutput_1127                1      8.758     0.000        8.758 
  S19                              soutput_1126                1      8.758     0.000        8.758 
  S2                               soutput_1143                1      8.758     0.000        8.758 
  S20                              soutput_1125                1      8.758     0.000        8.758 
  S21                              soutput_1124                1      8.758     0.000        8.758 
  S22                              soutput_1123                1      8.758     0.000        8.758 
  S23                              soutput_1122                1      8.758     0.000        8.758 
  S24                              soutput_1121                1      8.758     0.000        8.758 
  S25                              soutput_1120                1      8.758     0.000        8.758 
  S26                              soutput_1119                1      8.758     0.000        8.758 
  S27                              soutput_1118                1      8.758     0.000        8.758 
  S28                              soutput_1117                1      8.758     0.000        8.758 
  S29                              soutput_1116                1      8.758     0.000        8.758 
  S3                               soutput_1142                1      8.758     0.000        8.758 
  S30                              soutput_1115                1      8.758     0.000        8.758 
  S31                              soutput_1114                1      8.758     0.000        8.758 
  S4                               soutput_1141                1      8.758     0.000        8.758 
  S5                               soutput_1140                1      8.758     0.000        8.758 
  S6                               soutput_1139                1      8.758     0.000        8.758 
  S7                               soutput_1138                1      8.758     0.000        8.758 
  S8                               soutput_1137                1      8.758     0.000        8.758 
  S9                               soutput_1136                1      8.758     0.000        8.758 
