============================================================
  Generated by:           Genus(TM) Synthesis Solution 23.12-s086_1
  Generated on:           Apr 14 2025  01:25:11 pm
  Module:                 signal_32bits
  Operating conditions:   tt_025C_1v80 
  Interconnect mode:      global
  Area mode:              physical library
============================================================


Path 1: MET (883 ps) Path Delay Check
     Startpoint: (F) A[0]
       Endpoint: (R) S[31]

                   Capture    Launch  
      Path Delay:+   10100         -  
      Drv Adjust:+       0         0  
         Arrival:=   10100            
                                      
   Required Time:=   10100            
       Data Path:-    9217            
           Slack:=     883            

Exceptions/Constraints:
  max_delay            10100            constraints.sdc_line_1 

#-----------------------------------------------------------------------------------------------------------------------------
#          Timing Point            Flags     Arc     Edge           Cell             Fanout Load Trans Delay Arrival Instance 
#                                                                                           (fF)  (ps)  (ps)   (ps)  Location 
#-----------------------------------------------------------------------------------------------------------------------------
  A[0]                             -       -         F     (arrival)                      1  7.2  1000     0       0    (-,-) 
  addinc_add_7_30_g2476__5107/COUT -       B->COUT   F     sky130_fd_sc_hd__fa_1          1  5.8    96   786     786    (-,-) 
  addinc_add_7_30_g2475__2398/COUT -       CIN->COUT F     sky130_fd_sc_hd__fa_1          1  5.8    96   396    1182    (-,-) 
  addinc_add_7_30_g2474__5477/COUT -       CIN->COUT F     sky130_fd_sc_hd__fa_1          1  5.8    96   396    1579    (-,-) 
  addinc_add_7_30_g2473__6417/COUT -       CIN->COUT F     sky130_fd_sc_hd__fa_1          1  5.8    96   396    1975    (-,-) 
  addinc_add_7_30_g2472__7410/COUT -       CIN->COUT F     sky130_fd_sc_hd__fa_1          1  5.8    96   396    2371    (-,-) 
  addinc_add_7_30_g2471__1666/COUT -       CIN->COUT F     sky130_fd_sc_hd__fa_1          1  5.8    96   396    2768    (-,-) 
  addinc_add_7_30_g2470__2346/COUT -       CIN->COUT F     sky130_fd_sc_hd__fa_1          1  5.8    96   396    3164    (-,-) 
  addinc_add_7_30_g2469__2883/COUT -       CIN->COUT F     sky130_fd_sc_hd__fa_1          2  8.4   110   417    3581    (-,-) 
  addinc_add_7_30_g2468__9945/Y    -       B->Y      R     sky130_fd_sc_hd__nand2b_1      2  6.8    90   121    3702    (-,-) 
  addinc_add_7_30_g2465__4733/Y    -       A2->Y     F     sky130_fd_sc_hd__o221ai_1      1  5.8   139   139    3841    (-,-) 
  addinc_add_7_30_g2463__5115/COUT -       CIN->COUT F     sky130_fd_sc_hd__fa_1          1  5.8    96   412    4254    (-,-) 
  addinc_add_7_30_g2462__1881/COUT -       CIN->COUT F     sky130_fd_sc_hd__fa_1          1  5.8    96   396    4650    (-,-) 
  addinc_add_7_30_g2461__6131/COUT -       CIN->COUT F     sky130_fd_sc_hd__fa_1          1  5.8    96   396    5046    (-,-) 
  addinc_add_7_30_g2460__7098/COUT -       CIN->COUT F     sky130_fd_sc_hd__fa_1          1  5.8    96   396    5442    (-,-) 
  addinc_add_7_30_g2459__8246/COUT -       CIN->COUT F     sky130_fd_sc_hd__fa_1          1  5.8    96   396    5839    (-,-) 
  addinc_add_7_30_g2458__5122/COUT -       CIN->COUT F     sky130_fd_sc_hd__fa_1          2  8.4   110   417    6256    (-,-) 
  addinc_add_7_30_g2457__1705/Y    -       B->Y      R     sky130_fd_sc_hd__nand2b_1      2  6.8    90   121    6377    (-,-) 
  addinc_add_7_30_g2455__1617/Y    -       B->Y      F     sky130_fd_sc_hd__nor2_1        2  6.3    92    63    6440    (-,-) 
  addinc_add_7_30_g2451__8428/X    -       A1->X     F     sky130_fd_sc_hd__a221o_1       3 10.3    91   371    6810    (-,-) 
  addinc_add_7_30_g2446__5477/Y    -       A1->Y     R     sky130_fd_sc_hd__a31oi_1       1  3.9   148   158    6968    (-,-) 
  addinc_add_7_30_g2441__2883/X    -       A2->X     R     sky130_fd_sc_hd__o21a_1        1  3.9    55   133    7101    (-,-) 
  addinc_add_7_30_g2438__6161/Y    -       A2->Y     F     sky130_fd_sc_hd__o21ai_1       2  8.4   107    84    7185    (-,-) 
  addinc_add_7_30_g2436__7482/Y    -       B->Y      R     sky130_fd_sc_hd__nand2b_1      2  5.8    82   113    7298    (-,-) 
  addinc_add_7_30_g2433__6131/X    -       B->X      R     sky130_fd_sc_hd__or2_2         2  5.9    49   120    7418    (-,-) 
  addinc_add_7_30_g2430__5122/Y    -       A2->Y     F     sky130_fd_sc_hd__o221ai_1      1  5.8   136   129    7547    (-,-) 
  addinc_add_7_30_g2428__2802/COUT -       CIN->COUT F     sky130_fd_sc_hd__fa_1          3 10.6   120   446    7993    (-,-) 
  addinc_add_7_30_g2427__1617/X    -       A->X      F     sky130_fd_sc_hd__and2_1        2  5.5    48   178    8171    (-,-) 
  addinc_add_7_30_g2423__8428/Y    -       A1->Y     R     sky130_fd_sc_hd__a21oi_1       1  3.9   128   134    8305    (-,-) 
  addinc_add_7_30_g2420__5107/Y    -       A2->Y     F     sky130_fd_sc_hd__o21ai_1       1  5.8    93    91    8396    (-,-) 
  addinc_add_7_30_g2419__2398/SUM  -       CIN->SUM  R     sky130_fd_sc_hd__fa_1          1 51.3   506   821    9217    (-,-) 
  S[31]                            <<<     -         R     (port)                         -    -     -     0    9217    (-,-) 
#-----------------------------------------------------------------------------------------------------------------------------

