###############################################################
#  Generated by:      Cadence Innovus 23.32-s091_1
#  OS:                Linux x86_64(Host ID cadmicro-inf-el8-623207)
#  Generated on:      Mon Apr 14 16:27:55 2025
#  Design:            carry_select_adder_66668_32bits
#  Command:           report_timing > reports/report_timing.rpt
###############################################################
Path 1: VIOLATED Path Delay Check
Endpoint:   S[31] (^)
Beginpoint: Cin   (v) triggered by  leading edge of '@'
Path Groups: {default}
Analysis View: default_emulate_view
- External Delay                0.000
+ Path Delay                    1.390
= Required Time                 1.390
- Arrival Time                  1.435
= Slack Time                   -0.045
     Clock Rise Edge                      0.000
     + Input Delay                        0.000
     = Beginpoint Arrival Time            0.000
     +-----------------------------------------------------------------------------------+ 
     |  Instance   |    Arc     |           Cell            | Delay | Arrival | Required | 
     |             |            |                           |       |  Time   |   Time   | 
     |-------------+------------+---------------------------+-------+---------+----------| 
     |             | Cin v      |                           |       |   0.000 |   -0.045 | 
     | g9106__1881 | B v -> Y ^ | sky130_fd_sc_hd__nand2_2  | 0.317 |   0.317 |    0.272 | 
     | g9091__2398 | A ^ -> Y v | sky130_fd_sc_hd__nand2_2  | 0.086 |   0.403 |    0.358 | 
     | g9052__1881 | A v -> Y ^ | sky130_fd_sc_hd__nand2_2  | 0.083 |   0.486 |    0.442 | 
     | g9041__5477 | A ^ -> Y v | sky130_fd_sc_hd__nand2_4  | 0.066 |   0.553 |    0.508 | 
     | g9015__4733 | A v -> Y ^ | sky130_fd_sc_hd__nand2_4  | 0.063 |   0.616 |    0.571 | 
     | g9000__1617 | A ^ -> Y v | sky130_fd_sc_hd__nand2_4  | 0.069 |   0.685 |    0.641 | 
     | g8992__2346 | A v -> Y ^ | sky130_fd_sc_hd__nand2_2  | 0.077 |   0.762 |    0.718 | 
     | g8973__5526 | A ^ -> Y v | sky130_fd_sc_hd__nand4_4  | 0.142 |   0.904 |    0.860 | 
     | g8963__9945 | A v -> Y ^ | sky130_fd_sc_hd__nand2_4  | 0.132 |   1.037 |    0.992 | 
     | g8950__5115 | A ^ -> Y v | sky130_fd_sc_hd__nand2_8  | 0.092 |   1.129 |    1.084 | 
     | g8945       | A v -> Y ^ | sky130_fd_sc_hd__clkinv_8 | 0.094 |   1.223 |    1.179 | 
     | g8931__7482 | A ^ -> Y v | sky130_fd_sc_hd__nand2_2  | 0.086 |   1.309 |    1.264 | 
     | g8895__6260 | A v -> Y ^ | sky130_fd_sc_hd__nand2_8  | 0.124 |   1.433 |    1.388 | 
     |             | S[31] ^    |                           | 0.002 |   1.435 |    1.390 | 
     +-----------------------------------------------------------------------------------+ 

