==============================================================
Vitis HLS - High-Level Synthesis from C, C++ and OpenCL v2023.2 (64-bit)
Tool Version Limit: 2023.10
Copyright 1986-2022 Xilinx, Inc. All Rights Reserved.
Copyright 2022-2023 Advanced Micro Devices, Inc. All Rights Reserved.

==============================================================
INFO: [SYN 201-201] Setting up clock 'default' with a period of 10ns.
INFO: [HLS 200-1611] Setting target device to 'xc7a200t-fbg484-3'
INFO: [HLS 200-1505] Using flow_target 'vivado'
INFO: [HLS 200-1510] Running: set_part xc7a200tfbg484-3 
INFO: [HLS 200-1510] Running: create_clock -period 10 -name default 
INFO: [SYN 201-201] Setting up clock 'default' with a period of 10ns.
INFO: [HLS 200-1510] Running: csim_design -quiet 
INFO: [SIM 211-2] *************** CSIM start ***************
INFO: [SIM 211-4] CSIM will launch GCC as the compiler.
INFO: [HLS 200-2036] Building debug C Simulation binaries
ERROR: [SIM 211-100] 'csim_design' failed: compilation error(s).
INFO: [SIM 211-3] *************** CSIM finish ***************
INFO: [HLS 200-111] Finished Command csim_design CPU user time: 0.06 seconds. CPU system time: 0.03 seconds. Elapsed time: 0.09 seconds; current allocated memory: 0.000 MB.
==============================================================
Vitis HLS - High-Level Synthesis from C, C++ and OpenCL v2023.2 (64-bit)
Tool Version Limit: 2023.10
Copyright 1986-2022 Xilinx, Inc. All Rights Reserved.
Copyright 2022-2023 Advanced Micro Devices, Inc. All Rights Reserved.

==============================================================
INFO: [SYN 201-201] Setting up clock 'default' with a period of 10ns.
INFO: [HLS 200-1611] Setting target device to 'xc7a200t-fbg484-3'
INFO: [HLS 200-1505] Using flow_target 'vivado'
INFO: [HLS 200-1510] Running: set_part xc7a200tfbg484-3 
INFO: [HLS 200-1510] Running: create_clock -period 10 -name default 
INFO: [HLS 200-1510] Running: csim_design -quiet 
INFO: [SIM 211-2] *************** CSIM start ***************
INFO: [SIM 211-4] CSIM will launch GCC as the compiler.
INFO: [HLS 200-2036] Building debug C Simulation binaries
INFO: [SIM 211-1] CSim done with 0 errors.
INFO: [SIM 211-3] *************** CSIM finish ***************
INFO: [HLS 200-111] Finished Command csim_design CPU user time: 1.03 seconds. CPU system time: 0.12 seconds. Elapsed time: 1.15 seconds; current allocated memory: 0.000 MB.
==============================================================
Vitis HLS - High-Level Synthesis from C, C++ and OpenCL v2023.2 (64-bit)
Tool Version Limit: 2023.10
Copyright 1986-2022 Xilinx, Inc. All Rights Reserved.
Copyright 2022-2023 Advanced Micro Devices, Inc. All Rights Reserved.

==============================================================
INFO: [SYN 201-201] Setting up clock 'default' with a period of 10ns.
INFO: [HLS 200-1611] Setting target device to 'xc7a200t-fbg484-3'
INFO: [HLS 200-1505] Using flow_target 'vivado'
INFO: [HLS 200-1510] Running: set_part xc7a200tfbg484-3 
INFO: [HLS 200-1510] Running: create_clock -period 10 -name default 
INFO: [HLS 200-1510] Running: csynth_design 
INFO: [HLS 200-111] Finished File checks and directory preparation: CPU user time: 0.04 seconds. CPU system time: 0 seconds. Elapsed time: 0.03 seconds; current allocated memory: 267.914 MB.
INFO: [HLS 200-10] Analyzing design file 'mult_vector.cpp' ... 
INFO: [HLS 200-111] Finished Source Code Analysis and Preprocessing: CPU user time: 1.8 seconds. CPU system time: 0.23 seconds. Elapsed time: 2.04 seconds; current allocated memory: 268.762 MB.
INFO: [HLS 200-777] Using interface defaults for 'Vivado' flow target.
INFO: [HLS 200-1995] There were 23 instructions in the design after the 'Compile/Link' phase of compilation. See the Design Size Report for more details: /home/gme/guilherme.manske/hls/mult_vector/mult_vector/solution1/syn/report/csynth_design_size.rpt
INFO: [HLS 200-1995] There were 26 instructions in the design after the 'Unroll/Inline (step 1)' phase of compilation. See the Design Size Report for more details: /home/gme/guilherme.manske/hls/mult_vector/mult_vector/solution1/syn/report/csynth_design_size.rpt
INFO: [HLS 200-1995] There were 19 instructions in the design after the 'Unroll/Inline (step 2)' phase of compilation. See the Design Size Report for more details: /home/gme/guilherme.manske/hls/mult_vector/mult_vector/solution1/syn/report/csynth_design_size.rpt
INFO: [HLS 200-1995] There were 23 instructions in the design after the 'Unroll/Inline (step 3)' phase of compilation. See the Design Size Report for more details: /home/gme/guilherme.manske/hls/mult_vector/mult_vector/solution1/syn/report/csynth_design_size.rpt
INFO: [HLS 200-1995] There were 23 instructions in the design after the 'Unroll/Inline (step 4)' phase of compilation. See the Design Size Report for more details: /home/gme/guilherme.manske/hls/mult_vector/mult_vector/solution1/syn/report/csynth_design_size.rpt
INFO: [HLS 200-1995] There were 25 instructions in the design after the 'Array/Struct (step 1)' phase of compilation. See the Design Size Report for more details: /home/gme/guilherme.manske/hls/mult_vector/mult_vector/solution1/syn/report/csynth_design_size.rpt
INFO: [HLS 200-1995] There were 25 instructions in the design after the 'Array/Struct (step 2)' phase of compilation. See the Design Size Report for more details: /home/gme/guilherme.manske/hls/mult_vector/mult_vector/solution1/syn/report/csynth_design_size.rpt
INFO: [HLS 200-1995] There were 25 instructions in the design after the 'Array/Struct (step 3)' phase of compilation. See the Design Size Report for more details: /home/gme/guilherme.manske/hls/mult_vector/mult_vector/solution1/syn/report/csynth_design_size.rpt
INFO: [HLS 200-1995] There were 25 instructions in the design after the 'Array/Struct (step 4)' phase of compilation. See the Design Size Report for more details: /home/gme/guilherme.manske/hls/mult_vector/mult_vector/solution1/syn/report/csynth_design_size.rpt
INFO: [HLS 200-1995] There were 32 instructions in the design after the 'Array/Struct (step 5)' phase of compilation. See the Design Size Report for more details: /home/gme/guilherme.manske/hls/mult_vector/mult_vector/solution1/syn/report/csynth_design_size.rpt
INFO: [HLS 200-1995] There were 29 instructions in the design after the 'Performance (step 1)' phase of compilation. See the Design Size Report for more details: /home/gme/guilherme.manske/hls/mult_vector/mult_vector/solution1/syn/report/csynth_design_size.rpt
INFO: [HLS 200-1995] There were 29 instructions in the design after the 'Performance (step 2)' phase of compilation. See the Design Size Report for more details: /home/gme/guilherme.manske/hls/mult_vector/mult_vector/solution1/syn/report/csynth_design_size.rpt
INFO: [HLS 200-1995] There were 29 instructions in the design after the 'Performance (step 3)' phase of compilation. See the Design Size Report for more details: /home/gme/guilherme.manske/hls/mult_vector/mult_vector/solution1/syn/report/csynth_design_size.rpt
INFO: [HLS 200-1995] There were 29 instructions in the design after the 'Performance (step 4)' phase of compilation. See the Design Size Report for more details: /home/gme/guilherme.manske/hls/mult_vector/mult_vector/solution1/syn/report/csynth_design_size.rpt
INFO: [HLS 200-1995] There were 38 instructions in the design after the 'HW Transforms (step 1)' phase of compilation. See the Design Size Report for more details: /home/gme/guilherme.manske/hls/mult_vector/mult_vector/solution1/syn/report/csynth_design_size.rpt
INFO: [HLS 200-1995] There were 39 instructions in the design after the 'HW Transforms (step 2)' phase of compilation. See the Design Size Report for more details: /home/gme/guilherme.manske/hls/mult_vector/mult_vector/solution1/syn/report/csynth_design_size.rpt
INFO: [HLS 214-376] automatically set the pipeline for Loop< VITIS_LOOP_23_1> at mult_vector.cpp:23:19 
INFO: [HLS 214-115] Multiple burst reads of variable length and bit width 32 in loop 'VITIS_LOOP_23_1'(mult_vector.cpp:23:19) has been inferred on bundle 'gmem0'. These burst requests might be further partitioned into multiple requests during RTL generation, based on max_read_burst_length or max_write_burst_length settings. (mult_vector.cpp:23:19)
INFO: [HLS 214-115] Multiple burst reads of variable length and bit width 32 in loop 'VITIS_LOOP_23_1'(mult_vector.cpp:23:19) has been inferred on bundle 'gmem1'. These burst requests might be further partitioned into multiple requests during RTL generation, based on max_read_burst_length or max_write_burst_length settings. (mult_vector.cpp:23:19)
INFO: [HLS 214-115] Multiple burst writes of variable length and bit width 32 in loop 'VITIS_LOOP_23_1'(mult_vector.cpp:23:19) has been inferred on bundle 'gmem0'. These burst requests might be further partitioned into multiple requests during RTL generation, based on max_read_burst_length or max_write_burst_length settings. (mult_vector.cpp:23:19)
INFO: [HLS 200-111] Finished Compiling Optimization and Transform: CPU user time: 1.25 seconds. CPU system time: 0.16 seconds. Elapsed time: 6.29 seconds; current allocated memory: 271.379 MB.
INFO: [HLS 200-111] Finished Checking Pragmas: CPU user time: 0 seconds. CPU system time: 0 seconds. Elapsed time: 0 seconds; current allocated memory: 271.379 MB.
INFO: [HLS 200-10] Starting code transformations ...
INFO: [HLS 200-111] Finished Standard Transforms: CPU user time: 0.01 seconds. CPU system time: 0 seconds. Elapsed time: 0 seconds; current allocated memory: 271.922 MB.
INFO: [HLS 200-10] Checking synthesizability ...
INFO: [HLS 200-111] Finished Checking Synthesizability: CPU user time: 0.01 seconds. CPU system time: 0 seconds. Elapsed time: 0.01 seconds; current allocated memory: 272.746 MB.
INFO: [HLS 200-111] Finished Loop, function and other optimizations: CPU user time: 0.01 seconds. CPU system time: 0 seconds. Elapsed time: 0.02 seconds; current allocated memory: 295.285 MB.
INFO: [HLS 200-111] Finished Architecture Synthesis: CPU user time: 0.02 seconds. CPU system time: 0 seconds. Elapsed time: 0.02 seconds; current allocated memory: 295.285 MB.
INFO: [HLS 200-10] Starting hardware synthesis ...
INFO: [HLS 200-10] Synthesizing 'kernel' ...
INFO: [HLS 200-10] ----------------------------------------------------------------
INFO: [HLS 200-42] -- Implementing module 'kernel' 
INFO: [HLS 200-10] ----------------------------------------------------------------
INFO: [SCHED 204-11] Starting scheduling ...
INFO: [SCHED 204-61] Pipelining loop 'VITIS_LOOP_23_1'.
INFO: [HLS 200-1470] Pipelining result : Target II = NA, Final II = 1, Depth = 17, loop 'VITIS_LOOP_23_1'
INFO: [SCHED 204-11] Finished scheduling.
INFO: [HLS 200-111] Finished Scheduling: CPU user time: 0.02 seconds. CPU system time: 0 seconds. Elapsed time: 0.03 seconds; current allocated memory: 295.285 MB.
INFO: [BIND 205-100] Starting micro-architecture generation ...
INFO: [BIND 205-101] Performing variable lifetime analysis.
INFO: [BIND 205-101] Exploring resource sharing.
INFO: [BIND 205-101] Binding ...
INFO: [BIND 205-100] Finished micro-architecture generation.
INFO: [HLS 200-111] Finished Binding: CPU user time: 0.01 seconds. CPU system time: 0 seconds. Elapsed time: 0.01 seconds; current allocated memory: 295.285 MB.
INFO: [HLS 200-10] ----------------------------------------------------------------
INFO: [HLS 200-10] -- Generating RTL for module 'kernel' 
INFO: [HLS 200-10] ----------------------------------------------------------------
WARNING: [RTGEN 206-101] Design contains AXI ports. Reset is fixed to synchronous and active low.
INFO: [RTGEN 206-500] Setting interface mode on port 'kernel/gmem0' to 'm_axi'.
INFO: [RTGEN 206-500] Setting interface mode on port 'kernel/gmem1' to 'm_axi'.
INFO: [RTGEN 206-500] Setting interface mode on port 'kernel/in1' to 's_axilite & ap_none'.
INFO: [RTGEN 206-500] Setting interface mode on port 'kernel/in2' to 's_axilite & ap_none'.
INFO: [RTGEN 206-500] Setting interface mode on port 'kernel/out_r' to 's_axilite & ap_none'.
INFO: [RTGEN 206-500] Setting interface mode on port 'kernel/vSize' to 'ap_none'.
INFO: [RTGEN 206-500] Setting interface mode on function 'kernel' to 'ap_ctrl_hs'.
INFO: [RTGEN 206-100] Bundling port 'in1', 'in2' and 'out_r' to AXI-Lite port control.
INFO: [RTGEN 206-100] Generating core module 'mul_32s_32s_32_1_1': 1 instance(s).
INFO: [RTGEN 206-100] Finished creating RTL model for 'kernel'.
INFO: [HLS 200-111] Finished Creating RTL model: CPU user time: 0.02 seconds. CPU system time: 0.01 seconds. Elapsed time: 0.05 seconds; current allocated memory: 295.285 MB.
INFO: [HLS 200-111] Finished Generating all RTL models: CPU user time: 0.12 seconds. CPU system time: 0 seconds. Elapsed time: 0.11 seconds; current allocated memory: 295.285 MB.
INFO: [HLS 200-1603] Design has inferred MAXI bursts and missed bursts, see Vitis HLS GUI synthesis summary report for detailed information.
INFO: [HLS 200-111] Finished Updating report files: CPU user time: 0.29 seconds. CPU system time: 0.01 seconds. Elapsed time: 0.3 seconds; current allocated memory: 304.543 MB.
INFO: [VHDL 208-304] Generating VHDL RTL for kernel.
INFO: [VLOG 209-307] Generating Verilog RTL for kernel.
INFO: [HLS 200-790] **** Loop Constraint Status: All loop constraints were satisfied.
INFO: [HLS 200-789] **** Estimated Fmax: 136.99 MHz
INFO: [HLS 200-111] Finished Command csynth_design CPU user time: 3.6 seconds. CPU system time: 0.41 seconds. Elapsed time: 8.92 seconds; current allocated memory: 36.629 MB.
==============================================================
Vitis HLS - High-Level Synthesis from C, C++ and OpenCL v2023.2 (64-bit)
Tool Version Limit: 2023.10
Copyright 1986-2022 Xilinx, Inc. All Rights Reserved.
Copyright 2022-2023 Advanced Micro Devices, Inc. All Rights Reserved.

==============================================================
INFO: [SYN 201-201] Setting up clock 'default' with a period of 10ns.
INFO: [HLS 200-1611] Setting target device to 'xc7a200t-fbg484-3'
INFO: [HLS 200-1505] Using flow_target 'vivado'
INFO: [HLS 200-1464] Running solution command: config_cosim -tool=xsim
INFO: [HLS 200-1510] Running: set_part xc7a200tfbg484-3 
INFO: [HLS 200-1510] Running: create_clock -period 10 -name default 
INFO: [SYN 201-201] Setting up clock 'default' with a period of 10ns.
INFO: [HLS 200-1510] Running: config_cosim -tool xsim 
INFO: [HLS 200-1510] Running: cosim_design 
INFO: [COSIM 212-47] Using XSIM for RTL simulation.
INFO: [COSIM 212-14] Instrumenting C test bench ...
INFO: [COSIM 212-302] Starting C TB testing ... 
INFO: [COSIM 212-333] Generating C post check test bench ...
INFO: [COSIM 212-12] Generating RTL test bench ...
INFO: [COSIM 212-1] *** C/RTL co-simulation file generation completed. ***
INFO: [COSIM 212-323] Starting verilog simulation. 
INFO: [COSIM 212-15] Starting XSIM ...
INFO: [COSIM 212-316] Starting C post checking ...
INFO: [COSIM 212-1000] *** C/RTL co-simulation finished: PASS ***
INFO: [COSIM 212-211] II is measurable only when transaction number is greater than 1 in RTL simulation. Otherwise, they will be marked as all NA. If user wants to calculate them, please make sure there are at least 2 transactions in RTL simulation.
INFO: [HLS 200-111] Finished Command cosim_design CPU user time: 13.19 seconds. CPU system time: 0.89 seconds. Elapsed time: 11.76 seconds; current allocated memory: 11.809 MB.
==============================================================
Vitis HLS - High-Level Synthesis from C, C++ and OpenCL v2023.2 (64-bit)
Tool Version Limit: 2023.10
Copyright 1986-2022 Xilinx, Inc. All Rights Reserved.
Copyright 2022-2023 Advanced Micro Devices, Inc. All Rights Reserved.

==============================================================
INFO: [SYN 201-201] Setting up clock 'default' with a period of 10ns.
INFO: [HLS 200-1611] Setting target device to 'xc7a200t-fbg484-3'
INFO: [HLS 200-1505] Using flow_target 'vivado'
INFO: [HLS 200-1464] Running solution command: config_cosim -tool=xsim
INFO: [HLS 200-1464] Running solution command: config_export -format=ip_catalog
INFO: [HLS 200-1464] Running solution command: config_export -rtl=verilog
INFO: [HLS 200-1464] Running solution command: config_export -vivado_clock=10
INFO: [HLS 200-1510] Running: set_part xc7a200tfbg484-3 
INFO: [HLS 200-1510] Running: create_clock -period 10 -name default 
INFO: [SYN 201-201] Setting up clock 'default' with a period of 10ns.
INFO: [HLS 200-1510] Running: config_cosim -tool xsim 
INFO: [HLS 200-1510] Running: config_export -format ip_catalog -rtl verilog -vivado_clock 10 
INFO: [HLS 200-1510] Running: export_design -flow syn -rtl verilog -format ip_catalog 
INFO: [IMPL 213-8] Exporting RTL as a Vivado IP.
INFO: [IMPL 213-8] Starting RTL evaluation using Vivado ...
INFO: [HLS 200-802] Generated output file mult_vector/solution1/impl/export.zip
INFO: [HLS 200-111] Finished Command export_design CPU user time: 77.86 seconds. CPU system time: 2.77 seconds. Elapsed time: 111.79 seconds; current allocated memory: 8.922 MB.
