============================================================
  Generated by:           Genus(TM) Synthesis Solution 23.12-s086_1
  Generated on:           Apr 14 2025  02:48:30 pm
  Module:                 signal_32bits
  Operating conditions:   tt_025C_1v80 
  Interconnect mode:      global
  Area mode:              physical library
============================================================

Timing
-------
  Cost    Critical         Violating 
 Group   Path Slack  TNS     Paths   
-------------------------------------
default         0.9   0.0          0 
-------------------------------------
Total                 0.0          0 

Instance Count
--------------
Leaf Instance Count             211 
Physical Instance count           0 
Sequential Instance Count         0 
Combinational Instance Count    211 
Hierarchical Instance Count       0 

Area
----
Cell Area                          1197.398
Physical Cell Area                 0.000
Total Cell Area (Cell+Physical)    1197.398
Net Area                           1297.106
Total Area (Cell+Physical+Net)     2494.504

Max Fanout                         4 (addinc_add_7_30_n_7)
Min Fanout                         1 (A[1])
Average Fanout                     1.8
Terms to net ratio                 2.4384
Terms to instance ratio            3.1896
Runtime                            13.975271 seconds
Elapsed Runtime                    14 seconds
Genus peak memory usage            2012.83 
Innovus peak memory usage          no_value 
Hostname                           cadmicro-inf-el8-623207
