============================================================
  Generated by:           Genus(TM) Synthesis Solution 23.12-s086_1
  Generated on:           Apr 14 2025  02:48:30 pm
  Module:                 signal_32bits
  Operating conditions:   tt_025C_1v80 
  Interconnect mode:      global
  Area mode:              physical library
============================================================


Path 1: MET (1 ps) Path Delay Check
     Startpoint: (F) A[0]
       Endpoint: (R) S[30]

                   Capture    Launch  
      Path Delay:+    3800         -  
      Drv Adjust:+       0         0  
         Arrival:=    3800            
                                      
   Required Time:=    3800            
       Data Path:-    3799            
           Slack:=       1            

Exceptions/Constraints:
  max_delay             3800            constraints.sdc_line_1 

#------------------------------------------------------------------------------------------------------------------------
#         Timing Point          Flags    Arc   Edge            Cell             Fanout Load Trans Delay Arrival Instance 
#                                                                                      (fF)  (ps)  (ps)   (ps)  Location 
#------------------------------------------------------------------------------------------------------------------------
  A[0]                          -       -      F     (arrival)                       3 11.3  1000     0       0    (-,-) 
  addinc_add_7_30_g1300__2883/Y -       A->Y   R     sky130_fd_sc_hd__nor2_1         1  3.8   232   333     333    (-,-) 
  addinc_add_7_30_g1246__5107/Y -       B2->Y  F     sky130_fd_sc_hd__o2bb2ai_1      2  8.4    97   130     463    (-,-) 
  addinc_add_7_30_g1237__9945/Y -       A->Y   R     sky130_fd_sc_hd__nand2_1        1  3.7    55    82     545    (-,-) 
  addinc_add_7_30_g1235__6161/Y -       A->Y   F     sky130_fd_sc_hd__nand2_1        2  8.4    69    76     621    (-,-) 
  addinc_add_7_30_g1232__7482/Y -       A->Y   R     sky130_fd_sc_hd__nand2_1        1  3.7    56    70     691    (-,-) 
  addinc_add_7_30_g1230__1881/Y -       A->Y   F     sky130_fd_sc_hd__nand2_1        2  8.4    87    77     768    (-,-) 
  addinc_add_7_30_g1229__6131/Y -       A->Y   R     sky130_fd_sc_hd__nand2_1        1  5.9    74    92     859    (-,-) 
  addinc_add_7_30_g1227__8246/Y -       A->Y   F     sky130_fd_sc_hd__nand2_2        3 11.3    79    71     930    (-,-) 
  addinc_add_7_30_g1224__2802/X -       A1->X  F     sky130_fd_sc_hd__a21o_1         2  8.4    58   190    1120    (-,-) 
  addinc_add_7_30_g1222__1617/Y -       A->Y   R     sky130_fd_sc_hd__nand2_1        1  5.9    74    79    1198    (-,-) 
  addinc_add_7_30_g1220__6783/Y -       A->Y   F     sky130_fd_sc_hd__nand2_2        2  8.4    69    62    1260    (-,-) 
  addinc_add_7_30_g1218__8428/Y -       A->Y   R     sky130_fd_sc_hd__nand2_1        1  5.9    74    84    1344    (-,-) 
  addinc_add_7_30_g1216__6260/Y -       A->Y   F     sky130_fd_sc_hd__nand2_2        2  8.3    68    61    1405    (-,-) 
  addinc_add_7_30_g1215__5107/X -       A->X   F     sky130_fd_sc_hd__and2_4         3  8.4    36   150    1555    (-,-) 
  addinc_add_7_30_g1213__5477/Y -       A->Y   R     sky130_fd_sc_hd__nand2_1        1  3.7    56    55    1610    (-,-) 
  addinc_add_7_30_g1210__1666/Y -       A->Y   F     sky130_fd_sc_hd__nand3_1        3 11.2   138   121    1732    (-,-) 
  addinc_add_7_30_g1208__2883/Y -       A->Y   R     sky130_fd_sc_hd__nand2_1        2  5.7    75   112    1843    (-,-) 
  addinc_add_7_30_g1204__4733/Y -       A_N->Y R     sky130_fd_sc_hd__nand2b_1       1  5.7    80   122    1966    (-,-) 
  addinc_add_7_30_g1201__1881/Y -       C1->Y  F     sky130_fd_sc_hd__o211ai_2       4 13.3   131   119    2085    (-,-) 
  addinc_add_7_30_g1197__5122/Y -       A->Y   R     sky130_fd_sc_hd__nand3_1        1  3.7    71   106    2190    (-,-) 
  addinc_add_7_30_g1192__6783/X -       D1->X  R     sky130_fd_sc_hd__o2111a_1       2  9.1   108   212    2403    (-,-) 
  addinc_add_7_30_g1188__6260/Y -       B->Y   F     sky130_fd_sc_hd__nor2_1         3  8.4    94    76    2479    (-,-) 
  addinc_add_7_30_g1183__7410/Y -       A->Y   R     sky130_fd_sc_hd__nand2_1        1  3.7    56    80    2559    (-,-) 
  addinc_add_7_30_g1178__9315/X -       C1->X  R     sky130_fd_sc_hd__o211a_2        3 12.0    92   201    2760    (-,-) 
  addinc_add_7_30_g1173__1881/Y -       C->Y   F     sky130_fd_sc_hd__nor3_1         1  3.5    88    55    2815    (-,-) 
  addinc_add_7_30_g1165__3680/Y -       B->Y   R     sky130_fd_sc_hd__nor2_1         2  9.0   182   174    2989    (-,-) 
  addinc_add_7_30_g1160__6260/X -       B->X   R     sky130_fd_sc_hd__xor2_1         1 51.3  1009   810    3799    (-,-) 
  S[30]                         <<<     -      R     (port)                          -    -     -     0    3799    (-,-) 
#------------------------------------------------------------------------------------------------------------------------

