============================================================
  Generated by:           Genus(TM) Synthesis Solution 23.12-s086_1
  Generated on:           Apr 11 2025  02:10:11 pm
  Module:                 cla_32bits
  Operating conditions:   tt_025C_1v80 
  Interconnect mode:      global
  Area mode:              physical library
============================================================

             Instance                   Module      Cell-Count  Cell-Area  Net-Area   Total-Area 
-------------------------------------------------------------------------------------------------
cla_32bits                         NA                      640   3918.758  3133.295     7052.053 
  B10                              bolinha                   2     13.763     0.000       13.763 
    GENERATE                       generate_ij               1      7.507     0.000        7.507 
    PROPAGATE                      propagate_ij              1      6.256     0.000        6.256 
  C0                               carry                     1      7.507     0.000        7.507 
  C1                               carry_202                 1      7.507     0.000        7.507 
  C10                              carry_193                 2     17.517     3.394       20.911 
  C11                              carry_192                 1      7.507     0.000        7.507 
  C12                              carry_191                 2     10.010     3.394       13.403 
  C13                              carry_190                 2     12.512     3.394       15.906 
  C14                              carry_189                 3     13.763     6.787       20.551 
  C15                              carry_188                 1      7.507     0.000        7.507 
  C16                              carry_187                 2     10.010     3.394       13.403 
  C17                              carry_186                 2     10.010     3.394       13.403 
  C18                              carry_185                 2     17.517     3.394       20.911 
  C19                              carry_184                 2     10.010     3.394       13.403 
  C2                               carry_201                 1      7.507     0.000        7.507 
  C20                              carry_183                 3     13.763     6.787       20.551 
  C21                              carry_182                 3     13.763     6.787       20.551 
  C22                              carry_181                 3     13.763     6.787       20.551 
  C23                              carry_180                 1      7.507     0.000        7.507 
  C24                              carry_179                 3     13.763     6.787       20.551 
  C25                              carry_178                 3     21.270     6.787       28.058 
  C26                              carry_177                 3     18.768     6.787       25.555 
  C27                              carry_176                 2     10.010     3.394       13.403 
  C28                              carry_175                 1      7.507     0.000        7.507 
  C29                              carry_174                 4     25.024    10.181       35.205 
  C3                               carry_200                 1      7.507     0.000        7.507 
  C30                              carry_173                 3     21.270     6.787       28.058 
  C31                              carry_172                 3     21.270     6.787       28.058 
  C4                               carry_199                 1      7.507     0.000        7.507 
  C5                               carry_198                 1      7.507     0.000        7.507 
  C6                               carry_197                 1      7.507     0.000        7.507 
  C7                               carry_196                 1      7.507     0.000        7.507 
  C8                               carry_195                 1      7.507     0.000        7.507 
  C9                               carry_194                 2     10.010     3.394       13.403 
  CLA1                             cla4x3                   17    102.598    38.985      141.583 
  CLA10                            cla4x3_210               12     67.565    20.362       87.927 
  CLA11                            cla4x3_209               11     61.309    16.969       78.278 
  CLA12                            cla4x3_208                7     43.792     3.394       47.186 
  CLA13                            cla4x3_207               21    125.120    52.560      177.680 
  CLA14                            cla4x3_206               15     76.323    33.850      110.174 
  CLA15                            cla4x3_205               14     72.570    30.457      103.026 
  CLA16                            cla4x3_204               10     60.058    13.575       73.633 
  CLA17                            cla4x3_203               14     83.830    27.150      110.980 
  CLA2                             cla4x3_218               16     96.342    38.898      135.240 
  CLA3                             cla4x3_217               13     83.830    23.756      107.587 
  CLA4                             cla4x3_216               12     77.574    22.016       99.590 
  CLA5                             cla4x3_215               12     83.830    23.669      107.500 
  CLA6                             cla4x3_214               13     82.579    25.410      107.989 
  CLA7                             cla4x3_213               12     80.077    26.976      107.053 
  CLA8                             cla4x3_212                4     27.526     0.000       27.526 
  CLA9                             cla4x3_211               19    120.115    49.079      169.194 
  GENERATE_PROPAGATE[0].GENERATE   generate_i                1      6.256     0.000        6.256 
  GENERATE_PROPAGATE[0].PROPAGATE  propagate_i               2     23.773     5.047       28.820 
  GENERATE_PROPAGATE[10].GENERATE  generate_i_240            1      6.256     0.000        6.256 
  GENERATE_PROPAGATE[10].PROPAGATE propagate_i_271           5     31.280    13.575       44.855 
  GENERATE_PROPAGATE[11].GENERATE  generate_i_239            1      6.256     0.000        6.256 
  GENERATE_PROPAGATE[11].PROPAGATE propagate_i_270           5     21.270    13.575       34.845 
  GENERATE_PROPAGATE[12].GENERATE  generate_i_238            1      8.758     0.000        8.758 
  GENERATE_PROPAGATE[12].PROPAGATE propagate_i_269           6     35.034    18.622       53.656 
  GENERATE_PROPAGATE[13].GENERATE  generate_i_237            1      6.256     0.000        6.256 
  GENERATE_PROPAGATE[13].PROPAGATE propagate_i_268           5     28.778    13.575       42.353 
  GENERATE_PROPAGATE[14].GENERATE  generate_i_236            1      6.256     0.000        6.256 
  GENERATE_PROPAGATE[14].PROPAGATE propagate_i_267           5     26.275    13.575       39.850 
  GENERATE_PROPAGATE[15].GENERATE  generate_i_235            1      6.256     0.000        6.256 
  GENERATE_PROPAGATE[15].PROPAGATE propagate_i_266           5     21.270    13.575       34.845 
  GENERATE_PROPAGATE[16].GENERATE  generate_i_234            3     11.261     6.787       18.048 
  GENERATE_PROPAGATE[16].PROPAGATE propagate_i_265           3     17.517     6.787       24.304 
  GENERATE_PROPAGATE[17].GENERATE  generate_i_233            1      6.256     0.000        6.256 
  GENERATE_PROPAGATE[17].PROPAGATE propagate_i_264           5     21.270    13.575       34.845 
  GENERATE_PROPAGATE[18].GENERATE  generate_i_232            1      6.256     0.000        6.256 
  GENERATE_PROPAGATE[18].PROPAGATE propagate_i_263           3     18.768     6.787       25.555 
  GENERATE_PROPAGATE[19].GENERATE  generate_i_231            1      6.256     0.000        6.256 
  GENERATE_PROPAGATE[19].PROPAGATE propagate_i_262           5     26.275    16.882       43.157 
  GENERATE_PROPAGATE[1].GENERATE   generate_i_249            1      6.256     0.000        6.256 
  GENERATE_PROPAGATE[1].PROPAGATE  propagate_i_280           5     21.270    13.575       34.845 
  GENERATE_PROPAGATE[20].GENERATE  generate_i_230            3     11.261     6.787       18.048 
  GENERATE_PROPAGATE[20].PROPAGATE propagate_i_261           5     31.280    16.882       48.162 
  GENERATE_PROPAGATE[21].GENERATE  generate_i_229            1      6.256     0.000        6.256 
  GENERATE_PROPAGATE[21].PROPAGATE propagate_i_260           4     20.019    10.181       30.200 
  GENERATE_PROPAGATE[22].GENERATE  generate_i_228            1      6.256     0.000        6.256 
  GENERATE_PROPAGATE[22].PROPAGATE propagate_i_259           1     16.266     0.000       16.266 
  GENERATE_PROPAGATE[23].GENERATE  generate_i_227            1      6.256     0.000        6.256 
  GENERATE_PROPAGATE[23].PROPAGATE propagate_i_258           5     31.280    16.882       48.162 
  GENERATE_PROPAGATE[24].GENERATE  generate_i_226            1      8.758     0.000        8.758 
  GENERATE_PROPAGATE[24].PROPAGATE propagate_i_257           5     31.280    16.882       48.162 
  GENERATE_PROPAGATE[25].GENERATE  generate_i_225            1      6.256     0.000        6.256 
  GENERATE_PROPAGATE[25].PROPAGATE propagate_i_256           2     18.768     5.047       23.815 
  GENERATE_PROPAGATE[26].GENERATE  generate_i_224            1      6.256     0.000        6.256 
  GENERATE_PROPAGATE[26].PROPAGATE propagate_i_255           5     26.275    16.882       43.157 
  GENERATE_PROPAGATE[27].GENERATE  generate_i_223            1      6.256     0.000        6.256 
  GENERATE_PROPAGATE[27].PROPAGATE propagate_i_254           5     23.773    16.882       40.654 
  GENERATE_PROPAGATE[28].GENERATE  generate_i_222            1      6.256     0.000        6.256 
  GENERATE_PROPAGATE[28].PROPAGATE propagate_i_253           1     15.014     0.000       15.014 
  GENERATE_PROPAGATE[29].GENERATE  generate_i_221            1      6.256     0.000        6.256 
  GENERATE_PROPAGATE[29].PROPAGATE propagate_i_252           1     12.512     0.000       12.512 
  GENERATE_PROPAGATE[2].GENERATE   generate_i_248            1      8.758     0.000        8.758 
  GENERATE_PROPAGATE[2].PROPAGATE  propagate_i_279           5     28.778    13.575       42.353 
  GENERATE_PROPAGATE[30].GENERATE  generate_i_220            1      6.256     0.000        6.256 
  GENERATE_PROPAGATE[30].PROPAGATE propagate_i_251           1      8.758     0.000        8.758 
  GENERATE_PROPAGATE[31].GENERATE  generate_i_219            1      6.256     0.000        6.256 
  GENERATE_PROPAGATE[31].PROPAGATE propagate_i_250           1      8.758     0.000        8.758 
  GENERATE_PROPAGATE[3].GENERATE   generate_i_247            1      6.256     0.000        6.256 
  GENERATE_PROPAGATE[3].PROPAGATE  propagate_i_278           5     26.275    13.575       39.850 
  GENERATE_PROPAGATE[4].GENERATE   generate_i_246            1      6.256     0.000        6.256 
  GENERATE_PROPAGATE[4].PROPAGATE  propagate_i_277           5     21.270    13.575       34.845 
  GENERATE_PROPAGATE[5].GENERATE   generate_i_245            1      6.256     0.000        6.256 
  GENERATE_PROPAGATE[5].PROPAGATE  propagate_i_276           5     31.280    13.575       44.855 
  GENERATE_PROPAGATE[6].GENERATE   generate_i_244            1      6.256     0.000        6.256 
  GENERATE_PROPAGATE[6].PROPAGATE  propagate_i_275           5     21.270    13.575       34.845 
  GENERATE_PROPAGATE[7].GENERATE   generate_i_243            1      6.256     0.000        6.256 
  GENERATE_PROPAGATE[7].PROPAGATE  propagate_i_274           5     31.280    13.575       44.855 
  GENERATE_PROPAGATE[8].GENERATE   generate_i_242            1      6.256     0.000        6.256 
  GENERATE_PROPAGATE[8].PROPAGATE  propagate_i_273           5     26.275    13.575       39.850 
  GENERATE_PROPAGATE[9].GENERATE   generate_i_241            1      6.256     0.000        6.256 
  GENERATE_PROPAGATE[9].PROPAGATE  propagate_i_272           5     31.280    13.575       44.855 
  S0                               soutput                   1      8.758     0.000        8.758 
  S1                               soutput_311               1      8.758     0.000        8.758 
  S10                              soutput_302               3     23.773     6.787       30.560 
  S11                              soutput_301               4     30.029    10.181       40.210 
  S12                              soutput_300               2     15.014     3.394       18.408 
  S13                              soutput_299               3     18.768     6.787       25.555 
  S14                              soutput_298               4     30.029    10.181       40.210 
  S15                              soutput_297               4     30.029    10.181       40.210 
  S16                              soutput_296               1     12.512     0.000       12.512 
  S17                              soutput_295               3     25.024     6.787       31.811 
  S18                              soutput_294               3     26.275     6.787       33.063 
  S19                              soutput_293               4     51.299    10.181       61.480 
  S2                               soutput_310               1     12.512     0.000       12.512 
  S20                              soutput_292               3     18.768     6.787       25.555 
  S21                              soutput_291               3     42.541     6.787       49.328 
  S22                              soutput_290               6     50.048    18.622       68.670 
  S23                              soutput_289               5     45.043    13.575       58.618 
  S24                              soutput_288               3     18.768     6.787       25.555 
  S25                              soutput_287               3     42.541     6.787       49.328 
  S26                              soutput_286               5     45.043    13.575       58.618 
  S27                              soutput_285               5     45.043    13.575       58.618 
  S28                              soutput_284               3     18.768     6.787       25.555 
  S29                              soutput_283               4     35.034    11.835       46.868 
  S3                               soutput_309               1     12.512     0.000       12.512 
  S30                              soutput_282               5     45.043    13.575       58.618 
  S31                              soutput_281               5     45.043    13.575       58.618 
  S4                               soutput_308               1      8.758     0.000        8.758 
  S5                               soutput_307               2     20.019     3.394       23.413 
  S6                               soutput_306               2     15.014     3.394       18.408 
  S7                               soutput_305               3     23.773     6.787       30.560 
  S8                               soutput_304               2     15.014     3.394       18.408 
  S9                               soutput_303               3     18.768     6.787       25.555 
