###############################################################
#  Generated by:      Cadence Innovus 23.32-s091_1
#  OS:                Linux x86_64(Host ID cadmicro-inf-el8-623207)
#  Generated on:      Mon Apr 14 15:46:43 2025
#  Design:            carry_select_adder_46814_32bits
#  Command:           report_timing > reports/report_timing.rpt
###############################################################
Path 1: MET Path Delay Check
Endpoint:   S[31] (^)
Beginpoint: B[0]  (v) triggered by  leading edge of '@'
Path Groups: {default}
Analysis View: default_emulate_view
- External Delay                0.000
+ Path Delay                   13.700
= Required Time                13.700
- Arrival Time                 13.133
= Slack Time                    0.567
     Clock Rise Edge                      0.000
     + Input Delay                        0.000
     = Beginpoint Arrival Time            0.000
     +---------------------------------------------------------------------------------------+ 
     |  Instance   |       Arc       |           Cell           | Delay | Arrival | Required | 
     |             |                 |                          |       |  Time   |   Time   | 
     |-------------+-----------------+--------------------------+-------+---------+----------| 
     |             | B[0] v          |                          |       |   0.000 |    0.567 | 
     | g4251__2802 | B v -> COUT v   | sky130_fd_sc_hd__fa_1    | 0.790 |   0.790 |    1.356 | 
     | g4250__3680 | CIN v -> COUT v | sky130_fd_sc_hd__fa_1    | 0.399 |   1.189 |    1.756 | 
     | g4249__6783 | CIN v -> COUT v | sky130_fd_sc_hd__fa_1    | 0.407 |   1.596 |    2.163 | 
     | g4248__5526 | CIN v -> COUT v | sky130_fd_sc_hd__fa_1    | 0.404 |   2.000 |    2.567 | 
     | g4247__8428 | CIN v -> COUT v | sky130_fd_sc_hd__fa_1    | 0.409 |   2.409 |    2.975 | 
     | g4246__4319 | CIN v -> COUT v | sky130_fd_sc_hd__fa_1    | 0.401 |   2.810 |    3.376 | 
     | g4245__6260 | CIN v -> COUT v | sky130_fd_sc_hd__fa_1    | 0.396 |   3.206 |    3.772 | 
     | g4244__5107 | CIN v -> COUT v | sky130_fd_sc_hd__fa_1    | 0.401 |   3.606 |    4.173 | 
     | g4243__2398 | CIN v -> COUT v | sky130_fd_sc_hd__fa_1    | 0.402 |   4.008 |    4.575 | 
     | g4242__5477 | CIN v -> COUT v | sky130_fd_sc_hd__fa_1    | 0.398 |   4.407 |    4.973 | 
     | g4241__6417 | CIN v -> COUT v | sky130_fd_sc_hd__fa_1    | 0.397 |   4.803 |    5.370 | 
     | g4240__7410 | CIN v -> COUT v | sky130_fd_sc_hd__fa_1    | 0.406 |   5.209 |    5.776 | 
     | g4239__1666 | CIN v -> COUT v | sky130_fd_sc_hd__fa_1    | 0.403 |   5.612 |    6.179 | 
     | g4238__2346 | CIN v -> COUT v | sky130_fd_sc_hd__fa_1    | 0.405 |   6.017 |    6.584 | 
     | g4237__2883 | CIN v -> COUT v | sky130_fd_sc_hd__fa_1    | 0.418 |   6.435 |    7.002 | 
     | g4236__9945 | CIN v -> COUT v | sky130_fd_sc_hd__fa_1    | 0.404 |   6.839 |    7.406 | 
     | g4235__9315 | CIN v -> COUT v | sky130_fd_sc_hd__fa_1    | 0.398 |   7.238 |    7.805 | 
     | g4234__6161 | CIN v -> COUT v | sky130_fd_sc_hd__fa_1    | 0.415 |   7.653 |    8.220 | 
     | g4233__4733 | B1 v -> Y ^     | sky130_fd_sc_hd__o21ai_1 | 0.117 |   7.771 |    8.337 | 
     | g2          | B1_N ^ -> X v   | sky130_fd_sc_hd__o21ba_2 | 0.216 |   7.987 |    8.554 | 
     | g4227__8246 | A1 v -> X v     | sky130_fd_sc_hd__a221o_1 | 0.332 |   8.319 |    8.886 | 
     | g4225__1705 | CIN v -> COUT v | sky130_fd_sc_hd__fa_1    | 0.390 |   8.709 |    9.276 | 
     | g4224__2802 | CIN v -> COUT v | sky130_fd_sc_hd__fa_1    | 0.396 |   9.106 |    9.672 | 
     | g4223__1617 | CIN v -> COUT v | sky130_fd_sc_hd__fa_1    | 0.393 |   9.499 |   10.066 | 
     | g4222__3680 | CIN v -> COUT v | sky130_fd_sc_hd__fa_1    | 0.396 |   9.895 |   10.462 | 
     | g4221__6783 | CIN v -> COUT v | sky130_fd_sc_hd__fa_1    | 0.398 |  10.294 |   10.860 | 
     | g4220__5526 | CIN v -> COUT v | sky130_fd_sc_hd__fa_1    | 0.410 |  10.704 |   11.270 | 
     | g4219__8428 | CIN v -> COUT v | sky130_fd_sc_hd__fa_1    | 0.395 |  11.098 |   11.665 | 
     | g4218__4319 | CIN v -> COUT v | sky130_fd_sc_hd__fa_1    | 0.396 |  11.494 |   12.061 | 
     | g4217__6260 | CIN v -> COUT v | sky130_fd_sc_hd__fa_1    | 0.415 |  11.909 |   12.476 | 
     | g4216__5107 | CIN v -> COUT v | sky130_fd_sc_hd__fa_1    | 0.402 |  12.311 |   12.878 | 
     | g4215__2398 | CIN v -> SUM ^  | sky130_fd_sc_hd__fa_1    | 0.821 |  13.133 |   13.699 | 
     |             | S[31] ^         |                          | 0.001 |  13.133 |   13.700 | 
     +---------------------------------------------------------------------------------------+ 

