============================================================
  Generated by:           Genus(TM) Synthesis Solution 23.12-s086_1
  Generated on:           Jan 30 2025  11:06:14 pm
  Module:                 alu_WIDTH8
  Technology libraries:   fast_vdd1v2 1.0
                          physical_cells 
  Operating conditions:   PVT_1P32V_0C 
  Interconnect mode:      global
  Area mode:              physical library
============================================================

 Instance  Module  Cell-Count  Cell-Area  Net-Area   Total-Area 
----------------------------------------------------------------
alu_WIDTH8 NA             175    447.678   231.701      679.379 
============================================================
  Generated by:           Genus(TM) Synthesis Solution 23.12-s086_1
  Generated on:           Jan 30 2025  11:06:31 pm
  Module:                 alu_WIDTH16
  Technology libraries:   fast_vdd1v2 1.0
                          physical_cells 
                          fast_vdd1v2 1.0
                          physical_cells 
  Operating conditions:   PVT_1P32V_0C 
  Interconnect mode:      global
  Area mode:              physical library
============================================================

  Instance  Module  Cell-Count  Cell-Area  Net-Area   Total-Area 
-----------------------------------------------------------------
alu_WIDTH16 NA             390   1006.848   501.280     1508.128 
============================================================
  Generated by:           Genus(TM) Synthesis Solution 23.12-s086_1
  Generated on:           Jan 30 2025  11:06:53 pm
  Module:                 alu_WIDTH32
  Technology libraries:   fast_vdd1v2 1.0
                          physical_cells 
                          fast_vdd1v2 1.0
                          physical_cells 
  Operating conditions:   PVT_1P32V_0C 
  Interconnect mode:      global
  Area mode:              physical library
============================================================

  Instance  Module  Cell-Count  Cell-Area  Net-Area   Total-Area 
-----------------------------------------------------------------
alu_WIDTH32 NA             877   2509.938  1096.145     3606.083 
