============================================================
  Generated by:           Genus(TM) Synthesis Solution 23.12-s086_1
  Generated on:           Apr 11 2025  02:39:25 pm
  Module:                 kogge_stone_32bits
  Operating conditions:   tt_025C_1v80 
  Interconnect mode:      global
  Area mode:              physical library
============================================================

Timing
-------
  Cost    Critical         Violating 
 Group   Path Slack  TNS     Paths   
-------------------------------------
default      2075.2   0.0          0 
-------------------------------------
Total                 0.0          0 

Instance Count
--------------
Leaf Instance Count             386 
Physical Instance count           0 
Sequential Instance Count         0 
Combinational Instance Count    386 
Hierarchical Instance Count     515 

Area
----
Cell Area                          2776.413
Physical Cell Area                 0.000
Total Cell Area (Cell+Physical)    2776.413
Net Area                           2382.059
Total Area (Cell+Physical+Net)     5158.472

Max Fanout                         33 (Cin)
Min Fanout                         1 (C[0])
Average Fanout                     2.1
Terms to net ratio                 2.9246
Terms to instance ratio            3.4171
Runtime                            14.830647 seconds
Elapsed Runtime                    15 seconds
Genus peak memory usage            1897.03 
Innovus peak memory usage          no_value 
Hostname                           cadmicro-inf-el8-623207
