###############################################################
#  Generated by:      Cadence Innovus 23.32-s091_1
#  OS:                Linux x86_64(Host ID cadmicro-inf-el8-623207)
#  Generated on:      Mon Apr 14 13:50:08 2025
#  Design:            signal_32bits
#  Command:           report_timing > reports/report_timing.rpt
###############################################################
Path 1: MET Path Delay Check
Endpoint:   S[31] (^)
Beginpoint: A[0]  (v) triggered by  leading edge of '@'
Path Groups: {default}
Analysis View: default_emulate_view
- External Delay                0.000
+ Path Delay                    8.300
= Required Time                 8.300
- Arrival Time                  6.346
= Slack Time                    1.954
     Clock Rise Edge                      0.000
     + Input Delay                        0.000
     = Beginpoint Arrival Time            0.000
     +--------------------------------------------------------------------------------------------------------+ 
     |          Instance           |       Arc       |           Cell            | Delay | Arrival | Required | 
     |                             |                 |                           |       |  Time   |   Time   | 
     |-----------------------------+-----------------+---------------------------+-------+---------+----------| 
     |                             | A[0] v          |                           |       |   0.000 |    1.954 | 
     | addinc_add_7_30_g1278__5122 | B v -> COUT v   | sky130_fd_sc_hd__fa_1     | 0.796 |   0.796 |    2.750 | 
     | addinc_add_7_30_g1275__1617 | CIN v -> COUT v | sky130_fd_sc_hd__fa_1     | 0.397 |   1.193 |    3.147 | 
     | addinc_add_7_30_g1274__3680 | CIN v -> COUT v | sky130_fd_sc_hd__fa_1     | 0.396 |   1.589 |    3.543 | 
     | addinc_add_7_30_g1273__6783 | CIN v -> COUT v | sky130_fd_sc_hd__fa_1     | 0.415 |   2.004 |    3.958 | 
     | addinc_add_7_30_g1272       | A v -> Y ^      | sky130_fd_sc_hd__clkinv_1 | 0.085 |   2.089 |    4.043 | 
     | addinc_add_7_30_g1271__5526 | C ^ -> X ^      | sky130_fd_sc_hd__or3_1    | 0.096 |   2.185 |    4.139 | 
     | addinc_add_7_30_g1268__6260 | C1 ^ -> Y v     | sky130_fd_sc_hd__o211ai_1 | 0.097 |   2.282 |    4.236 | 
     | addinc_add_7_30_g1266__2398 | CIN v -> COUT v | sky130_fd_sc_hd__fa_1     | 0.410 |   2.692 |    4.646 | 
     | addinc_add_7_30_g1265__5477 | CIN v -> COUT v | sky130_fd_sc_hd__fa_1     | 0.416 |   3.108 |    5.062 | 
     | addinc_add_7_30_g1264__6417 | B_N v -> Y v    | sky130_fd_sc_hd__nor2b_1  | 0.186 |   3.294 |    5.248 | 
     | addinc_add_7_30_g1260__2883 | A1 v -> X v     | sky130_fd_sc_hd__a221o_1  | 0.381 |   3.674 |    5.628 | 
     | addinc_add_7_30_g1258__9315 | A v -> X v      | sky130_fd_sc_hd__and2_1   | 0.177 |   3.852 |    5.806 | 
     | addinc_add_7_30_g1252__6131 | A1 v -> X v     | sky130_fd_sc_hd__a221o_1  | 0.353 |   4.205 |    6.159 | 
     | addinc_add_7_30_g1247__2802 | A v -> X v      | sky130_fd_sc_hd__and2_1   | 0.173 |   4.379 |    6.333 | 
     | addinc_add_7_30_g1241__4319 | A1 v -> X v     | sky130_fd_sc_hd__a221o_1  | 0.367 |   4.745 |    6.699 | 
     | addinc_add_7_30_g1232__2883 | A1 v -> X v     | sky130_fd_sc_hd__a221o_1  | 0.378 |   5.124 |    7.078 | 
     | addinc_add_7_30_g1220__1705 | A1 v -> Y ^     | sky130_fd_sc_hd__a31oi_1  | 0.275 |   5.398 |    7.352 | 
     | addinc_add_7_30_g1212__6260 | A2 ^ -> Y v     | sky130_fd_sc_hd__o21ai_1  | 0.114 |   5.512 |    7.466 | 
     | addinc_add_7_30_g1210__2398 | B v -> X ^      | sky130_fd_sc_hd__xor2_1   | 0.832 |   6.345 |    8.299 | 
     |                             | S[31] ^         |                           | 0.002 |   6.346 |    8.300 | 
     +--------------------------------------------------------------------------------------------------------+ 

