============================================================
  Generated by:           Genus(TM) Synthesis Solution 23.12-s086_1
  Generated on:           Apr 14 2025  02:51:06 pm
  Module:                 signal_32bits
  Operating conditions:   tt_025C_1v80 
  Interconnect mode:      global
  Area mode:              physical library
============================================================


Path 1: MET (0 ps) Path Delay Check
     Startpoint: (F) A[0]
       Endpoint: (R) S[23]

                   Capture    Launch  
      Path Delay:+    3600         -  
      Drv Adjust:+       0         0  
         Arrival:=    3600            
                                      
   Required Time:=    3600            
       Data Path:-    3600            
           Slack:=       0            

Exceptions/Constraints:
  max_delay             3600            constraints.sdc_line_1 

#------------------------------------------------------------------------------------------------------------------------------
#          Timing Point            Flags     Arc     Edge            Cell             Fanout Load Trans Delay Arrival Instance 
#                                                                                            (fF)  (ps)  (ps)   (ps)  Location 
#------------------------------------------------------------------------------------------------------------------------------
  A[0]                             -       -         F     (arrival)                       1  3.4  1000     0       0    (-,-) 
  g14/X                            -       A->X      F     sky130_fd_sc_hd__clkbuf_2       3 19.7    98   406     406    (-,-) 
  addinc_add_7_30_g1330__6131/Y    -       A->Y      R     sky130_fd_sc_hd__nor2_4         1  5.9    72   122     527    (-,-) 
  addinc_add_7_30_g1242__9945/Y    -       B2->Y     F     sky130_fd_sc_hd__o2bb2ai_2      2  8.4    53    70     597    (-,-) 
  addinc_add_7_30_g1233__8246/Y    -       A->Y      R     sky130_fd_sc_hd__nand2_1        1  5.9    73    77     673    (-,-) 
  addinc_add_7_30_g1231__1705/Y    -       A->Y      F     sky130_fd_sc_hd__nand2_2        2  8.4    48    61     735    (-,-) 
  addinc_add_7_30_g1229__1617/Y    -       A->Y      R     sky130_fd_sc_hd__nand2_1        1  5.9    74    75     810    (-,-) 
  addinc_add_7_30_g1227__6783/Y    -       A->Y      F     sky130_fd_sc_hd__nand2_2        2  8.3    68    61     871    (-,-) 
  addinc_add_7_30_g1226/Y          -       A->Y      R     sky130_fd_sc_hd__inv_1          1  6.0    62    77     948    (-,-) 
  addinc_add_7_30_g1224__8428/Y    -       A2->Y     F     sky130_fd_sc_hd__o21ai_2        3 13.2    78    78    1026    (-,-) 
  addinc_add_7_30_g1220__5107/Y    -       A1->Y     R     sky130_fd_sc_hd__a21oi_2        2 11.1   168   188    1214    (-,-) 
  addinc_add_7_30_g1218__5477/Y    -       A2->Y     F     sky130_fd_sc_hd__o21ai_2        1  6.3    54    78    1292    (-,-) 
  addinc_add_7_30_g1216__7410/COUT -       CIN->COUT F     sky130_fd_sc_hd__fa_2           2  8.4    78   351    1643    (-,-) 
  addinc_add_7_30_g1215__1666/Y    -       A->Y      R     sky130_fd_sc_hd__nand2_1        2  6.8    81    93    1736    (-,-) 
  addinc_add_7_30_g1212__9945/Y    -       B->Y      F     sky130_fd_sc_hd__nor2_1         2  6.4    67    60    1796    (-,-) 
  addinc_add_7_30_g1211__9315/Y    -       A->Y      R     sky130_fd_sc_hd__nand2_1        1  3.7    53    69    1865    (-,-) 
  addinc_add_7_30_g1208__7482/Y    -       A->Y      F     sky130_fd_sc_hd__nand3_1        2  8.4   103   101    1966    (-,-) 
  addinc_add_7_30_g1205__6131/Y    -       A->Y      R     sky130_fd_sc_hd__nand2_1        3 11.9   124   137    2102    (-,-) 
  addinc_add_7_30_g1200__1705/Y    -       A2->Y     F     sky130_fd_sc_hd__o221ai_2       4 13.3   134   145    2248    (-,-) 
  addinc_add_7_30_g1192__6260/X    -       A1->X     F     sky130_fd_sc_hd__a21o_1         3 11.2    69   223    2471    (-,-) 
  addinc_add_7_30_g1177__1881/Y    -       A1->Y     R     sky130_fd_sc_hd__a31oi_1        2  9.0   256   223    2694    (-,-) 
  addinc_add_7_30_g1168__3680/Y    -       A2->Y     F     sky130_fd_sc_hd__o21ai_1        1  5.5    80   113    2807    (-,-) 
  addinc_add_7_30_g1162__6260/X    -       B->X      R     sky130_fd_sc_hd__xor2_1         1 51.3  1009   793    3600    (-,-) 
  S[23]                            <<<     -         R     (port)                          -    -     -     0    3600    (-,-) 
#------------------------------------------------------------------------------------------------------------------------------

