============================================================
  Generated by:           Genus(TM) Synthesis Solution 23.12-s086_1
  Generated on:           Apr 14 2025  01:45:08 pm
  Module:                 signal_32bits
  Operating conditions:   tt_025C_1v80 
  Interconnect mode:      global
  Area mode:              physical library
============================================================


Path 1: MET (2588 ps) Path Delay Check
     Startpoint: (F) A[0]
       Endpoint: (R) S[31]

                   Capture    Launch  
      Path Delay:+    8600         -  
      Drv Adjust:+       0         0  
         Arrival:=    8600            
                                      
   Required Time:=    8600            
       Data Path:-    6012            
           Slack:=    2588            

Exceptions/Constraints:
  max_delay             8600            constraints.sdc_line_1 

#------------------------------------------------------------------------------------------------------------------------------
#          Timing Point            Flags     Arc     Edge            Cell             Fanout Load Trans Delay Arrival Instance 
#                                                                                            (fF)  (ps)  (ps)   (ps)  Location 
#------------------------------------------------------------------------------------------------------------------------------
  A[0]                             -       -         F     (arrival)                       1  7.2  1000     0       0    (-,-) 
  addinc_add_7_30_g1279__8246/COUT -       B->COUT   F     sky130_fd_sc_hd__fa_1           1  5.8    96   786     786    (-,-) 
  addinc_add_7_30_g1277__1705/COUT -       CIN->COUT F     sky130_fd_sc_hd__fa_1           1  5.8    96   396    1182    (-,-) 
  addinc_add_7_30_g1275__1617/COUT -       CIN->COUT F     sky130_fd_sc_hd__fa_1           1  5.8    96   396    1579    (-,-) 
  addinc_add_7_30_g1274__3680/COUT -       CIN->COUT F     sky130_fd_sc_hd__fa_1           2  8.3   110   416    1995    (-,-) 
  addinc_add_7_30_g1273/Y          -       A->Y      R     sky130_fd_sc_hd__inv_1          2  6.0    68    94    2089    (-,-) 
  addinc_add_7_30_g1272__6783/X    -       C->X      R     sky130_fd_sc_hd__or3_1          1  3.7    51   104    2193    (-,-) 
  addinc_add_7_30_g1269__4319/Y    -       C1->Y     F     sky130_fd_sc_hd__o211ai_1       1  5.8   108    98    2292    (-,-) 
  addinc_add_7_30_g1267__5107/COUT -       CIN->COUT F     sky130_fd_sc_hd__fa_1           1  5.8    96   401    2692    (-,-) 
  addinc_add_7_30_g1266__2398/COUT -       CIN->COUT F     sky130_fd_sc_hd__fa_1           2  7.5   105   410    3102    (-,-) 
  addinc_add_7_30_g1265__5477/Y    -       B_N->Y    F     sky130_fd_sc_hd__nor2b_1        3  8.3    93   176    3278    (-,-) 
  addinc_add_7_30_g1261__2346/X    -       A1->X     F     sky130_fd_sc_hd__a221o_1        3 11.2    95   376    3654    (-,-) 
  addinc_add_7_30_g1259__9945/Y    -       A->Y      R     sky130_fd_sc_hd__nand2_1        2  5.9    75    95    3749    (-,-) 
  addinc_add_7_30_g1255__7482/X    -       C->X      R     sky130_fd_sc_hd__or4b_1         1  3.7    52   112    3861    (-,-) 
  addinc_add_7_30_g1252__6131/Y    -       C1->Y     F     sky130_fd_sc_hd__o211ai_1       2  7.5   127   111    3972    (-,-) 
  addinc_add_7_30_g1247__2802/Y    -       B_N->Y    F     sky130_fd_sc_hd__nor2b_1        3  8.3    93   186    4158    (-,-) 
  addinc_add_7_30_g1245__3680/Y    -       C->Y      R     sky130_fd_sc_hd__nand4bb_1      2  6.0   110   133    4291    (-,-) 
  addinc_add_7_30_g1239__5107/Y    -       A2->Y     F     sky130_fd_sc_hd__o21ai_1        3 10.6   126   112    4403    (-,-) 
  addinc_add_7_30_g1231__9945/X    -       A1->X     F     sky130_fd_sc_hd__a221o_1        3 11.5    96   389    4792    (-,-) 
  addinc_add_7_30_g1220__1705/Y    -       A1->Y     R     sky130_fd_sc_hd__a31oi_1        2  9.0   256   234    5026    (-,-) 
  addinc_add_7_30_g1212__6260/Y    -       A2->Y     F     sky130_fd_sc_hd__o21ai_1        1  5.8    99   116    5141    (-,-) 
  addinc_add_7_30_g1210__2398/Y    -       B->Y      R     sky130_fd_sc_hd__xnor2_1        1 51.3  1102   870    6012    (-,-) 
  S[31]                            <<<     -         R     (port)                          -    -     -     0    6012    (-,-) 
#------------------------------------------------------------------------------------------------------------------------------

