============================================================
  Generated by:           Genus(TM) Synthesis Solution 23.12-s086_1
  Generated on:           Apr 14 2025  03:17:13 pm
  Module:                 signal_32bits
  Operating conditions:   tt_025C_1v80 
  Interconnect mode:      global
  Area mode:              physical library
============================================================

Timing
-------
  Cost    Critical         Violating 
 Group   Path Slack  TNS     Paths   
-------------------------------------
default         0.3   0.0          0 
-------------------------------------
Total                 0.0          0 

Instance Count
--------------
Leaf Instance Count             331 
Physical Instance count           0 
Sequential Instance Count         0 
Combinational Instance Count    331 
Hierarchical Instance Count       0 

Area
----
Cell Area                          1913.085
Physical Cell Area                 0.000
Total Cell Area (Cell+Physical)    1913.085
Net Area                           1828.357
Total Area (Cell+Physical+Net)     3741.442

Max Fanout                         4 (addinc_add_7_30_n_5)
Min Fanout                         1 (n_0)
Average Fanout                     1.7
Terms to net ratio                 2.4924
Terms to instance ratio            2.9819
Runtime                            15.841574999999999 seconds
Elapsed Runtime                    18 seconds
Genus peak memory usage            2043.50 
Innovus peak memory usage          no_value 
Hostname                           cadmicro-inf-el8-623207
