###############################################################
#  Generated by:      Cadence Innovus 23.32-s091_1
#  OS:                Linux x86_64(Host ID cadmicro-inf-el8-623207)
#  Generated on:      Mon Apr 14 15:16:54 2025
#  Design:            signal_32bits
#  Command:           report_timing > reports/report_timing.rpt
###############################################################
Path 1: MET Path Delay Check
Endpoint:   S[23] (v)
Beginpoint: Cin   (v) triggered by  leading edge of '@'
Path Groups: {default}
Analysis View: default_emulate_view
- External Delay                0.000
+ Path Delay                    1.800
= Required Time                 1.800
- Arrival Time                  1.797
= Slack Time                    0.003
     Clock Rise Edge                      0.000
     + Input Delay                        0.000
     = Beginpoint Arrival Time            0.000
     +------------------------------------------------------------------------------------------------------+ 
     |          Instance           |      Arc      |           Cell            | Delay | Arrival | Required | 
     |                             |               |                           |       |  Time   |   Time   | 
     |-----------------------------+---------------+---------------------------+-------+---------+----------| 
     |                             | Cin v         |                           |       |   0.000 |    0.003 | 
     | g1798                       | B_N v -> Y v  | sky130_fd_sc_hd__nor2b_1  | 0.456 |   0.456 |    0.459 | 
     | addinc_add_7_30_g1583__9945 | B v -> Y ^    | sky130_fd_sc_hd__nand2_1  | 0.089 |   0.545 |    0.548 | 
     | addinc_add_7_30_g1528__8428 | C ^ -> Y v    | sky130_fd_sc_hd__nand4_2  | 0.115 |   0.660 |    0.663 | 
     | addinc_add_7_30_g1519__7410 | A v -> Y ^    | sky130_fd_sc_hd__nand2_2  | 0.094 |   0.754 |    0.757 | 
     | addinc_add_7_30_g1512__4733 | C1 ^ -> Y v   | sky130_fd_sc_hd__o211ai_4 | 0.104 |   0.859 |    0.862 | 
     | addinc_add_7_30_g1499__6783 | A1 v -> X v   | sky130_fd_sc_hd__a31o_4   | 0.324 |   1.182 |    1.185 | 
     | addinc_add_7_30_g1458__2346 | A1 v -> Y ^   | sky130_fd_sc_hd__a31oi_1  | 0.298 |   1.480 |    1.483 | 
     | addinc_add_7_30_g1441__6783 | A2_N ^ -> X v | sky130_fd_sc_hd__a2bb2o_4 | 0.316 |   1.796 |    1.799 | 
     |                             | S[23] v       |                           | 0.001 |   1.797 |    1.800 | 
     +------------------------------------------------------------------------------------------------------+ 

