

================================================================
== Vitis HLS Report for 'kernel_Pipeline_VITIS_LOOP_23_1_VITIS_LOOP_24_2'
================================================================
* Date:           Mon Jan  6 15:44:29 2025

* Version:        2023.2 (Build 4023990 on Oct 11 2023)
* Project:        sum_matrix
* Solution:       solution1 (Vivado IP Flow Target)
* Product family: artix7
* Target device:  xc7a200t-fbg484-3


================================================================
== Performance Estimates
================================================================
+ Timing: 
    * Summary: 
    +--------+----------+----------+------------+
    |  Clock |  Target  | Estimated| Uncertainty|
    +--------+----------+----------+------------+
    |ap_clk  |  10.00 ns|  7.300 ns|     2.70 ns|
    +--------+----------+----------+------------+

+ Latency: 
    * Summary: 
    +---------+---------+----------+----------+-----+-----+---------+
    |  Latency (cycles) |  Latency (absolute) |  Interval | Pipeline|
    |   min   |   max   |    min   |    max   | min | max |   Type  |
    +---------+---------+----------+----------+-----+-----+---------+
    |        ?|        ?|         ?|         ?|    ?|    ?|       no|
    +---------+---------+----------+----------+-----+-----+---------+

    + Detail: 
        * Instance: 
        N/A

        * Loop: 
        +-----------------------------------+---------+---------+----------+-----------+-----------+------+----------+
        |                                   |  Latency (cycles) | Iteration|  Initiation Interval  | Trip |          |
        |             Loop Name             |   min   |   max   |  Latency |  achieved |   target  | Count| Pipelined|
        +-----------------------------------+---------+---------+----------+-----------+-----------+------+----------+
        |- VITIS_LOOP_23_1_VITIS_LOOP_24_2  |        ?|        ?|        19|          1|          1|     ?|       yes|
        +-----------------------------------+---------+---------+----------+-----------+-----------+------+----------+

============================================================
+ Verbose Summary: Synthesis Manager
============================================================
InlineROM: 1
ExposeGlobal: 0
============================================================
+ Verbose Summary: CDFG Model
============================================================
IsTopModel: 0
ResetActiveHigh: 1
IsCombinational: 0
IsDatapathOnly: 0
HasWiredReturn: 1
HasMFsm: 2
HasVarLatency: 1
IsPipeline: 0
IsRtlPipelined: 0
IsInstanceOverlapped: 0
IsDontTouch: 0
HasImplIP: 0
IsGatedGlobalClock: 0

+ Individual pipeline summary: 
  * Pipeline-0: initiation interval (II) = 1, depth = 20


============================================================
+ Verbose Summary: Schedule
============================================================
* Number of FSM states : 20
* Pipeline : 1
  Pipeline-0 : II = 1, D = 20, States = { 1 2 3 4 5 6 7 8 9 10 11 12 13 14 15 16 17 18 19 20 }
* Dataflow Pipeline: 0

* FSM state transitions: 
1 --> 2 
2 --> 3 
3 --> 4 
4 --> 5 
5 --> 6 
6 --> 7 
7 --> 8 
8 --> 9 
9 --> 10 
10 --> 11 
11 --> 12 
12 --> 13 
13 --> 14 
14 --> 15 
15 --> 16 
16 --> 17 
17 --> 18 
18 --> 19 
19 --> 20 
20 --> 

* FSM state operations: 

State 1 <SV = 0> <Delay = 1.17>
ST_1 : Operation 22 [1/1] (0.00ns)   --->   "%j = alloca i32 1" [sum_matrix.cpp:24]   --->   Operation 22 'alloca' 'j' <Predicate = true> <Delay = 0.00>
ST_1 : Operation 23 [1/1] (0.00ns)   --->   "%i = alloca i32 1" [sum_matrix.cpp:23]   --->   Operation 23 'alloca' 'i' <Predicate = true> <Delay = 0.00>
ST_1 : Operation 24 [1/1] (0.00ns)   --->   "%indvar_flatten = alloca i32 1"   --->   Operation 24 'alloca' 'indvar_flatten' <Predicate = true> <Delay = 0.00>
ST_1 : Operation 25 [1/1] (0.00ns)   --->   "%in1_read = read i64 @_ssdm_op_Read.ap_auto.i64, i64 %in1"   --->   Operation 25 'read' 'in1_read' <Predicate = true> <Delay = 0.00>
ST_1 : Operation 26 [1/1] (0.00ns)   --->   "%in2_read = read i64 @_ssdm_op_Read.ap_auto.i64, i64 %in2"   --->   Operation 26 'read' 'in2_read' <Predicate = true> <Delay = 0.00>
ST_1 : Operation 27 [1/1] (0.00ns)   --->   "%out_r_read = read i64 @_ssdm_op_Read.ap_auto.i64, i64 %out_r"   --->   Operation 27 'read' 'out_r_read' <Predicate = true> <Delay = 0.00>
ST_1 : Operation 28 [1/1] (0.00ns)   --->   "%vCol_cast_read = read i32 @_ssdm_op_Read.ap_auto.i32, i32 %vCol_cast"   --->   Operation 28 'read' 'vCol_cast_read' <Predicate = true> <Delay = 0.00>
ST_1 : Operation 29 [1/1] (0.00ns)   --->   "%p_cast_read = read i31 @_ssdm_op_Read.ap_auto.i31, i31 %p_cast"   --->   Operation 29 'read' 'p_cast_read' <Predicate = true> <Delay = 0.00>
ST_1 : Operation 30 [1/1] (0.00ns)   --->   "%vRow_read = read i32 @_ssdm_op_Read.ap_auto.i32, i32 %vRow"   --->   Operation 30 'read' 'vRow_read' <Predicate = true> <Delay = 0.00>
ST_1 : Operation 31 [1/1] (0.00ns)   --->   "%mul_ln19_read = read i64 @_ssdm_op_Read.ap_auto.i64, i64 %mul_ln19"   --->   Operation 31 'read' 'mul_ln19_read' <Predicate = true> <Delay = 0.00>
ST_1 : Operation 32 [1/1] (0.00ns)   --->   "%vCol_cast_cast = zext i32 %vCol_cast_read"   --->   Operation 32 'zext' 'vCol_cast_cast' <Predicate = true> <Delay = 0.00>
ST_1 : Operation 33 [1/1] (0.00ns)   --->   "%p_cast_cast = zext i31 %p_cast_read"   --->   Operation 33 'zext' 'p_cast_cast' <Predicate = true> <Delay = 0.00>
ST_1 : Operation 34 [1/1] (0.00ns)   --->   "%specinterface_ln0 = specinterface void @_ssdm_op_SpecInterface, i32 %gmem1, void @empty, i32 0, i32 0, void @empty_10, i32 0, i32 4096, void @empty_2, void @empty_1, void @empty_10, i32 16, i32 16, i32 16, i32 16, void @empty_10, void @empty_10, i32 4294967295, i32 0"   --->   Operation 34 'specinterface' 'specinterface_ln0' <Predicate = true> <Delay = 0.00>
ST_1 : Operation 35 [1/1] (0.00ns)   --->   "%specinterface_ln0 = specinterface void @_ssdm_op_SpecInterface, i32 %gmem0, void @empty, i32 0, i32 0, void @empty_10, i32 0, i32 4096, void @empty_0, void @empty_1, void @empty_10, i32 16, i32 16, i32 16, i32 16, void @empty_10, void @empty_10, i32 4294967295, i32 0"   --->   Operation 35 'specinterface' 'specinterface_ln0' <Predicate = true> <Delay = 0.00>
ST_1 : Operation 36 [1/1] (1.17ns)   --->   "%store_ln0 = store i64 0, i64 %indvar_flatten"   --->   Operation 36 'store' 'store_ln0' <Predicate = true> <Delay = 1.17>
ST_1 : Operation 37 [1/1] (1.17ns)   --->   "%store_ln23 = store i31 0, i31 %i" [sum_matrix.cpp:23]   --->   Operation 37 'store' 'store_ln23' <Predicate = true> <Delay = 1.17>
ST_1 : Operation 38 [1/1] (1.17ns)   --->   "%store_ln24 = store i31 0, i31 %j" [sum_matrix.cpp:24]   --->   Operation 38 'store' 'store_ln24' <Predicate = true> <Delay = 1.17>
ST_1 : Operation 39 [1/1] (1.17ns)   --->   "%br_ln0 = br void %for.inc"   --->   Operation 39 'br' 'br_ln0' <Predicate = true> <Delay = 1.17>

State 2 <SV = 1> <Delay = 4.64>
ST_2 : Operation 40 [1/1] (0.00ns)   --->   "%first_iter_0 = phi i1 1, void %newFuncRoot, i1 0, void %new.latch.for.inc.split"   --->   Operation 40 'phi' 'first_iter_0' <Predicate = true> <Delay = 0.00>
ST_2 : Operation 41 [1/1] (0.00ns)   --->   "%j_1 = load i31 %j" [sum_matrix.cpp:24]   --->   Operation 41 'load' 'j_1' <Predicate = true> <Delay = 0.00>
ST_2 : Operation 42 [1/1] (0.00ns)   --->   "%indvar_flatten_load = load i64 %indvar_flatten" [sum_matrix.cpp:23]   --->   Operation 42 'load' 'indvar_flatten_load' <Predicate = true> <Delay = 0.00>
ST_2 : Operation 43 [1/1] (0.00ns)   --->   "%specbitsmap_ln0 = specbitsmap void @_ssdm_op_SpecBitsMap, i32 %gmem1"   --->   Operation 43 'specbitsmap' 'specbitsmap_ln0' <Predicate = true> <Delay = 0.00>
ST_2 : Operation 44 [1/1] (0.00ns)   --->   "%specbitsmap_ln0 = specbitsmap void @_ssdm_op_SpecBitsMap, i32 %gmem0"   --->   Operation 44 'specbitsmap' 'specbitsmap_ln0' <Predicate = true> <Delay = 0.00>
ST_2 : Operation 45 [1/1] (2.70ns)   --->   "%icmp_ln23 = icmp_eq  i64 %indvar_flatten_load, i64 %mul_ln19_read" [sum_matrix.cpp:23]   --->   Operation 45 'icmp' 'icmp_ln23' <Predicate = true> <Delay = 2.70> <CoreInst = "Cmp">   --->   Core 9 'Cmp' <Latency = 0> <II = 1> <Delay = 2.70> <FuncUnit> <Opcode : 'icmp'> <InPorts = 2> <OutPorts = 1>
ST_2 : Operation 46 [1/1] (2.70ns)   --->   "%add_ln23 = add i64 %indvar_flatten_load, i64 1" [sum_matrix.cpp:23]   --->   Operation 46 'add' 'add_ln23' <Predicate = true> <Delay = 2.70> <CoreInst = "Adder">   --->   Core 1 'Adder' <Latency = 0> <II = 1> <Delay = 2.70> <FuncUnit> <Opcode : 'add' 'sub'> <InPorts = 2> <OutPorts = 1>
ST_2 : Operation 47 [1/1] (0.00ns)   --->   "%br_ln23 = br i1 %icmp_ln23, void %for.inc14.loopexit, void %for.end16.loopexit.exitStub" [sum_matrix.cpp:23]   --->   Operation 47 'br' 'br_ln23' <Predicate = true> <Delay = 0.00>
ST_2 : Operation 48 [1/1] (0.00ns)   --->   "%i_load = load i31 %i" [sum_matrix.cpp:23]   --->   Operation 48 'load' 'i_load' <Predicate = (!icmp_ln23)> <Delay = 0.00>
ST_2 : Operation 49 [1/1] (0.00ns)   --->   "%zext_ln24 = zext i31 %j_1" [sum_matrix.cpp:24]   --->   Operation 49 'zext' 'zext_ln24' <Predicate = (!icmp_ln23)> <Delay = 0.00>
ST_2 : Operation 50 [1/1] (2.00ns)   --->   "%icmp_ln24 = icmp_slt  i32 %zext_ln24, i32 %vRow_read" [sum_matrix.cpp:24]   --->   Operation 50 'icmp' 'icmp_ln24' <Predicate = (!icmp_ln23)> <Delay = 2.00> <CoreInst = "Cmp">   --->   Core 9 'Cmp' <Latency = 0> <II = 1> <Delay = 2.00> <FuncUnit> <Opcode : 'icmp'> <InPorts = 2> <OutPorts = 1>
ST_2 : Operation 51 [1/1] (0.00ns) (grouped into LUT with out node or_ln23)   --->   "%xor_ln23 = xor i1 %icmp_ln24, i1 1" [sum_matrix.cpp:23]   --->   Operation 51 'xor' 'xor_ln23' <Predicate = (!icmp_ln23)> <Delay = 0.00> <CoreInst = "LogicGate">   --->   Core 74 'LogicGate' <Latency = 0> <II = 1> <Delay = 0.71> <FuncUnit> <Opcode : 'and' 'or' 'xor'> <InPorts = 2> <OutPorts = 1>
ST_2 : Operation 52 [1/1] (0.71ns) (out node of the LUT)   --->   "%or_ln23 = or i1 %first_iter_0, i1 %xor_ln23" [sum_matrix.cpp:23]   --->   Operation 52 'or' 'or_ln23' <Predicate = (!icmp_ln23)> <Delay = 0.71> <CoreInst = "LogicGate">   --->   Core 74 'LogicGate' <Latency = 0> <II = 1> <Delay = 0.71> <FuncUnit> <Opcode : 'and' 'or' 'xor'> <InPorts = 2> <OutPorts = 1>
ST_2 : Operation 53 [1/1] (1.99ns)   --->   "%add_ln23_2 = add i31 %i_load, i31 1" [sum_matrix.cpp:23]   --->   Operation 53 'add' 'add_ln23_2' <Predicate = (!icmp_ln23)> <Delay = 1.99> <CoreInst = "Adder">   --->   Core 1 'Adder' <Latency = 0> <II = 1> <Delay = 1.99> <FuncUnit> <Opcode : 'add' 'sub'> <InPorts = 2> <OutPorts = 1>
ST_2 : Operation 54 [1/1] (0.63ns)   --->   "%select_ln23 = select i1 %icmp_ln24, i31 %i_load, i31 %add_ln23_2" [sum_matrix.cpp:23]   --->   Operation 54 'select' 'select_ln23' <Predicate = (!icmp_ln23)> <Delay = 0.63> <CoreInst = "Sel">   --->   Core 73 'Sel' <Latency = 0> <II = 1> <Delay = 0.63> <FuncUnit> <Opcode : 'select'> <InPorts = 3> <OutPorts = 1>
ST_2 : Operation 55 [1/1] (0.00ns)   --->   "%br_ln24 = br i1 %or_ln23, void %for.inc.split, void %for.first.iter.for.inc" [sum_matrix.cpp:24]   --->   Operation 55 'br' 'br_ln24' <Predicate = (!icmp_ln23)> <Delay = 0.00>
ST_2 : Operation 56 [1/1] (1.99ns)   --->   "%add_ln24 = add i31 %j_1, i31 1" [sum_matrix.cpp:24]   --->   Operation 56 'add' 'add_ln24' <Predicate = (!icmp_ln23)> <Delay = 1.99> <CoreInst = "Adder">   --->   Core 1 'Adder' <Latency = 0> <II = 1> <Delay = 1.99> <FuncUnit> <Opcode : 'add' 'sub'> <InPorts = 2> <OutPorts = 1>
ST_2 : Operation 57 [1/1] (0.63ns)   --->   "%select_ln24 = select i1 %icmp_ln24, i31 %add_ln24, i31 1" [sum_matrix.cpp:24]   --->   Operation 57 'select' 'select_ln24' <Predicate = (!icmp_ln23)> <Delay = 0.63> <CoreInst = "Sel">   --->   Core 73 'Sel' <Latency = 0> <II = 1> <Delay = 0.63> <FuncUnit> <Opcode : 'select'> <InPorts = 3> <OutPorts = 1>
ST_2 : Operation 58 [1/1] (0.00ns)   --->   "%zext_ln24_1 = zext i31 %select_ln24" [sum_matrix.cpp:24]   --->   Operation 58 'zext' 'zext_ln24_1' <Predicate = (!icmp_ln23)> <Delay = 0.00>
ST_2 : Operation 59 [1/1] (2.00ns)   --->   "%icmp_ln24_1 = icmp_slt  i32 %zext_ln24_1, i32 %vRow_read" [sum_matrix.cpp:24]   --->   Operation 59 'icmp' 'icmp_ln24_1' <Predicate = (!icmp_ln23)> <Delay = 2.00> <CoreInst = "Cmp">   --->   Core 9 'Cmp' <Latency = 0> <II = 1> <Delay = 2.00> <FuncUnit> <Opcode : 'icmp'> <InPorts = 2> <OutPorts = 1>
ST_2 : Operation 60 [1/1] (0.00ns)   --->   "%br_ln24 = br i1 %icmp_ln24_1, void %last.iter.for.inc.split, void %new.latch.for.inc.split" [sum_matrix.cpp:24]   --->   Operation 60 'br' 'br_ln24' <Predicate = (!icmp_ln23)> <Delay = 0.00>
ST_2 : Operation 61 [1/1] (1.17ns)   --->   "%store_ln23 = store i64 %add_ln23, i64 %indvar_flatten" [sum_matrix.cpp:23]   --->   Operation 61 'store' 'store_ln23' <Predicate = (!icmp_ln23)> <Delay = 1.17>
ST_2 : Operation 62 [1/1] (1.17ns)   --->   "%store_ln23 = store i31 %select_ln23, i31 %i" [sum_matrix.cpp:23]   --->   Operation 62 'store' 'store_ln23' <Predicate = (!icmp_ln23)> <Delay = 1.17>
ST_2 : Operation 63 [1/1] (1.17ns)   --->   "%store_ln24 = store i31 %select_ln24, i31 %j" [sum_matrix.cpp:24]   --->   Operation 63 'store' 'store_ln24' <Predicate = (!icmp_ln23)> <Delay = 1.17>
ST_2 : Operation 64 [1/1] (0.00ns)   --->   "%br_ln24 = br void %for.inc" [sum_matrix.cpp:24]   --->   Operation 64 'br' 'br_ln24' <Predicate = (!icmp_ln23)> <Delay = 0.00>

State 3 <SV = 2> <Delay = 6.12>
ST_3 : Operation 65 [1/1] (0.00ns)   --->   "%zext_ln23 = zext i31 %select_ln23" [sum_matrix.cpp:23]   --->   Operation 65 'zext' 'zext_ln23' <Predicate = true> <Delay = 0.00>
ST_3 : Operation 66 [1/1] (6.12ns)   --->   "%mul_ln23 = mul i62 %zext_ln23, i62 %vCol_cast_cast" [sum_matrix.cpp:23]   --->   Operation 66 'mul' 'mul_ln23' <Predicate = true> <Delay = 6.12> <CoreInst = "Multiplier">   --->   Core 3 'Multiplier' <Latency = 0> <II = 1> <Delay = 6.12> <FuncUnit> <Opcode : 'mul'> <InPorts = 2> <OutPorts = 1>

State 4 <SV = 3> <Delay = 2.70>
ST_4 : Operation 67 [1/1] (0.00ns)   --->   "%p_mid = bitconcatenate i64 @_ssdm_op_BitConcatenate.i64.i62.i2, i62 %mul_ln23, i2 0" [sum_matrix.cpp:23]   --->   Operation 67 'bitconcatenate' 'p_mid' <Predicate = true> <Delay = 0.00>
ST_4 : Operation 68 [1/1] (2.70ns)   --->   "%add_ln23_1 = add i64 %p_mid, i64 %out_r_read" [sum_matrix.cpp:23]   --->   Operation 68 'add' 'add_ln23_1' <Predicate = true> <Delay = 2.70> <CoreInst = "Adder">   --->   Core 1 'Adder' <Latency = 0> <II = 1> <Delay = 2.70> <FuncUnit> <Opcode : 'add' 'sub'> <InPorts = 2> <OutPorts = 1>
ST_4 : Operation 69 [1/1] (0.00ns)   --->   "%sext_ln24_2_mid2_v = partselect i62 @_ssdm_op_PartSelect.i62.i64.i32.i32, i64 %add_ln23_1, i32 2, i32 63" [sum_matrix.cpp:23]   --->   Operation 69 'partselect' 'sext_ln24_2_mid2_v' <Predicate = true> <Delay = 0.00>
ST_4 : Operation 70 [1/1] (2.70ns)   --->   "%empty_20 = add i64 %p_mid, i64 %in2_read" [sum_matrix.cpp:23]   --->   Operation 70 'add' 'empty_20' <Predicate = true> <Delay = 2.70> <CoreInst = "Adder">   --->   Core 1 'Adder' <Latency = 0> <II = 1> <Delay = 2.70> <FuncUnit> <Opcode : 'add' 'sub'> <InPorts = 2> <OutPorts = 1>
ST_4 : Operation 71 [1/1] (2.70ns)   --->   "%empty_21 = add i64 %p_mid, i64 %in1_read" [sum_matrix.cpp:23]   --->   Operation 71 'add' 'empty_21' <Predicate = true> <Delay = 2.70> <CoreInst = "Adder">   --->   Core 1 'Adder' <Latency = 0> <II = 1> <Delay = 2.70> <FuncUnit> <Opcode : 'add' 'sub'> <InPorts = 2> <OutPorts = 1>
ST_4 : Operation 72 [1/1] (0.00ns)   --->   "%trunc_ln1 = partselect i62 @_ssdm_op_PartSelect.i62.i64.i32.i32, i64 %empty_21, i32 2, i32 63" [sum_matrix.cpp:24]   --->   Operation 72 'partselect' 'trunc_ln1' <Predicate = true> <Delay = 0.00>
ST_4 : Operation 73 [1/1] (0.00ns)   --->   "%sext_ln24 = sext i62 %trunc_ln1" [sum_matrix.cpp:24]   --->   Operation 73 'sext' 'sext_ln24' <Predicate = true> <Delay = 0.00>
ST_4 : Operation 74 [1/1] (0.00ns)   --->   "%gmem0_addr = getelementptr i32 %gmem0, i64 %sext_ln24" [sum_matrix.cpp:24]   --->   Operation 74 'getelementptr' 'gmem0_addr' <Predicate = true> <Delay = 0.00>
ST_4 : Operation 75 [1/1] (0.00ns)   --->   "%trunc_ln24_1 = partselect i62 @_ssdm_op_PartSelect.i62.i64.i32.i32, i64 %empty_20, i32 2, i32 63" [sum_matrix.cpp:24]   --->   Operation 75 'partselect' 'trunc_ln24_1' <Predicate = true> <Delay = 0.00>
ST_4 : Operation 76 [1/1] (0.00ns)   --->   "%sext_ln24_1 = sext i62 %trunc_ln24_1" [sum_matrix.cpp:24]   --->   Operation 76 'sext' 'sext_ln24_1' <Predicate = true> <Delay = 0.00>
ST_4 : Operation 77 [1/1] (0.00ns)   --->   "%gmem1_addr = getelementptr i32 %gmem1, i64 %sext_ln24_1" [sum_matrix.cpp:24]   --->   Operation 77 'getelementptr' 'gmem1_addr' <Predicate = true> <Delay = 0.00>

State 5 <SV = 4> <Delay = 7.30>
ST_5 : Operation 78 [1/1] (0.00ns)   --->   "%specloopname_ln0 = specloopname void @_ssdm_op_SpecLoopName, void @VITIS_LOOP_23_1_VITIS_LOOP_24_2_str"   --->   Operation 78 'specloopname' 'specloopname_ln0' <Predicate = true> <Delay = 0.00>
ST_5 : Operation 79 [1/1] (0.00ns)   --->   "%sext_ln23 = sext i62 %sext_ln24_2_mid2_v" [sum_matrix.cpp:23]   --->   Operation 79 'sext' 'sext_ln23' <Predicate = true> <Delay = 0.00>
ST_5 : Operation 80 [8/8] (7.30ns)   --->   "%empty_17 = readreq i1 @_ssdm_op_ReadReq.m_axi.p1i32, i32 %gmem0_addr, i32 %p_cast_cast" [sum_matrix.cpp:24]   --->   Operation 80 'readreq' 'empty_17' <Predicate = (or_ln23)> <Delay = 7.30> <CoreInst = "m_axi">   --->   Core 113 'm_axi' <Latency = 0> <II = 1> <Delay = 1.00> <Adapter> <Opcode : 'read' 'write' 'readreq' 'writereq' 'writeresp'>
ST_5 : Operation 81 [8/8] (7.30ns)   --->   "%empty_18 = readreq i1 @_ssdm_op_ReadReq.m_axi.p1i32, i32 %gmem1_addr, i32 %p_cast_cast" [sum_matrix.cpp:24]   --->   Operation 81 'readreq' 'empty_18' <Predicate = (or_ln23)> <Delay = 7.30> <CoreInst = "m_axi">   --->   Core 113 'm_axi' <Latency = 0> <II = 1> <Delay = 1.00> <Adapter> <Opcode : 'read' 'write' 'readreq' 'writereq' 'writeresp'>
ST_5 : Operation 82 [1/1] (0.00ns)   --->   "%gmem0_addr_1 = getelementptr i32 %gmem0, i64 %sext_ln23" [sum_matrix.cpp:24]   --->   Operation 82 'getelementptr' 'gmem0_addr_1' <Predicate = (or_ln23)> <Delay = 0.00>
ST_5 : Operation 83 [1/1] (7.30ns)   --->   "%empty_19 = writereq i1 @_ssdm_op_WriteReq.m_axi.p1i32, i32 %gmem0_addr_1, i32 %p_cast_cast" [sum_matrix.cpp:24]   --->   Operation 83 'writereq' 'empty_19' <Predicate = (or_ln23)> <Delay = 7.30> <CoreInst = "m_axi">   --->   Core 113 'm_axi' <Latency = 0> <II = 1> <Delay = 1.00> <Adapter> <Opcode : 'read' 'write' 'readreq' 'writereq' 'writeresp'>
ST_5 : Operation 84 [1/1] (0.00ns)   --->   "%gmem0_addr_2 = getelementptr i32 %gmem0, i64 %sext_ln23" [sum_matrix.cpp:24]   --->   Operation 84 'getelementptr' 'gmem0_addr_2' <Predicate = true> <Delay = 0.00>

State 6 <SV = 5> <Delay = 7.30>
ST_6 : Operation 85 [7/8] (7.30ns)   --->   "%empty_17 = readreq i1 @_ssdm_op_ReadReq.m_axi.p1i32, i32 %gmem0_addr, i32 %p_cast_cast" [sum_matrix.cpp:24]   --->   Operation 85 'readreq' 'empty_17' <Predicate = (or_ln23)> <Delay = 7.30> <CoreInst = "m_axi">   --->   Core 113 'm_axi' <Latency = 0> <II = 1> <Delay = 1.00> <Adapter> <Opcode : 'read' 'write' 'readreq' 'writereq' 'writeresp'>
ST_6 : Operation 86 [7/8] (7.30ns)   --->   "%empty_18 = readreq i1 @_ssdm_op_ReadReq.m_axi.p1i32, i32 %gmem1_addr, i32 %p_cast_cast" [sum_matrix.cpp:24]   --->   Operation 86 'readreq' 'empty_18' <Predicate = (or_ln23)> <Delay = 7.30> <CoreInst = "m_axi">   --->   Core 113 'm_axi' <Latency = 0> <II = 1> <Delay = 1.00> <Adapter> <Opcode : 'read' 'write' 'readreq' 'writereq' 'writeresp'>

State 7 <SV = 6> <Delay = 7.30>
ST_7 : Operation 87 [6/8] (7.30ns)   --->   "%empty_17 = readreq i1 @_ssdm_op_ReadReq.m_axi.p1i32, i32 %gmem0_addr, i32 %p_cast_cast" [sum_matrix.cpp:24]   --->   Operation 87 'readreq' 'empty_17' <Predicate = (or_ln23)> <Delay = 7.30> <CoreInst = "m_axi">   --->   Core 113 'm_axi' <Latency = 0> <II = 1> <Delay = 1.00> <Adapter> <Opcode : 'read' 'write' 'readreq' 'writereq' 'writeresp'>
ST_7 : Operation 88 [6/8] (7.30ns)   --->   "%empty_18 = readreq i1 @_ssdm_op_ReadReq.m_axi.p1i32, i32 %gmem1_addr, i32 %p_cast_cast" [sum_matrix.cpp:24]   --->   Operation 88 'readreq' 'empty_18' <Predicate = (or_ln23)> <Delay = 7.30> <CoreInst = "m_axi">   --->   Core 113 'm_axi' <Latency = 0> <II = 1> <Delay = 1.00> <Adapter> <Opcode : 'read' 'write' 'readreq' 'writereq' 'writeresp'>

State 8 <SV = 7> <Delay = 7.30>
ST_8 : Operation 89 [5/8] (7.30ns)   --->   "%empty_17 = readreq i1 @_ssdm_op_ReadReq.m_axi.p1i32, i32 %gmem0_addr, i32 %p_cast_cast" [sum_matrix.cpp:24]   --->   Operation 89 'readreq' 'empty_17' <Predicate = (or_ln23)> <Delay = 7.30> <CoreInst = "m_axi">   --->   Core 113 'm_axi' <Latency = 0> <II = 1> <Delay = 1.00> <Adapter> <Opcode : 'read' 'write' 'readreq' 'writereq' 'writeresp'>
ST_8 : Operation 90 [5/8] (7.30ns)   --->   "%empty_18 = readreq i1 @_ssdm_op_ReadReq.m_axi.p1i32, i32 %gmem1_addr, i32 %p_cast_cast" [sum_matrix.cpp:24]   --->   Operation 90 'readreq' 'empty_18' <Predicate = (or_ln23)> <Delay = 7.30> <CoreInst = "m_axi">   --->   Core 113 'm_axi' <Latency = 0> <II = 1> <Delay = 1.00> <Adapter> <Opcode : 'read' 'write' 'readreq' 'writereq' 'writeresp'>

State 9 <SV = 8> <Delay = 7.30>
ST_9 : Operation 91 [4/8] (7.30ns)   --->   "%empty_17 = readreq i1 @_ssdm_op_ReadReq.m_axi.p1i32, i32 %gmem0_addr, i32 %p_cast_cast" [sum_matrix.cpp:24]   --->   Operation 91 'readreq' 'empty_17' <Predicate = (or_ln23)> <Delay = 7.30> <CoreInst = "m_axi">   --->   Core 113 'm_axi' <Latency = 0> <II = 1> <Delay = 1.00> <Adapter> <Opcode : 'read' 'write' 'readreq' 'writereq' 'writeresp'>
ST_9 : Operation 92 [4/8] (7.30ns)   --->   "%empty_18 = readreq i1 @_ssdm_op_ReadReq.m_axi.p1i32, i32 %gmem1_addr, i32 %p_cast_cast" [sum_matrix.cpp:24]   --->   Operation 92 'readreq' 'empty_18' <Predicate = (or_ln23)> <Delay = 7.30> <CoreInst = "m_axi">   --->   Core 113 'm_axi' <Latency = 0> <II = 1> <Delay = 1.00> <Adapter> <Opcode : 'read' 'write' 'readreq' 'writereq' 'writeresp'>

State 10 <SV = 9> <Delay = 7.30>
ST_10 : Operation 93 [3/8] (7.30ns)   --->   "%empty_17 = readreq i1 @_ssdm_op_ReadReq.m_axi.p1i32, i32 %gmem0_addr, i32 %p_cast_cast" [sum_matrix.cpp:24]   --->   Operation 93 'readreq' 'empty_17' <Predicate = (or_ln23)> <Delay = 7.30> <CoreInst = "m_axi">   --->   Core 113 'm_axi' <Latency = 0> <II = 1> <Delay = 1.00> <Adapter> <Opcode : 'read' 'write' 'readreq' 'writereq' 'writeresp'>
ST_10 : Operation 94 [3/8] (7.30ns)   --->   "%empty_18 = readreq i1 @_ssdm_op_ReadReq.m_axi.p1i32, i32 %gmem1_addr, i32 %p_cast_cast" [sum_matrix.cpp:24]   --->   Operation 94 'readreq' 'empty_18' <Predicate = (or_ln23)> <Delay = 7.30> <CoreInst = "m_axi">   --->   Core 113 'm_axi' <Latency = 0> <II = 1> <Delay = 1.00> <Adapter> <Opcode : 'read' 'write' 'readreq' 'writereq' 'writeresp'>

State 11 <SV = 10> <Delay = 7.30>
ST_11 : Operation 95 [2/8] (7.30ns)   --->   "%empty_17 = readreq i1 @_ssdm_op_ReadReq.m_axi.p1i32, i32 %gmem0_addr, i32 %p_cast_cast" [sum_matrix.cpp:24]   --->   Operation 95 'readreq' 'empty_17' <Predicate = (or_ln23)> <Delay = 7.30> <CoreInst = "m_axi">   --->   Core 113 'm_axi' <Latency = 0> <II = 1> <Delay = 1.00> <Adapter> <Opcode : 'read' 'write' 'readreq' 'writereq' 'writeresp'>
ST_11 : Operation 96 [2/8] (7.30ns)   --->   "%empty_18 = readreq i1 @_ssdm_op_ReadReq.m_axi.p1i32, i32 %gmem1_addr, i32 %p_cast_cast" [sum_matrix.cpp:24]   --->   Operation 96 'readreq' 'empty_18' <Predicate = (or_ln23)> <Delay = 7.30> <CoreInst = "m_axi">   --->   Core 113 'm_axi' <Latency = 0> <II = 1> <Delay = 1.00> <Adapter> <Opcode : 'read' 'write' 'readreq' 'writereq' 'writeresp'>

State 12 <SV = 11> <Delay = 7.30>
ST_12 : Operation 97 [1/8] (7.30ns)   --->   "%empty_17 = readreq i1 @_ssdm_op_ReadReq.m_axi.p1i32, i32 %gmem0_addr, i32 %p_cast_cast" [sum_matrix.cpp:24]   --->   Operation 97 'readreq' 'empty_17' <Predicate = (or_ln23)> <Delay = 7.30> <CoreInst = "m_axi">   --->   Core 113 'm_axi' <Latency = 0> <II = 1> <Delay = 1.00> <Adapter> <Opcode : 'read' 'write' 'readreq' 'writereq' 'writeresp'>
ST_12 : Operation 98 [1/8] (7.30ns)   --->   "%empty_18 = readreq i1 @_ssdm_op_ReadReq.m_axi.p1i32, i32 %gmem1_addr, i32 %p_cast_cast" [sum_matrix.cpp:24]   --->   Operation 98 'readreq' 'empty_18' <Predicate = (or_ln23)> <Delay = 7.30> <CoreInst = "m_axi">   --->   Core 113 'm_axi' <Latency = 0> <II = 1> <Delay = 1.00> <Adapter> <Opcode : 'read' 'write' 'readreq' 'writereq' 'writeresp'>
ST_12 : Operation 99 [1/1] (0.00ns)   --->   "%br_ln24 = br void %for.inc.split" [sum_matrix.cpp:24]   --->   Operation 99 'br' 'br_ln24' <Predicate = (or_ln23)> <Delay = 0.00>

State 13 <SV = 12> <Delay = 7.30>
ST_13 : Operation 100 [1/1] (7.30ns)   --->   "%gmem0_addr_read = read i32 @_ssdm_op_Read.m_axi.p1i32, i32 %gmem0_addr" [sum_matrix.cpp:25]   --->   Operation 100 'read' 'gmem0_addr_read' <Predicate = true> <Delay = 7.30> <CoreInst = "m_axi">   --->   Core 113 'm_axi' <Latency = 0> <II = 1> <Delay = 1.00> <Adapter> <Opcode : 'read' 'write' 'readreq' 'writereq' 'writeresp'>
ST_13 : Operation 101 [1/1] (7.30ns)   --->   "%gmem1_addr_read = read i32 @_ssdm_op_Read.m_axi.p1i32, i32 %gmem1_addr" [sum_matrix.cpp:25]   --->   Operation 101 'read' 'gmem1_addr_read' <Predicate = true> <Delay = 7.30> <CoreInst = "m_axi">   --->   Core 113 'm_axi' <Latency = 0> <II = 1> <Delay = 1.00> <Adapter> <Opcode : 'read' 'write' 'readreq' 'writereq' 'writeresp'>

State 14 <SV = 13> <Delay = 2.00>
ST_14 : Operation 102 [1/1] (2.00ns)   --->   "%add_ln25 = add i32 %gmem1_addr_read, i32 %gmem0_addr_read" [sum_matrix.cpp:25]   --->   Operation 102 'add' 'add_ln25' <Predicate = true> <Delay = 2.00> <CoreInst = "Adder">   --->   Core 1 'Adder' <Latency = 0> <II = 1> <Delay = 2.00> <FuncUnit> <Opcode : 'add' 'sub'> <InPorts = 2> <OutPorts = 1>

State 15 <SV = 14> <Delay = 7.30>
ST_15 : Operation 103 [1/1] (0.00ns)   --->   "%specpipeline_ln24 = specpipeline void @_ssdm_op_SpecPipeline, i32 4294967295, i32 0, i32 0, i32 0, void @empty_10" [sum_matrix.cpp:24]   --->   Operation 103 'specpipeline' 'specpipeline_ln24' <Predicate = true> <Delay = 0.00>
ST_15 : Operation 104 [1/1] (7.30ns)   --->   "%write_ln25 = write void @_ssdm_op_Write.m_axi.p1i32, i32 %gmem0_addr_2, i32 %add_ln25, i4 15" [sum_matrix.cpp:25]   --->   Operation 104 'write' 'write_ln25' <Predicate = true> <Delay = 7.30> <CoreInst = "m_axi">   --->   Core 113 'm_axi' <Latency = 0> <II = 1> <Delay = 1.00> <Adapter> <Opcode : 'read' 'write' 'readreq' 'writereq' 'writeresp'>

State 16 <SV = 15> <Delay = 7.30>
ST_16 : Operation 105 [5/5] (7.30ns)   --->   "%empty = writeresp i1 @_ssdm_op_WriteResp.m_axi.p1i32, i32 %gmem0_addr_2" [sum_matrix.cpp:23]   --->   Operation 105 'writeresp' 'empty' <Predicate = (!icmp_ln24_1)> <Delay = 7.30> <CoreInst = "m_axi">   --->   Core 113 'm_axi' <Latency = 0> <II = 1> <Delay = 1.00> <Adapter> <Opcode : 'read' 'write' 'readreq' 'writereq' 'writeresp'>

State 17 <SV = 16> <Delay = 7.30>
ST_17 : Operation 106 [4/5] (7.30ns)   --->   "%empty = writeresp i1 @_ssdm_op_WriteResp.m_axi.p1i32, i32 %gmem0_addr_2" [sum_matrix.cpp:23]   --->   Operation 106 'writeresp' 'empty' <Predicate = (!icmp_ln24_1)> <Delay = 7.30> <CoreInst = "m_axi">   --->   Core 113 'm_axi' <Latency = 0> <II = 1> <Delay = 1.00> <Adapter> <Opcode : 'read' 'write' 'readreq' 'writereq' 'writeresp'>

State 18 <SV = 17> <Delay = 7.30>
ST_18 : Operation 107 [3/5] (7.30ns)   --->   "%empty = writeresp i1 @_ssdm_op_WriteResp.m_axi.p1i32, i32 %gmem0_addr_2" [sum_matrix.cpp:23]   --->   Operation 107 'writeresp' 'empty' <Predicate = (!icmp_ln24_1)> <Delay = 7.30> <CoreInst = "m_axi">   --->   Core 113 'm_axi' <Latency = 0> <II = 1> <Delay = 1.00> <Adapter> <Opcode : 'read' 'write' 'readreq' 'writereq' 'writeresp'>

State 19 <SV = 18> <Delay = 7.30>
ST_19 : Operation 108 [2/5] (7.30ns)   --->   "%empty = writeresp i1 @_ssdm_op_WriteResp.m_axi.p1i32, i32 %gmem0_addr_2" [sum_matrix.cpp:23]   --->   Operation 108 'writeresp' 'empty' <Predicate = (!icmp_ln24_1)> <Delay = 7.30> <CoreInst = "m_axi">   --->   Core 113 'm_axi' <Latency = 0> <II = 1> <Delay = 1.00> <Adapter> <Opcode : 'read' 'write' 'readreq' 'writereq' 'writeresp'>
ST_19 : Operation 111 [1/1] (0.00ns)   --->   "%ret_ln0 = ret"   --->   Operation 111 'ret' 'ret_ln0' <Predicate = (icmp_ln23)> <Delay = 0.00>

State 20 <SV = 19> <Delay = 7.30>
ST_20 : Operation 109 [1/5] (7.30ns)   --->   "%empty = writeresp i1 @_ssdm_op_WriteResp.m_axi.p1i32, i32 %gmem0_addr_2" [sum_matrix.cpp:23]   --->   Operation 109 'writeresp' 'empty' <Predicate = (!icmp_ln24_1)> <Delay = 7.30> <CoreInst = "m_axi">   --->   Core 113 'm_axi' <Latency = 0> <II = 1> <Delay = 1.00> <Adapter> <Opcode : 'read' 'write' 'readreq' 'writereq' 'writeresp'>
ST_20 : Operation 110 [1/1] (0.00ns)   --->   "%br_ln24 = br void %new.latch.for.inc.split" [sum_matrix.cpp:24]   --->   Operation 110 'br' 'br_ln24' <Predicate = (!icmp_ln24_1)> <Delay = 0.00>


============================================================
+ Verbose Summary: Timing violations
============================================================
Target clock period: 10.000ns, clock uncertainty: 2.700ns.

 <State 1>: 1.173ns
The critical path consists of the following:
	'alloca' operation 64 bit ('indvar_flatten') [12]  (0.000 ns)
	'store' operation 0 bit ('store_ln0') of constant 0 on local variable 'indvar_flatten' [24]  (1.173 ns)

 <State 2>: 4.647ns
The critical path consists of the following:
	'load' operation 31 bit ('j', sum_matrix.cpp:24) on local variable 'j', sum_matrix.cpp:24 [30]  (0.000 ns)
	'icmp' operation 1 bit ('icmp_ln24', sum_matrix.cpp:24) [40]  (2.007 ns)
	'select' operation 31 bit ('select_ln24', sum_matrix.cpp:24) [75]  (0.633 ns)
	'icmp' operation 1 bit ('icmp_ln24_1', sum_matrix.cpp:24) [77]  (2.007 ns)

 <State 3>: 6.120ns
The critical path consists of the following:
	'mul' operation 62 bit ('mul_ln23', sum_matrix.cpp:23) [47]  (6.120 ns)

 <State 4>: 2.706ns
The critical path consists of the following:
	'add' operation 64 bit ('add_ln23_1', sum_matrix.cpp:23) [49]  (2.706 ns)

 <State 5>: 7.300ns
The critical path consists of the following:
	bus request operation ('empty_17', sum_matrix.cpp:24) on port 'gmem0' (sum_matrix.cpp:24) [62]  (7.300 ns)

 <State 6>: 7.300ns
The critical path consists of the following:
	bus request operation ('empty_17', sum_matrix.cpp:24) on port 'gmem0' (sum_matrix.cpp:24) [62]  (7.300 ns)

 <State 7>: 7.300ns
The critical path consists of the following:
	bus request operation ('empty_17', sum_matrix.cpp:24) on port 'gmem0' (sum_matrix.cpp:24) [62]  (7.300 ns)

 <State 8>: 7.300ns
The critical path consists of the following:
	bus request operation ('empty_17', sum_matrix.cpp:24) on port 'gmem0' (sum_matrix.cpp:24) [62]  (7.300 ns)

 <State 9>: 7.300ns
The critical path consists of the following:
	bus request operation ('empty_17', sum_matrix.cpp:24) on port 'gmem0' (sum_matrix.cpp:24) [62]  (7.300 ns)

 <State 10>: 7.300ns
The critical path consists of the following:
	bus request operation ('empty_17', sum_matrix.cpp:24) on port 'gmem0' (sum_matrix.cpp:24) [62]  (7.300 ns)

 <State 11>: 7.300ns
The critical path consists of the following:
	bus request operation ('empty_17', sum_matrix.cpp:24) on port 'gmem0' (sum_matrix.cpp:24) [62]  (7.300 ns)

 <State 12>: 7.300ns
The critical path consists of the following:
	bus request operation ('empty_17', sum_matrix.cpp:24) on port 'gmem0' (sum_matrix.cpp:24) [62]  (7.300 ns)

 <State 13>: 7.300ns
The critical path consists of the following:
	bus read operation ('gmem0_addr_read', sum_matrix.cpp:25) on port 'gmem0' (sum_matrix.cpp:25) [69]  (7.300 ns)

 <State 14>: 2.007ns
The critical path consists of the following:
	'add' operation 32 bit ('add_ln25', sum_matrix.cpp:25) [71]  (2.007 ns)

 <State 15>: 7.300ns
The critical path consists of the following:
	bus write operation ('write_ln25', sum_matrix.cpp:25) on port 'gmem0' (sum_matrix.cpp:25) [73]  (7.300 ns)

 <State 16>: 7.300ns
The critical path consists of the following:
	bus response operation ('empty', sum_matrix.cpp:23) on port 'gmem0' (sum_matrix.cpp:23) [80]  (7.300 ns)

 <State 17>: 7.300ns
The critical path consists of the following:
	bus response operation ('empty', sum_matrix.cpp:23) on port 'gmem0' (sum_matrix.cpp:23) [80]  (7.300 ns)

 <State 18>: 7.300ns
The critical path consists of the following:
	bus response operation ('empty', sum_matrix.cpp:23) on port 'gmem0' (sum_matrix.cpp:23) [80]  (7.300 ns)

 <State 19>: 7.300ns
The critical path consists of the following:
	bus response operation ('empty', sum_matrix.cpp:23) on port 'gmem0' (sum_matrix.cpp:23) [80]  (7.300 ns)

 <State 20>: 7.300ns
The critical path consists of the following:
	bus response operation ('empty', sum_matrix.cpp:23) on port 'gmem0' (sum_matrix.cpp:23) [80]  (7.300 ns)


============================================================
+ Verbose Summary: Binding
============================================================
N/A
* FSMD analyzer results:
  - Output states:
 - Input state : 
  - Chain level:
	State 1
	State 2
	State 3
	State 4
	State 5
	State 6
	State 7
	State 8
	State 9
	State 10
	State 11
	State 12
	State 13
	State 14
	State 15
	State 16
	State 17
	State 18
	State 19
	State 20


============================================================
+ Verbose Summary: Datapath Resource usage 
============================================================
N/A
