/home/gme/guilherme.manske/hls/sum_matrix/solution1/.autopilot/db/sum_matrix.pp.0.cpp:29350:7: warning: Added loop label VITIS_LOOP_1207_1:   [xilinx-label-all-loops]
      for (i = 0; i < __N - 1; ++i) {
      ^~~
      VITIS_LOOP_1207_1: 
/home/gme/guilherme.manske/hls/sum_matrix/solution1/.autopilot/db/sum_matrix.pp.0.cpp:29350:7: note: FIX-IT applied suggested code changes
/home/gme/guilherme.manske/hls/sum_matrix/solution1/.autopilot/db/sum_matrix.pp.0.cpp:30324:5: warning: Added loop label VITIS_LOOP_676_1:   [xilinx-label-all-loops]
    for (unsigned i = low; i != high; ++i) {
    ^~~
    VITIS_LOOP_676_1: 
/home/gme/guilherme.manske/hls/sum_matrix/solution1/.autopilot/db/sum_matrix.pp.0.cpp:30324:5: note: FIX-IT applied suggested code changes
/home/gme/guilherme.manske/hls/sum_matrix/solution1/.autopilot/db/sum_matrix.pp.0.cpp:30338:5: warning: Added loop label VITIS_LOOP_690_1:   [xilinx-label-all-loops]
    for (unsigned i = low; i != high; ++i) {
    ^~~
    VITIS_LOOP_690_1: 
/home/gme/guilherme.manske/hls/sum_matrix/solution1/.autopilot/db/sum_matrix.pp.0.cpp:30338:5: note: FIX-IT applied suggested code changes
/home/gme/guilherme.manske/hls/sum_matrix/solution1/.autopilot/db/sum_matrix.pp.0.cpp:30352:5: warning: Added loop label VITIS_LOOP_704_1:   [xilinx-label-all-loops]
    for (unsigned i = low; i != high; ++i) {
    ^~~
    VITIS_LOOP_704_1: 
/home/gme/guilherme.manske/hls/sum_matrix/solution1/.autopilot/db/sum_matrix.pp.0.cpp:30352:5: note: FIX-IT applied suggested code changes
/home/gme/guilherme.manske/hls/sum_matrix/solution1/.autopilot/db/sum_matrix.pp.0.cpp:31981:7: warning: Added loop label VITIS_LOOP_1247_1:   [xilinx-label-all-loops]
      for (i = 0; i < __N - 1; ++i) {
      ^~~
      VITIS_LOOP_1247_1: 
/home/gme/guilherme.manske/hls/sum_matrix/solution1/.autopilot/db/sum_matrix.pp.0.cpp:31981:7: note: FIX-IT applied suggested code changes
/home/gme/guilherme.manske/hls/sum_matrix/solution1/.autopilot/db/sum_matrix.pp.0.cpp:33771:2: warning: Added loop label VITIS_LOOP_23_1:   [xilinx-label-all-loops]
 for (int i=0; i<vCol; i++) {
 ^~~
 VITIS_LOOP_23_1: 
/home/gme/guilherme.manske/hls/sum_matrix/solution1/.autopilot/db/sum_matrix.pp.0.cpp:33771:2: note: FIX-IT applied suggested code changes
/home/gme/guilherme.manske/hls/sum_matrix/solution1/.autopilot/db/sum_matrix.pp.0.cpp:33772:9: warning: Added loop label VITIS_LOOP_24_2:   [xilinx-label-all-loops]
        for (int j=0; j<vRow; j++) {
        ^~~
        VITIS_LOOP_24_2: 
/home/gme/guilherme.manske/hls/sum_matrix/solution1/.autopilot/db/sum_matrix.pp.0.cpp:33772:9: note: FIX-IT applied suggested code changes
