###############################################################
#  Generated by:      Cadence Innovus 23.32-s091_1
#  OS:                Linux x86_64(Host ID cadmicro-inf-el8-623207)
#  Generated on:      Mon Apr 14 13:28:49 2025
#  Design:            signal_32bits
#  Command:           report_timing > reports/report_timing.rpt
###############################################################
Path 1: MET Path Delay Check
Endpoint:   S[31] (^)
Beginpoint: A[0]  (v) triggered by  leading edge of '@'
Path Groups: {default}
Analysis View: default_emulate_view
- External Delay                0.000
+ Path Delay                    9.900
= Required Time                 9.900
- Arrival Time                  9.245
= Slack Time                    0.655
     Clock Rise Edge                      0.000
     + Input Delay                        0.000
     = Beginpoint Arrival Time            0.000
     +--------------------------------------------------------------------------------------------------------+ 
     |          Instance           |       Arc       |           Cell            | Delay | Arrival | Required | 
     |                             |                 |                           |       |  Time   |   Time   | 
     |-----------------------------+-----------------+---------------------------+-------+---------+----------| 
     |                             | A[0] v          |                           |       |   0.000 |    0.655 | 
     | addinc_add_7_30_g2474__5107 | B v -> COUT v   | sky130_fd_sc_hd__fa_1     | 0.793 |   0.793 |    1.448 | 
     | addinc_add_7_30_g2473__2398 | CIN v -> COUT v | sky130_fd_sc_hd__fa_1     | 0.390 |   1.183 |    1.838 | 
     | addinc_add_7_30_g2472__5477 | CIN v -> COUT v | sky130_fd_sc_hd__fa_1     | 0.396 |   1.579 |    2.234 | 
     | addinc_add_7_30_g2471__6417 | CIN v -> COUT v | sky130_fd_sc_hd__fa_1     | 0.402 |   1.981 |    2.636 | 
     | addinc_add_7_30_g2470__7410 | CIN v -> COUT v | sky130_fd_sc_hd__fa_1     | 0.395 |   2.377 |    3.031 | 
     | addinc_add_7_30_g2469__1666 | CIN v -> COUT v | sky130_fd_sc_hd__fa_1     | 0.398 |   2.775 |    3.429 | 
     | addinc_add_7_30_g2468__2346 | CIN v -> COUT v | sky130_fd_sc_hd__fa_1     | 0.400 |   3.175 |    3.829 | 
     | addinc_add_7_30_g2467__2883 | CIN v -> COUT v | sky130_fd_sc_hd__fa_1     | 0.417 |   3.592 |    4.246 | 
     | addinc_add_7_30_g2466__9945 | B v -> Y ^      | sky130_fd_sc_hd__nand2b_1 | 0.120 |   3.711 |    4.366 | 
     | addinc_add_7_30_g2463__4733 | A2 ^ -> Y v     | sky130_fd_sc_hd__o221ai_1 | 0.139 |   3.851 |    4.505 | 
     | addinc_add_7_30_g2461__5115 | CIN v -> COUT v | sky130_fd_sc_hd__fa_1     | 0.414 |   4.264 |    4.919 | 
     | addinc_add_7_30_g2460__1881 | CIN v -> COUT v | sky130_fd_sc_hd__fa_1     | 0.389 |   4.654 |    5.308 | 
     | addinc_add_7_30_g2459__6131 | CIN v -> COUT v | sky130_fd_sc_hd__fa_1     | 0.398 |   5.051 |    5.706 | 
     | addinc_add_7_30_g2458__7098 | CIN v -> COUT v | sky130_fd_sc_hd__fa_1     | 0.397 |   5.449 |    6.103 | 
     | addinc_add_7_30_g2457__8246 | CIN v -> COUT v | sky130_fd_sc_hd__fa_1     | 0.397 |   5.846 |    6.500 | 
     | addinc_add_7_30_g2456__5122 | CIN v -> COUT v | sky130_fd_sc_hd__fa_1     | 0.418 |   6.264 |    6.919 | 
     | addinc_add_7_30_g2455__1705 | B v -> Y ^      | sky130_fd_sc_hd__nand2b_1 | 0.111 |   6.375 |    7.030 | 
     | addinc_add_7_30_g2453__1617 | B ^ -> Y v      | sky130_fd_sc_hd__nor2_1   | 0.057 |   6.432 |    7.087 | 
     | addinc_add_7_30_g2449__8428 | A1 v -> X v     | sky130_fd_sc_hd__a221o_1  | 0.376 |   6.808 |    7.463 | 
     | addinc_add_7_30_g2444__5477 | A1 v -> Y ^     | sky130_fd_sc_hd__a31oi_1  | 0.157 |   6.965 |    7.620 | 
     | addinc_add_7_30_g2439__2883 | A2 ^ -> X ^     | sky130_fd_sc_hd__o21a_1   | 0.134 |   7.099 |    7.753 | 
     | addinc_add_7_30_g2436__6161 | A2 ^ -> Y v     | sky130_fd_sc_hd__o21ai_1  | 0.087 |   7.185 |    7.840 | 
     | addinc_add_7_30_g2434__7482 | B v -> Y ^      | sky130_fd_sc_hd__nand2b_1 | 0.122 |   7.307 |    7.962 | 
     | addinc_add_7_30_g2431__6131 | B ^ -> X ^      | sky130_fd_sc_hd__or2_2    | 0.122 |   7.430 |    8.084 | 
     | addinc_add_7_30_g2428__5122 | A2 ^ -> Y v     | sky130_fd_sc_hd__o221ai_1 | 0.122 |   7.552 |    8.207 | 
     | addinc_add_7_30_g2426__2802 | CIN v -> COUT v | sky130_fd_sc_hd__fa_1     | 0.446 |   7.998 |    8.653 | 
     | addinc_add_7_30_g2425__1617 | A v -> X v      | sky130_fd_sc_hd__and2_1   | 0.178 |   8.176 |    8.831 | 
     | addinc_add_7_30_g2421__8428 | A1 v -> Y ^     | sky130_fd_sc_hd__a21oi_1  | 0.143 |   8.319 |    8.974 | 
     | addinc_add_7_30_g2418__5107 | A2 ^ -> Y v     | sky130_fd_sc_hd__o21ai_1  | 0.092 |   8.411 |    9.065 | 
     | addinc_add_7_30_g2417__2398 | CIN v -> SUM ^  | sky130_fd_sc_hd__fa_1     | 0.833 |   9.244 |    9.898 | 
     |                             | S[31] ^         |                           | 0.002 |   9.245 |    9.900 | 
     +--------------------------------------------------------------------------------------------------------+ 

