Analysis & Synthesis report for cla_16bits
Thu Mar 27 21:58:27 2025
Quartus II 64-Bit Version 13.1.0 Build 162 10/23/2013 SJ Web Edition


---------------------
; Table of Contents ;
---------------------
  1. Legal Notice
  2. Analysis & Synthesis Summary
  3. Analysis & Synthesis Settings
  4. Parallel Compilation
  5. Analysis & Synthesis Source Files Read
  6. Analysis & Synthesis Resource Usage Summary
  7. Analysis & Synthesis Resource Utilization by Entity
  8. General Register Statistics
  9. Parameter Settings for User Entity Instance: Top-level Entity: |cla_16bits
 10. Elapsed Time Per Partition
 11. Analysis & Synthesis Messages



----------------
; Legal Notice ;
----------------
Copyright (C) 1991-2013 Altera Corporation
Your use of Altera Corporation's design tools, logic functions 
and other software and tools, and its AMPP partner logic 
functions, and any output files from any of the foregoing 
(including device programming or simulation files), and any 
associated documentation or information are expressly subject 
to the terms and conditions of the Altera Program License 
Subscription Agreement, Altera MegaCore Function License 
Agreement, or other applicable license agreement, including, 
without limitation, that your use is for the sole purpose of 
programming logic devices manufactured by Altera and sold by 
Altera or its authorized distributors.  Please refer to the 
applicable agreement for further details.



+---------------------------------------------------------------------------------+
; Analysis & Synthesis Summary                                                    ;
+------------------------------------+--------------------------------------------+
; Analysis & Synthesis Status        ; Successful - Thu Mar 27 21:58:27 2025      ;
; Quartus II 64-Bit Version          ; 13.1.0 Build 162 10/23/2013 SJ Web Edition ;
; Revision Name                      ; cla_16bits                                 ;
; Top-level Entity Name              ; cla_16bits                                 ;
; Family                             ; Cyclone IV GX                              ;
; Total logic elements               ; 83                                         ;
;     Total combinational functions  ; 83                                         ;
;     Dedicated logic registers      ; 0                                          ;
; Total registers                    ; 0                                          ;
; Total pins                         ; 50                                         ;
; Total virtual pins                 ; 0                                          ;
; Total memory bits                  ; 0                                          ;
; Embedded Multiplier 9-bit elements ; 0                                          ;
; Total GXB Receiver Channel PCS     ; 0                                          ;
; Total GXB Receiver Channel PMA     ; 0                                          ;
; Total GXB Transmitter Channel PCS  ; 0                                          ;
; Total GXB Transmitter Channel PMA  ; 0                                          ;
; Total PLLs                         ; 0                                          ;
+------------------------------------+--------------------------------------------+


+----------------------------------------------------------------------------------------------------------------------+
; Analysis & Synthesis Settings                                                                                        ;
+----------------------------------------------------------------------------+--------------------+--------------------+
; Option                                                                     ; Setting            ; Default Value      ;
+----------------------------------------------------------------------------+--------------------+--------------------+
; Top-level entity name                                                      ; cla_16bits         ; cla_16bits         ;
; Family name                                                                ; Cyclone IV GX      ; Cyclone IV GX      ;
; Use smart compilation                                                      ; Off                ; Off                ;
; Enable parallel Assembler and TimeQuest Timing Analyzer during compilation ; On                 ; On                 ;
; Enable compact report table                                                ; Off                ; Off                ;
; Restructure Multiplexers                                                   ; Auto               ; Auto               ;
; Create Debugging Nodes for IP Cores                                        ; Off                ; Off                ;
; Preserve fewer node names                                                  ; On                 ; On                 ;
; Disable OpenCore Plus hardware evaluation                                  ; Off                ; Off                ;
; Verilog Version                                                            ; Verilog_2001       ; Verilog_2001       ;
; VHDL Version                                                               ; VHDL_1993          ; VHDL_1993          ;
; State Machine Processing                                                   ; Auto               ; Auto               ;
; Safe State Machine                                                         ; Off                ; Off                ;
; Extract Verilog State Machines                                             ; On                 ; On                 ;
; Extract VHDL State Machines                                                ; On                 ; On                 ;
; Ignore Verilog initial constructs                                          ; Off                ; Off                ;
; Iteration limit for constant Verilog loops                                 ; 5000               ; 5000               ;
; Iteration limit for non-constant Verilog loops                             ; 250                ; 250                ;
; Add Pass-Through Logic to Inferred RAMs                                    ; On                 ; On                 ;
; Infer RAMs from Raw Logic                                                  ; On                 ; On                 ;
; Parallel Synthesis                                                         ; On                 ; On                 ;
; DSP Block Balancing                                                        ; Auto               ; Auto               ;
; NOT Gate Push-Back                                                         ; On                 ; On                 ;
; Power-Up Don't Care                                                        ; On                 ; On                 ;
; Remove Redundant Logic Cells                                               ; Off                ; Off                ;
; Remove Duplicate Registers                                                 ; On                 ; On                 ;
; Ignore CARRY Buffers                                                       ; Off                ; Off                ;
; Ignore CASCADE Buffers                                                     ; Off                ; Off                ;
; Ignore GLOBAL Buffers                                                      ; Off                ; Off                ;
; Ignore ROW GLOBAL Buffers                                                  ; Off                ; Off                ;
; Ignore LCELL Buffers                                                       ; Off                ; Off                ;
; Ignore SOFT Buffers                                                        ; On                 ; On                 ;
; Limit AHDL Integers to 32 Bits                                             ; Off                ; Off                ;
; Optimization Technique                                                     ; Balanced           ; Balanced           ;
; Carry Chain Length                                                         ; 70                 ; 70                 ;
; Auto Carry Chains                                                          ; On                 ; On                 ;
; Auto Open-Drain Pins                                                       ; On                 ; On                 ;
; Perform WYSIWYG Primitive Resynthesis                                      ; Off                ; Off                ;
; Auto ROM Replacement                                                       ; On                 ; On                 ;
; Auto RAM Replacement                                                       ; On                 ; On                 ;
; Auto DSP Block Replacement                                                 ; On                 ; On                 ;
; Auto Shift Register Replacement                                            ; Auto               ; Auto               ;
; Allow Shift Register Merging across Hierarchies                            ; Auto               ; Auto               ;
; Auto Clock Enable Replacement                                              ; On                 ; On                 ;
; Strict RAM Replacement                                                     ; Off                ; Off                ;
; Allow Synchronous Control Signals                                          ; On                 ; On                 ;
; Force Use of Synchronous Clear Signals                                     ; Off                ; Off                ;
; Auto RAM Block Balancing                                                   ; On                 ; On                 ;
; Auto RAM to Logic Cell Conversion                                          ; Off                ; Off                ;
; Auto Resource Sharing                                                      ; Off                ; Off                ;
; Allow Any RAM Size For Recognition                                         ; Off                ; Off                ;
; Allow Any ROM Size For Recognition                                         ; Off                ; Off                ;
; Allow Any Shift Register Size For Recognition                              ; Off                ; Off                ;
; Use LogicLock Constraints during Resource Balancing                        ; On                 ; On                 ;
; Ignore translate_off and synthesis_off directives                          ; Off                ; Off                ;
; Timing-Driven Synthesis                                                    ; On                 ; On                 ;
; Report Parameter Settings                                                  ; On                 ; On                 ;
; Report Source Assignments                                                  ; On                 ; On                 ;
; Report Connectivity Checks                                                 ; On                 ; On                 ;
; Ignore Maximum Fan-Out Assignments                                         ; Off                ; Off                ;
; Synchronization Register Chain Length                                      ; 2                  ; 2                  ;
; PowerPlay Power Optimization                                               ; Normal compilation ; Normal compilation ;
; HDL message level                                                          ; Level2             ; Level2             ;
; Suppress Register Optimization Related Messages                            ; Off                ; Off                ;
; Number of Removed Registers Reported in Synthesis Report                   ; 5000               ; 5000               ;
; Number of Swept Nodes Reported in Synthesis Report                         ; 5000               ; 5000               ;
; Number of Inverted Registers Reported in Synthesis Report                  ; 100                ; 100                ;
; Clock MUX Protection                                                       ; On                 ; On                 ;
; Auto Gated Clock Conversion                                                ; Off                ; Off                ;
; Block Design Naming                                                        ; Auto               ; Auto               ;
; SDC constraint protection                                                  ; Off                ; Off                ;
; Synthesis Effort                                                           ; Auto               ; Auto               ;
; Shift Register Replacement - Allow Asynchronous Clear Signal               ; On                 ; On                 ;
; Pre-Mapping Resynthesis Optimization                                       ; Off                ; Off                ;
; Analysis & Synthesis Message Level                                         ; Medium             ; Medium             ;
; Disable Register Merging Across Hierarchies                                ; Auto               ; Auto               ;
; Resource Aware Inference For Block RAM                                     ; On                 ; On                 ;
; Synthesis Seed                                                             ; 1                  ; 1                  ;
+----------------------------------------------------------------------------+--------------------+--------------------+


Parallel compilation was disabled, but you have multiple processors available. Enable parallel compilation to reduce compilation time.
+-------------------------------------+
; Parallel Compilation                ;
+----------------------------+--------+
; Processors                 ; Number ;
+----------------------------+--------+
; Number detected on machine ; 12     ;
; Maximum allowed            ; 1      ;
+----------------------------+--------+


+------------------------------------------------------------------------------------------------------------------------------------------------------------------------------+
; Analysis & Synthesis Source Files Read                                                                                                                                       ;
+----------------------------------+-----------------+------------------------------+--------------------------------------------------------------------------------+---------+
; File Name with User-Entered Path ; Used in Netlist ; File Type                    ; File Name with Absolute Path                                                   ; Library ;
+----------------------------------+-----------------+------------------------------+--------------------------------------------------------------------------------+---------+
; cla_4x3_2.sv                     ; yes             ; User SystemVerilog HDL File  ; E:/Users/Guilherme/Documents/Github/TCC_inovame/rtl/cla_16bits/cla_4x3_2.sv    ;         ;
; cla_16bits.sv                    ; yes             ; User SystemVerilog HDL File  ; E:/Users/Guilherme/Documents/Github/TCC_inovame/rtl/cla_16bits/cla_16bits.sv   ;         ;
; propagate_i.sv                   ; yes             ; User SystemVerilog HDL File  ; E:/Users/Guilherme/Documents/Github/TCC_inovame/rtl/cla_16bits/propagate_i.sv  ;         ;
; generate_i.sv                    ; yes             ; User SystemVerilog HDL File  ; E:/Users/Guilherme/Documents/Github/TCC_inovame/rtl/cla_16bits/generate_i.sv   ;         ;
; cla4x3.sv                        ; yes             ; User SystemVerilog HDL File  ; E:/Users/Guilherme/Documents/Github/TCC_inovame/rtl/cla_16bits/cla4x3.sv       ;         ;
; carry_output.sv                  ; yes             ; User SystemVerilog HDL File  ; E:/Users/Guilherme/Documents/Github/TCC_inovame/rtl/cla_16bits/carry_output.sv ;         ;
+----------------------------------+-----------------+------------------------------+--------------------------------------------------------------------------------+---------+


+---------------------------------------------+
; Analysis & Synthesis Resource Usage Summary ;
+--------------------------+------------------+
; Resource                 ; Usage            ;
+--------------------------+------------------+
; I/O pins                 ; 50               ;
; DSP block 9-bit elements ; 0                ;
; Maximum fan-out node     ; Cin~input        ;
; Maximum fan-out          ; 17               ;
; Total fan-out            ; 361              ;
; Average fan-out          ; 1.97             ;
+--------------------------+------------------+


+-----------------------------------------------------------------------------------------------------------------------------------------------------------------------------------------------------------------------------------------------------+
; Analysis & Synthesis Resource Utilization by Entity                                                                                                                                                                                                 ;
+---------------------------------------------------+-------------------+--------------+-------------+--------------+---------+-----------+-----------+------+--------------+----------------------------------------------------------+--------------+
; Compilation Hierarchy Node                        ; LC Combinationals ; LC Registers ; Memory Bits ; DSP Elements ; DSP 9x9 ; DSP 18x18 ; DSP 36x36 ; Pins ; Virtual Pins ; Full Hierarchy Name                                      ; Library Name ;
+---------------------------------------------------+-------------------+--------------+-------------+--------------+---------+-----------+-----------+------+--------------+----------------------------------------------------------+--------------+
; |cla_16bits                                       ; 83 (0)            ; 0 (0)        ; 0           ; 0            ; 0       ; 0         ; 0         ; 50   ; 0            ; |cla_16bits                                              ; work         ;
;    |carry_output:CS0|                             ; 1 (1)             ; 0 (0)        ; 0           ; 0            ; 0       ; 0         ; 0         ; 0    ; 0            ; |cla_16bits|carry_output:CS0                             ; work         ;
;    |carry_output:CS10|                            ; 3 (3)             ; 0 (0)        ; 0           ; 0            ; 0       ; 0         ; 0         ; 0    ; 0            ; |cla_16bits|carry_output:CS10                            ; work         ;
;    |carry_output:CS11|                            ; 7 (7)             ; 0 (0)        ; 0           ; 0            ; 0       ; 0         ; 0         ; 0    ; 0            ; |cla_16bits|carry_output:CS11                            ; work         ;
;    |carry_output:CS12|                            ; 1 (1)             ; 0 (0)        ; 0           ; 0            ; 0       ; 0         ; 0         ; 0    ; 0            ; |cla_16bits|carry_output:CS12                            ; work         ;
;    |carry_output:CS13|                            ; 1 (1)             ; 0 (0)        ; 0           ; 0            ; 0       ; 0         ; 0         ; 0    ; 0            ; |cla_16bits|carry_output:CS13                            ; work         ;
;    |carry_output:CS14|                            ; 3 (3)             ; 0 (0)        ; 0           ; 0            ; 0       ; 0         ; 0         ; 0    ; 0            ; |cla_16bits|carry_output:CS14                            ; work         ;
;    |carry_output:CS15|                            ; 13 (13)           ; 0 (0)        ; 0           ; 0            ; 0       ; 0         ; 0         ; 0    ; 0            ; |cla_16bits|carry_output:CS15                            ; work         ;
;    |carry_output:CS1|                             ; 1 (1)             ; 0 (0)        ; 0           ; 0            ; 0       ; 0         ; 0         ; 0    ; 0            ; |cla_16bits|carry_output:CS1                             ; work         ;
;    |carry_output:CS2|                             ; 2 (2)             ; 0 (0)        ; 0           ; 0            ; 0       ; 0         ; 0         ; 0    ; 0            ; |cla_16bits|carry_output:CS2                             ; work         ;
;    |carry_output:CS3|                             ; 2 (2)             ; 0 (0)        ; 0           ; 0            ; 0       ; 0         ; 0         ; 0    ; 0            ; |cla_16bits|carry_output:CS3                             ; work         ;
;    |carry_output:CS4|                             ; 1 (1)             ; 0 (0)        ; 0           ; 0            ; 0       ; 0         ; 0         ; 0    ; 0            ; |cla_16bits|carry_output:CS4                             ; work         ;
;    |carry_output:CS5|                             ; 1 (1)             ; 0 (0)        ; 0           ; 0            ; 0       ; 0         ; 0         ; 0    ; 0            ; |cla_16bits|carry_output:CS5                             ; work         ;
;    |carry_output:CS6|                             ; 3 (3)             ; 0 (0)        ; 0           ; 0            ; 0       ; 0         ; 0         ; 0    ; 0            ; |cla_16bits|carry_output:CS6                             ; work         ;
;    |carry_output:CS7|                             ; 7 (7)             ; 0 (0)        ; 0           ; 0            ; 0       ; 0         ; 0         ; 0    ; 0            ; |cla_16bits|carry_output:CS7                             ; work         ;
;    |carry_output:CS8|                             ; 2 (2)             ; 0 (0)        ; 0           ; 0            ; 0       ; 0         ; 0         ; 0    ; 0            ; |cla_16bits|carry_output:CS8                             ; work         ;
;    |carry_output:CS9|                             ; 1 (1)             ; 0 (0)        ; 0           ; 0            ; 0       ; 0         ; 0         ; 0    ; 0            ; |cla_16bits|carry_output:CS9                             ; work         ;
;    |cla4x3:CLA2|                                  ; 4 (4)             ; 0 (0)        ; 0           ; 0            ; 0       ; 0         ; 0         ; 0    ; 0            ; |cla_16bits|cla4x3:CLA2                                  ; work         ;
;    |cla4x3:CLA3|                                  ; 4 (4)             ; 0 (0)        ; 0           ; 0            ; 0       ; 0         ; 0         ; 0    ; 0            ; |cla_16bits|cla4x3:CLA3                                  ; work         ;
;    |cla4x3:CLA4|                                  ; 2 (2)             ; 0 (0)        ; 0           ; 0            ; 0       ; 0         ; 0         ; 0    ; 0            ; |cla_16bits|cla4x3:CLA4                                  ; work         ;
;    |cla4x3_2:CLA1|                                ; 7 (7)             ; 0 (0)        ; 0           ; 0            ; 0       ; 0         ; 0         ; 0    ; 0            ; |cla_16bits|cla4x3_2:CLA1                                ; work         ;
;    |cla4x3_2:CLA5|                                ; 3 (3)             ; 0 (0)        ; 0           ; 0            ; 0       ; 0         ; 0         ; 0    ; 0            ; |cla_16bits|cla4x3_2:CLA5                                ; work         ;
;    |cla4x3_2:CLA6|                                ; 1 (1)             ; 0 (0)        ; 0           ; 0            ; 0       ; 0         ; 0         ; 0    ; 0            ; |cla_16bits|cla4x3_2:CLA6                                ; work         ;
;    |cla4x3_2:CLA7|                                ; 1 (1)             ; 0 (0)        ; 0           ; 0            ; 0       ; 0         ; 0         ; 0    ; 0            ; |cla_16bits|cla4x3_2:CLA7                                ; work         ;
;    |cla4x3_2:CLA8|                                ; 1 (1)             ; 0 (0)        ; 0           ; 0            ; 0       ; 0         ; 0         ; 0    ; 0            ; |cla_16bits|cla4x3_2:CLA8                                ; work         ;
;    |propagate_i:GENERATE_PROPAGATE[10].PROPAGATE| ; 1 (1)             ; 0 (0)        ; 0           ; 0            ; 0       ; 0         ; 0         ; 0    ; 0            ; |cla_16bits|propagate_i:GENERATE_PROPAGATE[10].PROPAGATE ; work         ;
;    |propagate_i:GENERATE_PROPAGATE[12].PROPAGATE| ; 1 (1)             ; 0 (0)        ; 0           ; 0            ; 0       ; 0         ; 0         ; 0    ; 0            ; |cla_16bits|propagate_i:GENERATE_PROPAGATE[12].PROPAGATE ; work         ;
;    |propagate_i:GENERATE_PROPAGATE[13].PROPAGATE| ; 1 (1)             ; 0 (0)        ; 0           ; 0            ; 0       ; 0         ; 0         ; 0    ; 0            ; |cla_16bits|propagate_i:GENERATE_PROPAGATE[13].PROPAGATE ; work         ;
;    |propagate_i:GENERATE_PROPAGATE[14].PROPAGATE| ; 1 (1)             ; 0 (0)        ; 0           ; 0            ; 0       ; 0         ; 0         ; 0    ; 0            ; |cla_16bits|propagate_i:GENERATE_PROPAGATE[14].PROPAGATE ; work         ;
;    |propagate_i:GENERATE_PROPAGATE[15].PROPAGATE| ; 1 (1)             ; 0 (0)        ; 0           ; 0            ; 0       ; 0         ; 0         ; 0    ; 0            ; |cla_16bits|propagate_i:GENERATE_PROPAGATE[15].PROPAGATE ; work         ;
;    |propagate_i:GENERATE_PROPAGATE[1].PROPAGATE|  ; 1 (1)             ; 0 (0)        ; 0           ; 0            ; 0       ; 0         ; 0         ; 0    ; 0            ; |cla_16bits|propagate_i:GENERATE_PROPAGATE[1].PROPAGATE  ; work         ;
;    |propagate_i:GENERATE_PROPAGATE[2].PROPAGATE|  ; 1 (1)             ; 0 (0)        ; 0           ; 0            ; 0       ; 0         ; 0         ; 0    ; 0            ; |cla_16bits|propagate_i:GENERATE_PROPAGATE[2].PROPAGATE  ; work         ;
;    |propagate_i:GENERATE_PROPAGATE[4].PROPAGATE|  ; 1 (1)             ; 0 (0)        ; 0           ; 0            ; 0       ; 0         ; 0         ; 0    ; 0            ; |cla_16bits|propagate_i:GENERATE_PROPAGATE[4].PROPAGATE  ; work         ;
;    |propagate_i:GENERATE_PROPAGATE[5].PROPAGATE|  ; 1 (1)             ; 0 (0)        ; 0           ; 0            ; 0       ; 0         ; 0         ; 0    ; 0            ; |cla_16bits|propagate_i:GENERATE_PROPAGATE[5].PROPAGATE  ; work         ;
;    |propagate_i:GENERATE_PROPAGATE[6].PROPAGATE|  ; 1 (1)             ; 0 (0)        ; 0           ; 0            ; 0       ; 0         ; 0         ; 0    ; 0            ; |cla_16bits|propagate_i:GENERATE_PROPAGATE[6].PROPAGATE  ; work         ;
;    |propagate_i:GENERATE_PROPAGATE[7].PROPAGATE|  ; 1 (1)             ; 0 (0)        ; 0           ; 0            ; 0       ; 0         ; 0         ; 0    ; 0            ; |cla_16bits|propagate_i:GENERATE_PROPAGATE[7].PROPAGATE  ; work         ;
+---------------------------------------------------+-------------------+--------------+-------------+--------------+---------+-----------+-----------+------+--------------+----------------------------------------------------------+--------------+
Note: For table entries with two numbers listed, the numbers in parentheses indicate the number of resources of the given type used by the specific entity alone. The numbers listed outside of parentheses indicate the total resources of the given type used by the specific entity and all of its sub-entities in the hierarchy.


+------------------------------------------------------+
; General Register Statistics                          ;
+----------------------------------------------+-------+
; Statistic                                    ; Value ;
+----------------------------------------------+-------+
; Total registers                              ; 0     ;
; Number of registers using Synchronous Clear  ; 0     ;
; Number of registers using Synchronous Load   ; 0     ;
; Number of registers using Asynchronous Clear ; 0     ;
; Number of registers using Asynchronous Load  ; 0     ;
; Number of registers using Clock Enable       ; 0     ;
; Number of registers using Preset             ; 0     ;
+----------------------------------------------+-------+


+----------------------------------------------------------------------------+
; Parameter Settings for User Entity Instance: Top-level Entity: |cla_16bits ;
+----------------+-------+---------------------------------------------------+
; Parameter Name ; Value ; Type                                              ;
+----------------+-------+---------------------------------------------------+
; WIDTH          ; 16    ; Signed Integer                                    ;
+----------------+-------+---------------------------------------------------+
Note: In order to hide this table in the UI and the text report file, please set the "Show Parameter Settings in Synthesis Report" option in "Analysis and Synthesis Settings -> More Settings" to "Off".


+-------------------------------+
; Elapsed Time Per Partition    ;
+----------------+--------------+
; Partition Name ; Elapsed Time ;
+----------------+--------------+
; Top            ; 00:00:00     ;
+----------------+--------------+


+-------------------------------+
; Analysis & Synthesis Messages ;
+-------------------------------+
Info: *******************************************************************
Info: Running Quartus II 64-Bit Analysis & Synthesis
    Info: Version 13.1.0 Build 162 10/23/2013 SJ Web Edition
    Info: Processing started: Thu Mar 27 21:58:25 2025
Info: Command: quartus_map --read_settings_files=on --write_settings_files=off cla_16bits -c cla_16bits
Warning (20028): Parallel compilation is not licensed and has been disabled
Info (12021): Found 1 design units, including 1 entities, in source file cla_4x3_2.sv
    Info (12023): Found entity 1: cla4x3_2
Info (12021): Found 1 design units, including 1 entities, in source file cla_16bits.sv
    Info (12023): Found entity 1: cla_16bits
Info (12021): Found 1 design units, including 1 entities, in source file propagate_i.sv
    Info (12023): Found entity 1: propagate_i
Info (12021): Found 1 design units, including 1 entities, in source file generate_i.sv
    Info (12023): Found entity 1: generate_i
Info (12021): Found 1 design units, including 1 entities, in source file cla4x3.sv
    Info (12023): Found entity 1: cla4x3
Info (12021): Found 1 design units, including 1 entities, in source file carry_output.sv
    Info (12023): Found entity 1: carry_output
Info (12127): Elaborating entity "cla_16bits" for the top level hierarchy
Info (12128): Elaborating entity "generate_i" for hierarchy "generate_i:GENERATE_PROPAGATE[0].GENERATE"
Info (12128): Elaborating entity "propagate_i" for hierarchy "propagate_i:GENERATE_PROPAGATE[0].PROPAGATE"
Info (12128): Elaborating entity "cla4x3_2" for hierarchy "cla4x3_2:CLA1"
Info (12128): Elaborating entity "cla4x3" for hierarchy "cla4x3:CLA2"
Info (12128): Elaborating entity "carry_output" for hierarchy "carry_output:CS0"
Info (286030): Timing-Driven Synthesis is running
Info (16010): Generating hard_block partition "hard_block:auto_generated_inst"
    Info (16011): Adding 0 node(s), including 0 DDIO, 0 PLL, 0 transceiver and 0 LCELL
Info (21057): Implemented 133 device resources after synthesis - the final resource count might be different
    Info (21058): Implemented 33 input pins
    Info (21059): Implemented 17 output pins
    Info (21061): Implemented 83 logic cells
Info: Quartus II 64-Bit Analysis & Synthesis was successful. 0 errors, 1 warning
    Info: Peak virtual memory: 4675 megabytes
    Info: Processing ended: Thu Mar 27 21:58:27 2025
    Info: Elapsed time: 00:00:02
    Info: Total CPU time (on all processors): 00:00:01


