###############################################################
#  Generated by:      Cadence Innovus 23.32-s091_1
#  OS:                Linux x86_64(Host ID cadmicro-inf-el8-623207)
#  Generated on:      Mon Apr 14 13:24:57 2025
#  Design:            signal_32bits
#  Command:           report_timing > reports/report_timing.rpt
###############################################################
Path 1: MET Path Delay Check
Endpoint:   S[31] (^)
Beginpoint: A[0]  (v) triggered by  leading edge of '@'
Path Groups: {default}
Analysis View: default_emulate_view
- External Delay                0.000
+ Path Delay                   10.200
= Required Time                10.200
- Arrival Time                  9.245
= Slack Time                    0.955
     Clock Rise Edge                      0.000
     + Input Delay                        0.000
     = Beginpoint Arrival Time            0.000
     +--------------------------------------------------------------------------------------------------------+ 
     |          Instance           |       Arc       |           Cell            | Delay | Arrival | Required | 
     |                             |                 |                           |       |  Time   |   Time   | 
     |-----------------------------+-----------------+---------------------------+-------+---------+----------| 
     |                             | A[0] v          |                           |       |   0.000 |    0.955 | 
     | addinc_add_7_30_g2476__5107 | B v -> COUT v   | sky130_fd_sc_hd__fa_1     | 0.793 |   0.793 |    1.748 | 
     | addinc_add_7_30_g2475__2398 | CIN v -> COUT v | sky130_fd_sc_hd__fa_1     | 0.390 |   1.183 |    2.138 | 
     | addinc_add_7_30_g2474__5477 | CIN v -> COUT v | sky130_fd_sc_hd__fa_1     | 0.396 |   1.579 |    2.534 | 
     | addinc_add_7_30_g2473__6417 | CIN v -> COUT v | sky130_fd_sc_hd__fa_1     | 0.402 |   1.981 |    2.936 | 
     | addinc_add_7_30_g2472__7410 | CIN v -> COUT v | sky130_fd_sc_hd__fa_1     | 0.395 |   2.377 |    3.331 | 
     | addinc_add_7_30_g2471__1666 | CIN v -> COUT v | sky130_fd_sc_hd__fa_1     | 0.398 |   2.775 |    3.729 | 
     | addinc_add_7_30_g2470__2346 | CIN v -> COUT v | sky130_fd_sc_hd__fa_1     | 0.400 |   3.175 |    4.129 | 
     | addinc_add_7_30_g2469__2883 | CIN v -> COUT v | sky130_fd_sc_hd__fa_1     | 0.417 |   3.592 |    4.546 | 
     | addinc_add_7_30_g2468__9945 | B v -> Y ^      | sky130_fd_sc_hd__nand2b_1 | 0.120 |   3.711 |    4.666 | 
     | addinc_add_7_30_g2465__4733 | A2 ^ -> Y v     | sky130_fd_sc_hd__o221ai_1 | 0.139 |   3.851 |    4.805 | 
     | addinc_add_7_30_g2463__5115 | CIN v -> COUT v | sky130_fd_sc_hd__fa_1     | 0.414 |   4.264 |    5.219 | 
     | addinc_add_7_30_g2462__1881 | CIN v -> COUT v | sky130_fd_sc_hd__fa_1     | 0.389 |   4.654 |    5.608 | 
     | addinc_add_7_30_g2461__6131 | CIN v -> COUT v | sky130_fd_sc_hd__fa_1     | 0.398 |   5.051 |    6.006 | 
     | addinc_add_7_30_g2460__7098 | CIN v -> COUT v | sky130_fd_sc_hd__fa_1     | 0.397 |   5.449 |    6.403 | 
     | addinc_add_7_30_g2459__8246 | CIN v -> COUT v | sky130_fd_sc_hd__fa_1     | 0.397 |   5.846 |    6.800 | 
     | addinc_add_7_30_g2458__5122 | CIN v -> COUT v | sky130_fd_sc_hd__fa_1     | 0.418 |   6.264 |    7.219 | 
     | addinc_add_7_30_g2457__1705 | B v -> Y ^      | sky130_fd_sc_hd__nand2b_1 | 0.111 |   6.375 |    7.330 | 
     | addinc_add_7_30_g2455__1617 | B ^ -> Y v      | sky130_fd_sc_hd__nor2_1   | 0.057 |   6.432 |    7.387 | 
     | addinc_add_7_30_g2451__8428 | A1 v -> X v     | sky130_fd_sc_hd__a221o_1  | 0.376 |   6.808 |    7.763 | 
     | addinc_add_7_30_g2446__5477 | A1 v -> Y ^     | sky130_fd_sc_hd__a31oi_1  | 0.157 |   6.965 |    7.920 | 
     | addinc_add_7_30_g2441__2883 | A2 ^ -> X ^     | sky130_fd_sc_hd__o21a_1   | 0.134 |   7.099 |    8.053 | 
     | addinc_add_7_30_g2438__6161 | A2 ^ -> Y v     | sky130_fd_sc_hd__o21ai_1  | 0.087 |   7.185 |    8.140 | 
     | addinc_add_7_30_g2436__7482 | B v -> Y ^      | sky130_fd_sc_hd__nand2b_1 | 0.122 |   7.307 |    8.262 | 
     | addinc_add_7_30_g2433__6131 | B ^ -> X ^      | sky130_fd_sc_hd__or2_2    | 0.122 |   7.430 |    8.384 | 
     | addinc_add_7_30_g2430__5122 | A2 ^ -> Y v     | sky130_fd_sc_hd__o221ai_1 | 0.122 |   7.552 |    8.507 | 
     | addinc_add_7_30_g2428__2802 | CIN v -> COUT v | sky130_fd_sc_hd__fa_1     | 0.446 |   7.998 |    8.953 | 
     | addinc_add_7_30_g2427__1617 | A v -> X v      | sky130_fd_sc_hd__and2_1   | 0.178 |   8.176 |    9.131 | 
     | addinc_add_7_30_g2423__8428 | A1 v -> Y ^     | sky130_fd_sc_hd__a21oi_1  | 0.143 |   8.319 |    9.274 | 
     | addinc_add_7_30_g2420__5107 | A2 ^ -> Y v     | sky130_fd_sc_hd__o21ai_1  | 0.092 |   8.411 |    9.365 | 
     | addinc_add_7_30_g2419__2398 | CIN v -> SUM ^  | sky130_fd_sc_hd__fa_1     | 0.833 |   9.244 |   10.198 | 
     |                             | S[31] ^         |                           | 0.002 |   9.245 |   10.200 | 
     +--------------------------------------------------------------------------------------------------------+ 

