============================================================
  Generated by:           Genus(TM) Synthesis Solution 23.12-s086_1
  Generated on:           Apr 11 2025  03:37:35 pm
  Module:                 ladner_fischer_32bits
  Operating conditions:   tt_025C_1v80 
  Interconnect mode:      global
  Area mode:              physical library
============================================================

Timing
-------
  Cost    Critical         Violating 
 Group   Path Slack  TNS     Paths   
-------------------------------------
default      5267.7   0.0          0 
-------------------------------------
Total                 0.0          0 

Instance Count
--------------
Leaf Instance Count             254 
Physical Instance count           0 
Sequential Instance Count         0 
Combinational Instance Count    254 
Hierarchical Instance Count     317 

Area
----
Cell Area                          1868.042
Physical Cell Area                 0.000
Total Cell Area (Cell+Physical)    1868.042
Net Area                           1606.719
Total Area (Cell+Physical+Net)     3474.761

Max Fanout                         33 (Cin)
Min Fanout                         1 (C[0])
Average Fanout                     2.0
Terms to net ratio                 2.6865
Terms to instance ratio            3.3740
Runtime                            12.892319 seconds
Elapsed Runtime                    14 seconds
Genus peak memory usage            1891.54 
Innovus peak memory usage          no_value 
Hostname                           cadmicro-inf-el8-623207
