###############################################################
#  Generated by:      Cadence Innovus 23.32-s091_1
#  OS:                Linux x86_64(Host ID cadmicro-inf-el8-623207)
#  Generated on:      Fri Apr 11 15:10:12 2025
#  Design:            brent_kung_32bits
#  Command:           report_timing > reports/report_timing.rpt
###############################################################
Path 1: VIOLATED Path Delay Check
Endpoint:   S[31] (v)
Beginpoint: A[8]  (v) triggered by  leading edge of '@'
Path Groups: {default}
Analysis View: default_emulate_view
- External Delay                0.000
+ Path Delay                    2.052
= Required Time                 2.052
- Arrival Time                  2.084
= Slack Time                   -0.032
     Clock Rise Edge                      0.000
     + Input Delay                        0.000
     = Beginpoint Arrival Time            0.000
     +---------------------------------------------------------------------------------------------------------------+ 
     |                 Instance                 |    Arc     |           Cell           | Delay | Arrival | Required | 
     |                                          |            |                          |       |  Time   |   Time   | 
     |------------------------------------------+------------+--------------------------+-------+---------+----------| 
     |                                          | A[8] v     |                          |       |   0.000 |   -0.032 | 
     | GENERATE_PROPAGATE[8].PROPAGATE/g2__7410 | A v -> X ^ | sky130_fd_sc_hd__xor2_4  | 0.499 |   0.499 |    0.467 | 
     | LEVEL_1[9].B1/PROPAGATE/g11__5477        | B ^ -> X ^ | sky130_fd_sc_hd__and2_4  | 0.198 |   0.696 |    0.665 | 
     | LEVEL_2[11].B2/PROPAGATE/g11__6260       | A ^ -> X ^ | sky130_fd_sc_hd__and2_4  | 0.139 |   0.836 |    0.804 | 
     | LEVEL_3[15].B3/PROPAGATE/g11__4733       | A ^ -> X ^ | sky130_fd_sc_hd__and2_4  | 0.138 |   0.974 |    0.942 | 
     | LEVEL_4[15].B4/PROPAGATE/g11__7410       | A ^ -> X ^ | sky130_fd_sc_hd__and2_4  | 0.165 |   1.139 |    1.108 | 
     | B6/PROPAGATE/g11__8428                   | A ^ -> X ^ | sky130_fd_sc_hd__and2_4  | 0.152 |   1.291 |    1.260 | 
     | LEVEL_7[27].B7/PROPAGATE/g11__6783       | A ^ -> X ^ | sky130_fd_sc_hd__and2_4  | 0.138 |   1.429 |    1.398 | 
     | LEVEL_8[29].B8/PROPAGATE/g11__9315       | A ^ -> X ^ | sky130_fd_sc_hd__and2_4  | 0.136 |   1.565 |    1.533 | 
     | LEVEL_9[30].B9/PROPAGATE/g11__2346       | A ^ -> X ^ | sky130_fd_sc_hd__and2_4  | 0.139 |   1.704 |    1.673 | 
     | C30/g20__4733                            | A ^ -> Y v | sky130_fd_sc_hd__nand2_4 | 0.047 |   1.751 |    1.719 | 
     | C30/g19__7482                            | A v -> Y ^ | sky130_fd_sc_hd__nand2_4 | 0.120 |   1.871 |    1.840 | 
     | S31/g19                                  | A ^ -> Y v | sky130_fd_sc_hd__inv_4   | 0.039 |   1.910 |    1.879 | 
     | S31/g17__1617                            | A v -> Y ^ | sky130_fd_sc_hd__nand2_4 | 0.068 |   1.979 |    1.947 | 
     | S31/g15__3680                            | A ^ -> Y v | sky130_fd_sc_hd__nand2_8 | 0.104 |   2.083 |    2.051 | 
     |                                          | S[31] v    |                          | 0.001 |   2.084 |    2.052 | 
     +---------------------------------------------------------------------------------------------------------------+ 

