###############################################################
#  Generated by:      Cadence Innovus 23.32-s091_1
#  OS:                Linux x86_64(Host ID cadmicro-inf-el8-623207)
#  Generated on:      Fri Apr 11 15:51:29 2025
#  Design:            ladner_fischer_32bits
#  Command:           report_timing > reports/report_timing.rpt
###############################################################
Path 1: VIOLATED Path Delay Check
Endpoint:   S[27] (v)
Beginpoint: B[0]  (v) triggered by  leading edge of '@'
Path Groups: {default}
Analysis View: default_emulate_view
- External Delay                0.000
+ Path Delay                    1.909
= Required Time                 1.909
- Arrival Time                  1.932
= Slack Time                   -0.023
     Clock Rise Edge                      0.000
     + Input Delay                        0.000
     = Beginpoint Arrival Time            0.000
     +--------------------------------------------------------------------------------------------------------------------+ 
     |                 Instance                  |      Arc      |           Cell            | Delay | Arrival | Required | 
     |                                           |               |                           |       |  Time   |   Time   | 
     |-------------------------------------------+---------------+---------------------------+-------+---------+----------| 
     |                                           | B[0] v        |                           |       |   0.000 |   -0.023 | 
     | GENERATE_PROPAGATE[0].PROPAGATE/g2        | A_N v -> Y v  | sky130_fd_sc_hd__nand2b_4 | 0.426 |   0.426 |    0.403 | 
     | GENERATE_PROPAGATE[0].PROPAGATE/g21__5115 | A v -> Y ^    | sky130_fd_sc_hd__nand2_2  | 0.104 |   0.530 |    0.506 | 
     | LEVEL_1[1].B1/PROPAGATE/g11__5107         | A ^ -> X ^    | sky130_fd_sc_hd__and2_4   | 0.151 |   0.680 |    0.657 | 
     | LEVEL_2[3].B2/PROPAGATE/g11__1617         | A ^ -> X ^    | sky130_fd_sc_hd__and2_4   | 0.146 |   0.826 |    0.803 | 
     | LEVEL_3[7].B3/PROPAGATE/g11__6260         | A ^ -> X ^    | sky130_fd_sc_hd__and2_4   | 0.157 |   0.983 |    0.959 | 
     | LEVEL_4[31].B6/PROPAGATE/g11__5122        | A ^ -> X ^    | sky130_fd_sc_hd__and2_4   | 0.197 |   1.179 |    1.156 | 
     | LEVEL_5[25].B7/PROPAGATE/g11__7410        | A ^ -> X ^    | sky130_fd_sc_hd__and2_1   | 0.155 |   1.334 |    1.311 | 
     | LEVEL_6[26].B8/PROPAGATE/g11__5107        | A ^ -> X ^    | sky130_fd_sc_hd__and2_1   | 0.123 |   1.457 |    1.434 | 
     | C26/g20__3680                             | A ^ -> Y v    | sky130_fd_sc_hd__nand2_1  | 0.059 |   1.516 |    1.493 | 
     | C26/g19__6783                             | A v -> Y ^    | sky130_fd_sc_hd__nand2_2  | 0.128 |   1.644 |    1.621 | 
     | S27/g15__5526                             | A2_N ^ -> X v | sky130_fd_sc_hd__a2bb2o_4 | 0.288 |   1.932 |    1.908 | 
     |                                           | S[27] v       |                           | 0.001 |   1.932 |    1.909 | 
     +--------------------------------------------------------------------------------------------------------------------+ 

