###############################################################
#  Generated by:      Cadence Innovus 23.32-s091_1
#  OS:                Linux x86_64(Host ID cadmicro-inf-el8-623207)
#  Generated on:      Mon Apr 14 14:25:34 2025
#  Design:            signal_32bits
#  Command:           report_timing > reports/report_timing.rpt
###############################################################
Path 1: MET Path Delay Check
Endpoint:   S[30] (^)
Beginpoint: A[0]  (v) triggered by  leading edge of '@'
Path Groups: {default}
Analysis View: default_emulate_view
- External Delay                0.000
+ Path Delay                    5.600
= Required Time                 5.600
- Arrival Time                  5.515
= Slack Time                    0.085
     Clock Rise Edge                      0.000
     + Input Delay                        0.000
     = Beginpoint Arrival Time            0.000
     +---------------------------------------------------------------------------------------------------------+ 
     |          Instance           |       Arc       |            Cell            | Delay | Arrival | Required | 
     |                             |                 |                            |       |  Time   |   Time   | 
     |-----------------------------+-----------------+----------------------------+-------+---------+----------| 
     |                             | A[0] v          |                            |       |   0.000 |    0.085 | 
     | addinc_add_7_30_g1345__6260 | A v -> Y ^      | sky130_fd_sc_hd__nor2_1    | 0.320 |   0.320 |    0.405 | 
     | addinc_add_7_30_g1264__7482 | B2 ^ -> Y v     | sky130_fd_sc_hd__o2bb2ai_1 | 0.108 |   0.428 |    0.513 | 
     | g2                          | CIN v -> COUT v | sky130_fd_sc_hd__fa_1      | 0.389 |   0.816 |    0.902 | 
     | addinc_add_7_30_g1252__6783 | CIN v -> COUT v | sky130_fd_sc_hd__fa_1      | 0.398 |   1.214 |    1.300 | 
     | addinc_add_7_30_g1251__5526 | CIN v -> COUT v | sky130_fd_sc_hd__fa_1      | 0.421 |   1.635 |    1.721 | 
     | addinc_add_7_30_g1250       | A v -> Y ^      | sky130_fd_sc_hd__clkinv_1  | 0.084 |   1.719 |    1.804 | 
     | addinc_add_7_30_g1249__8428 | C ^ -> X ^      | sky130_fd_sc_hd__or3_1     | 0.096 |   1.815 |    1.901 | 
     | addinc_add_7_30_g1246__5107 | C1 ^ -> Y v     | sky130_fd_sc_hd__o211ai_1  | 0.096 |   1.911 |    1.997 | 
     | addinc_add_7_30_g1244__5477 | CIN v -> COUT v | sky130_fd_sc_hd__fa_1      | 0.395 |   2.307 |    2.392 | 
     | addinc_add_7_30_g1243__6417 | CIN v -> COUT v | sky130_fd_sc_hd__fa_1      | 0.410 |   2.717 |    2.802 | 
     | addinc_add_7_30_g1242__7410 | B_N v -> Y v    | sky130_fd_sc_hd__nor2b_1   | 0.183 |   2.900 |    2.985 | 
     | addinc_add_7_30_g1238__9945 | A1 v -> X v     | sky130_fd_sc_hd__a221o_1   | 0.375 |   3.275 |    3.361 | 
     | addinc_add_7_30_g1236__6161 | A v -> X v      | sky130_fd_sc_hd__and2_1    | 0.173 |   3.448 |    3.534 | 
     | addinc_add_7_30_g1230__7098 | A1 v -> X v     | sky130_fd_sc_hd__a221o_1   | 0.382 |   3.830 |    3.916 | 
     | addinc_add_7_30_g1222__5526 | A1 v -> X v     | sky130_fd_sc_hd__a31o_1    | 0.235 |   4.065 |    4.151 | 
     | addinc_add_7_30_g1213__1666 | A1 v -> X v     | sky130_fd_sc_hd__a221o_1   | 0.377 |   4.443 |    4.528 | 
     | addinc_add_7_30_g1202__7098 | A1 v -> Y ^     | sky130_fd_sc_hd__a31oi_1   | 0.245 |   4.688 |    4.773 | 
     | addinc_add_7_30_g1193__8428 | B ^ -> X ^      | sky130_fd_sc_hd__xor2_1    | 0.826 |   5.514 |    5.599 | 
     |                             | S[30] ^         |                            | 0.001 |   5.515 |    5.600 | 
     +---------------------------------------------------------------------------------------------------------+ 

