============================================================
  Generated by:           Genus(TM) Synthesis Solution 23.12-s086_1
  Generated on:           Apr 11 2025  03:25:21 pm
  Module:                 sklansky_32bits
  Operating conditions:   tt_025C_1v80 
  Interconnect mode:      global
  Area mode:              physical library
============================================================

Timing
-------
  Cost    Critical         Violating 
 Group   Path Slack  TNS     Paths   
-------------------------------------
default         0.3   0.0          0 
-------------------------------------
Total                 0.0          0 

Instance Count
--------------
Leaf Instance Count             477 
Physical Instance count           0 
Sequential Instance Count         0 
Combinational Instance Count    477 
Hierarchical Instance Count     368 

Area
----
Cell Area                          3221.840
Physical Cell Area                 0.000
Total Cell Area (Cell+Physical)    3221.840
Net Area                           2570.195
Total Area (Cell+Physical+Net)     5792.035

Max Fanout                         33 (n_4)
Min Fanout                         1 (C[0])
Average Fanout                     1.8
Terms to net ratio                 2.6439
Terms to instance ratio            3.0042
Runtime                            14.870098 seconds
Elapsed Runtime                    15 seconds
Genus peak memory usage            1894.93 
Innovus peak memory usage          no_value 
Hostname                           cadmicro-inf-el8-623207
