============================================================
  Generated by:           Genus(TM) Synthesis Solution 23.12-s086_1
  Generated on:           Apr 11 2025  04:00:48 pm
  Module:                 han_carlson_32bits
  Operating conditions:   tt_025C_1v80 
  Interconnect mode:      global
  Area mode:              physical library
============================================================

Timing
-------
  Cost    Critical         Violating 
 Group   Path Slack  TNS     Paths   
-------------------------------------
default         0.0   0.0          0 
-------------------------------------
Total                 0.0          0 

Instance Count
--------------
Leaf Instance Count             569 
Physical Instance count           0 
Sequential Instance Count         0 
Combinational Instance Count    569 
Hierarchical Instance Count     368 

Area
----
Cell Area                          3390.752
Physical Cell Area                 0.000
Total Cell Area (Cell+Physical)    3390.752
Net Area                           2879.112
Total Area (Cell+Physical+Net)     6269.864

Max Fanout                         21 (Cin)
Min Fanout                         1 (C[0])
Average Fanout                     1.7
Terms to net ratio                 2.5615
Terms to instance ratio            2.8541
Runtime                            15.871722 seconds
Elapsed Runtime                    16 seconds
Genus peak memory usage            1895.21 
Innovus peak memory usage          no_value 
Hostname                           cadmicro-inf-el8-623207
