============================================================
  Generated by:           Genus(TM) Synthesis Solution 23.12-s086_1
  Generated on:           Apr 11 2025  04:00:48 pm
  Module:                 han_carlson_32bits
  Operating conditions:   tt_025C_1v80 
  Interconnect mode:      global
  Area mode:              physical library
============================================================


Path 1: MET (0 ps) Path Delay Check
     Startpoint: (F) B[8]
       Endpoint: (F) S[25]

                   Capture    Launch  
      Path Delay:+    1922         -  
      Drv Adjust:+       0         0  
         Arrival:=    1922            
                                      
   Required Time:=    1922            
       Data Path:-    1922            
           Slack:=       0            

Exceptions/Constraints:
  max_delay             1922            constraints.sdc_line_1 

#-----------------------------------------------------------------------------------------------------------------------------------
#               Timing Point                 Flags   Arc   Edge           Cell             Fanout Load Trans Delay Arrival Instance 
#                                                                                                 (fF)  (ps)  (ps)   (ps)  Location 
#-----------------------------------------------------------------------------------------------------------------------------------
  B[8]                                       -       -     F     (arrival)                      1  3.3  1000     0       0    (-,-) 
  g13/X                                      -       A->X  F     sky130_fd_sc_hd__clkbuf_1      3 12.0    92   358     358    (-,-) 
  GENERATE_PROPAGATE[8].GENERATE/g12/Y       -       A->Y  R     sky130_fd_sc_hd__clkinv_1      1  3.8    40    64     422    (-,-) 
  GENERATE_PROPAGATE[8].GENERATE/g11__2883/Y -       A->Y  F     sky130_fd_sc_hd__nor2_1        2  6.3    59    50     472    (-,-) 
  LEVEL_1[9].B1/GENERATE/g13__5122/X         -       A2->X F     sky130_fd_sc_hd__a21o_1        2  6.3    49   194     666    (-,-) 
  LEVEL_2[11].B2/GENERATE/g13__5115/X        -       A2->X F     sky130_fd_sc_hd__a21o_1        2  6.4    50   190     856    (-,-) 
  LEVEL_3[15].B4/GENERATE/g14__15/Y          -       A->Y  R     sky130_fd_sc_hd__nand2_1       1  5.9    71    75     932    (-,-) 
  LEVEL_3[15].B4/GENERATE/g1/Y               -       B->Y  F     sky130_fd_sc_hd__nand2_2       2  6.4    39    60     992    (-,-) 
  LEVEL_4[23].B8/GENERATE/g14__5122/Y        -       A->Y  R     sky130_fd_sc_hd__nand2_1       1  3.7    52    57    1049    (-,-) 
  LEVEL_4[23].B8/GENERATE/g13__1705/Y        -       A->Y  F     sky130_fd_sc_hd__nand2_1       1  3.5    36    50    1099    (-,-) 
  LEVEL_5[23].B9/GENERATE/g13__5107/X        -       B1->X F     sky130_fd_sc_hd__a21o_1        2  6.4    50   163    1262    (-,-) 
  LEVEL_6[24].B10/GENERATE/g14__15/Y         -       A->Y  R     sky130_fd_sc_hd__nand2_1       1  3.7    52    61    1323    (-,-) 
  LEVEL_6[24].B10/GENERATE/g1/Y              -       B->Y  F     sky130_fd_sc_hd__nand2_1       1  5.4    48    64    1387    (-,-) 
  C24/g13__1617/X                            -       B1->X F     sky130_fd_sc_hd__a21o_4        2  6.2    36   181    1568    (-,-) 
  S25/g10__9945/X                            -       A0->X F     sky130_fd_sc_hd__mux2_4        1 51.3   115   354    1922    (-,-) 
  S[25]                                      <<<     -     F     (port)                         -    -     -     0    1922    (-,-) 
#-----------------------------------------------------------------------------------------------------------------------------------

