============================================================
  Generated by:           Genus(TM) Synthesis Solution 23.12-s086_1
  Generated on:           Apr 14 2025  02:24:30 pm
  Module:                 signal_32bits
  Operating conditions:   tt_025C_1v80 
  Interconnect mode:      global
  Area mode:              physical library
============================================================

Timing
-------
  Cost    Critical         Violating 
 Group   Path Slack  TNS     Paths   
-------------------------------------
default        31.6   0.0          0 
-------------------------------------
Total                 0.0          0 

Instance Count
--------------
Leaf Instance Count             180 
Physical Instance count           0 
Sequential Instance Count         0 
Combinational Instance Count    180 
Hierarchical Instance Count       0 

Area
----
Cell Area                          1117.322
Physical Cell Area                 0.000
Total Cell Area (Cell+Physical)    1117.322
Net Area                           1169.188
Total Area (Cell+Physical+Net)     2286.510

Max Fanout                         4 (addinc_add_7_30_n_6)
Min Fanout                         1 (B[6])
Average Fanout                     1.8
Terms to net ratio                 2.3840
Terms to instance ratio            3.3111
Runtime                            13.326997 seconds
Elapsed Runtime                    15 seconds
Genus peak memory usage            1946.08 
Innovus peak memory usage          no_value 
Hostname                           cadmicro-inf-el8-623207
