============================================================
  Generated by:           Genus(TM) Synthesis Solution 23.12-s086_1
  Generated on:           Apr 14 2025  02:24:29 pm
  Module:                 signal_32bits
  Operating conditions:   tt_025C_1v80 
  Interconnect mode:      global
  Area mode:              physical library
============================================================


Path 1: MET (32 ps) Path Delay Check
     Startpoint: (F) A[0]
       Endpoint: (R) S[31]

                   Capture    Launch  
      Path Delay:+    5600         -  
      Drv Adjust:+       0         0  
         Arrival:=    5600            
                                      
   Required Time:=    5600            
       Data Path:-    5568            
           Slack:=      32            

Exceptions/Constraints:
  max_delay             5600            constraints.sdc_line_1 

#------------------------------------------------------------------------------------------------------------------------------
#          Timing Point            Flags     Arc     Edge            Cell             Fanout Load Trans Delay Arrival Instance 
#                                                                                            (fF)  (ps)  (ps)   (ps)  Location 
#------------------------------------------------------------------------------------------------------------------------------
  A[0]                             -       -         F     (arrival)                       3 11.4  1000     0       0    (-,-) 
  addinc_add_7_30_g1345__6260/Y    -       A->Y      R     sky130_fd_sc_hd__nor2_1         1  3.8   232   333     333    (-,-) 
  addinc_add_7_30_g1264__7482/Y    -       B2->Y     F     sky130_fd_sc_hd__o2bb2ai_1      1  5.8    80   112     445    (-,-) 
  g2/COUT                          -       CIN->COUT F     sky130_fd_sc_hd__fa_1           1  5.8    96   390     836    (-,-) 
  addinc_add_7_30_g1252__6783/COUT -       CIN->COUT F     sky130_fd_sc_hd__fa_1           1  5.8    96   396    1232    (-,-) 
  addinc_add_7_30_g1251__5526/COUT -       CIN->COUT F     sky130_fd_sc_hd__fa_1           2  9.0   113   422    1654    (-,-) 
  addinc_add_7_30_g1250/Y          -       A->Y      R     sky130_fd_sc_hd__clkinv_1       2  6.0    54    82    1736    (-,-) 
  addinc_add_7_30_g1249__8428/X    -       C->X      R     sky130_fd_sc_hd__or3_1          1  3.7    51    99    1835    (-,-) 
  addinc_add_7_30_g1246__5107/Y    -       C1->Y     F     sky130_fd_sc_hd__o211ai_1       1  5.8   108    98    1933    (-,-) 
  addinc_add_7_30_g1244__5477/COUT -       CIN->COUT F     sky130_fd_sc_hd__fa_1           1  5.8    96   401    2334    (-,-) 
  addinc_add_7_30_g1243__6417/COUT -       CIN->COUT F     sky130_fd_sc_hd__fa_1           2  7.5   105   410    2744    (-,-) 
  addinc_add_7_30_g1242__7410/Y    -       B_N->Y    F     sky130_fd_sc_hd__nor2b_1        3  8.3    93   176    2920    (-,-) 
  addinc_add_7_30_g1238__9945/X    -       A1->X     F     sky130_fd_sc_hd__a221o_1        3 10.3    91   371    3291    (-,-) 
  addinc_add_7_30_g1236__6161/X    -       A->X      F     sky130_fd_sc_hd__and2_1         2  5.4    47   165    3456    (-,-) 
  addinc_add_7_30_g1230__7098/X    -       A1->X     F     sky130_fd_sc_hd__a221o_1        4 13.3   104   369    3825    (-,-) 
  addinc_add_7_30_g1222__5526/X    -       A1->X     F     sky130_fd_sc_hd__a31o_1         3 10.3    71   229    4055    (-,-) 
  addinc_add_7_30_g1213__1666/X    -       A1->X     F     sky130_fd_sc_hd__a221o_1        3 11.2    95   368    4422    (-,-) 
  addinc_add_7_30_g1202__7098/Y    -       A1->Y     R     sky130_fd_sc_hd__a31oi_1        2  9.0   256   233    4656    (-,-) 
  addinc_add_7_30_g1192__4319/Y    -       A2->Y     F     sky130_fd_sc_hd__o21ai_1        1  5.5    96   113    4769    (-,-) 
  addinc_add_7_30_g1189__2398/X    -       B->X      R     sky130_fd_sc_hd__xor2_1         1 51.3  1009   799    5568    (-,-) 
  S[31]                            <<<     -         R     (port)                          -    -     -     0    5568    (-,-) 
#------------------------------------------------------------------------------------------------------------------------------

