============================================================
  Generated by:           Genus(TM) Synthesis Solution 23.12-s086_1
  Generated on:           Apr 14 2025  03:29:47 pm
  Module:                 ripple_carry_adder_8bits
  Operating conditions:   tt_025C_1v80 
  Interconnect mode:      global
  Area mode:              physical library
============================================================

Timing
-------
  Cost    Critical         Violating 
 Group   Path Slack  TNS     Paths   
-------------------------------------
default      9714.2   0.0          0 
-------------------------------------
Total                 0.0          0 

Instance Count
--------------
Leaf Instance Count             8 
Physical Instance count         0 
Sequential Instance Count       0 
Combinational Instance Count    8 
Hierarchical Instance Count     0 

Area
----
Cell Area                          160.154
Physical Cell Area                 0.000
Total Cell Area (Cell+Physical)    160.154
Net Area                           111.993
Total Area (Cell+Physical+Net)     272.147

Max Fanout                         1 (A[1])
Min Fanout                         1 (A[1])
Average Fanout                     1.0
Terms to net ratio                 1.2121
Terms to instance ratio            5.0000
Runtime                            10.913233 seconds
Elapsed Runtime                    12 seconds
Genus peak memory usage            1887.14 
Innovus peak memory usage          no_value 
Hostname                           cadmicro-inf-el8-623207
