============================================================
  Generated by:           Genus(TM) Synthesis Solution 23.12-s086_1
  Generated on:           Apr 14 2025  03:29:47 pm
  Module:                 ripple_carry_adder_8bits
  Operating conditions:   tt_025C_1v80 
  Interconnect mode:      global
  Area mode:              physical library
============================================================


Path 1: MET (9714 ps) Path Delay Check
     Startpoint: (F) B[0]
       Endpoint: (R) S[7]

                   Capture    Launch  
      Path Delay:+   13700         -  
      Drv Adjust:+       0         0  
         Arrival:=   13700            
                                      
   Required Time:=   13700            
       Data Path:-    3986            
           Slack:=    9714            

Exceptions/Constraints:
  max_delay            13700            constraints.sdc_line_1 

#--------------------------------------------------------------------------------------------------------
#  Timing Point   Flags     Arc     Edge         Cell           Fanout Load Trans Delay Arrival Instance 
#                                                                      (fF)  (ps)  (ps)   (ps)  Location 
#--------------------------------------------------------------------------------------------------------
  B[0]            -       -         F     (arrival)                  1  7.2  1000     0       0    (-,-) 
  g533__3680/COUT -       B->COUT   F     sky130_fd_sc_hd__fa_1      1  5.8    96   786     786    (-,-) 
  g532__6783/COUT -       CIN->COUT F     sky130_fd_sc_hd__fa_1      1  5.8    96   396    1182    (-,-) 
  g531__5526/COUT -       CIN->COUT F     sky130_fd_sc_hd__fa_1      1  5.8    96   396    1579    (-,-) 
  g530__8428/COUT -       CIN->COUT F     sky130_fd_sc_hd__fa_1      1  5.8    96   396    1975    (-,-) 
  g529__4319/COUT -       CIN->COUT F     sky130_fd_sc_hd__fa_1      1  5.8    96   396    2371    (-,-) 
  g528__6260/COUT -       CIN->COUT F     sky130_fd_sc_hd__fa_1      1  5.8    96   396    2768    (-,-) 
  g527__5107/COUT -       CIN->COUT F     sky130_fd_sc_hd__fa_1      1  5.8    96   396    3164    (-,-) 
  g526__2398/SUM  -       CIN->SUM  R     sky130_fd_sc_hd__fa_1      1 51.3   506   822    3985    (-,-) 
  S[7]            <<<     -         R     (port)                     -    -     -     0    3986    (-,-) 
#--------------------------------------------------------------------------------------------------------

