============================================================
  Generated by:           Genus(TM) Synthesis Solution 23.12-s086_1
  Generated on:           Jan 27 2025  03:03:42 pm
  Module:                 alu
  Technology libraries:   fast_vdd1v2 1.0
                          physical_cells 
                          fast_vdd1v2 1.0
                          physical_cells 
  Operating conditions:   PVT_1P32V_0C 
  Interconnect mode:      global
  Area mode:              physical library
============================================================

                                  
    Gate      Instances    Area       Library    
-------------------------------------------------
AND2X1LVT             4     5.472    fast_vdd1v2 
AND3X4LVT             1     3.078    fast_vdd1v2 
AO21X1LVT             1     2.394    fast_vdd1v2 
AO22X1LVT             1     2.736    fast_vdd1v2 
AOI21X1LVT            6    10.260    fast_vdd1v2 
AOI21X2LVT            3     8.208    fast_vdd1v2 
AOI21X4LVT            2    10.260    fast_vdd1v2 
AOI221X1LVT          12    28.728    fast_vdd1v2 
AOI221X2LVT           1     4.446    fast_vdd1v2 
AOI22X1LVT            9    18.468    fast_vdd1v2 
AOI31X1LVT            9    18.468    fast_vdd1v2 
AOI32X1LVT            2     4.788    fast_vdd1v2 
BUFX2LVT              1     1.710    fast_vdd1v2 
CLKINVX4LVT           1     1.710    fast_vdd1v2 
CLKXOR2X1LVT          3     8.208    fast_vdd1v2 
DFFRHQX1LVT          23   141.588    fast_vdd1v2 
DFFRHQX2LVT           3    23.598    fast_vdd1v2 
DFFRHQX4LVT           6    57.456    fast_vdd1v2 
DFFRX1LVT             8    54.720    fast_vdd1v2 
DFFRX2LVT            15   112.860    fast_vdd1v2 
DFFRX4LVT             1     9.576    fast_vdd1v2 
INVX1LVT             34    23.256    fast_vdd1v2 
INVX2LVT              8     8.208    fast_vdd1v2 
INVX3LVT              5     6.840    fast_vdd1v2 
INVXLLVT              1     0.684    fast_vdd1v2 
MX2X1LVT              1     2.394    fast_vdd1v2 
NAND2BX1LVT          15    20.520    fast_vdd1v2 
NAND2BX2LVT           4     9.576    fast_vdd1v2 
NAND2BX4LVT           2     7.524    fast_vdd1v2 
NAND2X1LVT           34    34.884    fast_vdd1v2 
NAND2X2LVT           10    17.100    fast_vdd1v2 
NAND2X4LVT            3    10.260    fast_vdd1v2 
NAND3BX1LVT           1     2.052    fast_vdd1v2 
NAND3X1LVT            1     1.710    fast_vdd1v2 
NOR2BX1LVT           10    13.680    fast_vdd1v2 
NOR2BX2LVT            5    13.680    fast_vdd1v2 
NOR2X1LVT            13    13.338    fast_vdd1v2 
NOR2X2LVT            22    37.620    fast_vdd1v2 
NOR2X4LVT            13    40.014    fast_vdd1v2 
NOR2X6LVT             1     4.104    fast_vdd1v2 
NOR3X2LVT             2     5.472    fast_vdd1v2 
OA21X1LVT             7    14.364    fast_vdd1v2 
OA22X1LVT             2     4.788    fast_vdd1v2 
OAI211X1LVT           6    10.260    fast_vdd1v2 
OAI21X1LVT           17    29.070    fast_vdd1v2 
OAI21X2LVT           11    33.858    fast_vdd1v2 
OAI21X4LVT            1     4.788    fast_vdd1v2 
OAI221X1LVT           3     7.182    fast_vdd1v2 
OAI222X1LVT          12    32.832    fast_vdd1v2 
OAI22X1LVT            4     8.208    fast_vdd1v2 
OAI2BB1X1LVT         13    22.230    fast_vdd1v2 
OAI31X1LVT            1     2.052    fast_vdd1v2 
OAI31X2LVT            1     3.762    fast_vdd1v2 
OR2X1LVT              4     5.472    fast_vdd1v2 
XNOR2X1LVT           11    26.334    fast_vdd1v2 
-------------------------------------------------
total               390  1006.848                


                                         
     Type      Instances   Area   Area % 
-----------------------------------------
sequential            56  399.798   39.7 
inverter              49   40.698    4.0 
buffer                 1    1.710    0.2 
logic                284  564.642   56.1 
physical_cells         0    0.000    0.0 
-----------------------------------------
total                390 1006.848  100.0 

