============================================================
  Generated by:           Genus(TM) Synthesis Solution 23.12-s086_1
  Generated on:           Apr 14 2025  02:34:56 pm
  Module:                 signal_32bits
  Operating conditions:   tt_025C_1v80 
  Interconnect mode:      global
  Area mode:              physical library
============================================================

Timing
-------
  Cost    Critical         Violating 
 Group   Path Slack  TNS     Paths   
-------------------------------------
default         0.0   0.0          0 
-------------------------------------
Total                 0.0          0 

Instance Count
--------------
Leaf Instance Count             234 
Physical Instance count           0 
Sequential Instance Count         0 
Combinational Instance Count    234 
Hierarchical Instance Count       0 

Area
----
Cell Area                          1333.779
Physical Cell Area                 0.000
Total Cell Area (Cell+Physical)    1333.779
Net Area                           1305.982
Total Area (Cell+Physical+Net)     2639.761

Max Fanout                         4 (addinc_add_7_30_n_6)
Min Fanout                         1 (A[30])
Average Fanout                     1.6
Terms to net ratio                 2.2384
Terms to instance ratio            2.8889
Runtime                            13.313906 seconds
Elapsed Runtime                    14 seconds
Genus peak memory usage            1947.09 
Innovus peak memory usage          no_value 
Hostname                           cadmicro-inf-el8-623207
