============================================================
  Generated by:           Genus(TM) Synthesis Solution 23.12-s086_1
  Generated on:           Apr 14 2025  02:34:56 pm
  Module:                 signal_32bits
  Operating conditions:   tt_025C_1v80 
  Interconnect mode:      global
  Area mode:              physical library
============================================================


Path 1: MET (0 ps) Path Delay Check
     Startpoint: (F) A[0]
       Endpoint: (R) S[31]

                   Capture    Launch  
      Path Delay:+    4800         -  
      Drv Adjust:+       0         0  
         Arrival:=    4800            
                                      
   Required Time:=    4800            
       Data Path:-    4800            
           Slack:=       0            

Exceptions/Constraints:
  max_delay             4800            constraints.sdc_line_1 

#-----------------------------------------------------------------------------------------------------------------------------
#          Timing Point            Flags     Arc    Edge            Cell             Fanout Load Trans Delay Arrival Instance 
#                                                                                           (fF)  (ps)  (ps)   (ps)  Location 
#-----------------------------------------------------------------------------------------------------------------------------
  A[0]                             -       -        F     (arrival)                       1  8.0  1000     0       0    (-,-) 
  g14/X                            -       A->X     F     sky130_fd_sc_hd__buf_8          3 19.7    55   424     424    (-,-) 
  addinc_add_7_30_g2550__1617/Y    -       A->Y     R     sky130_fd_sc_hd__nor2_4         1  5.9    71   104     528    (-,-) 
  addinc_add_7_30_g2478__1666/Y    -       B2->Y    F     sky130_fd_sc_hd__o2bb2ai_2      2  6.2    46    62     591    (-,-) 
  addinc_add_7_30_g2472__6161/Y    -       A->Y     R     sky130_fd_sc_hd__nand2_1        1  3.7    52    60     650    (-,-) 
  addinc_add_7_30_g2470__7482/Y    -       A->Y     F     sky130_fd_sc_hd__nand2_1        2  8.4    69    76     726    (-,-) 
  addinc_add_7_30_g2469__5115/Y    -       A->Y     R     sky130_fd_sc_hd__nand2_1        1  5.9    72    84     810    (-,-) 
  addinc_add_7_30_g2467__6131/Y    -       A->Y     F     sky130_fd_sc_hd__nand2_2        2  8.4    48    61     871    (-,-) 
  addinc_add_7_30_g2466__7098/Y    -       A->Y     R     sky130_fd_sc_hd__nand2_1        1  5.9    72    74     946    (-,-) 
  addinc_add_7_30_g2464__5122/Y    -       A->Y     F     sky130_fd_sc_hd__nand2_2        2  8.4    48    61    1007    (-,-) 
  addinc_add_7_30_g2463__1705/Y    -       A->Y     R     sky130_fd_sc_hd__nand2_1        1  5.9    72    74    1081    (-,-) 
  addinc_add_7_30_g2461__1617/Y    -       A->Y     F     sky130_fd_sc_hd__nand2_2        2  8.4    48    61    1143    (-,-) 
  addinc_add_7_30_g2460__3680/Y    -       A->Y     R     sky130_fd_sc_hd__nand2_1        1  5.9    73    74    1217    (-,-) 
  addinc_add_7_30_g2458__5526/Y    -       A->Y     F     sky130_fd_sc_hd__nand2_2        2  8.4    69    62    1279    (-,-) 
  addinc_add_7_30_g2457__8428/Y    -       A->Y     R     sky130_fd_sc_hd__nand2_1        1  5.9    72    84    1362    (-,-) 
  addinc_add_7_30_g2455__6260/Y    -       A->Y     F     sky130_fd_sc_hd__nand2_2        2  8.4    48    61    1424    (-,-) 
  addinc_add_7_30_g2454__5107/Y    -       A->Y     R     sky130_fd_sc_hd__nand2_1        1  5.9    72    74    1498    (-,-) 
  addinc_add_7_30_g2452__5477/Y    -       A->Y     F     sky130_fd_sc_hd__nand2_2        3 11.2    57    70    1568    (-,-) 
  addinc_add_7_30_g2450__6417/Y    -       A->Y     R     sky130_fd_sc_hd__nand2_1        1  3.7    52    64    1632    (-,-) 
  addinc_add_7_30_g2447__2346/Y    -       A->Y     F     sky130_fd_sc_hd__nand2_1        2  8.4    68    76    1708    (-,-) 
  addinc_add_7_30_g2446__2883/Y    -       A->Y     R     sky130_fd_sc_hd__nand2_1        1  3.7    53    69    1777    (-,-) 
  addinc_add_7_30_g2444__9315/Y    -       A->Y     F     sky130_fd_sc_hd__nand2_1        2  8.4    69    76    1853    (-,-) 
  addinc_add_7_30_g2442__4733/Y    -       A->Y     R     sky130_fd_sc_hd__nand2_1        1  3.7    53    70    1923    (-,-) 
  addinc_add_7_30_g2440__5115/Y    -       A->Y     F     sky130_fd_sc_hd__nand2_1        2  8.4    69    76    1999    (-,-) 
  addinc_add_7_30_g2438__6131/X    -       A1->X    F     sky130_fd_sc_hd__a21o_1         2  8.4    58   186    2185    (-,-) 
  addinc_add_7_30_g2437__7098/Y    -       A->Y     R     sky130_fd_sc_hd__nand2_1        1  3.7    53    65    2250    (-,-) 
  addinc_add_7_30_g2435__5122/Y    -       A->Y     F     sky130_fd_sc_hd__nand2_1        2  8.4    69    76    2326    (-,-) 
  addinc_add_7_30_g2434__1705/Y    -       A->Y     R     sky130_fd_sc_hd__nand2_1        1  5.9    72    84    2410    (-,-) 
  addinc_add_7_30_g2432__1617/Y    -       A->Y     F     sky130_fd_sc_hd__nand2_2        2 10.4    55    68    2477    (-,-) 
  addinc_add_7_30_g2431__3680/Y    -       A->Y     R     sky130_fd_sc_hd__nand2_2        1 10.1    73    78    2555    (-,-) 
  addinc_add_7_30_g2429__5526/Y    -       A->Y     F     sky130_fd_sc_hd__nand2_4        4 14.1    50    60    2614    (-,-) 
  addinc_add_7_30_g2427__8428/Y    -       A->Y     R     sky130_fd_sc_hd__nand2_1        1  5.9    71    75    2690    (-,-) 
  addinc_add_7_30_g2425__6260/Y    -       A->Y     F     sky130_fd_sc_hd__nand2_2        4 14.1    76    78    2768    (-,-) 
  addinc_add_7_30_g2421__5477/Y    -       A->Y     R     sky130_fd_sc_hd__nand3_1        1  3.7    70    82    2850    (-,-) 
  addinc_add_7_30_g2414__9315/Y    -       C1->Y    F     sky130_fd_sc_hd__o211ai_1       2  7.5   116   116    2966    (-,-) 
  addinc_add_7_30_g2413__6161/Y    -       B_N->Y   F     sky130_fd_sc_hd__nor2b_1        2  5.5    54   170    3136    (-,-) 
  addinc_add_7_30_g2406__8246/Y    -       A->Y     R     sky130_fd_sc_hd__nand2_1        2  5.9    73    77    3213    (-,-) 
  addinc_add_7_30_g2402__1617/X    -       A2->X    R     sky130_fd_sc_hd__o21ba_2        2  9.0    71   149    3362    (-,-) 
  addinc_add_7_30_g2399__5526/Y    -       A2->Y    F     sky130_fd_sc_hd__o21ai_1        2  9.0    92    92    3454    (-,-) 
  addinc_add_7_30_g2398/Y          -       A->Y     R     sky130_fd_sc_hd__clkinv_1       1  3.9    40    64    3518    (-,-) 
  addinc_add_7_30_g2396__4319/Y    -       A2->Y    F     sky130_fd_sc_hd__o21ai_1        1  3.6    56    55    3573    (-,-) 
  addinc_add_7_30_g2395__6260/COUT -       CI->COUT F     sky130_fd_sc_hd__fah_1          1  3.6    64   246    3819    (-,-) 
  addinc_add_7_30_g2394__5107/COUT -       CI->COUT F     sky130_fd_sc_hd__fah_1          1  6.3    75   268    4087    (-,-) 
  addinc_add_7_30_g2393__2398/SUM  -       CIN->SUM R     sky130_fd_sc_hd__fa_2           1 51.3   291   713    4800    (-,-) 
  S[31]                            <<<     -        R     (port)                          -    -     -     0    4800    (-,-) 
#-----------------------------------------------------------------------------------------------------------------------------

