INFO: [COSIM-47] Using XSIM for RTL simulation.
INFO: [COSIM-14] Instrumenting C test bench ...
   Build using "/tools/amd/Vitis_HLS/2023.2/tps/lnx64/gcc-8.3.0/bin/g++"
   Compiling fibonacci_test.cpp_pre.cpp.tb.cpp
   Compiling fibonacci.cpp_pre.cpp.tb.cpp
   Compiling apatb_kernel.cpp
   Compiling apatb_kernel_ir.ll
   Generating cosim.tv.exe
INFO: [COSIM-302] Starting C TB testing ... 
INFO: [COSIM-333] Generating C post check test bench ...
INFO: [COSIM-12] Generating RTL test bench ...
INFO: [COSIM-1] *** C/RTL co-simulation file generation completed. ***
INFO: [COSIM-323] Starting verilog simulation. 
INFO: [COSIM-15] Starting XSIM ...
INFO: [COSIM-316] Starting C post checking ...
Res = 55 
Out = 55.
Test passed.
Vivado Simulator v2023.2
Copyright 1986-2022 Xilinx, Inc. All Rights Reserved.
Copyright 2022-2023 Advanced Micro Devices, Inc. All Rights Reserved.
Running: /tools/amd/Vivado/2023.2/bin/unwrapped/lnx64.o/xelab xil_defaultlib.apatb_kernel_top glbl -Oenable_linking_all_libraries -prj kernel.prj -L smartconnect_v1_0 -L axi_protocol_checker_v1_1_12 -L axi_protocol_checker_v1_1_13 -L axis_protocol_checker_v1_1_11 -L axis_protocol_checker_v1_1_12 -L xil_defaultlib -L unisims_ver -L xpm -L floating_point_v7_1_16 -L floating_point_v7_0_21 --lib ieee_proposed=./ieee_proposed -s kernel 
Multi-threading is on. Using 10 slave threads.
INFO: [VRFC 10-2263] Analyzing SystemVerilog file "/home/gme/guilherme.manske/hls/fibonacci/solution1/sim/verilog/glbl.v" into library work
INFO: [VRFC 10-311] analyzing module glbl
INFO: [VRFC 10-2263] Analyzing SystemVerilog file "/home/gme/guilherme.manske/hls/fibonacci/solution1/sim/verilog/kernel.autotb.v" into library xil_defaultlib
INFO: [VRFC 10-311] analyzing module apatb_kernel_top
INFO: [VRFC 10-2263] Analyzing SystemVerilog file "/home/gme/guilherme.manske/hls/fibonacci/solution1/sim/verilog/kernel.v" into library xil_defaultlib
INFO: [VRFC 10-311] analyzing module kernel
INFO: [VRFC 10-2263] Analyzing SystemVerilog file "/home/gme/guilherme.manske/hls/fibonacci/solution1/sim/verilog/kernel_flow_control_loop_pipe.v" into library xil_defaultlib
INFO: [VRFC 10-311] analyzing module kernel_flow_control_loop_pipe
INFO: [VRFC 10-2263] Analyzing SystemVerilog file "/home/gme/guilherme.manske/hls/fibonacci/solution1/sim/verilog/dataflow_monitor.sv" into library xil_defaultlib
INFO: [VRFC 10-311] analyzing module dataflow_monitor
Starting static elaboration
Pass Through NonSizing Optimizer
Completed static elaboration
Starting simulation data flow analysis
Completed simulation data flow analysis
Time Resolution for simulation is 1ps
Compiling package xil_defaultlib.$unit_dataflow_monitor_sv
Compiling module xil_defaultlib.kernel_flow_control_loop_pipe
Compiling module xil_defaultlib.kernel
Compiling module xil_defaultlib.nodf_module_intf
Compiling module xil_defaultlib.upc_loop_intf(FSM_WIDTH=1)
Compiling module xil_defaultlib.dataflow_monitor_1
Compiling module xil_defaultlib.apatb_kernel_top
Compiling module work.glbl
Built simulation snapshot kernel

****** xsim v2023.2 (64-bit)
  **** SW Build 4029153 on Fri Oct 13 20:13:54 MDT 2023
  **** IP Build 4028589 on Sat Oct 14 00:45:43 MDT 2023
  **** SharedData Build 4025554 on Tue Oct 10 17:18:54 MDT 2023
    ** Copyright 1986-2022 Xilinx, Inc. All Rights Reserved.
    ** Copyright 2022-2023 Advanced Micro Devices, Inc. All Rights Reserved.

source xsim.dir/kernel/xsim_script.tcl
# xsim {kernel} -autoloadwcfg -tclbatch {kernel.tcl}
Time resolution is 1 ps
source kernel.tcl
## run all
////////////////////////////////////////////////////////////////////////////////////
// Inter-Transaction Progress: Completed Transaction / Total Transaction
// Intra-Transaction Progress: Measured Latency / Latency Estimation * 100%
//
// RTL Simulation : "Inter-Transaction Progress" ["Intra-Transaction Progress"] @ "Simulation Time"
////////////////////////////////////////////////////////////////////////////////////
// RTL Simulation : 0 / 1 [n/a] @ "125000"
// RTL Simulation : 1 / 1 [n/a] @ "235000"
////////////////////////////////////////////////////////////////////////////////////
$finish called at time : 295 ns : File "/home/gme/guilherme.manske/hls/fibonacci/solution1/sim/verilog/kernel.autotb.v" Line 262
## quit
INFO: [Common 17-206] Exiting xsim at Mon Jan  6 16:34:09 2025...
Res = 55 
Out = 55.
Test passed.
INFO: [COSIM-1000] *** C/RTL co-simulation finished: PASS ***
INFO: [COSIM-211] II is measurable only when transaction number is greater than 1 in RTL simulation. Otherwise, they will be marked as all NA. If user wants to calculate them, please make sure there are at least 2 transactions in RTL simulation.
