Flow report for mux4x1
Mon Nov 11 11:16:53 2024
Quartus II 32-bit Version 13.1.0 Build 162 10/23/2013 SJ Web Edition


---------------------
; Table of Contents ;
---------------------
  1. Legal Notice
  2. Flow Summary
  3. Flow Settings
  4. Flow Non-Default Global Settings
  5. Flow Elapsed Time
  6. Flow OS Summary
  7. Flow Log
  8. Flow Messages
  9. Flow Suppressed Messages



----------------
; Legal Notice ;
----------------
Copyright (C) 1991-2013 Altera Corporation
Your use of Altera Corporation's design tools, logic functions 
and other software and tools, and its AMPP partner logic 
functions, and any output files from any of the foregoing 
(including device programming or simulation files), and any 
associated documentation or information are expressly subject 
to the terms and conditions of the Altera Program License 
Subscription Agreement, Altera MegaCore Function License 
Agreement, or other applicable license agreement, including, 
without limitation, that your use is for the sole purpose of 
programming logic devices manufactured by Altera and sold by 
Altera or its authorized distributors.  Please refer to the 
applicable agreement for further details.



+---------------------------------------------------------------------------------+
; Flow Summary                                                                    ;
+------------------------------------+--------------------------------------------+
; Flow Status                        ; Successful - Mon Nov 11 11:16:53 2024      ;
; Quartus II 32-bit Version          ; 13.1.0 Build 162 10/23/2013 SJ Web Edition ;
; Revision Name                      ; mux4x1                                     ;
; Top-level Entity Name              ; mux4x1                                     ;
; Family                             ; Cyclone IV GX                              ;
; Total logic elements               ; 2 / 14,400 ( < 1 % )                       ;
;     Total combinational functions  ; 2 / 14,400 ( < 1 % )                       ;
;     Dedicated logic registers      ; 0 / 14,400 ( 0 % )                         ;
; Total registers                    ; 0                                          ;
; Total pins                         ; 7 / 81 ( 9 % )                             ;
; Total virtual pins                 ; 0                                          ;
; Total memory bits                  ; 0 / 552,960 ( 0 % )                        ;
; Embedded Multiplier 9-bit elements ; 0                                          ;
; Total GXB Receiver Channel PCS     ; 0 / 2 ( 0 % )                              ;
; Total GXB Receiver Channel PMA     ; 0 / 2 ( 0 % )                              ;
; Total GXB Transmitter Channel PCS  ; 0 / 2 ( 0 % )                              ;
; Total GXB Transmitter Channel PMA  ; 0 / 2 ( 0 % )                              ;
; Total PLLs                         ; 0 / 3 ( 0 % )                              ;
; Device                             ; EP4CGX15BF14C6                             ;
; Timing Models                      ; Final                                      ;
+------------------------------------+--------------------------------------------+


+-----------------------------------------+
; Flow Settings                           ;
+-------------------+---------------------+
; Option            ; Setting             ;
+-------------------+---------------------+
; Start date & time ; 11/11/2024 11:14:55 ;
; Main task         ; Compilation         ;
; Revision Name     ; mux4x1              ;
+-------------------+---------------------+


+-------------------------------------------------------------------------------------------------------------+
; Flow Non-Default Global Settings                                                                            ;
+-------------------------------------+------------------------+---------------+-------------+----------------+
; Assignment Name                     ; Value                  ; Default Value ; Entity Name ; Section Id     ;
+-------------------------------------+------------------------+---------------+-------------+----------------+
; COMPILER_SIGNATURE_ID               ; 0.173133449507628      ; --            ; --          ; --             ;
; EDA_OUTPUT_DATA_FORMAT              ; Vhdl                   ; --            ; --          ; eda_simulation ;
; EDA_SIMULATION_TOOL                 ; ModelSim-Altera (VHDL) ; <None>        ; --          ; --             ;
; PARTITION_COLOR                     ; 16764057               ; --            ; --          ; Top            ;
; PARTITION_FITTER_PRESERVATION_LEVEL ; PLACEMENT_AND_ROUTING  ; --            ; --          ; Top            ;
; PARTITION_NETLIST_TYPE              ; SOURCE                 ; --            ; --          ; Top            ;
; PROJECT_OUTPUT_DIRECTORY            ; output_files           ; --            ; --          ; --             ;
+-------------------------------------+------------------------+---------------+-------------+----------------+


+-------------------------------------------------------------------------------------------------------------------------------+
; Flow Elapsed Time                                                                                                             ;
+---------------------------+--------------+-------------------------+---------------------+------------------------------------+
; Module Name               ; Elapsed Time ; Average Processors Used ; Peak Virtual Memory ; Total CPU Time (on all processors) ;
+---------------------------+--------------+-------------------------+---------------------+------------------------------------+
; Analysis & Synthesis      ; 00:00:01     ; 1.0                     ; 391 MB              ; 00:00:01                           ;
; Fitter                    ; 00:00:03     ; 1.0                     ; 589 MB              ; 00:00:04                           ;
; Assembler                 ; 00:00:01     ; 1.0                     ; 393 MB              ; 00:00:01                           ;
; TimeQuest Timing Analyzer ; 00:00:02     ; 1.0                     ; 386 MB              ; 00:00:01                           ;
; EDA Netlist Writer        ; 00:00:01     ; 1.0                     ; 360 MB              ; 00:00:00                           ;
; EDA Netlist Writer        ; 00:00:01     ; 1.0                     ; 370 MB              ; 00:00:00                           ;
; EDA Netlist Writer        ; 00:00:00     ; 1.0                     ; 369 MB              ; 00:00:00                           ;
; Total                     ; 00:00:09     ; --                      ; --                  ; 00:00:07                           ;
+---------------------------+--------------+-------------------------+---------------------+------------------------------------+


+--------------------------------------------------------------------------------------------------+
; Flow OS Summary                                                                                  ;
+---------------------------+-------------------------+-------------+-------------+----------------+
; Module Name               ; Machine Hostname        ; OS Name     ; OS Version  ; Processor type ;
+---------------------------+-------------------------+-------------+-------------+----------------+
; Analysis & Synthesis      ; cadmicro-inf-el8-623650 ; Rocky Linux ; Rocky Linux ; x86_64         ;
; Fitter                    ; cadmicro-inf-el8-623650 ; Rocky Linux ; Rocky Linux ; x86_64         ;
; Assembler                 ; cadmicro-inf-el8-623650 ; Rocky Linux ; Rocky Linux ; x86_64         ;
; TimeQuest Timing Analyzer ; cadmicro-inf-el8-623650 ; Rocky Linux ; Rocky Linux ; x86_64         ;
; EDA Netlist Writer        ; cadmicro-inf-el8-623650 ; Rocky Linux ; Rocky Linux ; x86_64         ;
; EDA Netlist Writer        ; cadmicro-inf-el8-623650 ; Rocky Linux ; Rocky Linux ; x86_64         ;
; EDA Netlist Writer        ; cadmicro-inf-el8-623650 ; Rocky Linux ; Rocky Linux ; x86_64         ;
+---------------------------+-------------------------+-------------+-------------+----------------+


------------
; Flow Log ;
------------
quartus_map --read_settings_files=on --write_settings_files=off mux4x1 -c mux4x1
quartus_fit --read_settings_files=off --write_settings_files=off mux4x1 -c mux4x1
quartus_asm --read_settings_files=off --write_settings_files=off mux4x1 -c mux4x1
quartus_sta mux4x1 -c mux4x1
quartus_eda --read_settings_files=off --write_settings_files=off mux4x1 -c mux4x1
quartus_eda --gen_testbench --check_outputs=on --tool=modelsim_oem --format=verilog mux4x1 -c mux4x1 --vector_source=/home/gme/guilherme.manske/quartus/mux4x1/mux4x1.vwf --testbench_file=/home/gme/guilherme.manske/quartus/mux4x1/simulation/qsim/mux4x1.vwf.vt
quartus_eda --functional=on --flatten_buses=off --simulation=on --tool=modelsim_oem --format=verilog --output_directory=/home/gme/guilherme.manske/quartus/mux4x1/simulation/qsim/ mux4x1 -c mux4x1



