###############################################################
#  Generated by:      Cadence Innovus 23.32-s091_1
#  OS:                Linux x86_64(Host ID cadmicro-inf-el8-623207)
#  Generated on:      Fri Apr 11 15:48:27 2025
#  Design:            ladner_fischer_32bits
#  Command:           report_timing > reports/report_timing.rpt
###############################################################
Path 1: VIOLATED Path Delay Check
Endpoint:   S[29] (^)
Beginpoint: B[2]  (v) triggered by  leading edge of '@'
Path Groups: {default}
Analysis View: default_emulate_view
- External Delay                0.000
+ Path Delay                    1.843
= Required Time                 1.843
- Arrival Time                  1.884
= Slack Time                   -0.041
     Clock Rise Edge                      0.000
     + Input Delay                        0.000
     = Beginpoint Arrival Time            0.000
     +-------------------------------------------------------------------------------------------------------------+ 
     |              Instance               |     Arc      |           Cell            | Delay | Arrival | Required | 
     |                                     |              |                           |       |  Time   |   Time   | 
     |-------------------------------------+--------------+---------------------------+-------+---------+----------| 
     |                                     | B[2] v       |                           |       |   0.000 |   -0.041 | 
     | GENERATE_PROPAGATE[2].PROPAGATE/g20 | A v -> X v   | sky130_fd_sc_hd__xor2_4   | 0.455 |   0.455 |    0.414 | 
     | LEVEL_1[3].B1/PROPAGATE/g2          | B v -> X v   | sky130_fd_sc_hd__and2_4   | 0.222 |   0.677 |    0.636 | 
     | LEVEL_2[3].B2/PROPAGATE/g11__2398   | A v -> X v   | sky130_fd_sc_hd__and2_4   | 0.144 |   0.821 |    0.780 | 
     | LEVEL_3[7].B3/PROPAGATE/g11__9945   | B v -> X v   | sky130_fd_sc_hd__and2_4   | 0.175 |   0.996 |    0.955 | 
     | LEVEL_4[31].B6/PROPAGATE/g11__2398  | A v -> X v   | sky130_fd_sc_hd__and2_4   | 0.181 |   1.177 |    1.136 | 
     | LEVEL_5[27].B7/PROPAGATE/g11__4733  | A v -> X v   | sky130_fd_sc_hd__and2_4   | 0.147 |   1.324 |    1.283 | 
     | LEVEL_6[28].B8/PROPAGATE/g11__5526  | A v -> X v   | sky130_fd_sc_hd__and2_4   | 0.128 |   1.452 |    1.411 | 
     | C28/g20__6783                       | A v -> Y ^   | sky130_fd_sc_hd__nand2_2  | 0.053 |   1.505 |    1.464 | 
     | C28/g19__5526                       | A ^ -> Y v   | sky130_fd_sc_hd__nand2_2  | 0.087 |   1.591 |    1.550 | 
     | S29/g2                              | A_N v -> Y v | sky130_fd_sc_hd__nand2b_4 | 0.169 |   1.760 |    1.719 | 
     | S29/g15__9315                       | A v -> Y ^   | sky130_fd_sc_hd__nand2_8  | 0.121 |   1.882 |    1.841 | 
     |                                     | S[29] ^      |                           | 0.002 |   1.884 |    1.843 | 
     +-------------------------------------------------------------------------------------------------------------+ 

