============================================================
  Generated by:           Genus(TM) Synthesis Solution 23.12-s086_1
  Generated on:           Apr 14 2025  02:23:07 pm
  Module:                 signal_32bits
  Operating conditions:   tt_025C_1v80 
  Interconnect mode:      global
  Area mode:              physical library
============================================================


Path 1: MET (2 ps) Path Delay Check
     Startpoint: (F) A[0]
       Endpoint: (R) S[31]

                   Capture    Launch  
      Path Delay:+    5700         -  
      Drv Adjust:+       0         0  
         Arrival:=    5700            
                                      
   Required Time:=    5700            
       Data Path:-    5698            
           Slack:=       2            

Exceptions/Constraints:
  max_delay             5700            constraints.sdc_line_1 

#------------------------------------------------------------------------------------------------------------------------------
#          Timing Point            Flags     Arc     Edge            Cell             Fanout Load Trans Delay Arrival Instance 
#                                                                                            (fF)  (ps)  (ps)   (ps)  Location 
#------------------------------------------------------------------------------------------------------------------------------
  A[0]                             -       -         F     (arrival)                       3 13.2  1000     0       0    (-,-) 
  addinc_add_7_30_g2493__2346/Y    -       A->Y      R     sky130_fd_sc_hd__nor2_2         1  3.8   196   326     326    (-,-) 
  addinc_add_7_30_g2457__5115/Y    -       B2->Y     F     sky130_fd_sc_hd__o2bb2ai_1      2  8.4    97   122     448    (-,-) 
  addinc_add_7_30_g2453__8246/Y    -       A->Y      R     sky130_fd_sc_hd__nand2_1        1  3.7    54    82     529    (-,-) 
  addinc_add_7_30_g2451__1705/Y    -       A->Y      F     sky130_fd_sc_hd__nand2_1        2  8.4    87    76     606    (-,-) 
  addinc_add_7_30_g2450__2802/Y    -       A->Y      R     sky130_fd_sc_hd__nand2_1        1  5.9    74    92     697    (-,-) 
  addinc_add_7_30_g2448__3680/Y    -       A->Y      F     sky130_fd_sc_hd__nand2_2        2  8.4    69    62     759    (-,-) 
  addinc_add_7_30_g2447__6783/Y    -       A->Y      R     sky130_fd_sc_hd__nand2_1        1  5.9    74    84     842    (-,-) 
  addinc_add_7_30_g2445__8428/Y    -       A->Y      F     sky130_fd_sc_hd__nand2_2        2  8.4    69    62     904    (-,-) 
  addinc_add_7_30_g2444__4319/Y    -       A->Y      R     sky130_fd_sc_hd__nand2_1        1  5.9    74    84     988    (-,-) 
  addinc_add_7_30_g2442__5107/Y    -       A->Y      F     sky130_fd_sc_hd__nand2_2        2  8.4    69    62    1049    (-,-) 
  addinc_add_7_30_g2441__2398/Y    -       A->Y      R     sky130_fd_sc_hd__nand2_1        1  5.9    74    84    1133    (-,-) 
  addinc_add_7_30_g2439__6417/Y    -       A->Y      F     sky130_fd_sc_hd__nand2_2        2  8.4    69    62    1195    (-,-) 
  addinc_add_7_30_g2438__7410/Y    -       A->Y      R     sky130_fd_sc_hd__nand2_1        1  5.9    74    84    1278    (-,-) 
  addinc_add_7_30_g2436__2346/Y    -       A->Y      F     sky130_fd_sc_hd__nand2_2        2  8.4    69    62    1340    (-,-) 
  addinc_add_7_30_g2435__2883/Y    -       A->Y      R     sky130_fd_sc_hd__nand2_1        1  5.9    74    84    1423    (-,-) 
  addinc_add_7_30_g2433__9315/Y    -       A->Y      F     sky130_fd_sc_hd__nand2_2        2  7.5    66    59    1482    (-,-) 
  addinc_add_7_30_g2432__6161/Y    -       B_N->Y    F     sky130_fd_sc_hd__nor2b_1        2  7.5    90   155    1637    (-,-) 
  addinc_add_7_30_g2429__5115/Y    -       A1->Y     R     sky130_fd_sc_hd__a21oi_2        2 11.1   168   193    1830    (-,-) 
  addinc_add_7_30_g2426__7098/Y    -       A2->Y     F     sky130_fd_sc_hd__o21ai_2        2  9.0    85    88    1919    (-,-) 
  addinc_add_7_30_g2425/Y          -       A->Y      R     sky130_fd_sc_hd__clkinv_1       1  3.9    39    62    1980    (-,-) 
  addinc_add_7_30_g2423__5122/Y    -       A2->Y     F     sky130_fd_sc_hd__o21ai_1        1  3.6    76    54    2035    (-,-) 
  addinc_add_7_30_g2422__1705/COUT -       CI->COUT  F     sky130_fd_sc_hd__fah_1          2  8.4    83   287    2322    (-,-) 
  addinc_add_7_30_g2421__2802/Y    -       A->Y      R     sky130_fd_sc_hd__nand2_1        1  3.7    56    76    2397    (-,-) 
  addinc_add_7_30_g2419__3680/Y    -       A->Y      F     sky130_fd_sc_hd__nand2_1        2  8.4    87    77    2474    (-,-) 
  g2/X                             -       A1->X     F     sky130_fd_sc_hd__a21bo_1        1  3.6    39   183    2657    (-,-) 
  addinc_add_7_30_g2415__4319/COUT -       CI->COUT  F     sky130_fd_sc_hd__fah_1          3 11.2    94   285    2941    (-,-) 
  addinc_add_7_30_g2413__6260/Y    -       A->Y      R     sky130_fd_sc_hd__nand2_1        2  5.9    73    94    3036    (-,-) 
  addinc_add_7_30_g2409__6417/X    -       B2->X     R     sky130_fd_sc_hd__o221a_2        3 11.1    85   218    3253    (-,-) 
  addinc_add_7_30_g2406__2346/X    -       C->X      R     sky130_fd_sc_hd__or3_1          2  5.9    69   124    3378    (-,-) 
  addinc_add_7_30_g2400__7482/X    -       A3->X     R     sky130_fd_sc_hd__o311a_1        3 11.0   126   200    3577    (-,-) 
  addinc_add_7_30_g2390__3680/X    -       A4->X     R     sky130_fd_sc_hd__o41a_2         1  6.3    53   149    3726    (-,-) 
  g2550/COUT                       -       CIN->COUT F     sky130_fd_sc_hd__fahcin_1       1  3.6   104    83    3810    (-,-) 
  addinc_add_7_30_g2386__4319/COUT -       CI->COUT  F     sky130_fd_sc_hd__fah_1          1  5.8    73   283    4092    (-,-) 
  addinc_add_7_30_g2385__6260/COUT -       CIN->COUT F     sky130_fd_sc_hd__fa_1           1  5.8    96   388    4480    (-,-) 
  addinc_add_7_30_g2384__5107/COUT -       CIN->COUT F     sky130_fd_sc_hd__fa_1           1  5.8    96   396    4876    (-,-) 
  addinc_add_7_30_g2383__2398/SUM  -       CIN->SUM  R     sky130_fd_sc_hd__fa_1           1 51.3   506   822    5698    (-,-) 
  S[31]                            <<<     -         R     (port)                          -    -     -     0    5698    (-,-) 
#------------------------------------------------------------------------------------------------------------------------------

