============================================================
  Generated by:           Genus(TM) Synthesis Solution 23.12-s086_1
  Generated on:           Apr 14 2025  02:23:07 pm
  Module:                 signal_32bits
  Operating conditions:   tt_025C_1v80 
  Interconnect mode:      global
  Area mode:              physical library
============================================================

Timing
-------
  Cost    Critical         Violating 
 Group   Path Slack  TNS     Paths   
-------------------------------------
default         1.5   0.0          0 
-------------------------------------
Total                 0.0          0 

Instance Count
--------------
Leaf Instance Count             161 
Physical Instance count           0 
Sequential Instance Count         0 
Combinational Instance Count    161 
Hierarchical Instance Count       0 

Area
----
Cell Area                          1091.046
Physical Cell Area                 0.000
Total Cell Area (Cell+Physical)    1091.046
Net Area                           1037.093
Total Area (Cell+Physical+Net)     2128.139

Max Fanout                         4 (addinc_add_7_30_n_7)
Min Fanout                         1 (A[28])
Average Fanout                     1.6
Terms to net ratio                 2.2189
Terms to instance ratio            3.2112
Runtime                            13.400007 seconds
Elapsed Runtime                    14 seconds
Genus peak memory usage            1941.42 
Innovus peak memory usage          no_value 
Hostname                           cadmicro-inf-el8-623207
