============================================================
  Generated by:           Genus(TM) Synthesis Solution 23.12-s086_1
  Generated on:           Apr 14 2025  04:05:04 pm
  Module:                 brent_kung_32bits
  Operating conditions:   tt_025C_1v80 
  Interconnect mode:      global
  Area mode:              physical library
============================================================

Timing
-------
  Cost    Critical         Violating 
 Group   Path Slack  TNS     Paths   
-------------------------------------
default         0.0   0.0          0 
-------------------------------------
Total                 0.0          0 

Instance Count
--------------
Leaf Instance Count             558 
Physical Instance count           0 
Sequential Instance Count         0 
Combinational Instance Count    558 
Hierarchical Instance Count       0 

Area
----
Cell Area                          4813.366
Physical Cell Area                 0.000
Total Cell Area (Cell+Physical)    4813.366
Net Area                           2679.926
Total Area (Cell+Physical+Net)     7493.292

Max Fanout                         6 (n_1544)
Min Fanout                         1 (n_0)
Average Fanout                     1.5
Terms to net ratio                 2.3904
Terms to instance ratio            2.6774
Runtime                            59.69559000000001 seconds
Elapsed Runtime                    61 seconds
Genus peak memory usage            1948.49 
Innovus peak memory usage          no_value 
Hostname                           cadmicro-inf-el8-623207
