============================================================
  Generated by:           Genus(TM) Synthesis Solution 23.12-s086_1
  Generated on:           Apr 14 2025  03:07:28 pm
  Module:                 signal_32bits
  Operating conditions:   tt_025C_1v80 
  Interconnect mode:      global
  Area mode:              physical library
============================================================


Path 1: MET (0 ps) Path Delay Check
     Startpoint: (F) A[0]
       Endpoint: (R) S[27]

                   Capture    Launch  
      Path Delay:+    2400         -  
      Drv Adjust:+       0         0  
         Arrival:=    2400            
                                      
   Required Time:=    2400            
       Data Path:-    2400            
           Slack:=       0            

Exceptions/Constraints:
  max_delay             2400            constraints.sdc_line_1 

#-------------------------------------------------------------------------------------------------------------------------
#         Timing Point          Flags    Arc    Edge            Cell             Fanout Load Trans Delay Arrival Instance 
#                                                                                       (fF)  (ps)  (ps)   (ps)  Location 
#-------------------------------------------------------------------------------------------------------------------------
  A[0]                          -       -       F     (arrival)                       1  8.0  1000     0       0    (-,-) 
  g14/X                         -       A->X    F     sky130_fd_sc_hd__buf_8          3 19.7    55   424     424    (-,-) 
  addinc_add_7_30_g1339__4319/Y -       A->Y    R     sky130_fd_sc_hd__nor2_4         1  5.9    71   104     528    (-,-) 
  addinc_add_7_30_g1244__5526/Y -       B2->Y   F     sky130_fd_sc_hd__o2bb2ai_2      2 10.4    60    75     604    (-,-) 
  addinc_add_7_30_g1231__9315/Y -       A->Y    R     sky130_fd_sc_hd__nand2_2        1  5.9    52    65     668    (-,-) 
  addinc_add_7_30_g1229__4733/Y -       A->Y    F     sky130_fd_sc_hd__nand2_2        2 10.4    54    62     730    (-,-) 
  addinc_add_7_30_g1227__5115/Y -       A->Y    R     sky130_fd_sc_hd__nand2_2        1  5.9    53    62     792    (-,-) 
  addinc_add_7_30_g1225__6131/Y -       A->Y    F     sky130_fd_sc_hd__nand2_2        2 10.4    54    62     854    (-,-) 
  addinc_add_7_30_g1224__7098/Y -       A->Y    R     sky130_fd_sc_hd__nand2_2        1 10.1    73    77     932    (-,-) 
  addinc_add_7_30_g1222__5122/Y -       A->Y    F     sky130_fd_sc_hd__nand2_4        4 16.1    54    63     995    (-,-) 
  addinc_add_7_30_g1220__1705/Y -       A->Y    R     sky130_fd_sc_hd__nand2_2        1  5.9    51    62    1057    (-,-) 
  addinc_add_7_30_g1218__1617/Y -       A->Y    F     sky130_fd_sc_hd__nand2_2        3 10.4    64    61    1118    (-,-) 
  addinc_add_7_30_g1215__5526/Y -       A->Y    R     sky130_fd_sc_hd__nand2_1        1  5.9    72    81    1199    (-,-) 
  addinc_add_7_30_g1210__2398/Y -       A->Y    F     sky130_fd_sc_hd__nand2_2        3 12.4    70    74    1273    (-,-) 
  addinc_add_7_30_g1205__2346/Y -       A->Y    R     sky130_fd_sc_hd__nand2_2        1  5.9    57    69    1342    (-,-) 
  addinc_add_7_30_g1201__6161/Y -       A->Y    F     sky130_fd_sc_hd__nand2_2        4 13.3    73    71    1413    (-,-) 
  addinc_add_7_30_g1197__5115/Y -       A->Y    R     sky130_fd_sc_hd__nand3_1        1  3.7    71    81    1494    (-,-) 
  addinc_add_7_30_g1190__1705/Y -       A->Y    F     sky130_fd_sc_hd__nand2_1        2  7.1    65    75    1569    (-,-) 
  addinc_add_7_30_g1189/Y       -       A->Y    R     sky130_fd_sc_hd__clkinv_1       3  8.1    55    71    1640    (-,-) 
  addinc_add_7_30_g1182__4319/Y -       B->Y    F     sky130_fd_sc_hd__nor2_1         2  5.5    64    49    1689    (-,-) 
  addinc_add_7_30_g1172__9945/Y -       A1->Y   R     sky130_fd_sc_hd__a21oi_1        3  8.2   211   201    1890    (-,-) 
  addinc_add_7_30_g1159__1617/Y -       A2->Y   F     sky130_fd_sc_hd__o21ai_1        2  5.2    93   102    1992    (-,-) 
  addinc_add_7_30_g1153__6260/X -       A2_N->X R     sky130_fd_sc_hd__a2bb2o_2       1 51.3   269   407    2400    (-,-) 
  S[27]                         <<<     -       R     (port)                          -    -     -     0    2400    (-,-) 
#-------------------------------------------------------------------------------------------------------------------------

