###############################################################
#  Generated by:      Cadence Innovus 23.32-s091_1
#  OS:                Linux x86_64(Host ID cadmicro-inf-el8-623207)
#  Generated on:      Mon Apr 14 15:37:21 2025
#  Design:            han_carlson_32bits
#  Command:           report_timing > reports/report_timing.rpt
###############################################################
Path 1: MET Path Delay Check
Endpoint:   S[31] (^)
Beginpoint: A[0]  (v) triggered by  leading edge of '@'
Path Groups: {default}
Analysis View: default_emulate_view
- External Delay                0.000
+ Path Delay                   13.700
= Required Time                13.700
- Arrival Time                 10.818
= Slack Time                    2.882
     Clock Rise Edge                      0.000
     + Input Delay                        0.000
     = Beginpoint Arrival Time            0.000
     +----------------------------------------------------------------------------------------+ 
     |  Instance   |       Arc       |           Cell            | Delay | Arrival | Required | 
     |             |                 |                           |       |  Time   |   Time   | 
     |-------------+-----------------+---------------------------+-------+---------+----------| 
     |             | A[0] v          |                           |       |   0.000 |    2.881 | 
     | g3837__7410 | B v -> SUM v    | sky130_fd_sc_hd__ha_1     | 0.661 |   0.661 |    3.542 | 
     | g3826__8246 | B v -> COUT v   | sky130_fd_sc_hd__ha_1     | 0.201 |   0.862 |    3.743 | 
     | g3825__5122 | A v -> Y ^      | sky130_fd_sc_hd__nand2_1  | 0.096 |   0.958 |    3.839 | 
     | g3820__3680 | A_N ^ -> X v    | sky130_fd_sc_hd__and3b_1  | 0.192 |   1.149 |    4.031 | 
     | g3818__8428 | B1 v -> Y ^     | sky130_fd_sc_hd__a221oi_1 | 0.244 |   1.393 |    4.274 | 
     | g3816__6260 | C1 ^ -> Y v     | sky130_fd_sc_hd__o221ai_1 | 0.174 |   1.567 |    4.448 | 
     | g3809__1666 | B v -> COUT v   | sky130_fd_sc_hd__ha_1     | 0.224 |   1.791 |    4.673 | 
     | g3806__9315 | A1 v -> X v     | sky130_fd_sc_hd__a221o_1  | 0.319 |   2.110 |    4.991 | 
     | g3802__5115 | B v -> COUT v   | sky130_fd_sc_hd__ha_1     | 0.201 |   2.310 |    5.192 | 
     | g3799__7098 | A1 v -> X v     | sky130_fd_sc_hd__a221o_1  | 0.344 |   2.654 |    5.536 | 
     | g3949       | CIN v -> COUT v | sky130_fd_sc_hd__fa_1     | 0.391 |   3.046 |    5.927 | 
     | g3948       | CIN v -> COUT v | sky130_fd_sc_hd__fa_1     | 0.400 |   3.445 |    6.327 | 
     | g3947       | CIN v -> COUT v | sky130_fd_sc_hd__fa_1     | 0.400 |   3.846 |    6.727 | 
     | g3946       | CIN v -> COUT v | sky130_fd_sc_hd__fa_1     | 0.394 |   4.239 |    7.121 | 
     | g3789__4319 | B v -> COUT v   | sky130_fd_sc_hd__ha_1     | 0.209 |   4.449 |    7.330 | 
     | g3787__5107 | A1 v -> X v     | sky130_fd_sc_hd__a221o_1  | 0.326 |   4.775 |    7.656 | 
     | g3945       | CIN v -> COUT v | sky130_fd_sc_hd__fa_1     | 0.388 |   5.163 |    8.044 | 
     | g3944       | CIN v -> COUT v | sky130_fd_sc_hd__fa_1     | 0.402 |   5.564 |    8.446 | 
     | g3943       | CIN v -> COUT v | sky130_fd_sc_hd__fa_1     | 0.403 |   5.967 |    8.849 | 
     | g3942       | CIN v -> COUT v | sky130_fd_sc_hd__fa_1     | 0.401 |   6.369 |    9.250 | 
     | g3941       | CIN v -> COUT v | sky130_fd_sc_hd__fa_1     | 0.402 |   6.771 |    9.652 | 
     | g3940       | CIN v -> COUT v | sky130_fd_sc_hd__fa_1     | 0.410 |   7.181 |   10.063 | 
     | g3939       | CIN v -> COUT v | sky130_fd_sc_hd__fa_1     | 0.403 |   7.584 |   10.466 | 
     | g3938       | CIN v -> COUT v | sky130_fd_sc_hd__fa_1     | 0.403 |   7.987 |   10.869 | 
     | g3937       | CIN v -> COUT v | sky130_fd_sc_hd__fa_1     | 0.404 |   8.391 |   11.272 | 
     | g3936       | CIN v -> COUT v | sky130_fd_sc_hd__fa_1     | 0.396 |   8.787 |   11.669 | 
     | g3935       | CIN v -> COUT v | sky130_fd_sc_hd__fa_1     | 0.402 |   9.189 |   12.071 | 
     | g3934       | CIN v -> COUT v | sky130_fd_sc_hd__fa_1     | 0.402 |   9.592 |   12.473 | 
     | g3933       | CIN v -> COUT v | sky130_fd_sc_hd__fa_1     | 0.397 |   9.988 |   12.870 | 
     | g2          | CIN v -> SUM ^  | sky130_fd_sc_hd__fa_1     | 0.829 |  10.817 |   13.699 | 
     |             | S[31] ^         |                           | 0.001 |  10.818 |   13.700 | 
     +----------------------------------------------------------------------------------------+ 

