============================================================
  Generated by:           Genus(TM) Synthesis Solution 23.12-s086_1
  Generated on:           Apr 14 2025  12:50:08 pm
  Module:                 signal_32bits
  Operating conditions:   tt_025C_1v80 
  Interconnect mode:      global
  Area mode:              physical library
============================================================


Path 1: MET (3481 ps) Path Delay Check
     Startpoint: (F) A[0]
       Endpoint: (R) S[31]

                   Capture    Launch  
      Path Delay:+   12700         -  
      Drv Adjust:+       0         0  
         Arrival:=   12700            
                                      
   Required Time:=   12700            
       Data Path:-    9219            
           Slack:=    3481            

Exceptions/Constraints:
  max_delay            12700            constraints.sdc_line_1 

#-----------------------------------------------------------------------------------------------------------------------------
#          Timing Point            Flags     Arc     Edge           Cell             Fanout Load Trans Delay Arrival Instance 
#                                                                                           (fF)  (ps)  (ps)   (ps)  Location 
#-----------------------------------------------------------------------------------------------------------------------------
  A[0]                             -       -         F     (arrival)                      1  7.2  1000     0       0    (-,-) 
  addinc_add_7_30_g1338__7410/COUT -       B->COUT   F     sky130_fd_sc_hd__fa_1          1  5.8    96   786     786    (-,-) 
  addinc_add_7_30_g1337__1666/COUT -       CIN->COUT F     sky130_fd_sc_hd__fa_1          1  5.8    96   396    1182    (-,-) 
  addinc_add_7_30_g1336__2346/COUT -       CIN->COUT F     sky130_fd_sc_hd__fa_1          1  5.8    96   396    1579    (-,-) 
  addinc_add_7_30_g1335__2883/COUT -       CIN->COUT F     sky130_fd_sc_hd__fa_1          1  5.8    96   396    1975    (-,-) 
  addinc_add_7_30_g1334__9945/COUT -       CIN->COUT F     sky130_fd_sc_hd__fa_1          1  5.8    96   396    2371    (-,-) 
  addinc_add_7_30_g1333__9315/COUT -       CIN->COUT F     sky130_fd_sc_hd__fa_1          1  5.8    96   396    2768    (-,-) 
  addinc_add_7_30_g1332__6161/COUT -       CIN->COUT F     sky130_fd_sc_hd__fa_1          1  5.8    96   396    3164    (-,-) 
  addinc_add_7_30_g1331__4733/COUT -       CIN->COUT F     sky130_fd_sc_hd__fa_1          2  8.4   110   417    3581    (-,-) 
  addinc_add_7_30_g1330__7482/Y    -       B->Y      R     sky130_fd_sc_hd__nand2b_1      2  6.8    90   121    3702    (-,-) 
  addinc_add_7_30_g1327__6131/Y    -       A2->Y     F     sky130_fd_sc_hd__o221ai_1      1  5.8   139   139    3841    (-,-) 
  addinc_add_7_30_g1325__8246/COUT -       CIN->COUT F     sky130_fd_sc_hd__fa_1          1  5.8    96   412    4254    (-,-) 
  addinc_add_7_30_g1324__5122/COUT -       CIN->COUT F     sky130_fd_sc_hd__fa_1          2  8.4   110   417    4671    (-,-) 
  addinc_add_7_30_g1323__1705/Y    -       B->Y      R     sky130_fd_sc_hd__nand2b_1      2  6.8    90   121    4792    (-,-) 
  addinc_add_7_30_g1320__3680/Y    -       A2->Y     F     sky130_fd_sc_hd__o221ai_1      1  5.8   139   139    4931    (-,-) 
  addinc_add_7_30_g1318__5526/COUT -       CIN->COUT F     sky130_fd_sc_hd__fa_1          1  5.8    96   412    5343    (-,-) 
  addinc_add_7_30_g1317__8428/COUT -       CIN->COUT F     sky130_fd_sc_hd__fa_1          2  7.5   105   410    5753    (-,-) 
  addinc_add_7_30_g1316__4319/Y    -       B_N->Y    F     sky130_fd_sc_hd__nor2b_1       3  8.3    93   176    5929    (-,-) 
  addinc_add_7_30_g1312__5477/Y    -       B1->Y     R     sky130_fd_sc_hd__a221oi_1      3 12.0   491   452    6382    (-,-) 
  addinc_add_7_30_g1304__6161/Y    -       A2->Y     F     sky130_fd_sc_hd__o221ai_1      2  8.4   163   228    6610    (-,-) 
  addinc_add_7_30_g1301__5115/Y    -       B->Y      R     sky130_fd_sc_hd__nand2b_1      2  6.8    98   144    6754    (-,-) 
  addinc_add_7_30_g1296__5122/Y    -       A2->Y     F     sky130_fd_sc_hd__o221ai_1      1  5.8   139   141    6895    (-,-) 
  addinc_add_7_30_g1293__1617/COUT -       CIN->COUT F     sky130_fd_sc_hd__fa_1          1  5.8    96   412    7307    (-,-) 
  addinc_add_7_30_g1292__3680/COUT -       CIN->COUT F     sky130_fd_sc_hd__fa_1          2  8.4   110   417    7724    (-,-) 
  addinc_add_7_30_g1291__6783/Y    -       B->Y      R     sky130_fd_sc_hd__nand2b_1      2  6.8    90   121    7845    (-,-) 
  addinc_add_7_30_g1288__4319/Y    -       A2->Y     F     sky130_fd_sc_hd__o221ai_1      1  5.8   139   139    7984    (-,-) 
  addinc_add_7_30_g1286__5107/COUT -       CIN->COUT F     sky130_fd_sc_hd__fa_1          1  5.8    96   412    8397    (-,-) 
  addinc_add_7_30_g1285__2398/SUM  -       CIN->SUM  R     sky130_fd_sc_hd__fa_1          1 51.3   506   822    9218    (-,-) 
  S[31]                            <<<     -         R     (port)                         -    -     -     0    9219    (-,-) 
#-----------------------------------------------------------------------------------------------------------------------------

