============================================================
  Generated by:           Genus(TM) Synthesis Solution 23.12-s086_1
  Generated on:           Apr 14 2025  12:50:08 pm
  Module:                 signal_32bits
  Operating conditions:   tt_025C_1v80 
  Interconnect mode:      global
  Area mode:              physical library
============================================================

Timing
-------
  Cost    Critical         Violating 
 Group   Path Slack  TNS     Paths   
-------------------------------------
default      3481.2   0.0          0 
-------------------------------------
Total                 0.0          0 

Instance Count
--------------
Leaf Instance Count             112 
Physical Instance count           0 
Sequential Instance Count         0 
Combinational Instance Count    112 
Hierarchical Instance Count       0 

Area
----
Cell Area                          875.840
Physical Cell Area                 0.000
Total Cell Area (Cell+Physical)    875.840
Net Area                           828.595
Total Area (Cell+Physical+Net)     1704.435

Max Fanout                         4 (addinc_add_7_30_n_0)
Min Fanout                         1 (B[1])
Average Fanout                     1.5
Terms to net ratio                 2.0363
Terms to instance ratio            3.5089
Runtime                            13.541893 seconds
Elapsed Runtime                    14 seconds
Genus peak memory usage            1941.29 
Innovus peak memory usage          no_value 
Hostname                           cadmicro-inf-el8-623207
