============================================================
  Generated by:           Genus(TM) Synthesis Solution 23.12-s086_1
  Generated on:           Apr 11 2025  03:39:40 pm
  Module:                 ladner_fischer_32bits
  Operating conditions:   tt_025C_1v80 
  Interconnect mode:      global
  Area mode:              physical library
============================================================

Timing
-------
  Cost    Critical             Violating 
 Group   Path Slack    TNS       Paths   
-----------------------------------------
default      -220.9   -3980.0         27 
-----------------------------------------
Total                 -3980.0         27 

Instance Count
--------------
Leaf Instance Count             752 
Physical Instance count           0 
Sequential Instance Count         0 
Combinational Instance Count    752 
Hierarchical Instance Count     317 

Area
----
Cell Area                          4759.565
Physical Cell Area                 0.000
Total Cell Area (Cell+Physical)    4759.565
Net Area                           3472.060
Total Area (Cell+Physical+Net)     8231.625

Max Fanout                         9 (n_5)
Min Fanout                         1 (C[0])
Average Fanout                     1.5
Terms to net ratio                 2.4039
Terms to instance ratio            2.6117
Runtime                            30.856031 seconds
Elapsed Runtime                    31 seconds
Genus peak memory usage            1902.37 
Innovus peak memory usage          no_value 
Hostname                           cadmicro-inf-el8-623207
