============================================================
  Generated by:           Genus(TM) Synthesis Solution 23.12-s086_1
  Generated on:           Apr 11 2025  03:39:40 pm
  Module:                 ladner_fischer_32bits
  Operating conditions:   tt_025C_1v80 
  Interconnect mode:      global
  Area mode:              physical library
============================================================


Path 1: VIOLATED (-221 ps) Path Delay Check
     Startpoint: (F) B[10]
       Endpoint: (R) S[31]

                   Capture    Launch  
      Path Delay:+    1430         -  
      Drv Adjust:+       0         0  
         Arrival:=    1430            
                                      
   Required Time:=    1430            
       Data Path:-    1651            
           Slack:=    -221            

Exceptions/Constraints:
  max_delay             1430            constraints.sdc_line_1 

#-------------------------------------------------------------------------------------------------------------------------------------
#                Timing Point                  Flags   Arc   Edge           Cell             Fanout Load Trans Delay Arrival Instance 
#                                                                                                   (fF)  (ps)  (ps)   (ps)  Location 
#-------------------------------------------------------------------------------------------------------------------------------------
  B[10]                                        -       -     F     (arrival)                      2  5.9  1000     0       0    (-,-) 
  g162/X                                       -       A->X  F     sky130_fd_sc_hd__clkbuf_1      2  7.1    69   334     334    (-,-) 
  GENERATE_PROPAGATE[10].PROPAGATE/g2/Y        -       B->Y  R     sky130_fd_sc_hd__nand2b_1      1  5.9    80    96     430    (-,-) 
  GENERATE_PROPAGATE[10].PROPAGATE/g26__7482/Y -       B->Y  F     sky130_fd_sc_hd__nand2_2       2  5.8    38    61     491    (-,-) 
  LEVEL_1[11].B1/PROPAGATE/g2__8428/X          -       B->X  F     sky130_fd_sc_hd__and2_4        2  8.3    35   156     647    (-,-) 
  LEVEL_2[11].B2/PROPAGATE/g2__5526/X          -       A->X  F     sky130_fd_sc_hd__and2_4        3 14.2    43   145     792    (-,-) 
  LEVEL_3[15].B3/PROPAGATE/g12/Y               -       A->Y  R     sky130_fd_sc_hd__nand2_4       1 10.7    54    60     852    (-,-) 
  LEVEL_3[15].B3/PROPAGATE/g13/Y               -       A->Y  F     sky130_fd_sc_hd__inv_4         2 14.6    26    40     892    (-,-) 
  LEVEL_4[31].B6/PROPAGATE/g12__6783/Y         -       B->Y  R     sky130_fd_sc_hd__nand2_4       1 12.2    58    66     957    (-,-) 
  LEVEL_4[31].B6/PROPAGATE/fopt/Y              -       A->Y  F     sky130_fd_sc_hd__clkinv_4      8 22.6    51    67    1025    (-,-) 
  LEVEL_5[29].B7/PROPAGATE/g2__9315/X          -       B->X  F     sky130_fd_sc_hd__and2_4        2  6.3    33   158    1183    (-,-) 
  LEVEL_6[30].B8/PROPAGATE/g11__4319/X         -       A->X  F     sky130_fd_sc_hd__and2_4        1  9.6    37   136    1320    (-,-) 
  C30/g84/Y                                    -       A->Y  R     sky130_fd_sc_hd__nand2_4       1 10.1    68    56    1376    (-,-) 
  C30/g83/Y                                    -       A->Y  F     sky130_fd_sc_hd__nand2_4       2 10.5    38    52    1428    (-,-) 
  S31/g10/Y                                    -       A->Y  R     sky130_fd_sc_hd__inv_2         1 10.1    54    61    1489    (-,-) 
  S31/g9/Y                                     -       A->Y  F     sky130_fd_sc_hd__nand2_4       1 17.7    49    60    1548    (-,-) 
  S31/g24/Y                                    -       A->Y  R     sky130_fd_sc_hd__nand2_8       1 51.3   109   102    1650    (-,-) 
  S[31]                                        <<<     -     R     (port)                         -    -     -     0    1651    (-,-) 
#-------------------------------------------------------------------------------------------------------------------------------------

