============================================================
  Generated by:           Genus(TM) Synthesis Solution 23.12-s086_1
  Generated on:           Apr 14 2025  04:02:40 pm
  Module:                 kogge_stone_32bits
  Operating conditions:   tt_025C_1v80 
  Interconnect mode:      global
  Area mode:              physical library
============================================================

Timing
-------
  Cost    Critical         Violating 
 Group   Path Slack  TNS     Paths   
-------------------------------------
default         0.0   0.0          0 
-------------------------------------
Total                 0.0          0 

Instance Count
--------------
Leaf Instance Count             687 
Physical Instance count           0 
Sequential Instance Count         0 
Combinational Instance Count    687 
Hierarchical Instance Count       0 

Area
----
Cell Area                          4337.910
Physical Cell Area                 0.000
Total Cell Area (Cell+Physical)    4337.910
Net Area                           3499.472
Total Area (Cell+Physical+Net)     7837.382

Max Fanout                         8 (n_290)
Min Fanout                         1 (n_0)
Average Fanout                     1.8
Terms to net ratio                 2.6343
Terms to instance ratio            2.8836
Runtime                            20.025004 seconds
Elapsed Runtime                    21 seconds
Genus peak memory usage            1946.93 
Innovus peak memory usage          no_value 
Hostname                           cadmicro-inf-el8-623207
