============================================================
  Generated by:           Genus(TM) Synthesis Solution 23.12-s086_1
  Generated on:           Apr 11 2025  02:15:47 pm
  Module:                 cla_32bits
  Operating conditions:   tt_025C_1v80 
  Interconnect mode:      global
  Area mode:              physical library
============================================================

             Instance                   Module      Cell-Count  Cell-Area  Net-Area   Total-Area 
-------------------------------------------------------------------------------------------------
cla_32bits                         NA                      579   4002.589  2922.970     6925.559 
  B10                              bolinha                   4     18.768     6.787       25.555 
    GENERATE                       generate_ij               3     11.261     6.787       18.048 
    PROPAGATE                      propagate_ij              1      7.507     0.000        7.507 
  C0                               carry                     1      7.507     0.000        7.507 
  C1                               carry_202                 1      7.507     0.000        7.507 
  C10                              carry_193                 3     13.763     6.787       20.551 
  C11                              carry_192                 1      7.507     0.000        7.507 
  C12                              carry_191                 1      7.507     0.000        7.507 
  C13                              carry_190                 1      7.507     0.000        7.507 
  C14                              carry_189                 3     16.266     6.787       23.053 
  C15                              carry_188                 1      7.507     0.000        7.507 
  C16                              carry_187                 3     21.270     6.787       28.058 
  C17                              carry_186                 2     17.517     3.394       20.911 
  C18                              carry_185                 3     21.270     6.787       28.058 
  C19                              carry_184                 1      7.507     0.000        7.507 
  C2                               carry_201                 1      7.507     0.000        7.507 
  C20                              carry_183                 1      7.507     0.000        7.507 
  C21                              carry_182                 2     10.010     3.394       13.403 
  C22                              carry_181                 2     17.517     3.394       20.911 
  C23                              carry_180                 1      7.507     0.000        7.507 
  C24                              carry_179                 2     17.517     3.394       20.911 
  C25                              carry_178                 2     17.517     3.394       20.911 
  C26                              carry_177                 3     13.763     6.787       20.551 
  C27                              carry_176                 3     21.270     6.787       28.058 
  C28                              carry_175                 2     17.517     3.394       20.911 
  C29                              carry_174                 2     10.010     3.394       13.403 
  C3                               carry_200                 1      7.507     0.000        7.507 
  C30                              carry_173                 3     21.270     6.787       28.058 
  C31                              carry_172                 3     30.029     6.787       36.816 
  C4                               carry_199                 1      7.507     0.000        7.507 
  C5                               carry_198                 1      7.507     0.000        7.507 
  C6                               carry_197                 1      7.507     0.000        7.507 
  C7                               carry_196                 1      7.507     0.000        7.507 
  C8                               carry_195                 1      7.507     0.000        7.507 
  C9                               carry_194                 1      7.507     0.000        7.507 
  CLA1                             cla4x3                   17    106.352    38.985      145.337 
  CLA10                            cla4x3_210               11     61.309    16.969       78.278 
  CLA11                            cla4x3_209                8     46.294     6.787       53.082 
  CLA12                            cla4x3_208                7     43.792     3.394       47.186 
  CLA13                            cla4x3_207               14     95.091    28.803      123.895 
  CLA14                            cla4x3_206               13     72.570    28.716      101.286 
  CLA15                            cla4x3_205               11     60.058    16.969       77.026 
  CLA16                            cla4x3_204               12     67.565    20.362       87.927 
  CLA17                            cla4x3_203               12    103.850    20.362      124.212 
  CLA2                             cla4x3_218               14     88.835    28.803      117.639 
  CLA3                             cla4x3_217               15    107.603    33.850      141.454 
  CLA4                             cla4x3_216               13    108.854    25.410      134.264 
  CLA5                             cla4x3_215               15    105.101    35.504      140.605 
  CLA6                             cla4x3_214               10     51.299    13.575       64.874 
  CLA7                             cla4x3_213                6     48.797     0.000       48.797 
  CLA8                             cla4x3_212                4     27.526     0.000       27.526 
  CLA9                             cla4x3_211               17    123.869    37.331      161.200 
  GENERATE_PROPAGATE[0].GENERATE   generate_i                1      6.256     0.000        6.256 
  GENERATE_PROPAGATE[0].PROPAGATE  propagate_i               1     16.266     0.000       16.266 
  GENERATE_PROPAGATE[10].GENERATE  generate_i_240            1      8.758     0.000        8.758 
  GENERATE_PROPAGATE[10].PROPAGATE propagate_i_271           5     41.290    13.575       54.865 
  GENERATE_PROPAGATE[11].GENERATE  generate_i_239            1      6.256     0.000        6.256 
  GENERATE_PROPAGATE[11].PROPAGATE propagate_i_270           5     47.546    13.575       61.121 
  GENERATE_PROPAGATE[12].GENERATE  generate_i_238            1      8.758     0.000        8.758 
  GENERATE_PROPAGATE[12].PROPAGATE propagate_i_269           5     26.275    13.575       39.850 
  GENERATE_PROPAGATE[13].GENERATE  generate_i_237            3     11.261     6.787       18.048 
  GENERATE_PROPAGATE[13].PROPAGATE propagate_i_268           5     56.304    13.575       69.879 
  GENERATE_PROPAGATE[14].GENERATE  generate_i_236            1      6.256     0.000        6.256 
  GENERATE_PROPAGATE[14].PROPAGATE propagate_i_267           5     36.285    13.575       49.860 
  GENERATE_PROPAGATE[15].GENERATE  generate_i_235            1      6.256     0.000        6.256 
  GENERATE_PROPAGATE[15].PROPAGATE propagate_i_266           4     45.043    10.181       55.224 
  GENERATE_PROPAGATE[16].GENERATE  generate_i_234            1      6.256     0.000        6.256 
  GENERATE_PROPAGATE[16].PROPAGATE propagate_i_265           5     26.275    16.882       43.157 
  GENERATE_PROPAGATE[17].GENERATE  generate_i_233            1      6.256     0.000        6.256 
  GENERATE_PROPAGATE[17].PROPAGATE propagate_i_264           4     28.778    10.181       38.959 
  GENERATE_PROPAGATE[18].GENERATE  generate_i_232            1      6.256     0.000        6.256 
  GENERATE_PROPAGATE[18].PROPAGATE propagate_i_263           1     16.266     0.000       16.266 
  GENERATE_PROPAGATE[19].GENERATE  generate_i_231            1      6.256     0.000        6.256 
  GENERATE_PROPAGATE[19].PROPAGATE propagate_i_262           5     26.275    16.882       43.157 
  GENERATE_PROPAGATE[1].GENERATE   generate_i_249            1      6.256     0.000        6.256 
  GENERATE_PROPAGATE[1].PROPAGATE  propagate_i_280           4     35.034    10.181       45.215 
  GENERATE_PROPAGATE[20].GENERATE  generate_i_230            1      8.758     0.000        8.758 
  GENERATE_PROPAGATE[20].PROPAGATE propagate_i_261           5     31.280    16.882       48.162 
  GENERATE_PROPAGATE[21].GENERATE  generate_i_229            1      6.256     0.000        6.256 
  GENERATE_PROPAGATE[21].PROPAGATE propagate_i_260           3     18.768     6.787       25.555 
  GENERATE_PROPAGATE[22].GENERATE  generate_i_228            1      6.256     0.000        6.256 
  GENERATE_PROPAGATE[22].PROPAGATE propagate_i_259           5     26.275    16.882       43.157 
  GENERATE_PROPAGATE[23].GENERATE  generate_i_227            1      6.256     0.000        6.256 
  GENERATE_PROPAGATE[23].PROPAGATE propagate_i_258           5     26.275    16.882       43.157 
  GENERATE_PROPAGATE[24].GENERATE  generate_i_226            1      6.256     0.000        6.256 
  GENERATE_PROPAGATE[24].PROPAGATE propagate_i_257           6     35.034    20.275       55.309 
  GENERATE_PROPAGATE[25].GENERATE  generate_i_225            1      6.256     0.000        6.256 
  GENERATE_PROPAGATE[25].PROPAGATE propagate_i_256           5     26.275    16.882       43.157 
  GENERATE_PROPAGATE[26].GENERATE  generate_i_224            1      6.256     0.000        6.256 
  GENERATE_PROPAGATE[26].PROPAGATE propagate_i_255           1     16.266     0.000       16.266 
  GENERATE_PROPAGATE[27].GENERATE  generate_i_223            1      6.256     0.000        6.256 
  GENERATE_PROPAGATE[27].PROPAGATE propagate_i_254           1      8.758     0.000        8.758 
  GENERATE_PROPAGATE[28].GENERATE  generate_i_222            1      6.256     0.000        6.256 
  GENERATE_PROPAGATE[28].PROPAGATE propagate_i_253           1      8.758     0.000        8.758 
  GENERATE_PROPAGATE[29].GENERATE  generate_i_221            1      6.256     0.000        6.256 
  GENERATE_PROPAGATE[29].PROPAGATE propagate_i_252           1      8.758     0.000        8.758 
  GENERATE_PROPAGATE[2].GENERATE   generate_i_248            1      6.256     0.000        6.256 
  GENERATE_PROPAGATE[2].PROPAGATE  propagate_i_279           5     26.275    13.575       39.850 
  GENERATE_PROPAGATE[30].GENERATE  generate_i_220            1      6.256     0.000        6.256 
  GENERATE_PROPAGATE[30].PROPAGATE propagate_i_251           1      8.758     0.000        8.758 
  GENERATE_PROPAGATE[31].GENERATE  generate_i_219            1      6.256     0.000        6.256 
  GENERATE_PROPAGATE[31].PROPAGATE propagate_i_250           1      8.758     0.000        8.758 
  GENERATE_PROPAGATE[3].GENERATE   generate_i_247            1      6.256     0.000        6.256 
  GENERATE_PROPAGATE[3].PROPAGATE  propagate_i_278           4     27.526    10.181       37.708 
  GENERATE_PROPAGATE[4].GENERATE   generate_i_246            1      6.256     0.000        6.256 
  GENERATE_PROPAGATE[4].PROPAGATE  propagate_i_277           5     26.275    16.882       43.157 
  GENERATE_PROPAGATE[5].GENERATE   generate_i_245            1      6.256     0.000        6.256 
  GENERATE_PROPAGATE[5].PROPAGATE  propagate_i_276           5     47.546    13.575       61.121 
  GENERATE_PROPAGATE[6].GENERATE   generate_i_244            1      7.507     0.000        7.507 
  GENERATE_PROPAGATE[6].PROPAGATE  propagate_i_275           5     21.270    13.575       34.845 
  GENERATE_PROPAGATE[7].GENERATE   generate_i_243            1      6.256     0.000        6.256 
  GENERATE_PROPAGATE[7].PROPAGATE  propagate_i_274           5     31.280    13.575       44.855 
  GENERATE_PROPAGATE[8].GENERATE   generate_i_242            1      8.758     0.000        8.758 
  GENERATE_PROPAGATE[8].PROPAGATE  propagate_i_273           7     40.038    23.669       63.708 
  GENERATE_PROPAGATE[9].GENERATE   generate_i_241            1      8.758     0.000        8.758 
  GENERATE_PROPAGATE[9].PROPAGATE  propagate_i_272           5     21.270    13.575       34.845 
  S0                               soutput                   1      8.758     0.000        8.758 
  S1                               soutput_311               2     12.512     3.394       15.906 
  S10                              soutput_302               2     23.773     5.047       28.820 
  S11                              soutput_301               4     27.526    10.181       37.708 
  S12                              soutput_300               2     18.768     3.394       22.162 
  S13                              soutput_299               3     28.778     8.441       37.218 
  S14                              soutput_298               2     23.773     5.047       28.820 
  S15                              soutput_297               6     50.048    18.622       68.670 
  S16                              soutput_296               2     15.014     3.394       18.408 
  S17                              soutput_295               2     23.773     5.047       28.820 
  S18                              soutput_294               2     23.773     5.047       28.820 
  S19                              soutput_293               4     51.299    10.181       61.480 
  S2                               soutput_310               1      8.758     0.000        8.758 
  S20                              soutput_292               2     15.014     5.047       20.062 
  S21                              soutput_291               4     25.024    10.181       35.205 
  S22                              soutput_290               3     23.773     6.787       30.560 
  S23                              soutput_289               4     38.787    10.181       48.968 
  S24                              soutput_288               2     23.773     5.047       28.820 
  S25                              soutput_287               4     27.526    10.181       37.708 
  S26                              soutput_286               4     30.029    10.181       40.210 
  S27                              soutput_285               4     35.034    10.181       45.215 
  S28                              soutput_284               2     23.773     5.047       28.820 
  S29                              soutput_283               3     42.541     6.787       49.328 
  S3                               soutput_309               1     12.512     0.000       12.512 
  S30                              soutput_282               4     43.792    10.181       53.973 
  S31                              soutput_281               5     47.546    13.575       61.121 
  S4                               soutput_308               1      8.758     0.000        8.758 
  S5                               soutput_307               2     15.014     3.394       18.408 
  S6                               soutput_306               2     15.014     3.394       18.408 
  S7                               soutput_305               2     23.773     5.047       28.820 
  S8                               soutput_304               2     15.014     3.394       18.408 
  S9                               soutput_303               2     15.014     5.047       20.062 
