============================================================
  Generated by:           Genus(TM) Synthesis Solution 23.12-s086_1
  Generated on:           Apr 11 2025  02:08:06 pm
  Module:                 cla_32bits
  Operating conditions:   tt_025C_1v80 
  Interconnect mode:      global
  Area mode:              physical library
============================================================

             Instance                   Module      Cell-Count  Cell-Area  Net-Area   Total-Area 
-------------------------------------------------------------------------------------------------
cla_32bits                         NA                      533   3398.259  2727.177     6125.436 
  B10                              bolinha                   2     13.763     0.000       13.763 
    GENERATE                       generate_ij               1      7.507     0.000        7.507 
    PROPAGATE                      propagate_ij              1      6.256     0.000        6.256 
  C0                               carry                     1      7.507     0.000        7.507 
  C1                               carry_202                 1      7.507     0.000        7.507 
  C10                              carry_193                 3     13.763     6.787       20.551 
  C11                              carry_192                 1      7.507     0.000        7.507 
  C12                              carry_191                 1      7.507     0.000        7.507 
  C13                              carry_190                 1      7.507     0.000        7.507 
  C14                              carry_189                 3     13.763     6.787       20.551 
  C15                              carry_188                 1      7.507     0.000        7.507 
  C16                              carry_187                 1      7.507     0.000        7.507 
  C17                              carry_186                 1      7.507     0.000        7.507 
  C18                              carry_185                 3     13.763     6.787       20.551 
  C19                              carry_184                 1      7.507     0.000        7.507 
  C2                               carry_201                 1      7.507     0.000        7.507 
  C20                              carry_183                 3     11.261     6.787       18.048 
  C21                              carry_182                 2     17.517     3.394       20.911 
  C22                              carry_181                 2     17.517     3.394       20.911 
  C23                              carry_180                 1      7.507     0.000        7.507 
  C24                              carry_179                 1      7.507     0.000        7.507 
  C25                              carry_178                 2     17.517     3.394       20.911 
  C26                              carry_177                 1      7.507     0.000        7.507 
  C27                              carry_176                 1      7.507     0.000        7.507 
  C28                              carry_175                 3     18.768     6.787       25.555 
  C29                              carry_174                 3     18.768     6.787       25.555 
  C3                               carry_200                 1      7.507     0.000        7.507 
  C30                              carry_173                 3     13.763     6.787       20.551 
  C31                              carry_172                 3     18.768     6.787       25.555 
  C4                               carry_199                 1      7.507     0.000        7.507 
  C5                               carry_198                 1      7.507     0.000        7.507 
  C6                               carry_197                 1      7.507     0.000        7.507 
  C7                               carry_196                 1      7.507     0.000        7.507 
  C8                               carry_195                 1      7.507     0.000        7.507 
  C9                               carry_194                 1      7.507     0.000        7.507 
  CLA1                             cla4x3                   13     82.579    27.063      109.642 
  CLA10                            cla4x3_210                9     47.546    10.181       57.727 
  CLA11                            cla4x3_209                8     46.294     6.787       53.082 
  CLA12                            cla4x3_208                8     46.294     6.787       53.082 
  CLA13                            cla4x3_207               12     98.845    23.669      122.514 
  CLA14                            cla4x3_206               10     70.067    13.575       83.642 
  CLA15                            cla4x3_205               13     67.565    27.063       94.628 
  CLA16                            cla4x3_204                8     46.294     6.787       53.082 
  CLA17                            cla4x3_203               14     93.840    30.457      124.297 
  CLA2                             cla4x3_218               10     61.309    15.228       76.537 
  CLA3                             cla4x3_217               10     61.309    16.882       78.190 
  CLA4                             cla4x3_216                9     61.309    11.835       73.143 
  CLA5                             cla4x3_215               11     77.574    21.929       99.503 
  CLA6                             cla4x3_214               11     63.811    16.969       80.780 
  CLA7                             cla4x3_213                6     48.797     0.000       48.797 
  CLA8                             cla4x3_212                4     27.526     0.000       27.526 
  CLA9                             cla4x3_211               16    106.352    37.244      143.596 
  GENERATE_PROPAGATE[0].GENERATE   generate_i                1      8.758     0.000        8.758 
  GENERATE_PROPAGATE[0].PROPAGATE  propagate_i               5     26.275    16.882       43.157 
  GENERATE_PROPAGATE[10].GENERATE  generate_i_240            1      6.256     0.000        6.256 
  GENERATE_PROPAGATE[10].PROPAGATE propagate_i_271           5     21.270    13.575       34.845 
  GENERATE_PROPAGATE[11].GENERATE  generate_i_239            1      6.256     0.000        6.256 
  GENERATE_PROPAGATE[11].PROPAGATE propagate_i_270           5     21.270    13.575       34.845 
  GENERATE_PROPAGATE[12].GENERATE  generate_i_238            1      6.256     0.000        6.256 
  GENERATE_PROPAGATE[12].PROPAGATE propagate_i_269           5     21.270    13.575       34.845 
  GENERATE_PROPAGATE[13].GENERATE  generate_i_237            1      6.256     0.000        6.256 
  GENERATE_PROPAGATE[13].PROPAGATE propagate_i_268           5     21.270    13.575       34.845 
  GENERATE_PROPAGATE[14].GENERATE  generate_i_236            1      6.256     0.000        6.256 
  GENERATE_PROPAGATE[14].PROPAGATE propagate_i_267           5     21.270    13.575       34.845 
  GENERATE_PROPAGATE[15].GENERATE  generate_i_235            1      6.256     0.000        6.256 
  GENERATE_PROPAGATE[15].PROPAGATE propagate_i_266           5     26.275    16.882       43.157 
  GENERATE_PROPAGATE[16].GENERATE  generate_i_234            3     11.261     6.787       18.048 
  GENERATE_PROPAGATE[16].PROPAGATE propagate_i_265           1     16.266     0.000       16.266 
  GENERATE_PROPAGATE[17].GENERATE  generate_i_233            3     11.261     6.787       18.048 
  GENERATE_PROPAGATE[17].PROPAGATE propagate_i_264           3     18.768     6.787       25.555 
  GENERATE_PROPAGATE[18].GENERATE  generate_i_232            1      6.256     0.000        6.256 
  GENERATE_PROPAGATE[18].PROPAGATE propagate_i_263           5     26.275    16.882       43.157 
  GENERATE_PROPAGATE[19].GENERATE  generate_i_231            1      6.256     0.000        6.256 
  GENERATE_PROPAGATE[19].PROPAGATE propagate_i_262           5     23.773    16.882       40.654 
  GENERATE_PROPAGATE[1].GENERATE   generate_i_249            1      6.256     0.000        6.256 
  GENERATE_PROPAGATE[1].PROPAGATE  propagate_i_280           5     21.270    13.575       34.845 
  GENERATE_PROPAGATE[20].GENERATE  generate_i_230            3     11.261     6.787       18.048 
  GENERATE_PROPAGATE[20].PROPAGATE propagate_i_261           5     28.778    13.575       42.353 
  GENERATE_PROPAGATE[21].GENERATE  generate_i_229            1      6.256     0.000        6.256 
  GENERATE_PROPAGATE[21].PROPAGATE propagate_i_260           3     18.768     6.787       25.555 
  GENERATE_PROPAGATE[22].GENERATE  generate_i_228            1      6.256     0.000        6.256 
  GENERATE_PROPAGATE[22].PROPAGATE propagate_i_259           3     18.768     6.787       25.555 
  GENERATE_PROPAGATE[23].GENERATE  generate_i_227            1      6.256     0.000        6.256 
  GENERATE_PROPAGATE[23].PROPAGATE propagate_i_258           1     15.014     0.000       15.014 
  GENERATE_PROPAGATE[24].GENERATE  generate_i_226            1      6.256     0.000        6.256 
  GENERATE_PROPAGATE[24].PROPAGATE propagate_i_257           5     26.275    16.882       43.157 
  GENERATE_PROPAGATE[25].GENERATE  generate_i_225            1      6.256     0.000        6.256 
  GENERATE_PROPAGATE[25].PROPAGATE propagate_i_256           3     18.768     6.787       25.555 
  GENERATE_PROPAGATE[26].GENERATE  generate_i_224            1      6.256     0.000        6.256 
  GENERATE_PROPAGATE[26].PROPAGATE propagate_i_255           1     12.512     0.000       12.512 
  GENERATE_PROPAGATE[27].GENERATE  generate_i_223            1      6.256     0.000        6.256 
  GENERATE_PROPAGATE[27].PROPAGATE propagate_i_254           1      8.758     0.000        8.758 
  GENERATE_PROPAGATE[28].GENERATE  generate_i_222            1      6.256     0.000        6.256 
  GENERATE_PROPAGATE[28].PROPAGATE propagate_i_253           1      8.758     0.000        8.758 
  GENERATE_PROPAGATE[29].GENERATE  generate_i_221            1      6.256     0.000        6.256 
  GENERATE_PROPAGATE[29].PROPAGATE propagate_i_252           1      8.758     0.000        8.758 
  GENERATE_PROPAGATE[2].GENERATE   generate_i_248            1      6.256     0.000        6.256 
  GENERATE_PROPAGATE[2].PROPAGATE  propagate_i_279           5     21.270    13.575       34.845 
  GENERATE_PROPAGATE[30].GENERATE  generate_i_220            1      6.256     0.000        6.256 
  GENERATE_PROPAGATE[30].PROPAGATE propagate_i_251           1      8.758     0.000        8.758 
  GENERATE_PROPAGATE[31].GENERATE  generate_i_219            1      6.256     0.000        6.256 
  GENERATE_PROPAGATE[31].PROPAGATE propagate_i_250           1      8.758     0.000        8.758 
  GENERATE_PROPAGATE[3].GENERATE   generate_i_247            1      6.256     0.000        6.256 
  GENERATE_PROPAGATE[3].PROPAGATE  propagate_i_278           4     42.541    10.181       52.722 
  GENERATE_PROPAGATE[4].GENERATE   generate_i_246            3     11.261     6.787       18.048 
  GENERATE_PROPAGATE[4].PROPAGATE  propagate_i_277           5     21.270    13.575       34.845 
  GENERATE_PROPAGATE[5].GENERATE   generate_i_245            1      6.256     0.000        6.256 
  GENERATE_PROPAGATE[5].PROPAGATE  propagate_i_276           5     26.275    13.575       39.850 
  GENERATE_PROPAGATE[6].GENERATE   generate_i_244            1      6.256     0.000        6.256 
  GENERATE_PROPAGATE[6].PROPAGATE  propagate_i_275           5     31.280    13.575       44.855 
  GENERATE_PROPAGATE[7].GENERATE   generate_i_243            1      6.256     0.000        6.256 
  GENERATE_PROPAGATE[7].PROPAGATE  propagate_i_274           5     21.270    13.575       34.845 
  GENERATE_PROPAGATE[8].GENERATE   generate_i_242            1      8.758     0.000        8.758 
  GENERATE_PROPAGATE[8].PROPAGATE  propagate_i_273           5     21.270    13.575       34.845 
  GENERATE_PROPAGATE[9].GENERATE   generate_i_241            1      6.256     0.000        6.256 
  GENERATE_PROPAGATE[9].PROPAGATE  propagate_i_272           5     21.270    13.575       34.845 
  S0                               soutput                   1      8.758     0.000        8.758 
  S1                               soutput_311               2     12.512     3.394       15.906 
  S10                              soutput_302               3     18.768     8.441       27.209 
  S11                              soutput_301               3     31.280     6.787       38.067 
  S12                              soutput_300               1     12.512     0.000       12.512 
  S13                              soutput_299               2     18.768     3.394       22.162 
  S14                              soutput_298               2     23.773     5.047       28.820 
  S15                              soutput_297               3     42.541     6.787       49.328 
  S16                              soutput_296               1     12.512     0.000       12.512 
  S17                              soutput_295               2     15.014     5.047       20.062 
  S18                              soutput_294               2     23.773     5.047       28.820 
  S19                              soutput_293               3     42.541     6.787       49.328 
  S2                               soutput_310               2     12.512     3.394       15.906 
  S20                              soutput_292               2     15.014     5.047       20.062 
  S21                              soutput_291               3     31.280     6.787       38.067 
  S22                              soutput_290               4     27.526    10.181       37.708 
  S23                              soutput_289               3     42.541     6.787       49.328 
  S24                              soutput_288               2     15.014     5.047       20.062 
  S25                              soutput_287               3     18.768     6.787       25.555 
  S26                              soutput_286               3     42.541     6.787       49.328 
  S27                              soutput_285               4     43.792    10.181       53.973 
  S28                              soutput_284               2     15.014     5.047       20.062 
  S29                              soutput_283               4     43.792    10.181       53.973 
  S3                               soutput_309               1      8.758     0.000        8.758 
  S30                              soutput_282               6     65.062    16.969       82.031 
  S31                              soutput_281               5     45.043    13.575       58.618 
  S4                               soutput_308               1      8.758     0.000        8.758 
  S5                               soutput_307               1     12.512     0.000       12.512 
  S6                               soutput_306               1     15.014     0.000       15.014 
  S7                               soutput_305               1     25.024     0.000       25.024 
  S8                               soutput_304               1     12.512     0.000       12.512 
  S9                               soutput_303               2     18.768     3.394       22.162 
