============================================================
  Generated by:           Genus(TM) Synthesis Solution 23.12-s086_1
  Generated on:           Apr 11 2025  02:20:36 pm
  Module:                 cla_32bits
  Operating conditions:   tt_025C_1v80 
  Interconnect mode:      global
  Area mode:              physical library
============================================================

Timing
-------
  Cost    Critical         Violating 
 Group   Path Slack  TNS     Paths   
-------------------------------------
default         0.1   0.0          0 
-------------------------------------
Total                 0.0          0 

Instance Count
--------------
Leaf Instance Count             455 
Physical Instance count           0 
Sequential Instance Count         0 
Combinational Instance Count    455 
Hierarchical Instance Count     148 

Area
----
Cell Area                          3174.294
Physical Cell Area                 0.000
Total Cell Area (Cell+Physical)    3174.294
Net Area                           2416.171
Total Area (Cell+Physical+Net)     5590.465

Max Fanout                         29 (n_16)
Min Fanout                         0 (G3128)
Average Fanout                     1.7
Terms to net ratio                 2.5649
Terms to instance ratio            2.9538
Runtime                            15.823756 seconds
Elapsed Runtime                    16 seconds
Genus peak memory usage            1895.75 
Innovus peak memory usage          no_value 
Hostname                           cadmicro-inf-el8-623207
