###############################################################
#  Generated by:      Cadence Innovus 23.32-s091_1
#  OS:                Linux x86_64(Host ID cadmicro-inf-el8-623207)
#  Generated on:      Mon Apr 14 15:01:49 2025
#  Design:            signal_32bits
#  Command:           report_timing > reports/report_timing.rpt
###############################################################
Path 1: MET Path Delay Check
Endpoint:   S[21] (^)
Beginpoint: A[0]  (v) triggered by  leading edge of '@'
Path Groups: {default}
Analysis View: default_emulate_view
- External Delay                0.000
+ Path Delay                    2.900
= Required Time                 2.900
- Arrival Time                  2.877
= Slack Time                    0.023
     Clock Rise Edge                      0.000
     + Input Delay                        0.000
     = Beginpoint Arrival Time            0.000
     +-------------------------------------------------------------------------------------------------------+ 
     |          Instance           |      Arc      |            Cell            | Delay | Arrival | Required | 
     |                             |               |                            |       |  Time   |   Time   | 
     |-----------------------------+---------------+----------------------------+-------+---------+----------| 
     |                             | A[0] v        |                            |       |   0.000 |    0.023 | 
     | addinc_add_7_30_g1303__9945 | A v -> Y ^    | sky130_fd_sc_hd__nor2_2    | 0.329 |   0.329 |    0.352 | 
     | addinc_add_7_30_g1248__2398 | B2 ^ -> Y v   | sky130_fd_sc_hd__o2bb2ai_1 | 0.132 |   0.461 |    0.484 | 
     | addinc_add_7_30_g1241       | A v -> Y ^    | sky130_fd_sc_hd__inv_2     | 0.074 |   0.536 |    0.558 | 
     | addinc_add_7_30_g1234__5115 | A2 ^ -> Y v   | sky130_fd_sc_hd__o21ai_2   | 0.066 |   0.602 |    0.624 | 
     | addinc_add_7_30_g1232__6131 | A v -> Y ^    | sky130_fd_sc_hd__nand2_2   | 0.075 |   0.676 |    0.699 | 
     | addinc_add_7_30_g1230__8246 | A ^ -> Y v    | sky130_fd_sc_hd__nand2_2   | 0.062 |   0.738 |    0.761 | 
     | addinc_add_7_30_g1229__5122 | A v -> Y ^    | sky130_fd_sc_hd__nand2_2   | 0.069 |   0.807 |    0.830 | 
     | addinc_add_7_30_g1227__2802 | A ^ -> Y v    | sky130_fd_sc_hd__nand2_2   | 0.067 |   0.874 |    0.896 | 
     | addinc_add_7_30_g1225__1617 | A v -> Y ^    | sky130_fd_sc_hd__nand2_2   | 0.072 |   0.945 |    0.968 | 
     | addinc_add_7_30_g1222__5526 | A ^ -> Y v    | sky130_fd_sc_hd__nand2_2   | 0.054 |   0.999 |    1.022 | 
     | addinc_add_7_30_g1221__8428 | A v -> Y ^    | sky130_fd_sc_hd__nand2_1   | 0.052 |   1.052 |    1.074 | 
     | addinc_add_7_30_g1219__6260 | A ^ -> Y v    | sky130_fd_sc_hd__nand2_1   | 0.072 |   1.124 |    1.146 | 
     | g1379                       | A1 v -> X v   | sky130_fd_sc_hd__a21bo_1   | 0.220 |   1.344 |    1.367 | 
     | addinc_add_7_30_g1212__2346 | A1 v -> X v   | sky130_fd_sc_hd__a21o_1    | 0.222 |   1.566 |    1.588 | 
     | addinc_add_7_30_g1204__1881 | A1 v -> Y ^   | sky130_fd_sc_hd__a31oi_4   | 0.198 |   1.764 |    1.787 | 
     | addinc_add_7_30_g1203       | A ^ -> Y v    | sky130_fd_sc_hd__inv_1     | 0.091 |   1.855 |    1.878 | 
     | addinc_add_7_30_g1194__6783 | A1 v -> Y ^   | sky130_fd_sc_hd__a21oi_1   | 0.211 |   2.065 |    2.088 | 
     | addinc_add_7_30_g1188__5107 | B ^ -> Y v    | sky130_fd_sc_hd__nor2_1    | 0.085 |   2.150 |    2.173 | 
     | addinc_add_7_30_g2__2398    | A_N v -> Y v  | sky130_fd_sc_hd__nand2b_1  | 0.161 |   2.311 |    2.334 | 
     | addinc_add_7_30_g1171__1881 | A2_N v -> X ^ | sky130_fd_sc_hd__a2bb2o_1  | 0.565 |   2.877 |    2.899 | 
     |                             | S[21] ^       |                            | 0.001 |   2.877 |    2.900 | 
     +-------------------------------------------------------------------------------------------------------+ 

