Instance: /alu_WIDTH8
Power Unit: mW
PDB Frames: /stim#0/frame#0
  -------------------------------------------------------------------------
    Category         Leakage     Internal    Switching        Total    Row%
  -------------------------------------------------------------------------
      memory     0.00000e+00  0.00000e+00  0.00000e+00  0.00000e+00   0.00%
    register     1.61814e-04  1.06152e+00  3.40851e-01  1.40253e+00  42.03%
       latch     0.00000e+00  0.00000e+00  0.00000e+00  0.00000e+00   0.00%
       logic     5.04522e-04  8.42466e-01  1.02422e+00  1.86719e+00  55.96%
        bbox     0.00000e+00  0.00000e+00  0.00000e+00  0.00000e+00   0.00%
       clock     0.00000e+00  0.00000e+00  6.69082e-02  6.69082e-02   2.01%
         pad     0.00000e+00  0.00000e+00  0.00000e+00  0.00000e+00   0.00%
          pm     0.00000e+00  0.00000e+00  0.00000e+00  0.00000e+00   0.00%
  -------------------------------------------------------------------------
    Subtotal     6.66336e-04  1.90398e+00  1.43198e+00  3.33662e+00 100.00%
  Percentage           0.02%       57.06%       42.92%      100.00% 100.00%
  -------------------------------------------------------------------------
Instance: /alu_WIDTH16
Power Unit: mW
PDB Frames: /stim#0/frame#0
  -------------------------------------------------------------------------
    Category         Leakage     Internal    Switching        Total    Row%
  -------------------------------------------------------------------------
      memory     0.00000e+00  0.00000e+00  0.00000e+00  0.00000e+00   0.00%
    register     3.01938e-04  1.85792e+00  6.89777e-01  2.54800e+00  40.44%
       latch     0.00000e+00  0.00000e+00  0.00000e+00  0.00000e+00   0.00%
       logic     8.44975e-04  1.61255e+00  2.02163e+00  3.63503e+00  57.70%
        bbox     0.00000e+00  0.00000e+00  0.00000e+00  0.00000e+00   0.00%
       clock     0.00000e+00  0.00000e+00  1.17089e-01  1.17089e-01   1.86%
         pad     0.00000e+00  0.00000e+00  0.00000e+00  0.00000e+00   0.00%
          pm     0.00000e+00  0.00000e+00  0.00000e+00  0.00000e+00   0.00%
  -------------------------------------------------------------------------
    Subtotal     1.14691e-03  3.47047e+00  2.82849e+00  6.30011e+00 100.00%
  Percentage           0.02%       55.09%       44.90%      100.00% 100.00%
  -------------------------------------------------------------------------
Instance: /alu_WIDTH32
Power Unit: mW
PDB Frames: /stim#0/frame#0
  -------------------------------------------------------------------------
    Category         Leakage     Internal    Switching        Total    Row%
  -------------------------------------------------------------------------
      memory     0.00000e+00  0.00000e+00  0.00000e+00  0.00000e+00   0.00%
    register     5.59051e-04  3.36744e+00  1.25658e+00  4.62458e+00  34.29%
       latch     0.00000e+00  0.00000e+00  0.00000e+00  0.00000e+00   0.00%
       logic     1.87990e-03  3.77282e+00  4.86807e+00  8.64276e+00  64.09%
        bbox     0.00000e+00  0.00000e+00  0.00000e+00  0.00000e+00   0.00%
       clock     0.00000e+00  0.00000e+00  2.17452e-01  2.17452e-01   1.61%
         pad     0.00000e+00  0.00000e+00  0.00000e+00  0.00000e+00   0.00%
          pm     0.00000e+00  0.00000e+00  0.00000e+00  0.00000e+00   0.00%
  -------------------------------------------------------------------------
    Subtotal     2.43895e-03  7.14026e+00  6.34210e+00  1.34848e+01  99.99%
  Percentage           0.02%       52.95%       47.03%      100.00% 100.00%
  -------------------------------------------------------------------------
