============================================================
  Generated by:           Genus(TM) Synthesis Solution 23.12-s086_1
  Generated on:           Jan 30 2025  11:10:01 pm
  Module:                 alu_WIDTH32
  Technology libraries:   fast_vdd1v2 1.0
                          physical_cells 
                          fast_vdd1v2 1.0
                          physical_cells 
  Operating conditions:   PVT_1P32V_0C 
  Interconnect mode:      global
  Area mode:              physical library
============================================================

                                   
     Gate      Instances    Area       Library    
--------------------------------------------------
AND2X1LVT             32    43.776    fast_vdd1v2 
AND2X2LVT              3     5.130    fast_vdd1v2 
AND2X4LVT              3     8.208    fast_vdd1v2 
AND2X6LVT              2     7.524    fast_vdd1v2 
AND3X6LVT              1     4.446    fast_vdd1v2 
AND3XLLVT              3     6.156    fast_vdd1v2 
AO21X1LVT              2     4.788    fast_vdd1v2 
AO22X1LVT              5    13.680    fast_vdd1v2 
AOI211X1LVT            1     2.394    fast_vdd1v2 
AOI211X2LVT            2     6.840    fast_vdd1v2 
AOI211X4LVT            3    19.494    fast_vdd1v2 
AOI21X1LVT             7    11.970    fast_vdd1v2 
AOI21X2LVT            27    73.872    fast_vdd1v2 
AOI21X4LVT            32   164.160    fast_vdd1v2 
AOI21XLLVT             1     1.710    fast_vdd1v2 
AOI221X1LVT            1     2.394    fast_vdd1v2 
AOI221X2LVT            2     8.892    fast_vdd1v2 
AOI222X1LVT            1     3.078    fast_vdd1v2 
AOI22X1LVT            15    30.780    fast_vdd1v2 
AOI22X2LVT             8    30.096    fast_vdd1v2 
AOI22X4LVT             1     6.156    fast_vdd1v2 
AOI22XLLVT             2     4.104    fast_vdd1v2 
AOI2BB1X1LVT           1     2.052    fast_vdd1v2 
AOI2BB1X2LVT           8    24.624    fast_vdd1v2 
AOI2BB1X4LVT           5    20.520    fast_vdd1v2 
AOI2BB2X1LVT           1     3.420    fast_vdd1v2 
AOI2BB2X2LVT           2    10.260    fast_vdd1v2 
AOI31X2LVT             2     6.840    fast_vdd1v2 
AOI32X1LVT             2     4.788    fast_vdd1v2 
AOI32X2LVT             2     8.892    fast_vdd1v2 
BUFX12LVT              1     5.130    fast_vdd1v2 
BUFX2LVT              26    44.460    fast_vdd1v2 
BUFX3LVT              17    34.884    fast_vdd1v2 
BUFX6LVT               6    18.468    fast_vdd1v2 
CLKAND2X12LVT          1     7.524    fast_vdd1v2 
CLKAND2X2LVT          10    20.520    fast_vdd1v2 
CLKAND2X3LVT           4    12.312    fast_vdd1v2 
CLKAND2X6LVT           3    14.364    fast_vdd1v2 
CLKAND2X8LVT           1     5.814    fast_vdd1v2 
CLKBUFX12LVT           1     5.130    fast_vdd1v2 
CLKBUFX2LVT            2     3.420    fast_vdd1v2 
CLKBUFX6LVT            2     6.156    fast_vdd1v2 
CLKINVX2LVT            2     2.736    fast_vdd1v2 
CLKINVX3LVT            2     3.420    fast_vdd1v2 
CLKINVX4LVT           12    20.520    fast_vdd1v2 
CLKINVX6LVT           21    50.274    fast_vdd1v2 
CLKINVX8LVT            5    15.390    fast_vdd1v2 
CLKXOR2X1LVT           3     8.208    fast_vdd1v2 
DFFRHQX1LVT           37   227.772    fast_vdd1v2 
DFFRHQX4LVT           32   306.432    fast_vdd1v2 
DFFRHQX8LVT            5    56.430    fast_vdd1v2 
DFFRX1LVT              2    13.680    fast_vdd1v2 
DFFRX2LVT              5    37.620    fast_vdd1v2 
DFFRX4LVT             21   201.096    fast_vdd1v2 
DFFRXLLVT              2    17.100    fast_vdd1v2 
INVX1LVT              49    33.516    fast_vdd1v2 
INVX2LVT              47    48.222    fast_vdd1v2 
INVX3LVT              23    31.464    fast_vdd1v2 
INVX4LVT               6    10.260    fast_vdd1v2 
INVXLLVT               9     6.156    fast_vdd1v2 
MXI2X1LVT              4    10.944    fast_vdd1v2 
NAND2BX1LVT           19    25.992    fast_vdd1v2 
NAND2BX2LVT           17    40.698    fast_vdd1v2 
NAND2BX4LVT           21    79.002    fast_vdd1v2 
NAND2BXLLVT            3     4.104    fast_vdd1v2 
NAND2X1LVT            34    34.884    fast_vdd1v2 
NAND2X2LVT            49    83.790    fast_vdd1v2 
NAND2X4LVT            55   188.100    fast_vdd1v2 
NAND2X6LVT            27   129.276    fast_vdd1v2 
NAND2X8LVT             5    27.360    fast_vdd1v2 
NAND2XLLVT             4     4.104    fast_vdd1v2 
NAND3BX1LVT            7    14.364    fast_vdd1v2 
NAND3BX2LVT            4    12.312    fast_vdd1v2 
NAND3BX4LVT            7    35.910    fast_vdd1v2 
NAND3BXLLVT            3     5.130    fast_vdd1v2 
NAND3X1LVT             1     1.710    fast_vdd1v2 
NAND3X2LVT             8    21.888    fast_vdd1v2 
NAND3X4LVT            16    76.608    fast_vdd1v2 
NAND3X6LVT             1     7.182    fast_vdd1v2 
NAND3X8LVT             1     8.208    fast_vdd1v2 
NAND4BBX4LVT           1     7.866    fast_vdd1v2 
NAND4BX2LVT            2     8.892    fast_vdd1v2 
NAND4X2LVT             2     7.524    fast_vdd1v2 
NAND4X4LVT             1     6.840    fast_vdd1v2 
NOR2BX1LVT            27    36.936    fast_vdd1v2 
NOR2BX2LVT            16    43.776    fast_vdd1v2 
NOR2BX4LVT             2     7.524    fast_vdd1v2 
NOR2X1LVT             28    28.728    fast_vdd1v2 
NOR2X2LVT             46    78.660    fast_vdd1v2 
NOR2X4LVT             80   246.240    fast_vdd1v2 
NOR2X6LVT             27   110.808    fast_vdd1v2 
NOR2X8LVT             10    54.720    fast_vdd1v2 
NOR2XLLVT              3     3.078    fast_vdd1v2 
NOR3BX1LVT             3     6.156    fast_vdd1v2 
NOR3BX2LVT             2     6.840    fast_vdd1v2 
NOR3BXLLVT             1     2.052    fast_vdd1v2 
NOR3X2LVT              5    13.680    fast_vdd1v2 
NOR3X4LVT              7    35.910    fast_vdd1v2 
NOR3X6LVT              2    14.364    fast_vdd1v2 
NOR3X8LVT              2    17.784    fast_vdd1v2 
NOR4X1LVT              1     1.710    fast_vdd1v2 
OA21X1LVT              8    16.416    fast_vdd1v2 
OA22X1LVT              3     7.182    fast_vdd1v2 
OAI211X1LVT            4     6.840    fast_vdd1v2 
OAI211X2LVT            1     4.104    fast_vdd1v2 
OAI211X4LVT            1     6.498    fast_vdd1v2 
OAI21X1LVT             7    11.970    fast_vdd1v2 
OAI21X2LVT            20    61.560    fast_vdd1v2 
OAI21X4LVT            26   124.488    fast_vdd1v2 
OAI21XLLVT             1     1.710    fast_vdd1v2 
OAI221X1LVT            3     7.182    fast_vdd1v2 
OAI221X2LVT            3    14.364    fast_vdd1v2 
OAI222X1LVT            2     5.472    fast_vdd1v2 
OAI22X1LVT             3     6.156    fast_vdd1v2 
OAI22X2LVT             6    20.520    fast_vdd1v2 
OAI22X4LVT             3    19.494    fast_vdd1v2 
OAI2BB1X1LVT           6    10.260    fast_vdd1v2 
OAI2BB1X2LVT           6    18.468    fast_vdd1v2 
OAI2BB1X4LVT           6    26.676    fast_vdd1v2 
OAI31X2LVT             2     7.524    fast_vdd1v2 
OAI31X4LVT             1     6.840    fast_vdd1v2 
OR2X1LVT              13    17.784    fast_vdd1v2 
OR2X2LVT               1     1.710    fast_vdd1v2 
OR2X4LVT               3     8.208    fast_vdd1v2 
OR2X6LVT               8    30.096    fast_vdd1v2 
OR3X1LVT               1     2.052    fast_vdd1v2 
XNOR2X1LVT             8    19.152    fast_vdd1v2 
XNOR2X2LVT             1     3.078    fast_vdd1v2 
--------------------------------------------------
total               1235  3826.980                


                                         
     Type      Instances   Area   Area % 
-----------------------------------------
sequential           104  860.130   22.5 
inverter             176  221.958    5.8 
buffer                55  117.648    3.1 
logic                900 2627.244   68.7 
physical_cells         0    0.000    0.0 
-----------------------------------------
total               1235 3826.980  100.0 

