============================================================
  Generated by:           Genus(TM) Synthesis Solution 23.12-s086_1
  Generated on:           Apr 11 2025  04:23:13 pm
  Module:                 ripple_carry_adder_32bits
  Operating conditions:   tt_025C_1v80 
  Interconnect mode:      global
  Area mode:              physical library
============================================================

Timing
-------
  Cost    Critical            Violating 
 Group   Path Slack    TNS      Paths   
----------------------------------------
default       -78.1   -197.1          4 
----------------------------------------
Total                 -197.1          4 

Instance Count
--------------
Leaf Instance Count             301 
Physical Instance count           0 
Sequential Instance Count         0 
Combinational Instance Count    301 
Hierarchical Instance Count      32 

Area
----
Cell Area                          2488.637
Physical Cell Area                 0.000
Total Cell Area (Cell+Physical)    2488.637
Net Area                           1519.875
Total Area (Cell+Physical+Net)     4008.512

Max Fanout                         3 (carry[30])
Min Fanout                         1 (Cout)
Average Fanout                     1.5
Terms to net ratio                 2.2104
Terms to instance ratio            2.6877
Runtime                            33.794322 seconds
Elapsed Runtime                    34 seconds
Genus peak memory usage            1897.81 
Innovus peak memory usage          no_value 
Hostname                           cadmicro-inf-el8-623207
