============================================================
  Generated by:           Genus(TM) Synthesis Solution 23.12-s086_1
  Generated on:           Apr 14 2025  03:48:17 pm
  Module:                 carry_select_adder_66668_32bits
  Operating conditions:   tt_025C_1v80 
  Interconnect mode:      global
  Area mode:              physical library
============================================================

Timing
-------
  Cost    Critical         Violating 
 Group   Path Slack  TNS     Paths   
-------------------------------------
default       999.1   0.0          0 
-------------------------------------
Total                 0.0          0 

Instance Count
--------------
Leaf Instance Count             131 
Physical Instance count           0 
Sequential Instance Count         0 
Combinational Instance Count    131 
Hierarchical Instance Count       0 

Area
----
Cell Area                          1194.896
Physical Cell Area                 0.000
Total Cell Area (Cell+Physical)    1194.896
Net Area                           1026.651
Total Area (Cell+Physical+Net)     2221.547

Max Fanout                         8 (B[30])
Min Fanout                         1 (A[6])
Average Fanout                     1.7
Terms to net ratio                 2.2511
Terms to instance ratio            3.9008
Runtime                            13.415848 seconds
Elapsed Runtime                    14 seconds
Genus peak memory usage            1893.61 
Innovus peak memory usage          no_value 
Hostname                           cadmicro-inf-el8-623207
