================================================================
== Design Size Report
================================================================

* Total Instructions per Compilation Phase
+---------------+-----------------------------+--------------+----------------------------------------------------------------------------------------+
| Phase         | Step                        | Instructions | Description                                                                            |
+---------------+-----------------------------+--------------+----------------------------------------------------------------------------------------+
| Compile/Link  |                             | 156          | After all functions are compiled and linked into a single design                       |
|               |                             |              |                                                                                        |
| Unroll/Inline |                             |              | After user unroll and inline pragmas are applied                                       |
|               | (1) unroll                  |  32          | user unroll pragmas are applied                                                        |
|               | (2) simplification          |  25          | simplification of applied user unroll pragmas                                          |
|               | (3) inline                  |  29          | user inline pragmas are applied                                                        |
|               | (4) simplification          |  29          | simplification of applied user inline pragmas                                          |
|               |                             |              |                                                                                        |
| Array/Struct  |                             |              | After user array partition and struct aggregate/disaggregate pragmas are applied       |
|               | (1) array partition         |  31          | user array partition pragmas are applied                                               |
|               | (2) simplification          |  31          | simplification of applied user array partition & struct aggregate/disaggregate pragmas |
|               | (3) aggregate/disaggregate  |  31          | user struct aggregate/disaggregate pragmas are applied                                 |
|               | (4) array reshape           |  31          | apply array reshape pragmas                                                            |
|               | (5) access patterns         |  38          | array access pattern optmizations                                                      |
|               |                             |              |                                                                                        |
| Performance   |                             |              | After transformations are applied to meet performance pragma targets                   |
|               | (1) loop simplification     |  35          | loop and instruction simplification                                                    |
|               | (2) parallelization         |  35          | loops are unrolled or pipelined to meet performance targets                            |
|               | (3) array partition         |  35          | arrays are partitioned to meet performance targets                                     |
|               | (4) simplification          |  35          | simplification of design after performance transformations                             |
|               |                             |              |                                                                                        |
| HW Transforms |                             |              | After hardware transfomations                                                          |
|               | (1) lowering                |  41          | initial conversion to HW specific instructions                                         |
|               | (2) optimizations           |  42          | high level synthesis optimizations                                                     |
+---------------+-----------------------------+--------------+----------------------------------------------------------------------------------------+

* Instructions per Function for each Compilation Phase
+----------+-----------------+--------------+---------------+--------------+-------------+---------------+
| Function | Location        | Compile/Link | Unroll/Inline | Array/Struct | Performance | HW Transforms |
+----------+-----------------+--------------+---------------+--------------+-------------+---------------+
|   kernel | template.cpp:21 | 156          | 29            | 38           | 35          | 42            |
+----------+-----------------+--------------+---------------+--------------+-------------+---------------+

* Design Size Message Settings
+---------------------------------------------+--------+------------------------------------------------------------------+
| Message Setting                             | Value  | Description                                                      |
+---------------------------------------------+--------+------------------------------------------------------------------+
| config_compile -design_size_maximum_warning | 100000 | Show a warning when total design instructions exceeds this value |
+---------------------------------------------+--------+------------------------------------------------------------------+


