###############################################################
#  Generated by:      Cadence Innovus 23.32-s091_1
#  OS:                Linux x86_64(Host ID cadmicro-inf-el8-623207)
#  Generated on:      Mon Apr 14 14:41:26 2025
#  Design:            signal_32bits
#  Command:           report_timing > reports/report_timing.rpt
###############################################################
Path 1: MET Path Delay Check
Endpoint:   S[29] (^)
Beginpoint: B[0]  (v) triggered by  leading edge of '@'
Path Groups: {default}
Analysis View: default_emulate_view
- External Delay                0.000
+ Path Delay                    4.400
= Required Time                 4.400
- Arrival Time                  4.388
= Slack Time                    0.012
     Clock Rise Edge                      0.000
     + Input Delay                        0.000
     = Beginpoint Arrival Time            0.000
     +--------------------------------------------------------------------------------------------------------+ 
     |          Instance           |       Arc       |           Cell            | Delay | Arrival | Required | 
     |                             |                 |                           |       |  Time   |   Time   | 
     |-----------------------------+-----------------+---------------------------+-------+---------+----------| 
     |                             | B[0] v          |                           |       |   0.000 |    0.012 | 
     | g64                         | A v -> Y ^      | sky130_fd_sc_hd__inv_2    | 0.265 |   0.265 |    0.277 | 
     | g1379                       | B ^ -> COUT ^   | sky130_fd_sc_hd__fahcin_1 | 0.290 |   0.555 |    0.568 | 
     | g1380                       | CIN ^ -> COUT v | sky130_fd_sc_hd__fahcin_1 | 0.200 |   0.755 |    0.767 | 
     | g2                          | A1 v -> X v     | sky130_fd_sc_hd__a21bo_1  | 0.230 |   0.985 |    0.997 | 
     | addinc_add_7_30_g1238       | A v -> Y ^      | sky130_fd_sc_hd__clkinv_1 | 0.051 |   1.036 |    1.048 | 
     | addinc_add_7_30_g1236__4319 | A2 ^ -> Y v     | sky130_fd_sc_hd__o21ai_1  | 0.074 |   1.110 |    1.123 | 
     | addinc_add_7_30_g1235       | A v -> Y ^      | sky130_fd_sc_hd__clkinv_1 | 0.087 |   1.197 |    1.209 | 
     | addinc_add_7_30_g1232__2398 | A3 ^ -> Y v     | sky130_fd_sc_hd__o311ai_1 | 0.084 |   1.281 |    1.293 | 
     | addinc_add_7_30_g1230__6417 | CI v -> COUT v  | sky130_fd_sc_hd__fah_1    | 0.285 |   1.566 |    1.578 | 
     | addinc_add_7_30_g1229__7410 | CIN v -> COUT v | sky130_fd_sc_hd__fa_1     | 0.409 |   1.975 |    1.988 | 
     | addinc_add_7_30_g1228__1666 | A v -> Y ^      | sky130_fd_sc_hd__nand2_1  | 0.141 |   2.117 |    2.129 | 
     | addinc_add_7_30_g1224__9315 | A4 ^ -> Y v     | sky130_fd_sc_hd__o41ai_2  | 0.103 |   2.219 |    2.232 | 
     | addinc_add_7_30_g1222__4733 | A v -> X v      | sky130_fd_sc_hd__and2_1   | 0.185 |   2.404 |    2.417 | 
     | addinc_add_7_30_g1216__8246 | A1 v -> X v     | sky130_fd_sc_hd__a221o_1  | 0.378 |   2.783 |    2.795 | 
     | addinc_add_7_30_g1208__8428 | A1 v -> X v     | sky130_fd_sc_hd__a31o_1   | 0.238 |   3.020 |    3.033 | 
     | addinc_add_7_30_g1199__2346 | A1 v -> X v     | sky130_fd_sc_hd__a221o_1  | 0.373 |   3.394 |    3.406 | 
     | addinc_add_7_30_g1192__5115 | A v -> Y ^      | sky130_fd_sc_hd__nand2_1  | 0.109 |   3.502 |    3.515 | 
     | addinc_add_7_30_g1187__5122 | A ^ -> Y v      | sky130_fd_sc_hd__nand2_1  | 0.073 |   3.576 |    3.588 | 
     | addinc_add_7_30_g1180__8428 | B v -> X ^      | sky130_fd_sc_hd__xor2_1   | 0.811 |   4.387 |    4.399 | 
     |                             | S[29] ^         |                           | 0.001 |   4.388 |    4.400 | 
     +--------------------------------------------------------------------------------------------------------+ 

