###############################################################
#  Generated by:      Cadence Innovus 23.32-s091_1
#  OS:                Linux x86_64(Host ID cadmicro-inf-el8-623207)
#  Generated on:      Mon Apr 14 15:29:34 2025
#  Design:            ripple_carry_adder_16bits
#  Command:           report_timing > reports/report_timing.rpt
###############################################################
Path 1: MET Path Delay Check
Endpoint:   S[15] (^)
Beginpoint: B[0]  (v) triggered by  leading edge of '@'
Path Groups: {default}
Analysis View: default_emulate_view
- External Delay                0.000
+ Path Delay                   13.700
= Required Time                13.700
- Arrival Time                  6.998
= Slack Time                    6.702
     Clock Rise Edge                      0.000
     + Input Delay                        0.000
     = Beginpoint Arrival Time            0.000
     +-----------------------------------------------------------------------------------+ 
     |  Instance  |       Arc       |         Cell          | Delay | Arrival | Required | 
     |            |                 |                       |       |  Time   |   Time   | 
     |------------+-----------------+-----------------------+-------+---------+----------| 
     |            | B[0] v          |                       |       |   0.000 |    6.702 | 
     | g991__1881 | A v -> COUT v   | sky130_fd_sc_hd__ha_1 | 0.604 |   0.603 |    7.305 | 
     | g990__6131 | CIN v -> COUT v | sky130_fd_sc_hd__fa_1 | 0.392 |   0.995 |    7.697 | 
     | g989__7098 | CIN v -> COUT v | sky130_fd_sc_hd__fa_1 | 0.392 |   1.387 |    8.089 | 
     | g988__8246 | CIN v -> COUT v | sky130_fd_sc_hd__fa_1 | 0.396 |   1.783 |    8.485 | 
     | g987__5122 | CIN v -> COUT v | sky130_fd_sc_hd__fa_1 | 0.401 |   2.184 |    8.886 | 
     | g986__1705 | CIN v -> COUT v | sky130_fd_sc_hd__fa_1 | 0.397 |   2.581 |    9.283 | 
     | g985__2802 | CIN v -> COUT v | sky130_fd_sc_hd__fa_1 | 0.391 |   2.972 |    9.674 | 
     | g984__1617 | CIN v -> COUT v | sky130_fd_sc_hd__fa_1 | 0.400 |   3.372 |   10.073 | 
     | g983__3680 | CIN v -> COUT v | sky130_fd_sc_hd__fa_1 | 0.404 |   3.775 |   10.477 | 
     | g982__6783 | CIN v -> COUT v | sky130_fd_sc_hd__fa_1 | 0.395 |   4.170 |   10.872 | 
     | g981__5526 | CIN v -> COUT v | sky130_fd_sc_hd__fa_1 | 0.397 |   4.567 |   11.269 | 
     | g980__8428 | CIN v -> COUT v | sky130_fd_sc_hd__fa_1 | 0.404 |   4.971 |   11.673 | 
     | g979__4319 | CIN v -> COUT v | sky130_fd_sc_hd__fa_1 | 0.413 |   5.384 |   12.086 | 
     | g978__6260 | CIN v -> COUT v | sky130_fd_sc_hd__fa_1 | 0.402 |   5.786 |   12.488 | 
     | g977__5107 | CIN v -> COUT v | sky130_fd_sc_hd__fa_1 | 0.391 |   6.177 |   12.879 | 
     | g976__2398 | CIN v -> SUM ^  | sky130_fd_sc_hd__fa_1 | 0.820 |   6.997 |   13.699 | 
     |            | S[15] ^         |                       | 0.001 |   6.998 |   13.700 | 
     +-----------------------------------------------------------------------------------+ 

