============================================================
  Generated by:           Genus(TM) Synthesis Solution 23.12-s086_1
  Generated on:           Apr 11 2025  03:01:46 pm
  Module:                 brent_kung_32bits
  Operating conditions:   tt_025C_1v80 
  Interconnect mode:      global
  Area mode:              physical library
============================================================

Timing
-------
  Cost    Critical         Violating 
 Group   Path Slack  TNS     Paths   
-------------------------------------
default         0.1   0.0          0 
-------------------------------------
Total                 0.0          0 

Instance Count
--------------
Leaf Instance Count             286 
Physical Instance count           0 
Sequential Instance Count         0 
Combinational Instance Count    286 
Hierarchical Instance Count     299 

Area
----
Cell Area                          2102.016
Physical Cell Area                 0.000
Total Cell Area (Cell+Physical)    2102.016
Net Area                           1698.786
Total Area (Cell+Physical+Net)     3800.802

Max Fanout                         33 (n_65)
Min Fanout                         1 (C[0])
Average Fanout                     1.9
Terms to net ratio                 2.6410
Terms to instance ratio            3.2413
Runtime                            13.892987 seconds
Elapsed Runtime                    13 seconds
Genus peak memory usage            1893.85 
Innovus peak memory usage          no_value 
Hostname                           cadmicro-inf-el8-623207
