============================================================
  Generated by:           Genus(TM) Synthesis Solution 23.12-s086_1
  Generated on:           Apr 11 2025  04:20:20 pm
  Module:                 ripple_carry_adder_32bits
  Operating conditions:   tt_025C_1v80 
  Interconnect mode:      global
  Area mode:              physical library
============================================================

Timing
-------
  Cost    Critical         Violating 
 Group   Path Slack  TNS     Paths   
-------------------------------------
default         0.0   0.0          0 
-------------------------------------
Total                 0.0          0 

Instance Count
--------------
Leaf Instance Count             279 
Physical Instance count           0 
Sequential Instance Count         0 
Combinational Instance Count    279 
Hierarchical Instance Count      32 

Area
----
Cell Area                          2293.450
Physical Cell Area                 0.000
Total Cell Area (Cell+Physical)    2293.450
Net Area                           1438.599
Total Area (Cell+Physical+Net)     3732.049

Max Fanout                         3 (carry[30])
Min Fanout                         1 (Cout)
Average Fanout                     1.5
Terms to net ratio                 2.2180
Terms to instance ratio            2.7348
Runtime                            14.800766 seconds
Elapsed Runtime                    15 seconds
Genus peak memory usage            1890.30 
Innovus peak memory usage          no_value 
Hostname                           cadmicro-inf-el8-623207
