Flow report for Parity_Partes
Wed Dec  4 14:51:00 2024
Quartus II 32-bit Version 13.1.0 Build 162 10/23/2013 SJ Web Edition


---------------------
; Table of Contents ;
---------------------
  1. Legal Notice
  2. Flow Summary
  3. Flow Settings
  4. Flow Non-Default Global Settings
  5. Flow Elapsed Time
  6. Flow OS Summary
  7. Flow Log
  8. Flow Messages
  9. Flow Suppressed Messages



----------------
; Legal Notice ;
----------------
Copyright (C) 1991-2013 Altera Corporation
Your use of Altera Corporation's design tools, logic functions 
and other software and tools, and its AMPP partner logic 
functions, and any output files from any of the foregoing 
(including device programming or simulation files), and any 
associated documentation or information are expressly subject 
to the terms and conditions of the Altera Program License 
Subscription Agreement, Altera MegaCore Function License 
Agreement, or other applicable license agreement, including, 
without limitation, that your use is for the sole purpose of 
programming logic devices manufactured by Altera and sold by 
Altera or its authorized distributors.  Please refer to the 
applicable agreement for further details.



+---------------------------------------------------------------------------------+
; Flow Summary                                                                    ;
+------------------------------------+--------------------------------------------+
; Flow Status                        ; Successful - Wed Dec  4 14:51:00 2024      ;
; Quartus II 32-bit Version          ; 13.1.0 Build 162 10/23/2013 SJ Web Edition ;
; Revision Name                      ; Parity_Partes                              ;
; Top-level Entity Name              ; Parity_Partes                              ;
; Family                             ; Cyclone IV GX                              ;
; Total logic elements               ; 74 / 21,280 ( < 1 % )                      ;
;     Total combinational functions  ; 73 / 21,280 ( < 1 % )                      ;
;     Dedicated logic registers      ; 49 / 21,280 ( < 1 % )                      ;
; Total registers                    ; 49                                         ;
; Total pins                         ; 81 / 167 ( 49 % )                          ;
; Total virtual pins                 ; 0                                          ;
; Total memory bits                  ; 0 / 774,144 ( 0 % )                        ;
; Embedded Multiplier 9-bit elements ; 0 / 80 ( 0 % )                             ;
; Total GXB Receiver Channel PCS     ; 0 / 4 ( 0 % )                              ;
; Total GXB Receiver Channel PMA     ; 0 / 4 ( 0 % )                              ;
; Total GXB Transmitter Channel PCS  ; 0 / 4 ( 0 % )                              ;
; Total GXB Transmitter Channel PMA  ; 0 / 4 ( 0 % )                              ;
; Total PLLs                         ; 0 / 4 ( 0 % )                              ;
; Device                             ; EP4CGX22CF19C6                             ;
; Timing Models                      ; Final                                      ;
+------------------------------------+--------------------------------------------+


+-----------------------------------------+
; Flow Settings                           ;
+-------------------+---------------------+
; Option            ; Setting             ;
+-------------------+---------------------+
; Start date & time ; 12/04/2024 14:47:58 ;
; Main task         ; Compilation         ;
; Revision Name     ; Parity_Partes       ;
+-------------------+---------------------+


+------------------------------------------------------------------------------------------------------------------------------------------------+
; Flow Non-Default Global Settings                                                                                                               ;
+-------------------------------------+-----------------------------------------------------------+---------------+-------------+----------------+
; Assignment Name                     ; Value                                                     ; Default Value ; Entity Name ; Section Id     ;
+-------------------------------------+-----------------------------------------------------------+---------------+-------------+----------------+
; COMPILER_SIGNATURE_ID               ; 0.173333447825361                                         ; --            ; --          ; --             ;
; EDA_GENERATE_FUNCTIONAL_NETLIST     ; On                                                        ; --            ; --          ; eda_simulation ;
; EDA_NETLIST_WRITER_OUTPUT_DIR       ; /home/gme/guilherme.manske/Parity_Partes/simulation/qsim/ ; --            ; --          ; eda_simulation ;
; EDA_OUTPUT_DATA_FORMAT              ; Verilog Hdl                                               ; --            ; --          ; eda_simulation ;
; EDA_SIMULATION_TOOL                 ; ModelSim-Altera (Verilog)                                 ; <None>        ; --          ; --             ;
; PARTITION_COLOR                     ; 16764057                                                  ; --            ; --          ; Top            ;
; PARTITION_FITTER_PRESERVATION_LEVEL ; PLACEMENT_AND_ROUTING                                     ; --            ; --          ; Top            ;
; PARTITION_NETLIST_TYPE              ; SOURCE                                                    ; --            ; --          ; Top            ;
; PROJECT_OUTPUT_DIRECTORY            ; output_files                                              ; --            ; --          ; --             ;
+-------------------------------------+-----------------------------------------------------------+---------------+-------------+----------------+


+-------------------------------------------------------------------------------------------------------------------------------+
; Flow Elapsed Time                                                                                                             ;
+---------------------------+--------------+-------------------------+---------------------+------------------------------------+
; Module Name               ; Elapsed Time ; Average Processors Used ; Peak Virtual Memory ; Total CPU Time (on all processors) ;
+---------------------------+--------------+-------------------------+---------------------+------------------------------------+
; Analysis & Synthesis      ; 00:00:01     ; 1.0                     ; 399 MB              ; 00:00:01                           ;
; Fitter                    ; 00:00:06     ; 1.0                     ; 637 MB              ; 00:00:05                           ;
; Assembler                 ; 00:00:01     ; 1.0                     ; 397 MB              ; 00:00:01                           ;
; TimeQuest Timing Analyzer ; 00:00:01     ; 1.0                     ; 405 MB              ; 00:00:01                           ;
; EDA Netlist Writer        ; 00:00:00     ; 1.0                     ; 364 MB              ; 00:00:00                           ;
; EDA Netlist Writer        ; 00:00:00     ; 1.0                     ; 370 MB              ; 00:00:00                           ;
; EDA Netlist Writer        ; 00:00:00     ; 1.0                     ; 369 MB              ; 00:00:00                           ;
; EDA Netlist Writer        ; 00:00:00     ; 1.0                     ; 370 MB              ; 00:00:00                           ;
; EDA Netlist Writer        ; 00:00:01     ; 1.0                     ; 370 MB              ; 00:00:00                           ;
; Total                     ; 00:00:10     ; --                      ; --                  ; 00:00:08                           ;
+---------------------------+--------------+-------------------------+---------------------+------------------------------------+


+--------------------------------------------------------------------------------------------------+
; Flow OS Summary                                                                                  ;
+---------------------------+-------------------------+-------------+-------------+----------------+
; Module Name               ; Machine Hostname        ; OS Name     ; OS Version  ; Processor type ;
+---------------------------+-------------------------+-------------+-------------+----------------+
; Analysis & Synthesis      ; cadmicro-inf-el8-623207 ; Rocky Linux ; Rocky Linux ; x86_64         ;
; Fitter                    ; cadmicro-inf-el8-623207 ; Rocky Linux ; Rocky Linux ; x86_64         ;
; Assembler                 ; cadmicro-inf-el8-623207 ; Rocky Linux ; Rocky Linux ; x86_64         ;
; TimeQuest Timing Analyzer ; cadmicro-inf-el8-623207 ; Rocky Linux ; Rocky Linux ; x86_64         ;
; EDA Netlist Writer        ; cadmicro-inf-el8-623207 ; Rocky Linux ; Rocky Linux ; x86_64         ;
; EDA Netlist Writer        ; cadmicro-inf-el8-623207 ; Rocky Linux ; Rocky Linux ; x86_64         ;
; EDA Netlist Writer        ; cadmicro-inf-el8-623207 ; Rocky Linux ; Rocky Linux ; x86_64         ;
; EDA Netlist Writer        ; cadmicro-inf-el8-623207 ; Rocky Linux ; Rocky Linux ; x86_64         ;
; EDA Netlist Writer        ; cadmicro-inf-el8-623207 ; Rocky Linux ; Rocky Linux ; x86_64         ;
+---------------------------+-------------------------+-------------+-------------+----------------+


------------
; Flow Log ;
------------
quartus_map --read_settings_files=on --write_settings_files=off Parity_Partes -c Parity_Partes
quartus_fit --read_settings_files=off --write_settings_files=off Parity_Partes -c Parity_Partes
quartus_asm --read_settings_files=off --write_settings_files=off Parity_Partes -c Parity_Partes
quartus_sta Parity_Partes -c Parity_Partes
quartus_eda --read_settings_files=off --write_settings_files=off Parity_Partes -c Parity_Partes
quartus_eda --gen_testbench --check_outputs=on --tool=modelsim_oem --format=verilog Parity_Partes -c Parity_Partes --vector_source=/home/gme/guilherme.manske/Parity_Partes/Parity_Partes.vwf --testbench_file=/home/gme/guilherme.manske/Parity_Partes/simulation/qsim/Parity_Partes.vwf.vt
quartus_eda --functional=on --flatten_buses=off --simulation=on --tool=modelsim_oem --format=verilog --output_directory=/home/gme/guilherme.manske/Parity_Partes/simulation/qsim/ Parity_Partes -c Parity_Partes
quartus_eda --gen_testbench --check_outputs=on --tool=modelsim_oem --format=verilog Parity_Partes -c Parity_Partes --vector_source=/home/gme/guilherme.manske/Parity_Partes/Parity_Partes.vwf --testbench_file=/home/gme/guilherme.manske/Parity_Partes/simulation/qsim/Parity_Partes.vwf.vt
quartus_eda --functional=on --flatten_buses=off --simulation=on --tool=modelsim_oem --format=verilog --output_directory=/home/gme/guilherme.manske/Parity_Partes/simulation/qsim/ Parity_Partes -c Parity_Partes



