###############################################################
#  Generated by:      Cadence Innovus 23.32-s091_1
#  OS:                Linux x86_64(Host ID cadmicro-inf-el8-623207)
#  Generated on:      Mon Apr 14 14:45:35 2025
#  Design:            signal_32bits
#  Command:           report_timing > reports/report_timing.rpt
###############################################################
Path 1: VIOLATED Path Delay Check
Endpoint:   S[31] (^)
Beginpoint: A[1]  (v) triggered by  leading edge of '@'
Path Groups: {default}
Analysis View: default_emulate_view
- External Delay                0.000
+ Path Delay                    4.100
= Required Time                 4.100
- Arrival Time                  4.100
= Slack Time                   -0.000
     Clock Rise Edge                      0.000
     + Input Delay                        0.000
     = Beginpoint Arrival Time            0.000
     +-------------------------------------------------------------------------------------------------------+ 
     |          Instance           |      Arc       |           Cell            | Delay | Arrival | Required | 
     |                             |                |                           |       |  Time   |   Time   | 
     |-----------------------------+----------------+---------------------------+-------+---------+----------| 
     |                             | A[1] v         |                           |       |   0.000 |   -0.000 | 
     | g2                          | B v -> X v     | sky130_fd_sc_hd__or2_1    | 0.554 |   0.554 |    0.554 | 
     | addinc_add_7_30_g2465__7482 | B v -> Y ^     | sky130_fd_sc_hd__nand2_1  | 0.102 |   0.656 |    0.656 | 
     | addinc_add_7_30_g2463__1881 | A ^ -> Y v     | sky130_fd_sc_hd__nand2_2  | 0.063 |   0.719 |    0.719 | 
     | addinc_add_7_30_g2461__7098 | A v -> Y ^     | sky130_fd_sc_hd__nand2_1  | 0.081 |   0.801 |    0.800 | 
     | addinc_add_7_30_g2459__5122 | A ^ -> Y v     | sky130_fd_sc_hd__nand2_2  | 0.062 |   0.862 |    0.862 | 
     | addinc_add_7_30_g2458__1705 | A v -> Y ^     | sky130_fd_sc_hd__nand2_1  | 0.081 |   0.944 |    0.943 | 
     | addinc_add_7_30_g2456__1617 | A ^ -> Y v     | sky130_fd_sc_hd__nand2_2  | 0.059 |   1.003 |    1.003 | 
     | addinc_add_7_30_g2455__3680 | A v -> Y ^     | sky130_fd_sc_hd__nand2_1  | 0.082 |   1.085 |    1.084 | 
     | addinc_add_7_30_g2453__5526 | A ^ -> Y v     | sky130_fd_sc_hd__nand2_2  | 0.060 |   1.145 |    1.144 | 
     | addinc_add_7_30_g2452__8428 | A v -> Y ^     | sky130_fd_sc_hd__nand2_1  | 0.078 |   1.222 |    1.222 | 
     | addinc_add_7_30_g2450__6260 | A ^ -> Y v     | sky130_fd_sc_hd__nand2_2  | 0.058 |   1.280 |    1.279 | 
     | addinc_add_7_30_g2449__5107 | A v -> Y ^     | sky130_fd_sc_hd__nand2_1  | 0.077 |   1.357 |    1.356 | 
     | addinc_add_7_30_g2447__5477 | A ^ -> Y v     | sky130_fd_sc_hd__nand2_2  | 0.064 |   1.421 |    1.421 | 
     | addinc_add_7_30_g2446__6417 | A v -> Y ^     | sky130_fd_sc_hd__nand2_2  | 0.086 |   1.507 |    1.506 | 
     | addinc_add_7_30_g2444__1666 | A ^ -> Y v     | sky130_fd_sc_hd__nand2_4  | 0.064 |   1.570 |    1.570 | 
     | addinc_add_7_30_g2442__2346 | A v -> Y ^     | sky130_fd_sc_hd__nand3_1  | 0.080 |   1.651 |    1.650 | 
     | addinc_add_7_30_g2438__6161 | C1 ^ -> X ^    | sky130_fd_sc_hd__o211a_2  | 0.205 |   1.856 |    1.855 | 
     | addinc_add_7_30_g2436__7482 | A2 ^ -> Y v    | sky130_fd_sc_hd__o21ai_2  | 0.072 |   1.928 |    1.928 | 
     | addinc_add_7_30_g2431__8246 | A v -> Y ^     | sky130_fd_sc_hd__nand2_1  | 0.073 |   2.002 |    2.001 | 
     | addinc_add_7_30_g2429__1705 | A ^ -> Y v     | sky130_fd_sc_hd__nand2_1  | 0.074 |   2.076 |    2.075 | 
     | addinc_add_7_30_g2428__2802 | A v -> Y ^     | sky130_fd_sc_hd__nand2_1  | 0.070 |   2.145 |    2.145 | 
     | addinc_add_7_30_g2426__3680 | A ^ -> Y v     | sky130_fd_sc_hd__nand2_1  | 0.072 |   2.218 |    2.217 | 
     | addinc_add_7_30_g2425__6783 | A v -> Y ^     | sky130_fd_sc_hd__nand2_1  | 0.086 |   2.303 |    2.303 | 
     | addinc_add_7_30_g2423__8428 | A ^ -> Y v     | sky130_fd_sc_hd__nand2_2  | 0.079 |   2.382 |    2.382 | 
     | addinc_add_7_30_g2421__4319 | A v -> Y ^     | sky130_fd_sc_hd__nand3_1  | 0.122 |   2.504 |    2.503 | 
     | addinc_add_7_30_g2415__6417 | A2 ^ -> Y v    | sky130_fd_sc_hd__o21ai_2  | 0.102 |   2.606 |    2.606 | 
     | addinc_add_7_30_g2404__5115 | A1 v -> Y ^    | sky130_fd_sc_hd__a31oi_2  | 0.153 |   2.760 |    2.759 | 
     | addinc_add_7_30_g2395__3680 | A2 ^ -> Y v    | sky130_fd_sc_hd__o21ai_1  | 0.082 |   2.842 |    2.841 | 
     | addinc_add_7_30_g2392__8428 | CI v -> COUT v | sky130_fd_sc_hd__fah_1    | 0.277 |   3.119 |    3.119 | 
     | addinc_add_7_30_g2391       | A v -> Y ^     | sky130_fd_sc_hd__clkinv_1 | 0.078 |   3.197 |    3.197 | 
     | addinc_add_7_30_g2389__6260 | A2 ^ -> Y v    | sky130_fd_sc_hd__o21ai_2  | 0.048 |   3.245 |    3.245 | 
     | addinc_add_7_30_g2388__5107 | CI v -> COUT v | sky130_fd_sc_hd__fah_1    | 0.245 |   3.490 |    3.490 | 
     | addinc_add_7_30_g2387__2398 | CI v -> SUM ^  | sky130_fd_sc_hd__fah_1    | 0.609 |   4.100 |    4.099 | 
     |                             | S[31] ^        |                           | 0.001 |   4.100 |    4.100 | 
     +-------------------------------------------------------------------------------------------------------+ 

