###############################################################
#  Generated by:      Cadence Innovus 23.32-s091_1
#  OS:                Linux x86_64(Host ID cadmicro-inf-el8-623207)
#  Generated on:      Fri Apr 11 16:11:10 2025
#  Design:            han_carlson_32bits
#  Command:           report_timing > reports/report_timing.rpt
###############################################################
Path 1: VIOLATED Path Delay Check
Endpoint:   S[29] (^)
Beginpoint: A[24] (v) triggered by  leading edge of '@'
Path Groups: {default}
Analysis View: default_emulate_view
- External Delay                0.000
+ Path Delay                    2.106
= Required Time                 2.106
- Arrival Time                  2.110
= Slack Time                   -0.004
     Clock Rise Edge                      0.000
     + Input Delay                        0.000
     = Beginpoint Arrival Time            0.000
     +----------------------------------------------------------------------------------------------------------------+ 
     |                 Instance                 |     Arc      |          Cell           | Delay | Arrival | Required | 
     |                                          |              |                         |       |  Time   |   Time   | 
     |------------------------------------------+--------------+-------------------------+-------+---------+----------| 
     |                                          | A[24] v      |                         |       |   0.000 |   -0.004 | 
     | GENERATE_PROPAGATE[24].GENERATE/g2__2398 | B v -> X v   | sky130_fd_sc_hd__and2_4 | 0.525 |   0.525 |    0.521 | 
     | LEVEL_1[25].B1/GENERATE/g13__7410        | A2 v -> X v  | sky130_fd_sc_hd__a21o_1 | 0.200 |   0.725 |    0.721 | 
     | LEVEL_2[27].B2/GENERATE/g2               | A2 v -> X v  | sky130_fd_sc_hd__a21o_1 | 0.195 |   0.920 |    0.916 | 
     | LEVEL_3[27].B4/GENERATE/g2               | B1 v -> X v  | sky130_fd_sc_hd__a21o_1 | 0.167 |   1.087 |    1.083 | 
     | LEVEL_4[27].B8/GENERATE/g13__5122        | B1 v -> X v  | sky130_fd_sc_hd__a21o_1 | 0.149 |   1.236 |    1.232 | 
     | LEVEL_5[27].B9/GENERATE/g2               | B1 v -> X v  | sky130_fd_sc_hd__a21o_1 | 0.173 |   1.409 |    1.405 | 
     | LEVEL_6[28].B10/GENERATE/g13__6783       | A1 v -> X v  | sky130_fd_sc_hd__a21o_1 | 0.157 |   1.566 |    1.562 | 
     | C28/g13__8246                            | B1 v -> X v  | sky130_fd_sc_hd__a21o_1 | 0.174 |   1.740 |    1.736 | 
     | S29/g14__16                              | B v -> SUM ^ | sky130_fd_sc_hd__ha_4   | 0.369 |   2.109 |    2.105 | 
     |                                          | S[29] ^      |                         | 0.001 |   2.110 |    2.106 | 
     +----------------------------------------------------------------------------------------------------------------+ 

