============================================================
  Generated by:           Genus(TM) Synthesis Solution 23.12-s086_1
  Generated on:           Apr 14 2025  03:20:11 pm
  Module:                 signal_32bits
  Operating conditions:   tt_025C_1v80 
  Interconnect mode:      global
  Area mode:              physical library
============================================================

Timing
-------
  Cost    Critical         Violating 
 Group   Path Slack  TNS     Paths   
-------------------------------------
default         0.1   0.0          0 
-------------------------------------
Total                 0.0          0 

Instance Count
--------------
Leaf Instance Count             425 
Physical Instance count           0 
Sequential Instance Count         0 
Combinational Instance Count    425 
Hierarchical Instance Count       0 

Area
----
Cell Area                          2452.352
Physical Cell Area                 0.000
Total Cell Area (Cell+Physical)    2452.352
Net Area                           2306.092
Total Area (Cell+Physical+Net)     4758.444

Max Fanout                         9 (n_469)
Min Fanout                         1 (n_2)
Average Fanout                     1.8
Terms to net ratio                 2.5959
Terms to instance ratio            2.9929
Runtime                            16.863625 seconds
Elapsed Runtime                    19 seconds
Genus peak memory usage            2041.09 
Innovus peak memory usage          no_value 
Hostname                           cadmicro-inf-el8-623207
