============================================================
  Generated by:           Genus(TM) Synthesis Solution 23.12-s086_1
  Generated on:           Apr 14 2025  03:20:11 pm
  Module:                 signal_32bits
  Operating conditions:   tt_025C_1v80 
  Interconnect mode:      global
  Area mode:              physical library
============================================================


Path 1: MET (0 ps) Path Delay Check
     Startpoint: (F) A[6]
       Endpoint: (R) S[26]

                   Capture    Launch  
      Path Delay:+    1500         -  
      Drv Adjust:+       0         0  
         Arrival:=    1500            
                                      
   Required Time:=    1500            
       Data Path:-    1500            
           Slack:=       0            

Exceptions/Constraints:
  max_delay             1500            constraints.sdc_line_1 

#------------------------------------------------------------------------------------------------------------------------
#         Timing Point          Flags    Arc    Edge           Cell             Fanout Load Trans Delay Arrival Instance 
#                                                                                      (fF)  (ps)  (ps)   (ps)  Location 
#------------------------------------------------------------------------------------------------------------------------
  A[6]                          -       -       F     (arrival)                      1  5.6  1000     0       0    (-,-) 
  fopt2225/Y                    -       A->Y    R     sky130_fd_sc_hd__inv_2         2  6.8   172   247     247    (-,-) 
  addinc_add_7_30_g2081__1705/Y -       A->Y    F     sky130_fd_sc_hd__nand2_1       5 14.3   121   145     392    (-,-) 
  addinc_add_7_30_g2205__6131/X -       A->X    F     sky130_fd_sc_hd__and2_0        2  6.4    66   187     579    (-,-) 
  g119/Y                        -       B->Y    R     sky130_fd_sc_hd__nand2_1       1  3.7    54    76     655    (-,-) 
  g114/Y                        -       A->Y    F     sky130_fd_sc_hd__nand2_1       2  6.4    61    66     720    (-,-) 
  g110/Y                        -       A->Y    R     sky130_fd_sc_hd__nand2_1       1  3.7    52    66     787    (-,-) 
  g109/X                        -       A->X    R     sky130_fd_sc_hd__and2_4        2 20.5    78   166     953    (-,-) 
  addinc_add_7_30_g2238__4319/Y -       B->Y    F     sky130_fd_sc_hd__nand2_4       9 26.2    69    83    1036    (-,-) 
  addinc_add_7_30_g1840__5115/Y -       A->Y    R     sky130_fd_sc_hd__nand3_1       1  5.9    90    94    1130    (-,-) 
  addinc_add_7_30_g1819__2346/Y -       A->Y    F     sky130_fd_sc_hd__nand2_2       2 10.2    63    72    1202    (-,-) 
  addinc_add_7_30_g1800__8428/X -       A2_N->X R     sky130_fd_sc_hd__a2bb2o_4      1 51.3   168   298    1500    (-,-) 
  S[26]                         <<<     -       R     (port)                         -    -     -     0    1500    (-,-) 
#------------------------------------------------------------------------------------------------------------------------

