============================================================
  Generated by:           Genus(TM) Synthesis Solution 23.12-s086_1
  Generated on:           Apr 11 2025  04:15:58 pm
  Module:                 ripple_carry_adder_32bits
  Operating conditions:   tt_025C_1v80 
  Interconnect mode:      global
  Area mode:              physical library
============================================================

Timing
-------
  Cost    Critical         Violating 
 Group   Path Slack  TNS     Paths   
-------------------------------------
default         0.0   0.0          0 
-------------------------------------
Total                 0.0          0 

Instance Count
--------------
Leaf Instance Count             183 
Physical Instance count           0 
Sequential Instance Count         0 
Combinational Instance Count    183 
Hierarchical Instance Count      32 

Area
----
Cell Area                          1247.446
Physical Cell Area                 0.000
Total Cell Area (Cell+Physical)    1247.446
Net Area                           1053.627
Total Area (Cell+Physical+Net)     2301.073

Max Fanout                         3 (n_1)
Min Fanout                         1 (carry[5])
Average Fanout                     1.3
Terms to net ratio                 1.9410
Terms to instance ratio            2.8743
Runtime                            12.831006 seconds
Elapsed Runtime                    13 seconds
Genus peak memory usage            1891.86 
Innovus peak memory usage          no_value 
Hostname                           cadmicro-inf-el8-623207
