    Hinst Name            Module Name          Inst Count           Total Area
---------------------------------------------------------------------------
ripple_carry_adder_32bits                             210             1502.691
  F1A                     full_adder                    6               76.323
  full_adder_loop[10].FA  full_adder_84                 6               40.038
  full_adder_loop[11].FA  full_adder_83                 6               40.038
  full_adder_loop[12].FA  full_adder_82                 6               40.038
  full_adder_loop[13].FA  full_adder_81                 6               40.038
  full_adder_loop[14].FA  full_adder_80                 6               40.038
  full_adder_loop[15].FA  full_adder_79                 6               40.038
  full_adder_loop[16].FA  full_adder_78                 6               40.038
  full_adder_loop[17].FA  full_adder_77                 6               40.038
  full_adder_loop[18].FA  full_adder_76                 6               40.038
  full_adder_loop[19].FA  full_adder_75                 6               40.038
  full_adder_loop[1].FA   full_adder_93                 8               45.043
  full_adder_loop[20].FA  full_adder_74                 5               42.541
  full_adder_loop[21].FA  full_adder_73                 5               42.541
  full_adder_loop[22].FA  full_adder_72                 5               42.541
  full_adder_loop[23].FA  full_adder_71                 5               42.541
  full_adder_loop[24].FA  full_adder_70                 5               42.541
  full_adder_loop[25].FA  full_adder_69                 5               42.541
  full_adder_loop[26].FA  full_adder_68                 5               45.043
  full_adder_loop[27].FA  full_adder_67                 5               47.546
  full_adder_loop[28].FA  full_adder_66                 5               47.546
  full_adder_loop[29].FA  full_adder_65                 5               57.555
  full_adder_loop[2].FA   full_adder_92                 8               45.043
  full_adder_loop[30].FA  full_adder_64                 6               51.299
  full_adder_loop[31].FA  full_adder_63                 6               53.802
  full_adder_loop[3].FA   full_adder_91                 6               40.038
  full_adder_loop[4].FA   full_adder_90                 6               40.038
  full_adder_loop[5].FA   full_adder_89                 6               40.038
  full_adder_loop[6].FA   full_adder_88                 6               40.038
  full_adder_loop[7].FA   full_adder_87                 6               40.038
  full_adder_loop[8].FA   full_adder_86                 6               40.038
  full_adder_loop[9].FA   full_adder_85                 6               40.038
