###############################################################
#  Generated by:      Cadence Innovus 23.32-s091_1
#  OS:                Linux x86_64(Host ID cadmicro-inf-el8-623207)
#  Generated on:      Mon Apr 14 12:52:42 2025
#  Design:            signal_32bits
#  Command:           report_timing > reports/report_timing.rpt
###############################################################
Path 1: MET Path Delay Check
Endpoint:   S[31] (^)
Beginpoint: B[0]  (v) triggered by  leading edge of '@'
Path Groups: {default}
Analysis View: default_emulate_view
- External Delay                0.000
+ Path Delay                   12.600
= Required Time                12.600
- Arrival Time                 12.547
= Slack Time                    0.053
     Clock Rise Edge                      0.000
     + Input Delay                        0.000
     = Beginpoint Arrival Time            0.000
     +--------------------------------------------------------------------------------------------------------+ 
     |          Instance          |       Arc       |            Cell            | Delay | Arrival | Required | 
     |                            |                 |                            |       |  Time   |   Time   | 
     |----------------------------+-----------------+----------------------------+-------+---------+----------| 
     |                            | B[0] v          |                            |       |   0.000 |    0.053 | 
     | addinc_add_7_30_g818__1881 | B v -> Y ^      | sky130_fd_sc_hd__nor2_1    | 0.343 |   0.343 |    0.395 | 
     | g828                       | A2_N ^ -> Y ^   | sky130_fd_sc_hd__a2bb2oi_1 | 0.218 |   0.561 |    0.613 | 
     | g830                       | CIN ^ -> COUT v | sky130_fd_sc_hd__fahcin_1  | 0.151 |   0.711 |    0.764 | 
     | g2                         | CI v -> COUT v  | sky130_fd_sc_hd__fah_1     | 0.297 |   1.008 |    1.061 | 
     | addinc_add_7_30_g802__6260 | B1 v -> Y ^     | sky130_fd_sc_hd__o21ai_1   | 0.090 |   1.098 |    1.151 | 
     | addinc_add_7_30_g800__2398 | B ^ -> Y v      | sky130_fd_sc_hd__nand2b_1  | 0.096 |   1.194 |    1.247 | 
     | addinc_add_7_30_g799__5477 | CI v -> COUT v  | sky130_fd_sc_hd__fah_1     | 0.265 |   1.460 |    1.512 | 
     | addinc_add_7_30_g798__6417 | CIN v -> COUT v | sky130_fd_sc_hd__fa_1      | 0.390 |   1.850 |    1.902 | 
     | addinc_add_7_30_g797__7410 | CIN v -> COUT v | sky130_fd_sc_hd__fa_1      | 0.397 |   2.247 |    2.299 | 
     | addinc_add_7_30_g796__1666 | CIN v -> COUT v | sky130_fd_sc_hd__fa_1      | 0.400 |   2.647 |    2.699 | 
     | addinc_add_7_30_g795__2346 | CIN v -> COUT v | sky130_fd_sc_hd__fa_1      | 0.394 |   3.041 |    3.093 | 
     | addinc_add_7_30_g794__2883 | CIN v -> COUT v | sky130_fd_sc_hd__fa_1      | 0.392 |   3.433 |    3.486 | 
     | addinc_add_7_30_g793__9945 | CIN v -> COUT v | sky130_fd_sc_hd__fa_1      | 0.397 |   3.830 |    3.883 | 
     | addinc_add_7_30_g792__9315 | CIN v -> COUT v | sky130_fd_sc_hd__fa_1      | 0.401 |   4.231 |    4.284 | 
     | addinc_add_7_30_g791__6161 | CIN v -> COUT v | sky130_fd_sc_hd__fa_1      | 0.399 |   4.630 |    4.683 | 
     | addinc_add_7_30_g790__4733 | CIN v -> COUT v | sky130_fd_sc_hd__fa_1      | 0.397 |   5.027 |    5.080 | 
     | addinc_add_7_30_g789__7482 | CIN v -> COUT v | sky130_fd_sc_hd__fa_1      | 0.390 |   5.418 |    5.470 | 
     | addinc_add_7_30_g788__5115 | CIN v -> COUT v | sky130_fd_sc_hd__fa_1      | 0.397 |   5.814 |    5.867 | 
     | addinc_add_7_30_g787__1881 | CIN v -> COUT v | sky130_fd_sc_hd__fa_1      | 0.402 |   6.216 |    6.269 | 
     | addinc_add_7_30_g786__6131 | CIN v -> COUT v | sky130_fd_sc_hd__fa_1      | 0.400 |   6.617 |    6.669 | 
     | addinc_add_7_30_g785__7098 | CIN v -> COUT v | sky130_fd_sc_hd__fa_1      | 0.391 |   7.008 |    7.060 | 
     | addinc_add_7_30_g784__8246 | CIN v -> COUT v | sky130_fd_sc_hd__fa_1      | 0.395 |   7.402 |    7.455 | 
     | addinc_add_7_30_g783__5122 | CIN v -> COUT v | sky130_fd_sc_hd__fa_1      | 0.399 |   7.801 |    7.853 | 
     | addinc_add_7_30_g782__1705 | CIN v -> COUT v | sky130_fd_sc_hd__fa_1      | 0.400 |   8.201 |    8.253 | 
     | addinc_add_7_30_g781__2802 | CIN v -> COUT v | sky130_fd_sc_hd__fa_1      | 0.401 |   8.602 |    8.655 | 
     | addinc_add_7_30_g780__1617 | CIN v -> COUT v | sky130_fd_sc_hd__fa_1      | 0.399 |   9.001 |    9.053 | 
     | addinc_add_7_30_g779__3680 | CIN v -> COUT v | sky130_fd_sc_hd__fa_1      | 0.401 |   9.402 |    9.454 | 
     | addinc_add_7_30_g778__6783 | CIN v -> COUT v | sky130_fd_sc_hd__fa_1      | 0.408 |   9.810 |    9.863 | 
     | addinc_add_7_30_g777__5526 | CIN v -> COUT v | sky130_fd_sc_hd__fa_1      | 0.404 |  10.214 |   10.267 | 
     | addinc_add_7_30_g776__8428 | CIN v -> COUT v | sky130_fd_sc_hd__fa_1      | 0.409 |  10.623 |   10.676 | 
     | addinc_add_7_30_g775__4319 | CIN v -> COUT v | sky130_fd_sc_hd__fa_1      | 0.409 |  11.032 |   11.085 | 
     | addinc_add_7_30_g774__6260 | CIN v -> COUT v | sky130_fd_sc_hd__fa_1      | 0.395 |  11.427 |   11.480 | 
     | addinc_add_7_30_g773__5107 | CIN v -> COUT v | sky130_fd_sc_hd__fa_1      | 0.396 |  11.824 |   11.876 | 
     | addinc_add_7_30_g772__2398 | CIN v -> SUM ^  | sky130_fd_sc_hd__fa_2      | 0.723 |  12.546 |   12.599 | 
     |                            | S[31] ^         |                            | 0.001 |  12.547 |   12.600 | 
     +--------------------------------------------------------------------------------------------------------+ 

