============================================================
  Generated by:           Genus(TM) Synthesis Solution 23.12-s086_1
  Generated on:           Jan 27 2025  04:04:52 pm
  Module:                 alu
  Technology libraries:   fast_vdd1v2 1.0
                          physical_cells 
                          fast_vdd1v2 1.0
                          physical_cells 
  Operating conditions:   PVT_1P32V_0C 
  Interconnect mode:      global
  Area mode:              physical library
============================================================

                                  
    Gate      Instances    Area       Library    
-------------------------------------------------
AND2X1LVT            15    20.520    fast_vdd1v2 
AND3X1LVT             2     4.788    fast_vdd1v2 
AO21X1LVT             1     2.394    fast_vdd1v2 
AOI21X1LVT           11    18.810    fast_vdd1v2 
AOI21X2LVT            3     8.208    fast_vdd1v2 
AOI221X1LVT          16    38.304    fast_vdd1v2 
AOI22X1LVT           16    32.832    fast_vdd1v2 
AOI2BB1X1LVT          1     2.052    fast_vdd1v2 
AOI2BB1X2LVT          2     6.156    fast_vdd1v2 
BUFX2LVT             37    63.270    fast_vdd1v2 
CLKXOR2X1LVT          2     5.472    fast_vdd1v2 
DFFRHQX1LVT          48   295.488    fast_vdd1v2 
DFFRHQX2LVT           2    15.732    fast_vdd1v2 
DFFRX2LVT             6    45.144    fast_vdd1v2 
INVX1LVT             30    20.520    fast_vdd1v2 
INVX2LVT              6     6.156    fast_vdd1v2 
INVX3LVT              1     1.368    fast_vdd1v2 
INVXLLVT              7     4.788    fast_vdd1v2 
MX2X1LVT              1     2.394    fast_vdd1v2 
NAND2BX1LVT          26    35.568    fast_vdd1v2 
NAND2BX2LVT           4     9.576    fast_vdd1v2 
NAND2BX4LVT           1     3.762    fast_vdd1v2 
NAND2X1LVT           36    36.936    fast_vdd1v2 
NAND2X2LVT            8    13.680    fast_vdd1v2 
NAND2X4LVT            1     3.420    fast_vdd1v2 
NAND3X1LVT            1     1.710    fast_vdd1v2 
NOR2BX1LVT           15    20.520    fast_vdd1v2 
NOR2BX2LVT            6    16.416    fast_vdd1v2 
NOR2X1LVT            27    27.702    fast_vdd1v2 
NOR2X2LVT             7    11.970    fast_vdd1v2 
NOR2X4LVT             1     3.078    fast_vdd1v2 
NOR3BX1LVT            1     2.052    fast_vdd1v2 
NOR3X1LVT             1     1.710    fast_vdd1v2 
OA21X1LVT             5    10.260    fast_vdd1v2 
OAI211X1LVT          18    30.780    fast_vdd1v2 
OAI21X1LVT           10    17.100    fast_vdd1v2 
OAI21X2LVT            2     6.156    fast_vdd1v2 
OAI21X4LVT            5    23.940    fast_vdd1v2 
OAI221X1LVT           1     2.394    fast_vdd1v2 
OAI2BB1X1LVT         11    18.810    fast_vdd1v2 
OAI2BB1X2LVT          2     6.156    fast_vdd1v2 
OAI31X1LVT            2     4.104    fast_vdd1v2 
OAI32X1LVT           16    38.304    fast_vdd1v2 
OR2X1LVT              8    10.944    fast_vdd1v2 
OR2X2LVT              1     1.710    fast_vdd1v2 
OR2X6LVT              1     3.762    fast_vdd1v2 
OR3X1LVT              2     4.104    fast_vdd1v2 
XNOR2X1LVT           31    74.214    fast_vdd1v2 
-------------------------------------------------
total               457  1035.234                


                                         
     Type      Instances   Area   Area % 
-----------------------------------------
sequential            56  356.364   34.4 
inverter              44   32.832    3.2 
buffer                37   63.270    6.1 
logic                320  582.768   56.3 
physical_cells         0    0.000    0.0 
-----------------------------------------
total                457 1035.234  100.0 

