============================================================
  Generated by:           Genus(TM) Synthesis Solution 23.12-s086_1
  Generated on:           Apr 14 2025  02:52:26 pm
  Module:                 signal_32bits
  Operating conditions:   tt_025C_1v80 
  Interconnect mode:      global
  Area mode:              physical library
============================================================

Timing
-------
  Cost    Critical         Violating 
 Group   Path Slack  TNS     Paths   
-------------------------------------
default         9.1   0.0          0 
-------------------------------------
Total                 0.0          0 

Instance Count
--------------
Leaf Instance Count             207 
Physical Instance count           0 
Sequential Instance Count         0 
Combinational Instance Count    207 
Hierarchical Instance Count       0 

Area
----
Cell Area                          1261.210
Physical Cell Area                 0.000
Total Cell Area (Cell+Physical)    1261.210
Net Area                           1283.618
Total Area (Cell+Physical+Net)     2544.828

Max Fanout                         4 (addinc_add_7_30_n_10)
Min Fanout                         1 (B[7])
Average Fanout                     1.8
Terms to net ratio                 2.4359
Terms to instance ratio            3.2126
Runtime                            14.10267 seconds
Elapsed Runtime                    15 seconds
Genus peak memory usage            2012.76 
Innovus peak memory usage          no_value 
Hostname                           cadmicro-inf-el8-623207
