###############################################################
#  Generated by:      Cadence Innovus 23.32-s091_1
#  OS:                Linux x86_64(Host ID cadmicro-inf-el8-623207)
#  Generated on:      Mon Apr 14 16:16:02 2025
#  Design:            carry_increment_32bits
#  Command:           report_timing > reports/report_timing.rpt
###############################################################
Path 1: VIOLATED Path Delay Check
Endpoint:   S[12] (^)
Beginpoint: B[8]  (v) triggered by  leading edge of '@'
Path Groups: {default}
Analysis View: default_emulate_view
- External Delay                0.000
+ Path Delay                    1.390
= Required Time                 1.390
- Arrival Time                  1.537
= Slack Time                   -0.147
     Clock Rise Edge                      0.000
     + Input Delay                        0.000
     = Beginpoint Arrival Time            0.000
     +--------------------------------------------------------------------------------------------------+ 
     |        Instance        |      Arc      |            Cell            | Delay | Arrival | Required | 
     |                        |               |                            |       |  Time   |   Time   | 
     |------------------------+---------------+----------------------------+-------+---------+----------| 
     |                        | B[8] v        |                            |       |   0.000 |   -0.147 | 
     | FE_DBTC12_B_8          | A v -> Y ^    | sky130_fd_sc_hd__inv_12    | 0.241 |   0.241 |    0.094 | 
     | FE_PSC71_FE_DBTN12_B_8 | A ^ -> X ^    | sky130_fd_sc_hd__buf_2     | 0.145 |   0.387 |    0.239 | 
     | g18208                 | A2_N ^ -> Y ^ | sky130_fd_sc_hd__o2bb2ai_1 | 0.150 |   0.537 |    0.390 | 
     | g18421                 | B ^ -> Y v    | sky130_fd_sc_hd__nor2_2    | 0.076 |   0.612 |    0.465 | 
     | g18450                 | C v -> Y ^    | sky130_fd_sc_hd__nand3_4   | 0.093 |   0.705 |    0.558 | 
     | g16436                 | A ^ -> Y v    | sky130_fd_sc_hd__clkinv_2  | 0.078 |   0.783 |    0.636 | 
     | g18081                 | A v -> Y ^    | sky130_fd_sc_hd__nand2_2   | 0.075 |   0.857 |    0.710 | 
     | g18080                 | A ^ -> Y v    | sky130_fd_sc_hd__nand2_4   | 0.106 |   0.963 |    0.816 | 
     | g16353                 | A v -> Y ^    | sky130_fd_sc_hd__inv_4     | 0.077 |   1.040 |    0.893 | 
     | g16339__17227          | A ^ -> Y v    | sky130_fd_sc_hd__nand2_4   | 0.061 |   1.101 |    0.954 | 
     | g16267__4733           | A v -> X ^    | sky130_fd_sc_hd__xor2_1    | 0.151 |   1.252 |    1.104 | 
     | g16194__8246           | A ^ -> Y v    | sky130_fd_sc_hd__nand2_1   | 0.106 |   1.358 |    1.210 | 
     | g16182__2398           | B v -> Y ^    | sky130_fd_sc_hd__nand2b_4  | 0.178 |   1.536 |    1.389 | 
     |                        | S[12] ^       |                            | 0.001 |   1.537 |    1.390 | 
     +--------------------------------------------------------------------------------------------------+ 

