============================================================
  Generated by:           Genus(TM) Synthesis Solution 23.12-s086_1
  Generated on:           Apr 11 2025  04:27:39 pm
  Module:                 ripple_carry_adder_32bits
  Operating conditions:   tt_025C_1v80 
  Interconnect mode:      global
  Area mode:              physical library
============================================================

Timing
-------
  Cost    Critical         Violating 
 Group   Path Slack  TNS     Paths   
-------------------------------------
default         0.0   0.0          0 
-------------------------------------
Total                 0.0          0 

Instance Count
--------------
Leaf Instance Count             301 
Physical Instance count           0 
Sequential Instance Count         0 
Combinational Instance Count    301 
Hierarchical Instance Count      32 

Area
----
Cell Area                          1806.733
Physical Cell Area                 0.000
Total Cell Area (Cell+Physical)    1806.733
Net Area                           1513.261
Total Area (Cell+Physical+Net)     3319.994

Max Fanout                         3 (carry[30])
Min Fanout                         1 (Cout)
Average Fanout                     1.4
Terms to net ratio                 2.1995
Terms to instance ratio            2.6744
Runtime                            13.79779 seconds
Elapsed Runtime                    15 seconds
Genus peak memory usage            1890.75 
Innovus peak memory usage          no_value 
Hostname                           cadmicro-inf-el8-623207
