============================================================
  Generated by:           Genus(TM) Synthesis Solution 23.12-s086_1
  Generated on:           Apr 14 2025  04:29:53 pm
  Module:                 carry_select_adder_461012_32bits
  Operating conditions:   tt_025C_1v80 
  Interconnect mode:      global
  Area mode:              physical library
============================================================


Path 1: MET (0 ps) Path Delay Check
     Startpoint: (F) B[14]
       Endpoint: (R) S[31]

                   Capture    Launch  
      Path Delay:+    1390         -  
      Drv Adjust:+       0         0  
         Arrival:=    1390            
                                      
   Required Time:=    1390            
       Data Path:-    1390            
           Slack:=       0            

Exceptions/Constraints:
  max_delay             1390            constraints.sdc_line_1 

#--------------------------------------------------------------------------------------------------------
# Timing Point   Flags    Arc   Edge           Cell             Fanout Load Trans Delay Arrival Instance 
#                                                                      (fF)  (ps)  (ps)   (ps)  Location 
#--------------------------------------------------------------------------------------------------------
  B[14]          -       -      F     (arrival)                      2 23.0  1000     0       0    (-,-) 
  g12400/Y       -       A->Y   R     sky130_fd_sc_hd__clkinv_8      2 11.1   138   201     201    (-,-) 
  g12246__5526/Y -       B->Y   F     sky130_fd_sc_hd__nand2_2       2  8.1    59    81     282    (-,-) 
  g12120__1881/Y -       B->Y   R     sky130_fd_sc_hd__nand2_2       1  5.9    52    74     356    (-,-) 
  g12109/Y       -       A->Y   F     sky130_fd_sc_hd__inv_2         3 13.4    34    49     405    (-,-) 
  g12064__7098/Y -       A->Y   R     sky130_fd_sc_hd__nand2_2       1  3.7    42    46     451    (-,-) 
  g12032__8246/Y -       A2->Y  F     sky130_fd_sc_hd__a21oi_1       1  3.5    56    61     512    (-,-) 
  g12025__6260/Y -       B->Y   R     sky130_fd_sc_hd__nor2_1        1  2.8    79    85     597    (-,-) 
  g12453/X       -       A->X   R     sky130_fd_sc_hd__and2_2        2  8.7    65   161     758    (-,-) 
  g11961__1881/Y -       B->Y   F     sky130_fd_sc_hd__nand2_2       1  9.6    57    68     826    (-,-) 
  g11930__5526/Y -       A->Y   R     sky130_fd_sc_hd__nand2_4       2 36.7   126   118     944    (-,-) 
  g12410__6131/Y -       A->Y   F     sky130_fd_sc_hd__nand2_8      12 56.6    93   109    1054    (-,-) 
  g11887__6260/Y -       A->Y   R     sky130_fd_sc_hd__nor2_2        1  3.8    73   119    1172    (-,-) 
  g11863__5107/Y -       A_N->Y R     sky130_fd_sc_hd__nand2b_4      1 51.3   170   217    1390    (-,-) 
  S[31]          <<<     -      R     (port)                         -    -     -     0    1390    (-,-) 
#--------------------------------------------------------------------------------------------------------

