============================================================
  Generated by:           Genus(TM) Synthesis Solution 23.12-s086_1
  Generated on:           Apr 14 2025  04:20:06 pm
  Module:                 carry_select_adder_8888_32bits
  Operating conditions:   tt_025C_1v80 
  Interconnect mode:      global
  Area mode:              physical library
============================================================

Timing
-------
  Cost    Critical         Violating 
 Group   Path Slack  TNS     Paths   
-------------------------------------
default         0.0   0.0          0 
-------------------------------------
Total                 0.0          0 

Instance Count
--------------
Leaf Instance Count             392 
Physical Instance count           0 
Sequential Instance Count         0 
Combinational Instance Count    392 
Hierarchical Instance Count       0 

Area
----
Cell Area                          2727.616
Physical Cell Area                 0.000
Total Cell Area (Cell+Physical)    2727.616
Net Area                           2103.250
Total Area (Cell+Physical+Net)     4830.866

Max Fanout                         16 (n_513)
Min Fanout                         1 (n_0)
Average Fanout                     1.7
Terms to net ratio                 2.5153
Terms to instance ratio            2.9388
Runtime                            16.005732 seconds
Elapsed Runtime                    17 seconds
Genus peak memory usage            1956.46 
Innovus peak memory usage          no_value 
Hostname                           cadmicro-inf-el8-623207
