============================================================
  Generated by:           Genus(TM) Synthesis Solution 23.12-s086_1
  Generated on:           Apr 11 2025  02:29:55 pm
  Module:                 cla_16bits
  Operating conditions:   tt_025C_1v80 
  Interconnect mode:      global
  Area mode:              physical library
============================================================

             Instance                   Module      Cell-Count  Cell-Area  Net-Area   Total-Area 
-------------------------------------------------------------------------------------------------
cla_16bits                         NA                      339   2220.880  1631.172     3852.052 
  C0                               carry                     1      7.507     0.000        7.507 
  C1                               carry_97                  1      7.507     0.000        7.507 
  C10                              carry_88                  3     21.270     6.787       28.058 
  C11                              carry_87                  1      7.507     0.000        7.507 
  C12                              carry_86                  3     13.763     6.787       20.551 
  C13                              carry_85                  3     21.270     6.787       28.058 
  C14                              carry_84                  3     21.270     6.787       28.058 
  C15                              carry_83                  2     17.517     3.394       20.911 
  C2                               carry_96                  1      7.507     0.000        7.507 
  C3                               carry_95                  1      7.507     0.000        7.507 
  C4                               carry_94                  1      7.507     0.000        7.507 
  C5                               carry_93                  2     12.512     3.394       15.906 
  C6                               carry_92                  3     21.270     6.787       28.058 
  C7                               carry_91                  1      7.507     0.000        7.507 
  C8                               carry_90                  3     13.763     6.787       20.551 
  C9                               carry_89                  3     21.270     6.787       28.058 
  CLA1                             cla4x3                   15    117.613    32.197      149.810 
  CLA2                             cla4x3_104               16    111.357    37.244      148.601 
  CLA3                             cla4x3_103               14     88.835    30.457      119.292 
  CLA4                             cla4x3_102                6     46.294     0.000       46.294 
  CLA5                             cla4x3_101                9     81.328    10.181       91.509 
  CLA6                             cla4x3_100               14     88.835    28.803      117.639 
  CLA7                             cla4x3_99                13     80.077    25.410      105.486 
  CLA8                             cla4x3_98                11     58.806    16.969       75.775 
  GENERATE_PROPAGATE[0].GENERATE   generate_i                3     15.014     6.787       21.802 
  GENERATE_PROPAGATE[0].PROPAGATE  propagate_i               5     37.536    16.882       54.418 
  GENERATE_PROPAGATE[10].GENERATE  generate_i_110            1      8.758     0.000        8.758 
  GENERATE_PROPAGATE[10].PROPAGATE propagate_i_125           4     35.034    10.181       45.215 
  GENERATE_PROPAGATE[11].GENERATE  generate_i_109            1      6.256     0.000        6.256 
  GENERATE_PROPAGATE[11].PROPAGATE propagate_i_124           5     31.280    13.575       44.855 
  GENERATE_PROPAGATE[12].GENERATE  generate_i_108            1      6.256     0.000        6.256 
  GENERATE_PROPAGATE[12].PROPAGATE propagate_i_123           5     26.275    16.882       43.157 
  GENERATE_PROPAGATE[13].GENERATE  generate_i_107            1      7.507     0.000        7.507 
  GENERATE_PROPAGATE[13].PROPAGATE propagate_i_122           5     21.270    13.575       34.845 
  GENERATE_PROPAGATE[14].GENERATE  generate_i_106            1      6.256     0.000        6.256 
  GENERATE_PROPAGATE[14].PROPAGATE propagate_i_121           1     12.512     0.000       12.512 
  GENERATE_PROPAGATE[15].GENERATE  generate_i_105            1      6.256     0.000        6.256 
  GENERATE_PROPAGATE[15].PROPAGATE propagate_i_120           1      8.758     0.000        8.758 
  GENERATE_PROPAGATE[1].GENERATE   generate_i_119            3     11.261     6.787       18.048 
  GENERATE_PROPAGATE[1].PROPAGATE  propagate_i_134           8     42.541    25.410       67.950 
  GENERATE_PROPAGATE[2].GENERATE   generate_i_118            3     11.261     6.787       18.048 
  GENERATE_PROPAGATE[2].PROPAGATE  propagate_i_133           5     31.280    13.575       44.855 
  GENERATE_PROPAGATE[3].GENERATE   generate_i_117            1      6.256     0.000        6.256 
  GENERATE_PROPAGATE[3].PROPAGATE  propagate_i_132           5     31.280    13.575       44.855 
  GENERATE_PROPAGATE[4].GENERATE   generate_i_116            3     13.763     6.787       20.551 
  GENERATE_PROPAGATE[4].PROPAGATE  propagate_i_131           5     31.280    13.575       44.855 
  GENERATE_PROPAGATE[5].GENERATE   generate_i_115            1      8.758     0.000        8.758 
  GENERATE_PROPAGATE[5].PROPAGATE  propagate_i_130           5     31.280    13.575       44.855 
  GENERATE_PROPAGATE[6].GENERATE   generate_i_114            3     11.261     6.787       18.048 
  GENERATE_PROPAGATE[6].PROPAGATE  propagate_i_129           5     28.778    16.882       45.659 
  GENERATE_PROPAGATE[7].GENERATE   generate_i_113            1      8.758     0.000        8.758 
  GENERATE_PROPAGATE[7].PROPAGATE  propagate_i_128           5     31.280    13.575       44.855 
  GENERATE_PROPAGATE[8].GENERATE   generate_i_112            3     11.261     6.787       18.048 
  GENERATE_PROPAGATE[8].PROPAGATE  propagate_i_127           3     25.024     6.787       31.811 
  GENERATE_PROPAGATE[9].GENERATE   generate_i_111            3     11.261     6.787       18.048 
  GENERATE_PROPAGATE[9].PROPAGATE  propagate_i_126           4     35.034    10.181       45.215 
  S0                               soutput                   1      8.758     0.000        8.758 
  S1                               soutput_149               1     12.512     0.000       12.512 
  S10                              soutput_140               7     58.806    22.016       80.822 
  S11                              soutput_139               5     47.546    13.575       61.121 
  S12                              soutput_138               3     23.773     6.787       30.560 
  S13                              soutput_137               6     48.797    18.622       67.419 
  S14                              soutput_136               5     58.806    13.575       72.381 
  S15                              soutput_135               5     45.043    13.575       58.618 
  S2                               soutput_148               1     15.014     0.000       15.014 
  S3                               soutput_147               2     32.531     3.394       35.925 
  S4                               soutput_146               1     15.014     0.000       15.014 
  S5                               soutput_145               3     18.768     6.787       25.555 
  S6                               soutput_144               5     28.778    13.575       42.353 
  S7                               soutput_143               6     53.802    18.622       72.424 
  S8                               soutput_142               3     23.773     6.787       30.560 
  S9                               soutput_141               4     30.029    10.181       40.210 
