============================================================
  Generated by:           Genus(TM) Synthesis Solution 23.12-s086_1
  Generated on:           Apr 11 2025  02:29:55 pm
  Module:                 cla_16bits
  Operating conditions:   tt_025C_1v80 
  Interconnect mode:      global
  Area mode:              physical library
============================================================

Timing
-------
  Cost    Critical            Violating 
 Group   Path Slack    TNS      Paths   
----------------------------------------
default       -38.3   -139.9          5 
----------------------------------------
Total                 -139.9          5 

Instance Count
--------------
Leaf Instance Count             339 
Physical Instance count           0 
Sequential Instance Count         0 
Combinational Instance Count    339 
Hierarchical Instance Count      72 

Area
----
Cell Area                          2220.880
Physical Cell Area                 0.000
Total Cell Area (Cell+Physical)    2220.880
Net Area                           1631.172
Total Area (Cell+Physical+Net)     3852.052

Max Fanout                         9 (n_48)
Min Fanout                         1 (C[0])
Average Fanout                     1.6
Terms to net ratio                 2.4758
Terms to instance ratio            2.7168
Runtime                            20.887814 seconds
Elapsed Runtime                    21 seconds
Genus peak memory usage            1899.28 
Innovus peak memory usage          no_value 
Hostname                           cadmicro-inf-el8-623207
