============================================================
  Generated by:           Genus(TM) Synthesis Solution 23.12-s086_1
  Generated on:           Jan 23 2025  10:22:00 pm
  Module:                 alu
  Technology libraries:   fast_vdd1v2 1.0
                          physical_cells 
                          fast_vdd1v2 1.0
                          physical_cells 
  Operating conditions:   PVT_1P32V_0C 
  Interconnect mode:      global
  Area mode:              physical library
============================================================

                                  
    Gate      Instances    Area       Library    
-------------------------------------------------
AND2X1LVT            11    15.048    fast_vdd1v2 
AND2X2LVT             2     3.420    fast_vdd1v2 
AND3X1LVT             1     2.394    fast_vdd1v2 
AND3X2LVT             1     2.736    fast_vdd1v2 
AOI211XLLVT           1     2.052    fast_vdd1v2 
AOI21X1LVT            7    11.970    fast_vdd1v2 
AOI21X2LVT           16    43.776    fast_vdd1v2 
AOI21X4LVT            4    20.520    fast_vdd1v2 
AOI221X1LVT          12    28.728    fast_vdd1v2 
AOI221X2LVT           4    17.784    fast_vdd1v2 
AOI22X1LVT            9    18.468    fast_vdd1v2 
AOI22X2LVT            1     3.762    fast_vdd1v2 
AOI2BB1X1LVT          1     2.052    fast_vdd1v2 
AOI2BB1X2LVT          4    12.312    fast_vdd1v2 
AOI2BB1X4LVT          2     8.208    fast_vdd1v2 
BUFX2LVT             37    63.270    fast_vdd1v2 
CLKAND2X2LVT          3     6.156    fast_vdd1v2 
CLKAND2X3LVT          2     6.156    fast_vdd1v2 
CLKINVX4LVT           1     1.710    fast_vdd1v2 
CLKINVX6LVT           1     2.394    fast_vdd1v2 
CLKMX2X2LVT           1     3.078    fast_vdd1v2 
CLKXOR2X1LVT          2     5.472    fast_vdd1v2 
DFFRHQX1LVT          23   141.588    fast_vdd1v2 
DFFRHQX2LVT           4    31.464    fast_vdd1v2 
DFFRHQX4LVT          24   229.824    fast_vdd1v2 
DFFRX2LVT             5    37.620    fast_vdd1v2 
INVX1LVT             27    18.468    fast_vdd1v2 
INVX2LVT             10    10.260    fast_vdd1v2 
INVX3LVT              5     6.840    fast_vdd1v2 
INVXLLVT              7     4.788    fast_vdd1v2 
MX2X1LVT              6    14.364    fast_vdd1v2 
MXI2XLLVT             1     2.394    fast_vdd1v2 
NAND2BX1LVT          19    25.992    fast_vdd1v2 
NAND2BX2LVT           7    16.758    fast_vdd1v2 
NAND2BX4LVT           2     7.524    fast_vdd1v2 
NAND2X1LVT           35    35.910    fast_vdd1v2 
NAND2X2LVT            6    10.260    fast_vdd1v2 
NAND2X4LVT            7    23.940    fast_vdd1v2 
NAND2X6LVT            1     4.788    fast_vdd1v2 
NAND2X8LVT            1     5.472    fast_vdd1v2 
NAND3X1LVT            1     1.710    fast_vdd1v2 
NAND3X2LVT            1     2.736    fast_vdd1v2 
NAND4X2LVT            6    22.572    fast_vdd1v2 
NOR2BX1LVT           22    30.096    fast_vdd1v2 
NOR2BX2LVT            5    13.680    fast_vdd1v2 
NOR2BX4LVT            1     3.762    fast_vdd1v2 
NOR2X1LVT            34    34.884    fast_vdd1v2 
NOR2X2LVT            11    18.810    fast_vdd1v2 
NOR2X4LVT            10    30.780    fast_vdd1v2 
NOR3BX1LVT            1     2.052    fast_vdd1v2 
NOR3X1LVT             1     1.710    fast_vdd1v2 
OA21X1LVT             2     4.104    fast_vdd1v2 
OAI211X1LVT          10    17.100    fast_vdd1v2 
OAI211X2LVT           1     4.104    fast_vdd1v2 
OAI21X1LVT            8    13.680    fast_vdd1v2 
OAI21X2LVT            3     9.234    fast_vdd1v2 
OAI21X4LVT            4    19.152    fast_vdd1v2 
OAI2BB1X1LVT          5     8.550    fast_vdd1v2 
OAI32X1LVT            9    21.546    fast_vdd1v2 
OR2X1LVT              4     5.472    fast_vdd1v2 
OR2X2LVT              2     3.420    fast_vdd1v2 
OR2X4LVT              1     2.736    fast_vdd1v2 
OR2X6LVT              1     3.762    fast_vdd1v2 
OR3X2LVT              2     4.788    fast_vdd1v2 
XNOR2X1LVT           31    74.214    fast_vdd1v2 
-------------------------------------------------
total               489  1264.374                


                                         
     Type      Instances   Area   Area % 
-----------------------------------------
sequential            56  440.496   34.8 
inverter              51   44.460    3.5 
buffer                37   63.270    5.0 
logic                345  716.148   56.6 
physical_cells         0    0.000    0.0 
-----------------------------------------
total                489 1264.374  100.0 

