============================================================
  Generated by:           Genus(TM) Synthesis Solution 23.12-s086_1
  Generated on:           Apr 11 2025  03:56:54 pm
  Module:                 han_carlson_32bits
  Operating conditions:   tt_025C_1v80 
  Interconnect mode:      global
  Area mode:              physical library
============================================================

Timing
-------
  Cost    Critical             Violating 
 Group   Path Slack    TNS       Paths   
-----------------------------------------
default      -181.9   -2866.6         23 
-----------------------------------------
Total                 -2866.6         23 

Instance Count
--------------
Leaf Instance Count             934 
Physical Instance count           0 
Sequential Instance Count         0 
Combinational Instance Count    934 
Hierarchical Instance Count     368 

Area
----
Cell Area                          5587.859
Physical Cell Area                 0.000
Total Cell Area (Cell+Physical)    5587.859
Net Area                           4190.577
Total Area (Cell+Physical+Net)     9778.436

Max Fanout                         11 (n_121)
Min Fanout                         1 (C[0])
Average Fanout                     1.5
Terms to net ratio                 2.3904
Terms to instance ratio            2.5567
Runtime                            30.811738 seconds
Elapsed Runtime                    31 seconds
Genus peak memory usage            1902.82 
Innovus peak memory usage          no_value 
Hostname                           cadmicro-inf-el8-623207
