============================================================
  Generated by:           Genus(TM) Synthesis Solution 23.12-s086_1
  Generated on:           Apr 11 2025  04:11:24 pm
  Module:                 han_carlson_32bits
  Operating conditions:   tt_025C_1v80 
  Interconnect mode:      global
  Area mode:              physical library
============================================================

Timing
-------
  Cost    Critical         Violating 
 Group   Path Slack  TNS     Paths   
-------------------------------------
default         0.5   0.0          0 
-------------------------------------
Total                 0.0          0 

Instance Count
--------------
Leaf Instance Count             353 
Physical Instance count           0 
Sequential Instance Count         0 
Combinational Instance Count    353 
Hierarchical Instance Count     368 

Area
----
Cell Area                          2625.018
Physical Cell Area                 0.000
Total Cell Area (Cell+Physical)    2625.018
Net Area                           2046.862
Total Area (Cell+Physical+Net)     4671.880

Max Fanout                         33 (n_76)
Min Fanout                         1 (C[0])
Average Fanout                     1.9
Terms to net ratio                 2.7344
Terms to instance ratio            3.2380
Runtime                            13.878695 seconds
Elapsed Runtime                    15 seconds
Genus peak memory usage            1893.38 
Innovus peak memory usage          no_value 
Hostname                           cadmicro-inf-el8-623207
