============================================================
  Generated by:           Genus(TM) Synthesis Solution 23.12-s086_1
  Generated on:           Apr 11 2025  04:11:24 pm
  Module:                 han_carlson_32bits
  Operating conditions:   tt_025C_1v80 
  Interconnect mode:      global
  Area mode:              physical library
============================================================


Path 1: MET (0 ps) Path Delay Check
     Startpoint: (F) A[12]
       Endpoint: (R) S[20]

                   Capture    Launch  
      Path Delay:+    2110         -  
      Drv Adjust:+       0         0  
         Arrival:=    2110            
                                      
   Required Time:=    2110            
       Data Path:-    2110            
           Slack:=       0            

Exceptions/Constraints:
  max_delay             2110            constraints.sdc_line_1 

#-------------------------------------------------------------------------------------------------------------------------------
#             Timing Point              Flags    Arc   Edge           Cell             Fanout Load Trans Delay Arrival Instance 
#                                                                                             (fF)  (ps)  (ps)   (ps)  Location 
#-------------------------------------------------------------------------------------------------------------------------------
  A[12]                                 -       -      F     (arrival)                      1  3.3  1000     0       0    (-,-) 
  g27/X                                 -       A->X   F     sky130_fd_sc_hd__clkbuf_1      2 11.1    88   354     354    (-,-) 
  GENERATE_PROPAGATE[12].PROPAGATE/g2/X -       B->X   F     sky130_fd_sc_hd__xor2_2        4 11.8   180   176     531    (-,-) 
  LEVEL_1[13].B1/PROPAGATE/g11__6131/X  -       A->X   F     sky130_fd_sc_hd__and2_4        3  9.3    37   202     733    (-,-) 
  LEVEL_2[15].B2/PROPAGATE/g11__7410/X  -       B->X   F     sky130_fd_sc_hd__and2_4        3  7.5    34   154     886    (-,-) 
  LEVEL_3[19].B4/PROPAGATE/g2__5122/X   -       B->X   F     sky130_fd_sc_hd__and2_1        3  7.5    56   168    1054    (-,-) 
  LEVEL_4[19].B8/GENERATE/g13__5526/X   -       A2->X  F     sky130_fd_sc_hd__a21o_1        1  3.5    38   180    1234    (-,-) 
  LEVEL_5[19].B9/GENERATE/g13__9945/X   -       B1->X  F     sky130_fd_sc_hd__a21o_1        2  6.4    50   163    1397    (-,-) 
  C19/g13__4319/X                       -       B1->X  F     sky130_fd_sc_hd__a21o_1        1  4.1    40   156    1553    (-,-) 
  S20/g14__16/SUM                       -       B->SUM R     sky130_fd_sc_hd__ha_1          1 51.3   445   556    2109    (-,-) 
  S[20]                                 <<<     -      R     (port)                         -    -     -     0    2110    (-,-) 
#-------------------------------------------------------------------------------------------------------------------------------

