============================================================
  Generated by:           Genus(TM) Synthesis Solution 23.12-s086_1
  Generated on:           Jan 27 2025  04:08:07 pm
  Module:                 alu
  Technology libraries:   fast_vdd1v2 1.0
                          physical_cells 
                          fast_vdd1v2 1.0
                          physical_cells 
  Operating conditions:   PVT_1P32V_0C 
  Interconnect mode:      global
  Area mode:              physical library
============================================================

                                 
    Gate      Instances   Area       Library    
------------------------------------------------
AND2X1LVT             5    6.840    fast_vdd1v2 
AND3X2LVT             1    2.736    fast_vdd1v2 
AND3XLLVT             1    2.052    fast_vdd1v2 
AND4X1LVT             1    2.394    fast_vdd1v2 
AO22X1LVT             1    2.736    fast_vdd1v2 
AOI21X1LVT            8   13.680    fast_vdd1v2 
AOI21X2LVT            1    2.736    fast_vdd1v2 
AOI21X4LVT            1    5.130    fast_vdd1v2 
AOI221X1LVT          17   40.698    fast_vdd1v2 
AOI221X4LVT           1    7.866    fast_vdd1v2 
AOI22X1LVT            3    6.156    fast_vdd1v2 
AOI31X1LVT            2    4.104    fast_vdd1v2 
AOI32X1LVT            1    2.394    fast_vdd1v2 
CLKXOR2X1LVT          4   10.944    fast_vdd1v2 
DFFRHQX1LVT          38  233.928    fast_vdd1v2 
DFFRHQX2LVT           1    7.866    fast_vdd1v2 
DFFRHQX4LVT           3   28.728    fast_vdd1v2 
DFFRX1LVT             6   41.040    fast_vdd1v2 
DFFRX2LVT             7   52.668    fast_vdd1v2 
DFFRX4LVT             1    9.576    fast_vdd1v2 
INVX1LVT             29   19.836    fast_vdd1v2 
INVX2LVT              1    1.026    fast_vdd1v2 
INVXLLVT              1    0.684    fast_vdd1v2 
NAND2BX1LVT          17   23.256    fast_vdd1v2 
NAND2X1LVT           37   37.962    fast_vdd1v2 
NAND2X2LVT            2    3.420    fast_vdd1v2 
NAND2X4LVT            1    3.420    fast_vdd1v2 
NAND3X1LVT            1    1.710    fast_vdd1v2 
NOR2BX1LVT           21   28.728    fast_vdd1v2 
NOR2BX2LVT            1    2.736    fast_vdd1v2 
NOR2X1LVT            16   16.416    fast_vdd1v2 
NOR2X2LVT            10   17.100    fast_vdd1v2 
NOR2X4LVT             2    6.156    fast_vdd1v2 
OA21X1LVT             2    4.104    fast_vdd1v2 
OA22X1LVT             2    4.788    fast_vdd1v2 
OAI211X1LVT           9   15.390    fast_vdd1v2 
OAI211X2LVT           1    4.104    fast_vdd1v2 
OAI21X1LVT            8   13.680    fast_vdd1v2 
OAI21X2LVT            2    6.156    fast_vdd1v2 
OAI221X1LVT          11   26.334    fast_vdd1v2 
OAI222X1LVT          12   32.832    fast_vdd1v2 
OAI22X1LVT            6   12.312    fast_vdd1v2 
OAI2BB1X1LVT          7   11.970    fast_vdd1v2 
OR2X1LVT             11   15.048    fast_vdd1v2 
OR2X2LVT              1    1.710    fast_vdd1v2 
OR3X1LVT              1    2.052    fast_vdd1v2 
OR3X2LVT              1    2.394    fast_vdd1v2 
XNOR2X1LVT           19   45.486    fast_vdd1v2 
------------------------------------------------
total               335  845.082                


                                        
     Type      Instances   Area  Area % 
----------------------------------------
sequential            56 373.806   44.2 
inverter              31  21.546    2.5 
logic                248 449.730   53.2 
physical_cells         0   0.000    0.0 
----------------------------------------
total                335 845.082  100.0 

