###############################################################
#  Generated by:      Cadence Innovus 23.32-s091_1
#  OS:                Linux x86_64(Host ID cadmicro-inf-el8-623207)
#  Generated on:      Mon Apr 14 13:05:00 2025
#  Design:            signal_32bits
#  Command:           report_timing > reports/report_timing.rpt
###############################################################
Path 1: MET Path Delay Check
Endpoint:   S[31] (^)
Beginpoint: A[0]  (v) triggered by  leading edge of '@'
Path Groups: {default}
Analysis View: default_emulate_view
- External Delay                0.000
+ Path Delay                   11.700
= Required Time                11.700
- Arrival Time                 11.681
= Slack Time                    0.019
     Clock Rise Edge                      0.000
     + Input Delay                        0.000
     = Beginpoint Arrival Time            0.000
     +--------------------------------------------------------------------------------------------------------+ 
     |          Instance          |       Arc       |            Cell            | Delay | Arrival | Required | 
     |                            |                 |                            |       |  Time   |   Time   | 
     |----------------------------+-----------------+----------------------------+-------+---------+----------| 
     |                            | A[0] v          |                            |       |   0.000 |    0.019 | 
     | g854                       | A v -> COUT v   | sky130_fd_sc_hd__fahcin_1  | 0.652 |   0.652 |    0.672 | 
     | g3                         | A v -> Y ^      | sky130_fd_sc_hd__inv_1     | 0.105 |   0.757 |    0.776 | 
     | addinc_add_7_30_g814__6131 | B2 ^ -> Y v     | sky130_fd_sc_hd__o2bb2ai_1 | 0.094 |   0.851 |    0.871 | 
     | addinc_add_7_30_g813__7098 | A v -> Y ^      | sky130_fd_sc_hd__nand2_1   | 0.097 |   0.948 |    0.968 | 
     | addinc_add_7_30_g811__5122 | A ^ -> Y v      | sky130_fd_sc_hd__nand2_2   | 0.066 |   1.014 |    1.034 | 
     | addinc_add_7_30_g810__1705 | A v -> Y ^      | sky130_fd_sc_hd__nand2_2   | 0.069 |   1.084 |    1.103 | 
     | addinc_add_7_30_g808__1617 | A ^ -> Y v      | sky130_fd_sc_hd__nand2_2   | 0.056 |   1.140 |    1.159 | 
     | addinc_add_7_30_g807__3680 | A v -> Y ^      | sky130_fd_sc_hd__nand2_1   | 0.078 |   1.218 |    1.237 | 
     | addinc_add_7_30_g805__5526 | A ^ -> Y v      | sky130_fd_sc_hd__nand2_2   | 0.058 |   1.276 |    1.295 | 
     | g852                       | A1 v -> X v     | sky130_fd_sc_hd__a21bo_1   | 0.194 |   1.469 |    1.489 | 
     | g2                         | A1 v -> X v     | sky130_fd_sc_hd__a21o_1    | 0.178 |   1.647 |    1.667 | 
     | addinc_add_7_30_g798__6417 | B1 v -> Y ^     | sky130_fd_sc_hd__o21ai_1   | 0.075 |   1.722 |    1.742 | 
     | addinc_add_7_30_g796__1666 | B ^ -> Y v      | sky130_fd_sc_hd__nand2b_1  | 0.110 |   1.832 |    1.851 | 
     | addinc_add_7_30_g795__2346 | CIN v -> COUT v | sky130_fd_sc_hd__fa_1      | 0.390 |   2.222 |    2.241 | 
     | addinc_add_7_30_g794__2883 | CIN v -> COUT v | sky130_fd_sc_hd__fa_1      | 0.401 |   2.623 |    2.642 | 
     | addinc_add_7_30_g793__9945 | CIN v -> COUT v | sky130_fd_sc_hd__fa_1      | 0.396 |   3.019 |    3.038 | 
     | addinc_add_7_30_g792__9315 | CIN v -> COUT v | sky130_fd_sc_hd__fa_1      | 0.399 |   3.418 |    3.437 | 
     | addinc_add_7_30_g791__6161 | CIN v -> COUT v | sky130_fd_sc_hd__fa_1      | 0.395 |   3.812 |    3.832 | 
     | addinc_add_7_30_g790__4733 | CIN v -> COUT v | sky130_fd_sc_hd__fa_1      | 0.399 |   4.212 |    4.231 | 
     | addinc_add_7_30_g789__7482 | CIN v -> COUT v | sky130_fd_sc_hd__fa_1      | 0.400 |   4.612 |    4.631 | 
     | addinc_add_7_30_g788__5115 | CIN v -> COUT v | sky130_fd_sc_hd__fa_1      | 0.391 |   5.003 |    5.022 | 
     | addinc_add_7_30_g787__1881 | CIN v -> COUT v | sky130_fd_sc_hd__fa_1      | 0.397 |   5.400 |    5.420 | 
     | addinc_add_7_30_g786__6131 | CIN v -> COUT v | sky130_fd_sc_hd__fa_1      | 0.400 |   5.800 |    5.820 | 
     | addinc_add_7_30_g785__7098 | CIN v -> COUT v | sky130_fd_sc_hd__fa_1      | 0.398 |   6.199 |    6.218 | 
     | addinc_add_7_30_g784__8246 | CIN v -> COUT v | sky130_fd_sc_hd__fa_1      | 0.401 |   6.600 |    6.619 | 
     | addinc_add_7_30_g783__5122 | CIN v -> COUT v | sky130_fd_sc_hd__fa_1      | 0.399 |   6.999 |    7.018 | 
     | addinc_add_7_30_g782__1705 | CIN v -> COUT v | sky130_fd_sc_hd__fa_1      | 0.410 |   7.409 |    7.429 | 
     | addinc_add_7_30_g781__2802 | CIN v -> COUT v | sky130_fd_sc_hd__fa_1      | 0.398 |   7.807 |    7.826 | 
     | addinc_add_7_30_g780__1617 | CIN v -> COUT v | sky130_fd_sc_hd__fa_1      | 0.394 |   8.201 |    8.221 | 
     | addinc_add_7_30_g779__3680 | CIN v -> COUT v | sky130_fd_sc_hd__fa_2      | 0.364 |   8.565 |    8.584 | 
     | addinc_add_7_30_g778__6783 | CIN v -> COUT v | sky130_fd_sc_hd__fa_1      | 0.398 |   8.963 |    8.982 | 
     | addinc_add_7_30_g777__5526 | CIN v -> COUT v | sky130_fd_sc_hd__fa_1      | 0.399 |   9.363 |    9.382 | 
     | addinc_add_7_30_g776__8428 | CIN v -> COUT v | sky130_fd_sc_hd__fa_1      | 0.395 |   9.758 |    9.777 | 
     | addinc_add_7_30_g775__4319 | CIN v -> COUT v | sky130_fd_sc_hd__fa_1      | 0.396 |  10.154 |   10.173 | 
     | addinc_add_7_30_g774__6260 | CIN v -> COUT v | sky130_fd_sc_hd__fa_1      | 0.390 |  10.544 |   10.563 | 
     | addinc_add_7_30_g773__5107 | CIN v -> COUT v | sky130_fd_sc_hd__fa_1      | 0.403 |  10.947 |   10.966 | 
     | addinc_add_7_30_g772__2398 | CIN v -> SUM ^  | sky130_fd_sc_hd__fa_2      | 0.733 |  11.680 |   11.699 | 
     |                            | S[31] ^         |                            | 0.001 |  11.681 |   11.700 | 
     +--------------------------------------------------------------------------------------------------------+ 

