============================================================
  Generated by:           Genus(TM) Synthesis Solution 23.12-s086_1
  Generated on:           Jan 27 2025  02:56:47 pm
  Module:                 alu
  Technology libraries:   fast_vdd1v2 1.0
                          physical_cells 
                          fast_vdd1v2 1.0
                          physical_cells 
  Operating conditions:   PVT_1P32V_0C 
  Interconnect mode:      global
  Area mode:              physical library
============================================================

                                 
    Gate      Instances   Area       Library    
------------------------------------------------
ADDFX1LVT            15   76.950    fast_vdd1v2 
ADDHX1LVT            16   60.192    fast_vdd1v2 
AO22X1LVT             7   19.152    fast_vdd1v2 
AOI211X2LVT           1    3.420    fast_vdd1v2 
AOI221X1LVT           7   16.758    fast_vdd1v2 
AOI222X1LVT           9   27.702    fast_vdd1v2 
AOI22X1LVT            9   18.468    fast_vdd1v2 
AOI32X1LVT            1    2.394    fast_vdd1v2 
DFFRHQX1LVT          55  338.580    fast_vdd1v2 
DFFRX1LVT             1    6.840    fast_vdd1v2 
INVX1LVT              4    2.736    fast_vdd1v2 
INVXLLVT              2    1.368    fast_vdd1v2 
NAND2BX1LVT           2    2.736    fast_vdd1v2 
NAND2X1LVT            9    9.234    fast_vdd1v2 
NAND3BXLLVT           1    1.710    fast_vdd1v2 
NAND3X1LVT            2    3.420    fast_vdd1v2 
NOR2BX1LVT            3    4.104    fast_vdd1v2 
NOR2X1LVT             8    8.208    fast_vdd1v2 
NOR3BX1LVT            2    4.104    fast_vdd1v2 
OAI211X1LVT          17   29.070    fast_vdd1v2 
OAI2BB1X1LVT          1    1.710    fast_vdd1v2 
OR2X1LVT             10   13.680    fast_vdd1v2 
XNOR2X1LVT           18   43.092    fast_vdd1v2 
------------------------------------------------
total               200  695.628                


                                        
     Type      Instances   Area  Area % 
----------------------------------------
sequential            56 345.420   49.7 
inverter               6   4.104    0.6 
logic                138 346.104   49.8 
physical_cells         0   0.000    0.0 
----------------------------------------
total                200 695.628  100.0 

