###############################################################
#  Generated by:      Cadence Innovus 23.32-s091_1
#  OS:                Linux x86_64(Host ID cadmicro-inf-el8-623207)
#  Generated on:      Fri Apr 11 15:13:10 2025
#  Design:            brent_kung_32bits
#  Command:           report_timing > reports/report_timing.rpt
###############################################################
Path 1: VIOLATED Path Delay Check
Endpoint:   S[31] (^)
Beginpoint: A[2]  (v) triggered by  leading edge of '@'
Path Groups: {default}
Analysis View: default_emulate_view
- External Delay                0.000
+ Path Delay                    2.098
= Required Time                 2.098
- Arrival Time                  2.115
= Slack Time                   -0.017
     Clock Rise Edge                      0.000
     + Input Delay                        0.000
     = Beginpoint Arrival Time            0.000
     +----------------------------------------------------------------------------------------------------------+ 
     |              Instance              |    Arc     |           Cell            | Delay | Arrival | Required | 
     |                                    |            |                           |       |  Time   |   Time   | 
     |------------------------------------+------------+---------------------------+-------+---------+----------| 
     |                                    | A[2] v     |                           |       |   0.000 |   -0.017 | 
     | GENERATE_PROPAGATE[2].PROPAGATE/g2 | A v -> X v | sky130_fd_sc_hd__xor2_2   | 0.423 |   0.423 |    0.406 | 
     | FE_PSC0_P_2                        | A v -> X v | sky130_fd_sc_hd__clkbuf_2 | 0.172 |   0.595 |    0.577 | 
     | LEVEL_1[3].B1/PROPAGATE/g11__6131  | A v -> X v | sky130_fd_sc_hd__and2_4   | 0.142 |   0.737 |    0.719 | 
     | LEVEL_2[3].B2/PROPAGATE/g11__7482  | A v -> X v | sky130_fd_sc_hd__and2_4   | 0.137 |   0.873 |    0.856 | 
     | LEVEL_3[7].B3/PROPAGATE/g11__6783  | A v -> X v | sky130_fd_sc_hd__and2_4   | 0.138 |   1.012 |    0.995 | 
     | LEVEL_4[15].B4/PROPAGATE/g11__1881 | A v -> X v | sky130_fd_sc_hd__and2_4   | 0.152 |   1.163 |    1.146 | 
     | B6/PROPAGATE/g11__8428             | A v -> X v | sky130_fd_sc_hd__and2_4   | 0.143 |   1.307 |    1.289 | 
     | LEVEL_7[27].B7/PROPAGATE/g11__7410 | A v -> X v | sky130_fd_sc_hd__and2_4   | 0.137 |   1.444 |    1.427 | 
     | LEVEL_8[29].B8/PROPAGATE/g11__7098 | A v -> X v | sky130_fd_sc_hd__and2_4   | 0.133 |   1.577 |    1.560 | 
     | LEVEL_9[30].B9/PROPAGATE/g11__5115 | A v -> X v | sky130_fd_sc_hd__and2_4   | 0.137 |   1.714 |    1.697 | 
     | C30/g20__8246                      | A v -> Y ^ | sky130_fd_sc_hd__nand2_4  | 0.056 |   1.770 |    1.753 | 
     | C30/g19__5122                      | A ^ -> Y v | sky130_fd_sc_hd__nand2_4  | 0.097 |   1.867 |    1.850 | 
     | S31/g19                            | A v -> Y ^ | sky130_fd_sc_hd__inv_4    | 0.066 |   1.933 |    1.916 | 
     | S31/g17__5107                      | A ^ -> Y v | sky130_fd_sc_hd__nand2_4  | 0.055 |   1.988 |    1.971 | 
     | S31/g15__2398                      | A v -> Y ^ | sky130_fd_sc_hd__nand2_8  | 0.126 |   2.114 |    2.097 | 
     |                                    | S[31] ^    |                           | 0.001 |   2.115 |    2.098 | 
     +----------------------------------------------------------------------------------------------------------+ 

