###############################################################
#  Generated by:      Cadence Innovus 23.32-s091_1
#  OS:                Linux x86_64(Host ID cadmicro-inf-el8-623207)
#  Generated on:      Mon Apr 14 15:08:32 2025
#  Design:            signal_32bits
#  Command:           report_timing > reports/report_timing.rpt
###############################################################
Path 1: MET Path Delay Check
Endpoint:   S[26] (^)
Beginpoint: Cin   (^) triggered by  leading edge of '@'
Path Groups: {default}
Analysis View: default_emulate_view
- External Delay                0.000
+ Path Delay                    2.400
= Required Time                 2.400
- Arrival Time                  2.340
= Slack Time                    0.060
     Clock Rise Edge                      0.000
     + Input Delay                        0.000
     = Beginpoint Arrival Time            0.000
     +-------------------------------------------------------------------------------------------------------+ 
     |          Instance           |      Arc      |            Cell            | Delay | Arrival | Required | 
     |                             |               |                            |       |  Time   |   Time   | 
     |-----------------------------+---------------+----------------------------+-------+---------+----------| 
     |                             | Cin ^         |                            |       |   0.000 |    0.060 | 
     | g51                         | A ^ -> Y v    | sky130_fd_sc_hd__inv_2     | 0.121 |   0.121 |    0.181 | 
     | addinc_add_7_30_g1244__5526 | B1 v -> Y ^   | sky130_fd_sc_hd__o2bb2ai_2 | 0.234 |   0.355 |    0.415 | 
     | addinc_add_7_30_g1231__9315 | A ^ -> Y v    | sky130_fd_sc_hd__nand2_2   | 0.071 |   0.426 |    0.486 | 
     | addinc_add_7_30_g1229__4733 | A v -> Y ^    | sky130_fd_sc_hd__nand2_2   | 0.079 |   0.505 |    0.565 | 
     | addinc_add_7_30_g1227__5115 | A ^ -> Y v    | sky130_fd_sc_hd__nand2_2   | 0.057 |   0.562 |    0.622 | 
     | addinc_add_7_30_g1225__6131 | A v -> Y ^    | sky130_fd_sc_hd__nand2_2   | 0.074 |   0.636 |    0.696 | 
     | addinc_add_7_30_g1224__7098 | A ^ -> Y v    | sky130_fd_sc_hd__nand2_2   | 0.071 |   0.708 |    0.768 | 
     | addinc_add_7_30_g1222__5122 | A v -> Y ^    | sky130_fd_sc_hd__nand2_4   | 0.081 |   0.789 |    0.849 | 
     | addinc_add_7_30_g1220__1705 | A ^ -> Y v    | sky130_fd_sc_hd__nand2_2   | 0.058 |   0.847 |    0.907 | 
     | addinc_add_7_30_g1218__1617 | A v -> Y ^    | sky130_fd_sc_hd__nand2_2   | 0.080 |   0.927 |    0.987 | 
     | addinc_add_7_30_g1215__5526 | A ^ -> Y v    | sky130_fd_sc_hd__nand2_1   | 0.080 |   1.007 |    1.067 | 
     | addinc_add_7_30_g1210__2398 | A v -> Y ^    | sky130_fd_sc_hd__nand2_2   | 0.095 |   1.103 |    1.163 | 
     | addinc_add_7_30_g1205__2346 | A ^ -> Y v    | sky130_fd_sc_hd__nand2_2   | 0.054 |   1.156 |    1.217 | 
     | addinc_add_7_30_g1201__6161 | A v -> Y ^    | sky130_fd_sc_hd__nand2_2   | 0.099 |   1.255 |    1.315 | 
     | addinc_add_7_30_g1197__5115 | A ^ -> Y v    | sky130_fd_sc_hd__nand3_1   | 0.079 |   1.334 |    1.394 | 
     | addinc_add_7_30_g1190__1705 | A v -> Y ^    | sky130_fd_sc_hd__nand2_1   | 0.104 |   1.438 |    1.498 | 
     | addinc_add_7_30_g1189       | A ^ -> Y v    | sky130_fd_sc_hd__clkinv_1  | 0.092 |   1.530 |    1.590 | 
     | addinc_add_7_30_g1182__4319 | B v -> Y ^    | sky130_fd_sc_hd__nor2_1    | 0.124 |   1.654 |    1.714 | 
     | addinc_add_7_30_g1172__9945 | A1 ^ -> Y v   | sky130_fd_sc_hd__a21oi_1   | 0.111 |   1.765 |    1.825 | 
     | addinc_add_7_30_g1162__5122 | A2_N v -> X ^ | sky130_fd_sc_hd__a2bb2o_1  | 0.574 |   2.339 |    2.399 | 
     |                             | S[26] ^       |                            | 0.001 |   2.340 |    2.400 | 
     +-------------------------------------------------------------------------------------------------------+ 

