============================================================
  Generated by:           Genus(TM) Synthesis Solution 23.12-s086_1
  Generated on:           Dec 19 2024  02:40:26 pm
  Module:                 exponentiation
  Technology libraries:   fast_vdd1v0 1.0
                          physical_cells 
                          fast_vdd1v0 1.0
                          physical_cells 
  Operating conditions:   PVT_1P1V_0C 
  Interconnect mode:      global
  Area mode:              physical library
============================================================

                                    
     Gate       Instances    Area       Library    
---------------------------------------------------
ADDFX1LVT               4    20.520    fast_vdd1v0 
AND2X1LVT             259   354.312    fast_vdd1v0 
AND2X4LVT               1     2.736    fast_vdd1v0 
AND3XLLVT               1     2.052    fast_vdd1v0 
AO21X1LVT               1     2.394    fast_vdd1v0 
AO22X1LVT             108   295.488    fast_vdd1v0 
AO22XLLVT              20    54.720    fast_vdd1v0 
AOI211X1LVT             1     2.394    fast_vdd1v0 
AOI211X2LVT             1     3.420    fast_vdd1v0 
AOI211XLLVT             1     2.052    fast_vdd1v0 
AOI21X1LVT             28    47.880    fast_vdd1v0 
AOI221X1LVT             4     9.576    fast_vdd1v0 
AOI2BB1X1LVT           13    26.676    fast_vdd1v0 
AOI31X1LVT              2     4.104    fast_vdd1v0 
AOI32X1LVT              1     2.394    fast_vdd1v0 
CLKXOR2X1LVT            4    10.944    fast_vdd1v0 
DFFHQX1LVT            253  1384.416    fast_vdd1v0 
DFFQXLLVT              16    87.552    fast_vdd1v0 
DFFRHQX1LVT           132   812.592    fast_vdd1v0 
DFFRX1LVT               1     6.840    fast_vdd1v0 
DFFRX4LVT               1     9.576    fast_vdd1v0 
INVX1LVT               59    40.356    fast_vdd1v0 
INVX3LVT                1     1.368    fast_vdd1v0 
INVXLLVT                2     1.368    fast_vdd1v0 
NAND2BX1LVT            74   101.232    fast_vdd1v0 
NAND2X1LVT            153   156.978    fast_vdd1v0 
NAND3BXLLVT             3     5.130    fast_vdd1v0 
NAND3X1LVT              3     5.130    fast_vdd1v0 
NAND4BBXLLVT            2     6.156    fast_vdd1v0 
NAND4XLLVT              2     3.420    fast_vdd1v0 
NOR2BX1LVT             65    88.920    fast_vdd1v0 
NOR2X1LVT             121   124.146    fast_vdd1v0 
NOR2X2LVT               2     3.420    fast_vdd1v0 
NOR3BX1LVT              1     2.052    fast_vdd1v0 
NOR3X1LVT               2     3.420    fast_vdd1v0 
NOR4BBX1LVT             2     5.472    fast_vdd1v0 
NOR4BX1LVT             16    38.304    fast_vdd1v0 
NOR4X1LVT               3     5.130    fast_vdd1v0 
OA21X1LVT               8    16.416    fast_vdd1v0 
OAI211X1LVT             7    11.970    fast_vdd1v0 
OAI21X1LVT             73   124.830    fast_vdd1v0 
OAI221X1LVT             4     9.576    fast_vdd1v0 
OAI22X1LVT              1     2.052    fast_vdd1v0 
OAI2BB1X1LVT           22    37.620    fast_vdd1v0 
OR2X1LVT               23    31.464    fast_vdd1v0 
OR2X4LVT                1     2.736    fast_vdd1v0 
OR2XLLVT                4     5.472    fast_vdd1v0 
OR3X1LVT                2     4.104    fast_vdd1v0 
OR4X1LVT                2     4.104    fast_vdd1v0 
SDFFQX1LVT            131   985.644    fast_vdd1v0 
TLATNTSCAX2LVT          7    45.486    fast_vdd1v0 
XNOR2X1LVT            111   265.734    fast_vdd1v0 
---------------------------------------------------
total                1759  5281.848                


                                                       
            Type             Instances   Area   Area % 
-------------------------------------------------------
sequential                         534 3286.620   62.2 
inverter                            62   43.092    0.8 
clock_gating_integrated_cell         7   45.486    0.9 
logic                             1156 1906.650   36.1 
physical_cells                       0    0.000    0.0 
-------------------------------------------------------
total                             1759 5281.848  100.0 

