============================================================
  Generated by:           Genus(TM) Synthesis Solution 23.12-s086_1
  Generated on:           Apr 11 2025  02:42:40 pm
  Module:                 kogge_stone_32bits
  Operating conditions:   tt_025C_1v80 
  Interconnect mode:      global
  Area mode:              physical library
============================================================

Timing
-------
  Cost    Critical            Violating 
 Group   Path Slack    TNS      Paths   
----------------------------------------
default       -67.7   -961.5         19 
----------------------------------------
Total                 -961.5         19 

Instance Count
--------------
Leaf Instance Count             1012 
Physical Instance count            0 
Sequential Instance Count          0 
Combinational Instance Count    1012 
Hierarchical Instance Count      515 

Area
----
Cell Area                          7203.158
Physical Cell Area                 0.000
Total Cell Area (Cell+Physical)    7203.158
Net Area                           4693.373
Total Area (Cell+Physical+Net)     11896.531

Max Fanout                         29 (n_100)
Min Fanout                         1 (C[0])
Average Fanout                     1.6
Terms to net ratio                 2.4968
Terms to instance ratio            2.6571
Runtime                            31.765602 seconds
Elapsed Runtime                    32 seconds
Genus peak memory usage            1904.57 
Innovus peak memory usage          no_value 
Hostname                           cadmicro-inf-el8-623207
