============================================================
  Generated by:           Genus(TM) Synthesis Solution 23.12-s086_1
  Generated on:           Apr 11 2025  02:42:40 pm
  Module:                 kogge_stone_32bits
  Operating conditions:   tt_025C_1v80 
  Interconnect mode:      global
  Area mode:              physical library
============================================================


Path 1: VIOLATED (-68 ps) Path Delay Check
     Startpoint: (F) A[23]
       Endpoint: (F) S[27]

                   Capture    Launch  
      Path Delay:+    1540         -  
      Drv Adjust:+       0         0  
         Arrival:=    1540            
                                      
   Required Time:=    1540            
       Data Path:-    1608            
           Slack:=     -68            

Exceptions/Constraints:
  max_delay             1540            constraints.sdc_line_1 

#-------------------------------------------------------------------------------------------------------------------------------
#             Timing Point               Flags   Arc   Edge           Cell             Fanout Load Trans Delay Arrival Instance 
#                                                                                             (fF)  (ps)  (ps)   (ps)  Location 
#-------------------------------------------------------------------------------------------------------------------------------
  A[23]                                  -       -     F     (arrival)                      2 11.5  1000     0       0    (-,-) 
  g132/X                                 -       A->X  F     sky130_fd_sc_hd__buf_8         2 19.8    55   424     424    (-,-) 
  GENERATE_PROPAGATE[23].PROPAGATE/g25/Y -       A->Y  R     sky130_fd_sc_hd__clkinv_4      1 10.1    31    51     475    (-,-) 
  GENERATE_PROPAGATE[23].PROPAGATE/g23/Y -       A->Y  F     sky130_fd_sc_hd__nand2_4       1  9.7    35    40     515    (-,-) 
  GENERATE_PROPAGATE[23].PROPAGATE/g22/Y -       B->Y  R     sky130_fd_sc_hd__nand2_4       4 14.2    63    74     589    (-,-) 
  LEVEL_1[24].B1/PROPAGATE/g11__6417/X   -       A->X  R     sky130_fd_sc_hd__and2_4        3  9.7    50   145     734    (-,-) 
  LEVEL_2[26].B3/PROPAGATE/g12__5107/Y   -       A->Y  F     sky130_fd_sc_hd__nand2_1       1  5.6    50    60     795    (-,-) 
  LEVEL_2[26].B3/PROPAGATE/g11/Y         -       A->Y  R     sky130_fd_sc_hd__inv_2         3  9.7    52    65     859    (-,-) 
  LEVEL_3[26].B7/PROPAGATE/g11__6161/X   -       A->X  R     sky130_fd_sc_hd__and2_4        2  5.8    40   132     991    (-,-) 
  LEVEL_4[26].B15/PROPAGATE/g11__16/X    -       A->X  R     sky130_fd_sc_hd__and2_1        2  6.7    82   136    1126    (-,-) 
  LEVEL_5[26].B17/PROPAGATE/g11__7410/X  -       A->X  R     sky130_fd_sc_hd__and2_4        1 10.1    51   153    1279    (-,-) 
  C26/g2__7410/Y                         -       A->Y  F     sky130_fd_sc_hd__nand2_4       1  9.6    76    46    1326    (-,-) 
  C26/g19__1666/Y                        -       A->Y  R     sky130_fd_sc_hd__nand2_4       2 11.1    55    75    1401    (-,-) 
  S27/g26/Y                              -       A->Y  F     sky130_fd_sc_hd__inv_2         1  9.6    29    43    1444    (-,-) 
  S27/g25/Y                              -       A->Y  R     sky130_fd_sc_hd__nand2_4       1 19.4    78    72    1515    (-,-) 
  S27/g22/Y                              -       B->Y  F     sky130_fd_sc_hd__nand2_8       1 51.3    86    92    1607    (-,-) 
  S[27]                                  <<<     -     F     (port)                         -    -     -     0    1608    (-,-) 
#-------------------------------------------------------------------------------------------------------------------------------

