============================================================
  Generated by:           Genus(TM) Synthesis Solution 23.12-s086_1
  Generated on:           Apr 14 2025  12:51:33 pm
  Module:                 signal_32bits
  Operating conditions:   tt_025C_1v80 
  Interconnect mode:      global
  Area mode:              physical library
============================================================

Timing
-------
  Cost    Critical         Violating 
 Group   Path Slack  TNS     Paths   
-------------------------------------
default        22.8   0.0          0 
-------------------------------------
Total                 0.0          0 

Instance Count
--------------
Leaf Instance Count             39 
Physical Instance count          0 
Sequential Instance Count        0 
Combinational Instance Count    39 
Hierarchical Instance Count      0 

Area
----
Cell Area                          708.179
Physical Cell Area                 0.000
Total Cell Area (Cell+Physical)    708.179
Net Area                           471.382
Total Area (Cell+Physical+Net)     1179.561

Max Fanout                         3 (B[0])
Min Fanout                         1 (B[6])
Average Fanout                     1.1
Terms to net ratio                 1.3333
Terms to instance ratio            4.6154
Runtime                            14.52742 seconds
Elapsed Runtime                    15 seconds
Genus peak memory usage            1940.95 
Innovus peak memory usage          no_value 
Hostname                           cadmicro-inf-el8-623207
