============================================================
  Generated by:           Genus(TM) Synthesis Solution 23.12-s086_1
  Generated on:           Apr 14 2025  12:51:33 pm
  Module:                 signal_32bits
  Operating conditions:   tt_025C_1v80 
  Interconnect mode:      global
  Area mode:              physical library
============================================================


Path 1: MET (23 ps) Path Delay Check
     Startpoint: (F) A[0]
       Endpoint: (R) S[31]

                   Capture    Launch  
      Path Delay:+   12600         -  
      Drv Adjust:+       0         0  
         Arrival:=   12600            
                                      
   Required Time:=   12600            
       Data Path:-   12577            
           Slack:=      23            

Exceptions/Constraints:
  max_delay            12600            constraints.sdc_line_1 

#-----------------------------------------------------------------------------------------------------------------------------
#          Timing Point           Flags     Arc     Edge            Cell             Fanout Load Trans Delay Arrival Instance 
#                                                                                           (fF)  (ps)  (ps)   (ps)  Location 
#-----------------------------------------------------------------------------------------------------------------------------
  A[0]                            -       -         F     (arrival)                       3 11.3  1000     0       0    (-,-) 
  addinc_add_7_30_g818__1881/Y    -       A->Y      R     sky130_fd_sc_hd__nor2_1         1  3.9   235   336     336    (-,-) 
  g828/Y                          -       A2_N->Y   R     sky130_fd_sc_hd__a2bb2oi_1      1  6.3   277   227     563    (-,-) 
  g830/COUT                       -       CIN->COUT F     sky130_fd_sc_hd__fahcin_1       1  3.6   104   147     709    (-,-) 
  g2/COUT                         -       CI->COUT  F     sky130_fd_sc_hd__fah_1          2  8.1    82   298    1007    (-,-) 
  addinc_add_7_30_g802__6260/Y    -       B1->Y     R     sky130_fd_sc_hd__o21ai_1        1  3.8   250    94    1101    (-,-) 
  addinc_add_7_30_g800__2398/Y    -       B->Y      F     sky130_fd_sc_hd__nand2b_1       1  3.6    65    94    1195    (-,-) 
  addinc_add_7_30_g799__5477/COUT -       CI->COUT  F     sky130_fd_sc_hd__fah_1          1  5.8    73   265    1460    (-,-) 
  addinc_add_7_30_g798__6417/COUT -       CIN->COUT F     sky130_fd_sc_hd__fa_1           1  5.8    96   388    1848    (-,-) 
  addinc_add_7_30_g797__7410/COUT -       CIN->COUT F     sky130_fd_sc_hd__fa_1           1  5.8    96   396    2244    (-,-) 
  addinc_add_7_30_g796__1666/COUT -       CIN->COUT F     sky130_fd_sc_hd__fa_1           1  5.8    96   396    2640    (-,-) 
  addinc_add_7_30_g795__2346/COUT -       CIN->COUT F     sky130_fd_sc_hd__fa_1           1  5.8    96   396    3037    (-,-) 
  addinc_add_7_30_g794__2883/COUT -       CIN->COUT F     sky130_fd_sc_hd__fa_1           1  5.8    96   396    3433    (-,-) 
  addinc_add_7_30_g793__9945/COUT -       CIN->COUT F     sky130_fd_sc_hd__fa_1           1  5.8    96   396    3829    (-,-) 
  addinc_add_7_30_g792__9315/COUT -       CIN->COUT F     sky130_fd_sc_hd__fa_1           1  5.8    96   396    4226    (-,-) 
  addinc_add_7_30_g791__6161/COUT -       CIN->COUT F     sky130_fd_sc_hd__fa_1           1  5.8    96   396    4622    (-,-) 
  addinc_add_7_30_g790__4733/COUT -       CIN->COUT F     sky130_fd_sc_hd__fa_1           1  5.8    96   396    5018    (-,-) 
  addinc_add_7_30_g789__7482/COUT -       CIN->COUT F     sky130_fd_sc_hd__fa_1           1  5.8    96   396    5414    (-,-) 
  addinc_add_7_30_g788__5115/COUT -       CIN->COUT F     sky130_fd_sc_hd__fa_1           1  5.8    96   396    5811    (-,-) 
  addinc_add_7_30_g787__1881/COUT -       CIN->COUT F     sky130_fd_sc_hd__fa_1           1  5.8    96   396    6207    (-,-) 
  addinc_add_7_30_g786__6131/COUT -       CIN->COUT F     sky130_fd_sc_hd__fa_1           1  5.8    96   396    6603    (-,-) 
  addinc_add_7_30_g785__7098/COUT -       CIN->COUT F     sky130_fd_sc_hd__fa_1           1  5.8    96   396    7000    (-,-) 
  addinc_add_7_30_g784__8246/COUT -       CIN->COUT F     sky130_fd_sc_hd__fa_1           1  5.8    96   396    7396    (-,-) 
  addinc_add_7_30_g783__5122/COUT -       CIN->COUT F     sky130_fd_sc_hd__fa_1           1  5.8    96   396    7792    (-,-) 
  addinc_add_7_30_g782__1705/COUT -       CIN->COUT F     sky130_fd_sc_hd__fa_1           1  5.8    96   396    8188    (-,-) 
  addinc_add_7_30_g781__2802/COUT -       CIN->COUT F     sky130_fd_sc_hd__fa_1           1  5.8    96   396    8585    (-,-) 
  addinc_add_7_30_g780__1617/COUT -       CIN->COUT F     sky130_fd_sc_hd__fa_1           1  5.8    96   396    8981    (-,-) 
  addinc_add_7_30_g779__3680/COUT -       CIN->COUT F     sky130_fd_sc_hd__fa_1           1  5.8    96   396    9377    (-,-) 
  addinc_add_7_30_g778__6783/COUT -       CIN->COUT F     sky130_fd_sc_hd__fa_1           1  5.8    96   396    9774    (-,-) 
  addinc_add_7_30_g777__5526/COUT -       CIN->COUT F     sky130_fd_sc_hd__fa_1           1  5.8    96   396   10170    (-,-) 
  addinc_add_7_30_g776__8428/COUT -       CIN->COUT F     sky130_fd_sc_hd__fa_1           1  5.8    96   396   10566    (-,-) 
  addinc_add_7_30_g775__4319/COUT -       CIN->COUT F     sky130_fd_sc_hd__fa_1           1  5.8    96   396   10963    (-,-) 
  addinc_add_7_30_g774__6260/COUT -       CIN->COUT F     sky130_fd_sc_hd__fa_1           1  5.8    96   396   11359    (-,-) 
  addinc_add_7_30_g773__5107/COUT -       CIN->COUT F     sky130_fd_sc_hd__fa_1           1  5.8    96   396   11755    (-,-) 
  addinc_add_7_30_g772__2398/SUM  -       CIN->SUM  R     sky130_fd_sc_hd__fa_1           1 51.3   506   822   12577    (-,-) 
  S[31]                           <<<     -         R     (port)                          -    -     -     0   12577    (-,-) 
#-----------------------------------------------------------------------------------------------------------------------------

