###############################################################
#  Generated by:      Cadence Innovus 23.32-s091_1
#  OS:                Linux x86_64(Host ID cadmicro-inf-el8-623207)
#  Generated on:      Fri Apr 11 14:38:41 2025
#  Design:            cla_16bits
#  Command:           report_timing > reports/report_timing.rpt
###############################################################
Path 1: VIOLATED Path Delay Check
Endpoint:   S[11] (^)
Beginpoint: A[7]  (v) triggered by  leading edge of '@'
Path Groups: {default}
Analysis View: default_emulate_view
- External Delay                0.000
+ Path Delay                    1.640
= Required Time                 1.640
- Arrival Time                  1.640
= Slack Time                   -0.000
     Clock Rise Edge                      0.000
     + Input Delay                        0.000
     = Beginpoint Arrival Time            0.000
     +------------------------------------------------------------------------------------------------------------+ 
     |              Instance               |     Arc     |           Cell            | Delay | Arrival | Required | 
     |                                     |             |                           |       |  Time   |   Time   | 
     |-------------------------------------+-------------+---------------------------+-------+---------+----------| 
     |                                     | A[7] v      |                           |       |   0.000 |   -0.000 | 
     | GENERATE_PROPAGATE[7].PROPAGATE/g16 | A v -> Y ^  | sky130_fd_sc_hd__inv_1    | 0.232 |   0.232 |    0.232 | 
     | GENERATE_PROPAGATE[7].PROPAGATE/g14 | B ^ -> Y v  | sky130_fd_sc_hd__nand2_1  | 0.094 |   0.326 |    0.326 | 
     | GENERATE_PROPAGATE[7].PROPAGATE/g13 | B v -> Y ^  | sky130_fd_sc_hd__nand2_2  | 0.196 |   0.522 |    0.522 | 
     | CLA2/g351__361                      | B ^ -> X ^  | sky130_fd_sc_hd__and2_1   | 0.143 |   0.665 |    0.665 | 
     | CLA2/g347__362                      | A ^ -> Y v  | sky130_fd_sc_hd__nand2_1  | 0.047 |   0.712 |    0.712 | 
     | CLA2/g344__5526                     | A v -> Y ^  | sky130_fd_sc_hd__nand2_1  | 0.057 |   0.768 |    0.768 | 
     | CLA5/g143                           | A ^ -> Y v  | sky130_fd_sc_hd__clkinv_1 | 0.066 |   0.835 |    0.834 | 
     | CLA5/g140__5526                     | B v -> Y ^  | sky130_fd_sc_hd__nand2_2  | 0.090 |   0.924 |    0.924 | 
     | FE_PSC5_G0700                       | A ^ -> X ^  | sky130_fd_sc_hd__clkbuf_1 | 0.113 |   1.037 |    1.037 | 
     | CLA7/g42                            | A ^ -> Y v  | sky130_fd_sc_hd__nand2_2  | 0.064 |   1.101 |    1.101 | 
     | CLA7/g40                            | A1 v -> X v | sky130_fd_sc_hd__a21o_1   | 0.169 |   1.270 |    1.270 | 
     | CLA7/g134__7482                     | A v -> Y ^  | sky130_fd_sc_hd__nand2_2  | 0.057 |   1.326 |    1.326 | 
     | C10/g21                             | A ^ -> Y v  | sky130_fd_sc_hd__inv_2    | 0.033 |   1.359 |    1.359 | 
     | C10/g19__7098                       | A v -> Y ^  | sky130_fd_sc_hd__nand2_2  | 0.063 |   1.422 |    1.422 | 
     | S11/g15                             | A ^ -> Y v  | sky130_fd_sc_hd__nand2_2  | 0.090 |   1.512 |    1.512 | 
     | S11/g13                             | B v -> Y ^  | sky130_fd_sc_hd__nand2_8  | 0.127 |   1.639 |    1.639 | 
     |                                     | S[11] ^     |                           | 0.001 |   1.640 |    1.640 | 
     +------------------------------------------------------------------------------------------------------------+ 

