###############################################################
#  Generated by:      Cadence Innovus 23.32-s091_1
#  OS:                Linux x86_64(Host ID cadmicro-inf-el8-623207)
#  Generated on:      Fri Apr 11 16:09:40 2025
#  Design:            han_carlson_32bits
#  Command:           report_timing > reports/report_timing.rpt
###############################################################
Path 1: VIOLATED Path Delay Check
Endpoint:   S[17] (^)
Beginpoint: A[0]  (v) triggered by  leading edge of '@'
Path Groups: {default}
Analysis View: default_emulate_view
- External Delay                0.000
+ Path Delay                    2.082
= Required Time                 2.082
- Arrival Time                  2.106
= Slack Time                   -0.024
     Clock Rise Edge                      0.000
     + Input Delay                        0.000
     = Beginpoint Arrival Time            0.000
     +----------------------------------------------------------------------------------------------------------+ 
     |              Instance              |     Arc      |          Cell           | Delay | Arrival | Required | 
     |                                    |              |                         |       |  Time   |   Time   | 
     |------------------------------------+--------------+-------------------------+-------+---------+----------| 
     |                                    | A[0] v       |                         |       |   0.000 |   -0.024 | 
     | GENERATE_PROPAGATE[0].GENERATE/g2  | B v -> X v   | sky130_fd_sc_hd__and2_4 | 0.533 |   0.533 |    0.510 | 
     | LEVEL_1[1].B1/GENERATE/g2          | A2 v -> X v  | sky130_fd_sc_hd__a21o_4 | 0.241 |   0.774 |    0.750 | 
     | LEVEL_2[3].B2/GENERATE/g2          | A1 v -> X v  | sky130_fd_sc_hd__a21o_1 | 0.206 |   0.980 |    0.956 | 
     | LEVEL_3[7].B4/GENERATE/g13__9315   | A1 v -> X v  | sky130_fd_sc_hd__a21o_1 | 0.218 |   1.198 |    1.175 | 
     | LEVEL_4[15].B8/GENERATE/g13__2398  | A1 v -> X v  | sky130_fd_sc_hd__a21o_1 | 0.204 |   1.402 |    1.378 | 
     | LEVEL_6[16].B10/GENERATE/g13__5477 | A1 v -> X v  | sky130_fd_sc_hd__a21o_1 | 0.160 |   1.562 |    1.538 | 
     | C16/g13__2398                      | B1 v -> X v  | sky130_fd_sc_hd__a21o_1 | 0.175 |   1.737 |    1.714 | 
     | S17/g12__5122                      | B v -> SUM ^ | sky130_fd_sc_hd__ha_4   | 0.367 |   2.105 |    2.081 | 
     |                                    | S[17] ^      |                         | 0.001 |   2.106 |    2.082 | 
     +----------------------------------------------------------------------------------------------------------+ 

