============================================================
  Generated by:           Genus(TM) Synthesis Solution 23.12-s086_1
  Generated on:           Apr 11 2025  02:34:32 pm
  Module:                 cla_16bits
  Operating conditions:   tt_025C_1v80 
  Interconnect mode:      global
  Area mode:              physical library
============================================================

             Instance                   Module      Cell-Count  Cell-Area  Net-Area   Total-Area 
-------------------------------------------------------------------------------------------------
cla_16bits                         NA                      280   1765.443  1397.874     3163.317 
  C0                               carry                     1      7.507     0.000        7.507 
  C1                               carry_97                  1      7.507     0.000        7.507 
  C10                              carry_88                  3     18.768     6.787       25.555 
  C11                              carry_87                  2     10.010     3.394       13.403 
  C12                              carry_86                  1      7.507     0.000        7.507 
  C13                              carry_85                  3     18.768     6.787       25.555 
  C14                              carry_84                  3     13.763     6.787       20.551 
  C15                              carry_83                  1      8.758     0.000        8.758 
  C2                               carry_96                  1      7.507     0.000        7.507 
  C3                               carry_95                  1      7.507     0.000        7.507 
  C4                               carry_94                  1      7.507     0.000        7.507 
  C5                               carry_93                  2     10.010     3.394       13.403 
  C6                               carry_92                  2     17.517     3.394       20.911 
  C7                               carry_91                  1      7.507     0.000        7.507 
  C8                               carry_90                  1      7.507     0.000        7.507 
  C9                               carry_89                  2     10.010     3.394       13.403 
  CLA1                             cla4x3                   17    100.096    40.638      140.734 
  CLA2                             cla4x3_104               11     77.574    18.622       96.196 
  CLA3                             cla4x3_103               11     86.333    18.622      104.955 
  CLA4                             cla4x3_102                6     43.792     0.000       43.792 
  CLA5                             cla4x3_101               10     65.062    13.575       78.637 
  CLA6                             cla4x3_100               10     66.314    13.575       79.889 
  CLA7                             cla4x3_99                12     57.555    20.362       77.918 
  CLA8                             cla4x3_98                11     61.309    16.969       78.278 
  GENERATE_PROPAGATE[0].GENERATE   generate_i                1      8.758     0.000        8.758 
  GENERATE_PROPAGATE[0].PROPAGATE  propagate_i               5     21.270    13.575       34.845 
  GENERATE_PROPAGATE[10].GENERATE  generate_i_110            1      6.256     0.000        6.256 
  GENERATE_PROPAGATE[10].PROPAGATE propagate_i_125           5     23.773    15.228       39.001 
  GENERATE_PROPAGATE[11].GENERATE  generate_i_109            1      6.256     0.000        6.256 
  GENERATE_PROPAGATE[11].PROPAGATE propagate_i_124           5     26.275    16.882       43.157 
  GENERATE_PROPAGATE[12].GENERATE  generate_i_108            1      6.256     0.000        6.256 
  GENERATE_PROPAGATE[12].PROPAGATE propagate_i_123           1     15.014     0.000       15.014 
  GENERATE_PROPAGATE[13].GENERATE  generate_i_107            1      6.256     0.000        6.256 
  GENERATE_PROPAGATE[13].PROPAGATE propagate_i_122           1     12.512     0.000       12.512 
  GENERATE_PROPAGATE[14].GENERATE  generate_i_106            1      6.256     0.000        6.256 
  GENERATE_PROPAGATE[14].PROPAGATE propagate_i_121           1      8.758     0.000        8.758 
  GENERATE_PROPAGATE[15].GENERATE  generate_i_105            1      6.256     0.000        6.256 
  GENERATE_PROPAGATE[15].PROPAGATE propagate_i_120           1      8.758     0.000        8.758 
  GENERATE_PROPAGATE[1].GENERATE   generate_i_119            1      6.256     0.000        6.256 
  GENERATE_PROPAGATE[1].PROPAGATE  propagate_i_134           5     26.275    13.575       39.850 
  GENERATE_PROPAGATE[2].GENERATE   generate_i_118            1      6.256     0.000        6.256 
  GENERATE_PROPAGATE[2].PROPAGATE  propagate_i_133           5     21.270    13.575       34.845 
  GENERATE_PROPAGATE[3].GENERATE   generate_i_117            1      6.256     0.000        6.256 
  GENERATE_PROPAGATE[3].PROPAGATE  propagate_i_132           5     21.270    13.575       34.845 
  GENERATE_PROPAGATE[4].GENERATE   generate_i_116            1      8.758     0.000        8.758 
  GENERATE_PROPAGATE[4].PROPAGATE  propagate_i_131           5     21.270    13.575       34.845 
  GENERATE_PROPAGATE[5].GENERATE   generate_i_115            3     11.261     6.787       18.048 
  GENERATE_PROPAGATE[5].PROPAGATE  propagate_i_130           5     21.270    13.575       34.845 
  GENERATE_PROPAGATE[6].GENERATE   generate_i_114            1      6.256     0.000        6.256 
  GENERATE_PROPAGATE[6].PROPAGATE  propagate_i_129           5     21.270    13.575       34.845 
  GENERATE_PROPAGATE[7].GENERATE   generate_i_113            1      6.256     0.000        6.256 
  GENERATE_PROPAGATE[7].PROPAGATE  propagate_i_128           4     27.526    10.181       37.708 
  GENERATE_PROPAGATE[8].GENERATE   generate_i_112            1      8.758     0.000        8.758 
  GENERATE_PROPAGATE[8].PROPAGATE  propagate_i_127           1     27.526     0.000       27.526 
  GENERATE_PROPAGATE[9].GENERATE   generate_i_111            1      6.256     0.000        6.256 
  GENERATE_PROPAGATE[9].PROPAGATE  propagate_i_126           5     21.270    13.575       34.845 
  S0                               soutput                   1      8.758     0.000        8.758 
  S1                               soutput_149               1     12.512     0.000       12.512 
  S10                              soutput_140               3     42.541     6.787       49.328 
  S11                              soutput_139               4     48.797    10.181       58.978 
  S12                              soutput_138               2     28.778     3.394       32.171 
  S13                              soutput_137               4     27.526    10.181       37.708 
  S14                              soutput_136               5     47.546    13.575       61.121 
  S15                              soutput_135               5     45.043    13.575       58.618 
  S2                               soutput_148               2     16.266     3.394       19.659 
  S3                               soutput_147               1     15.014     0.000       15.014 
  S4                               soutput_146               1     12.512     0.000       12.512 
  S5                               soutput_145               2     15.014     5.047       20.062 
  S6                               soutput_144               4     27.526    11.835       39.361 
  S7                               soutput_143               6     50.048    18.622       68.670 
  S8                               soutput_142               2     15.014     5.047       20.062 
  S9                               soutput_141               5     31.280    15.228       46.508 
