============================================================
  Generated by:           Genus(TM) Synthesis Solution 23.12-s086_1
  Generated on:           Apr 11 2025  02:14:07 pm
  Module:                 cla_32bits
  Operating conditions:   tt_025C_1v80 
  Interconnect mode:      global
  Area mode:              physical library
============================================================

Timing
-------
  Cost    Critical            Violating 
 Group   Path Slack    TNS      Paths   
----------------------------------------
default       -86.0   -522.1         11 
----------------------------------------
Total                 -522.1         11 

Instance Count
--------------
Leaf Instance Count             679 
Physical Instance count           0 
Sequential Instance Count         0 
Combinational Instance Count    679 
Hierarchical Instance Count     148 

Area
----
Cell Area                          4534.349
Physical Cell Area                 0.000
Total Cell Area (Cell+Physical)    4534.349
Net Area                           3268.957
Total Area (Cell+Physical+Net)     7803.306

Max Fanout                         16 (n_92)
Min Fanout                         0 (G3128)
Average Fanout                     1.6
Terms to net ratio                 2.4679
Terms to instance ratio            2.7187
Runtime                            27.788852 seconds
Elapsed Runtime                    28 seconds
Genus peak memory usage            1903.29 
Innovus peak memory usage          no_value 
Hostname                           cadmicro-inf-el8-623207
