============================================================
  Generated by:           Genus(TM) Synthesis Solution 23.12-s086_1
  Generated on:           Apr 11 2025  02:17:22 pm
  Module:                 cla_32bits
  Operating conditions:   tt_025C_1v80 
  Interconnect mode:      global
  Area mode:              physical library
============================================================

Timing
-------
  Cost    Critical         Violating 
 Group   Path Slack  TNS     Paths   
-------------------------------------
default         0.0   0.0          0 
-------------------------------------
Total                 0.0          0 

Instance Count
--------------
Leaf Instance Count             536 
Physical Instance count           0 
Sequential Instance Count         0 
Combinational Instance Count    536 
Hierarchical Instance Count     148 

Area
----
Cell Area                          3440.800
Physical Cell Area                 0.000
Total Cell Area (Cell+Physical)    3440.800
Net Area                           2743.972
Total Area (Cell+Physical+Net)     6184.772

Max Fanout                         18 (n_21)
Min Fanout                         0 (G3128)
Average Fanout                     1.7
Terms to net ratio                 2.5471
Terms to instance ratio            2.8750
Runtime                            17.813215 seconds
Elapsed Runtime                    18 seconds
Genus peak memory usage            1901.99 
Innovus peak memory usage          no_value 
Hostname                           cadmicro-inf-el8-623207
