============================================================
  Generated by:           Genus(TM) Synthesis Solution 23.12-s086_1
  Generated on:           Apr 11 2025  02:17:22 pm
  Module:                 cla_32bits
  Operating conditions:   tt_025C_1v80 
  Interconnect mode:      global
  Area mode:              physical library
============================================================


Path 1: MET (0 ps) Path Delay Check
     Startpoint: (F) A[5]
       Endpoint: (F) S[31]

                   Capture    Launch  
      Path Delay:+    1860         -  
      Drv Adjust:+       0         0  
         Arrival:=    1860            
                                      
   Required Time:=    1860            
       Data Path:-    1860            
           Slack:=       0            

Exceptions/Constraints:
  max_delay             1860            constraints.sdc_line_1 

#------------------------------------------------------------------------------------------------------------------------------------
#                Timing Point                 Flags   Arc   Edge           Cell             Fanout Load Trans Delay Arrival Instance 
#                                                                                                  (fF)  (ps)  (ps)   (ps)  Location 
#------------------------------------------------------------------------------------------------------------------------------------
  A[5]                                        -       -     F     (arrival)                      1  3.3  1000     0       0    (-,-) 
  g30/X                                       -       A->X  F     sky130_fd_sc_hd__clkbuf_1      3 12.6    95   361     361    (-,-) 
  GENERATE_PROPAGATE[5].PROPAGATE/g29/Y       -       A->Y  R     sky130_fd_sc_hd__clkinv_1      1  5.9    50    74     435    (-,-) 
  GENERATE_PROPAGATE[5].PROPAGATE/g27__3680/Y -       B->Y  F     sky130_fd_sc_hd__nand2_2       1  9.7    60    64     500    (-,-) 
  GENERATE_PROPAGATE[5].PROPAGATE/g26__6783/Y -       B->Y  R     sky130_fd_sc_hd__nand2_4       5 17.8    74    92     591    (-,-) 
  CLA2/g515__2802/Y                           -       C->Y  F     sky130_fd_sc_hd__nand4_2       1  5.6    84   105     696    (-,-) 
  CLA2/g514/Y                                 -       A->Y  R     sky130_fd_sc_hd__inv_2         5 16.3    83   101     797    (-,-) 
  CLA9/g365__1617/Y                           -       C->Y  F     sky130_fd_sc_hd__nand4_2       1  9.6   110   128     926    (-,-) 
  CLA9/g361__6783/Y                           -       B->Y  R     sky130_fd_sc_hd__nand3_4       3 11.3    74   109    1035    (-,-) 
  CLA13/g9/Y                                  -       A->Y  F     sky130_fd_sc_hd__nand2_2       1  9.6    52    66    1101    (-,-) 
  CLA13/g348__6161/Y                          -       A->Y  R     sky130_fd_sc_hd__nand2_4       3 16.3    70    76    1177    (-,-) 
  CLA13/g346__7482/Y                          -       A->Y  F     sky130_fd_sc_hd__nand2_4       1  9.6    37    51    1227    (-,-) 
  CLA13/g345__5115/Y                          -       A->Y  R     sky130_fd_sc_hd__nand2_4       2 13.3    61    63    1290    (-,-) 
  CLA17/g468__5122/Y                          -       A->Y  F     sky130_fd_sc_hd__nand2_4       1  9.6    87    49    1339    (-,-) 
  CLA17/g466__2802/Y                          -       A->Y  R     sky130_fd_sc_hd__nand2_4       3 13.1    63    84    1423    (-,-) 
  CLA17/g463__6783/Y                          -       A->Y  F     sky130_fd_sc_hd__nand2_2       1  5.6    37    50    1474    (-,-) 
  CLA17/g459__6260/Y                          -       A->Y  R     sky130_fd_sc_hd__nand2_2       2  9.0    67    66    1540    (-,-) 
  C30/g22/Y                                   -       A->Y  F     sky130_fd_sc_hd__inv_2         1  9.6    31    46    1586    (-,-) 
  C30/g19__2883/Y                             -       A->Y  R     sky130_fd_sc_hd__nand2_4       2 20.6    82    75    1661    (-,-) 
  S31/g19/Y                                   -       A->Y  F     sky130_fd_sc_hd__inv_4         1  9.6    27    38    1700    (-,-) 
  S31/g17__2802/Y                             -       A->Y  R     sky130_fd_sc_hd__nand2_4       1 18.7    82    69    1769    (-,-) 
  S31/g15__1617/Y                             -       A->Y  F     sky130_fd_sc_hd__nand2_8       1 51.3    82    91    1860    (-,-) 
  S[31]                                       <<<     -     F     (port)                         -    -     -     0    1860    (-,-) 
#------------------------------------------------------------------------------------------------------------------------------------

