###############################################################
#  Generated by:      Cadence Innovus 23.32-s091_1
#  OS:                Linux x86_64(Host ID cadmicro-inf-el8-623207)
#  Generated on:      Fri Apr 11 15:25:04 2025
#  Design:            sklansky_32bits
#  Command:           report_timing > reports/report_timing.rpt
###############################################################
Path 1: VIOLATED Path Delay Check
Endpoint:   S[16] (v)
Beginpoint: A[0]  (v) triggered by  leading edge of '@'
Path Groups: {default}
Analysis View: default_emulate_view
- External Delay                0.000
+ Path Delay                    1.739
= Required Time                 1.739
- Arrival Time                  1.813
= Slack Time                   -0.074
     Clock Rise Edge                      0.000
     + Input Delay                        0.000
     = Beginpoint Arrival Time            0.000
     +------------------------------------------------------------------------------------------------------------+ 
     |              Instance              |     Arc      |           Cell            | Delay | Arrival | Required | 
     |                                    |              |                           |       |  Time   |   Time   | 
     |------------------------------------+--------------+---------------------------+-------+---------+----------| 
     |                                    | A[0] v       |                           |       |   0.000 |   -0.074 | 
     | GENERATE_PROPAGATE[0].GENERATE/g2  | B v -> X v   | sky130_fd_sc_hd__and2_4   | 0.542 |   0.542 |    0.468 | 
     | LEVEL_1[1].B1/GENERATE/g20__6131   | B v -> Y ^   | sky130_fd_sc_hd__nand2_4  | 0.079 |   0.622 |    0.548 | 
     | LEVEL_1[1].B1/GENERATE/g2__1881    | B ^ -> Y v   | sky130_fd_sc_hd__nand2b_4 | 0.063 |   0.685 |    0.611 | 
     | LEVEL_2[3].B2/GENERATE/g20__9315   | A v -> Y ^   | sky130_fd_sc_hd__nand2_2  | 0.078 |   0.763 |    0.689 | 
     | LEVEL_2[3].B2/GENERATE/g19__6161   | A ^ -> Y v   | sky130_fd_sc_hd__nand2_4  | 0.071 |   0.833 |    0.760 | 
     | LEVEL_3[7].B4/GENERATE/g20__5107   | A v -> Y ^   | sky130_fd_sc_hd__nand2_2  | 0.079 |   0.912 |    0.838 | 
     | LEVEL_3[7].B4/GENERATE/g19__2398   | A ^ -> Y v   | sky130_fd_sc_hd__nand2_4  | 0.076 |   0.988 |    0.915 | 
     | LEVEL_4[31].B11/GENERATE/g19__1705 | A1 v -> X v  | sky130_fd_sc_hd__a21o_4   | 0.287 |   1.275 |    1.201 | 
     | C15/g2__5107                       | A_N v -> Y v | sky130_fd_sc_hd__nand2b_4 | 0.170 |   1.446 |    1.372 | 
     | S16/g10__2802                      | A0 v -> X v  | sky130_fd_sc_hd__mux2_4   | 0.365 |   1.810 |    1.736 | 
     |                                    | S[16] v      |                           | 0.003 |   1.813 |    1.739 | 
     +------------------------------------------------------------------------------------------------------------+ 

