============================================================
  Generated by:           Genus(TM) Synthesis Solution 23.12-s086_1
  Generated on:           Apr 14 2025  01:47:44 pm
  Module:                 signal_32bits
  Operating conditions:   tt_025C_1v80 
  Interconnect mode:      global
  Area mode:              physical library
============================================================

Timing
-------
  Cost    Critical         Violating 
 Group   Path Slack  TNS     Paths   
-------------------------------------
default      2126.3   0.0          0 
-------------------------------------
Total                 0.0          0 

Instance Count
--------------
Leaf Instance Count             176 
Physical Instance count           0 
Sequential Instance Count         0 
Combinational Instance Count    176 
Hierarchical Instance Count       0 

Area
----
Cell Area                          1083.539
Physical Cell Area                 0.000
Total Cell Area (Cell+Physical)    1083.539
Net Area                           1147.433
Total Area (Cell+Physical+Net)     2230.972

Max Fanout                         4 (addinc_add_7_30_n_37)
Min Fanout                         1 (B[1])
Average Fanout                     1.8
Terms to net ratio                 2.3603
Terms to instance ratio            3.3125
Runtime                            13.387789 seconds
Elapsed Runtime                    14 seconds
Genus peak memory usage            1940.57 
Innovus peak memory usage          no_value 
Hostname                           cadmicro-inf-el8-623207
