

================================================================
== Vitis HLS Report for 'kernel'
================================================================
* Date:           Tue Jan  7 14:32:45 2025

* Version:        2023.2 (Build 4023990 on Oct 11 2023)
* Project:        template
* Solution:       solution3 (Vivado IP Flow Target)
* Product family: artix7
* Target device:  xc7a200t-fbg484-3


================================================================
== Performance Estimates
================================================================
+ Timing: 
    * Summary: 
    +--------+----------+----------+------------+
    |  Clock |  Target  | Estimated| Uncertainty|
    +--------+----------+----------+------------+
    |ap_clk  |  10.00 ns|  7.300 ns|     2.70 ns|
    +--------+----------+----------+------------+

+ Latency: 
    * Summary: 
    +---------+---------+----------+----------+-----+-----+---------+
    |  Latency (cycles) |  Latency (absolute) |  Interval | Pipeline|
    |   min   |   max   |    min   |    max   | min | max |   Type  |
    +---------+---------+----------+----------+-----+-----+---------+
    |        ?|        ?|         ?|         ?|    ?|    ?|       no|
    +---------+---------+----------+----------+-----+-----+---------+

    + Detail: 
        * Instance: 
        N/A

        * Loop: 
        +-------------------+---------+---------+----------+-----------+-----------+------+----------+
        |                   |  Latency (cycles) | Iteration|  Initiation Interval  | Trip |          |
        |     Loop Name     |   min   |   max   |  Latency |  achieved |   target  | Count| Pipelined|
        +-------------------+---------+---------+----------+-----------+-----------+------+----------+
        |- VITIS_LOOP_25_1  |        ?|        ?|        18|          1|          1|     ?|       yes|
        +-------------------+---------+---------+----------+-----------+-----------+------+----------+



================================================================
== Utilization Estimates
================================================================
* Summary: 
+-----------------+---------+-----+--------+--------+-----+
|       Name      | BRAM_18K| DSP |   FF   |   LUT  | URAM|
+-----------------+---------+-----+--------+--------+-----+
|DSP              |        -|    -|       -|       -|    -|
|Expression       |        -|    -|       0|     201|    -|
|FIFO             |        -|    -|       -|       -|    -|
|Instance         |      228|    -|    6442|    6190|    -|
|Memory           |        -|    -|       -|       -|    -|
|Multiplexer      |        -|    -|       -|     107|    -|
|Register         |        -|    -|    3411|      32|    -|
+-----------------+---------+-----+--------+--------+-----+
|Total            |      228|    0|    9853|    6530|    0|
+-----------------+---------+-----+--------+--------+-----+
|Available        |      730|  740|  269200|  134600|    0|
+-----------------+---------+-----+--------+--------+-----+
|Utilization (%)  |       31|    0|       3|       4|    0|
+-----------------+---------+-----+--------+--------+-----+

+ Detail: 
    * Instance: 
    +-------------------------------+----------------------------+---------+----+------+------+-----+
    |            Instance           |           Module           | BRAM_18K| DSP|  FF  |  LUT | URAM|
    +-------------------------------+----------------------------+---------+----+------+------+-----+
    |add_1023ns_1023ns_1023_2_1_U1  |add_1023ns_1023ns_1023_2_1  |        0|   0|   580|   132|    0|
    |control_s_axi_U                |control_s_axi               |        0|   0|   240|   424|    0|
    |gmem0_m_axi_U                  |gmem0_m_axi                 |      114|   0|  2811|  2817|    0|
    |gmem1_m_axi_U                  |gmem1_m_axi                 |      114|   0|  2811|  2817|    0|
    +-------------------------------+----------------------------+---------+----+------+------+-----+
    |Total                          |                            |      228|   0|  6442|  6190|    0|
    +-------------------------------+----------------------------+---------+----+------+------+-----+

    * DSP: 
    N/A

    * Memory: 
    N/A

    * FIFO: 
    N/A

    * Expression: 
    +------------------------------------+----------+----+---+----+------------+------------+
    |            Variable Name           | Operation| DSP| FF| LUT| Bitwidth P0| Bitwidth P1|
    +------------------------------------+----------+----+---+----+------------+------------+
    |add_ln25_fu_225_p2                  |         +|   0|  0|  39|          32|           1|
    |ap_block_state19_pp0_stage0_iter17  |       and|   0|  0|   2|           1|           1|
    |icmp_ln25_1_fu_220_p2               |      icmp|   0|  0|  39|          32|          32|
    |icmp_ln25_2_fu_235_p2               |      icmp|   0|  0|  39|          32|          32|
    |icmp_ln25_fu_170_p2                 |      icmp|   0|  0|  39|          32|           1|
    |ap_block_pp0_stage0_01001           |        or|   0|  0|   2|           1|           1|
    |ap_block_pp0_stage0_11001           |        or|   0|  0|   2|           1|           1|
    |ap_block_state11_pp0_stage0_iter9   |        or|   0|  0|   2|           1|           1|
    |ap_block_state3_io                  |        or|   0|  0|   2|           1|           1|
    |empty_fu_176_p3                     |    select|   0|  0|  31|           1|          31|
    |ap_enable_pp0                       |       xor|   0|  0|   2|           1|           2|
    |ap_enable_reg_pp0_iter1             |       xor|   0|  0|   2|           2|           1|
    +------------------------------------+----------+----+---+----+------------+------------+
    |Total                               |          |   0|  0| 201|         137|         105|
    +------------------------------------+----------+----+---+----+------------+------------+

    * Multiplexer: 
    +--------------------------+----+-----------+-----+-----------+
    |           Name           | LUT| Input Size| Bits| Total Bits|
    +--------------------------+----+-----------+-----+-----------+
    |ap_NS_fsm                 |  17|          4|    1|          4|
    |ap_enable_reg_pp0_iter1   |   9|          2|    1|          2|
    |ap_enable_reg_pp0_iter17  |   9|          2|    1|          2|
    |gmem0_blk_n_AR            |   9|          2|    1|          2|
    |gmem0_blk_n_AW            |   9|          2|    1|          2|
    |gmem0_blk_n_B             |   9|          2|    1|          2|
    |gmem0_blk_n_R             |   9|          2|    1|          2|
    |gmem0_blk_n_W             |   9|          2|    1|          2|
    |gmem1_blk_n_AR            |   9|          2|    1|          2|
    |gmem1_blk_n_R             |   9|          2|    1|          2|
    |i_fu_88                   |   9|          2|   31|         62|
    +--------------------------+----+-----------+-----+-----------+
    |Total                     | 107|         24|   41|         84|
    +--------------------------+----+-----------+-----+-----------+

    * Register: 
    +--------------------------+------+----+------+-----------+
    |           Name           |  FF  | LUT| Bits | Const Bits|
    +--------------------------+------+----+------+-----------+
    |add_ln26_reg_367          |  1023|   0|  1023|          0|
    |ap_CS_fsm                 |     3|   0|     3|          0|
    |ap_enable_reg_pp0_iter0   |     1|   0|     1|          0|
    |ap_enable_reg_pp0_iter1   |     1|   0|     1|          0|
    |ap_enable_reg_pp0_iter10  |     1|   0|     1|          0|
    |ap_enable_reg_pp0_iter11  |     1|   0|     1|          0|
    |ap_enable_reg_pp0_iter12  |     1|   0|     1|          0|
    |ap_enable_reg_pp0_iter13  |     1|   0|     1|          0|
    |ap_enable_reg_pp0_iter14  |     1|   0|     1|          0|
    |ap_enable_reg_pp0_iter15  |     1|   0|     1|          0|
    |ap_enable_reg_pp0_iter16  |     1|   0|     1|          0|
    |ap_enable_reg_pp0_iter17  |     1|   0|     1|          0|
    |ap_enable_reg_pp0_iter2   |     1|   0|     1|          0|
    |ap_enable_reg_pp0_iter3   |     1|   0|     1|          0|
    |ap_enable_reg_pp0_iter4   |     1|   0|     1|          0|
    |ap_enable_reg_pp0_iter5   |     1|   0|     1|          0|
    |ap_enable_reg_pp0_iter6   |     1|   0|     1|          0|
    |ap_enable_reg_pp0_iter7   |     1|   0|     1|          0|
    |ap_enable_reg_pp0_iter8   |     1|   0|     1|          0|
    |ap_enable_reg_pp0_iter9   |     1|   0|     1|          0|
    |first_iter_0_reg_153      |     1|   0|     1|          0|
    |gmem0_addr_1_reg_331      |    64|   0|    64|          0|
    |i_fu_88                   |    31|   0|    31|          0|
    |icmp_ln25_1_reg_337       |     1|   0|     1|          0|
    |icmp_ln25_2_reg_341       |     1|   0|     1|          0|
    |in1_read_reg_319          |    64|   0|    64|          0|
    |in2_read_reg_314          |    64|   0|    64|          0|
    |trunc_ln26_1_reg_362      |  1023|   0|  1023|          0|
    |trunc_ln26_reg_357        |  1023|   0|  1023|          0|
    |zext_ln25_reg_324         |    31|   0|    32|          1|
    |icmp_ln25_2_reg_341       |    64|  32|     1|          0|
    +--------------------------+------+----+------+-----------+
    |Total                     |  3411|  32|  3349|          1|
    +--------------------------+------+----+------+-----------+



================================================================
== Interface
================================================================
* Summary: 
+-----------------------+-----+------+------------+--------------+--------------+
|       RTL Ports       | Dir | Bits |  Protocol  | Source Object|    C Type    |
+-----------------------+-----+------+------------+--------------+--------------+
|s_axi_control_AWVALID  |   in|     1|       s_axi|       control|        scalar|
|s_axi_control_AWREADY  |  out|     1|       s_axi|       control|        scalar|
|s_axi_control_AWADDR   |   in|     6|       s_axi|       control|        scalar|
|s_axi_control_WVALID   |   in|     1|       s_axi|       control|        scalar|
|s_axi_control_WREADY   |  out|     1|       s_axi|       control|        scalar|
|s_axi_control_WDATA    |   in|    32|       s_axi|       control|        scalar|
|s_axi_control_WSTRB    |   in|     4|       s_axi|       control|        scalar|
|s_axi_control_ARVALID  |   in|     1|       s_axi|       control|        scalar|
|s_axi_control_ARREADY  |  out|     1|       s_axi|       control|        scalar|
|s_axi_control_ARADDR   |   in|     6|       s_axi|       control|        scalar|
|s_axi_control_RVALID   |  out|     1|       s_axi|       control|        scalar|
|s_axi_control_RREADY   |   in|     1|       s_axi|       control|        scalar|
|s_axi_control_RDATA    |  out|    32|       s_axi|       control|        scalar|
|s_axi_control_RRESP    |  out|     2|       s_axi|       control|        scalar|
|s_axi_control_BVALID   |  out|     1|       s_axi|       control|        scalar|
|s_axi_control_BREADY   |   in|     1|       s_axi|       control|        scalar|
|s_axi_control_BRESP    |  out|     2|       s_axi|       control|        scalar|
|ap_clk                 |   in|     1|  ap_ctrl_hs|        kernel|  return value|
|ap_rst_n               |   in|     1|  ap_ctrl_hs|        kernel|  return value|
|ap_start               |   in|     1|  ap_ctrl_hs|        kernel|  return value|
|ap_done                |  out|     1|  ap_ctrl_hs|        kernel|  return value|
|ap_idle                |  out|     1|  ap_ctrl_hs|        kernel|  return value|
|ap_ready               |  out|     1|  ap_ctrl_hs|        kernel|  return value|
|m_axi_gmem0_AWVALID    |  out|     1|       m_axi|         gmem0|       pointer|
|m_axi_gmem0_AWREADY    |   in|     1|       m_axi|         gmem0|       pointer|
|m_axi_gmem0_AWADDR     |  out|    64|       m_axi|         gmem0|       pointer|
|m_axi_gmem0_AWID       |  out|     1|       m_axi|         gmem0|       pointer|
|m_axi_gmem0_AWLEN      |  out|     8|       m_axi|         gmem0|       pointer|
|m_axi_gmem0_AWSIZE     |  out|     3|       m_axi|         gmem0|       pointer|
|m_axi_gmem0_AWBURST    |  out|     2|       m_axi|         gmem0|       pointer|
|m_axi_gmem0_AWLOCK     |  out|     2|       m_axi|         gmem0|       pointer|
|m_axi_gmem0_AWCACHE    |  out|     4|       m_axi|         gmem0|       pointer|
|m_axi_gmem0_AWPROT     |  out|     3|       m_axi|         gmem0|       pointer|
|m_axi_gmem0_AWQOS      |  out|     4|       m_axi|         gmem0|       pointer|
|m_axi_gmem0_AWREGION   |  out|     4|       m_axi|         gmem0|       pointer|
|m_axi_gmem0_AWUSER     |  out|     1|       m_axi|         gmem0|       pointer|
|m_axi_gmem0_WVALID     |  out|     1|       m_axi|         gmem0|       pointer|
|m_axi_gmem0_WREADY     |   in|     1|       m_axi|         gmem0|       pointer|
|m_axi_gmem0_WDATA      |  out|  1024|       m_axi|         gmem0|       pointer|
|m_axi_gmem0_WSTRB      |  out|   128|       m_axi|         gmem0|       pointer|
|m_axi_gmem0_WLAST      |  out|     1|       m_axi|         gmem0|       pointer|
|m_axi_gmem0_WID        |  out|     1|       m_axi|         gmem0|       pointer|
|m_axi_gmem0_WUSER      |  out|     1|       m_axi|         gmem0|       pointer|
|m_axi_gmem0_ARVALID    |  out|     1|       m_axi|         gmem0|       pointer|
|m_axi_gmem0_ARREADY    |   in|     1|       m_axi|         gmem0|       pointer|
|m_axi_gmem0_ARADDR     |  out|    64|       m_axi|         gmem0|       pointer|
|m_axi_gmem0_ARID       |  out|     1|       m_axi|         gmem0|       pointer|
|m_axi_gmem0_ARLEN      |  out|     8|       m_axi|         gmem0|       pointer|
|m_axi_gmem0_ARSIZE     |  out|     3|       m_axi|         gmem0|       pointer|
|m_axi_gmem0_ARBURST    |  out|     2|       m_axi|         gmem0|       pointer|
|m_axi_gmem0_ARLOCK     |  out|     2|       m_axi|         gmem0|       pointer|
|m_axi_gmem0_ARCACHE    |  out|     4|       m_axi|         gmem0|       pointer|
|m_axi_gmem0_ARPROT     |  out|     3|       m_axi|         gmem0|       pointer|
|m_axi_gmem0_ARQOS      |  out|     4|       m_axi|         gmem0|       pointer|
|m_axi_gmem0_ARREGION   |  out|     4|       m_axi|         gmem0|       pointer|
|m_axi_gmem0_ARUSER     |  out|     1|       m_axi|         gmem0|       pointer|
|m_axi_gmem0_RVALID     |   in|     1|       m_axi|         gmem0|       pointer|
|m_axi_gmem0_RREADY     |  out|     1|       m_axi|         gmem0|       pointer|
|m_axi_gmem0_RDATA      |   in|  1024|       m_axi|         gmem0|       pointer|
|m_axi_gmem0_RLAST      |   in|     1|       m_axi|         gmem0|       pointer|
|m_axi_gmem0_RID        |   in|     1|       m_axi|         gmem0|       pointer|
|m_axi_gmem0_RUSER      |   in|     1|       m_axi|         gmem0|       pointer|
|m_axi_gmem0_RRESP      |   in|     2|       m_axi|         gmem0|       pointer|
|m_axi_gmem0_BVALID     |   in|     1|       m_axi|         gmem0|       pointer|
|m_axi_gmem0_BREADY     |  out|     1|       m_axi|         gmem0|       pointer|
|m_axi_gmem0_BRESP      |   in|     2|       m_axi|         gmem0|       pointer|
|m_axi_gmem0_BID        |   in|     1|       m_axi|         gmem0|       pointer|
|m_axi_gmem0_BUSER      |   in|     1|       m_axi|         gmem0|       pointer|
|m_axi_gmem1_AWVALID    |  out|     1|       m_axi|         gmem1|       pointer|
|m_axi_gmem1_AWREADY    |   in|     1|       m_axi|         gmem1|       pointer|
|m_axi_gmem1_AWADDR     |  out|    64|       m_axi|         gmem1|       pointer|
|m_axi_gmem1_AWID       |  out|     1|       m_axi|         gmem1|       pointer|
|m_axi_gmem1_AWLEN      |  out|     8|       m_axi|         gmem1|       pointer|
|m_axi_gmem1_AWSIZE     |  out|     3|       m_axi|         gmem1|       pointer|
|m_axi_gmem1_AWBURST    |  out|     2|       m_axi|         gmem1|       pointer|
|m_axi_gmem1_AWLOCK     |  out|     2|       m_axi|         gmem1|       pointer|
|m_axi_gmem1_AWCACHE    |  out|     4|       m_axi|         gmem1|       pointer|
|m_axi_gmem1_AWPROT     |  out|     3|       m_axi|         gmem1|       pointer|
|m_axi_gmem1_AWQOS      |  out|     4|       m_axi|         gmem1|       pointer|
|m_axi_gmem1_AWREGION   |  out|     4|       m_axi|         gmem1|       pointer|
|m_axi_gmem1_AWUSER     |  out|     1|       m_axi|         gmem1|       pointer|
|m_axi_gmem1_WVALID     |  out|     1|       m_axi|         gmem1|       pointer|
|m_axi_gmem1_WREADY     |   in|     1|       m_axi|         gmem1|       pointer|
|m_axi_gmem1_WDATA      |  out|  1024|       m_axi|         gmem1|       pointer|
|m_axi_gmem1_WSTRB      |  out|   128|       m_axi|         gmem1|       pointer|
|m_axi_gmem1_WLAST      |  out|     1|       m_axi|         gmem1|       pointer|
|m_axi_gmem1_WID        |  out|     1|       m_axi|         gmem1|       pointer|
|m_axi_gmem1_WUSER      |  out|     1|       m_axi|         gmem1|       pointer|
|m_axi_gmem1_ARVALID    |  out|     1|       m_axi|         gmem1|       pointer|
|m_axi_gmem1_ARREADY    |   in|     1|       m_axi|         gmem1|       pointer|
|m_axi_gmem1_ARADDR     |  out|    64|       m_axi|         gmem1|       pointer|
|m_axi_gmem1_ARID       |  out|     1|       m_axi|         gmem1|       pointer|
|m_axi_gmem1_ARLEN      |  out|     8|       m_axi|         gmem1|       pointer|
|m_axi_gmem1_ARSIZE     |  out|     3|       m_axi|         gmem1|       pointer|
|m_axi_gmem1_ARBURST    |  out|     2|       m_axi|         gmem1|       pointer|
|m_axi_gmem1_ARLOCK     |  out|     2|       m_axi|         gmem1|       pointer|
|m_axi_gmem1_ARCACHE    |  out|     4|       m_axi|         gmem1|       pointer|
|m_axi_gmem1_ARPROT     |  out|     3|       m_axi|         gmem1|       pointer|
|m_axi_gmem1_ARQOS      |  out|     4|       m_axi|         gmem1|       pointer|
|m_axi_gmem1_ARREGION   |  out|     4|       m_axi|         gmem1|       pointer|
|m_axi_gmem1_ARUSER     |  out|     1|       m_axi|         gmem1|       pointer|
|m_axi_gmem1_RVALID     |   in|     1|       m_axi|         gmem1|       pointer|
|m_axi_gmem1_RREADY     |  out|     1|       m_axi|         gmem1|       pointer|
|m_axi_gmem1_RDATA      |   in|  1024|       m_axi|         gmem1|       pointer|
|m_axi_gmem1_RLAST      |   in|     1|       m_axi|         gmem1|       pointer|
|m_axi_gmem1_RID        |   in|     1|       m_axi|         gmem1|       pointer|
|m_axi_gmem1_RUSER      |   in|     1|       m_axi|         gmem1|       pointer|
|m_axi_gmem1_RRESP      |   in|     2|       m_axi|         gmem1|       pointer|
|m_axi_gmem1_BVALID     |   in|     1|       m_axi|         gmem1|       pointer|
|m_axi_gmem1_BREADY     |  out|     1|       m_axi|         gmem1|       pointer|
|m_axi_gmem1_BRESP      |   in|     2|       m_axi|         gmem1|       pointer|
|m_axi_gmem1_BID        |   in|     1|       m_axi|         gmem1|       pointer|
|m_axi_gmem1_BUSER      |   in|     1|       m_axi|         gmem1|       pointer|
|vSize                  |   in|    32|     ap_none|         vSize|        scalar|
+-----------------------+-----+------+------------+--------------+--------------+

============================================================
+ Verbose Summary: Synthesis Manager
============================================================
InlineROM: 1
ExposeGlobal: 0
============================================================
+ Verbose Summary: CDFG Model
============================================================
IsTopModel: 1
ResetActiveHigh: 1
IsCombinational: 2
IsDatapathOnly: 2
HasWiredReturn: 1
HasMFsm: 2
HasVarLatency: 1
IsPipeline: 0
IsRtlPipelined: 0
IsInstanceOverlapped: 0
IsDontTouch: 0
HasImplIP: 0
IsGatedGlobalClock: 0

+ Individual pipeline summary: 
  * Pipeline-0: initiation interval (II) = 1, depth = 18


============================================================
+ Verbose Summary: Schedule
============================================================
* Number of FSM states : 20
* Pipeline : 1
  Pipeline-0 : II = 1, D = 18, States = { 2 3 4 5 6 7 8 9 10 11 12 13 14 15 16 17 18 19 }
* Dataflow Pipeline: 0

* FSM state transitions: 
1 --> 2 
2 --> 20 3 
3 --> 4 
4 --> 5 
5 --> 6 
6 --> 7 
7 --> 8 
8 --> 9 
9 --> 10 
10 --> 11 
11 --> 12 
12 --> 13 
13 --> 14 
14 --> 15 
15 --> 16 
16 --> 17 
17 --> 18 
18 --> 19 
19 --> 2 
20 --> 

* FSM state operations: 

State 1 <SV = 0> <Delay = 2.64>
ST_1 : Operation 21 [1/1] (0.00ns)   --->   "%i = alloca i32 1"   --->   Operation 21 'alloca' 'i' <Predicate = true> <Delay = 0.00>
ST_1 : Operation 22 [1/1] (0.00ns)   --->   "%vSize_read = read i32 @_ssdm_op_Read.ap_auto.i32, i32 %vSize" [template/template.cpp:21]   --->   Operation 22 'read' 'vSize_read' <Predicate = true> <Delay = 0.00>
ST_1 : Operation 23 [1/1] (1.00ns)   --->   "%out_r_read = read i64 @_ssdm_op_Read.s_axilite.i64, i64 %out_r" [template/template.cpp:21]   --->   Operation 23 'read' 'out_r_read' <Predicate = true> <Delay = 1.00> <CoreInst = "s_axilite">   --->   Core 114 's_axilite' <Latency = 0> <II = 1> <Delay = 1.00> <Adapter> <Opcode : 'read' 'write'>
ST_1 : Operation 24 [1/1] (1.00ns)   --->   "%in2_read = read i64 @_ssdm_op_Read.s_axilite.i64, i64 %in2" [template/template.cpp:21]   --->   Operation 24 'read' 'in2_read' <Predicate = true> <Delay = 1.00> <CoreInst = "s_axilite">   --->   Core 114 's_axilite' <Latency = 0> <II = 1> <Delay = 1.00> <Adapter> <Opcode : 'read' 'write'>
ST_1 : Operation 25 [1/1] (1.00ns)   --->   "%in1_read = read i64 @_ssdm_op_Read.s_axilite.i64, i64 %in1" [template/template.cpp:21]   --->   Operation 25 'read' 'in1_read' <Predicate = true> <Delay = 1.00> <CoreInst = "s_axilite">   --->   Core 114 's_axilite' <Latency = 0> <II = 1> <Delay = 1.00> <Adapter> <Opcode : 'read' 'write'>
ST_1 : Operation 26 [1/1] (0.00ns)   --->   "%trunc_ln21 = trunc i32 %vSize_read" [template/template.cpp:21]   --->   Operation 26 'trunc' 'trunc_ln21' <Predicate = true> <Delay = 0.00>
ST_1 : Operation 27 [1/1] (0.00ns)   --->   "%spectopmodule_ln21 = spectopmodule void @_ssdm_op_SpecTopModule, void @empty_11" [template/template.cpp:21]   --->   Operation 27 'spectopmodule' 'spectopmodule_ln21' <Predicate = true> <Delay = 0.00>
ST_1 : Operation 28 [1/1] (0.00ns)   --->   "%specinterface_ln0 = specinterface void @_ssdm_op_SpecInterface, i1024 %gmem0, void @empty, i32 0, i32 0, void @empty_0, i32 0, i32 4096, void @empty_1, void @empty_2, void @empty_0, i32 16, i32 16, i32 16, i32 16, void @empty_0, void @empty_0, i32 4294967295, i32 0"   --->   Operation 28 'specinterface' 'specinterface_ln0' <Predicate = true> <Delay = 0.00>
ST_1 : Operation 29 [1/1] (0.00ns)   --->   "%specbitsmap_ln0 = specbitsmap void @_ssdm_op_SpecBitsMap, i1024 %gmem0"   --->   Operation 29 'specbitsmap' 'specbitsmap_ln0' <Predicate = true> <Delay = 0.00>
ST_1 : Operation 30 [1/1] (0.00ns)   --->   "%specinterface_ln0 = specinterface void @_ssdm_op_SpecInterface, i1024 %gmem1, void @empty, i32 0, i32 0, void @empty_0, i32 0, i32 4096, void @empty_3, void @empty_2, void @empty_0, i32 16, i32 16, i32 16, i32 16, void @empty_0, void @empty_0, i32 4294967295, i32 0"   --->   Operation 30 'specinterface' 'specinterface_ln0' <Predicate = true> <Delay = 0.00>
ST_1 : Operation 31 [1/1] (0.00ns)   --->   "%specbitsmap_ln0 = specbitsmap void @_ssdm_op_SpecBitsMap, i1024 %gmem1"   --->   Operation 31 'specbitsmap' 'specbitsmap_ln0' <Predicate = true> <Delay = 0.00>
ST_1 : Operation 32 [1/1] (0.00ns)   --->   "%specinterface_ln0 = specinterface void @_ssdm_op_SpecInterface, i64 %in1, void @empty_4, i32 0, i32 0, void @empty_0, i32 0, i32 0, void @empty_5, void @empty_6, void @empty_0, i32 0, i32 0, i32 0, i32 0, void @empty_0, void @empty_7, i32 4294967295, i32 0"   --->   Operation 32 'specinterface' 'specinterface_ln0' <Predicate = true> <Delay = 0.00>
ST_1 : Operation 33 [1/1] (0.00ns)   --->   "%specinterface_ln0 = specinterface void @_ssdm_op_SpecInterface, i64 %in1, void @empty_8, i32 0, i32 0, void @empty_0, i32 0, i32 0, void @empty_0, void @empty_0, void @empty_0, i32 0, i32 0, i32 0, i32 0, void @empty_0, void @empty_7, i32 4294967295, i32 0"   --->   Operation 33 'specinterface' 'specinterface_ln0' <Predicate = true> <Delay = 0.00>
ST_1 : Operation 34 [1/1] (0.00ns)   --->   "%specinterface_ln0 = specinterface void @_ssdm_op_SpecInterface, i64 %in2, void @empty_4, i32 0, i32 0, void @empty_0, i32 0, i32 0, void @empty_5, void @empty_9, void @empty_0, i32 0, i32 0, i32 0, i32 0, void @empty_0, void @empty_7, i32 4294967295, i32 0"   --->   Operation 34 'specinterface' 'specinterface_ln0' <Predicate = true> <Delay = 0.00>
ST_1 : Operation 35 [1/1] (0.00ns)   --->   "%specinterface_ln0 = specinterface void @_ssdm_op_SpecInterface, i64 %in2, void @empty_8, i32 0, i32 0, void @empty_0, i32 0, i32 0, void @empty_0, void @empty_0, void @empty_0, i32 0, i32 0, i32 0, i32 0, void @empty_0, void @empty_7, i32 4294967295, i32 0"   --->   Operation 35 'specinterface' 'specinterface_ln0' <Predicate = true> <Delay = 0.00>
ST_1 : Operation 36 [1/1] (0.00ns)   --->   "%specinterface_ln0 = specinterface void @_ssdm_op_SpecInterface, i64 %out_r, void @empty_4, i32 0, i32 0, void @empty_0, i32 0, i32 0, void @empty_5, void @empty_10, void @empty_0, i32 0, i32 0, i32 0, i32 0, void @empty_0, void @empty_7, i32 4294967295, i32 0"   --->   Operation 36 'specinterface' 'specinterface_ln0' <Predicate = true> <Delay = 0.00>
ST_1 : Operation 37 [1/1] (0.00ns)   --->   "%specinterface_ln0 = specinterface void @_ssdm_op_SpecInterface, i64 %out_r, void @empty_8, i32 0, i32 0, void @empty_0, i32 0, i32 0, void @empty_0, void @empty_0, void @empty_0, i32 0, i32 0, i32 0, i32 0, void @empty_0, void @empty_7, i32 4294967295, i32 0"   --->   Operation 37 'specinterface' 'specinterface_ln0' <Predicate = true> <Delay = 0.00>
ST_1 : Operation 38 [1/1] (0.00ns)   --->   "%specbitsmap_ln0 = specbitsmap void @_ssdm_op_SpecBitsMap, i32 %vSize"   --->   Operation 38 'specbitsmap' 'specbitsmap_ln0' <Predicate = true> <Delay = 0.00>
ST_1 : Operation 39 [1/1] (0.00ns)   --->   "%specinterface_ln0 = specinterface void @_ssdm_op_SpecInterface, i32 %vSize, void @empty_8, i32 0, i32 0, void @empty_0, i32 0, i32 0, void @empty_0, void @empty_0, void @empty_0, i32 0, i32 0, i32 0, i32 0, void @empty_0, void @empty_0, i32 4294967295, i32 0"   --->   Operation 39 'specinterface' 'specinterface_ln0' <Predicate = true> <Delay = 0.00>
ST_1 : Operation 40 [1/1] (2.00ns)   --->   "%icmp_ln25 = icmp_sgt  i32 %vSize_read, i32 0" [template/template.cpp:25]   --->   Operation 40 'icmp' 'icmp_ln25' <Predicate = true> <Delay = 2.00> <CoreInst = "Cmp">   --->   Core 9 'Cmp' <Latency = 0> <II = 1> <Delay = 2.00> <FuncUnit> <Opcode : 'icmp'> <InPorts = 2> <OutPorts = 1>
ST_1 : Operation 41 [1/1] (0.63ns)   --->   "%empty = select i1 %icmp_ln25, i31 %trunc_ln21, i31 0" [template/template.cpp:25]   --->   Operation 41 'select' 'empty' <Predicate = true> <Delay = 0.63> <CoreInst = "Sel">   --->   Core 73 'Sel' <Latency = 0> <II = 1> <Delay = 0.63> <FuncUnit> <Opcode : 'select'> <InPorts = 3> <OutPorts = 1>
ST_1 : Operation 42 [1/1] (0.00ns)   --->   "%zext_ln25 = zext i31 %empty" [template/template.cpp:25]   --->   Operation 42 'zext' 'zext_ln25' <Predicate = true> <Delay = 0.00>
ST_1 : Operation 43 [1/1] (0.00ns)   --->   "%trunc_ln25_2 = partselect i57 @_ssdm_op_PartSelect.i57.i64.i32.i32, i64 %out_r_read, i32 7, i32 63" [template/template.cpp:25]   --->   Operation 43 'partselect' 'trunc_ln25_2' <Predicate = true> <Delay = 0.00>
ST_1 : Operation 44 [1/1] (0.00ns)   --->   "%sext_ln25_2 = sext i57 %trunc_ln25_2" [template/template.cpp:25]   --->   Operation 44 'sext' 'sext_ln25_2' <Predicate = true> <Delay = 0.00>
ST_1 : Operation 45 [1/1] (0.00ns)   --->   "%gmem0_addr_1 = getelementptr i1024 %gmem0, i64 %sext_ln25_2" [template/template.cpp:25]   --->   Operation 45 'getelementptr' 'gmem0_addr_1' <Predicate = true> <Delay = 0.00>
ST_1 : Operation 46 [1/1] (1.17ns)   --->   "%store_ln0 = store i31 0, i31 %i"   --->   Operation 46 'store' 'store_ln0' <Predicate = true> <Delay = 1.17>
ST_1 : Operation 47 [1/1] (1.17ns)   --->   "%br_ln25 = br void %for.body" [template/template.cpp:25]   --->   Operation 47 'br' 'br_ln25' <Predicate = true> <Delay = 1.17>

State 2 <SV = 1> <Delay = 3.99>
ST_2 : Operation 48 [1/1] (0.00ns)   --->   "%first_iter_0 = phi i1 0, void %new.latch.for.body.split, i1 1, void %entry"   --->   Operation 48 'phi' 'first_iter_0' <Predicate = true> <Delay = 0.00>
ST_2 : Operation 49 [1/1] (0.00ns)   --->   "%i_load = load i31 %i" [template/template.cpp:25]   --->   Operation 49 'load' 'i_load' <Predicate = true> <Delay = 0.00>
ST_2 : Operation 50 [1/1] (0.00ns)   --->   "%zext_ln25_1 = zext i31 %i_load" [template/template.cpp:25]   --->   Operation 50 'zext' 'zext_ln25_1' <Predicate = true> <Delay = 0.00>
ST_2 : Operation 51 [1/1] (2.00ns)   --->   "%icmp_ln25_1 = icmp_slt  i32 %zext_ln25_1, i32 %vSize_read" [template/template.cpp:25]   --->   Operation 51 'icmp' 'icmp_ln25_1' <Predicate = true> <Delay = 2.00> <CoreInst = "Cmp">   --->   Core 9 'Cmp' <Latency = 0> <II = 1> <Delay = 2.00> <FuncUnit> <Opcode : 'icmp'> <InPorts = 2> <OutPorts = 1>
ST_2 : Operation 52 [1/1] (1.99ns)   --->   "%add_ln25 = add i32 %zext_ln25_1, i32 1" [template/template.cpp:25]   --->   Operation 52 'add' 'add_ln25' <Predicate = true> <Delay = 1.99> <CoreInst = "Adder">   --->   Core 1 'Adder' <Latency = 0> <II = 1> <Delay = 2.00> <FuncUnit> <Opcode : 'add' 'sub'> <InPorts = 2> <OutPorts = 1>
ST_2 : Operation 53 [1/1] (0.00ns)   --->   "%trunc_ln25 = trunc i32 %add_ln25" [template/template.cpp:25]   --->   Operation 53 'trunc' 'trunc_ln25' <Predicate = true> <Delay = 0.00>
ST_2 : Operation 54 [1/1] (0.00ns)   --->   "%br_ln25 = br i1 %icmp_ln25_1, void %for.end.loopexit, void %new.body.for.body" [template/template.cpp:25]   --->   Operation 54 'br' 'br_ln25' <Predicate = true> <Delay = 0.00>
ST_2 : Operation 55 [1/1] (0.00ns)   --->   "%br_ln25 = br i1 %first_iter_0, void %for.body.split, void %for.first.iter.for.body" [template/template.cpp:25]   --->   Operation 55 'br' 'br_ln25' <Predicate = (icmp_ln25_1)> <Delay = 0.00>
ST_2 : Operation 56 [1/1] (2.00ns)   --->   "%icmp_ln25_2 = icmp_slt  i32 %add_ln25, i32 %vSize_read" [template/template.cpp:25]   --->   Operation 56 'icmp' 'icmp_ln25_2' <Predicate = (icmp_ln25_1)> <Delay = 2.00> <CoreInst = "Cmp">   --->   Core 9 'Cmp' <Latency = 0> <II = 1> <Delay = 2.00> <FuncUnit> <Opcode : 'icmp'> <InPorts = 2> <OutPorts = 1>
ST_2 : Operation 57 [1/1] (0.00ns)   --->   "%br_ln25 = br i1 %icmp_ln25_2, void %last.iter.for.body.split, void %new.latch.for.body.split" [template/template.cpp:25]   --->   Operation 57 'br' 'br_ln25' <Predicate = (icmp_ln25_1)> <Delay = 0.00>
ST_2 : Operation 58 [1/1] (1.17ns)   --->   "%store_ln25 = store i31 %trunc_ln25, i31 %i" [template/template.cpp:25]   --->   Operation 58 'store' 'store_ln25' <Predicate = (icmp_ln25_1)> <Delay = 1.17>
ST_2 : Operation 59 [1/1] (0.00ns)   --->   "%br_ln25 = br void %for.body" [template/template.cpp:25]   --->   Operation 59 'br' 'br_ln25' <Predicate = (icmp_ln25_1)> <Delay = 0.00>

State 3 <SV = 2> <Delay = 7.30>
ST_3 : Operation 60 [1/1] (0.00ns)   --->   "%trunc_ln1 = partselect i57 @_ssdm_op_PartSelect.i57.i64.i32.i32, i64 %in1_read, i32 7, i32 63" [template/template.cpp:25]   --->   Operation 60 'partselect' 'trunc_ln1' <Predicate = true> <Delay = 0.00>
ST_3 : Operation 61 [1/1] (0.00ns)   --->   "%sext_ln25 = sext i57 %trunc_ln1" [template/template.cpp:25]   --->   Operation 61 'sext' 'sext_ln25' <Predicate = true> <Delay = 0.00>
ST_3 : Operation 62 [1/1] (0.00ns)   --->   "%gmem0_addr = getelementptr i1024 %gmem0, i64 %sext_ln25" [template/template.cpp:25]   --->   Operation 62 'getelementptr' 'gmem0_addr' <Predicate = true> <Delay = 0.00>
ST_3 : Operation 63 [1/1] (0.00ns)   --->   "%trunc_ln25_1 = partselect i57 @_ssdm_op_PartSelect.i57.i64.i32.i32, i64 %in2_read, i32 7, i32 63" [template/template.cpp:25]   --->   Operation 63 'partselect' 'trunc_ln25_1' <Predicate = true> <Delay = 0.00>
ST_3 : Operation 64 [1/1] (0.00ns)   --->   "%sext_ln25_1 = sext i57 %trunc_ln25_1" [template/template.cpp:25]   --->   Operation 64 'sext' 'sext_ln25_1' <Predicate = true> <Delay = 0.00>
ST_3 : Operation 65 [1/1] (0.00ns)   --->   "%gmem1_addr = getelementptr i1024 %gmem1, i64 %sext_ln25_1" [template/template.cpp:25]   --->   Operation 65 'getelementptr' 'gmem1_addr' <Predicate = true> <Delay = 0.00>
ST_3 : Operation 66 [8/8] (7.30ns)   --->   "%empty_17 = readreq i1 @_ssdm_op_ReadReq.m_axi.p1i1024, i64 %gmem0_addr, i32 %zext_ln25" [template/template.cpp:25]   --->   Operation 66 'readreq' 'empty_17' <Predicate = (first_iter_0)> <Delay = 7.30> <CoreInst = "m_axi">   --->   Core 113 'm_axi' <Latency = 0> <II = 1> <Delay = 1.00> <Adapter> <Opcode : 'read' 'write' 'readreq' 'writereq' 'writeresp'>
ST_3 : Operation 67 [8/8] (7.30ns)   --->   "%empty_18 = readreq i1 @_ssdm_op_ReadReq.m_axi.p1i1024, i64 %gmem1_addr, i32 %zext_ln25" [template/template.cpp:25]   --->   Operation 67 'readreq' 'empty_18' <Predicate = (first_iter_0)> <Delay = 7.30> <CoreInst = "m_axi">   --->   Core 113 'm_axi' <Latency = 0> <II = 1> <Delay = 1.00> <Adapter> <Opcode : 'read' 'write' 'readreq' 'writereq' 'writeresp'>
ST_3 : Operation 68 [1/1] (7.30ns)   --->   "%empty_19 = writereq i1 @_ssdm_op_WriteReq.m_axi.p1i1024, i64 %gmem0_addr_1, i32 %zext_ln25" [template/template.cpp:25]   --->   Operation 68 'writereq' 'empty_19' <Predicate = (first_iter_0)> <Delay = 7.30> <CoreInst = "m_axi">   --->   Core 113 'm_axi' <Latency = 0> <II = 1> <Delay = 1.00> <Adapter> <Opcode : 'read' 'write' 'readreq' 'writereq' 'writeresp'>

State 4 <SV = 3> <Delay = 7.30>
ST_4 : Operation 69 [7/8] (7.30ns)   --->   "%empty_17 = readreq i1 @_ssdm_op_ReadReq.m_axi.p1i1024, i64 %gmem0_addr, i32 %zext_ln25" [template/template.cpp:25]   --->   Operation 69 'readreq' 'empty_17' <Predicate = (first_iter_0)> <Delay = 7.30> <CoreInst = "m_axi">   --->   Core 113 'm_axi' <Latency = 0> <II = 1> <Delay = 1.00> <Adapter> <Opcode : 'read' 'write' 'readreq' 'writereq' 'writeresp'>
ST_4 : Operation 70 [7/8] (7.30ns)   --->   "%empty_18 = readreq i1 @_ssdm_op_ReadReq.m_axi.p1i1024, i64 %gmem1_addr, i32 %zext_ln25" [template/template.cpp:25]   --->   Operation 70 'readreq' 'empty_18' <Predicate = (first_iter_0)> <Delay = 7.30> <CoreInst = "m_axi">   --->   Core 113 'm_axi' <Latency = 0> <II = 1> <Delay = 1.00> <Adapter> <Opcode : 'read' 'write' 'readreq' 'writereq' 'writeresp'>

State 5 <SV = 4> <Delay = 7.30>
ST_5 : Operation 71 [6/8] (7.30ns)   --->   "%empty_17 = readreq i1 @_ssdm_op_ReadReq.m_axi.p1i1024, i64 %gmem0_addr, i32 %zext_ln25" [template/template.cpp:25]   --->   Operation 71 'readreq' 'empty_17' <Predicate = (first_iter_0)> <Delay = 7.30> <CoreInst = "m_axi">   --->   Core 113 'm_axi' <Latency = 0> <II = 1> <Delay = 1.00> <Adapter> <Opcode : 'read' 'write' 'readreq' 'writereq' 'writeresp'>
ST_5 : Operation 72 [6/8] (7.30ns)   --->   "%empty_18 = readreq i1 @_ssdm_op_ReadReq.m_axi.p1i1024, i64 %gmem1_addr, i32 %zext_ln25" [template/template.cpp:25]   --->   Operation 72 'readreq' 'empty_18' <Predicate = (first_iter_0)> <Delay = 7.30> <CoreInst = "m_axi">   --->   Core 113 'm_axi' <Latency = 0> <II = 1> <Delay = 1.00> <Adapter> <Opcode : 'read' 'write' 'readreq' 'writereq' 'writeresp'>

State 6 <SV = 5> <Delay = 7.30>
ST_6 : Operation 73 [5/8] (7.30ns)   --->   "%empty_17 = readreq i1 @_ssdm_op_ReadReq.m_axi.p1i1024, i64 %gmem0_addr, i32 %zext_ln25" [template/template.cpp:25]   --->   Operation 73 'readreq' 'empty_17' <Predicate = (first_iter_0)> <Delay = 7.30> <CoreInst = "m_axi">   --->   Core 113 'm_axi' <Latency = 0> <II = 1> <Delay = 1.00> <Adapter> <Opcode : 'read' 'write' 'readreq' 'writereq' 'writeresp'>
ST_6 : Operation 74 [5/8] (7.30ns)   --->   "%empty_18 = readreq i1 @_ssdm_op_ReadReq.m_axi.p1i1024, i64 %gmem1_addr, i32 %zext_ln25" [template/template.cpp:25]   --->   Operation 74 'readreq' 'empty_18' <Predicate = (first_iter_0)> <Delay = 7.30> <CoreInst = "m_axi">   --->   Core 113 'm_axi' <Latency = 0> <II = 1> <Delay = 1.00> <Adapter> <Opcode : 'read' 'write' 'readreq' 'writereq' 'writeresp'>

State 7 <SV = 6> <Delay = 7.30>
ST_7 : Operation 75 [4/8] (7.30ns)   --->   "%empty_17 = readreq i1 @_ssdm_op_ReadReq.m_axi.p1i1024, i64 %gmem0_addr, i32 %zext_ln25" [template/template.cpp:25]   --->   Operation 75 'readreq' 'empty_17' <Predicate = (first_iter_0)> <Delay = 7.30> <CoreInst = "m_axi">   --->   Core 113 'm_axi' <Latency = 0> <II = 1> <Delay = 1.00> <Adapter> <Opcode : 'read' 'write' 'readreq' 'writereq' 'writeresp'>
ST_7 : Operation 76 [4/8] (7.30ns)   --->   "%empty_18 = readreq i1 @_ssdm_op_ReadReq.m_axi.p1i1024, i64 %gmem1_addr, i32 %zext_ln25" [template/template.cpp:25]   --->   Operation 76 'readreq' 'empty_18' <Predicate = (first_iter_0)> <Delay = 7.30> <CoreInst = "m_axi">   --->   Core 113 'm_axi' <Latency = 0> <II = 1> <Delay = 1.00> <Adapter> <Opcode : 'read' 'write' 'readreq' 'writereq' 'writeresp'>

State 8 <SV = 7> <Delay = 7.30>
ST_8 : Operation 77 [3/8] (7.30ns)   --->   "%empty_17 = readreq i1 @_ssdm_op_ReadReq.m_axi.p1i1024, i64 %gmem0_addr, i32 %zext_ln25" [template/template.cpp:25]   --->   Operation 77 'readreq' 'empty_17' <Predicate = (first_iter_0)> <Delay = 7.30> <CoreInst = "m_axi">   --->   Core 113 'm_axi' <Latency = 0> <II = 1> <Delay = 1.00> <Adapter> <Opcode : 'read' 'write' 'readreq' 'writereq' 'writeresp'>
ST_8 : Operation 78 [3/8] (7.30ns)   --->   "%empty_18 = readreq i1 @_ssdm_op_ReadReq.m_axi.p1i1024, i64 %gmem1_addr, i32 %zext_ln25" [template/template.cpp:25]   --->   Operation 78 'readreq' 'empty_18' <Predicate = (first_iter_0)> <Delay = 7.30> <CoreInst = "m_axi">   --->   Core 113 'm_axi' <Latency = 0> <II = 1> <Delay = 1.00> <Adapter> <Opcode : 'read' 'write' 'readreq' 'writereq' 'writeresp'>

State 9 <SV = 8> <Delay = 7.30>
ST_9 : Operation 79 [2/8] (7.30ns)   --->   "%empty_17 = readreq i1 @_ssdm_op_ReadReq.m_axi.p1i1024, i64 %gmem0_addr, i32 %zext_ln25" [template/template.cpp:25]   --->   Operation 79 'readreq' 'empty_17' <Predicate = (first_iter_0)> <Delay = 7.30> <CoreInst = "m_axi">   --->   Core 113 'm_axi' <Latency = 0> <II = 1> <Delay = 1.00> <Adapter> <Opcode : 'read' 'write' 'readreq' 'writereq' 'writeresp'>
ST_9 : Operation 80 [2/8] (7.30ns)   --->   "%empty_18 = readreq i1 @_ssdm_op_ReadReq.m_axi.p1i1024, i64 %gmem1_addr, i32 %zext_ln25" [template/template.cpp:25]   --->   Operation 80 'readreq' 'empty_18' <Predicate = (first_iter_0)> <Delay = 7.30> <CoreInst = "m_axi">   --->   Core 113 'm_axi' <Latency = 0> <II = 1> <Delay = 1.00> <Adapter> <Opcode : 'read' 'write' 'readreq' 'writereq' 'writeresp'>

State 10 <SV = 9> <Delay = 7.30>
ST_10 : Operation 81 [1/8] (7.30ns)   --->   "%empty_17 = readreq i1 @_ssdm_op_ReadReq.m_axi.p1i1024, i64 %gmem0_addr, i32 %zext_ln25" [template/template.cpp:25]   --->   Operation 81 'readreq' 'empty_17' <Predicate = (first_iter_0)> <Delay = 7.30> <CoreInst = "m_axi">   --->   Core 113 'm_axi' <Latency = 0> <II = 1> <Delay = 1.00> <Adapter> <Opcode : 'read' 'write' 'readreq' 'writereq' 'writeresp'>
ST_10 : Operation 82 [1/8] (7.30ns)   --->   "%empty_18 = readreq i1 @_ssdm_op_ReadReq.m_axi.p1i1024, i64 %gmem1_addr, i32 %zext_ln25" [template/template.cpp:25]   --->   Operation 82 'readreq' 'empty_18' <Predicate = (first_iter_0)> <Delay = 7.30> <CoreInst = "m_axi">   --->   Core 113 'm_axi' <Latency = 0> <II = 1> <Delay = 1.00> <Adapter> <Opcode : 'read' 'write' 'readreq' 'writereq' 'writeresp'>
ST_10 : Operation 83 [1/1] (0.00ns)   --->   "%br_ln25 = br void %for.body.split" [template/template.cpp:25]   --->   Operation 83 'br' 'br_ln25' <Predicate = (first_iter_0)> <Delay = 0.00>

State 11 <SV = 10> <Delay = 7.30>
ST_11 : Operation 84 [1/1] (7.30ns)   --->   "%gmem0_addr_read = read i1024 @_ssdm_op_Read.m_axi.p1i1024, i64 %gmem0_addr" [template/template.cpp:26]   --->   Operation 84 'read' 'gmem0_addr_read' <Predicate = true> <Delay = 7.30> <CoreInst = "m_axi">   --->   Core 113 'm_axi' <Latency = 0> <II = 1> <Delay = 1.00> <Adapter> <Opcode : 'read' 'write' 'readreq' 'writereq' 'writeresp'>
ST_11 : Operation 85 [1/1] (0.00ns)   --->   "%trunc_ln26 = trunc i1024 %gmem0_addr_read" [template/template.cpp:26]   --->   Operation 85 'trunc' 'trunc_ln26' <Predicate = true> <Delay = 0.00>
ST_11 : Operation 86 [1/1] (7.30ns)   --->   "%gmem1_addr_read = read i1024 @_ssdm_op_Read.m_axi.p1i1024, i64 %gmem1_addr" [template/template.cpp:26]   --->   Operation 86 'read' 'gmem1_addr_read' <Predicate = true> <Delay = 7.30> <CoreInst = "m_axi">   --->   Core 113 'm_axi' <Latency = 0> <II = 1> <Delay = 1.00> <Adapter> <Opcode : 'read' 'write' 'readreq' 'writereq' 'writeresp'>
ST_11 : Operation 87 [1/1] (0.00ns)   --->   "%trunc_ln26_1 = trunc i1024 %gmem1_addr_read" [template/template.cpp:26]   --->   Operation 87 'trunc' 'trunc_ln26_1' <Predicate = true> <Delay = 0.00>

State 12 <SV = 11> <Delay = 2.75>
ST_12 : Operation 88 [2/2] (2.75ns)   --->   "%add_ln26 = add i1023 %trunc_ln26_1, i1023 %trunc_ln26" [template/template.cpp:26]   --->   Operation 88 'add' 'add_ln26' <Predicate = true> <Delay = 2.75> <CoreInst = "Adder">   --->   Core 1 'Adder' <Latency = 1> <II = 1> <Delay = 2.75> <FuncUnit> <Opcode : 'add' 'sub'> <InPorts = 2> <OutPorts = 1>

State 13 <SV = 12> <Delay = 2.75>
ST_13 : Operation 89 [1/2] (2.75ns)   --->   "%add_ln26 = add i1023 %trunc_ln26_1, i1023 %trunc_ln26" [template/template.cpp:26]   --->   Operation 89 'add' 'add_ln26' <Predicate = true> <Delay = 2.75> <CoreInst = "Adder">   --->   Core 1 'Adder' <Latency = 1> <II = 1> <Delay = 2.75> <FuncUnit> <Opcode : 'add' 'sub'> <InPorts = 2> <OutPorts = 1>

State 14 <SV = 13> <Delay = 7.30>
ST_14 : Operation 90 [1/1] (0.00ns)   --->   "%specpipeline_ln25 = specpipeline void @_ssdm_op_SpecPipeline, i32 4294967295, i32 0, i32 0, i32 0, void @empty_0" [template/template.cpp:25]   --->   Operation 90 'specpipeline' 'specpipeline_ln25' <Predicate = true> <Delay = 0.00>
ST_14 : Operation 91 [1/1] (0.00ns)   --->   "%specloopname_ln25 = specloopname void @_ssdm_op_SpecLoopName, void @empty_12" [template/template.cpp:25]   --->   Operation 91 'specloopname' 'specloopname_ln25' <Predicate = true> <Delay = 0.00>
ST_14 : Operation 92 [1/1] (0.00ns)   --->   "%zext_ln26 = zext i1023 %add_ln26" [template/template.cpp:26]   --->   Operation 92 'zext' 'zext_ln26' <Predicate = true> <Delay = 0.00>
ST_14 : Operation 93 [1/1] (7.30ns)   --->   "%write_ln26 = write void @_ssdm_op_Write.m_axi.p1i1024, i64 %gmem0_addr_1, i1024 %zext_ln26, i128 340282366920938463463374607431768211455" [template/template.cpp:26]   --->   Operation 93 'write' 'write_ln26' <Predicate = true> <Delay = 7.30> <CoreInst = "m_axi">   --->   Core 113 'm_axi' <Latency = 0> <II = 1> <Delay = 1.00> <Adapter> <Opcode : 'read' 'write' 'readreq' 'writereq' 'writeresp'>

State 15 <SV = 14> <Delay = 7.30>
ST_15 : Operation 94 [5/5] (7.30ns)   --->   "%empty_20 = writeresp i1 @_ssdm_op_WriteResp.m_axi.p1i1024, i64 %gmem0_addr_1" [template/template.cpp:28]   --->   Operation 94 'writeresp' 'empty_20' <Predicate = (!icmp_ln25_2)> <Delay = 7.30> <CoreInst = "m_axi">   --->   Core 113 'm_axi' <Latency = 0> <II = 1> <Delay = 1.00> <Adapter> <Opcode : 'read' 'write' 'readreq' 'writereq' 'writeresp'>

State 16 <SV = 15> <Delay = 7.30>
ST_16 : Operation 95 [4/5] (7.30ns)   --->   "%empty_20 = writeresp i1 @_ssdm_op_WriteResp.m_axi.p1i1024, i64 %gmem0_addr_1" [template/template.cpp:28]   --->   Operation 95 'writeresp' 'empty_20' <Predicate = (!icmp_ln25_2)> <Delay = 7.30> <CoreInst = "m_axi">   --->   Core 113 'm_axi' <Latency = 0> <II = 1> <Delay = 1.00> <Adapter> <Opcode : 'read' 'write' 'readreq' 'writereq' 'writeresp'>

State 17 <SV = 16> <Delay = 7.30>
ST_17 : Operation 96 [3/5] (7.30ns)   --->   "%empty_20 = writeresp i1 @_ssdm_op_WriteResp.m_axi.p1i1024, i64 %gmem0_addr_1" [template/template.cpp:28]   --->   Operation 96 'writeresp' 'empty_20' <Predicate = (!icmp_ln25_2)> <Delay = 7.30> <CoreInst = "m_axi">   --->   Core 113 'm_axi' <Latency = 0> <II = 1> <Delay = 1.00> <Adapter> <Opcode : 'read' 'write' 'readreq' 'writereq' 'writeresp'>

State 18 <SV = 17> <Delay = 7.30>
ST_18 : Operation 97 [2/5] (7.30ns)   --->   "%empty_20 = writeresp i1 @_ssdm_op_WriteResp.m_axi.p1i1024, i64 %gmem0_addr_1" [template/template.cpp:28]   --->   Operation 97 'writeresp' 'empty_20' <Predicate = (!icmp_ln25_2)> <Delay = 7.30> <CoreInst = "m_axi">   --->   Core 113 'm_axi' <Latency = 0> <II = 1> <Delay = 1.00> <Adapter> <Opcode : 'read' 'write' 'readreq' 'writereq' 'writeresp'>

State 19 <SV = 18> <Delay = 7.30>
ST_19 : Operation 98 [1/5] (7.30ns)   --->   "%empty_20 = writeresp i1 @_ssdm_op_WriteResp.m_axi.p1i1024, i64 %gmem0_addr_1" [template/template.cpp:28]   --->   Operation 98 'writeresp' 'empty_20' <Predicate = (!icmp_ln25_2)> <Delay = 7.30> <CoreInst = "m_axi">   --->   Core 113 'm_axi' <Latency = 0> <II = 1> <Delay = 1.00> <Adapter> <Opcode : 'read' 'write' 'readreq' 'writereq' 'writeresp'>
ST_19 : Operation 99 [1/1] (0.00ns)   --->   "%br_ln25 = br void %new.latch.for.body.split" [template/template.cpp:25]   --->   Operation 99 'br' 'br_ln25' <Predicate = (!icmp_ln25_2)> <Delay = 0.00>

State 20 <SV = 2> <Delay = 0.00>
ST_20 : Operation 100 [1/1] (0.00ns)   --->   "%ret_ln28 = ret" [template/template.cpp:28]   --->   Operation 100 'ret' 'ret_ln28' <Predicate = true> <Delay = 0.00>


============================================================
+ Verbose Summary: Binding
============================================================
STG Binding: 
---------------- STG Properties BEGIN ----------------
- Is combinational: 0
- Is one-state seq: 0
- Is datapath-only: 0
- Is pipelined: 0
- Is top level: 1
Port [ Return ] is wired: 1; IO mode=ap_ctrl_hs:ce=0
Port [ gmem0]:  wired=1; compound=1; hidden=0; nouse=0; global=0; static=0; extern=0; dir=2; type=4; pingpong=0; private_global=0; IO mode=m_axi:ce=0
Port [ gmem1]:  wired=1; compound=1; hidden=0; nouse=0; global=0; static=0; extern=0; dir=0; type=4; pingpong=0; private_global=0; IO mode=m_axi:ce=0
Port [ in1]:  wired=1; compound=0; hidden=0; nouse=0; global=0; static=0; extern=0; dir=0; type=0; pingpong=0; private_global=0; IO mode=ap_none:ce=0
Port [ in2]:  wired=1; compound=0; hidden=0; nouse=0; global=0; static=0; extern=0; dir=0; type=0; pingpong=0; private_global=0; IO mode=ap_none:ce=0
Port [ out_r]:  wired=1; compound=0; hidden=0; nouse=0; global=0; static=0; extern=0; dir=0; type=0; pingpong=0; private_global=0; IO mode=ap_none:ce=0
Port [ vSize]:  wired=1; compound=0; hidden=0; nouse=0; global=0; static=0; extern=0; dir=0; type=0; pingpong=0; private_global=0; IO mode=ap_none:ce=0
---------------- STG Properties END ------------------

---------------- Datapath Model BEGIN ----------------

<LifeTime>
<method=bitvector/>
i                  (alloca       ) [ 011111111111111111110]
vSize_read         (read         ) [ 001111111111111111110]
out_r_read         (read         ) [ 000000000000000000000]
in2_read           (read         ) [ 001111111111111111110]
in1_read           (read         ) [ 001111111111111111110]
trunc_ln21         (trunc        ) [ 000000000000000000000]
spectopmodule_ln21 (spectopmodule) [ 000000000000000000000]
specinterface_ln0  (specinterface) [ 000000000000000000000]
specbitsmap_ln0    (specbitsmap  ) [ 000000000000000000000]
specinterface_ln0  (specinterface) [ 000000000000000000000]
specbitsmap_ln0    (specbitsmap  ) [ 000000000000000000000]
specinterface_ln0  (specinterface) [ 000000000000000000000]
specinterface_ln0  (specinterface) [ 000000000000000000000]
specinterface_ln0  (specinterface) [ 000000000000000000000]
specinterface_ln0  (specinterface) [ 000000000000000000000]
specinterface_ln0  (specinterface) [ 000000000000000000000]
specinterface_ln0  (specinterface) [ 000000000000000000000]
specbitsmap_ln0    (specbitsmap  ) [ 000000000000000000000]
specinterface_ln0  (specinterface) [ 000000000000000000000]
icmp_ln25          (icmp         ) [ 000000000000000000000]
empty              (select       ) [ 000000000000000000000]
zext_ln25          (zext         ) [ 001111111111111111110]
trunc_ln25_2       (partselect   ) [ 000000000000000000000]
sext_ln25_2        (sext         ) [ 000000000000000000000]
gmem0_addr_1       (getelementptr) [ 001111111111111111110]
store_ln0          (store        ) [ 000000000000000000000]
br_ln25            (br           ) [ 011111111111111111110]
first_iter_0       (phi          ) [ 001111111111111111110]
i_load             (load         ) [ 000000000000000000000]
zext_ln25_1        (zext         ) [ 000000000000000000000]
icmp_ln25_1        (icmp         ) [ 001111111111111111110]
add_ln25           (add          ) [ 000000000000000000000]
trunc_ln25         (trunc        ) [ 000000000000000000000]
br_ln25            (br           ) [ 000000000000000000000]
br_ln25            (br           ) [ 000000000000000000000]
icmp_ln25_2        (icmp         ) [ 001111111111111111110]
br_ln25            (br           ) [ 000000000000000000000]
store_ln25         (store        ) [ 000000000000000000000]
br_ln25            (br           ) [ 011111111111111111110]
trunc_ln1          (partselect   ) [ 000000000000000000000]
sext_ln25          (sext         ) [ 000000000000000000000]
gmem0_addr         (getelementptr) [ 001011111111000000000]
trunc_ln25_1       (partselect   ) [ 000000000000000000000]
sext_ln25_1        (sext         ) [ 000000000000000000000]
gmem1_addr         (getelementptr) [ 001011111111000000000]
empty_19           (writereq     ) [ 000000000000000000000]
empty_17           (readreq      ) [ 000000000000000000000]
empty_18           (readreq      ) [ 000000000000000000000]
br_ln25            (br           ) [ 000000000000000000000]
gmem0_addr_read    (read         ) [ 000000000000000000000]
trunc_ln26         (trunc        ) [ 001000000000110000000]
gmem1_addr_read    (read         ) [ 000000000000000000000]
trunc_ln26_1       (trunc        ) [ 001000000000110000000]
add_ln26           (add          ) [ 001000000000001000000]
specpipeline_ln25  (specpipeline ) [ 000000000000000000000]
specloopname_ln25  (specloopname ) [ 000000000000000000000]
zext_ln26          (zext         ) [ 000000000000000000000]
write_ln26         (write        ) [ 000000000000000000000]
empty_20           (writeresp    ) [ 000000000000000000000]
br_ln25            (br           ) [ 000000000000000000000]
ret_ln28           (ret          ) [ 000000000000000000000]
</LifeTime>

<model>

<comp_list>
<comp id="0" class="1000" name="gmem0">
<pin_list>
<pin id="1" dir="1" index="0" bw="1" slack="0"/>
</pin_list>
<bind>
<StgValue><ssdm name="gmem0"/></StgValue>
</bind>
</comp>

<comp id="2" class="1000" name="gmem1">
<pin_list>
<pin id="3" dir="1" index="0" bw="1" slack="0"/>
</pin_list>
<bind>
<StgValue><ssdm name="gmem1"/></StgValue>
</bind>
</comp>

<comp id="4" class="1000" name="in1">
<pin_list>
<pin id="5" dir="1" index="0" bw="1" slack="0"/>
</pin_list>
<bind>
<StgValue><ssdm name="in1"/></StgValue>
</bind>
</comp>

<comp id="6" class="1000" name="in2">
<pin_list>
<pin id="7" dir="1" index="0" bw="1" slack="0"/>
</pin_list>
<bind>
<StgValue><ssdm name="in2"/></StgValue>
</bind>
</comp>

<comp id="8" class="1000" name="out_r">
<pin_list>
<pin id="9" dir="1" index="0" bw="1" slack="0"/>
</pin_list>
<bind>
<StgValue><ssdm name="out_r"/></StgValue>
</bind>
</comp>

<comp id="10" class="1000" name="vSize">
<pin_list>
<pin id="11" dir="1" index="0" bw="1" slack="0"/>
</pin_list>
<bind>
<StgValue><ssdm name="vSize"/></StgValue>
</bind>
</comp>

<comp id="12" class="1001" name="const_12">
<pin_list>
<pin id="13" dir="1" index="0" bw="1" slack="0"/>
</pin_list>
<bind>
<StgValue><ssdm name=""/></StgValue>
</bind>
</comp>

<comp id="14" class="1001" name="const_14">
<pin_list>
<pin id="15" dir="1" index="0" bw="1" slack="0"/>
</pin_list>
<bind>
<StgValue><ssdm name="_ssdm_op_Read.ap_auto.i32"/></StgValue>
</bind>
</comp>

<comp id="16" class="1001" name="const_16">
<pin_list>
<pin id="17" dir="1" index="0" bw="1" slack="0"/>
</pin_list>
<bind>
<StgValue><ssdm name="_ssdm_op_Read.s_axilite.i64"/></StgValue>
</bind>
</comp>

<comp id="18" class="1001" name="const_18">
<pin_list>
<pin id="19" dir="1" index="0" bw="1" slack="2147483647"/>
</pin_list>
<bind>
<StgValue><ssdm name="_ssdm_op_SpecTopModule"/></StgValue>
</bind>
</comp>

<comp id="20" class="1001" name="const_20">
<pin_list>
<pin id="21" dir="1" index="0" bw="1" slack="2147483647"/>
</pin_list>
<bind>
<StgValue><ssdm name="empty_11"/></StgValue>
</bind>
</comp>

<comp id="22" class="1001" name="const_22">
<pin_list>
<pin id="23" dir="1" index="0" bw="1" slack="2147483647"/>
</pin_list>
<bind>
<StgValue><ssdm name="_ssdm_op_SpecInterface"/></StgValue>
</bind>
</comp>

<comp id="24" class="1001" name="const_24">
<pin_list>
<pin id="25" dir="1" index="0" bw="1" slack="2147483647"/>
</pin_list>
<bind>
<StgValue><ssdm name="empty"/></StgValue>
</bind>
</comp>

<comp id="26" class="1001" name="const_26">
<pin_list>
<pin id="27" dir="1" index="0" bw="1" slack="0"/>
</pin_list>
<bind>
<StgValue><ssdm name=""/></StgValue>
</bind>
</comp>

<comp id="28" class="1001" name="const_28">
<pin_list>
<pin id="29" dir="1" index="0" bw="1" slack="2147483647"/>
</pin_list>
<bind>
<StgValue><ssdm name="empty_0"/></StgValue>
</bind>
</comp>

<comp id="30" class="1001" name="const_30">
<pin_list>
<pin id="31" dir="1" index="0" bw="1" slack="2147483647"/>
</pin_list>
<bind>
<StgValue><ssdm name=""/></StgValue>
</bind>
</comp>

<comp id="32" class="1001" name="const_32">
<pin_list>
<pin id="33" dir="1" index="0" bw="1" slack="2147483647"/>
</pin_list>
<bind>
<StgValue><ssdm name="empty_1"/></StgValue>
</bind>
</comp>

<comp id="34" class="1001" name="const_34">
<pin_list>
<pin id="35" dir="1" index="0" bw="1" slack="2147483647"/>
</pin_list>
<bind>
<StgValue><ssdm name="empty_2"/></StgValue>
</bind>
</comp>

<comp id="36" class="1001" name="const_36">
<pin_list>
<pin id="37" dir="1" index="0" bw="1" slack="2147483647"/>
</pin_list>
<bind>
<StgValue><ssdm name=""/></StgValue>
</bind>
</comp>

<comp id="38" class="1001" name="const_38">
<pin_list>
<pin id="39" dir="1" index="0" bw="1" slack="2147483647"/>
</pin_list>
<bind>
<StgValue><ssdm name=""/></StgValue>
</bind>
</comp>

<comp id="40" class="1001" name="const_40">
<pin_list>
<pin id="41" dir="1" index="0" bw="1" slack="2147483647"/>
</pin_list>
<bind>
<StgValue><ssdm name="_ssdm_op_SpecBitsMap"/></StgValue>
</bind>
</comp>

<comp id="42" class="1001" name="const_42">
<pin_list>
<pin id="43" dir="1" index="0" bw="1" slack="2147483647"/>
</pin_list>
<bind>
<StgValue><ssdm name="empty_3"/></StgValue>
</bind>
</comp>

<comp id="44" class="1001" name="const_44">
<pin_list>
<pin id="45" dir="1" index="0" bw="1" slack="2147483647"/>
</pin_list>
<bind>
<StgValue><ssdm name="empty_4"/></StgValue>
</bind>
</comp>

<comp id="46" class="1001" name="const_46">
<pin_list>
<pin id="47" dir="1" index="0" bw="1" slack="2147483647"/>
</pin_list>
<bind>
<StgValue><ssdm name="empty_5"/></StgValue>
</bind>
</comp>

<comp id="48" class="1001" name="const_48">
<pin_list>
<pin id="49" dir="1" index="0" bw="1" slack="2147483647"/>
</pin_list>
<bind>
<StgValue><ssdm name="empty_6"/></StgValue>
</bind>
</comp>

<comp id="50" class="1001" name="const_50">
<pin_list>
<pin id="51" dir="1" index="0" bw="1" slack="2147483647"/>
</pin_list>
<bind>
<StgValue><ssdm name="empty_7"/></StgValue>
</bind>
</comp>

<comp id="52" class="1001" name="const_52">
<pin_list>
<pin id="53" dir="1" index="0" bw="1" slack="2147483647"/>
</pin_list>
<bind>
<StgValue><ssdm name="empty_8"/></StgValue>
</bind>
</comp>

<comp id="54" class="1001" name="const_54">
<pin_list>
<pin id="55" dir="1" index="0" bw="1" slack="2147483647"/>
</pin_list>
<bind>
<StgValue><ssdm name="empty_9"/></StgValue>
</bind>
</comp>

<comp id="56" class="1001" name="const_56">
<pin_list>
<pin id="57" dir="1" index="0" bw="1" slack="2147483647"/>
</pin_list>
<bind>
<StgValue><ssdm name="empty_10"/></StgValue>
</bind>
</comp>

<comp id="58" class="1001" name="const_58">
<pin_list>
<pin id="59" dir="1" index="0" bw="1" slack="0"/>
</pin_list>
<bind>
<StgValue><ssdm name=""/></StgValue>
</bind>
</comp>

<comp id="60" class="1001" name="const_60">
<pin_list>
<pin id="61" dir="1" index="0" bw="1" slack="0"/>
</pin_list>
<bind>
<StgValue><ssdm name="_ssdm_op_PartSelect.i57.i64.i32.i32"/></StgValue>
</bind>
</comp>

<comp id="62" class="1001" name="const_62">
<pin_list>
<pin id="63" dir="1" index="0" bw="1" slack="0"/>
</pin_list>
<bind>
<StgValue><ssdm name=""/></StgValue>
</bind>
</comp>

<comp id="64" class="1001" name="const_64">
<pin_list>
<pin id="65" dir="1" index="0" bw="1" slack="0"/>
</pin_list>
<bind>
<StgValue><ssdm name=""/></StgValue>
</bind>
</comp>

<comp id="66" class="1001" name="const_66">
<pin_list>
<pin id="67" dir="1" index="0" bw="1" slack="0"/>
</pin_list>
<bind>
<StgValue><ssdm name=""/></StgValue>
</bind>
</comp>

<comp id="68" class="1001" name="const_68">
<pin_list>
<pin id="69" dir="1" index="0" bw="1" slack="1"/>
</pin_list>
<bind>
<StgValue><ssdm name=""/></StgValue>
</bind>
</comp>

<comp id="70" class="1001" name="const_70">
<pin_list>
<pin id="71" dir="1" index="0" bw="1" slack="0"/>
</pin_list>
<bind>
<StgValue><ssdm name="_ssdm_op_ReadReq.m_axi.p1i1024"/></StgValue>
</bind>
</comp>

<comp id="72" class="1001" name="const_72">
<pin_list>
<pin id="73" dir="1" index="0" bw="1" slack="0"/>
</pin_list>
<bind>
<StgValue><ssdm name="_ssdm_op_WriteReq.m_axi.p1i1024"/></StgValue>
</bind>
</comp>

<comp id="74" class="1001" name="const_74">
<pin_list>
<pin id="75" dir="1" index="0" bw="1" slack="0"/>
</pin_list>
<bind>
<StgValue><ssdm name="_ssdm_op_Read.m_axi.p1i1024"/></StgValue>
</bind>
</comp>

<comp id="76" class="1001" name="const_76">
<pin_list>
<pin id="77" dir="1" index="0" bw="1" slack="2147483647"/>
</pin_list>
<bind>
<StgValue><ssdm name="_ssdm_op_SpecPipeline"/></StgValue>
</bind>
</comp>

<comp id="78" class="1001" name="const_78">
<pin_list>
<pin id="79" dir="1" index="0" bw="1" slack="2147483647"/>
</pin_list>
<bind>
<StgValue><ssdm name="_ssdm_op_SpecLoopName"/></StgValue>
</bind>
</comp>

<comp id="80" class="1001" name="const_80">
<pin_list>
<pin id="81" dir="1" index="0" bw="1" slack="2147483647"/>
</pin_list>
<bind>
<StgValue><ssdm name="empty_12"/></StgValue>
</bind>
</comp>

<comp id="82" class="1001" name="const_82">
<pin_list>
<pin id="83" dir="1" index="0" bw="1" slack="0"/>
</pin_list>
<bind>
<StgValue><ssdm name="_ssdm_op_Write.m_axi.p1i1024"/></StgValue>
</bind>
</comp>

<comp id="84" class="1001" name="const_84">
<pin_list>
<pin id="85" dir="1" index="0" bw="1" slack="0"/>
</pin_list>
<bind>
<StgValue><ssdm name=""/></StgValue>
</bind>
</comp>

<comp id="86" class="1001" name="const_86">
<pin_list>
<pin id="87" dir="1" index="0" bw="1" slack="0"/>
</pin_list>
<bind>
<StgValue><ssdm name="_ssdm_op_WriteResp.m_axi.p1i1024"/></StgValue>
</bind>
</comp>

<comp id="88" class="1004" name="i_fu_88">
<pin_list>
<pin id="89" dir="0" index="0" bw="1" slack="0"/>
<pin id="90" dir="1" index="1" bw="31" slack="0"/>
</pin_list>
<bind>
<opcode="alloca(26) " fcode="alloca"/>
<opset="i/1 "/>
</bind>
</comp>

<comp id="92" class="1004" name="vSize_read_read_fu_92">
<pin_list>
<pin id="93" dir="0" index="0" bw="32" slack="0"/>
<pin id="94" dir="0" index="1" bw="32" slack="0"/>
<pin id="95" dir="1" index="2" bw="32" slack="0"/>
</pin_list>
<bind>
<opcode="read(1150) " fcode="read"/>
<opset="vSize_read/1 "/>
</bind>
</comp>

<comp id="98" class="1004" name="out_r_read_read_fu_98">
<pin_list>
<pin id="99" dir="0" index="0" bw="64" slack="0"/>
<pin id="100" dir="0" index="1" bw="64" slack="0"/>
<pin id="101" dir="1" index="2" bw="64" slack="0"/>
</pin_list>
<bind>
<opcode="read(1150) " fcode="read"/>
<opset="out_r_read/1 "/>
</bind>
</comp>

<comp id="104" class="1004" name="in2_read_read_fu_104">
<pin_list>
<pin id="105" dir="0" index="0" bw="64" slack="0"/>
<pin id="106" dir="0" index="1" bw="64" slack="0"/>
<pin id="107" dir="1" index="2" bw="64" slack="2"/>
</pin_list>
<bind>
<opcode="read(1150) " fcode="read"/>
<opset="in2_read/1 "/>
</bind>
</comp>

<comp id="110" class="1004" name="in1_read_read_fu_110">
<pin_list>
<pin id="111" dir="0" index="0" bw="64" slack="0"/>
<pin id="112" dir="0" index="1" bw="64" slack="0"/>
<pin id="113" dir="1" index="2" bw="64" slack="2"/>
</pin_list>
<bind>
<opcode="read(1150) " fcode="read"/>
<opset="in1_read/1 "/>
</bind>
</comp>

<comp id="116" class="1004" name="grp_readreq_fu_116">
<pin_list>
<pin id="117" dir="0" index="0" bw="1" slack="0"/>
<pin id="118" dir="0" index="1" bw="1024" slack="0"/>
<pin id="119" dir="0" index="2" bw="31" slack="2"/>
<pin id="120" dir="1" index="3" bw="1" slack="2147483647"/>
</pin_list>
<bind>
<opcode="readreq(1154) " fcode="readreq"/>
<opset="empty_17/3 "/>
</bind>
</comp>

<comp id="122" class="1004" name="grp_readreq_fu_122">
<pin_list>
<pin id="123" dir="0" index="0" bw="1" slack="0"/>
<pin id="124" dir="0" index="1" bw="1024" slack="0"/>
<pin id="125" dir="0" index="2" bw="31" slack="2"/>
<pin id="126" dir="1" index="3" bw="1" slack="2147483647"/>
</pin_list>
<bind>
<opcode="readreq(1154) " fcode="readreq"/>
<opset="empty_18/3 "/>
</bind>
</comp>

<comp id="128" class="1004" name="grp_writeresp_fu_128">
<pin_list>
<pin id="129" dir="0" index="0" bw="1" slack="0"/>
<pin id="130" dir="0" index="1" bw="1024" slack="2"/>
<pin id="131" dir="0" index="2" bw="31" slack="2"/>
<pin id="132" dir="1" index="3" bw="1" slack="2147483647"/>
</pin_list>
<bind>
<opcode="writereq(1155) writeresp(1158) " fcode="writeresp"/>
<opset="empty_19/3 empty_20/15 "/>
</bind>
</comp>

<comp id="134" class="1004" name="gmem0_addr_read_read_fu_134">
<pin_list>
<pin id="135" dir="0" index="0" bw="1024" slack="0"/>
<pin id="136" dir="0" index="1" bw="1024" slack="8"/>
<pin id="137" dir="1" index="2" bw="1024" slack="0"/>
</pin_list>
<bind>
<opcode="read(1150) " fcode="read"/>
<opset="gmem0_addr_read/11 "/>
</bind>
</comp>

<comp id="139" class="1004" name="gmem1_addr_read_read_fu_139">
<pin_list>
<pin id="140" dir="0" index="0" bw="1024" slack="0"/>
<pin id="141" dir="0" index="1" bw="1024" slack="8"/>
<pin id="142" dir="1" index="2" bw="1024" slack="0"/>
</pin_list>
<bind>
<opcode="read(1150) " fcode="read"/>
<opset="gmem1_addr_read/11 "/>
</bind>
</comp>

<comp id="144" class="1004" name="write_ln26_write_fu_144">
<pin_list>
<pin id="145" dir="0" index="0" bw="0" slack="0"/>
<pin id="146" dir="0" index="1" bw="1024" slack="13"/>
<pin id="147" dir="0" index="2" bw="1023" slack="0"/>
<pin id="148" dir="0" index="3" bw="1" slack="0"/>
<pin id="149" dir="1" index="4" bw="0" slack="2147483647"/>
</pin_list>
<bind>
<opcode="write(1151) " fcode="write"/>
<opset="write_ln26/14 "/>
</bind>
</comp>

<comp id="153" class="1005" name="first_iter_0_reg_153">
<pin_list>
<pin id="154" dir="0" index="0" bw="1" slack="1"/>
<pin id="155" dir="1" index="1" bw="1" slack="1"/>
</pin_list>
<bind>
<opset="first_iter_0 (phireg) "/>
</bind>
</comp>

<comp id="157" class="1004" name="first_iter_0_phi_fu_157">
<pin_list>
<pin id="158" dir="0" index="0" bw="1" slack="0"/>
<pin id="159" dir="0" index="1" bw="0" slack="2147483647"/>
<pin id="160" dir="0" index="2" bw="1" slack="1"/>
<pin id="161" dir="0" index="3" bw="0" slack="2147483647"/>
<pin id="162" dir="1" index="4" bw="1" slack="1"/>
</pin_list>
<bind>
<opcode="phi(47) " fcode="phi"/>
<opset="first_iter_0/2 "/>
</bind>
</comp>

<comp id="166" class="1004" name="trunc_ln21_fu_166">
<pin_list>
<pin id="167" dir="0" index="0" bw="32" slack="0"/>
<pin id="168" dir="1" index="1" bw="31" slack="0"/>
</pin_list>
<bind>
<opcode="trunc(33) " fcode="trunc"/>
<opset="trunc_ln21/1 "/>
</bind>
</comp>

<comp id="170" class="1004" name="icmp_ln25_fu_170">
<pin_list>
<pin id="171" dir="0" index="0" bw="32" slack="0"/>
<pin id="172" dir="0" index="1" bw="32" slack="0"/>
<pin id="173" dir="1" index="2" bw="1" slack="0"/>
</pin_list>
<bind>
<opcode="icmp(45) " fcode="icmp"/>
<opset="icmp_ln25/1 "/>
</bind>
</comp>

<comp id="176" class="1004" name="empty_fu_176">
<pin_list>
<pin id="177" dir="0" index="0" bw="1" slack="0"/>
<pin id="178" dir="0" index="1" bw="31" slack="0"/>
<pin id="179" dir="0" index="2" bw="31" slack="0"/>
<pin id="180" dir="1" index="3" bw="31" slack="0"/>
</pin_list>
<bind>
<opcode="select(49) " fcode="select"/>
<opset="empty/1 "/>
</bind>
</comp>

<comp id="184" class="1004" name="zext_ln25_fu_184">
<pin_list>
<pin id="185" dir="0" index="0" bw="31" slack="0"/>
<pin id="186" dir="1" index="1" bw="32" slack="2"/>
</pin_list>
<bind>
<opcode="zext(34) " fcode="zext"/>
<opset="zext_ln25/1 "/>
</bind>
</comp>

<comp id="188" class="1004" name="trunc_ln25_2_fu_188">
<pin_list>
<pin id="189" dir="0" index="0" bw="57" slack="0"/>
<pin id="190" dir="0" index="1" bw="64" slack="0"/>
<pin id="191" dir="0" index="2" bw="4" slack="0"/>
<pin id="192" dir="0" index="3" bw="7" slack="0"/>
<pin id="193" dir="1" index="4" bw="57" slack="0"/>
</pin_list>
<bind>
<opcode="partselect(1002) " fcode="partselect"/>
<opset="trunc_ln25_2/1 "/>
</bind>
</comp>

<comp id="198" class="1004" name="sext_ln25_2_fu_198">
<pin_list>
<pin id="199" dir="0" index="0" bw="57" slack="0"/>
<pin id="200" dir="1" index="1" bw="64" slack="0"/>
</pin_list>
<bind>
<opcode="sext(35) " fcode="sext"/>
<opset="sext_ln25_2/1 "/>
</bind>
</comp>

<comp id="202" class="1004" name="gmem0_addr_1_fu_202">
<pin_list>
<pin id="203" dir="0" index="0" bw="64" slack="0"/>
<pin id="204" dir="0" index="1" bw="64" slack="0"/>
<pin id="205" dir="1" index="2" bw="64" slack="2"/>
</pin_list>
<bind>
<opcode="getelementptr(29) " fcode="getelementptr"/>
<opset="gmem0_addr_1/1 "/>
</bind>
</comp>

<comp id="208" class="1004" name="store_ln0_store_fu_208">
<pin_list>
<pin id="209" dir="0" index="0" bw="1" slack="0"/>
<pin id="210" dir="0" index="1" bw="31" slack="0"/>
<pin id="211" dir="1" index="2" bw="0" slack="2147483647"/>
</pin_list>
<bind>
<opcode="store(28) " fcode="store"/>
<opset="store_ln0/1 "/>
</bind>
</comp>

<comp id="213" class="1004" name="i_load_load_fu_213">
<pin_list>
<pin id="214" dir="0" index="0" bw="31" slack="1"/>
<pin id="215" dir="1" index="1" bw="31" slack="0"/>
</pin_list>
<bind>
<opcode="load(27) " fcode="load"/>
<opset="i_load/2 "/>
</bind>
</comp>

<comp id="216" class="1004" name="zext_ln25_1_fu_216">
<pin_list>
<pin id="217" dir="0" index="0" bw="31" slack="0"/>
<pin id="218" dir="1" index="1" bw="32" slack="0"/>
</pin_list>
<bind>
<opcode="zext(34) " fcode="zext"/>
<opset="zext_ln25_1/2 "/>
</bind>
</comp>

<comp id="220" class="1004" name="icmp_ln25_1_fu_220">
<pin_list>
<pin id="221" dir="0" index="0" bw="32" slack="0"/>
<pin id="222" dir="0" index="1" bw="32" slack="1"/>
<pin id="223" dir="1" index="2" bw="1" slack="1"/>
</pin_list>
<bind>
<opcode="icmp(45) " fcode="icmp"/>
<opset="icmp_ln25_1/2 "/>
</bind>
</comp>

<comp id="225" class="1004" name="add_ln25_fu_225">
<pin_list>
<pin id="226" dir="0" index="0" bw="31" slack="0"/>
<pin id="227" dir="0" index="1" bw="1" slack="0"/>
<pin id="228" dir="1" index="2" bw="32" slack="0"/>
</pin_list>
<bind>
<opcode="add(8) " fcode="add"/>
<opset="add_ln25/2 "/>
</bind>
</comp>

<comp id="231" class="1004" name="trunc_ln25_fu_231">
<pin_list>
<pin id="232" dir="0" index="0" bw="32" slack="0"/>
<pin id="233" dir="1" index="1" bw="31" slack="0"/>
</pin_list>
<bind>
<opcode="trunc(33) " fcode="trunc"/>
<opset="trunc_ln25/2 "/>
</bind>
</comp>

<comp id="235" class="1004" name="icmp_ln25_2_fu_235">
<pin_list>
<pin id="236" dir="0" index="0" bw="32" slack="0"/>
<pin id="237" dir="0" index="1" bw="32" slack="1"/>
<pin id="238" dir="1" index="2" bw="1" slack="13"/>
</pin_list>
<bind>
<opcode="icmp(45) " fcode="icmp"/>
<opset="icmp_ln25_2/2 "/>
</bind>
</comp>

<comp id="240" class="1004" name="store_ln25_store_fu_240">
<pin_list>
<pin id="241" dir="0" index="0" bw="31" slack="0"/>
<pin id="242" dir="0" index="1" bw="31" slack="1"/>
<pin id="243" dir="1" index="2" bw="0" slack="2147483647"/>
</pin_list>
<bind>
<opcode="store(28) " fcode="store"/>
<opset="store_ln25/2 "/>
</bind>
</comp>

<comp id="245" class="1004" name="trunc_ln1_fu_245">
<pin_list>
<pin id="246" dir="0" index="0" bw="57" slack="0"/>
<pin id="247" dir="0" index="1" bw="64" slack="2"/>
<pin id="248" dir="0" index="2" bw="4" slack="0"/>
<pin id="249" dir="0" index="3" bw="7" slack="0"/>
<pin id="250" dir="1" index="4" bw="57" slack="0"/>
</pin_list>
<bind>
<opcode="partselect(1002) " fcode="partselect"/>
<opset="trunc_ln1/3 "/>
</bind>
</comp>

<comp id="254" class="1004" name="sext_ln25_fu_254">
<pin_list>
<pin id="255" dir="0" index="0" bw="57" slack="0"/>
<pin id="256" dir="1" index="1" bw="64" slack="0"/>
</pin_list>
<bind>
<opcode="sext(35) " fcode="sext"/>
<opset="sext_ln25/3 "/>
</bind>
</comp>

<comp id="258" class="1004" name="gmem0_addr_fu_258">
<pin_list>
<pin id="259" dir="0" index="0" bw="64" slack="0"/>
<pin id="260" dir="0" index="1" bw="64" slack="0"/>
<pin id="261" dir="1" index="2" bw="64" slack="0"/>
</pin_list>
<bind>
<opcode="getelementptr(29) " fcode="getelementptr"/>
<opset="gmem0_addr/3 "/>
</bind>
</comp>

<comp id="265" class="1004" name="trunc_ln25_1_fu_265">
<pin_list>
<pin id="266" dir="0" index="0" bw="57" slack="0"/>
<pin id="267" dir="0" index="1" bw="64" slack="2"/>
<pin id="268" dir="0" index="2" bw="4" slack="0"/>
<pin id="269" dir="0" index="3" bw="7" slack="0"/>
<pin id="270" dir="1" index="4" bw="57" slack="0"/>
</pin_list>
<bind>
<opcode="partselect(1002) " fcode="partselect"/>
<opset="trunc_ln25_1/3 "/>
</bind>
</comp>

<comp id="274" class="1004" name="sext_ln25_1_fu_274">
<pin_list>
<pin id="275" dir="0" index="0" bw="57" slack="0"/>
<pin id="276" dir="1" index="1" bw="64" slack="0"/>
</pin_list>
<bind>
<opcode="sext(35) " fcode="sext"/>
<opset="sext_ln25_1/3 "/>
</bind>
</comp>

<comp id="278" class="1004" name="gmem1_addr_fu_278">
<pin_list>
<pin id="279" dir="0" index="0" bw="64" slack="0"/>
<pin id="280" dir="0" index="1" bw="64" slack="0"/>
<pin id="281" dir="1" index="2" bw="64" slack="0"/>
</pin_list>
<bind>
<opcode="getelementptr(29) " fcode="getelementptr"/>
<opset="gmem1_addr/3 "/>
</bind>
</comp>

<comp id="285" class="1004" name="trunc_ln26_fu_285">
<pin_list>
<pin id="286" dir="0" index="0" bw="1024" slack="0"/>
<pin id="287" dir="1" index="1" bw="1023" slack="1"/>
</pin_list>
<bind>
<opcode="trunc(33) " fcode="trunc"/>
<opset="trunc_ln26/11 "/>
</bind>
</comp>

<comp id="289" class="1004" name="trunc_ln26_1_fu_289">
<pin_list>
<pin id="290" dir="0" index="0" bw="1024" slack="0"/>
<pin id="291" dir="1" index="1" bw="1023" slack="1"/>
</pin_list>
<bind>
<opcode="trunc(33) " fcode="trunc"/>
<opset="trunc_ln26_1/11 "/>
</bind>
</comp>

<comp id="293" class="1004" name="grp_fu_293">
<pin_list>
<pin id="294" dir="0" index="0" bw="1023" slack="1"/>
<pin id="295" dir="0" index="1" bw="1023" slack="1"/>
<pin id="296" dir="1" index="2" bw="1023" slack="1"/>
</pin_list>
<bind>
<opcode="add(8) " fcode="add"/>
<opset="add_ln26/12 "/>
</bind>
</comp>

<comp id="297" class="1004" name="zext_ln26_fu_297">
<pin_list>
<pin id="298" dir="0" index="0" bw="1023" slack="1"/>
<pin id="299" dir="1" index="1" bw="1024" slack="0"/>
</pin_list>
<bind>
<opcode="zext(34) " fcode="zext"/>
<opset="zext_ln26/14 "/>
</bind>
</comp>

<comp id="301" class="1005" name="i_reg_301">
<pin_list>
<pin id="302" dir="0" index="0" bw="31" slack="0"/>
<pin id="303" dir="1" index="1" bw="31" slack="0"/>
</pin_list>
<bind>
<opset="i "/>
</bind>
</comp>

<comp id="308" class="1005" name="vSize_read_reg_308">
<pin_list>
<pin id="309" dir="0" index="0" bw="32" slack="1"/>
<pin id="310" dir="1" index="1" bw="32" slack="1"/>
</pin_list>
<bind>
<opset="vSize_read "/>
</bind>
</comp>

<comp id="314" class="1005" name="in2_read_reg_314">
<pin_list>
<pin id="315" dir="0" index="0" bw="64" slack="2"/>
<pin id="316" dir="1" index="1" bw="64" slack="2"/>
</pin_list>
<bind>
<opset="in2_read "/>
</bind>
</comp>

<comp id="319" class="1005" name="in1_read_reg_319">
<pin_list>
<pin id="320" dir="0" index="0" bw="64" slack="2"/>
<pin id="321" dir="1" index="1" bw="64" slack="2"/>
</pin_list>
<bind>
<opset="in1_read "/>
</bind>
</comp>

<comp id="324" class="1005" name="zext_ln25_reg_324">
<pin_list>
<pin id="325" dir="0" index="0" bw="32" slack="2"/>
<pin id="326" dir="1" index="1" bw="32" slack="2"/>
</pin_list>
<bind>
<opset="zext_ln25 "/>
</bind>
</comp>

<comp id="331" class="1005" name="gmem0_addr_1_reg_331">
<pin_list>
<pin id="332" dir="0" index="0" bw="1024" slack="2"/>
<pin id="333" dir="1" index="1" bw="1024" slack="2"/>
</pin_list>
<bind>
<opset="gmem0_addr_1 "/>
</bind>
</comp>

<comp id="337" class="1005" name="icmp_ln25_1_reg_337">
<pin_list>
<pin id="338" dir="0" index="0" bw="1" slack="1"/>
<pin id="339" dir="1" index="1" bw="1" slack="2147483647"/>
</pin_list>
<bind>
<opset="icmp_ln25_1 "/>
</bind>
</comp>

<comp id="341" class="1005" name="icmp_ln25_2_reg_341">
<pin_list>
<pin id="342" dir="0" index="0" bw="1" slack="13"/>
<pin id="343" dir="1" index="1" bw="1" slack="2147483647"/>
</pin_list>
<bind>
<opset="icmp_ln25_2 "/>
</bind>
</comp>

<comp id="345" class="1005" name="gmem0_addr_reg_345">
<pin_list>
<pin id="346" dir="0" index="0" bw="1024" slack="1"/>
<pin id="347" dir="1" index="1" bw="1024" slack="1"/>
</pin_list>
<bind>
<opset="gmem0_addr "/>
</bind>
</comp>

<comp id="351" class="1005" name="gmem1_addr_reg_351">
<pin_list>
<pin id="352" dir="0" index="0" bw="1024" slack="1"/>
<pin id="353" dir="1" index="1" bw="1024" slack="1"/>
</pin_list>
<bind>
<opset="gmem1_addr "/>
</bind>
</comp>

<comp id="357" class="1005" name="trunc_ln26_reg_357">
<pin_list>
<pin id="358" dir="0" index="0" bw="1023" slack="1"/>
<pin id="359" dir="1" index="1" bw="1023" slack="1"/>
</pin_list>
<bind>
<opset="trunc_ln26 "/>
</bind>
</comp>

<comp id="362" class="1005" name="trunc_ln26_1_reg_362">
<pin_list>
<pin id="363" dir="0" index="0" bw="1023" slack="1"/>
<pin id="364" dir="1" index="1" bw="1023" slack="1"/>
</pin_list>
<bind>
<opset="trunc_ln26_1 "/>
</bind>
</comp>

<comp id="367" class="1005" name="add_ln26_reg_367">
<pin_list>
<pin id="368" dir="0" index="0" bw="1023" slack="1"/>
<pin id="369" dir="1" index="1" bw="1023" slack="1"/>
</pin_list>
<bind>
<opset="add_ln26 "/>
</bind>
</comp>

</comp_list>

<net_list>
<net id="91"><net_src comp="12" pin="0"/><net_sink comp="88" pin=0"/></net>

<net id="96"><net_src comp="14" pin="0"/><net_sink comp="92" pin=0"/></net>

<net id="97"><net_src comp="10" pin="0"/><net_sink comp="92" pin=1"/></net>

<net id="102"><net_src comp="16" pin="0"/><net_sink comp="98" pin=0"/></net>

<net id="103"><net_src comp="8" pin="0"/><net_sink comp="98" pin=1"/></net>

<net id="108"><net_src comp="16" pin="0"/><net_sink comp="104" pin=0"/></net>

<net id="109"><net_src comp="6" pin="0"/><net_sink comp="104" pin=1"/></net>

<net id="114"><net_src comp="16" pin="0"/><net_sink comp="110" pin=0"/></net>

<net id="115"><net_src comp="4" pin="0"/><net_sink comp="110" pin=1"/></net>

<net id="121"><net_src comp="70" pin="0"/><net_sink comp="116" pin=0"/></net>

<net id="127"><net_src comp="70" pin="0"/><net_sink comp="122" pin=0"/></net>

<net id="133"><net_src comp="72" pin="0"/><net_sink comp="128" pin=0"/></net>

<net id="138"><net_src comp="74" pin="0"/><net_sink comp="134" pin=0"/></net>

<net id="143"><net_src comp="74" pin="0"/><net_sink comp="139" pin=0"/></net>

<net id="150"><net_src comp="82" pin="0"/><net_sink comp="144" pin=0"/></net>

<net id="151"><net_src comp="84" pin="0"/><net_sink comp="144" pin=3"/></net>

<net id="152"><net_src comp="86" pin="0"/><net_sink comp="128" pin=0"/></net>

<net id="156"><net_src comp="68" pin="0"/><net_sink comp="153" pin=0"/></net>

<net id="163"><net_src comp="66" pin="0"/><net_sink comp="157" pin=0"/></net>

<net id="164"><net_src comp="153" pin="1"/><net_sink comp="157" pin=2"/></net>

<net id="165"><net_src comp="157" pin="4"/><net_sink comp="153" pin=0"/></net>

<net id="169"><net_src comp="92" pin="2"/><net_sink comp="166" pin=0"/></net>

<net id="174"><net_src comp="92" pin="2"/><net_sink comp="170" pin=0"/></net>

<net id="175"><net_src comp="26" pin="0"/><net_sink comp="170" pin=1"/></net>

<net id="181"><net_src comp="170" pin="2"/><net_sink comp="176" pin=0"/></net>

<net id="182"><net_src comp="166" pin="1"/><net_sink comp="176" pin=1"/></net>

<net id="183"><net_src comp="58" pin="0"/><net_sink comp="176" pin=2"/></net>

<net id="187"><net_src comp="176" pin="3"/><net_sink comp="184" pin=0"/></net>

<net id="194"><net_src comp="60" pin="0"/><net_sink comp="188" pin=0"/></net>

<net id="195"><net_src comp="98" pin="2"/><net_sink comp="188" pin=1"/></net>

<net id="196"><net_src comp="62" pin="0"/><net_sink comp="188" pin=2"/></net>

<net id="197"><net_src comp="64" pin="0"/><net_sink comp="188" pin=3"/></net>

<net id="201"><net_src comp="188" pin="4"/><net_sink comp="198" pin=0"/></net>

<net id="206"><net_src comp="0" pin="0"/><net_sink comp="202" pin=0"/></net>

<net id="207"><net_src comp="198" pin="1"/><net_sink comp="202" pin=1"/></net>

<net id="212"><net_src comp="58" pin="0"/><net_sink comp="208" pin=0"/></net>

<net id="219"><net_src comp="213" pin="1"/><net_sink comp="216" pin=0"/></net>

<net id="224"><net_src comp="216" pin="1"/><net_sink comp="220" pin=0"/></net>

<net id="229"><net_src comp="216" pin="1"/><net_sink comp="225" pin=0"/></net>

<net id="230"><net_src comp="12" pin="0"/><net_sink comp="225" pin=1"/></net>

<net id="234"><net_src comp="225" pin="2"/><net_sink comp="231" pin=0"/></net>

<net id="239"><net_src comp="225" pin="2"/><net_sink comp="235" pin=0"/></net>

<net id="244"><net_src comp="231" pin="1"/><net_sink comp="240" pin=0"/></net>

<net id="251"><net_src comp="60" pin="0"/><net_sink comp="245" pin=0"/></net>

<net id="252"><net_src comp="62" pin="0"/><net_sink comp="245" pin=2"/></net>

<net id="253"><net_src comp="64" pin="0"/><net_sink comp="245" pin=3"/></net>

<net id="257"><net_src comp="245" pin="4"/><net_sink comp="254" pin=0"/></net>

<net id="262"><net_src comp="0" pin="0"/><net_sink comp="258" pin=0"/></net>

<net id="263"><net_src comp="254" pin="1"/><net_sink comp="258" pin=1"/></net>

<net id="264"><net_src comp="258" pin="2"/><net_sink comp="116" pin=1"/></net>

<net id="271"><net_src comp="60" pin="0"/><net_sink comp="265" pin=0"/></net>

<net id="272"><net_src comp="62" pin="0"/><net_sink comp="265" pin=2"/></net>

<net id="273"><net_src comp="64" pin="0"/><net_sink comp="265" pin=3"/></net>

<net id="277"><net_src comp="265" pin="4"/><net_sink comp="274" pin=0"/></net>

<net id="282"><net_src comp="2" pin="0"/><net_sink comp="278" pin=0"/></net>

<net id="283"><net_src comp="274" pin="1"/><net_sink comp="278" pin=1"/></net>

<net id="284"><net_src comp="278" pin="2"/><net_sink comp="122" pin=1"/></net>

<net id="288"><net_src comp="134" pin="2"/><net_sink comp="285" pin=0"/></net>

<net id="292"><net_src comp="139" pin="2"/><net_sink comp="289" pin=0"/></net>

<net id="300"><net_src comp="297" pin="1"/><net_sink comp="144" pin=2"/></net>

<net id="304"><net_src comp="88" pin="1"/><net_sink comp="301" pin=0"/></net>

<net id="305"><net_src comp="301" pin="1"/><net_sink comp="208" pin=1"/></net>

<net id="306"><net_src comp="301" pin="1"/><net_sink comp="213" pin=0"/></net>

<net id="307"><net_src comp="301" pin="1"/><net_sink comp="240" pin=1"/></net>

<net id="311"><net_src comp="92" pin="2"/><net_sink comp="308" pin=0"/></net>

<net id="312"><net_src comp="308" pin="1"/><net_sink comp="220" pin=1"/></net>

<net id="313"><net_src comp="308" pin="1"/><net_sink comp="235" pin=1"/></net>

<net id="317"><net_src comp="104" pin="2"/><net_sink comp="314" pin=0"/></net>

<net id="318"><net_src comp="314" pin="1"/><net_sink comp="265" pin=1"/></net>

<net id="322"><net_src comp="110" pin="2"/><net_sink comp="319" pin=0"/></net>

<net id="323"><net_src comp="319" pin="1"/><net_sink comp="245" pin=1"/></net>

<net id="327"><net_src comp="184" pin="1"/><net_sink comp="324" pin=0"/></net>

<net id="328"><net_src comp="324" pin="1"/><net_sink comp="116" pin=2"/></net>

<net id="329"><net_src comp="324" pin="1"/><net_sink comp="122" pin=2"/></net>

<net id="330"><net_src comp="324" pin="1"/><net_sink comp="128" pin=2"/></net>

<net id="334"><net_src comp="202" pin="2"/><net_sink comp="331" pin=0"/></net>

<net id="335"><net_src comp="331" pin="1"/><net_sink comp="128" pin=1"/></net>

<net id="336"><net_src comp="331" pin="1"/><net_sink comp="144" pin=1"/></net>

<net id="340"><net_src comp="220" pin="2"/><net_sink comp="337" pin=0"/></net>

<net id="344"><net_src comp="235" pin="2"/><net_sink comp="341" pin=0"/></net>

<net id="348"><net_src comp="258" pin="2"/><net_sink comp="345" pin=0"/></net>

<net id="349"><net_src comp="345" pin="1"/><net_sink comp="116" pin=1"/></net>

<net id="350"><net_src comp="345" pin="1"/><net_sink comp="134" pin=1"/></net>

<net id="354"><net_src comp="278" pin="2"/><net_sink comp="351" pin=0"/></net>

<net id="355"><net_src comp="351" pin="1"/><net_sink comp="122" pin=1"/></net>

<net id="356"><net_src comp="351" pin="1"/><net_sink comp="139" pin=1"/></net>

<net id="360"><net_src comp="285" pin="1"/><net_sink comp="357" pin=0"/></net>

<net id="361"><net_src comp="357" pin="1"/><net_sink comp="293" pin=1"/></net>

<net id="365"><net_src comp="289" pin="1"/><net_sink comp="362" pin=0"/></net>

<net id="366"><net_src comp="362" pin="1"/><net_sink comp="293" pin=0"/></net>

<net id="370"><net_src comp="293" pin="2"/><net_sink comp="367" pin=0"/></net>

<net id="371"><net_src comp="367" pin="1"/><net_sink comp="297" pin=0"/></net>

</net_list>

</model> 
---------------- Datapath Model END ------------------

* FSMD analyzer results:
  - Output states:
	Port: gmem0 | {3 14 15 16 17 18 19 }
 - Input state : 
	Port: kernel : gmem0 | {3 4 5 6 7 8 9 10 11 }
	Port: kernel : gmem1 | {3 4 5 6 7 8 9 10 11 }
	Port: kernel : in1 | {1 }
	Port: kernel : in2 | {1 }
	Port: kernel : out_r | {1 }
	Port: kernel : vSize | {1 }
  - Chain level:
	State 1
		empty : 1
		zext_ln25 : 2
		sext_ln25_2 : 1
		gmem0_addr_1 : 2
		store_ln0 : 1
	State 2
		zext_ln25_1 : 1
		icmp_ln25_1 : 2
		add_ln25 : 2
		trunc_ln25 : 3
		br_ln25 : 3
		br_ln25 : 1
		icmp_ln25_2 : 3
		br_ln25 : 4
		store_ln25 : 4
	State 3
		sext_ln25 : 1
		gmem0_addr : 2
		sext_ln25_1 : 1
		gmem1_addr : 2
		empty_17 : 3
		empty_18 : 3
	State 4
	State 5
	State 6
	State 7
	State 8
	State 9
	State 10
	State 11
	State 12
	State 13
	State 14
		write_ln26 : 1
	State 15
	State 16
	State 17
	State 18
	State 19
	State 20


============================================================
+ Verbose Summary: Datapath Resource usage 
============================================================

* Functional unit list:
|----------|-----------------------------|---------|---------|
| Operation|       Functional Unit       |    FF   |   LUT   |
|----------|-----------------------------|---------|---------|
|    add   |       add_ln25_fu_225       |    0    |    38   |
|          |          grp_fu_293         |   580   |   132   |
|----------|-----------------------------|---------|---------|
|          |       icmp_ln25_fu_170      |    0    |    39   |
|   icmp   |      icmp_ln25_1_fu_220     |    0    |    39   |
|          |      icmp_ln25_2_fu_235     |    0    |    39   |
|----------|-----------------------------|---------|---------|
|  select  |         empty_fu_176        |    0    |    31   |
|----------|-----------------------------|---------|---------|
|          |    vSize_read_read_fu_92    |    0    |    0    |
|          |    out_r_read_read_fu_98    |    0    |    0    |
|   read   |     in2_read_read_fu_104    |    0    |    0    |
|          |     in1_read_read_fu_110    |    0    |    0    |
|          | gmem0_addr_read_read_fu_134 |    0    |    0    |
|          | gmem1_addr_read_read_fu_139 |    0    |    0    |
|----------|-----------------------------|---------|---------|
|  readreq |      grp_readreq_fu_116     |    0    |    0    |
|          |      grp_readreq_fu_122     |    0    |    0    |
|----------|-----------------------------|---------|---------|
| writeresp|     grp_writeresp_fu_128    |    0    |    0    |
|----------|-----------------------------|---------|---------|
|   write  |   write_ln26_write_fu_144   |    0    |    0    |
|----------|-----------------------------|---------|---------|
|          |      trunc_ln21_fu_166      |    0    |    0    |
|   trunc  |      trunc_ln25_fu_231      |    0    |    0    |
|          |      trunc_ln26_fu_285      |    0    |    0    |
|          |     trunc_ln26_1_fu_289     |    0    |    0    |
|----------|-----------------------------|---------|---------|
|          |       zext_ln25_fu_184      |    0    |    0    |
|   zext   |      zext_ln25_1_fu_216     |    0    |    0    |
|          |       zext_ln26_fu_297      |    0    |    0    |
|----------|-----------------------------|---------|---------|
|          |     trunc_ln25_2_fu_188     |    0    |    0    |
|partselect|       trunc_ln1_fu_245      |    0    |    0    |
|          |     trunc_ln25_1_fu_265     |    0    |    0    |
|----------|-----------------------------|---------|---------|
|          |      sext_ln25_2_fu_198     |    0    |    0    |
|   sext   |       sext_ln25_fu_254      |    0    |    0    |
|          |      sext_ln25_1_fu_274     |    0    |    0    |
|----------|-----------------------------|---------|---------|
|   Total  |                             |   580   |   318   |
|----------|-----------------------------|---------|---------|

Memories:
N/A

* Register list:
+--------------------+--------+
|                    |   FF   |
+--------------------+--------+
|  add_ln26_reg_367  |  1023  |
|first_iter_0_reg_153|    1   |
|gmem0_addr_1_reg_331|  1024  |
| gmem0_addr_reg_345 |  1024  |
| gmem1_addr_reg_351 |  1024  |
|      i_reg_301     |   31   |
| icmp_ln25_1_reg_337|    1   |
| icmp_ln25_2_reg_341|    1   |
|  in1_read_reg_319  |   64   |
|  in2_read_reg_314  |   64   |
|trunc_ln26_1_reg_362|  1023  |
| trunc_ln26_reg_357 |  1023  |
| vSize_read_reg_308 |   32   |
|  zext_ln25_reg_324 |   32   |
+--------------------+--------+
|        Total       |  6367  |
+--------------------+--------+

* Multiplexer (MUX) list: 
|----------------------|------|------|------|--------||---------||---------|
|         Comp         |  Pin | Size |  BW  | S x BW ||  Delay  ||   LUT   |
|----------------------|------|------|------|--------||---------||---------|
|  grp_readreq_fu_116  |  p1  |   2  | 1024 |  2048  ||    9    |
|  grp_readreq_fu_122  |  p1  |   2  | 1024 |  2048  ||    9    |
| grp_writeresp_fu_128 |  p0  |   2  |   1  |    2   |
| first_iter_0_reg_153 |  p0  |   2  |   1  |    2   ||    9    |
|----------------------|------|------|------|--------||---------||---------|
|         Total        |      |      |      |  4100  ||  4.692  ||    27   |
|----------------------|------|------|------|--------||---------||---------|



* Summary:
+-----------+--------+--------+--------+
|           |  Delay |   FF   |   LUT  |
+-----------+--------+--------+--------+
|  Function |    -   |   580  |   318  |
|   Memory  |    -   |    -   |    -   |
|Multiplexer|    4   |    -   |   27   |
|  Register |    -   |  6367  |    -   |
+-----------+--------+--------+--------+
|   Total   |    4   |  6947  |   345  |
+-----------+--------+--------+--------+
