Analysis & Synthesis report for SAD_reg_mem
Mon Dec  9 16:21:24 2024
Quartus II 32-bit Version 13.1.0 Build 162 10/23/2013 SJ Web Edition


---------------------
; Table of Contents ;
---------------------
  1. Legal Notice
  2. Analysis & Synthesis Summary
  3. Analysis & Synthesis Settings
  4. Parallel Compilation
  5. Analysis & Synthesis Source Files Read
  6. Analysis & Synthesis Resource Usage Summary
  7. Analysis & Synthesis Resource Utilization by Entity
  8. Registers Removed During Synthesis
  9. Removed Registers Triggering Further Register Optimizations
 10. General Register Statistics
 11. Parameter Settings for User Entity Instance: memory:rom1
 12. Parameter Settings for User Entity Instance: memory:rom2
 13. Parameter Settings for User Entity Instance: SAD_module_reg:SAD
 14. Parameter Settings for User Entity Instance: SAD_module_reg:SAD|diferences_layer:D
 15. Parameter Settings for User Entity Instance: SAD_module_reg:SAD|diferences_layer:D|diference:dif[0].d
 16. Parameter Settings for User Entity Instance: SAD_module_reg:SAD|diferences_layer:D|diference:dif[1].d
 17. Parameter Settings for User Entity Instance: SAD_module_reg:SAD|diferences_layer:D|diference:dif[2].d
 18. Parameter Settings for User Entity Instance: SAD_module_reg:SAD|diferences_layer:D|diference:dif[3].d
 19. Parameter Settings for User Entity Instance: SAD_module_reg:SAD|absolute_layer:A
 20. Parameter Settings for User Entity Instance: SAD_module_reg:SAD|absolute_layer:A|absolute:abs[0].a
 21. Parameter Settings for User Entity Instance: SAD_module_reg:SAD|absolute_layer:A|absolute:abs[1].a
 22. Parameter Settings for User Entity Instance: SAD_module_reg:SAD|absolute_layer:A|absolute:abs[2].a
 23. Parameter Settings for User Entity Instance: SAD_module_reg:SAD|absolute_layer:A|absolute:abs[3].a
 24. Parameter Settings for User Entity Instance: SAD_module_reg:SAD|sum_tree:S
 25. Parameter Settings for User Entity Instance: SAD_module_reg:SAD|sum_tree:S|sum_tree:sum_left
 26. Parameter Settings for User Entity Instance: SAD_module_reg:SAD|sum_tree:S|sum_tree:sum_left|adder:a
 27. Parameter Settings for User Entity Instance: SAD_module_reg:SAD|sum_tree:S|sum_tree:sum_right
 28. Parameter Settings for User Entity Instance: SAD_module_reg:SAD|sum_tree:S|sum_tree:sum_right|adder:a
 29. Parameter Settings for User Entity Instance: SAD_module_reg:SAD|sum_tree:S|adder:last_sum
 30. Port Connectivity Checks: "memory:rom2"
 31. Port Connectivity Checks: "memory:rom1"
 32. Elapsed Time Per Partition
 33. Analysis & Synthesis Messages
 34. Analysis & Synthesis Suppressed Messages



----------------
; Legal Notice ;
----------------
Copyright (C) 1991-2013 Altera Corporation
Your use of Altera Corporation's design tools, logic functions 
and other software and tools, and its AMPP partner logic 
functions, and any output files from any of the foregoing 
(including device programming or simulation files), and any 
associated documentation or information are expressly subject 
to the terms and conditions of the Altera Program License 
Subscription Agreement, Altera MegaCore Function License 
Agreement, or other applicable license agreement, including, 
without limitation, that your use is for the sole purpose of 
programming logic devices manufactured by Altera and sold by 
Altera or its authorized distributors.  Please refer to the 
applicable agreement for further details.



+---------------------------------------------------------------------------------+
; Analysis & Synthesis Summary                                                    ;
+------------------------------------+--------------------------------------------+
; Analysis & Synthesis Status        ; Successful - Mon Dec  9 16:21:24 2024      ;
; Quartus II 32-bit Version          ; 13.1.0 Build 162 10/23/2013 SJ Web Edition ;
; Revision Name                      ; SAD_reg_mem                                ;
; Top-level Entity Name              ; SAD_reg_mem                                ;
; Family                             ; Cyclone IV GX                              ;
; Total logic elements               ; 20                                         ;
;     Total combinational functions  ; 13                                         ;
;     Dedicated logic registers      ; 14                                         ;
; Total registers                    ; 14                                         ;
; Total pins                         ; 13                                         ;
; Total virtual pins                 ; 0                                          ;
; Total memory bits                  ; 0                                          ;
; Embedded Multiplier 9-bit elements ; 0                                          ;
; Total GXB Receiver Channel PCS     ; 0                                          ;
; Total GXB Receiver Channel PMA     ; 0                                          ;
; Total GXB Transmitter Channel PCS  ; 0                                          ;
; Total GXB Transmitter Channel PMA  ; 0                                          ;
; Total PLLs                         ; 0                                          ;
+------------------------------------+--------------------------------------------+


+----------------------------------------------------------------------------------------------------------------------+
; Analysis & Synthesis Settings                                                                                        ;
+----------------------------------------------------------------------------+--------------------+--------------------+
; Option                                                                     ; Setting            ; Default Value      ;
+----------------------------------------------------------------------------+--------------------+--------------------+
; Top-level entity name                                                      ; SAD_reg_mem        ; SAD_reg_mem        ;
; Family name                                                                ; Cyclone IV GX      ; Cyclone IV GX      ;
; Use smart compilation                                                      ; Off                ; Off                ;
; Enable parallel Assembler and TimeQuest Timing Analyzer during compilation ; On                 ; On                 ;
; Enable compact report table                                                ; Off                ; Off                ;
; Restructure Multiplexers                                                   ; Auto               ; Auto               ;
; Create Debugging Nodes for IP Cores                                        ; Off                ; Off                ;
; Preserve fewer node names                                                  ; On                 ; On                 ;
; Disable OpenCore Plus hardware evaluation                                  ; Off                ; Off                ;
; Verilog Version                                                            ; Verilog_2001       ; Verilog_2001       ;
; VHDL Version                                                               ; VHDL_1993          ; VHDL_1993          ;
; State Machine Processing                                                   ; Auto               ; Auto               ;
; Safe State Machine                                                         ; Off                ; Off                ;
; Extract Verilog State Machines                                             ; On                 ; On                 ;
; Extract VHDL State Machines                                                ; On                 ; On                 ;
; Ignore Verilog initial constructs                                          ; Off                ; Off                ;
; Iteration limit for constant Verilog loops                                 ; 5000               ; 5000               ;
; Iteration limit for non-constant Verilog loops                             ; 250                ; 250                ;
; Add Pass-Through Logic to Inferred RAMs                                    ; On                 ; On                 ;
; Infer RAMs from Raw Logic                                                  ; On                 ; On                 ;
; Parallel Synthesis                                                         ; On                 ; On                 ;
; DSP Block Balancing                                                        ; Auto               ; Auto               ;
; NOT Gate Push-Back                                                         ; On                 ; On                 ;
; Power-Up Don't Care                                                        ; On                 ; On                 ;
; Remove Redundant Logic Cells                                               ; Off                ; Off                ;
; Remove Duplicate Registers                                                 ; On                 ; On                 ;
; Ignore CARRY Buffers                                                       ; Off                ; Off                ;
; Ignore CASCADE Buffers                                                     ; Off                ; Off                ;
; Ignore GLOBAL Buffers                                                      ; Off                ; Off                ;
; Ignore ROW GLOBAL Buffers                                                  ; Off                ; Off                ;
; Ignore LCELL Buffers                                                       ; Off                ; Off                ;
; Ignore SOFT Buffers                                                        ; On                 ; On                 ;
; Limit AHDL Integers to 32 Bits                                             ; Off                ; Off                ;
; Optimization Technique                                                     ; Balanced           ; Balanced           ;
; Carry Chain Length                                                         ; 70                 ; 70                 ;
; Auto Carry Chains                                                          ; On                 ; On                 ;
; Auto Open-Drain Pins                                                       ; On                 ; On                 ;
; Perform WYSIWYG Primitive Resynthesis                                      ; Off                ; Off                ;
; Auto ROM Replacement                                                       ; On                 ; On                 ;
; Auto RAM Replacement                                                       ; On                 ; On                 ;
; Auto DSP Block Replacement                                                 ; On                 ; On                 ;
; Auto Shift Register Replacement                                            ; Auto               ; Auto               ;
; Allow Shift Register Merging across Hierarchies                            ; Auto               ; Auto               ;
; Auto Clock Enable Replacement                                              ; On                 ; On                 ;
; Strict RAM Replacement                                                     ; Off                ; Off                ;
; Allow Synchronous Control Signals                                          ; On                 ; On                 ;
; Force Use of Synchronous Clear Signals                                     ; Off                ; Off                ;
; Auto RAM Block Balancing                                                   ; On                 ; On                 ;
; Auto RAM to Logic Cell Conversion                                          ; Off                ; Off                ;
; Auto Resource Sharing                                                      ; Off                ; Off                ;
; Allow Any RAM Size For Recognition                                         ; Off                ; Off                ;
; Allow Any ROM Size For Recognition                                         ; Off                ; Off                ;
; Allow Any Shift Register Size For Recognition                              ; Off                ; Off                ;
; Use LogicLock Constraints during Resource Balancing                        ; On                 ; On                 ;
; Ignore translate_off and synthesis_off directives                          ; Off                ; Off                ;
; Timing-Driven Synthesis                                                    ; On                 ; On                 ;
; Report Parameter Settings                                                  ; On                 ; On                 ;
; Report Source Assignments                                                  ; On                 ; On                 ;
; Report Connectivity Checks                                                 ; On                 ; On                 ;
; Ignore Maximum Fan-Out Assignments                                         ; Off                ; Off                ;
; Synchronization Register Chain Length                                      ; 2                  ; 2                  ;
; PowerPlay Power Optimization                                               ; Normal compilation ; Normal compilation ;
; HDL message level                                                          ; Level2             ; Level2             ;
; Suppress Register Optimization Related Messages                            ; Off                ; Off                ;
; Number of Removed Registers Reported in Synthesis Report                   ; 5000               ; 5000               ;
; Number of Swept Nodes Reported in Synthesis Report                         ; 5000               ; 5000               ;
; Number of Inverted Registers Reported in Synthesis Report                  ; 100                ; 100                ;
; Clock MUX Protection                                                       ; On                 ; On                 ;
; Auto Gated Clock Conversion                                                ; Off                ; Off                ;
; Block Design Naming                                                        ; Auto               ; Auto               ;
; SDC constraint protection                                                  ; Off                ; Off                ;
; Synthesis Effort                                                           ; Auto               ; Auto               ;
; Shift Register Replacement - Allow Asynchronous Clear Signal               ; On                 ; On                 ;
; Pre-Mapping Resynthesis Optimization                                       ; Off                ; Off                ;
; Analysis & Synthesis Message Level                                         ; Medium             ; Medium             ;
; Disable Register Merging Across Hierarchies                                ; Auto               ; Auto               ;
; Resource Aware Inference For Block RAM                                     ; On                 ; On                 ;
; Synthesis Seed                                                             ; 1                  ; 1                  ;
+----------------------------------------------------------------------------+--------------------+--------------------+


Parallel compilation was disabled, but you have multiple processors available. Enable parallel compilation to reduce compilation time.
+-------------------------------------+
; Parallel Compilation                ;
+----------------------------+--------+
; Processors                 ; Number ;
+----------------------------+--------+
; Number detected on machine ; 12     ;
; Maximum allowed            ; 1      ;
+----------------------------+--------+


+--------------------------------------------------------------------------------------------------------------------------------------------------------------------------+
; Analysis & Synthesis Source Files Read                                                                                                                                   ;
+----------------------------------+-----------------+------------------------+----------------------------------------------------------------------------------+---------+
; File Name with User-Entered Path ; Used in Netlist ; File Type              ; File Name with Absolute Path                                                     ; Library ;
+----------------------------------+-----------------+------------------------+----------------------------------------------------------------------------------+---------+
; sum_tree.v                       ; yes             ; User Verilog HDL File  ; /home/gme/guilherme.manske/quartus/Verilog/SAD_module_reg_mem/sum_tree.v         ;         ;
; SAD_module_reg.v                 ; yes             ; User Verilog HDL File  ; /home/gme/guilherme.manske/quartus/Verilog/SAD_module_reg_mem/SAD_module_reg.v   ;         ;
; diferences_layer.v               ; yes             ; User Verilog HDL File  ; /home/gme/guilherme.manske/quartus/Verilog/SAD_module_reg_mem/diferences_layer.v ;         ;
; diference.v                      ; yes             ; User Verilog HDL File  ; /home/gme/guilherme.manske/quartus/Verilog/SAD_module_reg_mem/diference.v        ;         ;
; adder.v                          ; yes             ; User Verilog HDL File  ; /home/gme/guilherme.manske/quartus/Verilog/SAD_module_reg_mem/adder.v            ;         ;
; absolute_layer.v                 ; yes             ; User Verilog HDL File  ; /home/gme/guilherme.manske/quartus/Verilog/SAD_module_reg_mem/absolute_layer.v   ;         ;
; absolute.v                       ; yes             ; User Verilog HDL File  ; /home/gme/guilherme.manske/quartus/Verilog/SAD_module_reg_mem/absolute.v         ;         ;
; SAD_reg_mem.v                    ; yes             ; User Verilog HDL File  ; /home/gme/guilherme.manske/quartus/Verilog/SAD_module_reg_mem/SAD_reg_mem.v      ;         ;
; memory.v                         ; yes             ; User Verilog HDL File  ; /home/gme/guilherme.manske/quartus/Verilog/SAD_module_reg_mem/memory.v           ;         ;
+----------------------------------+-----------------+------------------------+----------------------------------------------------------------------------------+---------+


+---------------------------------------------+
; Analysis & Synthesis Resource Usage Summary ;
+--------------------------+------------------+
; Resource                 ; Usage            ;
+--------------------------+------------------+
; I/O pins                 ; 13               ;
; DSP block 9-bit elements ; 0                ;
; Maximum fan-out node     ; clk~input        ;
; Maximum fan-out          ; 14               ;
; Total fan-out            ; 72               ;
; Average fan-out          ; 1.36             ;
+--------------------------+------------------+


+----------------------------------------------------------------------------------------------------------------------------------------------------------------------------------------------------------------------------------------------+
; Analysis & Synthesis Resource Utilization by Entity                                                                                                                                                                                          ;
+-------------------------------+-------------------+--------------+-------------+--------------+---------+-----------+-----------+------+--------------+-----------------------------------------------------------------------+--------------+
; Compilation Hierarchy Node    ; LC Combinationals ; LC Registers ; Memory Bits ; DSP Elements ; DSP 9x9 ; DSP 18x18 ; DSP 36x36 ; Pins ; Virtual Pins ; Full Hierarchy Name                                                   ; Library Name ;
+-------------------------------+-------------------+--------------+-------------+--------------+---------+-----------+-----------+------+--------------+-----------------------------------------------------------------------+--------------+
; |SAD_reg_mem                  ; 13 (0)            ; 14 (0)       ; 0           ; 0            ; 0       ; 0         ; 0         ; 13   ; 0            ; |SAD_reg_mem                                                          ; work         ;
;    |SAD_module_reg:SAD|       ; 10 (4)            ; 9 (9)        ; 0           ; 0            ; 0       ; 0         ; 0         ; 0    ; 0            ; |SAD_reg_mem|SAD_module_reg:SAD                                       ; work         ;
;       |absolute_layer:A|      ; 1 (0)             ; 0 (0)        ; 0           ; 0            ; 0       ; 0         ; 0         ; 0    ; 0            ; |SAD_reg_mem|SAD_module_reg:SAD|absolute_layer:A                      ; work         ;
;          |absolute:abs[0].a|  ; 1 (1)             ; 0 (0)        ; 0           ; 0            ; 0       ; 0         ; 0         ; 0    ; 0            ; |SAD_reg_mem|SAD_module_reg:SAD|absolute_layer:A|absolute:abs[0].a    ; work         ;
;       |diferences_layer:D|    ; 5 (0)             ; 0 (0)        ; 0           ; 0            ; 0       ; 0         ; 0         ; 0    ; 0            ; |SAD_reg_mem|SAD_module_reg:SAD|diferences_layer:D                    ; work         ;
;          |diference:dif[0].d| ; 5 (5)             ; 0 (0)        ; 0           ; 0            ; 0       ; 0         ; 0         ; 0    ; 0            ; |SAD_reg_mem|SAD_module_reg:SAD|diferences_layer:D|diference:dif[0].d ; work         ;
;    |memory:rom1|              ; 0 (0)             ; 2 (2)        ; 0           ; 0            ; 0       ; 0         ; 0         ; 0    ; 0            ; |SAD_reg_mem|memory:rom1                                              ; work         ;
;    |memory:rom2|              ; 3 (3)             ; 3 (3)        ; 0           ; 0            ; 0       ; 0         ; 0         ; 0    ; 0            ; |SAD_reg_mem|memory:rom2                                              ; work         ;
+-------------------------------+-------------------+--------------+-------------+--------------+---------+-----------+-----------+------+--------------+-----------------------------------------------------------------------+--------------+
Note: For table entries with two numbers listed, the numbers in parentheses indicate the number of resources of the given type used by the specific entity alone. The numbers listed outside of parentheses indicate the total resources of the given type used by the specific entity and all of its sub-entities in the hierarchy.


+----------------------------------------------------------------------------------+
; Registers Removed During Synthesis                                               ;
+-----------------------------------------+----------------------------------------+
; Register name                           ; Reason for Removal                     ;
+-----------------------------------------+----------------------------------------+
; memory:rom2|q[24..31]                   ; Stuck at GND due to stuck port data_in ;
; memory:rom1|q[24..31]                   ; Stuck at GND due to stuck port data_in ;
; memory:rom2|q[16..23]                   ; Stuck at GND due to stuck port data_in ;
; memory:rom1|q[16..23]                   ; Stuck at GND due to stuck port data_in ;
; memory:rom2|q[8..15]                    ; Stuck at GND due to stuck port data_in ;
; memory:rom1|q[8..15]                    ; Stuck at GND due to stuck port data_in ;
; memory:rom2|q[3..7]                     ; Stuck at GND due to stuck port data_in ;
; memory:rom1|q[2..7]                     ; Stuck at GND due to stuck port data_in ;
; SAD_module_reg:SAD|b[24..31]            ; Stuck at GND due to stuck port data_in ;
; SAD_module_reg:SAD|a[24..31]            ; Stuck at GND due to stuck port data_in ;
; SAD_module_reg:SAD|b[16..23]            ; Stuck at GND due to stuck port data_in ;
; SAD_module_reg:SAD|a[16..23]            ; Stuck at GND due to stuck port data_in ;
; SAD_module_reg:SAD|b[8..15]             ; Stuck at GND due to stuck port data_in ;
; SAD_module_reg:SAD|a[8..15]             ; Stuck at GND due to stuck port data_in ;
; SAD_module_reg:SAD|b[3..7]              ; Stuck at GND due to stuck port data_in ;
; SAD_module_reg:SAD|a[2..7]              ; Stuck at GND due to stuck port data_in ;
; SAD_module_reg:SAD|sad1[4..9]           ; Stuck at GND due to stuck port data_in ;
; Total Number of Removed Registers = 124 ;                                        ;
+-----------------------------------------+----------------------------------------+


+------------------------------------------------------------------------------------------------------------------------------------+
; Removed Registers Triggering Further Register Optimizations                                                                        ;
+-------------------+---------------------------+------------------------------------------------------------------------------------+
; Register name     ; Reason for Removal        ; Registers Removed due to This Register                                             ;
+-------------------+---------------------------+------------------------------------------------------------------------------------+
; memory:rom2|q[31] ; Stuck at GND              ; SAD_module_reg:SAD|b[31], SAD_module_reg:SAD|sad1[8], SAD_module_reg:SAD|sad1[4],  ;
;                   ; due to stuck port data_in ; SAD_module_reg:SAD|sad1[5], SAD_module_reg:SAD|sad1[6], SAD_module_reg:SAD|sad1[7] ;
; memory:rom2|q[30] ; Stuck at GND              ; SAD_module_reg:SAD|b[30]                                                           ;
;                   ; due to stuck port data_in ;                                                                                    ;
; memory:rom2|q[29] ; Stuck at GND              ; SAD_module_reg:SAD|b[29]                                                           ;
;                   ; due to stuck port data_in ;                                                                                    ;
; memory:rom2|q[28] ; Stuck at GND              ; SAD_module_reg:SAD|b[28]                                                           ;
;                   ; due to stuck port data_in ;                                                                                    ;
; memory:rom2|q[27] ; Stuck at GND              ; SAD_module_reg:SAD|b[27]                                                           ;
;                   ; due to stuck port data_in ;                                                                                    ;
; memory:rom2|q[26] ; Stuck at GND              ; SAD_module_reg:SAD|b[26]                                                           ;
;                   ; due to stuck port data_in ;                                                                                    ;
; memory:rom2|q[25] ; Stuck at GND              ; SAD_module_reg:SAD|b[25]                                                           ;
;                   ; due to stuck port data_in ;                                                                                    ;
; memory:rom2|q[24] ; Stuck at GND              ; SAD_module_reg:SAD|b[24]                                                           ;
;                   ; due to stuck port data_in ;                                                                                    ;
; memory:rom1|q[31] ; Stuck at GND              ; SAD_module_reg:SAD|a[31]                                                           ;
;                   ; due to stuck port data_in ;                                                                                    ;
; memory:rom1|q[30] ; Stuck at GND              ; SAD_module_reg:SAD|a[30]                                                           ;
;                   ; due to stuck port data_in ;                                                                                    ;
; memory:rom1|q[29] ; Stuck at GND              ; SAD_module_reg:SAD|a[29]                                                           ;
;                   ; due to stuck port data_in ;                                                                                    ;
; memory:rom1|q[28] ; Stuck at GND              ; SAD_module_reg:SAD|a[28]                                                           ;
;                   ; due to stuck port data_in ;                                                                                    ;
; memory:rom1|q[27] ; Stuck at GND              ; SAD_module_reg:SAD|a[27]                                                           ;
;                   ; due to stuck port data_in ;                                                                                    ;
; memory:rom1|q[26] ; Stuck at GND              ; SAD_module_reg:SAD|a[26]                                                           ;
;                   ; due to stuck port data_in ;                                                                                    ;
; memory:rom1|q[25] ; Stuck at GND              ; SAD_module_reg:SAD|a[25]                                                           ;
;                   ; due to stuck port data_in ;                                                                                    ;
; memory:rom1|q[24] ; Stuck at GND              ; SAD_module_reg:SAD|a[24]                                                           ;
;                   ; due to stuck port data_in ;                                                                                    ;
; memory:rom2|q[23] ; Stuck at GND              ; SAD_module_reg:SAD|b[23]                                                           ;
;                   ; due to stuck port data_in ;                                                                                    ;
; memory:rom2|q[22] ; Stuck at GND              ; SAD_module_reg:SAD|b[22]                                                           ;
;                   ; due to stuck port data_in ;                                                                                    ;
; memory:rom2|q[21] ; Stuck at GND              ; SAD_module_reg:SAD|b[21]                                                           ;
;                   ; due to stuck port data_in ;                                                                                    ;
; memory:rom2|q[20] ; Stuck at GND              ; SAD_module_reg:SAD|b[20]                                                           ;
;                   ; due to stuck port data_in ;                                                                                    ;
; memory:rom2|q[19] ; Stuck at GND              ; SAD_module_reg:SAD|b[19]                                                           ;
;                   ; due to stuck port data_in ;                                                                                    ;
; memory:rom2|q[18] ; Stuck at GND              ; SAD_module_reg:SAD|b[18]                                                           ;
;                   ; due to stuck port data_in ;                                                                                    ;
; memory:rom2|q[17] ; Stuck at GND              ; SAD_module_reg:SAD|b[17]                                                           ;
;                   ; due to stuck port data_in ;                                                                                    ;
; memory:rom2|q[16] ; Stuck at GND              ; SAD_module_reg:SAD|b[16]                                                           ;
;                   ; due to stuck port data_in ;                                                                                    ;
; memory:rom1|q[23] ; Stuck at GND              ; SAD_module_reg:SAD|a[23]                                                           ;
;                   ; due to stuck port data_in ;                                                                                    ;
; memory:rom1|q[22] ; Stuck at GND              ; SAD_module_reg:SAD|a[22]                                                           ;
;                   ; due to stuck port data_in ;                                                                                    ;
; memory:rom1|q[21] ; Stuck at GND              ; SAD_module_reg:SAD|a[21]                                                           ;
;                   ; due to stuck port data_in ;                                                                                    ;
; memory:rom1|q[20] ; Stuck at GND              ; SAD_module_reg:SAD|a[20]                                                           ;
;                   ; due to stuck port data_in ;                                                                                    ;
; memory:rom1|q[19] ; Stuck at GND              ; SAD_module_reg:SAD|a[19]                                                           ;
;                   ; due to stuck port data_in ;                                                                                    ;
; memory:rom1|q[18] ; Stuck at GND              ; SAD_module_reg:SAD|a[18]                                                           ;
;                   ; due to stuck port data_in ;                                                                                    ;
; memory:rom1|q[17] ; Stuck at GND              ; SAD_module_reg:SAD|a[17]                                                           ;
;                   ; due to stuck port data_in ;                                                                                    ;
; memory:rom1|q[16] ; Stuck at GND              ; SAD_module_reg:SAD|a[16]                                                           ;
;                   ; due to stuck port data_in ;                                                                                    ;
; memory:rom2|q[15] ; Stuck at GND              ; SAD_module_reg:SAD|b[15]                                                           ;
;                   ; due to stuck port data_in ;                                                                                    ;
; memory:rom2|q[14] ; Stuck at GND              ; SAD_module_reg:SAD|b[14]                                                           ;
;                   ; due to stuck port data_in ;                                                                                    ;
; memory:rom2|q[13] ; Stuck at GND              ; SAD_module_reg:SAD|b[13]                                                           ;
;                   ; due to stuck port data_in ;                                                                                    ;
; memory:rom2|q[12] ; Stuck at GND              ; SAD_module_reg:SAD|b[12]                                                           ;
;                   ; due to stuck port data_in ;                                                                                    ;
; memory:rom2|q[11] ; Stuck at GND              ; SAD_module_reg:SAD|b[11]                                                           ;
;                   ; due to stuck port data_in ;                                                                                    ;
; memory:rom2|q[10] ; Stuck at GND              ; SAD_module_reg:SAD|b[10]                                                           ;
;                   ; due to stuck port data_in ;                                                                                    ;
; memory:rom2|q[9]  ; Stuck at GND              ; SAD_module_reg:SAD|b[9]                                                            ;
;                   ; due to stuck port data_in ;                                                                                    ;
; memory:rom2|q[8]  ; Stuck at GND              ; SAD_module_reg:SAD|b[8]                                                            ;
;                   ; due to stuck port data_in ;                                                                                    ;
; memory:rom1|q[15] ; Stuck at GND              ; SAD_module_reg:SAD|a[15]                                                           ;
;                   ; due to stuck port data_in ;                                                                                    ;
; memory:rom1|q[14] ; Stuck at GND              ; SAD_module_reg:SAD|a[14]                                                           ;
;                   ; due to stuck port data_in ;                                                                                    ;
; memory:rom1|q[13] ; Stuck at GND              ; SAD_module_reg:SAD|a[13]                                                           ;
;                   ; due to stuck port data_in ;                                                                                    ;
; memory:rom1|q[12] ; Stuck at GND              ; SAD_module_reg:SAD|a[12]                                                           ;
;                   ; due to stuck port data_in ;                                                                                    ;
; memory:rom1|q[11] ; Stuck at GND              ; SAD_module_reg:SAD|a[11]                                                           ;
;                   ; due to stuck port data_in ;                                                                                    ;
; memory:rom1|q[10] ; Stuck at GND              ; SAD_module_reg:SAD|a[10]                                                           ;
;                   ; due to stuck port data_in ;                                                                                    ;
; memory:rom1|q[9]  ; Stuck at GND              ; SAD_module_reg:SAD|a[9]                                                            ;
;                   ; due to stuck port data_in ;                                                                                    ;
; memory:rom1|q[8]  ; Stuck at GND              ; SAD_module_reg:SAD|a[8]                                                            ;
;                   ; due to stuck port data_in ;                                                                                    ;
; memory:rom2|q[7]  ; Stuck at GND              ; SAD_module_reg:SAD|b[7]                                                            ;
;                   ; due to stuck port data_in ;                                                                                    ;
; memory:rom2|q[6]  ; Stuck at GND              ; SAD_module_reg:SAD|b[6]                                                            ;
;                   ; due to stuck port data_in ;                                                                                    ;
; memory:rom2|q[5]  ; Stuck at GND              ; SAD_module_reg:SAD|b[5]                                                            ;
;                   ; due to stuck port data_in ;                                                                                    ;
; memory:rom2|q[4]  ; Stuck at GND              ; SAD_module_reg:SAD|b[4]                                                            ;
;                   ; due to stuck port data_in ;                                                                                    ;
; memory:rom2|q[3]  ; Stuck at GND              ; SAD_module_reg:SAD|b[3]                                                            ;
;                   ; due to stuck port data_in ;                                                                                    ;
; memory:rom1|q[7]  ; Stuck at GND              ; SAD_module_reg:SAD|a[7]                                                            ;
;                   ; due to stuck port data_in ;                                                                                    ;
; memory:rom1|q[6]  ; Stuck at GND              ; SAD_module_reg:SAD|a[6]                                                            ;
;                   ; due to stuck port data_in ;                                                                                    ;
; memory:rom1|q[5]  ; Stuck at GND              ; SAD_module_reg:SAD|a[5]                                                            ;
;                   ; due to stuck port data_in ;                                                                                    ;
; memory:rom1|q[4]  ; Stuck at GND              ; SAD_module_reg:SAD|a[4]                                                            ;
;                   ; due to stuck port data_in ;                                                                                    ;
; memory:rom1|q[3]  ; Stuck at GND              ; SAD_module_reg:SAD|a[3]                                                            ;
;                   ; due to stuck port data_in ;                                                                                    ;
; memory:rom1|q[2]  ; Stuck at GND              ; SAD_module_reg:SAD|a[2]                                                            ;
;                   ; due to stuck port data_in ;                                                                                    ;
+-------------------+---------------------------+------------------------------------------------------------------------------------+


+------------------------------------------------------+
; General Register Statistics                          ;
+----------------------------------------------+-------+
; Statistic                                    ; Value ;
+----------------------------------------------+-------+
; Total registers                              ; 14    ;
; Number of registers using Synchronous Clear  ; 0     ;
; Number of registers using Synchronous Load   ; 0     ;
; Number of registers using Asynchronous Clear ; 0     ;
; Number of registers using Asynchronous Load  ; 0     ;
; Number of registers using Clock Enable       ; 0     ;
; Number of registers using Preset             ; 0     ;
+----------------------------------------------+-------+


+----------------------------------------------------------+
; Parameter Settings for User Entity Instance: memory:rom1 ;
+----------------+--------------+--------------------------+
; Parameter Name ; Value        ; Type                     ;
+----------------+--------------+--------------------------+
; DATA_WIDTH     ; 32           ; Signed Integer           ;
; ADDR_WIDTH     ; 2            ; Signed Integer           ;
; mem            ; entradaA.mem ; String                   ;
+----------------+--------------+--------------------------+
Note: In order to hide this table in the UI and the text report file, please set the "Show Parameter Settings in Synthesis Report" option in "Analysis and Synthesis Settings -> More Settings" to "Off".


+----------------------------------------------------------+
; Parameter Settings for User Entity Instance: memory:rom2 ;
+----------------+--------------+--------------------------+
; Parameter Name ; Value        ; Type                     ;
+----------------+--------------+--------------------------+
; DATA_WIDTH     ; 32           ; Signed Integer           ;
; ADDR_WIDTH     ; 2            ; Signed Integer           ;
; mem            ; entradaB.mem ; String                   ;
+----------------+--------------+--------------------------+
Note: In order to hide this table in the UI and the text report file, please set the "Show Parameter Settings in Synthesis Report" option in "Analysis and Synthesis Settings -> More Settings" to "Off".


+-----------------------------------------------------------------+
; Parameter Settings for User Entity Instance: SAD_module_reg:SAD ;
+----------------+-------+----------------------------------------+
; Parameter Name ; Value ; Type                                   ;
+----------------+-------+----------------------------------------+
; WIDTH          ; 8     ; Signed Integer                         ;
; INPUTS         ; 4     ; Signed Integer                         ;
+----------------+-------+----------------------------------------+
Note: In order to hide this table in the UI and the text report file, please set the "Show Parameter Settings in Synthesis Report" option in "Analysis and Synthesis Settings -> More Settings" to "Off".


+------------------------------------------------------------------------------------+
; Parameter Settings for User Entity Instance: SAD_module_reg:SAD|diferences_layer:D ;
+----------------+-------+-----------------------------------------------------------+
; Parameter Name ; Value ; Type                                                      ;
+----------------+-------+-----------------------------------------------------------+
; WIDTH          ; 8     ; Signed Integer                                            ;
; INPUTS         ; 4     ; Signed Integer                                            ;
+----------------+-------+-----------------------------------------------------------+
Note: In order to hide this table in the UI and the text report file, please set the "Show Parameter Settings in Synthesis Report" option in "Analysis and Synthesis Settings -> More Settings" to "Off".


+-------------------------------------------------------------------------------------------------------+
; Parameter Settings for User Entity Instance: SAD_module_reg:SAD|diferences_layer:D|diference:dif[0].d ;
+----------------+-------+------------------------------------------------------------------------------+
; Parameter Name ; Value ; Type                                                                         ;
+----------------+-------+------------------------------------------------------------------------------+
; WIDTH          ; 8     ; Signed Integer                                                               ;
+----------------+-------+------------------------------------------------------------------------------+
Note: In order to hide this table in the UI and the text report file, please set the "Show Parameter Settings in Synthesis Report" option in "Analysis and Synthesis Settings -> More Settings" to "Off".


+-------------------------------------------------------------------------------------------------------+
; Parameter Settings for User Entity Instance: SAD_module_reg:SAD|diferences_layer:D|diference:dif[1].d ;
+----------------+-------+------------------------------------------------------------------------------+
; Parameter Name ; Value ; Type                                                                         ;
+----------------+-------+------------------------------------------------------------------------------+
; WIDTH          ; 8     ; Signed Integer                                                               ;
+----------------+-------+------------------------------------------------------------------------------+
Note: In order to hide this table in the UI and the text report file, please set the "Show Parameter Settings in Synthesis Report" option in "Analysis and Synthesis Settings -> More Settings" to "Off".


+-------------------------------------------------------------------------------------------------------+
; Parameter Settings for User Entity Instance: SAD_module_reg:SAD|diferences_layer:D|diference:dif[2].d ;
+----------------+-------+------------------------------------------------------------------------------+
; Parameter Name ; Value ; Type                                                                         ;
+----------------+-------+------------------------------------------------------------------------------+
; WIDTH          ; 8     ; Signed Integer                                                               ;
+----------------+-------+------------------------------------------------------------------------------+
Note: In order to hide this table in the UI and the text report file, please set the "Show Parameter Settings in Synthesis Report" option in "Analysis and Synthesis Settings -> More Settings" to "Off".


+-------------------------------------------------------------------------------------------------------+
; Parameter Settings for User Entity Instance: SAD_module_reg:SAD|diferences_layer:D|diference:dif[3].d ;
+----------------+-------+------------------------------------------------------------------------------+
; Parameter Name ; Value ; Type                                                                         ;
+----------------+-------+------------------------------------------------------------------------------+
; WIDTH          ; 8     ; Signed Integer                                                               ;
+----------------+-------+------------------------------------------------------------------------------+
Note: In order to hide this table in the UI and the text report file, please set the "Show Parameter Settings in Synthesis Report" option in "Analysis and Synthesis Settings -> More Settings" to "Off".


+----------------------------------------------------------------------------------+
; Parameter Settings for User Entity Instance: SAD_module_reg:SAD|absolute_layer:A ;
+----------------+-------+---------------------------------------------------------+
; Parameter Name ; Value ; Type                                                    ;
+----------------+-------+---------------------------------------------------------+
; WIDTH          ; 8     ; Signed Integer                                          ;
; INPUTS         ; 4     ; Signed Integer                                          ;
+----------------+-------+---------------------------------------------------------+
Note: In order to hide this table in the UI and the text report file, please set the "Show Parameter Settings in Synthesis Report" option in "Analysis and Synthesis Settings -> More Settings" to "Off".


+----------------------------------------------------------------------------------------------------+
; Parameter Settings for User Entity Instance: SAD_module_reg:SAD|absolute_layer:A|absolute:abs[0].a ;
+----------------+-------+---------------------------------------------------------------------------+
; Parameter Name ; Value ; Type                                                                      ;
+----------------+-------+---------------------------------------------------------------------------+
; WIDTH          ; 8     ; Signed Integer                                                            ;
+----------------+-------+---------------------------------------------------------------------------+
Note: In order to hide this table in the UI and the text report file, please set the "Show Parameter Settings in Synthesis Report" option in "Analysis and Synthesis Settings -> More Settings" to "Off".


+----------------------------------------------------------------------------------------------------+
; Parameter Settings for User Entity Instance: SAD_module_reg:SAD|absolute_layer:A|absolute:abs[1].a ;
+----------------+-------+---------------------------------------------------------------------------+
; Parameter Name ; Value ; Type                                                                      ;
+----------------+-------+---------------------------------------------------------------------------+
; WIDTH          ; 8     ; Signed Integer                                                            ;
+----------------+-------+---------------------------------------------------------------------------+
Note: In order to hide this table in the UI and the text report file, please set the "Show Parameter Settings in Synthesis Report" option in "Analysis and Synthesis Settings -> More Settings" to "Off".


+----------------------------------------------------------------------------------------------------+
; Parameter Settings for User Entity Instance: SAD_module_reg:SAD|absolute_layer:A|absolute:abs[2].a ;
+----------------+-------+---------------------------------------------------------------------------+
; Parameter Name ; Value ; Type                                                                      ;
+----------------+-------+---------------------------------------------------------------------------+
; WIDTH          ; 8     ; Signed Integer                                                            ;
+----------------+-------+---------------------------------------------------------------------------+
Note: In order to hide this table in the UI and the text report file, please set the "Show Parameter Settings in Synthesis Report" option in "Analysis and Synthesis Settings -> More Settings" to "Off".


+----------------------------------------------------------------------------------------------------+
; Parameter Settings for User Entity Instance: SAD_module_reg:SAD|absolute_layer:A|absolute:abs[3].a ;
+----------------+-------+---------------------------------------------------------------------------+
; Parameter Name ; Value ; Type                                                                      ;
+----------------+-------+---------------------------------------------------------------------------+
; WIDTH          ; 8     ; Signed Integer                                                            ;
+----------------+-------+---------------------------------------------------------------------------+
Note: In order to hide this table in the UI and the text report file, please set the "Show Parameter Settings in Synthesis Report" option in "Analysis and Synthesis Settings -> More Settings" to "Off".


+----------------------------------------------------------------------------+
; Parameter Settings for User Entity Instance: SAD_module_reg:SAD|sum_tree:S ;
+----------------+-------+---------------------------------------------------+
; Parameter Name ; Value ; Type                                              ;
+----------------+-------+---------------------------------------------------+
; WIDTH          ; 8     ; Signed Integer                                    ;
; INPUTS         ; 4     ; Signed Integer                                    ;
+----------------+-------+---------------------------------------------------+
Note: In order to hide this table in the UI and the text report file, please set the "Show Parameter Settings in Synthesis Report" option in "Analysis and Synthesis Settings -> More Settings" to "Off".


+----------------------------------------------------------------------------------------------+
; Parameter Settings for User Entity Instance: SAD_module_reg:SAD|sum_tree:S|sum_tree:sum_left ;
+----------------+-------+---------------------------------------------------------------------+
; Parameter Name ; Value ; Type                                                                ;
+----------------+-------+---------------------------------------------------------------------+
; WIDTH          ; 8     ; Signed Integer                                                      ;
; INPUTS         ; 2     ; Signed Integer                                                      ;
+----------------+-------+---------------------------------------------------------------------+
Note: In order to hide this table in the UI and the text report file, please set the "Show Parameter Settings in Synthesis Report" option in "Analysis and Synthesis Settings -> More Settings" to "Off".


+------------------------------------------------------------------------------------------------------+
; Parameter Settings for User Entity Instance: SAD_module_reg:SAD|sum_tree:S|sum_tree:sum_left|adder:a ;
+----------------+-------+-----------------------------------------------------------------------------+
; Parameter Name ; Value ; Type                                                                        ;
+----------------+-------+-----------------------------------------------------------------------------+
; WIDTH          ; 8     ; Signed Integer                                                              ;
+----------------+-------+-----------------------------------------------------------------------------+
Note: In order to hide this table in the UI and the text report file, please set the "Show Parameter Settings in Synthesis Report" option in "Analysis and Synthesis Settings -> More Settings" to "Off".


+-----------------------------------------------------------------------------------------------+
; Parameter Settings for User Entity Instance: SAD_module_reg:SAD|sum_tree:S|sum_tree:sum_right ;
+----------------+-------+----------------------------------------------------------------------+
; Parameter Name ; Value ; Type                                                                 ;
+----------------+-------+----------------------------------------------------------------------+
; WIDTH          ; 8     ; Signed Integer                                                       ;
; INPUTS         ; 2     ; Signed Integer                                                       ;
+----------------+-------+----------------------------------------------------------------------+
Note: In order to hide this table in the UI and the text report file, please set the "Show Parameter Settings in Synthesis Report" option in "Analysis and Synthesis Settings -> More Settings" to "Off".


+-------------------------------------------------------------------------------------------------------+
; Parameter Settings for User Entity Instance: SAD_module_reg:SAD|sum_tree:S|sum_tree:sum_right|adder:a ;
+----------------+-------+------------------------------------------------------------------------------+
; Parameter Name ; Value ; Type                                                                         ;
+----------------+-------+------------------------------------------------------------------------------+
; WIDTH          ; 8     ; Signed Integer                                                               ;
+----------------+-------+------------------------------------------------------------------------------+
Note: In order to hide this table in the UI and the text report file, please set the "Show Parameter Settings in Synthesis Report" option in "Analysis and Synthesis Settings -> More Settings" to "Off".


+-------------------------------------------------------------------------------------------+
; Parameter Settings for User Entity Instance: SAD_module_reg:SAD|sum_tree:S|adder:last_sum ;
+----------------+-------+------------------------------------------------------------------+
; Parameter Name ; Value ; Type                                                             ;
+----------------+-------+------------------------------------------------------------------+
; WIDTH          ; 9     ; Signed Integer                                                   ;
+----------------+-------+------------------------------------------------------------------+
Note: In order to hide this table in the UI and the text report file, please set the "Show Parameter Settings in Synthesis Report" option in "Analysis and Synthesis Settings -> More Settings" to "Off".


+-----------------------------------------+
; Port Connectivity Checks: "memory:rom2" ;
+------+-------+----------+---------------+
; Port ; Type  ; Severity ; Details       ;
+------+-------+----------+---------------+
; read ; Input ; Info     ; Stuck at VCC  ;
+------+-------+----------+---------------+


+-----------------------------------------+
; Port Connectivity Checks: "memory:rom1" ;
+------+-------+----------+---------------+
; Port ; Type  ; Severity ; Details       ;
+------+-------+----------+---------------+
; read ; Input ; Info     ; Stuck at VCC  ;
+------+-------+----------+---------------+


+-------------------------------+
; Elapsed Time Per Partition    ;
+----------------+--------------+
; Partition Name ; Elapsed Time ;
+----------------+--------------+
; Top            ; 00:00:00     ;
+----------------+--------------+


+-------------------------------+
; Analysis & Synthesis Messages ;
+-------------------------------+
Info: *******************************************************************
Info: Running Quartus II 32-bit Analysis & Synthesis
    Info: Version 13.1.0 Build 162 10/23/2013 SJ Web Edition
    Info: Processing started: Mon Dec  9 16:21:23 2024
Info: Command: quartus_map --read_settings_files=on --write_settings_files=off SAD_reg_mem -c SAD_reg_mem
Warning (20028): Parallel compilation is not licensed and has been disabled
Info (12021): Found 1 design units, including 1 entities, in source file tb_sad.v
    Info (12023): Found entity 1: tb_sad
Info (12021): Found 1 design units, including 1 entities, in source file sum_tree.v
    Info (12023): Found entity 1: sum_tree
Info (12021): Found 1 design units, including 1 entities, in source file SAD_module_reg.v
    Info (12023): Found entity 1: SAD_module_reg
Info (12021): Found 1 design units, including 1 entities, in source file diferences_layer.v
    Info (12023): Found entity 1: diferences_layer
Info (12021): Found 1 design units, including 1 entities, in source file diference.v
    Info (12023): Found entity 1: diference
Info (12021): Found 1 design units, including 1 entities, in source file adder.v
    Info (12023): Found entity 1: adder
Info (12021): Found 1 design units, including 1 entities, in source file absolute_layer.v
    Info (12023): Found entity 1: absolute_layer
Info (12021): Found 1 design units, including 1 entities, in source file absolute.v
    Info (12023): Found entity 1: absolute
Info (12021): Found 1 design units, including 1 entities, in source file SAD_reg_mem.v
    Info (12023): Found entity 1: SAD_reg_mem
Info (12021): Found 1 design units, including 1 entities, in source file memory.v
    Info (12023): Found entity 1: memory
Info (12127): Elaborating entity "SAD_reg_mem" for the top level hierarchy
Info (12128): Elaborating entity "memory" for hierarchy "memory:rom1"
Warning (10850): Verilog HDL warning at memory.v(25): number of words (16) in memory file does not match the number of elements in the address range [0:3]
Warning (10030): Net "rom.data_a" at memory.v(13) has no driver or initial value, using a default initial value '0'
Warning (10030): Net "rom.waddr_a" at memory.v(13) has no driver or initial value, using a default initial value '0'
Warning (10030): Net "rom.we_a" at memory.v(13) has no driver or initial value, using a default initial value '0'
Info (12128): Elaborating entity "memory" for hierarchy "memory:rom2"
Warning (10850): Verilog HDL warning at memory.v(25): number of words (16) in memory file does not match the number of elements in the address range [0:3]
Warning (10030): Net "rom.data_a" at memory.v(13) has no driver or initial value, using a default initial value '0'
Warning (10030): Net "rom.waddr_a" at memory.v(13) has no driver or initial value, using a default initial value '0'
Warning (10030): Net "rom.we_a" at memory.v(13) has no driver or initial value, using a default initial value '0'
Info (12128): Elaborating entity "SAD_module_reg" for hierarchy "SAD_module_reg:SAD"
Info (12128): Elaborating entity "diferences_layer" for hierarchy "SAD_module_reg:SAD|diferences_layer:D"
Info (12128): Elaborating entity "diference" for hierarchy "SAD_module_reg:SAD|diferences_layer:D|diference:dif[0].d"
Info (12128): Elaborating entity "absolute_layer" for hierarchy "SAD_module_reg:SAD|absolute_layer:A"
Info (12128): Elaborating entity "absolute" for hierarchy "SAD_module_reg:SAD|absolute_layer:A|absolute:abs[0].a"
Warning (10230): Verilog HDL assignment warning at absolute.v(8): truncated value with size 9 to match size of target (8)
Info (12128): Elaborating entity "sum_tree" for hierarchy "SAD_module_reg:SAD|sum_tree:S"
Info (12128): Elaborating entity "sum_tree" for hierarchy "SAD_module_reg:SAD|sum_tree:S|sum_tree:sum_left"
Info (12128): Elaborating entity "adder" for hierarchy "SAD_module_reg:SAD|sum_tree:S|sum_tree:sum_left|adder:a"
Info (12128): Elaborating entity "adder" for hierarchy "SAD_module_reg:SAD|sum_tree:S|adder:last_sum"
Info (276014): Found 2 instances of uninferred RAM logic
    Info (276004): RAM logic "memory:rom2|rom" is uninferred due to inappropriate RAM size
    Info (276004): RAM logic "memory:rom1|rom" is uninferred due to inappropriate RAM size
Warning (13024): Output pins are stuck at VCC or GND
    Warning (13410): Pin "sad1[4]" is stuck at GND
    Warning (13410): Pin "sad1[5]" is stuck at GND
    Warning (13410): Pin "sad1[6]" is stuck at GND
    Warning (13410): Pin "sad1[7]" is stuck at GND
    Warning (13410): Pin "sad1[8]" is stuck at GND
    Warning (13410): Pin "sad1[9]" is stuck at GND
Info (286030): Timing-Driven Synthesis is running
Info (144001): Generated suppressed messages file /home/gme/guilherme.manske/quartus/Verilog/SAD_module_reg_mem/output_files/SAD_reg_mem.map.smsg
Info (16010): Generating hard_block partition "hard_block:auto_generated_inst"
    Info (16011): Adding 0 node(s), including 0 DDIO, 0 PLL, 0 transceiver and 0 LCELL
Info (21057): Implemented 33 device resources after synthesis - the final resource count might be different
    Info (21058): Implemented 3 input pins
    Info (21059): Implemented 10 output pins
    Info (21061): Implemented 20 logic cells
Info: Quartus II 32-bit Analysis & Synthesis was successful. 0 errors, 17 warnings
    Info: Peak virtual memory: 410 megabytes
    Info: Processing ended: Mon Dec  9 16:21:24 2024
    Info: Elapsed time: 00:00:01
    Info: Total CPU time (on all processors): 00:00:01


+------------------------------------------+
; Analysis & Synthesis Suppressed Messages ;
+------------------------------------------+
The suppressed messages can be found in /home/gme/guilherme.manske/quartus/Verilog/SAD_module_reg_mem/output_files/SAD_reg_mem.map.smsg.


