============================================================
  Generated by:           Genus(TM) Synthesis Solution 23.12-s086_1
  Generated on:           Apr 14 2025  02:41:41 pm
  Module:                 signal_32bits
  Operating conditions:   tt_025C_1v80 
  Interconnect mode:      global
  Area mode:              physical library
============================================================

Timing
-------
  Cost    Critical         Violating 
 Group   Path Slack  TNS     Paths   
-------------------------------------
default         0.0   0.0          0 
-------------------------------------
Total                 0.0          0 

Instance Count
--------------
Leaf Instance Count             229 
Physical Instance count           0 
Sequential Instance Count         0 
Combinational Instance Count    229 
Hierarchical Instance Count       0 

Area
----
Cell Area                          1306.253
Physical Cell Area                 0.000
Total Cell Area (Cell+Physical)    1306.253
Net Area                           1312.073
Total Area (Cell+Physical+Net)     2618.326

Max Fanout                         4 (addinc_add_7_30_n_38)
Min Fanout                         1 (n_14)
Average Fanout                     1.6
Terms to net ratio                 2.2973
Terms to instance ratio            2.9694
Runtime                            13.295791000000001 seconds
Elapsed Runtime                    14 seconds
Genus peak memory usage            1946.38 
Innovus peak memory usage          no_value 
Hostname                           cadmicro-inf-el8-623207
