============================================================
  Generated by:           Genus(TM) Synthesis Solution 23.12-s086_1
  Generated on:           Apr 14 2025  02:41:41 pm
  Module:                 signal_32bits
  Operating conditions:   tt_025C_1v80 
  Interconnect mode:      global
  Area mode:              physical library
============================================================


Path 1: MET (0 ps) Path Delay Check
     Startpoint: (F) A[0]
       Endpoint: (R) S[31]

                   Capture    Launch  
      Path Delay:+    4300         -  
      Drv Adjust:+       0         0  
         Arrival:=    4300            
                                      
   Required Time:=    4300            
       Data Path:-    4300            
           Slack:=       0            

Exceptions/Constraints:
  max_delay             4300            constraints.sdc_line_1 

#------------------------------------------------------------------------------------------------------------------------------
#          Timing Point            Flags     Arc     Edge            Cell             Fanout Load Trans Delay Arrival Instance 
#                                                                                            (fF)  (ps)  (ps)   (ps)  Location 
#------------------------------------------------------------------------------------------------------------------------------
  A[0]                             -       -         F     (arrival)                       1  8.0  1000     0       0    (-,-) 
  g14/X                            -       A->X      F     sky130_fd_sc_hd__buf_8          3 19.7    55   424     424    (-,-) 
  addinc_add_7_30_g2558__8246/Y    -       A->Y      R     sky130_fd_sc_hd__nor2_4         1  5.9    71   104     528    (-,-) 
  addinc_add_7_30_g2482__1666/Y    -       B2->Y     F     sky130_fd_sc_hd__o2bb2ai_2      2  6.2    46    62     591    (-,-) 
  addinc_add_7_30_g2475__4733/Y    -       A->Y      R     sky130_fd_sc_hd__nand2_1        1  5.9    71    74     664    (-,-) 
  addinc_add_7_30_g2473__5115/Y    -       A->Y      F     sky130_fd_sc_hd__nand2_2        2  8.4    48    61     725    (-,-) 
  addinc_add_7_30_g2472__1881/Y    -       A->Y      R     sky130_fd_sc_hd__nand2_1        1  5.9    72    74     800    (-,-) 
  addinc_add_7_30_g2470__7098/Y    -       A->Y      F     sky130_fd_sc_hd__nand2_2        2  8.4    48    61     861    (-,-) 
  addinc_add_7_30_g2469__8246/Y    -       A->Y      R     sky130_fd_sc_hd__nand2_1        1  5.9    72    74     936    (-,-) 
  addinc_add_7_30_g2467__1705/Y    -       A->Y      F     sky130_fd_sc_hd__nand2_2        2  8.4    48    61     997    (-,-) 
  addinc_add_7_30_g2466__2802/Y    -       A->Y      R     sky130_fd_sc_hd__nand2_1        1  3.7    56    61    1058    (-,-) 
  addinc_add_7_30_g2464__3680/Y    -       A->Y      F     sky130_fd_sc_hd__nand2_1        2  8.4    87    77    1134    (-,-) 
  addinc_add_7_30_g2463__6783/Y    -       A->Y      R     sky130_fd_sc_hd__nand2_1        1  5.9    72    92    1226    (-,-) 
  addinc_add_7_30_g2461__8428/Y    -       A->Y      F     sky130_fd_sc_hd__nand2_2        2  8.4    48    61    1287    (-,-) 
  addinc_add_7_30_g2460__4319/Y    -       A->Y      R     sky130_fd_sc_hd__nand2_1        1  5.9    72    74    1362    (-,-) 
  addinc_add_7_30_g2458__5107/Y    -       A->Y      F     sky130_fd_sc_hd__nand2_2        2 10.4    55    68    1429    (-,-) 
  addinc_add_7_30_g2457__2398/Y    -       A->Y      R     sky130_fd_sc_hd__nand2_2        1  5.9    53    62    1492    (-,-) 
  addinc_add_7_30_g2455__6417/Y    -       A->Y      F     sky130_fd_sc_hd__nand2_2        4 14.1    67    72    1564    (-,-) 
  addinc_add_7_30_g2453__7410/Y    -       A->Y      R     sky130_fd_sc_hd__nand2_1        1  3.7    52    69    1633    (-,-) 
  addinc_add_7_30_g2449__9945/Y    -       A->Y      F     sky130_fd_sc_hd__nand2_1        2  6.4    61    65    1698    (-,-) 
  addinc_add_7_30_g2447__9315/Y    -       A->Y      R     sky130_fd_sc_hd__nand2_1        1  5.9    72    80    1778    (-,-) 
  addinc_add_7_30_g2445__4733/Y    -       A->Y      F     sky130_fd_sc_hd__nand2_2        2  8.4    48    61    1840    (-,-) 
  addinc_add_7_30_g2439__8246/X    -       A1->X     F     sky130_fd_sc_hd__a21o_1         2  8.4    58   178    2017    (-,-) 
  addinc_add_7_30_g2438__5122/Y    -       A->Y      R     sky130_fd_sc_hd__nand2_1        1  5.9    72    79    2096    (-,-) 
  addinc_add_7_30_g2436__2802/Y    -       A->Y      F     sky130_fd_sc_hd__nand2_2        2  8.4    48    61    2157    (-,-) 
  addinc_add_7_30_g2435__1617/Y    -       A->Y      R     sky130_fd_sc_hd__nand2_1        1  5.9    72    74    2232    (-,-) 
  addinc_add_7_30_g2433__6783/Y    -       A->Y      F     sky130_fd_sc_hd__nand2_2        4 14.1    68    78    2310    (-,-) 
  addinc_add_7_30_g2431__5526/Y    -       A->Y      R     sky130_fd_sc_hd__nand2_1        1  5.7    73    82    2392    (-,-) 
  addinc_add_7_30_g2429__4319/Y    -       C1->Y     F     sky130_fd_sc_hd__o211ai_2       4 14.1   135   120    2512    (-,-) 
  addinc_add_7_30_g2425__2398/Y    -       A->Y      R     sky130_fd_sc_hd__nand3_1        1  3.7    70   107    2619    (-,-) 
  addinc_add_7_30_g2418__9945/Y    -       C1->Y     F     sky130_fd_sc_hd__o211ai_1       2  8.5   125   124    2742    (-,-) 
  addinc_add_7_30_g2416__9315/Y    -       B->Y      R     sky130_fd_sc_hd__nand2b_1       2  7.0    93   129    2871    (-,-) 
  addinc_add_7_30_g2407__5122/X    -       A2->X     R     sky130_fd_sc_hd__o21a_1         1  3.9    55   120    2992    (-,-) 
  addinc_add_7_30_g2402__6783/X    -       A2->X     R     sky130_fd_sc_hd__o21a_1         2  9.0    98   144    3136    (-,-) 
  addinc_add_7_30_g2400__8428/Y    -       A2->Y     F     sky130_fd_sc_hd__o21ai_1        2  6.4    73    86    3222    (-,-) 
  addinc_add_7_30_g2399/Y          -       A->Y      R     sky130_fd_sc_hd__clkinv_1       2  6.5    48    68    3290    (-,-) 
  addinc_add_7_30_g2397__6260/Y    -       A2->Y     F     sky130_fd_sc_hd__o21ai_1        1  6.3    72    71    3361    (-,-) 
  addinc_add_7_30_g2396__5107/COUT -       CIN->COUT F     sky130_fd_sc_hd__fa_2           1  3.6    62   333    3694    (-,-) 
  addinc_add_7_30_g2395__2398/SUM  -       CI->SUM   R     sky130_fd_sc_hd__fah_1          1 51.3   487   605    4300    (-,-) 
  S[31]                            <<<     -         R     (port)                          -    -     -     0    4300    (-,-) 
#------------------------------------------------------------------------------------------------------------------------------

