============================================================
  Generated by:           Genus(TM) Synthesis Solution 23.12-s086_1
  Generated on:           Apr 11 2025  03:15:17 pm
  Module:                 sklansky_32bits
  Operating conditions:   tt_025C_1v80 
  Interconnect mode:      global
  Area mode:              physical library
============================================================


Path 1: MET (1670 ps) Path Delay Check
     Startpoint: (F) B[2]
       Endpoint: (R) S[17]

                   Capture    Launch  
      Path Delay:+    4500         -  
      Drv Adjust:+       0         0  
         Arrival:=    4500            
                                      
   Required Time:=    4500            
       Data Path:-    2830            
           Slack:=    1670            

Exceptions/Constraints:
  max_delay             4500            constraints.sdc_line_1 

#----------------------------------------------------------------------------------------------------------------------------------
#                Timing Point                 Flags   Arc   Edge          Cell            Fanout Load Trans Delay Arrival Instance 
#                                                                                                (fF)  (ps)  (ps)   (ps)  Location 
#----------------------------------------------------------------------------------------------------------------------------------
  B[2]                                        -       -     F     (arrival)                    2  7.5  1000     0       0    (-,-) 
  GENERATE_PROPAGATE[2].PROPAGATE/g10__1881/X -       A->X  R     sky130_fd_sc_hd__xor2_1      4 13.1   383   627     627    (-,-) 
  LEVEL_1[3].B1/PROPAGATE/g11__9945/X         -       A->X  R     sky130_fd_sc_hd__and2_1      2  5.9    80   208     834    (-,-) 
  LEVEL_2[3].B2/GENERATE/g13__2883/X          -       A2->X R     sky130_fd_sc_hd__a21o_1      5 16.3   150   195    1030    (-,-) 
  LEVEL_3[7].B4/GENERATE/g13__6417/X          -       A1->X R     sky130_fd_sc_hd__a21o_1      9 28.7   253   283    1313    (-,-) 
  LEVEL_4[31].B11/GENERATE/g13__2398/X        -       A1->X R     sky130_fd_sc_hd__a21o_1     17 53.6   462   450    1763    (-,-) 
  B12/GENERATE/g13__8428/X                    -       A1->X R     sky130_fd_sc_hd__a21o_1      1  3.9    52   180    1942    (-,-) 
  C16/g13__2883/X                             -       B1->X R     sky130_fd_sc_hd__a21o_1      1  5.8    73    96    2038    (-,-) 
  S17/g10__9945/X                             -       B->X  R     sky130_fd_sc_hd__xor2_1      1 51.3  1009   791    2829    (-,-) 
  S[17]                                       <<<     -     R     (port)                       -    -     -     0    2830    (-,-) 
#----------------------------------------------------------------------------------------------------------------------------------

