###############################################################
#  Generated by:      Cadence Innovus 23.32-s091_1
#  OS:                Linux x86_64(Host ID cadmicro-inf-el8-623207)
#  Generated on:      Mon Apr 14 13:59:14 2025
#  Design:            signal_32bits
#  Command:           report_timing > reports/report_timing.rpt
###############################################################
Path 1: MET Path Delay Check
Endpoint:   S[31] (^)
Beginpoint: A[0]  (v) triggered by  leading edge of '@'
Path Groups: {default}
Analysis View: default_emulate_view
- External Delay                0.000
+ Path Delay                    7.600
= Required Time                 7.600
- Arrival Time                  6.020
= Slack Time                    1.580
     Clock Rise Edge                      0.000
     + Input Delay                        0.000
     = Beginpoint Arrival Time            0.000
     +--------------------------------------------------------------------------------------------------------+ 
     |          Instance           |       Arc       |           Cell            | Delay | Arrival | Required | 
     |                             |                 |                           |       |  Time   |   Time   | 
     |-----------------------------+-----------------+---------------------------+-------+---------+----------| 
     |                             | A[0] v          |                           |       |   0.000 |    1.580 | 
     | addinc_add_7_30_g1264__1705 | B v -> COUT v   | sky130_fd_sc_hd__fa_1     | 0.797 |   0.797 |    2.378 | 
     | addinc_add_7_30_g1261__3680 | CIN v -> COUT v | sky130_fd_sc_hd__fa_1     | 0.398 |   1.196 |    2.776 | 
     | addinc_add_7_30_g1260__6783 | CIN v -> COUT v | sky130_fd_sc_hd__fa_1     | 0.400 |   1.595 |    3.176 | 
     | addinc_add_7_30_g1259__5526 | CIN v -> COUT v | sky130_fd_sc_hd__fa_1     | 0.431 |   2.026 |    3.606 | 
     | addinc_add_7_30_g1258       | A v -> Y ^      | sky130_fd_sc_hd__clkinv_1 | 0.087 |   2.113 |    3.694 | 
     | addinc_add_7_30_g1257__8428 | C ^ -> X ^      | sky130_fd_sc_hd__or3_1    | 0.094 |   2.208 |    3.788 | 
     | addinc_add_7_30_g1254__5107 | C1 ^ -> Y v     | sky130_fd_sc_hd__o211ai_1 | 0.096 |   2.303 |    3.884 | 
     | addinc_add_7_30_g1252__5477 | CIN v -> COUT v | sky130_fd_sc_hd__fa_1     | 0.407 |   2.711 |    4.291 | 
     | addinc_add_7_30_g1251__6417 | CIN v -> COUT v | sky130_fd_sc_hd__fa_1     | 0.410 |   3.120 |    4.701 | 
     | addinc_add_7_30_g1250__7410 | B_N v -> Y v    | sky130_fd_sc_hd__nor2b_1  | 0.179 |   3.299 |    4.879 | 
     | addinc_add_7_30_g1246__9945 | A1 v -> X v     | sky130_fd_sc_hd__a221o_1  | 0.375 |   3.674 |    5.254 | 
     | addinc_add_7_30_g1244__6161 | A v -> X v      | sky130_fd_sc_hd__and2_1   | 0.174 |   3.848 |    5.428 | 
     | addinc_add_7_30_g1238__7098 | A1 v -> X v     | sky130_fd_sc_hd__a221o_1  | 0.395 |   4.243 |    5.823 | 
     | addinc_add_7_30_g1230__5526 | A1 v -> X v     | sky130_fd_sc_hd__a31o_1   | 0.240 |   4.483 |    6.063 | 
     | addinc_add_7_30_g1221__1666 | A1 v -> X v     | sky130_fd_sc_hd__a221o_1  | 0.369 |   4.852 |    6.432 | 
     | addinc_add_7_30_g1210__7098 | A1 v -> Y ^     | sky130_fd_sc_hd__a31oi_1  | 0.255 |   5.107 |    6.687 | 
     | addinc_add_7_30_g1200__4319 | A2 ^ -> Y v     | sky130_fd_sc_hd__o21ai_1  | 0.112 |   5.219 |    6.800 | 
     | addinc_add_7_30_g1197__2398 | B v -> X ^      | sky130_fd_sc_hd__xor2_1   | 0.799 |   6.019 |    7.599 | 
     |                             | S[31] ^         |                           | 0.001 |   6.020 |    7.600 | 
     +--------------------------------------------------------------------------------------------------------+ 

