###############################################################
#  Generated by:      Cadence Innovus 23.32-s091_1
#  OS:                Linux x86_64(Host ID cadmicro-inf-el8-623207)
#  Generated on:      Mon Apr 14 15:48:02 2025
#  Design:            carry_select_adder_56678_32bits
#  Command:           report_timing > reports/report_timing.rpt
###############################################################
Path 1: MET Path Delay Check
Endpoint:   S[31] (^)
Beginpoint: B[0]  (v) triggered by  leading edge of '@'
Path Groups: {default}
Analysis View: default_emulate_view
- External Delay                0.000
+ Path Delay                   13.700
= Required Time                13.700
- Arrival Time                  9.330
= Slack Time                    4.370
     Clock Rise Edge                      0.000
     + Input Delay                        0.000
     = Beginpoint Arrival Time            0.000
     +---------------------------------------------------------------------------------------+ 
     |  Instance   |       Arc       |           Cell           | Delay | Arrival | Required | 
     |             |                 |                          |       |  Time   |   Time   | 
     |-------------+-----------------+--------------------------+-------+---------+----------| 
     |             | B[0] v          |                          |       |   0.000 |    4.370 | 
     | g4627__7410 | B v -> COUT v   | sky130_fd_sc_hd__fa_1    | 0.790 |   0.790 |    5.159 | 
     | g4610__6783 | CIN v -> COUT v | sky130_fd_sc_hd__fa_1    | 0.392 |   1.182 |    5.551 | 
     | g4601__7482 | CIN v -> COUT v | sky130_fd_sc_hd__fa_1    | 0.399 |   1.581 |    5.951 | 
     | g4585__5526 | CIN v -> COUT v | sky130_fd_sc_hd__fa_1    | 0.400 |   1.981 |    6.351 | 
     | g4582__4319 | CIN v -> COUT v | sky130_fd_sc_hd__fa_1    | 0.401 |   2.382 |    6.752 | 
     | g4581__6260 | CIN v -> COUT v | sky130_fd_sc_hd__fa_1    | 0.404 |   2.786 |    7.155 | 
     | g4580__5107 | CIN v -> COUT v | sky130_fd_sc_hd__fa_1    | 0.411 |   3.197 |    7.566 | 
     | g4579__2398 | CIN v -> COUT v | sky130_fd_sc_hd__fa_1    | 0.409 |   3.606 |    7.975 | 
     | g4578__5477 | CIN v -> COUT v | sky130_fd_sc_hd__fa_1    | 0.403 |   4.008 |    8.378 | 
     | g4577__6417 | CIN v -> COUT v | sky130_fd_sc_hd__fa_1    | 0.409 |   4.417 |    8.787 | 
     | g4576__7410 | CIN v -> COUT v | sky130_fd_sc_hd__fa_1    | 0.404 |   4.821 |    9.190 | 
     | g4575__1666 | CIN v -> COUT v | sky130_fd_sc_hd__fa_1    | 0.407 |   5.228 |    9.597 | 
     | g4574__2346 | CIN v -> COUT v | sky130_fd_sc_hd__fa_1    | 0.406 |   5.634 |   10.003 | 
     | g4573__2883 | CIN v -> COUT v | sky130_fd_sc_hd__fa_1    | 0.409 |   6.042 |   10.412 | 
     | g4572__9945 | CIN v -> COUT v | sky130_fd_sc_hd__fa_1    | 0.404 |   6.447 |   10.816 | 
     | g4571__9315 | CIN v -> COUT v | sky130_fd_sc_hd__fa_1    | 0.397 |   6.844 |   11.213 | 
     | g4570__6161 | CIN v -> COUT v | sky130_fd_sc_hd__fa_1    | 0.577 |   7.421 |   11.790 | 
     | g4565__7098 | A1 v -> X v     | sky130_fd_sc_hd__a21o_1  | 0.232 |   7.653 |   12.023 | 
     | g4561__1705 | B v -> X v      | sky130_fd_sc_hd__maj3_1  | 0.554 |   8.207 |   12.577 | 
     | g3          | S v -> Y v      | sky130_fd_sc_hd__mux2i_1 | 0.212 |   8.420 |   12.789 | 
     | g2          | A v -> Y ^      | sky130_fd_sc_hd__xnor2_1 | 0.910 |   9.329 |   13.699 | 
     |             | S[31] ^         |                          | 0.001 |   9.330 |   13.700 | 
     +---------------------------------------------------------------------------------------+ 

