============================================================
  Generated by:           Genus(TM) Synthesis Solution 23.12-s086_1
  Generated on:           Apr 11 2025  03:53:15 pm
  Module:                 ladner_fischer_32bits
  Operating conditions:   tt_025C_1v80 
  Interconnect mode:      global
  Area mode:              physical library
============================================================


Path 1: MET (0 ps) Path Delay Check
     Startpoint: (F) B[5]
       Endpoint: (F) S[11]

                   Capture    Launch  
      Path Delay:+    1944         -  
      Drv Adjust:+       0         0  
         Arrival:=    1944            
                                      
   Required Time:=    1944            
       Data Path:-    1944            
           Slack:=       0            

Exceptions/Constraints:
  max_delay             1944            constraints.sdc_line_1 

#-------------------------------------------------------------------------------------------------------------------------------
#             Timing Point              Flags    Arc   Edge           Cell             Fanout Load Trans Delay Arrival Instance 
#                                                                                             (fF)  (ps)  (ps)   (ps)  Location 
#-------------------------------------------------------------------------------------------------------------------------------
  B[5]                                  -       -      F     (arrival)                      1  3.3  1000     0       0    (-,-) 
  g6/X                                  -       A->X   F     sky130_fd_sc_hd__buf_1         3 14.6   104   370     370    (-,-) 
  GENERATE_PROPAGATE[5].PROPAGATE/g2/Y  -       A_N->Y F     sky130_fd_sc_hd__nand2b_4      1  5.5    43   161     532    (-,-) 
  GENERATE_PROPAGATE[5].PROPAGATE/g26/Y -       B->Y   R     sky130_fd_sc_hd__nand2_2       3 10.5    74    83     615    (-,-) 
  LEVEL_1[5].B1/PROPAGATE/g11__4733/X   -       A->X   R     sky130_fd_sc_hd__and2_4        3  8.9    48   147     762    (-,-) 
  LEVEL_2[7].B2/PROPAGATE/g11__2883/X   -       A->X   R     sky130_fd_sc_hd__and2_4        2  9.1    48   138     900    (-,-) 
  LEVEL_3[7].B3/PROPAGATE/g11__7098/X   -       B->X   R     sky130_fd_sc_hd__and2_4        2  6.6    42   137    1037    (-,-) 
  fopt73/X                              -       A->X   R     sky130_fd_sc_hd__clkbuf_2      5 12.2    76   126    1163    (-,-) 
  LEVEL_4[25].B6/PROPAGATE/g11__3680/X  -       A->X   R     sky130_fd_sc_hd__and2_1        2  5.9    75   142    1305    (-,-) 
  LEVEL_6[10].B8/PROPAGATE/g11__1666/X  -       A->X   R     sky130_fd_sc_hd__and2_1        1  3.8    60   128    1433    (-,-) 
  C10/g13__1705/X                       -       A1->X  R     sky130_fd_sc_hd__a21o_1        2  6.7    72   128    1560    (-,-) 
  S11/fopt/Y                            -       A->Y   F     sky130_fd_sc_hd__inv_1         1  3.4    29    45    1605    (-,-) 
  S11/g10__3680/X                       -       A1->X  F     sky130_fd_sc_hd__mux2_4        1 51.3   115   338    1943    (-,-) 
  S[11]                                 <<<     -      F     (port)                         -    -     -     0    1944    (-,-) 
#-------------------------------------------------------------------------------------------------------------------------------

