###############################################################
#  Generated by:      Cadence Innovus 23.32-s091_1
#  OS:                Linux x86_64(Host ID cadmicro-inf-el8-623207)
#  Generated on:      Mon Apr 14 14:34:41 2025
#  Design:            signal_32bits
#  Command:           report_timing > reports/report_timing.rpt
###############################################################
Path 1: MET Path Delay Check
Endpoint:   S[31] (^)
Beginpoint: A[1]  (v) triggered by  leading edge of '@'
Path Groups: {default}
Analysis View: default_emulate_view
- External Delay                0.000
+ Path Delay                    4.900
= Required Time                 4.900
- Arrival Time                  4.881
= Slack Time                    0.019
     Clock Rise Edge                      0.000
     + Input Delay                        0.000
     = Beginpoint Arrival Time            0.000
     +-------------------------------------------------------------------------------------------------------+ 
     |          Instance           |      Arc       |           Cell            | Delay | Arrival | Required | 
     |                             |                |                           |       |  Time   |   Time   | 
     |-----------------------------+----------------+---------------------------+-------+---------+----------| 
     |                             | A[1] v         |                           |       |   0.000 |    0.019 | 
     | g2581                       | B v -> COUT v  | sky130_fd_sc_hd__fah_1    | 0.685 |   0.685 |    0.705 | 
     | addinc_add_7_30_g2465__7098 | A v -> Y ^     | sky130_fd_sc_hd__nand2_1  | 0.076 |   0.761 |    0.781 | 
     | addinc_add_7_30_g2463__5122 | A ^ -> Y v     | sky130_fd_sc_hd__nand2_1  | 0.074 |   0.835 |    0.855 | 
     | addinc_add_7_30_g2462__1705 | A v -> Y ^     | sky130_fd_sc_hd__nand2_1  | 0.074 |   0.909 |    0.929 | 
     | addinc_add_7_30_g2460__1617 | A ^ -> Y v     | sky130_fd_sc_hd__nand2_1  | 0.076 |   0.986 |    1.005 | 
     | addinc_add_7_30_g2458__6783 | A1 v -> X v    | sky130_fd_sc_hd__a21o_1   | 0.192 |   1.178 |    1.197 | 
     | addinc_add_7_30_g2457__5526 | A v -> Y ^     | sky130_fd_sc_hd__nand2_1  | 0.059 |   1.237 |    1.257 | 
     | addinc_add_7_30_g2455__4319 | A ^ -> Y v     | sky130_fd_sc_hd__nand2_1  | 0.074 |   1.311 |    1.331 | 
     | addinc_add_7_30_g2454__6260 | A v -> Y ^     | sky130_fd_sc_hd__nand2_1  | 0.071 |   1.382 |    1.402 | 
     | addinc_add_7_30_g2452__2398 | A ^ -> Y v     | sky130_fd_sc_hd__nand2_1  | 0.074 |   1.457 |    1.476 | 
     | addinc_add_7_30_g2451__5477 | A v -> Y ^     | sky130_fd_sc_hd__nand2_1  | 0.075 |   1.532 |    1.551 | 
     | addinc_add_7_30_g2449__7410 | A ^ -> Y v     | sky130_fd_sc_hd__nand2_1  | 0.087 |   1.619 |    1.638 | 
     | addinc_add_7_30_g2446__2883 | A1 v -> Y ^    | sky130_fd_sc_hd__a31oi_1  | 0.242 |   1.861 |    1.880 | 
     | addinc_add_7_30_g2443__6161 | A2 ^ -> Y v    | sky130_fd_sc_hd__o21ai_1  | 0.131 |   1.991 |    2.011 | 
     | addinc_add_7_30_g2442__4733 | A v -> Y ^     | sky130_fd_sc_hd__nand2_1  | 0.084 |   2.076 |    2.095 | 
     | addinc_add_7_30_g2440__5115 | A ^ -> Y v     | sky130_fd_sc_hd__nand2_1  | 0.074 |   2.150 |    2.169 | 
     | addinc_add_7_30_g2439__1881 | A v -> Y ^     | sky130_fd_sc_hd__nand2_1  | 0.070 |   2.220 |    2.239 | 
     | addinc_add_7_30_g2437__7098 | A ^ -> Y v     | sky130_fd_sc_hd__nand2_1  | 0.073 |   2.292 |    2.312 | 
     | addinc_add_7_30_g2436__8246 | A v -> Y ^     | sky130_fd_sc_hd__nand2_1  | 0.072 |   2.364 |    2.384 | 
     | addinc_add_7_30_g2434__1705 | A ^ -> Y v     | sky130_fd_sc_hd__nand2_1  | 0.077 |   2.441 |    2.460 | 
     | addinc_add_7_30_g2433__2802 | A v -> Y ^     | sky130_fd_sc_hd__nand2_1  | 0.071 |   2.512 |    2.532 | 
     | addinc_add_7_30_g2431__3680 | A ^ -> Y v     | sky130_fd_sc_hd__nand2_1  | 0.070 |   2.582 |    2.602 | 
     | addinc_add_7_30_g2430__6783 | A v -> Y ^     | sky130_fd_sc_hd__nand2_1  | 0.072 |   2.654 |    2.673 | 
     | addinc_add_7_30_g2428__8428 | A ^ -> Y v     | sky130_fd_sc_hd__nand2_1  | 0.105 |   2.759 |    2.779 | 
     | addinc_add_7_30_g2425__6260 | A1 v -> X v    | sky130_fd_sc_hd__a31o_2   | 0.278 |   3.038 |    3.057 | 
     | addinc_add_7_30_g2415__9945 | A1 v -> Y ^    | sky130_fd_sc_hd__a311oi_4 | 0.259 |   3.297 |    3.316 | 
     | addinc_add_7_30_g2404__1705 | A4 ^ -> X ^    | sky130_fd_sc_hd__o41a_1   | 0.212 |   3.509 |    3.528 | 
     | addinc_add_7_30_g2401__3680 | A2 ^ -> Y v    | sky130_fd_sc_hd__o21ai_1  | 0.106 |   3.615 |    3.634 | 
     | addinc_add_7_30_g2400__6783 | A v -> Y ^     | sky130_fd_sc_hd__nand2_1  | 0.083 |   3.698 |    3.718 | 
     | addinc_add_7_30_g2398__8428 | A ^ -> Y v     | sky130_fd_sc_hd__nand2_1  | 0.065 |   3.763 |    3.783 | 
     | addinc_add_7_30_g2397       | A v -> Y ^     | sky130_fd_sc_hd__clkinv_1 | 0.065 |   3.829 |    3.848 | 
     | addinc_add_7_30_g2395__6260 | A2 ^ -> Y v    | sky130_fd_sc_hd__o21ai_1  | 0.056 |   3.885 |    3.904 | 
     | addinc_add_7_30_g2394__5107 | CI v -> COUT v | sky130_fd_sc_hd__fah_1    | 0.278 |   4.163 |    4.182 | 
     | addinc_add_7_30_g2393__2398 | CIN v -> SUM ^ | sky130_fd_sc_hd__fa_2     | 0.717 |   4.880 |    4.899 | 
     |                             | S[31] ^        |                           | 0.001 |   4.881 |    4.900 | 
     +-------------------------------------------------------------------------------------------------------+ 

