============================================================
  Generated by:           Genus(TM) Synthesis Solution 23.12-s086_1
  Generated on:           Jan 27 2025  03:00:48 pm
  Module:                 alu
  Technology libraries:   fast_vdd1v2 1.0
                          physical_cells 
                          fast_vdd1v2 1.0
                          physical_cells 
  Operating conditions:   PVT_1P32V_0C 
  Interconnect mode:      global
  Area mode:              physical library
============================================================

                                 
    Gate      Instances   Area       Library    
------------------------------------------------
ADDFX1LVT             2   10.260    fast_vdd1v2 
ADDHX1LVT             1    3.762    fast_vdd1v2 
AND2X1LVT            21   28.728    fast_vdd1v2 
AO21X1LVT             1    2.394    fast_vdd1v2 
AOI21X1LVT            3    5.130    fast_vdd1v2 
AOI221X1LVT           2    4.788    fast_vdd1v2 
AOI22X1LVT           32   65.664    fast_vdd1v2 
BUFX2LVT             37   63.270    fast_vdd1v2 
CLKINVX6LVT           1    2.394    fast_vdd1v2 
CLKXOR2X1LVT          2    5.472    fast_vdd1v2 
DFFRHQX1LVT          56  344.736    fast_vdd1v2 
INVX1LVT              6    4.104    fast_vdd1v2 
INVX3LVT              2    2.736    fast_vdd1v2 
INVXLLVT              7    4.788    fast_vdd1v2 
MXI2X1LVT             1    2.736    fast_vdd1v2 
NAND2BX1LVT          18   24.624    fast_vdd1v2 
NAND2X1LVT           20   20.520    fast_vdd1v2 
NAND2X6LVT            1    4.788    fast_vdd1v2 
NAND3X1LVT           16   27.360    fast_vdd1v2 
NOR2BX1LVT           12   16.416    fast_vdd1v2 
NOR2X1LVT            29   29.754    fast_vdd1v2 
NOR2X8LVT             1    5.472    fast_vdd1v2 
NOR3BX1LVT            1    2.052    fast_vdd1v2 
NOR3X1LVT             1    1.710    fast_vdd1v2 
OA21X1LVT             1    2.052    fast_vdd1v2 
OA22X1LVT            16   38.304    fast_vdd1v2 
OAI211X1LVT           4    6.840    fast_vdd1v2 
OAI21X1LVT            8   13.680    fast_vdd1v2 
OAI221X1LVT           1    2.394    fast_vdd1v2 
OAI2BB1X1LVT          3    5.130    fast_vdd1v2 
OAI31X1LVT            2    4.104    fast_vdd1v2 
OR2X1LVT             19   25.992    fast_vdd1v2 
XNOR2X1LVT           30   71.820    fast_vdd1v2 
------------------------------------------------
total               357  853.974                


                                        
     Type      Instances   Area  Area % 
----------------------------------------
sequential            56 344.736   40.4 
inverter              16  14.022    1.6 
buffer                37  63.270    7.4 
logic                248 431.946   50.6 
physical_cells         0   0.000    0.0 
----------------------------------------
total                357 853.974  100.0 

