###############################################################
#  Generated by:      Cadence Innovus 23.32-s091_1
#  OS:                Linux x86_64(Host ID cadmicro-inf-el8-623207)
#  Generated on:      Mon Apr 14 16:23:02 2025
#  Design:            carry_select_adder_46688_32bits
#  Command:           report_timing > reports/report_timing.rpt
###############################################################
Path 1: VIOLATED Path Delay Check
Endpoint:   S[30] (^)
Beginpoint: B[2]  (v) triggered by  leading edge of '@'
Path Groups: {default}
Analysis View: default_emulate_view
- External Delay                0.000
+ Path Delay                    1.390
= Required Time                 1.390
- Arrival Time                  1.394
= Slack Time                   -0.004
     Clock Rise Edge                      0.000
     + Input Delay                        0.000
     = Beginpoint Arrival Time            0.000
     +---------------------------------------------------------------------------------------+ 
     |   Instance   |     Arc      |            Cell            | Delay | Arrival | Required | 
     |              |              |                            |       |  Time   |   Time   | 
     |--------------+--------------+----------------------------+-------+---------+----------| 
     |              | B[2] v       |                            |       |   0.000 |   -0.004 | 
     | g11232       | A v -> Y ^   | sky130_fd_sc_hd__clkinv_16 | 0.209 |   0.209 |    0.205 | 
     | g11196__1617 | A ^ -> Y v   | sky130_fd_sc_hd__nor2_1    | 0.075 |   0.285 |    0.281 | 
     | g11374       | A_N v -> Y v | sky130_fd_sc_hd__nand2b_1  | 0.151 |   0.435 |    0.431 | 
     | g11020__6417 | A v -> Y ^   | sky130_fd_sc_hd__nand2_2   | 0.076 |   0.511 |    0.508 | 
     | g10977__5107 | C ^ -> Y v   | sky130_fd_sc_hd__nand3_4   | 0.135 |   0.646 |    0.642 | 
     | g10958__5122 | A v -> Y ^   | sky130_fd_sc_hd__nand2_4   | 0.095 |   0.741 |    0.737 | 
     | g10945__6417 | A ^ -> Y v   | sky130_fd_sc_hd__nand2_1   | 0.052 |   0.793 |    0.789 | 
     | g10931__6131 | A v -> Y ^   | sky130_fd_sc_hd__nand2_1   | 0.049 |   0.841 |    0.838 | 
     | g10907__1666 | A ^ -> X ^   | sky130_fd_sc_hd__and2_4    | 0.159 |   1.000 |    0.997 | 
     | g10903__5526 | A ^ -> Y v   | sky130_fd_sc_hd__nand2_8   | 0.090 |   1.090 |    1.086 | 
     | g10897       | A v -> Y ^   | sky130_fd_sc_hd__clkinv_8  | 0.091 |   1.181 |    1.178 | 
     | g10873__4319 | A ^ -> Y v   | sky130_fd_sc_hd__nand2_2   | 0.086 |   1.267 |    1.263 | 
     | g10844__1617 | A v -> Y ^   | sky130_fd_sc_hd__nand2_8   | 0.125 |   1.392 |    1.388 | 
     |              | S[30] ^      |                            | 0.002 |   1.394 |    1.390 | 
     +---------------------------------------------------------------------------------------+ 

