============================================================
  Generated by:           Genus(TM) Synthesis Solution 23.12-s086_1
  Generated on:           Apr 14 2025  03:12:48 pm
  Module:                 signal_32bits
  Operating conditions:   tt_025C_1v80 
  Interconnect mode:      global
  Area mode:              physical library
============================================================

Timing
-------
  Cost    Critical         Violating 
 Group   Path Slack  TNS     Paths   
-------------------------------------
default         0.2   0.0          0 
-------------------------------------
Total                 0.0          0 

Instance Count
--------------
Leaf Instance Count             281 
Physical Instance count           0 
Sequential Instance Count         0 
Combinational Instance Count    281 
Hierarchical Instance Count       0 

Area
----
Cell Area                          1706.637
Physical Cell Area                 0.000
Total Cell Area (Cell+Physical)    1706.637
Net Area                           1630.650
Total Area (Cell+Physical+Net)     3337.287

Max Fanout                         6 (addinc_add_7_30_n_195)
Min Fanout                         1 (B[17])
Average Fanout                     1.8
Terms to net ratio                 2.5072
Terms to instance ratio            3.0961
Runtime                            13.974297000000002 seconds
Elapsed Runtime                    15 seconds
Genus peak memory usage            2036.01 
Innovus peak memory usage          no_value 
Hostname                           cadmicro-inf-el8-623207
