============================================================
  Generated by:           Genus(TM) Synthesis Solution 23.12-s086_1
  Generated on:           Jan 27 2025  04:06:12 pm
  Module:                 alu
  Operating conditions:   PVT_1P32V_0C 
  Interconnect mode:      global
  Area mode:              physical library
============================================================


Path 1: MET (1131 ps) Setup Check with Pin out_q_reg[15]/CK->D
          Group: clock
     Startpoint: (R) state_reg[1]/CK
          Clock: (R) clock
       Endpoint: (F) out_q_reg[15]/D
          Clock: (R) clock

                     Capture       Launch     
        Clock Edge:+    2000            0     
       Src Latency:+       0            0     
       Net Latency:+       0 (I)        0 (I) 
           Arrival:=    2000            0     
                                              
             Setup:-       8                  
       Uncertainty:-     100                  
     Required Time:=    1892                  
      Launch Clock:-       0                  
         Data Path:-     762                  
             Slack:=    1131                  

#------------------------------------------------------------------------------------------------------------------
#             Timing Point               Flags    Arc   Edge    Cell      Fanout Load Trans Delay Arrival Instance 
#                                                                                (fF)  (ps)  (ps)   (ps)  Location 
#------------------------------------------------------------------------------------------------------------------
  state_reg[1]/CK                        -       -      R     (arrival)       56    -     0     0       0    (-,-) 
  state_reg[1]/Q                         -       CK->Q  R     DFFRHQX1LVT      8 11.8    59    63      63    (-,-) 
  g1211__2398/Y                          -       AN->Y  R     NOR3BX1LVT       2  4.3    66    48     112    (-,-) 
  sub_103_37_Y_add_102_37_g1597/Y        -       A->Y   F     INVX1LVT        16 23.0   108    67     178    (-,-) 
  sub_103_37_Y_add_102_37_g1588__5115/Y  -       B->Y   F     XNOR2X1LVT       1  2.4    14    34     212    (-,-) 
  sub_103_37_Y_add_102_37_g1579__3680/CO -       CI->CO F     ADDFX1LVT        1  2.4    15    31     244    (-,-) 
  sub_103_37_Y_add_102_37_g1578__6783/CO -       CI->CO F     ADDFX1LVT        1  2.4    15    32     275    (-,-) 
  sub_103_37_Y_add_102_37_g1577__5526/CO -       CI->CO F     ADDFX1LVT        1  2.4    15    32     307    (-,-) 
  sub_103_37_Y_add_102_37_g1576__8428/CO -       CI->CO F     ADDFX1LVT        1  2.4    15    32     339    (-,-) 
  sub_103_37_Y_add_102_37_g1575__4319/CO -       CI->CO F     ADDFX1LVT        1  2.4    15    32     370    (-,-) 
  sub_103_37_Y_add_102_37_g1574__6260/CO -       CI->CO F     ADDFX1LVT        1  2.4    15    32     402    (-,-) 
  sub_103_37_Y_add_102_37_g1573__5107/CO -       CI->CO F     ADDFX1LVT        1  2.4    15    32     433    (-,-) 
  sub_103_37_Y_add_102_37_g1572__2398/CO -       CI->CO F     ADDFX1LVT        1  2.4    15    32     465    (-,-) 
  sub_103_37_Y_add_102_37_g1571__5477/CO -       CI->CO F     ADDFX1LVT        1  2.4    15    32     497    (-,-) 
  sub_103_37_Y_add_102_37_g1570__6417/CO -       CI->CO F     ADDFX1LVT        1  2.4    15    32     528    (-,-) 
  sub_103_37_Y_add_102_37_g1569__7410/CO -       CI->CO F     ADDFX1LVT        1  2.4    15    32     560    (-,-) 
  sub_103_37_Y_add_102_37_g1568__1666/CO -       CI->CO F     ADDFX1LVT        1  2.4    15    32     591    (-,-) 
  sub_103_37_Y_add_102_37_g1567__2346/CO -       CI->CO F     ADDFX1LVT        1  2.4    15    32     623    (-,-) 
  sub_103_37_Y_add_102_37_g1566__2883/CO -       CI->CO F     ADDFX1LVT        1  2.4    15    32     655    (-,-) 
  sub_103_37_Y_add_102_37_g1565__9945/CO -       CI->CO F     ADDFX1LVT        1  2.2    14    31     686    (-,-) 
  sub_103_37_Y_add_102_37_g1564__9315/Y  -       B->Y   F     XNOR2X1LVT       1  2.2    12    24     709    (-,-) 
  g3202__8246/Y                          -       A1->Y  R     AOI22X1LVT       1  2.1    43    22     731    (-,-) 
  g3175__1881/Y                          -       C0->Y  F     OAI211X1LVT      1  2.0    38    31     762    (-,-) 
  out_q_reg[15]/D                        <<<     -      F     DFFRHQX1LVT      1    -     -     0     762    (-,-) 
#------------------------------------------------------------------------------------------------------------------

