============================================================
  Generated by:           Genus(TM) Synthesis Solution 23.12-s086_1
  Generated on:           Apr 14 2025  03:18:44 pm
  Module:                 signal_32bits
  Operating conditions:   tt_025C_1v80 
  Interconnect mode:      global
  Area mode:              physical library
============================================================

Timing
-------
  Cost    Critical         Violating 
 Group   Path Slack  TNS     Paths   
-------------------------------------
default         0.0   0.0          0 
-------------------------------------
Total                 0.0          0 

Instance Count
--------------
Leaf Instance Count             364 
Physical Instance count           0 
Sequential Instance Count         0 
Combinational Instance Count    364 
Hierarchical Instance Count       0 

Area
----
Cell Area                          2217.126
Physical Cell Area                 0.000
Total Cell Area (Cell+Physical)    2217.126
Net Area                           1958.538
Total Area (Cell+Physical+Net)     4175.664

Max Fanout                         6 (addinc_add_7_30_n_228)
Min Fanout                         1 (n_4)
Average Fanout                     1.7
Terms to net ratio                 2.4825
Terms to instance ratio            2.9258
Runtime                            16.826001999999995 seconds
Elapsed Runtime                    17 seconds
Genus peak memory usage            2043.27 
Innovus peak memory usage          no_value 
Hostname                           cadmicro-inf-el8-623207
