###############################################################
#  Generated by:      Cadence Innovus 23.32-s091_1
#  OS:                Linux x86_64(Host ID cadmicro-inf-el8-623207)
#  Generated on:      Mon Apr 14 15:38:36 2025
#  Design:            carry_bypass8_32bits
#  Command:           report_timing > reports/report_timing.rpt
###############################################################
Path 1: MET Path Delay Check
Endpoint:   S[31] (^)
Beginpoint: B[0]  (v) triggered by  leading edge of '@'
Path Groups: {default}
Analysis View: default_emulate_view
- External Delay                0.000
+ Path Delay                   13.700
= Required Time                13.700
- Arrival Time                 13.610
= Slack Time                    0.090
     Clock Rise Edge                      0.000
     + Input Delay                        0.000
     = Beginpoint Arrival Time            0.000
     +------------------------------------------------------------------------------------+ 
     |  Instance   |       Arc       |         Cell          | Delay | Arrival | Required | 
     |             |                 |                       |       |  Time   |   Time   | 
     |-------------+-----------------+-----------------------+-------+---------+----------| 
     |             | B[0] v          |                       |       |   0.000 |    0.090 | 
     | g2          | B v -> COUT v   | sky130_fd_sc_hd__fa_1 | 0.800 |   0.800 |    0.890 | 
     | g2247__6260 | CIN v -> COUT v | sky130_fd_sc_hd__fa_1 | 0.391 |   1.191 |    1.281 | 
     | g2246__5107 | CIN v -> COUT v | sky130_fd_sc_hd__fa_1 | 0.399 |   1.590 |    1.680 | 
     | g2245__2398 | CIN v -> COUT v | sky130_fd_sc_hd__fa_1 | 0.402 |   1.992 |    2.082 | 
     | g2244__5477 | CIN v -> COUT v | sky130_fd_sc_hd__fa_1 | 0.398 |   2.391 |    2.480 | 
     | g2243__6417 | CIN v -> COUT v | sky130_fd_sc_hd__fa_1 | 0.410 |   2.801 |    2.890 | 
     | g2242__7410 | CIN v -> COUT v | sky130_fd_sc_hd__fa_1 | 0.399 |   3.200 |    3.290 | 
     | g2241__1666 | CIN v -> COUT v | sky130_fd_sc_hd__fa_1 | 0.403 |   3.603 |    3.693 | 
     | g2240__2346 | CIN v -> COUT v | sky130_fd_sc_hd__fa_1 | 0.401 |   4.004 |    4.094 | 
     | g2239__2883 | CIN v -> COUT v | sky130_fd_sc_hd__fa_1 | 0.397 |   4.400 |    4.490 | 
     | g2238__9945 | CIN v -> COUT v | sky130_fd_sc_hd__fa_1 | 0.397 |   4.798 |    4.887 | 
     | g2237__9315 | CIN v -> COUT v | sky130_fd_sc_hd__fa_1 | 0.398 |   5.195 |    5.285 | 
     | g2236__6161 | CIN v -> COUT v | sky130_fd_sc_hd__fa_1 | 0.398 |   5.594 |    5.683 | 
     | g2235__4733 | CIN v -> COUT v | sky130_fd_sc_hd__fa_1 | 0.391 |   5.984 |    6.074 | 
     | g2234__7482 | CIN v -> COUT v | sky130_fd_sc_hd__fa_1 | 0.397 |   6.381 |    6.470 | 
     | g2233__5115 | CIN v -> COUT v | sky130_fd_sc_hd__fa_1 | 0.400 |   6.781 |    6.870 | 
     | g2232__1881 | CIN v -> COUT v | sky130_fd_sc_hd__fa_1 | 0.392 |   7.173 |    7.263 | 
     | g2231__6131 | CIN v -> COUT v | sky130_fd_sc_hd__fa_1 | 0.396 |   7.569 |    7.658 | 
     | g2230__7098 | CIN v -> COUT v | sky130_fd_sc_hd__fa_1 | 0.399 |   7.967 |    8.057 | 
     | g2229__8246 | CIN v -> COUT v | sky130_fd_sc_hd__fa_1 | 0.391 |   8.359 |    8.448 | 
     | g2228__5122 | CIN v -> COUT v | sky130_fd_sc_hd__fa_1 | 0.397 |   8.755 |    8.845 | 
     | g2227__1705 | CIN v -> COUT v | sky130_fd_sc_hd__fa_1 | 0.400 |   9.155 |    9.245 | 
     | g2226__2802 | CIN v -> COUT v | sky130_fd_sc_hd__fa_1 | 0.401 |   9.556 |    9.646 | 
     | g2225__1617 | CIN v -> COUT v | sky130_fd_sc_hd__fa_1 | 0.401 |   9.958 |   10.047 | 
     | g2224__3680 | CIN v -> COUT v | sky130_fd_sc_hd__fa_1 | 0.413 |  10.370 |   10.460 | 
     | g2223__6783 | CIN v -> COUT v | sky130_fd_sc_hd__fa_1 | 0.404 |  10.775 |   10.865 | 
     | g2222__5526 | CIN v -> COUT v | sky130_fd_sc_hd__fa_1 | 0.398 |  11.173 |   11.263 | 
     | g2221__8428 | CIN v -> COUT v | sky130_fd_sc_hd__fa_1 | 0.401 |  11.574 |   11.664 | 
     | g2220__4319 | CIN v -> COUT v | sky130_fd_sc_hd__fa_1 | 0.405 |  11.978 |   12.068 | 
     | g2219__6260 | CIN v -> COUT v | sky130_fd_sc_hd__fa_1 | 0.393 |  12.372 |   12.461 | 
     | g2218__5107 | CIN v -> COUT v | sky130_fd_sc_hd__fa_1 | 0.399 |  12.771 |   12.861 | 
     | g2217__2398 | CIN v -> SUM ^  | sky130_fd_sc_hd__fa_1 | 0.838 |  13.609 |   13.699 | 
     |             | S[31] ^         |                       | 0.001 |  13.610 |   13.700 | 
     +------------------------------------------------------------------------------------+ 

