============================================================
  Generated by:           Genus(TM) Synthesis Solution 23.12-s086_1
  Generated on:           Jan 23 2025  01:40:41 pm
  Module:                 alu
  Operating conditions:   PVT_1P32V_0C 
  Interconnect mode:      global
  Area mode:              physical library
============================================================


Path 1: MET (3131 ps) Setup Check with Pin out/q_reg[15]/CK->D
          Group: clock
     Startpoint: (R) sel/q_reg[2]/CK
          Clock: (R) clock
       Endpoint: (F) out/q_reg[15]/D
          Clock: (R) clock

                     Capture       Launch     
        Clock Edge:+    4000            0     
       Src Latency:+       0            0     
       Net Latency:+       0 (I)        0 (I) 
           Arrival:=    4000            0     
                                              
             Setup:-       8                  
       Uncertainty:-     100                  
     Required Time:=    3892                  
      Launch Clock:-       0                  
         Data Path:-     762                  
             Slack:=    3131                  

#--------------------------------------------------------------------------------------------------------------
#            Timing Point             Flags   Arc   Edge    Cell      Fanout Load Trans Delay Arrival Instance 
#                                                                            (fF)  (ps)  (ps)   (ps)  Location 
#--------------------------------------------------------------------------------------------------------------
  sel/q_reg[2]/CK                     -       -     R     (arrival)       19    -     0     0       0    (-,-) 
  sel/q_reg[2]/Q                      -       CK->Q F     DFFRHQX1LVT      4  5.8    26    44      44    (-,-) 
  g575__5107/Y                        -       A->Y  F     OR2X1LVT         2  3.4    17    27      71    (-,-) 
  g574__2398/Y                        -       B->Y  R     NOR2BX1LVT       2  4.8    47    30     101    (-,-) 
  sub_46_32_Y_add_45_32_g451/Y        -       A->Y  F     INVX2LVT        16 23.0    59    37     138    (-,-) 
  sub_46_32_Y_add_45_32_g435__9315/Y  -       B->Y  F     XNOR2X1LVT       1  2.8    15    30     168    (-,-) 
  sub_46_32_Y_add_45_32_g433__4733/CO -       A->CO F     ADDFX1LVT        1  2.8    17    34     202    (-,-) 
  sub_46_32_Y_add_45_32_g432__7482/CO -       A->CO F     ADDFX1LVT        1  2.8    17    34     236    (-,-) 
  sub_46_32_Y_add_45_32_g431__5115/CO -       A->CO F     ADDFX1LVT        1  2.8    17    34     269    (-,-) 
  sub_46_32_Y_add_45_32_g430__1881/CO -       A->CO F     ADDFX1LVT        1  2.8    17    34     303    (-,-) 
  sub_46_32_Y_add_45_32_g429__6131/CO -       A->CO F     ADDFX1LVT        1  2.8    17    34     337    (-,-) 
  sub_46_32_Y_add_45_32_g428__7098/CO -       A->CO F     ADDFX1LVT        1  2.8    17    34     371    (-,-) 
  sub_46_32_Y_add_45_32_g427__8246/CO -       A->CO F     ADDFX1LVT        1  2.8    17    34     405    (-,-) 
  sub_46_32_Y_add_45_32_g426__5122/CO -       A->CO F     ADDFX1LVT        1  2.8    17    34     438    (-,-) 
  sub_46_32_Y_add_45_32_g425__1705/CO -       A->CO F     ADDFX1LVT        1  2.8    17    34     472    (-,-) 
  sub_46_32_Y_add_45_32_g424__2802/CO -       A->CO F     ADDFX1LVT        1  2.8    17    34     506    (-,-) 
  sub_46_32_Y_add_45_32_g423__1617/CO -       A->CO F     ADDFX1LVT        1  2.8    17    34     540    (-,-) 
  sub_46_32_Y_add_45_32_g422__3680/CO -       A->CO F     ADDFX1LVT        1  2.8    17    34     574    (-,-) 
  sub_46_32_Y_add_45_32_g421__6783/CO -       A->CO F     ADDFX1LVT        1  2.8    17    34     607    (-,-) 
  sub_46_32_Y_add_45_32_g420__5526/CO -       A->CO F     ADDFX1LVT        1  2.8    17    34     641    (-,-) 
  sub_46_32_Y_add_45_32_g419__8428/CO -       A->CO F     ADDFX1LVT        1  2.2    14    32     674    (-,-) 
  sub_46_32_Y_add_45_32_g418__4319/Y  -       B->Y  F     XNOR2X1LVT       1  2.1    12    23     697    (-,-) 
  g866__9945/Y                        -       C0->Y R     AOI222X1LVT      1  2.2    58    31     728    (-,-) 
  g851__6783/Y                        -       B0->Y F     OAI211X1LVT      1  2.0    39    34     762    (-,-) 
  out/q_reg[15]/D                     <<<     -     F     DFFRHQX1LVT      1    -     -     0     762    (-,-) 
#--------------------------------------------------------------------------------------------------------------

