============================================================
  Generated by:           Genus(TM) Synthesis Solution 23.12-s086_1
  Generated on:           Jan 23 2025  01:40:41 pm
  Module:                 alu
  Technology libraries:   fast_vdd1v2 1.0
                          physical_cells 
                          fast_vdd1v2 1.0
                          physical_cells 
  Operating conditions:   PVT_1P32V_0C 
  Interconnect mode:      global
  Area mode:              physical library
============================================================

                                
    Gate     Instances   Area       Library    
-----------------------------------------------
ADDFX1LVT           15   76.950    fast_vdd1v2 
AND2X1LVT           16   21.888    fast_vdd1v2 
AOI222X1LVT         16   49.248    fast_vdd1v2 
BUFX2LVT            36   61.560    fast_vdd1v2 
DFFRHQX1LVT         19  116.964    fast_vdd1v2 
INVX1LVT             1    0.684    fast_vdd1v2 
INVX2LVT             1    1.026    fast_vdd1v2 
INVXLLVT             2    1.368    fast_vdd1v2 
NAND2BX1LVT          1    1.368    fast_vdd1v2 
NAND2X1LVT           1    1.026    fast_vdd1v2 
NAND3BX1LVT          1    2.052    fast_vdd1v2 
NOR2BX1LVT           2    2.736    fast_vdd1v2 
NOR2X1LVT            1    1.026    fast_vdd1v2 
NOR2XLLVT           16   16.416    fast_vdd1v2 
OAI211X1LVT         16   27.360    fast_vdd1v2 
OR2X1LVT             1    1.368    fast_vdd1v2 
OR3XLLVT            16   32.832    fast_vdd1v2 
XNOR2X1LVT          18   43.092    fast_vdd1v2 
-----------------------------------------------
total              179  458.964                


                                        
     Type      Instances   Area  Area % 
----------------------------------------
sequential            19 116.964   25.5 
inverter               4   3.078    0.7 
buffer                36  61.560   13.4 
logic                120 277.362   60.4 
physical_cells         0   0.000    0.0 
----------------------------------------
total                179 458.964  100.0 

