============================================================
  Generated by:           Genus(TM) Synthesis Solution 23.12-s086_1
  Generated on:           Apr 14 2025  04:28:14 pm
  Module:                 carry_select_adder_68810_32bits
  Operating conditions:   tt_025C_1v80 
  Interconnect mode:      global
  Area mode:              physical library
============================================================


Path 1: MET (0 ps) Path Delay Check
     Startpoint: (F) A[7]
       Endpoint: (F) S[17]

                   Capture    Launch  
      Path Delay:+    1390         -  
      Drv Adjust:+       0         0  
         Arrival:=    1390            
                                      
   Required Time:=    1390            
       Data Path:-    1390            
           Slack:=       0            

Exceptions/Constraints:
  max_delay             1390            constraints.sdc_line_1 

#----------------------------------------------------------------------------------------------------------
# Timing Point   Flags    Arc    Edge            Cell             Fanout Load Trans Delay Arrival Instance 
#                                                                        (fF)  (ps)  (ps)   (ps)  Location 
#----------------------------------------------------------------------------------------------------------
  A[7]           -       -       F     (arrival)                       2 23.0  1000     0       0    (-,-) 
  g10188/Y       -       A->Y    R     sky130_fd_sc_hd__clkinv_8       2 11.1   138   201     201    (-,-) 
  g10109__2883/Y -       A->Y    F     sky130_fd_sc_hd__nand2_2        2  8.0    58    76     277    (-,-) 
  g10357/Y       -       A1_N->Y F     sky130_fd_sc_hd__o2bb2ai_2      2  6.1    48   126     403    (-,-) 
  g9981__7482/Y  -       B->Y    R     sky130_fd_sc_hd__nand2_1        1  3.7    52    68     471    (-,-) 
  g9970__5477/Y  -       A->Y    F     sky130_fd_sc_hd__nand2_1        2  7.5    67    71     542    (-,-) 
  g10338/Y       -       B->Y    R     sky130_fd_sc_hd__nand2b_2       2  5.9    56    78     620    (-,-) 
  g9939__2398/Y  -       A->Y    F     sky130_fd_sc_hd__nand2_1        1  5.6    52    62     683    (-,-) 
  g9932/Y        -       A->Y    R     sky130_fd_sc_hd__inv_2          1 10.6    56    68     751    (-,-) 
  g9904__8428/Y  -       B->Y    F     sky130_fd_sc_hd__nand2_4        8 29.3    74    82     834    (-,-) 
  g9868__5526/Y  -       A1->Y   R     sky130_fd_sc_hd__a21oi_1        2 11.1   267   246    1080    (-,-) 
  g9847__3680/X  -       A2_N->X F     sky130_fd_sc_hd__a2bb2o_4       1 51.3    93   310    1390    (-,-) 
  S[17]          <<<     -       F     (port)                          -    -     -     0    1390    (-,-) 
#----------------------------------------------------------------------------------------------------------

