###############################################################
#  Generated by:      Cadence Innovus 23.32-s091_1
#  OS:                Linux x86_64(Host ID cadmicro-inf-el8-623207)
#  Generated on:      Mon Apr 14 16:31:13 2025
#  Design:            carry_select_adder_461012_32bits
#  Command:           report_timing > reports/report_timing.rpt
###############################################################
Path 1: VIOLATED Path Delay Check
Endpoint:   S[31] (^)
Beginpoint: B[14] (v) triggered by  leading edge of '@'
Path Groups: {default}
Analysis View: default_emulate_view
- External Delay                0.000
+ Path Delay                    1.390
= Required Time                 1.390
- Arrival Time                  1.400
= Slack Time                   -0.010
     Clock Rise Edge                      0.000
     + Input Delay                        0.000
     = Beginpoint Arrival Time            0.000
     +---------------------------------------------------------------------------------------+ 
     |   Instance   |     Arc      |            Cell            | Delay | Arrival | Required | 
     |              |              |                            |       |  Time   |   Time   | 
     |--------------+--------------+----------------------------+-------+---------+----------| 
     |              | B[14] v      |                            |       |   0.000 |   -0.010 | 
     | g12400       | A v -> Y ^   | sky130_fd_sc_hd__clkinv_16 | 0.202 |   0.202 |    0.192 | 
     | g12246__5526 | B ^ -> Y v   | sky130_fd_sc_hd__nand2_2   | 0.097 |   0.299 |    0.289 | 
     | g12120__1881 | B v -> Y ^   | sky130_fd_sc_hd__nand2_4   | 0.086 |   0.385 |    0.375 | 
     | g12109       | A ^ -> Y v   | sky130_fd_sc_hd__inv_2     | 0.041 |   0.426 |    0.416 | 
     | g12064__7098 | A v -> Y ^   | sky130_fd_sc_hd__nand2_2   | 0.040 |   0.465 |    0.455 | 
     | g12032__8246 | A1 ^ -> Y v  | sky130_fd_sc_hd__a21oi_1   | 0.068 |   0.534 |    0.524 | 
     | g12025__6260 | B v -> Y ^   | sky130_fd_sc_hd__nor2_2    | 0.077 |   0.611 |    0.601 | 
     | g12453       | A ^ -> X ^   | sky130_fd_sc_hd__and2_4    | 0.145 |   0.756 |    0.746 | 
     | g11961__1881 | B ^ -> Y v   | sky130_fd_sc_hd__nand2_2   | 0.062 |   0.818 |    0.808 | 
     | g11930__5526 | A v -> Y ^   | sky130_fd_sc_hd__nand2_4   | 0.122 |   0.940 |    0.930 | 
     | g12410__6131 | B ^ -> Y v   | sky130_fd_sc_hd__nand2_8   | 0.120 |   1.060 |    1.050 | 
     | g11887__6260 | A v -> Y ^   | sky130_fd_sc_hd__nor2_2    | 0.120 |   1.179 |    1.169 | 
     | g11863__5107 | A_N ^ -> Y ^ | sky130_fd_sc_hd__nand2b_4  | 0.219 |   1.398 |    1.388 | 
     |              | S[31] ^      |                            | 0.002 |   1.400 |    1.390 | 
     +---------------------------------------------------------------------------------------+ 

