###############################################################
#  Generated by:      Cadence Innovus 23.32-s091_1
#  OS:                Linux x86_64(Host ID cadmicro-inf-el8-623207)
#  Generated on:      Mon Apr 14 16:18:10 2025
#  Design:            carry_skip4_32bits
#  Command:           report_timing > reports/report_timing.rpt
###############################################################
Path 1: VIOLATED Path Delay Check
Endpoint:   S[21] (^)
Beginpoint: B[5]  (v) triggered by  leading edge of '@'
Path Groups: {default}
Analysis View: default_emulate_view
- External Delay                0.000
+ Path Delay                    1.390
= Required Time                 1.390
- Arrival Time                  1.526
= Slack Time                   -0.136
     Clock Rise Edge                      0.000
     + Input Delay                        0.000
     = Beginpoint Arrival Time            0.000
     +------------------------------------------------------------------------------------+ 
     |   Instance   |    Arc     |           Cell            | Delay | Arrival | Required | 
     |              |            |                           |       |  Time   |   Time   | 
     |--------------+------------+---------------------------+-------+---------+----------| 
     |              | B[5] v     |                           |       |   0.000 |   -0.136 | 
     | g37728       | A v -> Y ^ | sky130_fd_sc_hd__inv_2    | 0.310 |   0.310 |    0.174 | 
     | g37617__4319 | B ^ -> Y v | sky130_fd_sc_hd__nand2_1  | 0.145 |   0.454 |    0.319 | 
     | g37867       | D v -> Y ^ | sky130_fd_sc_hd__nand4b_1 | 0.125 |   0.579 |    0.443 | 
     | g37239__6131 | B ^ -> Y v | sky130_fd_sc_hd__nand2b_1 | 0.073 |   0.652 |    0.517 | 
     | g37174__4733 | B v -> Y ^ | sky130_fd_sc_hd__nand2_2  | 0.097 |   0.749 |    0.614 | 
     | g37119__6131 | B ^ -> Y v | sky130_fd_sc_hd__nand2_4  | 0.070 |   0.819 |    0.683 | 
     | g37060__6417 | A v -> Y ^ | sky130_fd_sc_hd__nand2_2  | 0.062 |   0.881 |    0.745 | 
     | g37055__2346 | A ^ -> Y v | sky130_fd_sc_hd__nand2_2  | 0.073 |   0.954 |    0.818 | 
     | g37002__4319 | A v -> Y ^ | sky130_fd_sc_hd__nand2_2  | 0.131 |   1.085 |    0.950 | 
     | g36972__3680 | A ^ -> Y v | sky130_fd_sc_hd__nand2_1  | 0.146 |   1.231 |    1.096 | 
     | g36961       | A v -> Y ^ | sky130_fd_sc_hd__clkinv_1 | 0.082 |   1.313 |    1.178 | 
     | g36949__2346 | B ^ -> Y v | sky130_fd_sc_hd__nand2_2  | 0.065 |   1.379 |    1.243 | 
     | g36916__3680 | A v -> Y ^ | sky130_fd_sc_hd__nand2_4  | 0.146 |   1.524 |    1.389 | 
     |              | S[21] ^    |                           | 0.001 |   1.526 |    1.390 | 
     +------------------------------------------------------------------------------------+ 

