============================================================
  Generated by:           Genus(TM) Synthesis Solution 23.12-s086_1
  Generated on:           Apr 14 2025  01:06:34 pm
  Module:                 signal_32bits
  Operating conditions:   tt_025C_1v80 
  Interconnect mode:      global
  Area mode:              physical library
============================================================


Path 1: MET (6 ps) Path Delay Check
     Startpoint: (F) B[0]
       Endpoint: (R) S[31]

                   Capture    Launch  
      Path Delay:+   11500         -  
      Drv Adjust:+       0         0  
         Arrival:=   11500            
                                      
   Required Time:=   11500            
       Data Path:-   11494            
           Slack:=       6            

Exceptions/Constraints:
  max_delay            11500            constraints.sdc_line_1 

#-----------------------------------------------------------------------------------------------------------------------------
#          Timing Point           Flags     Arc     Edge            Cell             Fanout Load Trans Delay Arrival Instance 
#                                                                                           (fF)  (ps)  (ps)   (ps)  Location 
#-----------------------------------------------------------------------------------------------------------------------------
  B[0]                            -       -         F     (arrival)                       1  7.5  1000     0       0    (-,-) 
  g858/COUT                       -       B->COUT   F     sky130_fd_sc_hd__fahcin_1       1  3.5   104   554     554    (-,-) 
  g3/Y                            -       A->Y      R     sky130_fd_sc_hd__inv_1          2 11.2   104   122     676    (-,-) 
  addinc_add_7_30_g814__6131/Y    -       B2->Y     F     sky130_fd_sc_hd__o2bb2ai_2      2  8.4    76    77     753    (-,-) 
  addinc_add_7_30_g813__7098/Y    -       A->Y      R     sky130_fd_sc_hd__nand2_1        1  5.9    74    86     839    (-,-) 
  addinc_add_7_30_g811__5122/Y    -       A->Y      F     sky130_fd_sc_hd__nand2_2        2  8.4    65    62     901    (-,-) 
  addinc_add_7_30_g810__1705/Y    -       A->Y      R     sky130_fd_sc_hd__nand2_1        1  5.9    74    82     983    (-,-) 
  addinc_add_7_30_g808__1617/Y    -       A->Y      F     sky130_fd_sc_hd__nand2_2        2  8.4    65    62    1044    (-,-) 
  addinc_add_7_30_g807__3680/Y    -       A->Y      R     sky130_fd_sc_hd__nand2_1        1  5.9    73    82    1126    (-,-) 
  addinc_add_7_30_g805__5526/Y    -       A->Y      F     sky130_fd_sc_hd__nand2_2        2 10.3    71    67    1194    (-,-) 
  g854/Y                          -       B1->Y     R     sky130_fd_sc_hd__o21ai_2        1  5.9   242    71    1265    (-,-) 
  addinc_add_7_30_g802__6260/Y    -       A->Y      F     sky130_fd_sc_hd__nand2_2        2  8.4    79    94    1359    (-,-) 
  g853/X                          -       A1->X     F     sky130_fd_sc_hd__a21o_1         2  8.4    58   190    1549    (-,-) 
  g2/X                            -       A1->X     F     sky130_fd_sc_hd__a21o_1         1  3.6    38   160    1709    (-,-) 
  addinc_add_7_30_g795__2346/COUT -       CI->COUT  F     sky130_fd_sc_hd__fah_1          1  5.8    73   253    1962    (-,-) 
  addinc_add_7_30_g794__2883/COUT -       CIN->COUT F     sky130_fd_sc_hd__fa_1           1  5.8    96   388    2350    (-,-) 
  addinc_add_7_30_g793__9945/COUT -       CIN->COUT F     sky130_fd_sc_hd__fa_1           1  5.8    96   396    2746    (-,-) 
  addinc_add_7_30_g792__9315/COUT -       CIN->COUT F     sky130_fd_sc_hd__fa_1           1  5.8    96   396    3142    (-,-) 
  addinc_add_7_30_g791__6161/COUT -       CIN->COUT F     sky130_fd_sc_hd__fa_1           1  5.8    96   396    3539    (-,-) 
  addinc_add_7_30_g790__4733/COUT -       CIN->COUT F     sky130_fd_sc_hd__fa_1           1  5.8    96   396    3935    (-,-) 
  addinc_add_7_30_g789__7482/COUT -       CIN->COUT F     sky130_fd_sc_hd__fa_1           1  5.8    96   396    4331    (-,-) 
  addinc_add_7_30_g788__5115/COUT -       CIN->COUT F     sky130_fd_sc_hd__fa_1           1  5.8    96   396    4728    (-,-) 
  addinc_add_7_30_g787__1881/COUT -       CIN->COUT F     sky130_fd_sc_hd__fa_1           1  5.8    96   396    5124    (-,-) 
  addinc_add_7_30_g786__6131/COUT -       CIN->COUT F     sky130_fd_sc_hd__fa_1           1  5.8    96   396    5520    (-,-) 
  addinc_add_7_30_g785__7098/COUT -       CIN->COUT F     sky130_fd_sc_hd__fa_1           1  5.8    96   396    5916    (-,-) 
  addinc_add_7_30_g784__8246/COUT -       CIN->COUT F     sky130_fd_sc_hd__fa_1           1  5.8    96   396    6313    (-,-) 
  addinc_add_7_30_g783__5122/COUT -       CIN->COUT F     sky130_fd_sc_hd__fa_1           1  5.8    96   396    6709    (-,-) 
  addinc_add_7_30_g782__1705/COUT -       CIN->COUT F     sky130_fd_sc_hd__fa_1           1  5.8    96   396    7105    (-,-) 
  addinc_add_7_30_g781__2802/COUT -       CIN->COUT F     sky130_fd_sc_hd__fa_1           1  5.8    96   396    7502    (-,-) 
  addinc_add_7_30_g780__1617/COUT -       CIN->COUT F     sky130_fd_sc_hd__fa_1           1  5.8    96   396    7898    (-,-) 
  addinc_add_7_30_g779__3680/COUT -       CIN->COUT F     sky130_fd_sc_hd__fa_1           1  5.8    96   396    8294    (-,-) 
  addinc_add_7_30_g778__6783/COUT -       CIN->COUT F     sky130_fd_sc_hd__fa_1           1  5.8    96   396    8690    (-,-) 
  addinc_add_7_30_g777__5526/COUT -       CIN->COUT F     sky130_fd_sc_hd__fa_1           1  5.8    96   396    9087    (-,-) 
  addinc_add_7_30_g776__8428/COUT -       CIN->COUT F     sky130_fd_sc_hd__fa_1           1  5.8    96   396    9483    (-,-) 
  addinc_add_7_30_g775__4319/COUT -       CIN->COUT F     sky130_fd_sc_hd__fa_1           1  5.8    96   396    9879    (-,-) 
  addinc_add_7_30_g774__6260/COUT -       CIN->COUT F     sky130_fd_sc_hd__fa_1           1  5.8    96   396   10276    (-,-) 
  addinc_add_7_30_g773__5107/COUT -       CIN->COUT F     sky130_fd_sc_hd__fa_1           1  5.8    96   396   10672    (-,-) 
  addinc_add_7_30_g772__2398/SUM  -       CIN->SUM  R     sky130_fd_sc_hd__fa_1           1 51.3   506   822   11494    (-,-) 
  S[31]                           <<<     -         R     (port)                          -    -     -     0   11494    (-,-) 
#-----------------------------------------------------------------------------------------------------------------------------

