============================================================
  Generated by:           Genus(TM) Synthesis Solution 23.12-s086_1
  Generated on:           Apr 14 2025  01:06:34 pm
  Module:                 signal_32bits
  Operating conditions:   tt_025C_1v80 
  Interconnect mode:      global
  Area mode:              physical library
============================================================

Timing
-------
  Cost    Critical         Violating 
 Group   Path Slack  TNS     Paths   
-------------------------------------
default         6.0   0.0          0 
-------------------------------------
Total                 0.0          0 

Instance Count
--------------
Leaf Instance Count             64 
Physical Instance count          0 
Sequential Instance Count        0 
Combinational Instance Count    64 
Hierarchical Instance Count      0 

Area
----
Cell Area                          798.266
Physical Cell Area                 0.000
Total Cell Area (Cell+Physical)    798.266
Net Area                           580.678
Total Area (Cell+Physical+Net)     1378.944

Max Fanout                         3 (B[1])
Min Fanout                         1 (A[8])
Average Fanout                     1.2
Terms to net ratio                 1.5705
Terms to instance ratio            3.8281
Runtime                            13.451506 seconds
Elapsed Runtime                    13 seconds
Genus peak memory usage            1941.76 
Innovus peak memory usage          no_value 
Hostname                           cadmicro-inf-el8-623207
