============================================================
  Generated by:           Genus(TM) Synthesis Solution 23.12-s086_1
  Generated on:           Jan 27 2025  02:55:17 pm
  Module:                 alu
  Technology libraries:   fast_vdd1v2 1.0
                          physical_cells 
                          fast_vdd1v2 1.0
                          physical_cells 
  Operating conditions:   PVT_1P32V_0C 
  Interconnect mode:      global
  Area mode:              physical library
============================================================

                                
    Gate     Instances   Area       Library    
-----------------------------------------------
ADDFX1LVT           15   76.950    fast_vdd1v2 
ADDHX1LVT            1    3.762    fast_vdd1v2 
AND2X1LVT           19   25.992    fast_vdd1v2 
AOI22X1LVT          32   65.664    fast_vdd1v2 
BUFX2LVT            37   63.270    fast_vdd1v2 
DFFRHQX1LVT         56  344.736    fast_vdd1v2 
INVX1LVT             2    1.368    fast_vdd1v2 
INVX2LVT             1    1.026    fast_vdd1v2 
INVXLLVT             7    4.788    fast_vdd1v2 
NAND2BX1LVT          4    5.472    fast_vdd1v2 
NAND2X1LVT           6    6.156    fast_vdd1v2 
NAND3BXLLVT         16   27.360    fast_vdd1v2 
NOR2BX1LVT           2    2.736    fast_vdd1v2 
NOR2X1LVT           21   21.546    fast_vdd1v2 
NOR3X1LVT            1    1.710    fast_vdd1v2 
OAI211X1LVT          2    3.420    fast_vdd1v2 
OAI31X1LVT           1    2.052    fast_vdd1v2 
OAI32X1LVT          16   38.304    fast_vdd1v2 
XNOR2X1LVT          18   43.092    fast_vdd1v2 
-----------------------------------------------
total              257  739.404                


                                        
     Type      Instances   Area  Area % 
----------------------------------------
sequential            56 344.736   46.6 
inverter              10   7.182    1.0 
buffer                37  63.270    8.6 
logic                154 324.216   43.8 
physical_cells         0   0.000    0.0 
----------------------------------------
total                257 739.404  100.0 

