============================================================
  Generated by:           Genus(TM) Synthesis Solution 23.12-s086_1
  Generated on:           Apr 11 2025  02:46:44 pm
  Module:                 kogge_stone_32bits
  Operating conditions:   tt_025C_1v80 
  Interconnect mode:      global
  Area mode:              physical library
============================================================

Timing
-------
  Cost    Critical            Violating 
 Group   Path Slack    TNS      Paths   
----------------------------------------
default       -59.9   -671.6         16 
----------------------------------------
Total                 -671.6         16 

Instance Count
--------------
Leaf Instance Count             961 
Physical Instance count           0 
Sequential Instance Count         0 
Combinational Instance Count    961 
Hierarchical Instance Count     515 

Area
----
Cell Area                          7193.149
Physical Cell Area                 0.000
Total Cell Area (Cell+Physical)    7193.149
Net Area                           4518.638
Total Area (Cell+Physical+Net)     11711.787

Max Fanout                         17 (n_96)
Min Fanout                         1 (C[0])
Average Fanout                     1.6
Terms to net ratio                 2.5205
Terms to instance ratio            2.6909
Runtime                            25.770752 seconds
Elapsed Runtime                    25 seconds
Genus peak memory usage            1904.21 
Innovus peak memory usage          no_value 
Hostname                           cadmicro-inf-el8-623207
