============================================================
  Generated by:           Genus(TM) Synthesis Solution 23.12-s086_1
  Generated on:           Apr 11 2025  04:08:25 pm
  Module:                 han_carlson_32bits
  Operating conditions:   tt_025C_1v80 
  Interconnect mode:      global
  Area mode:              physical library
============================================================

Timing
-------
  Cost    Critical         Violating 
 Group   Path Slack  TNS     Paths   
-------------------------------------
default         0.1   0.0          0 
-------------------------------------
Total                 0.0          0 

Instance Count
--------------
Leaf Instance Count             373 
Physical Instance count           0 
Sequential Instance Count         0 
Combinational Instance Count    373 
Hierarchical Instance Count     368 

Area
----
Cell Area                          2725.114
Physical Cell Area                 0.000
Total Cell Area (Cell+Physical)    2725.114
Net Area                           2118.043
Total Area (Cell+Physical+Net)     4843.157

Max Fanout                         24 (n_72)
Min Fanout                         1 (C[0])
Average Fanout                     1.9
Terms to net ratio                 2.7078
Terms to instance ratio            3.1796
Runtime                            13.87705 seconds
Elapsed Runtime                    15 seconds
Genus peak memory usage            1894.77 
Innovus peak memory usage          no_value 
Hostname                           cadmicro-inf-el8-623207
