============================================================
  Generated by:           Genus(TM) Synthesis Solution 23.12-s086_1
  Generated on:           Apr 11 2025  02:25:52 pm
  Module:                 cla_16bits
  Operating conditions:   tt_025C_1v80 
  Interconnect mode:      global
  Area mode:              physical library
============================================================

Timing
-------
  Cost    Critical         Violating 
 Group   Path Slack  TNS     Paths   
-------------------------------------
default         0.0   0.0          0 
-------------------------------------
Total                 0.0          0 

Instance Count
--------------
Leaf Instance Count             285 
Physical Instance count           0 
Sequential Instance Count         0 
Combinational Instance Count    285 
Hierarchical Instance Count      72 

Area
----
Cell Area                          1761.690
Physical Cell Area                 0.000
Total Cell Area (Cell+Physical)    1761.690
Net Area                           1421.456
Total Area (Cell+Physical+Net)     3183.146

Max Fanout                         16 (n_16)
Min Fanout                         1 (C[0])
Average Fanout                     1.7
Terms to net ratio                 2.5063
Terms to instance ratio            2.7965
Runtime                            14.903527 seconds
Elapsed Runtime                    15 seconds
Genus peak memory usage            1894.88 
Innovus peak memory usage          no_value 
Hostname                           cadmicro-inf-el8-623207
