============================================================
  Generated by:           Genus(TM) Synthesis Solution 23.12-s086_1
  Generated on:           Apr 11 2025  03:45:39 pm
  Module:                 ladner_fischer_32bits
  Operating conditions:   tt_025C_1v80 
  Interconnect mode:      global
  Area mode:              physical library
============================================================


Path 1: MET (0 ps) Path Delay Check
     Startpoint: (F) B[6]
       Endpoint: (F) S[21]

                   Capture    Launch  
      Path Delay:+    1818         -  
      Drv Adjust:+       0         0  
         Arrival:=    1818            
                                      
   Required Time:=    1818            
       Data Path:-    1818            
           Slack:=       0            

Exceptions/Constraints:
  max_delay             1818            constraints.sdc_line_1 

#-----------------------------------------------------------------------------------------------------------------------------
#            Timing Point              Flags   Arc   Edge           Cell             Fanout Load Trans Delay Arrival Instance 
#                                                                                           (fF)  (ps)  (ps)   (ps)  Location 
#-----------------------------------------------------------------------------------------------------------------------------
  B[6]                                 -       -     F     (arrival)                      1  3.3  1000     0       0    (-,-) 
  g79/X                                -       A->X  F     sky130_fd_sc_hd__clkbuf_1      2  7.7    72   338     338    (-,-) 
  GENERATE_PROPAGATE[6].PROPAGATE/g2/X -       A->X  R     sky130_fd_sc_hd__xor2_1        2  6.1   175   198     536    (-,-) 
  LEVEL_1[7].B1/PROPAGATE/g11__2398/X  -       A->X  R     sky130_fd_sc_hd__and2_4        2  6.7    44   174     710    (-,-) 
  LEVEL_2[7].B2/PROPAGATE/g11__6260/X  -       A->X  R     sky130_fd_sc_hd__and2_4        2  8.9    48   136     846    (-,-) 
  LEVEL_3[7].B3/PROPAGATE/g11__2883/X  -       A->X  R     sky130_fd_sc_hd__and2_4        6 15.2    64   154    1000    (-,-) 
  LEVEL_4[31].B6/PROPAGATE/g11__5107/X -       A->X  R     sky130_fd_sc_hd__and2_4        9 26.6    94   183    1183    (-,-) 
  LEVEL_5[19].B7/PROPAGATE/g11__3680/X -       A->X  R     sky130_fd_sc_hd__and2_4        2  5.9    40   146    1329    (-,-) 
  LEVEL_6[20].B8/PROPAGATE/g11__4733/X -       A->X  R     sky130_fd_sc_hd__and2_1        1  3.7    56   115    1444    (-,-) 
  C20/g20__2883/Y                      -       A->Y  F     sky130_fd_sc_hd__nand2_1       1  5.5    69    62    1506    (-,-) 
  C20/g19__9945/Y                      -       B->Y  R     sky130_fd_sc_hd__nand2_2       2 11.1    78    97    1603    (-,-) 
  S21/g19/Y                            -       A->Y  F     sky130_fd_sc_hd__inv_2         1  9.6    33    48    1651    (-,-) 
  S21/g17__4319/Y                      -       A->Y  R     sky130_fd_sc_hd__nand2_4       1 19.4    79    74    1725    (-,-) 
  S21/g15__5107/Y                      -       B->Y  F     sky130_fd_sc_hd__nand2_8       1 51.3    86    92    1817    (-,-) 
  S[21]                                <<<     -     F     (port)                         -    -     -     0    1818    (-,-) 
#-----------------------------------------------------------------------------------------------------------------------------

