============================================================
  Generated by:           Genus(TM) Synthesis Solution 23.12-s086_1
  Generated on:           Apr 11 2025  03:45:39 pm
  Module:                 ladner_fischer_32bits
  Operating conditions:   tt_025C_1v80 
  Interconnect mode:      global
  Area mode:              physical library
============================================================

Timing
-------
  Cost    Critical         Violating 
 Group   Path Slack  TNS     Paths   
-------------------------------------
default         0.3   0.0          0 
-------------------------------------
Total                 0.0          0 

Instance Count
--------------
Leaf Instance Count             517 
Physical Instance count           0 
Sequential Instance Count         0 
Combinational Instance Count    517 
Hierarchical Instance Count     317 

Area
----
Cell Area                          3325.690
Physical Cell Area                 0.000
Total Cell Area (Cell+Physical)    3325.690
Net Area                           2641.463
Total Area (Cell+Physical+Net)     5967.153

Max Fanout                         33 (n_4)
Min Fanout                         1 (C[0])
Average Fanout                     1.7
Terms to net ratio                 2.5430
Terms to instance ratio            2.8627
Runtime                            15.880838 seconds
Elapsed Runtime                    16 seconds
Genus peak memory usage            1894.09 
Innovus peak memory usage          no_value 
Hostname                           cadmicro-inf-el8-623207
