###############################################################
#  Generated by:      Cadence Innovus 23.32-s091_1
#  OS:                Linux x86_64(Host ID cadmicro-inf-el8-623207)
#  Generated on:      Fri Apr 11 14:37:15 2025
#  Design:            cla_16bits
#  Command:           report_timing > reports/report_timing.rpt
###############################################################
Path 1: VIOLATED Path Delay Check
Endpoint:   S[15] (^)
Beginpoint: B[4]  (v) triggered by  leading edge of '@'
Path Groups: {default}
Analysis View: default_emulate_view
- External Delay                0.000
+ Path Delay                    1.639
= Required Time                 1.639
- Arrival Time                  1.640
= Slack Time                   -0.001
     Clock Rise Edge                      0.000
     + Input Delay                        0.000
     = Beginpoint Arrival Time            0.000
     +-----------------------------------------------------------------------------------------------------------------+ 
     |                Instance                 |     Arc      |           Cell            | Delay | Arrival | Required | 
     |                                         |              |                           |       |  Time   |   Time   | 
     |-----------------------------------------+--------------+---------------------------+-------+---------+----------| 
     |                                         | B[4] v       |                           |       |   0.000 |   -0.001 | 
     | GENERATE_PROPAGATE[4].GENERATE/g2__9315 | B v -> X v   | sky130_fd_sc_hd__and2_4   | 0.530 |   0.530 |    0.529 | 
     | CLA2/g148                               | B v -> Y ^   | sky130_fd_sc_hd__nand2_2  | 0.077 |   0.607 |    0.606 | 
     | CLA2/g147                               | A ^ -> Y v   | sky130_fd_sc_hd__nand2_2  | 0.068 |   0.675 |    0.674 | 
     | CLA2/g145                               | A v -> Y ^   | sky130_fd_sc_hd__nand3_2  | 0.066 |   0.742 |    0.741 | 
     | CLA2/g144                               | A ^ -> Y v   | sky130_fd_sc_hd__nand2_2  | 0.052 |   0.794 |    0.793 | 
     | CLA5/g73                                | A v -> Y ^   | sky130_fd_sc_hd__clkinv_2 | 0.056 |   0.850 |    0.849 | 
     | CLA5/g71                                | B ^ -> Y v   | sky130_fd_sc_hd__nand2_2  | 0.050 |   0.900 |    0.899 | 
     | CLA5/g70                                | A v -> Y ^   | sky130_fd_sc_hd__nand2_2  | 0.068 |   0.968 |    0.967 | 
     | CLA5/g69                                | A ^ -> Y v   | sky130_fd_sc_hd__nand2_4  | 0.059 |   1.026 |    1.026 | 
     | CLA6/g144__5115                         | A v -> Y ^   | sky130_fd_sc_hd__nand2_4  | 0.057 |   1.084 |    1.083 | 
     | CLA6/g142__6131                         | A ^ -> Y v   | sky130_fd_sc_hd__nand2_4  | 0.050 |   1.134 |    1.133 | 
     | CLA6/g98                                | A v -> Y ^   | sky130_fd_sc_hd__nand2_2  | 0.047 |   1.181 |    1.180 | 
     | CLA6/g96                                | A ^ -> Y v   | sky130_fd_sc_hd__nand2_1  | 0.045 |   1.226 |    1.225 | 
     | C14/g2                                  | A_N v -> Y v | sky130_fd_sc_hd__nand2b_4 | 0.164 |   1.390 |    1.389 | 
     | S15/g22                                 | A v -> Y ^   | sky130_fd_sc_hd__inv_4    | 0.066 |   1.456 |    1.455 | 
     | S15/g20                                 | A ^ -> Y v   | sky130_fd_sc_hd__nand2_4  | 0.055 |   1.511 |    1.510 | 
     | S15/g18                                 | A v -> Y ^   | sky130_fd_sc_hd__nand2_8  | 0.128 |   1.639 |    1.638 | 
     |                                         | S[15] ^      |                           | 0.001 |   1.640 |    1.639 | 
     +-----------------------------------------------------------------------------------------------------------------+ 

