============================================================
  Generated by:           Genus(TM) Synthesis Solution 23.12-s086_1
  Generated on:           Apr 11 2025  02:01:31 pm
  Module:                 brent_kung_32bits
  Operating conditions:   tt_025C_1v80 
  Interconnect mode:      global
  Area mode:              physical library
============================================================


Path 1: MET (196951 ps) Path Delay Check
     Startpoint: (F) B[3]
       Endpoint: (R) S[31]

                   Capture    Launch  
      Path Delay:+  200000         -  
      Drv Adjust:+       0         0  
         Arrival:=  200000            
                                      
   Required Time:=  200000            
       Data Path:-    3049            
           Slack:=  196951            

Exceptions/Constraints:
  max_delay            200000           constraints.sdc_line_1 

#----------------------------------------------------------------------------------------------------------------------------------
#                Timing Point                 Flags   Arc   Edge          Cell            Fanout Load Trans Delay Arrival Instance 
#                                                                                                (fF)  (ps)  (ps)   (ps)  Location 
#----------------------------------------------------------------------------------------------------------------------------------
  B[3]                                        -       -     F     (arrival)                    2  7.5  1000     0       0    (-,-) 
  GENERATE_PROPAGATE[3].PROPAGATE/g10__1881/X -       A->X  F     sky130_fd_sc_hd__xor2_1      3 10.4   243   462     462    (-,-) 
  LEVEL_1[3].B1/PROPAGATE/g11__6161/X         -       B->X  F     sky130_fd_sc_hd__and2_1      2  5.5    48   256     717    (-,-) 
  LEVEL_2[3].B2/GENERATE/g13__9315/X          -       A2->X F     sky130_fd_sc_hd__a21o_1      4 12.2    73   214     931    (-,-) 
  LEVEL_3[7].B3/GENERATE/g13__1617/X          -       A1->X F     sky130_fd_sc_hd__a21o_1      5 15.1    84   213    1144    (-,-) 
  LEVEL_4[15].B4/GENERATE/g13__5115/X         -       A1->X F     sky130_fd_sc_hd__a21o_1      6 18.0    96   228    1372    (-,-) 
  B6/GENERATE/g13__6260/X                     -       A1->X F     sky130_fd_sc_hd__a21o_1      4 12.2    73   212    1583    (-,-) 
  LEVEL_7[27].B7/GENERATE/g13__1666/X         -       A1->X F     sky130_fd_sc_hd__a21o_1      3  9.3    62   192    1775    (-,-) 
  LEVEL_8[29].B8/GENERATE/g13__1705/X         -       A1->X F     sky130_fd_sc_hd__a21o_1      2  6.4    50   174    1949    (-,-) 
  LEVEL_9[30].B9/GENERATE/g13__8246/X         -       A1->X F     sky130_fd_sc_hd__a21o_1      1  3.5    38   156    2105    (-,-) 
  C30/g13__6783/X                             -       B1->X F     sky130_fd_sc_hd__a21o_1      1  5.5    59   159    2264    (-,-) 
  S31/g10__7482/X                             -       B->X  R     sky130_fd_sc_hd__xor2_1      1 51.3  1009   784    3048    (-,-) 
  S[31]                                       <<<     -     R     (port)                       -    -     -     0    3049    (-,-) 
#----------------------------------------------------------------------------------------------------------------------------------

