###############################################################
#  Generated by:      Cadence Innovus 23.32-s091_1
#  OS:                Linux x86_64(Host ID cadmicro-inf-el8-623207)
#  Generated on:      Fri Apr 11 14:03:57 2025
#  Design:            sklansky_32bits
#  Command:           report_timing > reports/report_timing.rpt
###############################################################
Path 1: MET Path Delay Check
Endpoint:   S[25] (^)
Beginpoint: B[2]  (v) triggered by  leading edge of '@'
Path Groups: {default}
Analysis View: default_emulate_view
- External Delay                0.000
+ Path Delay                  200.000
= Required Time               200.000
- Arrival Time                  3.033
= Slack Time                  196.967
     Clock Rise Edge                      0.000
     + Input Delay                        0.000
     = Beginpoint Arrival Time            0.000
     +----------------------------------------------------------------------------------------------------------------+ 
     |                 Instance                  |     Arc     |          Cell           | Delay | Arrival | Required | 
     |                                           |             |                         |       |  Time   |   Time   | 
     |-------------------------------------------+-------------+-------------------------+-------+---------+----------| 
     |                                           | B[2] v      |                         |       |  -0.000 |  196.967 | 
     | GENERATE_PROPAGATE[2].PROPAGATE/g10__1881 | A v -> X ^  | sky130_fd_sc_hd__xor2_1 | 0.631 |   0.631 |  197.598 | 
     | LEVEL_1[3].B1/PROPAGATE/g11__9945         | A ^ -> X ^  | sky130_fd_sc_hd__and2_1 | 0.208 |   0.839 |  197.806 | 
     | LEVEL_2[3].B2/GENERATE/g13__2883          | A2 ^ -> X ^ | sky130_fd_sc_hd__a21o_1 | 0.219 |   1.058 |  198.025 | 
     | LEVEL_3[7].B4/GENERATE/g13__6417          | A1 ^ -> X ^ | sky130_fd_sc_hd__a21o_1 | 0.315 |   1.373 |  198.340 | 
     | LEVEL_4[31].B11/GENERATE/g13__2398        | A1 ^ -> X ^ | sky130_fd_sc_hd__a21o_1 | 0.536 |   1.909 |  198.876 | 
     | LEVEL_5[24].B13/GENERATE/g13__5115        | A1 ^ -> X ^ | sky130_fd_sc_hd__a21o_1 | 0.197 |   2.105 |  199.072 | 
     | C24/g13__6260                             | B1 ^ -> X ^ | sky130_fd_sc_hd__a21o_1 | 0.091 |   2.197 |  199.164 | 
     | S25/g10__5107                             | B ^ -> X ^  | sky130_fd_sc_hd__xor2_1 | 0.834 |   3.031 |  199.998 | 
     |                                           | S[25] ^     |                         | 0.002 |   3.033 |  200.000 | 
     +----------------------------------------------------------------------------------------------------------------+ 

