============================================================
  Generated by:           Genus(TM) Synthesis Solution 23.12-s086_1
  Generated on:           Apr 14 2025  03:02:04 pm
  Module:                 signal_32bits
  Operating conditions:   tt_025C_1v80 
  Interconnect mode:      global
  Area mode:              physical library
============================================================


Path 1: MET (4 ps) Path Delay Check
     Startpoint: (R) B[0]
       Endpoint: (F) S[31]

                   Capture    Launch  
      Path Delay:+    2800         -  
      Drv Adjust:+       0         0  
         Arrival:=    2800            
                                      
   Required Time:=    2800            
       Data Path:-    2796            
           Slack:=       4            

Exceptions/Constraints:
  max_delay             2800            constraints.sdc_line_1 

#------------------------------------------------------------------------------------------------------------------------
#         Timing Point          Flags    Arc    Edge           Cell             Fanout Load Trans Delay Arrival Instance 
#                                                                                      (fF)  (ps)  (ps)   (ps)  Location 
#------------------------------------------------------------------------------------------------------------------------
  B[0]                          -       -       R     (arrival)                      3 18.7  1000     0       0    (-,-) 
  addinc_add_7_30_g1375/Y       -       A->Y    F     sky130_fd_sc_hd__inv_1         1  3.6   146   111     111    (-,-) 
  addinc_add_7_30_g1339__7410/Y -       A->Y    R     sky130_fd_sc_hd__nor2_1        1  5.9   135   172     282    (-,-) 
  addinc_add_7_30_g1247__2398/Y -       A->Y    F     sky130_fd_sc_hd__nor2_2        2 10.5    51    75     357    (-,-) 
  addinc_add_7_30_g1235__7482/Y -       A2->Y   R     sky130_fd_sc_hd__o21ai_2       2  8.8   150   147     504    (-,-) 
  addinc_add_7_30_g1232__1881/Y -       A->Y    F     sky130_fd_sc_hd__nand2_1       1  5.6    67    88     592    (-,-) 
  addinc_add_7_30_g1230__7098/Y -       A->Y    R     sky130_fd_sc_hd__nand2_2       2  8.8    88    78     670    (-,-) 
  addinc_add_7_30_g1229__8246/Y -       A->Y    F     sky130_fd_sc_hd__nand2_1       1  5.6    56    72     742    (-,-) 
  addinc_add_7_30_g1227__1705/Y -       A->Y    R     sky130_fd_sc_hd__nand2_2       3 11.8   100    84     826    (-,-) 
  addinc_add_7_30_g1225__2802/Y -       A->Y    F     sky130_fd_sc_hd__nand2_1       1  5.6    58    76     902    (-,-) 
  addinc_add_7_30_g1222__6783/Y -       A->Y    R     sky130_fd_sc_hd__nand2_2       2  8.8    65    74     976    (-,-) 
  addinc_add_7_30_g1221__5526/Y -       A->Y    F     sky130_fd_sc_hd__nand2_1       1  5.6    52    65    1041    (-,-) 
  addinc_add_7_30_g1219__4319/Y -       A->Y    R     sky130_fd_sc_hd__nand2_2       2  8.8    88    72    1113    (-,-) 
  addinc_add_7_30_g1217__5107/Y -       A->Y    F     sky130_fd_sc_hd__nand2_1       1  5.6    56    72    1185    (-,-) 
  addinc_add_7_30_g1215__5477/Y -       A->Y    R     sky130_fd_sc_hd__nand2_2       3 11.8   100    84    1269    (-,-) 
  addinc_add_7_30_g1213__7410/Y -       A->Y    F     sky130_fd_sc_hd__nand2_1       1  5.6    79    76    1345    (-,-) 
  addinc_add_7_30_g1211__2346/Y -       A->Y    R     sky130_fd_sc_hd__nand3_2       2 11.0   102    94    1439    (-,-) 
  addinc_add_7_30_g1208__9315/Y -       A->Y    F     sky130_fd_sc_hd__nand2_2       3 11.0    62    78    1517    (-,-) 
  g1383/Y                       -       A2->Y   R     sky130_fd_sc_hd__o221ai_2      4 13.9   260   241    1759    (-,-) 
  addinc_add_7_30_g1197__5122/Y -       A->Y    F     sky130_fd_sc_hd__nand3_1       1  3.6   100   116    1874    (-,-) 
  addinc_add_7_30_g1190__5526/Y -       A->Y    R     sky130_fd_sc_hd__nand2_1       4 11.1   118   130    2004    (-,-) 
  addinc_add_7_30_g1179__1666/X -       A1->X   R     sky130_fd_sc_hd__a21o_1        4 13.2   124   185    2190    (-,-) 
  addinc_add_7_30_g1167__7098/Y -       A1->Y   F     sky130_fd_sc_hd__a31oi_2       3  9.9    97   123    2312    (-,-) 
  addinc_add_7_30_g1157__4319/Y -       A2->Y   R     sky130_fd_sc_hd__o21ai_2       2 11.1   175   182    2495    (-,-) 
  addinc_add_7_30_g1154__2398/X -       A2_N->X F     sky130_fd_sc_hd__a2bb2o_4      1 51.3    93   301    2795    (-,-) 
  S[31]                         <<<     -       F     (port)                         -    -     -     0    2796    (-,-) 
#------------------------------------------------------------------------------------------------------------------------

