============================================================
  Generated by:           Genus(TM) Synthesis Solution 23.12-s086_1
  Generated on:           Apr 14 2025  03:02:04 pm
  Module:                 signal_32bits
  Operating conditions:   tt_025C_1v80 
  Interconnect mode:      global
  Area mode:              physical library
============================================================

Timing
-------
  Cost    Critical         Violating 
 Group   Path Slack  TNS     Paths   
-------------------------------------
default         4.4   0.0          0 
-------------------------------------
Total                 0.0          0 

Instance Count
--------------
Leaf Instance Count             215 
Physical Instance count           0 
Sequential Instance Count         0 
Combinational Instance Count    215 
Hierarchical Instance Count       0 

Area
----
Cell Area                          1283.731
Physical Cell Area                 0.000
Total Cell Area (Cell+Physical)    1283.731
Net Area                           1361.935
Total Area (Cell+Physical+Net)     2645.666

Max Fanout                         4 (addinc_add_7_30_n_14)
Min Fanout                         1 (Cin)
Average Fanout                     1.9
Terms to net ratio                 2.5393
Terms to instance ratio            3.3070
Runtime                            14.027301 seconds
Elapsed Runtime                    14 seconds
Genus peak memory usage            2012.41 
Innovus peak memory usage          no_value 
Hostname                           cadmicro-inf-el8-623207
