============================================================
  Generated by:           Genus(TM) Synthesis Solution 23.12-s086_1
  Generated on:           Jan 30 2025  11:00:57 pm
  Module:                 alu_WIDTH8
  Technology libraries:   fast_vdd1v2 1.0
                          physical_cells 
  Operating conditions:   PVT_1P32V_0C 
  Interconnect mode:      global
  Area mode:              physical library
============================================================

 Instance        Module        Cell-Count  Cell-Area  Net-Area   Total-Area 
----------------------------------------------------------------------------
alu_WIDTH8 NA                         230    571.140   270.378      841.518 
  donee    register_WIDTH1_23           2      6.840     0.000        6.840 
  in1      register_WIDTH8              9     63.612     0.000       63.612 
  in2      register_WIDTH8_25           9     63.612     0.000       63.612 
  out      register_WIDTH8_24           9     49.932     0.000       49.932 
  sel      register_WIDTH3              4     19.152     0.000       19.152 
  start    register_WIDTH1              2      6.840     0.000        6.840 
============================================================
  Generated by:           Genus(TM) Synthesis Solution 23.12-s086_1
  Generated on:           Jan 30 2025  11:01:13 pm
  Module:                 alu_WIDTH16
  Technology libraries:   fast_vdd1v2 1.0
                          physical_cells 
                          fast_vdd1v2 1.0
                          physical_cells 
  Operating conditions:   PVT_1P32V_0C 
  Interconnect mode:      global
  Area mode:              physical library
============================================================

  Instance         Module        Cell-Count  Cell-Area  Net-Area   Total-Area 
------------------------------------------------------------------------------
alu_WIDTH16 NA                          489   1264.374   574.244     1838.618 
  donee     register_WIDTH1_23            2      6.840     0.000        6.840 
  in1       register_WIDTH16             17    145.008     0.000      145.008 
  in2       register_WIDTH16_25          17    145.008     0.000      145.008 
  out       register_WIDTH16_24          17     99.180     0.000       99.180 
  sel       register_WIDTH3               4     19.152     0.000       19.152 
  start     register_WIDTH1               2      6.840     0.000        6.840 
============================================================
  Generated by:           Genus(TM) Synthesis Solution 23.12-s086_1
  Generated on:           Jan 30 2025  11:01:30 pm
  Module:                 alu_WIDTH32
  Technology libraries:   fast_vdd1v2 1.0
                          physical_cells 
                          fast_vdd1v2 1.0
                          physical_cells 
  Operating conditions:   PVT_1P32V_0C 
  Interconnect mode:      global
  Area mode:              physical library
============================================================

  Instance         Module        Cell-Count  Cell-Area  Net-Area   Total-Area 
------------------------------------------------------------------------------
alu_WIDTH32 NA                         1058   2837.574  1239.639     4077.213 
  donee     register_WIDTH1_23            2      6.840     0.000        6.840 
  in1       register_WIDTH32             33    299.934     0.000      299.934 
  in2       register_WIDTH32_25          33    299.934     0.000      299.934 
  out       register_WIDTH32_24          33    197.676     0.000      197.676 
  sel       register_WIDTH3               4     19.152     0.000       19.152 
  start     register_WIDTH1               2      6.840     0.000        6.840 
