============================================================
  Generated by:           Genus(TM) Synthesis Solution 23.12-s086_1
  Generated on:           Apr 14 2025  03:04:43 pm
  Module:                 signal_32bits
  Operating conditions:   tt_025C_1v80 
  Interconnect mode:      global
  Area mode:              physical library
============================================================

Timing
-------
  Cost    Critical         Violating 
 Group   Path Slack  TNS     Paths   
-------------------------------------
default         0.0   0.0          0 
-------------------------------------
Total                 0.0          0 

Instance Count
--------------
Leaf Instance Count             252 
Physical Instance count           0 
Sequential Instance Count         0 
Combinational Instance Count    252 
Hierarchical Instance Count       0 

Area
----
Cell Area                          1408.851
Physical Cell Area                 0.000
Total Cell Area (Cell+Physical)    1408.851
Net Area                           1515.611
Total Area (Cell+Physical+Net)     2924.462

Max Fanout                         7 (addinc_add_7_30_n_201)
Min Fanout                         1 (n_14)
Average Fanout                     1.8
Terms to net ratio                 2.5300
Terms to instance ratio            3.1825
Runtime                            14.035238 seconds
Elapsed Runtime                    15 seconds
Genus peak memory usage            1946.65 
Innovus peak memory usage          no_value 
Hostname                           cadmicro-inf-el8-623207
