============================================================
  Generated by:           Genus(TM) Synthesis Solution 23.12-s086_1
  Generated on:           Apr 14 2025  02:59:27 pm
  Module:                 signal_32bits
  Operating conditions:   tt_025C_1v80 
  Interconnect mode:      global
  Area mode:              physical library
============================================================

Timing
-------
  Cost    Critical         Violating 
 Group   Path Slack  TNS     Paths   
-------------------------------------
default         0.2   0.0          0 
-------------------------------------
Total                 0.0          0 

Instance Count
--------------
Leaf Instance Count             233 
Physical Instance count           0 
Sequential Instance Count         0 
Combinational Instance Count    233 
Hierarchical Instance Count       0 

Area
----
Cell Area                          1327.523
Physical Cell Area                 0.000
Total Cell Area (Cell+Physical)    1327.523
Net Area                           1408.142
Total Area (Cell+Physical+Net)     2735.665

Max Fanout                         4 (addinc_add_7_30_n_13)
Min Fanout                         1 (n_14)
Average Fanout                     1.8
Terms to net ratio                 2.4765
Terms to instance ratio            3.1674
Runtime                            14.081696 seconds
Elapsed Runtime                    15 seconds
Genus peak memory usage            2012.13 
Innovus peak memory usage          no_value 
Hostname                           cadmicro-inf-el8-623207
