###############################################################
#  Generated by:      Cadence Innovus 23.32-s091_1
#  OS:                Linux x86_64(Host ID cadmicro-inf-el8-623207)
#  Generated on:      Fri Apr 11 15:31:15 2025
#  Design:            sklansky_32bits
#  Command:           report_timing > reports/report_timing.rpt
###############################################################
Path 1: VIOLATED Path Delay Check
Endpoint:   S[26] (v)
Beginpoint: A[0]  (v) triggered by  leading edge of '@'
Path Groups: {default}
Analysis View: default_emulate_view
- External Delay                0.000
+ Path Delay                    1.896
= Required Time                 1.896
- Arrival Time                  1.940
= Slack Time                   -0.044
     Clock Rise Edge                      0.000
     + Input Delay                        0.000
     = Beginpoint Arrival Time            0.000
     +---------------------------------------------------------------------------------------------------------------+ 
     |                Instance                 |     Arc     |           Cell           | Delay | Arrival | Required | 
     |                                         |             |                          |       |  Time   |   Time   | 
     |-----------------------------------------+-------------+--------------------------+-------+---------+----------| 
     |                                         | A[0] v      |                          |       |   0.000 |   -0.044 | 
     | GENERATE_PROPAGATE[0].GENERATE/g2__1705 | B v -> X v  | sky130_fd_sc_hd__and2_4  | 0.527 |   0.527 |    0.483 | 
     | LEVEL_1[1].B1/GENERATE/g13__2883        | A1 v -> X v | sky130_fd_sc_hd__a21o_1  | 0.194 |   0.721 |    0.677 | 
     | LEVEL_2[3].B2/GENERATE/g14__5477        | A v -> Y ^  | sky130_fd_sc_hd__nand2_2 | 0.083 |   0.804 |    0.760 | 
     | LEVEL_2[3].B2/GENERATE/g13__6417        | A ^ -> Y v  | sky130_fd_sc_hd__nand2_4 | 0.073 |   0.877 |    0.833 | 
     | LEVEL_3[7].B4/GENERATE/g14__1617        | A v -> Y ^  | sky130_fd_sc_hd__nand2_4 | 0.067 |   0.943 |    0.900 | 
     | LEVEL_3[7].B4/GENERATE/g13__3680        | A ^ -> Y v  | sky130_fd_sc_hd__nand2_4 | 0.082 |   1.026 |    0.982 | 
     | LEVEL_4[31].B11/GENERATE/g14__7098      | A v -> Y ^  | sky130_fd_sc_hd__nand2_4 | 0.094 |   1.120 |    1.076 | 
     | LEVEL_4[31].B11/GENERATE/g13__8246      | A ^ -> Y v  | sky130_fd_sc_hd__nand2_8 | 0.100 |   1.220 |    1.176 | 
     | LEVEL_5[25].B13/GENERATE/g13__4319      | A1 v -> X v | sky130_fd_sc_hd__a21o_1  | 0.172 |   1.392 |    1.348 | 
     | C25/g13__4319                           | B1 v -> X v | sky130_fd_sc_hd__a21o_1  | 0.179 |   1.571 |    1.527 | 
     | S26/g10__1881                           | A0 v -> X v | sky130_fd_sc_hd__mux2_4  | 0.368 |   1.939 |    1.895 | 
     |                                         | S[26] v     |                          | 0.001 |   1.940 |    1.896 | 
     +---------------------------------------------------------------------------------------------------------------+ 

