============================================================
  Generated by:           Genus(TM) Synthesis Solution 23.12-s086_1
  Generated on:           Apr 14 2025  03:46:57 pm
  Module:                 carry_select_adder_56678_32bits
  Operating conditions:   tt_025C_1v80 
  Interconnect mode:      global
  Area mode:              physical library
============================================================

Timing
-------
  Cost    Critical         Violating 
 Group   Path Slack  TNS     Paths   
-------------------------------------
default      4552.6   0.0          0 
-------------------------------------
Total                 0.0          0 

Instance Count
--------------
Leaf Instance Count             128 
Physical Instance count           0 
Sequential Instance Count         0 
Combinational Instance Count    128 
Hierarchical Instance Count       0 

Area
----
Cell Area                          1068.525
Physical Cell Area                 0.000
Total Cell Area (Cell+Physical)    1068.525
Net Area                           924.490
Total Area (Cell+Physical+Net)     1993.015

Max Fanout                         9 (n_217)
Min Fanout                         1 (A[5])
Average Fanout                     1.6
Terms to net ratio                 2.1226
Terms to instance ratio            3.5156
Runtime                            13.438762 seconds
Elapsed Runtime                    14 seconds
Genus peak memory usage            1892.29 
Innovus peak memory usage          no_value 
Hostname                           cadmicro-inf-el8-623207
