###############################################################
#  Generated by:      Cadence Innovus 23.32-s091_1
#  OS:                Linux x86_64(Host ID cadmicro-inf-el8-623207)
#  Generated on:      Fri Apr 11 15:46:55 2025
#  Design:            ladner_fischer_32bits
#  Command:           report_timing > reports/report_timing.rpt
###############################################################
Path 1: VIOLATED Path Delay Check
Endpoint:   S[27] (v)
Beginpoint: B[6]  (v) triggered by  leading edge of '@'
Path Groups: {default}
Analysis View: default_emulate_view
- External Delay                0.000
+ Path Delay                    1.818
= Required Time                 1.818
- Arrival Time                  1.843
= Slack Time                   -0.025
     Clock Rise Edge                      0.000
     + Input Delay                        0.000
     = Beginpoint Arrival Time            0.000
     +---------------------------------------------------------------------------------------------------------+ 
     |              Instance              |    Arc     |           Cell           | Delay | Arrival | Required | 
     |                                    |            |                          |       |  Time   |   Time   | 
     |------------------------------------+------------+--------------------------+-------+---------+----------| 
     |                                    | B[6] v     |                          |       |   0.000 |   -0.025 | 
     | GENERATE_PROPAGATE[6].PROPAGATE/g2 | A v -> X ^ | sky130_fd_sc_hd__xor2_4  | 0.476 |   0.476 |    0.451 | 
     | LEVEL_1[7].B1/PROPAGATE/g11__2398  | A ^ -> X ^ | sky130_fd_sc_hd__and2_4  | 0.194 |   0.669 |    0.644 | 
     | LEVEL_2[7].B2/PROPAGATE/g11__6260  | B ^ -> X ^ | sky130_fd_sc_hd__and2_4  | 0.141 |   0.811 |    0.785 | 
     | LEVEL_3[7].B3/PROPAGATE/g11__2883  | A ^ -> X ^ | sky130_fd_sc_hd__and2_4  | 0.158 |   0.969 |    0.944 | 
     | LEVEL_4[31].B6/PROPAGATE/g11__5107 | A ^ -> X ^ | sky130_fd_sc_hd__and2_4  | 0.206 |   1.175 |    1.150 | 
     | LEVEL_5[25].B7/PROPAGATE/g11__5115 | A ^ -> X ^ | sky130_fd_sc_hd__and2_4  | 0.166 |   1.342 |    1.316 | 
     | LEVEL_6[26].B8/PROPAGATE/g11__5477 | A ^ -> X ^ | sky130_fd_sc_hd__and2_4  | 0.129 |   1.471 |    1.446 | 
     | C26/g20__4319                      | A ^ -> Y v | sky130_fd_sc_hd__nand2_2 | 0.042 |   1.513 |    1.488 | 
     | C26/g19__6260                      | A v -> Y ^ | sky130_fd_sc_hd__nand2_2 | 0.115 |   1.629 |    1.603 | 
     | S27/g19                            | A ^ -> Y v | sky130_fd_sc_hd__inv_2   | 0.049 |   1.678 |    1.652 | 
     | S27/g17__1881                      | A v -> Y ^ | sky130_fd_sc_hd__nand2_4 | 0.072 |   1.749 |    1.724 | 
     | S27/g15__7098                      | B ^ -> Y v | sky130_fd_sc_hd__nand2_8 | 0.093 |   1.842 |    1.817 | 
     |                                    | S[27] v    |                          | 0.001 |   1.843 |    1.818 | 
     +---------------------------------------------------------------------------------------------------------+ 

