============================================================
  Generated by:           Genus(TM) Synthesis Solution 23.12-s086_1
  Generated on:           Apr 11 2025  02:38:56 pm
  Module:                 kogge_stone_32bits
  Operating conditions:   tt_025C_1v80 
  Interconnect mode:      global
  Area mode:              physical library
============================================================


Path 1: MET (5575 ps) Path Delay Check
     Startpoint: (F) B[0]
       Endpoint: (R) S[16]

                   Capture    Launch  
      Path Delay:+    8000         -  
      Drv Adjust:+       0         0  
         Arrival:=    8000            
                                      
   Required Time:=    8000            
       Data Path:-    2425            
           Slack:=    5575            

Exceptions/Constraints:
  max_delay             8000            constraints.sdc_line_1 

#----------------------------------------------------------------------------------------------------------------------------------
#                Timing Point                 Flags   Arc   Edge          Cell            Fanout Load Trans Delay Arrival Instance 
#                                                                                                (fF)  (ps)  (ps)   (ps)  Location 
#----------------------------------------------------------------------------------------------------------------------------------
  B[0]                                        -       -     F     (arrival)                    2  7.5  1000     0       0    (-,-) 
  GENERATE_PROPAGATE[0].PROPAGATE/g10__5107/X -       A->X  R     sky130_fd_sc_hd__xor2_1      7 19.8   493   730     730    (-,-) 
  LEVEL_1[1].B1/PROPAGATE/g11__2802/X         -       A->X  R     sky130_fd_sc_hd__and2_1      5 12.5   139   267     996    (-,-) 
  LEVEL_2[3].B3/PROPAGATE/g11__1881/X         -       A->X  R     sky130_fd_sc_hd__and2_1      4 10.3   115   192    1188    (-,-) 
  LEVEL_3[7].B7/PROPAGATE/g11__7482/X         -       A->X  R     sky130_fd_sc_hd__and2_1      3  8.0    94   170    1358    (-,-) 
  LEVEL_4[15].B15/PROPAGATE/g11__5122/X       -       A->X  R     sky130_fd_sc_hd__and2_1      2  5.9    75   148    1507    (-,-) 
  C15/g13__5122/X                             -       A1->X R     sky130_fd_sc_hd__a21o_1      1  5.8    73   127    1634    (-,-) 
  S16/g10__6783/X                             -       B->X  R     sky130_fd_sc_hd__xor2_1      1 51.3  1009   791    2424    (-,-) 
  S[16]                                       <<<     -     R     (port)                       -    -     -     0    2425    (-,-) 
#----------------------------------------------------------------------------------------------------------------------------------

