============================================================
  Generated by:           Genus(TM) Synthesis Solution 23.12-s086_1
  Generated on:           Apr 14 2025  01:05:15 pm
  Module:                 signal_32bits
  Operating conditions:   tt_025C_1v80 
  Interconnect mode:      global
  Area mode:              physical library
============================================================

Timing
-------
  Cost    Critical         Violating 
 Group   Path Slack  TNS     Paths   
-------------------------------------
default         4.1   0.0          0 
-------------------------------------
Total                 0.0          0 

Instance Count
--------------
Leaf Instance Count             67 
Physical Instance count          0 
Sequential Instance Count        0 
Combinational Instance Count    67 
Hierarchical Instance Count      0 

Area
----
Cell Area                          761.981
Physical Cell Area                 0.000
Total Cell Area (Cell+Physical)    761.981
Net Area                           595.732
Total Area (Cell+Physical+Net)     1357.713

Max Fanout                         3 (B[0])
Min Fanout                         1 (A[8])
Average Fanout                     1.2
Terms to net ratio                 1.6076
Terms to instance ratio            3.7910
Runtime                            13.481906 seconds
Elapsed Runtime                    14 seconds
Genus peak memory usage            1941.64 
Innovus peak memory usage          no_value 
Hostname                           cadmicro-inf-el8-623207
