============================================================
  Generated by:           Genus(TM) Synthesis Solution 23.12-s086_1
  Generated on:           Apr 11 2025  03:23:47 pm
  Module:                 sklansky_32bits
  Operating conditions:   tt_025C_1v80 
  Interconnect mode:      global
  Area mode:              physical library
============================================================


Path 1: MET (0 ps) Path Delay Check
     Startpoint: (F) B[8]
       Endpoint: (R) S[18]

                   Capture    Launch  
      Path Delay:+    1739         -  
      Drv Adjust:+       0         0  
         Arrival:=    1739            
                                      
   Required Time:=    1739            
       Data Path:-    1739            
           Slack:=       0            

Exceptions/Constraints:
  max_delay             1739            constraints.sdc_line_1 

#------------------------------------------------------------------------------------------------------------------------------------
#                Timing Point                 Flags   Arc   Edge           Cell             Fanout Load Trans Delay Arrival Instance 
#                                                                                                  (fF)  (ps)  (ps)   (ps)  Location 
#------------------------------------------------------------------------------------------------------------------------------------
  B[8]                                        -       -     F     (arrival)                      1  3.3  1000     0       0    (-,-) 
  g75/X                                       -       A->X  F     sky130_fd_sc_hd__clkbuf_1      3 13.9   101   367     367    (-,-) 
  GENERATE_PROPAGATE[8].PROPAGATE/g30/Y       -       A->Y  R     sky130_fd_sc_hd__inv_2         1  5.9    46    73     440    (-,-) 
  GENERATE_PROPAGATE[8].PROPAGATE/g28__5122/Y -       B->Y  F     sky130_fd_sc_hd__nand2_2       1  5.6    57    52     491    (-,-) 
  GENERATE_PROPAGATE[8].PROPAGATE/g26__2802/Y -       A->Y  R     sky130_fd_sc_hd__nand2_2       4 13.1    86    89     580    (-,-) 
  LEVEL_1[9].B1/PROPAGATE/g11__1666/X         -       A->X  R     sky130_fd_sc_hd__and2_4        4 11.0    53   157     737    (-,-) 
  LEVEL_2[11].B2/PROPAGATE/g11__4319/X        -       A->X  R     sky130_fd_sc_hd__and2_4        5 15.0    64   155     892    (-,-) 
  LEVEL_3[15].B4/PROPAGATE/g12__5122/Y        -       A->Y  F     sky130_fd_sc_hd__nand2_2       1  5.6    37    51     943    (-,-) 
  LEVEL_3[15].B4/PROPAGATE/g11/Y              -       A->Y  R     sky130_fd_sc_hd__inv_2         2  9.3    50    58    1001    (-,-) 
  LEVEL_4[31].B11/PROPAGATE/g11__5122/X       -       A->X  R     sky130_fd_sc_hd__and2_4       17 39.6   128   204    1205    (-,-) 
  LEVEL_5[17].B13/PROPAGATE/g11__7098/X       -       A->X  R     sky130_fd_sc_hd__and2_1        1  3.7    56   144    1349    (-,-) 
  C17/g20__6783/Y                             -       A->Y  F     sky130_fd_sc_hd__nand2_1       1  5.6    77    62    1412    (-,-) 
  C17/g19__5526/Y                             -       A->Y  R     sky130_fd_sc_hd__nand2_2       2 11.3    78    92    1503    (-,-) 
  S18/g2__1881/Y                              -       B->Y  F     sky130_fd_sc_hd__nand2b_2      1 17.6    94   102    1605    (-,-) 
  S18/g15__7098/Y                             -       B->Y  R     sky130_fd_sc_hd__nand2_8       1 51.3   110   134    1739    (-,-) 
  S[18]                                       <<<     -     R     (port)                         -    -     -     0    1739    (-,-) 
#------------------------------------------------------------------------------------------------------------------------------------

