============================================================
  Generated by:           Genus(TM) Synthesis Solution 23.12-s086_1
  Generated on:           Apr 11 2025  03:23:47 pm
  Module:                 sklansky_32bits
  Operating conditions:   tt_025C_1v80 
  Interconnect mode:      global
  Area mode:              physical library
============================================================

             Instance                   Module       Cell-Count  Cell-Area  Net-Area   Total-Area 
--------------------------------------------------------------------------------------------------
sklansky_32bits                    NA                       598   3932.522  3010.598     6943.120 
  B12                              bolinha_456                2     13.763     0.000       13.763 
    GENERATE                       generate_ij_597            1      7.507     0.000        7.507 
    PROPAGATE                      propagate_ij_707           1      6.256     0.000        6.256 
  B8                               bolinha_472                3     16.266     3.394       19.659 
    GENERATE                       generate_ij_613            2     10.010     3.394       13.403 
    PROPAGATE                      propagate_ij_723           1      6.256     0.000        6.256 
  B9                               bolinha_471                2     13.763     0.000       13.763 
    GENERATE                       generate_ij_612            1      7.507     0.000        7.507 
    PROPAGATE                      propagate_ij_722           1      6.256     0.000        6.256 
  C0                               carry                      1      7.507     0.000        7.507 
  C1                               carry_550                  1      7.507     0.000        7.507 
  C10                              carry_541                  1      7.507     0.000        7.507 
  C11                              carry_540                  1      7.507     0.000        7.507 
  C12                              carry_539                  1      7.507     0.000        7.507 
  C13                              carry_538                  1      7.507     0.000        7.507 
  C14                              carry_537                  1      7.507     0.000        7.507 
  C15                              carry_536                  2     20.019     3.394       23.413 
  C16                              carry_535                  3     18.768     6.787       25.555 
  C17                              carry_534                  3     13.763     6.787       20.551 
  C18                              carry_533                  3     13.763     6.787       20.551 
  C19                              carry_532                  3     18.768     6.787       25.555 
  C2                               carry_549                  1      7.507     0.000        7.507 
  C20                              carry_531                  3     20.019     6.787       26.807 
  C21                              carry_530                  3     18.768     6.787       25.555 
  C22                              carry_529                  3     13.763     6.787       20.551 
  C23                              carry_528                  3     13.763     6.787       20.551 
  C24                              carry_527                  3     13.763     6.787       20.551 
  C25                              carry_526                  3     18.768     6.787       25.555 
  C26                              carry_525                  3     13.763     6.787       20.551 
  C27                              carry_524                  3     13.763     6.787       20.551 
  C28                              carry_523                  3     13.763     6.787       20.551 
  C29                              carry_522                  3     13.763     6.787       20.551 
  C3                               carry_548                  1      7.507     0.000        7.507 
  C30                              carry_521                  3     16.266     6.787       23.053 
  C31                              carry_520                  1     15.014     0.000       15.014 
  C4                               carry_547                  1      7.507     0.000        7.507 
  C5                               carry_546                  1      7.507     0.000        7.507 
  C6                               carry_545                  1      7.507     0.000        7.507 
  C7                               carry_544                  1      7.507     0.000        7.507 
  C8                               carry_543                  1      7.507     0.000        7.507 
  C9                               carry_542                  1      7.507     0.000        7.507 
  GENERATE_PROPAGATE[0].GENERATE   generate_i                 1      8.758     0.000        8.758 
  GENERATE_PROPAGATE[0].PROPAGATE  propagate_i                5     21.270    13.575       34.845 
  GENERATE_PROPAGATE[10].GENERATE  generate_i_572             3     11.261     6.787       18.048 
  GENERATE_PROPAGATE[10].PROPAGATE propagate_i_682            3     16.266     6.787       23.053 
  GENERATE_PROPAGATE[11].GENERATE  generate_i_571             1      8.758     0.000        8.758 
  GENERATE_PROPAGATE[11].PROPAGATE propagate_i_681            5     23.773    13.575       37.348 
  GENERATE_PROPAGATE[12].GENERATE  generate_i_570             3     11.261     6.787       18.048 
  GENERATE_PROPAGATE[12].PROPAGATE propagate_i_680            5     31.280    13.575       44.855 
  GENERATE_PROPAGATE[13].GENERATE  generate_i_569             1      6.256     0.000        6.256 
  GENERATE_PROPAGATE[13].PROPAGATE propagate_i_679            5     23.773    13.575       37.348 
  GENERATE_PROPAGATE[14].GENERATE  generate_i_568             1      8.758     0.000        8.758 
  GENERATE_PROPAGATE[14].PROPAGATE propagate_i_678            5     21.270    13.575       34.845 
  GENERATE_PROPAGATE[15].GENERATE  generate_i_567             1      6.256     0.000        6.256 
  GENERATE_PROPAGATE[15].PROPAGATE propagate_i_677            5     23.773    13.575       37.348 
  GENERATE_PROPAGATE[16].GENERATE  generate_i_566             3     11.261     6.787       18.048 
  GENERATE_PROPAGATE[16].PROPAGATE propagate_i_676            5     31.280    13.575       44.855 
  GENERATE_PROPAGATE[17].GENERATE  generate_i_565             1      6.256     0.000        6.256 
  GENERATE_PROPAGATE[17].PROPAGATE propagate_i_675            5     18.768    13.575       32.343 
  GENERATE_PROPAGATE[18].GENERATE  generate_i_564             1      6.256     0.000        6.256 
  GENERATE_PROPAGATE[18].PROPAGATE propagate_i_674            1      8.758     0.000        8.758 
  GENERATE_PROPAGATE[19].GENERATE  generate_i_563             1      6.256     0.000        6.256 
  GENERATE_PROPAGATE[19].PROPAGATE propagate_i_673            5     31.280    13.575       44.855 
  GENERATE_PROPAGATE[1].GENERATE   generate_i_581             1      6.256     0.000        6.256 
  GENERATE_PROPAGATE[1].PROPAGATE  propagate_i_691            4     27.526    10.181       37.708 
  GENERATE_PROPAGATE[20].GENERATE  generate_i_562             1      6.256     0.000        6.256 
  GENERATE_PROPAGATE[20].PROPAGATE propagate_i_672            1      8.758     0.000        8.758 
  GENERATE_PROPAGATE[21].GENERATE  generate_i_561             1      6.256     0.000        6.256 
  GENERATE_PROPAGATE[21].PROPAGATE propagate_i_671            3     16.266     6.787       23.053 
  GENERATE_PROPAGATE[22].GENERATE  generate_i_560             1      6.256     0.000        6.256 
  GENERATE_PROPAGATE[22].PROPAGATE propagate_i_670            4     35.034    10.181       45.215 
  GENERATE_PROPAGATE[23].GENERATE  generate_i_559             1      6.256     0.000        6.256 
  GENERATE_PROPAGATE[23].PROPAGATE propagate_i_669            5     26.275    13.575       39.850 
  GENERATE_PROPAGATE[24].GENERATE  generate_i_558             1      8.758     0.000        8.758 
  GENERATE_PROPAGATE[24].PROPAGATE propagate_i_668            5     28.778    13.575       42.353 
  GENERATE_PROPAGATE[25].GENERATE  generate_i_557             1      6.256     0.000        6.256 
  GENERATE_PROPAGATE[25].PROPAGATE propagate_i_667            5     26.275    13.575       39.850 
  GENERATE_PROPAGATE[26].GENERATE  generate_i_556             1      6.256     0.000        6.256 
  GENERATE_PROPAGATE[26].PROPAGATE propagate_i_666            5     21.270    13.575       34.845 
  GENERATE_PROPAGATE[27].GENERATE  generate_i_555             1      6.256     0.000        6.256 
  GENERATE_PROPAGATE[27].PROPAGATE propagate_i_665            5     21.270    13.575       34.845 
  GENERATE_PROPAGATE[28].GENERATE  generate_i_554             1      6.256     0.000        6.256 
  GENERATE_PROPAGATE[28].PROPAGATE propagate_i_664            5     21.270    13.575       34.845 
  GENERATE_PROPAGATE[29].GENERATE  generate_i_553             1      6.256     0.000        6.256 
  GENERATE_PROPAGATE[29].PROPAGATE propagate_i_663            5     21.270    13.575       34.845 
  GENERATE_PROPAGATE[2].GENERATE   generate_i_580             3     11.261     6.787       18.048 
  GENERATE_PROPAGATE[2].PROPAGATE  propagate_i_690            4     35.034    10.181       45.215 
  GENERATE_PROPAGATE[30].GENERATE  generate_i_552             1      6.256     0.000        6.256 
  GENERATE_PROPAGATE[30].PROPAGATE propagate_i_662            1     16.266     0.000       16.266 
  GENERATE_PROPAGATE[31].GENERATE  generate_i_551             1      6.256     0.000        6.256 
  GENERATE_PROPAGATE[31].PROPAGATE propagate_i_661            3     23.773     6.787       30.560 
  GENERATE_PROPAGATE[3].GENERATE   generate_i_579             1      6.256     0.000        6.256 
  GENERATE_PROPAGATE[3].PROPAGATE  propagate_i_689            3     26.275     6.787       33.063 
  GENERATE_PROPAGATE[4].GENERATE   generate_i_578             3     11.261     6.787       18.048 
  GENERATE_PROPAGATE[4].PROPAGATE  propagate_i_688            5     21.270    13.575       34.845 
  GENERATE_PROPAGATE[5].GENERATE   generate_i_577             1      6.256     0.000        6.256 
  GENERATE_PROPAGATE[5].PROPAGATE  propagate_i_687            4     27.526    10.181       37.708 
  GENERATE_PROPAGATE[6].GENERATE   generate_i_576             1      6.256     0.000        6.256 
  GENERATE_PROPAGATE[6].PROPAGATE  propagate_i_686            1      8.758     0.000        8.758 
  GENERATE_PROPAGATE[7].GENERATE   generate_i_575             1      6.256     0.000        6.256 
  GENERATE_PROPAGATE[7].PROPAGATE  propagate_i_685            5     18.768    13.575       32.343 
  GENERATE_PROPAGATE[8].GENERATE   generate_i_574             3     11.261     6.787       18.048 
  GENERATE_PROPAGATE[8].PROPAGATE  propagate_i_684            5     26.275    13.575       39.850 
  GENERATE_PROPAGATE[9].GENERATE   generate_i_573             1      8.758     0.000        8.758 
  GENERATE_PROPAGATE[9].PROPAGATE  propagate_i_683            5     21.270    13.575       34.845 
  LEVEL_1[11].B1                   bolinha_515                2     16.266     0.000       16.266 
    GENERATE                       generate_ij_656            1      7.507     0.000        7.507 
    PROPAGATE                      propagate_ij_766           1      8.758     0.000        8.758 
  LEVEL_1[13].B1                   bolinha_514                2     16.266     0.000       16.266 
    GENERATE                       generate_ij_655            1      7.507     0.000        7.507 
    PROPAGATE                      propagate_ij_765           1      8.758     0.000        8.758 
  LEVEL_1[15].B1                   bolinha_513                2     13.763     0.000       13.763 
    GENERATE                       generate_ij_654            1      7.507     0.000        7.507 
    PROPAGATE                      propagate_ij_764           1      6.256     0.000        6.256 
  LEVEL_1[17].B1                   bolinha_512                2     13.763     0.000       13.763 
    GENERATE                       generate_ij_653            1      7.507     0.000        7.507 
    PROPAGATE                      propagate_ij_763           1      6.256     0.000        6.256 
  LEVEL_1[19].B1                   bolinha_511                2     13.763     0.000       13.763 
    GENERATE                       generate_ij_652            1      7.507     0.000        7.507 
    PROPAGATE                      propagate_ij_762           1      6.256     0.000        6.256 
  LEVEL_1[1].B1                    bolinha                    4     17.517     6.787       24.304 
    GENERATE                       generate_ij                2     10.010     3.394       13.403 
    PROPAGATE                      propagate_ij               2      7.507     3.394       10.901 
  LEVEL_1[21].B1                   bolinha_510                2     16.266     0.000       16.266 
    GENERATE                       generate_ij_651            1      7.507     0.000        7.507 
    PROPAGATE                      propagate_ij_761           1      8.758     0.000        8.758 
  LEVEL_1[23].B1                   bolinha_509                2     16.266     0.000       16.266 
    GENERATE                       generate_ij_650            1      7.507     0.000        7.507 
    PROPAGATE                      propagate_ij_760           1      8.758     0.000        8.758 
  LEVEL_1[25].B1                   bolinha_508                2     15.014     0.000       15.014 
    GENERATE                       generate_ij_649            1      7.507     0.000        7.507 
    PROPAGATE                      propagate_ij_759           1      7.507     0.000        7.507 
  LEVEL_1[27].B1                   bolinha_507                2     13.763     0.000       13.763 
    GENERATE                       generate_ij_648            1      7.507     0.000        7.507 
    PROPAGATE                      propagate_ij_758           1      6.256     0.000        6.256 
  LEVEL_1[29].B1                   bolinha_506                2     13.763     0.000       13.763 
    GENERATE                       generate_ij_647            1      7.507     0.000        7.507 
    PROPAGATE                      propagate_ij_757           1      6.256     0.000        6.256 
  LEVEL_1[31].B1                   bolinha_505                2     13.763     0.000       13.763 
    GENERATE                       generate_ij_646            1      7.507     0.000        7.507 
    PROPAGATE                      propagate_ij_756           1      6.256     0.000        6.256 
  LEVEL_1[3].B1                    bolinha_519                3     17.517     3.394       20.911 
    GENERATE                       generate_ij_660            1      7.507     0.000        7.507 
    PROPAGATE                      propagate_ij_770           2     10.010     3.394       13.403 
  LEVEL_1[5].B1                    bolinha_518                2     16.266     0.000       16.266 
    GENERATE                       generate_ij_659            1      7.507     0.000        7.507 
    PROPAGATE                      propagate_ij_769           1      8.758     0.000        8.758 
  LEVEL_1[7].B1                    bolinha_517                2     13.763     0.000       13.763 
    GENERATE                       generate_ij_658            1      7.507     0.000        7.507 
    PROPAGATE                      propagate_ij_768           1      6.256     0.000        6.256 
  LEVEL_1[9].B1                    bolinha_516                2     16.266     0.000       16.266 
    GENERATE                       generate_ij_657            1      7.507     0.000        7.507 
    PROPAGATE                      propagate_ij_767           1      8.758     0.000        8.758 
  LEVEL_2[11].B2                   bolinha_500                4     30.029     6.787       36.816 
    GENERATE                       generate_ij_641            3     21.270     6.787       28.058 
    PROPAGATE                      propagate_ij_751           1      8.758     0.000        8.758 
  LEVEL_2[11].B3                   bolinha_499                2     13.763     0.000       13.763 
    GENERATE                       generate_ij_640            1      7.507     0.000        7.507 
    PROPAGATE                      propagate_ij_750           1      6.256     0.000        6.256 
  LEVEL_2[15].B2                   bolinha_498                3     18.768     3.394       22.162 
    GENERATE                       generate_ij_639            2     10.010     3.394       13.403 
    PROPAGATE                      propagate_ij_749           1      8.758     0.000        8.758 
  LEVEL_2[15].B3                   bolinha_497                2     13.763     0.000       13.763 
    GENERATE                       generate_ij_638            1      7.507     0.000        7.507 
    PROPAGATE                      propagate_ij_748           1      6.256     0.000        6.256 
  LEVEL_2[19].B2                   bolinha_496                3     18.768     3.394       22.162 
    GENERATE                       generate_ij_637            2     10.010     3.394       13.403 
    PROPAGATE                      propagate_ij_747           1      8.758     0.000        8.758 
  LEVEL_2[19].B3                   bolinha_495                2     13.763     0.000       13.763 
    GENERATE                       generate_ij_636            1      7.507     0.000        7.507 
    PROPAGATE                      propagate_ij_746           1      6.256     0.000        6.256 
  LEVEL_2[23].B2                   bolinha_494                2     16.266     0.000       16.266 
    GENERATE                       generate_ij_635            1      7.507     0.000        7.507 
    PROPAGATE                      propagate_ij_745           1      8.758     0.000        8.758 
  LEVEL_2[23].B3                   bolinha_493                2     13.763     0.000       13.763 
    GENERATE                       generate_ij_634            1      7.507     0.000        7.507 
    PROPAGATE                      propagate_ij_744           1      6.256     0.000        6.256 
  LEVEL_2[27].B2                   bolinha_492                2     16.266     0.000       16.266 
    GENERATE                       generate_ij_633            1      7.507     0.000        7.507 
    PROPAGATE                      propagate_ij_743           1      8.758     0.000        8.758 
  LEVEL_2[27].B3                   bolinha_491                2     13.763     0.000       13.763 
    GENERATE                       generate_ij_632            1      7.507     0.000        7.507 
    PROPAGATE                      propagate_ij_742           1      6.256     0.000        6.256 
  LEVEL_2[31].B2                   bolinha_490                2     13.763     0.000       13.763 
    GENERATE                       generate_ij_631            1      7.507     0.000        7.507 
    PROPAGATE                      propagate_ij_741           1      6.256     0.000        6.256 
  LEVEL_2[31].B3                   bolinha_489                2     13.763     0.000       13.763 
    GENERATE                       generate_ij_630            1      7.507     0.000        7.507 
    PROPAGATE                      propagate_ij_740           1      6.256     0.000        6.256 
  LEVEL_2[3].B2                    bolinha_504                5     23.773    10.181       33.954 
    GENERATE                       generate_ij_645            3     13.763     6.787       20.551 
    PROPAGATE                      propagate_ij_755           2     10.010     3.394       13.403 
  LEVEL_2[3].B3                    bolinha_503                2     13.763     0.000       13.763 
    GENERATE                       generate_ij_644            1      7.507     0.000        7.507 
    PROPAGATE                      propagate_ij_754           1      6.256     0.000        6.256 
  LEVEL_2[7].B2                    bolinha_502                5     18.768    10.181       28.949 
    GENERATE                       generate_ij_643            3     11.261     6.787       18.048 
    PROPAGATE                      propagate_ij_753           2      7.507     3.394       10.901 
  LEVEL_2[7].B3                    bolinha_501                2     13.763     0.000       13.763 
    GENERATE                       generate_ij_642            1      7.507     0.000        7.507 
    PROPAGATE                      propagate_ij_752           1      6.256     0.000        6.256 
  LEVEL_3[15].B4                   bolinha_484                5     21.270    10.181       31.452 
    GENERATE                       generate_ij_625            3     11.261     6.787       18.048 
    PROPAGATE                      propagate_ij_735           2     10.010     3.394       13.403 
  LEVEL_3[15].B5                   bolinha_483                2     13.763     0.000       13.763 
    GENERATE                       generate_ij_624            1      7.507     0.000        7.507 
    PROPAGATE                      propagate_ij_734           1      6.256     0.000        6.256 
  LEVEL_3[15].B6                   bolinha_482                2     13.763     0.000       13.763 
    GENERATE                       generate_ij_623            1      7.507     0.000        7.507 
    PROPAGATE                      propagate_ij_733           1      6.256     0.000        6.256 
  LEVEL_3[15].B7                   bolinha_481                2     13.763     0.000       13.763 
    GENERATE                       generate_ij_622            1      7.507     0.000        7.507 
    PROPAGATE                      propagate_ij_732           1      6.256     0.000        6.256 
  LEVEL_3[23].B4                   bolinha_480                2     23.773     0.000       23.773 
    GENERATE                       generate_ij_621            1     15.014     0.000       15.014 
    PROPAGATE                      propagate_ij_731           1      8.758     0.000        8.758 
  LEVEL_3[23].B5                   bolinha_479                2     13.763     0.000       13.763 
    GENERATE                       generate_ij_620            1      7.507     0.000        7.507 
    PROPAGATE                      propagate_ij_730           1      6.256     0.000        6.256 
  LEVEL_3[23].B6                   bolinha_478                2     13.763     0.000       13.763 
    GENERATE                       generate_ij_619            1      7.507     0.000        7.507 
    PROPAGATE                      propagate_ij_729           1      6.256     0.000        6.256 
  LEVEL_3[23].B7                   bolinha_477                2     13.763     0.000       13.763 
    GENERATE                       generate_ij_618            1      7.507     0.000        7.507 
    PROPAGATE                      propagate_ij_728           1      6.256     0.000        6.256 
  LEVEL_3[31].B4                   bolinha_476                2     13.763     0.000       13.763 
    GENERATE                       generate_ij_617            1      7.507     0.000        7.507 
    PROPAGATE                      propagate_ij_727           1      6.256     0.000        6.256 
  LEVEL_3[31].B5                   bolinha_475                2     13.763     0.000       13.763 
    GENERATE                       generate_ij_616            1      7.507     0.000        7.507 
    PROPAGATE                      propagate_ij_726           1      6.256     0.000        6.256 
  LEVEL_3[31].B6                   bolinha_474                2     13.763     0.000       13.763 
    GENERATE                       generate_ij_615            1      7.507     0.000        7.507 
    PROPAGATE                      propagate_ij_725           1      6.256     0.000        6.256 
  LEVEL_3[31].B7                   bolinha_473                2     13.763     0.000       13.763 
    GENERATE                       generate_ij_614            1      7.507     0.000        7.507 
    PROPAGATE                      propagate_ij_724           1      6.256     0.000        6.256 
  LEVEL_3[7].B4                    bolinha_488                4     25.024     6.787       31.811 
    GENERATE                       generate_ij_629            3     16.266     6.787       23.053 
    PROPAGATE                      propagate_ij_739           1      8.758     0.000        8.758 
  LEVEL_3[7].B5                    bolinha_487                2     13.763     0.000       13.763 
    GENERATE                       generate_ij_628            1      7.507     0.000        7.507 
    PROPAGATE                      propagate_ij_738           1      6.256     0.000        6.256 
  LEVEL_3[7].B6                    bolinha_486                2     13.763     0.000       13.763 
    GENERATE                       generate_ij_627            1      7.507     0.000        7.507 
    PROPAGATE                      propagate_ij_737           1      6.256     0.000        6.256 
  LEVEL_3[7].B7                    bolinha_485                2     13.763     0.000       13.763 
    GENERATE                       generate_ij_626            1      7.507     0.000        7.507 
    PROPAGATE                      propagate_ij_736           1      6.256     0.000        6.256 
  LEVEL_4[25].B10                  bolinha_470                3     16.266     3.394       19.659 
    GENERATE                       generate_ij_611            2     10.010     3.394       13.403 
    PROPAGATE                      propagate_ij_721           1      6.256     0.000        6.256 
  LEVEL_4[25].B11                  bolinha_469                2     13.763     0.000       13.763 
    GENERATE                       generate_ij_610            1      7.507     0.000        7.507 
    PROPAGATE                      propagate_ij_720           1      6.256     0.000        6.256 
  LEVEL_4[26].B10                  bolinha_468                3     16.266     3.394       19.659 
    GENERATE                       generate_ij_609            2     10.010     3.394       13.403 
    PROPAGATE                      propagate_ij_719           1      6.256     0.000        6.256 
  LEVEL_4[26].B11                  bolinha_467                2     13.763     0.000       13.763 
    GENERATE                       generate_ij_608            1      7.507     0.000        7.507 
    PROPAGATE                      propagate_ij_718           1      6.256     0.000        6.256 
  LEVEL_4[27].B10                  bolinha_466                3     16.266     3.394       19.659 
    GENERATE                       generate_ij_607            2     10.010     3.394       13.403 
    PROPAGATE                      propagate_ij_717           1      6.256     0.000        6.256 
  LEVEL_4[27].B11                  bolinha_465                3     17.517     5.047       22.564 
    GENERATE                       generate_ij_606            1      7.507     0.000        7.507 
    PROPAGATE                      propagate_ij_716           1      6.256     0.000        6.256 
  LEVEL_4[28].B10                  bolinha_464                3     16.266     3.394       19.659 
    GENERATE                       generate_ij_605            2     10.010     3.394       13.403 
    PROPAGATE                      propagate_ij_715           1      6.256     0.000        6.256 
  LEVEL_4[28].B11                  bolinha_463                2     13.763     0.000       13.763 
    GENERATE                       generate_ij_604            1      7.507     0.000        7.507 
    PROPAGATE                      propagate_ij_714           1      6.256     0.000        6.256 
  LEVEL_4[29].B10                  bolinha_462                3     18.768     3.394       22.162 
    GENERATE                       generate_ij_603            2     10.010     3.394       13.403 
    PROPAGATE                      propagate_ij_713           1      8.758     0.000        8.758 
  LEVEL_4[29].B11                  bolinha_461                2     13.763     0.000       13.763 
    GENERATE                       generate_ij_602            1      7.507     0.000        7.507 
    PROPAGATE                      propagate_ij_712           1      6.256     0.000        6.256 
  LEVEL_4[30].B10                  bolinha_460                3     16.266     3.394       19.659 
    GENERATE                       generate_ij_601            2     10.010     3.394       13.403 
    PROPAGATE                      propagate_ij_711           1      6.256     0.000        6.256 
  LEVEL_4[30].B11                  bolinha_459                2     13.763     0.000       13.763 
    GENERATE                       generate_ij_600            1      7.507     0.000        7.507 
    PROPAGATE                      propagate_ij_710           1      6.256     0.000        6.256 
  LEVEL_4[31].B10                  bolinha_458                2     13.763     0.000       13.763 
    GENERATE                       generate_ij_599            1      7.507     0.000        7.507 
    PROPAGATE                      propagate_ij_709           1      6.256     0.000        6.256 
  LEVEL_4[31].B11                  bolinha_457                2     23.773     0.000       23.773 
    GENERATE                       generate_ij_598            1     15.014     0.000       15.014 
    PROPAGATE                      propagate_ij_708           1      8.758     0.000        8.758 
  LEVEL_5[17].B13                  bolinha_455                2     13.763     0.000       13.763 
    GENERATE                       generate_ij_596            1      7.507     0.000        7.507 
    PROPAGATE                      propagate_ij_706           1      6.256     0.000        6.256 
  LEVEL_5[18].B13                  bolinha_454                2     13.763     0.000       13.763 
    GENERATE                       generate_ij_595            1      7.507     0.000        7.507 
    PROPAGATE                      propagate_ij_705           1      6.256     0.000        6.256 
  LEVEL_5[19].B13                  bolinha_453                2     13.763     0.000       13.763 
    GENERATE                       generate_ij_594            1      7.507     0.000        7.507 
    PROPAGATE                      propagate_ij_704           1      6.256     0.000        6.256 
  LEVEL_5[20].B13                  bolinha_452                2     13.763     0.000       13.763 
    GENERATE                       generate_ij_593            1      7.507     0.000        7.507 
    PROPAGATE                      propagate_ij_703           1      6.256     0.000        6.256 
  LEVEL_5[21].B13                  bolinha_451                2     13.763     0.000       13.763 
    GENERATE                       generate_ij_592            1      7.507     0.000        7.507 
    PROPAGATE                      propagate_ij_702           1      6.256     0.000        6.256 
  LEVEL_5[22].B13                  bolinha_450                2     13.763     0.000       13.763 
    GENERATE                       generate_ij_591            1      7.507     0.000        7.507 
    PROPAGATE                      propagate_ij_701           1      6.256     0.000        6.256 
  LEVEL_5[23].B13                  bolinha_449                2     13.763     0.000       13.763 
    GENERATE                       generate_ij_590            1      7.507     0.000        7.507 
    PROPAGATE                      propagate_ij_700           1      6.256     0.000        6.256 
  LEVEL_5[24].B13                  bolinha_448                3     23.773     3.394       27.167 
    GENERATE                       generate_ij_589            2     17.517     3.394       20.911 
    PROPAGATE                      propagate_ij_699           1      6.256     0.000        6.256 
  LEVEL_5[25].B13                  bolinha_447                3     23.773     3.394       27.167 
    GENERATE                       generate_ij_588            2     17.517     3.394       20.911 
    PROPAGATE                      propagate_ij_698           1      6.256     0.000        6.256 
  LEVEL_5[26].B13                  bolinha_446                3     16.266     3.394       19.659 
    GENERATE                       generate_ij_587            2     10.010     3.394       13.403 
    PROPAGATE                      propagate_ij_697           1      6.256     0.000        6.256 
  LEVEL_5[27].B13                  bolinha_445                3     16.266     3.394       19.659 
    GENERATE                       generate_ij_586            2     10.010     3.394       13.403 
    PROPAGATE                      propagate_ij_696           1      6.256     0.000        6.256 
  LEVEL_5[28].B13                  bolinha_444                3     16.266     3.394       19.659 
    GENERATE                       generate_ij_585            2     10.010     3.394       13.403 
    PROPAGATE                      propagate_ij_695           1      6.256     0.000        6.256 
  LEVEL_5[29].B13                  bolinha_443                3     23.773     3.394       27.167 
    GENERATE                       generate_ij_584            2     17.517     3.394       20.911 
    PROPAGATE                      propagate_ij_694           1      6.256     0.000        6.256 
  LEVEL_5[30].B13                  bolinha_442                3     23.773     3.394       27.167 
    GENERATE                       generate_ij_583            2     17.517     3.394       20.911 
    PROPAGATE                      propagate_ij_693           1      6.256     0.000        6.256 
  LEVEL_5[31].B13                  bolinha_441                2     13.763     0.000       13.763 
    GENERATE                       generate_ij_582            1      7.507     0.000        7.507 
    PROPAGATE                      propagate_ij_692           1      6.256     0.000        6.256 
  S0                               soutput                    1      8.758     0.000        8.758 
  S1                               soutput_801                1      8.758     0.000        8.758 
  S10                              soutput_792                2     18.768     3.394       22.162 
  S11                              soutput_791                3     22.522     6.787       29.309 
  S12                              soutput_790                2     18.768     3.394       22.162 
  S13                              soutput_789                3     22.522     6.787       29.309 
  S14                              soutput_788                2     18.768     3.394       22.162 
  S15                              soutput_787                2     18.768     3.394       22.162 
  S16                              soutput_786                2     18.768     3.394       22.162 
  S17                              soutput_785                4     48.797    10.181       58.978 
  S18                              soutput_784                4     43.792    10.181       53.973 
  S19                              soutput_783                4     43.792    10.181       53.973 
  S2                               soutput_800                1      8.758     0.000        8.758 
  S20                              soutput_782                4     48.797    10.181       58.978 
  S21                              soutput_781                4     48.797    10.181       58.978 
  S22                              soutput_780                4     48.797    10.181       58.978 
  S23                              soutput_779                4     43.792    10.181       53.973 
  S24                              soutput_778                4     43.792    10.181       53.973 
  S25                              soutput_777                4     43.792    10.181       53.973 
  S26                              soutput_776                4     48.797    10.181       58.978 
  S27                              soutput_775                4     43.792    10.181       53.973 
  S28                              soutput_774                4     43.792    10.181       53.973 
  S29                              soutput_773                4     43.792    10.181       53.973 
  S3                               soutput_799                1     12.512     0.000       12.512 
  S30                              soutput_772                4     43.792    10.181       53.973 
  S31                              soutput_771                4     43.792    10.181       53.973 
  S4                               soutput_798                1     12.512     0.000       12.512 
  S5                               soutput_797                1     15.014     0.000       15.014 
  S6                               soutput_796                1     15.014     0.000       15.014 
  S7                               soutput_795                1     27.526     0.000       27.526 
  S8                               soutput_794                1     15.014     0.000       15.014 
  S9                               soutput_793                3     22.522     6.787       29.309 
