============================================================
  Generated by:           Genus(TM) Synthesis Solution 23.12-s086_1
  Generated on:           Apr 11 2025  04:02:20 pm
  Module:                 han_carlson_32bits
  Operating conditions:   tt_025C_1v80 
  Interconnect mode:      global
  Area mode:              physical library
============================================================


Path 1: MET (0 ps) Path Delay Check
     Startpoint: (F) B[29]
       Endpoint: (F) S[31]

                   Capture    Launch  
      Path Delay:+    1931         -  
      Drv Adjust:+       0         0  
         Arrival:=    1931            
                                      
   Required Time:=    1931            
       Data Path:-    1931            
           Slack:=       0            

Exceptions/Constraints:
  max_delay             1931            constraints.sdc_line_1 

#-------------------------------------------------------------------------------------------------------------------------------
#             Timing Point              Flags    Arc   Edge           Cell             Fanout Load Trans Delay Arrival Instance 
#                                                                                             (fF)  (ps)  (ps)   (ps)  Location 
#-------------------------------------------------------------------------------------------------------------------------------
  B[29]                                 -       -      F     (arrival)                      1  3.3  1000     0       0    (-,-) 
  g58/X                                 -       A->X   F     sky130_fd_sc_hd__buf_1         2 11.9    92   358     358    (-,-) 
  GENERATE_PROPAGATE[29].PROPAGATE/g2/X -       A->X   F     sky130_fd_sc_hd__xor2_2        3  8.7    73   198     557    (-,-) 
  LEVEL_1[29].B1/PROPAGATE/g11__4733/X  -       B->X   F     sky130_fd_sc_hd__and2_4        3  7.6    35   171     727    (-,-) 
  LEVEL_2[29].B2/PROPAGATE/g11__5107/X  -       A->X   F     sky130_fd_sc_hd__and2_1        2  6.4    51   144     872    (-,-) 
  LEVEL_3[29].B4/PROPAGATE/g12__5122/Y  -       A->Y   R     sky130_fd_sc_hd__nand2_1       1  5.9    71    76     948    (-,-) 
  LEVEL_3[29].B4/PROPAGATE/g11/Y        -       A->Y   F     sky130_fd_sc_hd__inv_2         2  5.5    25    38     986    (-,-) 
  LEVEL_4[29].B8/PROPAGATE/g11__2802/X  -       B->X   F     sky130_fd_sc_hd__and2_2        2  6.3    46   186    1172    (-,-) 
  LEVEL_5[29].B9/GENERATE/g14__5477/Y   -       B->Y   R     sky130_fd_sc_hd__nand2_1       1  3.8    53    68    1240    (-,-) 
  LEVEL_5[29].B9/GENERATE/g13__6417/Y   -       B->Y   F     sky130_fd_sc_hd__nand2b_1      2  5.5    60    67    1307    (-,-) 
  LEVEL_6[30].B10/GENERATE/g14__8246/Y  -       A->Y   R     sky130_fd_sc_hd__nand2_1       1  3.8    59    66    1374    (-,-) 
  LEVEL_6[30].B10/GENERATE/g13__5122/Y  -       B->Y   F     sky130_fd_sc_hd__nand2b_1      1  3.6    48    58    1432    (-,-) 
  C30/g13__5107/Y                       -       A_N->Y F     sky130_fd_sc_hd__nand2b_4      2  8.3    42   143    1575    (-,-) 
  S31/g10__7482/X                       -       A0->X  F     sky130_fd_sc_hd__mux2_4        1 51.3   115   355    1930    (-,-) 
  S[31]                                 <<<     -      F     (port)                         -    -     -     0    1931    (-,-) 
#-------------------------------------------------------------------------------------------------------------------------------

