============================================================
  Generated by:           Genus(TM) Synthesis Solution 23.12-s086_1
  Generated on:           Apr 11 2025  04:02:20 pm
  Module:                 han_carlson_32bits
  Operating conditions:   tt_025C_1v80 
  Interconnect mode:      global
  Area mode:              physical library
============================================================

Timing
-------
  Cost    Critical         Violating 
 Group   Path Slack  TNS     Paths   
-------------------------------------
default         0.2   0.0          0 
-------------------------------------
Total                 0.0          0 

Instance Count
--------------
Leaf Instance Count             567 
Physical Instance count           0 
Sequential Instance Count         0 
Combinational Instance Count    567 
Hierarchical Instance Count     368 

Area
----
Cell Area                          3365.728
Physical Cell Area                 0.000
Total Cell Area (Cell+Physical)    3365.728
Net Area                           2865.711
Total Area (Cell+Physical+Net)     6231.439

Max Fanout                         33 (n_0)
Min Fanout                         1 (C[0])
Average Fanout                     1.7
Terms to net ratio                 2.5570
Terms to instance ratio            2.8501
Runtime                            15.875905 seconds
Elapsed Runtime                    15 seconds
Genus peak memory usage            1894.30 
Innovus peak memory usage          no_value 
Hostname                           cadmicro-inf-el8-623207
