============================================================
  Generated by:           Genus(TM) Synthesis Solution 23.12-s086_1
  Generated on:           Apr 11 2025  04:02:20 pm
  Module:                 han_carlson_32bits
  Operating conditions:   tt_025C_1v80 
  Interconnect mode:      global
  Area mode:              physical library
============================================================

             Instance                   Module       Cell-Count  Cell-Area  Net-Area   Total-Area 
--------------------------------------------------------------------------------------------------
han_carlson_32bits                 NA                       567   3365.728  2865.711     6231.439 
  B3                               bolinha_489                4     21.270     6.787       28.058 
    GENERATE                       generate_ij_630            3     13.763     6.787       20.551 
    PROPAGATE                      propagate_ij_740           1      7.507     0.000        7.507 
  B5                               bolinha_475                4     21.270     6.787       28.058 
    GENERATE                       generate_ij_616            3     13.763     6.787       20.551 
    PROPAGATE                      propagate_ij_726           1      7.507     0.000        7.507 
  B6                               bolinha_474                4     20.019     6.787       26.807 
    GENERATE                       generate_ij_615            3     11.261     6.787       18.048 
    PROPAGATE                      propagate_ij_725           1      8.758     0.000        8.758 
  B7                               bolinha_473                4     21.270     6.787       28.058 
    GENERATE                       generate_ij_614            3     13.763     6.787       20.551 
    PROPAGATE                      propagate_ij_724           1      7.507     0.000        7.507 
  C0                               carry                      1      7.507     0.000        7.507 
  C1                               carry_550                  1      7.507     0.000        7.507 
  C10                              carry_541                  1      7.507     0.000        7.507 
  C11                              carry_540                  1      7.507     0.000        7.507 
  C12                              carry_539                  1      7.507     0.000        7.507 
  C13                              carry_538                  1      7.507     0.000        7.507 
  C14                              carry_537                  1      7.507     0.000        7.507 
  C15                              carry_536                  2     17.517     3.394       20.911 
  C16                              carry_535                  1      7.507     0.000        7.507 
  C17                              carry_534                  1      7.507     0.000        7.507 
  C18                              carry_533                  2     20.019     3.394       23.413 
  C19                              carry_532                  1      7.507     0.000        7.507 
  C2                               carry_549                  1      7.507     0.000        7.507 
  C20                              carry_531                  2     20.019     3.394       23.413 
  C21                              carry_530                  1      7.507     0.000        7.507 
  C22                              carry_529                  2     20.019     3.394       23.413 
  C23                              carry_528                  1      7.507     0.000        7.507 
  C24                              carry_527                  2     20.019     3.394       23.413 
  C25                              carry_526                  1      7.507     0.000        7.507 
  C26                              carry_525                  2     20.019     3.394       23.413 
  C27                              carry_524                  2     17.517     3.394       20.911 
  C28                              carry_523                  2     20.019     3.394       23.413 
  C29                              carry_522                  2     10.010     3.394       13.403 
  C3                               carry_548                  1      7.507     0.000        7.507 
  C30                              carry_521                  2     20.019     3.394       23.413 
  C31                              carry_520                  1      7.507     0.000        7.507 
  C4                               carry_547                  1      7.507     0.000        7.507 
  C5                               carry_546                  1      7.507     0.000        7.507 
  C6                               carry_545                  1      7.507     0.000        7.507 
  C7                               carry_544                  1      7.507     0.000        7.507 
  C8                               carry_543                  1      7.507     0.000        7.507 
  C9                               carry_542                  1      7.507     0.000        7.507 
  GENERATE_PROPAGATE[0].GENERATE   generate_i                 1      6.256     0.000        6.256 
  GENERATE_PROPAGATE[0].PROPAGATE  propagate_i                1      8.758     0.000        8.758 
  GENERATE_PROPAGATE[10].GENERATE  generate_i_572             3     11.261     6.787       18.048 
  GENERATE_PROPAGATE[10].PROPAGATE propagate_i_682            5     21.270    13.575       34.845 
  GENERATE_PROPAGATE[11].GENERATE  generate_i_571             1      6.256     0.000        6.256 
  GENERATE_PROPAGATE[11].PROPAGATE propagate_i_681            5     21.270    13.575       34.845 
  GENERATE_PROPAGATE[12].GENERATE  generate_i_570             3     11.261     6.787       18.048 
  GENERATE_PROPAGATE[12].PROPAGATE propagate_i_680            5     18.768    13.575       32.343 
  GENERATE_PROPAGATE[13].GENERATE  generate_i_569             1      6.256     0.000        6.256 
  GENERATE_PROPAGATE[13].PROPAGATE propagate_i_679            5     18.768    13.575       32.343 
  GENERATE_PROPAGATE[14].GENERATE  generate_i_568             3     11.261     6.787       18.048 
  GENERATE_PROPAGATE[14].PROPAGATE propagate_i_678            5     18.768    13.575       32.343 
  GENERATE_PROPAGATE[15].GENERATE  generate_i_567             1      6.256     0.000        6.256 
  GENERATE_PROPAGATE[15].PROPAGATE propagate_i_677            5     18.768    13.575       32.343 
  GENERATE_PROPAGATE[16].GENERATE  generate_i_566             3     11.261     6.787       18.048 
  GENERATE_PROPAGATE[16].PROPAGATE propagate_i_676            5     21.270    13.575       34.845 
  GENERATE_PROPAGATE[17].GENERATE  generate_i_565             1      6.256     0.000        6.256 
  GENERATE_PROPAGATE[17].PROPAGATE propagate_i_675            5     18.768    13.575       32.343 
  GENERATE_PROPAGATE[18].GENERATE  generate_i_564             1      6.256     0.000        6.256 
  GENERATE_PROPAGATE[18].PROPAGATE propagate_i_674            3     18.768     6.787       25.555 
  GENERATE_PROPAGATE[19].GENERATE  generate_i_563             1      6.256     0.000        6.256 
  GENERATE_PROPAGATE[19].PROPAGATE propagate_i_673            3     33.782     6.787       40.570 
  GENERATE_PROPAGATE[1].GENERATE   generate_i_581             1      6.256     0.000        6.256 
  GENERATE_PROPAGATE[1].PROPAGATE  propagate_i_691            3     18.768     6.787       25.555 
  GENERATE_PROPAGATE[20].GENERATE  generate_i_562             1      6.256     0.000        6.256 
  GENERATE_PROPAGATE[20].PROPAGATE propagate_i_672            3     18.768     6.787       25.555 
  GENERATE_PROPAGATE[21].GENERATE  generate_i_561             1      6.256     0.000        6.256 
  GENERATE_PROPAGATE[21].PROPAGATE propagate_i_671            3     33.782     6.787       40.570 
  GENERATE_PROPAGATE[22].GENERATE  generate_i_560             1      6.256     0.000        6.256 
  GENERATE_PROPAGATE[22].PROPAGATE propagate_i_670            6     27.526    18.622       46.148 
  GENERATE_PROPAGATE[23].GENERATE  generate_i_559             3     11.261     6.787       18.048 
  GENERATE_PROPAGATE[23].PROPAGATE propagate_i_669            3     33.782     6.787       40.570 
  GENERATE_PROPAGATE[24].GENERATE  generate_i_558             1      8.758     0.000        8.758 
  GENERATE_PROPAGATE[24].PROPAGATE propagate_i_668            3     18.768     6.787       25.555 
  GENERATE_PROPAGATE[25].GENERATE  generate_i_557             1      6.256     0.000        6.256 
  GENERATE_PROPAGATE[25].PROPAGATE propagate_i_667            3     16.266     6.787       23.053 
  GENERATE_PROPAGATE[26].GENERATE  generate_i_556             1      6.256     0.000        6.256 
  GENERATE_PROPAGATE[26].PROPAGATE propagate_i_666            3     16.266     8.441       24.706 
  GENERATE_PROPAGATE[27].GENERATE  generate_i_555             1      6.256     0.000        6.256 
  GENERATE_PROPAGATE[27].PROPAGATE propagate_i_665            3     16.266     6.787       23.053 
  GENERATE_PROPAGATE[28].GENERATE  generate_i_554             1      6.256     0.000        6.256 
  GENERATE_PROPAGATE[28].PROPAGATE propagate_i_664            3     18.768     6.787       25.555 
  GENERATE_PROPAGATE[29].GENERATE  generate_i_553             1      6.256     0.000        6.256 
  GENERATE_PROPAGATE[29].PROPAGATE propagate_i_663            1     16.266     0.000       16.266 
  GENERATE_PROPAGATE[2].GENERATE   generate_i_580             3     11.261     6.787       18.048 
  GENERATE_PROPAGATE[2].PROPAGATE  propagate_i_690            5     18.768    13.575       32.343 
  GENERATE_PROPAGATE[30].GENERATE  generate_i_552             1      6.256     0.000        6.256 
  GENERATE_PROPAGATE[30].PROPAGATE propagate_i_662            1      8.758     0.000        8.758 
  GENERATE_PROPAGATE[31].GENERATE  generate_i_551             1      6.256     0.000        6.256 
  GENERATE_PROPAGATE[31].PROPAGATE propagate_i_661            1      8.758     0.000        8.758 
  GENERATE_PROPAGATE[3].GENERATE   generate_i_579             1      6.256     0.000        6.256 
  GENERATE_PROPAGATE[3].PROPAGATE  propagate_i_689            4     20.019    10.181       30.200 
  GENERATE_PROPAGATE[4].GENERATE   generate_i_578             3     11.261     6.787       18.048 
  GENERATE_PROPAGATE[4].PROPAGATE  propagate_i_688            5     18.768    13.575       32.343 
  GENERATE_PROPAGATE[5].GENERATE   generate_i_577             1      6.256     0.000        6.256 
  GENERATE_PROPAGATE[5].PROPAGATE  propagate_i_687            5     21.270    13.575       34.845 
  GENERATE_PROPAGATE[6].GENERATE   generate_i_576             3     11.261     6.787       18.048 
  GENERATE_PROPAGATE[6].PROPAGATE  propagate_i_686            5     18.768    13.575       32.343 
  GENERATE_PROPAGATE[7].GENERATE   generate_i_575             1      6.256     0.000        6.256 
  GENERATE_PROPAGATE[7].PROPAGATE  propagate_i_685            5     18.768    13.575       32.343 
  GENERATE_PROPAGATE[8].GENERATE   generate_i_574             3     11.261     6.787       18.048 
  GENERATE_PROPAGATE[8].PROPAGATE  propagate_i_684            4     17.517    10.181       27.698 
  GENERATE_PROPAGATE[9].GENERATE   generate_i_573             1      6.256     0.000        6.256 
  GENERATE_PROPAGATE[9].PROPAGATE  propagate_i_683            4     20.019    10.181       30.200 
  LEVEL_1[11].B1                   bolinha_515                3     17.517     3.394       20.911 
    GENERATE                       generate_ij_656            1      7.507     0.000        7.507 
    PROPAGATE                      propagate_ij_766           2     10.010     3.394       13.403 
  LEVEL_1[13].B1                   bolinha_514                3     15.014     3.394       18.408 
    GENERATE                       generate_ij_655            1      7.507     0.000        7.507 
    PROPAGATE                      propagate_ij_765           2      7.507     3.394       10.901 
  LEVEL_1[15].B1                   bolinha_513                3     15.014     3.394       18.408 
    GENERATE                       generate_ij_654            1      7.507     0.000        7.507 
    PROPAGATE                      propagate_ij_764           2      7.507     3.394       10.901 
  LEVEL_1[17].B1                   bolinha_512                3     15.014     3.394       18.408 
    GENERATE                       generate_ij_653            1      7.507     0.000        7.507 
    PROPAGATE                      propagate_ij_763           2      7.507     3.394       10.901 
  LEVEL_1[19].B1                   bolinha_511                3     17.517     3.394       20.911 
    GENERATE                       generate_ij_652            1      7.507     0.000        7.507 
    PROPAGATE                      propagate_ij_762           2     10.010     3.394       13.403 
  LEVEL_1[1].B1                    bolinha                    4     22.522     6.787       29.309 
    GENERATE                       generate_ij                3     13.763     6.787       20.551 
    PROPAGATE                      propagate_ij               1      8.758     0.000        8.758 
  LEVEL_1[21].B1                   bolinha_510                3     17.517     3.394       20.911 
    GENERATE                       generate_ij_651            1      7.507     0.000        7.507 
    PROPAGATE                      propagate_ij_761           2     10.010     3.394       13.403 
  LEVEL_1[23].B1                   bolinha_509                3     17.517     3.394       20.911 
    GENERATE                       generate_ij_650            1      7.507     0.000        7.507 
    PROPAGATE                      propagate_ij_760           2     10.010     3.394       13.403 
  LEVEL_1[25].B1                   bolinha_508                3     15.014     3.394       18.408 
    GENERATE                       generate_ij_649            1      7.507     0.000        7.507 
    PROPAGATE                      propagate_ij_759           2      7.507     3.394       10.901 
  LEVEL_1[27].B1                   bolinha_507                3     15.014     3.394       18.408 
    GENERATE                       generate_ij_648            1      7.507     0.000        7.507 
    PROPAGATE                      propagate_ij_758           2      7.507     3.394       10.901 
  LEVEL_1[29].B1                   bolinha_506                2     16.266     0.000       16.266 
    GENERATE                       generate_ij_647            1      7.507     0.000        7.507 
    PROPAGATE                      propagate_ij_757           1      8.758     0.000        8.758 
  LEVEL_1[31].B1                   bolinha_505                2     13.763     0.000       13.763 
    GENERATE                       generate_ij_646            1      7.507     0.000        7.507 
    PROPAGATE                      propagate_ij_756           1      6.256     0.000        6.256 
  LEVEL_1[3].B1                    bolinha_519                3     15.014     3.394       18.408 
    GENERATE                       generate_ij_660            1      7.507     0.000        7.507 
    PROPAGATE                      propagate_ij_770           2      7.507     3.394       10.901 
  LEVEL_1[5].B1                    bolinha_518                3     15.014     3.394       18.408 
    GENERATE                       generate_ij_659            1      7.507     0.000        7.507 
    PROPAGATE                      propagate_ij_769           2      7.507     3.394       10.901 
  LEVEL_1[7].B1                    bolinha_517                3     15.014     3.394       18.408 
    GENERATE                       generate_ij_658            1      7.507     0.000        7.507 
    PROPAGATE                      propagate_ij_768           2      7.507     3.394       10.901 
  LEVEL_1[9].B1                    bolinha_516                3     15.014     3.394       18.408 
    GENERATE                       generate_ij_657            1      7.507     0.000        7.507 
    PROPAGATE                      propagate_ij_767           2      7.507     3.394       10.901 
  LEVEL_2[11].B2                   bolinha_500                3     15.014     3.394       18.408 
    GENERATE                       generate_ij_641            1      7.507     0.000        7.507 
    PROPAGATE                      propagate_ij_751           2      7.507     3.394       10.901 
  LEVEL_2[13].B2                   bolinha_499                3     18.768     3.394       22.162 
    GENERATE                       generate_ij_640            2     10.010     3.394       13.403 
    PROPAGATE                      propagate_ij_750           1      8.758     0.000        8.758 
  LEVEL_2[15].B2                   bolinha_498                3     18.768     3.394       22.162 
    GENERATE                       generate_ij_639            2     10.010     3.394       13.403 
    PROPAGATE                      propagate_ij_749           1      8.758     0.000        8.758 
  LEVEL_2[17].B2                   bolinha_497                3     18.768     3.394       22.162 
    GENERATE                       generate_ij_638            2     10.010     3.394       13.403 
    PROPAGATE                      propagate_ij_748           1      8.758     0.000        8.758 
  LEVEL_2[19].B2                   bolinha_496                3     26.275     3.394       29.669 
    GENERATE                       generate_ij_637            2     17.517     3.394       20.911 
    PROPAGATE                      propagate_ij_747           1      8.758     0.000        8.758 
  LEVEL_2[21].B2                   bolinha_495                4     17.517     6.787       24.304 
    GENERATE                       generate_ij_636            2     10.010     3.394       13.403 
    PROPAGATE                      propagate_ij_746           2      7.507     3.394       10.901 
  LEVEL_2[23].B2                   bolinha_494                4     17.517     6.787       24.304 
    GENERATE                       generate_ij_635            2     10.010     3.394       13.403 
    PROPAGATE                      propagate_ij_745           2      7.507     3.394       10.901 
  LEVEL_2[25].B2                   bolinha_493                3     18.768     3.394       22.162 
    GENERATE                       generate_ij_634            2     10.010     3.394       13.403 
    PROPAGATE                      propagate_ij_744           1      8.758     0.000        8.758 
  LEVEL_2[27].B2                   bolinha_492                3     26.275     3.394       29.669 
    GENERATE                       generate_ij_633            2     17.517     3.394       20.911 
    PROPAGATE                      propagate_ij_743           1      8.758     0.000        8.758 
  LEVEL_2[29].B2                   bolinha_491                2     13.763     0.000       13.763 
    GENERATE                       generate_ij_632            1      7.507     0.000        7.507 
    PROPAGATE                      propagate_ij_742           1      6.256     0.000        6.256 
  LEVEL_2[31].B2                   bolinha_490                2     13.763     0.000       13.763 
    GENERATE                       generate_ij_631            1      7.507     0.000        7.507 
    PROPAGATE                      propagate_ij_741           1      6.256     0.000        6.256 
  LEVEL_2[3].B2                    bolinha_504                3     21.270     3.394       24.664 
    GENERATE                       generate_ij_645            2     12.512     3.394       15.906 
    PROPAGATE                      propagate_ij_755           1      8.758     0.000        8.758 
  LEVEL_2[5].B2                    bolinha_503                3     15.014     3.394       18.408 
    GENERATE                       generate_ij_644            1      7.507     0.000        7.507 
    PROPAGATE                      propagate_ij_754           2      7.507     3.394       10.901 
  LEVEL_2[7].B2                    bolinha_502                2     16.266     0.000       16.266 
    GENERATE                       generate_ij_643            1      7.507     0.000        7.507 
    PROPAGATE                      propagate_ij_753           1      8.758     0.000        8.758 
  LEVEL_2[9].B2                    bolinha_501                3     15.014     3.394       18.408 
    GENERATE                       generate_ij_642            1      7.507     0.000        7.507 
    PROPAGATE                      propagate_ij_752           2      7.507     3.394       10.901 
  LEVEL_3[11].B4                   bolinha_486                4     20.019     6.787       26.807 
    GENERATE                       generate_ij_627            3     11.261     6.787       18.048 
    PROPAGATE                      propagate_ij_737           1      8.758     0.000        8.758 
  LEVEL_3[13].B4                   bolinha_485                3     17.517     3.394       20.911 
    GENERATE                       generate_ij_626            2     10.010     3.394       13.403 
    PROPAGATE                      propagate_ij_736           1      7.507     0.000        7.507 
  LEVEL_3[15].B4                   bolinha_484                3     16.266     3.394       19.659 
    GENERATE                       generate_ij_625            2     10.010     3.394       13.403 
    PROPAGATE                      propagate_ij_735           1      6.256     0.000        6.256 
  LEVEL_3[17].B4                   bolinha_483                4     18.768     6.787       25.555 
    GENERATE                       generate_ij_624            3     11.261     6.787       18.048 
    PROPAGATE                      propagate_ij_734           1      7.507     0.000        7.507 
  LEVEL_3[19].B4                   bolinha_482                4     20.019     6.787       26.807 
    GENERATE                       generate_ij_623            3     11.261     6.787       18.048 
    PROPAGATE                      propagate_ij_733           1      8.758     0.000        8.758 
  LEVEL_3[21].B4                   bolinha_481                4     18.768     6.787       25.555 
    GENERATE                       generate_ij_622            3     11.261     6.787       18.048 
    PROPAGATE                      propagate_ij_732           1      7.507     0.000        7.507 
  LEVEL_3[23].B4                   bolinha_480                4     20.019     6.787       26.807 
    GENERATE                       generate_ij_621            3     11.261     6.787       18.048 
    PROPAGATE                      propagate_ij_731           1      8.758     0.000        8.758 
  LEVEL_3[25].B4                   bolinha_479                3     18.768     3.394       22.162 
    GENERATE                       generate_ij_620            2     10.010     3.394       13.403 
    PROPAGATE                      propagate_ij_730           1      8.758     0.000        8.758 
  LEVEL_3[27].B4                   bolinha_478                3     18.768     3.394       22.162 
    GENERATE                       generate_ij_619            2     10.010     3.394       13.403 
    PROPAGATE                      propagate_ij_729           1      8.758     0.000        8.758 
  LEVEL_3[29].B4                   bolinha_477                4     17.517     6.787       24.304 
    GENERATE                       generate_ij_618            2     10.010     3.394       13.403 
    PROPAGATE                      propagate_ij_728           2      7.507     3.394       10.901 
  LEVEL_3[31].B4                   bolinha_476                2     13.763     0.000       13.763 
    GENERATE                       generate_ij_617            1      7.507     0.000        7.507 
    PROPAGATE                      propagate_ij_727           1      6.256     0.000        6.256 
  LEVEL_3[7].B4                    bolinha_488                3     18.768     3.394       22.162 
    GENERATE                       generate_ij_629            2     12.512     3.394       15.906 
    PROPAGATE                      propagate_ij_739           1      6.256     0.000        6.256 
  LEVEL_3[9].B4                    bolinha_487                4     18.768     6.787       25.555 
    GENERATE                       generate_ij_628            3     11.261     6.787       18.048 
    PROPAGATE                      propagate_ij_738           1      7.507     0.000        7.507 
  LEVEL_4[15].B8                   bolinha_472                3     16.266     3.394       19.659 
    GENERATE                       generate_ij_613            2     10.010     3.394       13.403 
    PROPAGATE                      propagate_ij_723           1      6.256     0.000        6.256 
  LEVEL_4[17].B8                   bolinha_471                3     18.768     3.394       22.162 
    GENERATE                       generate_ij_612            2     10.010     3.394       13.403 
    PROPAGATE                      propagate_ij_722           1      8.758     0.000        8.758 
  LEVEL_4[19].B8                   bolinha_470                3     18.768     3.394       22.162 
    GENERATE                       generate_ij_611            2     10.010     3.394       13.403 
    PROPAGATE                      propagate_ij_721           1      8.758     0.000        8.758 
  LEVEL_4[21].B8                   bolinha_469                3     18.768     3.394       22.162 
    GENERATE                       generate_ij_610            2     10.010     3.394       13.403 
    PROPAGATE                      propagate_ij_720           1      8.758     0.000        8.758 
  LEVEL_4[23].B8                   bolinha_468                3     18.768     3.394       22.162 
    GENERATE                       generate_ij_609            2     10.010     3.394       13.403 
    PROPAGATE                      propagate_ij_719           1      8.758     0.000        8.758 
  LEVEL_4[25].B8                   bolinha_467                3     18.768     3.394       22.162 
    GENERATE                       generate_ij_608            2     10.010     3.394       13.403 
    PROPAGATE                      propagate_ij_718           1      8.758     0.000        8.758 
  LEVEL_4[27].B8                   bolinha_466                2     16.266     0.000       16.266 
    GENERATE                       generate_ij_607            1      7.507     0.000        7.507 
    PROPAGATE                      propagate_ij_717           1      8.758     0.000        8.758 
  LEVEL_4[29].B8                   bolinha_465                3     17.517     3.394       20.911 
    GENERATE                       generate_ij_606            2     10.010     3.394       13.403 
    PROPAGATE                      propagate_ij_716           1      7.507     0.000        7.507 
  LEVEL_4[31].B8                   bolinha_464                2     13.763     0.000       13.763 
    GENERATE                       generate_ij_605            1      7.507     0.000        7.507 
    PROPAGATE                      propagate_ij_715           1      6.256     0.000        6.256 
  LEVEL_5[17].B9                   bolinha_463                2     13.763     0.000       13.763 
    GENERATE                       generate_ij_604            1      7.507     0.000        7.507 
    PROPAGATE                      propagate_ij_714           1      6.256     0.000        6.256 
  LEVEL_5[19].B9                   bolinha_462                2     15.014     0.000       15.014 
    GENERATE                       generate_ij_603            1      7.507     0.000        7.507 
    PROPAGATE                      propagate_ij_713           1      7.507     0.000        7.507 
  LEVEL_5[21].B9                   bolinha_461                2     16.266     0.000       16.266 
    GENERATE                       generate_ij_602            1      7.507     0.000        7.507 
    PROPAGATE                      propagate_ij_712           1      8.758     0.000        8.758 
  LEVEL_5[23].B9                   bolinha_460                2     16.266     0.000       16.266 
    GENERATE                       generate_ij_601            1      7.507     0.000        7.507 
    PROPAGATE                      propagate_ij_711           1      8.758     0.000        8.758 
  LEVEL_5[25].B9                   bolinha_459                3     18.768     3.394       22.162 
    GENERATE                       generate_ij_600            2     10.010     3.394       13.403 
    PROPAGATE                      propagate_ij_710           1      8.758     0.000        8.758 
  LEVEL_5[27].B9                   bolinha_458                2     16.266     0.000       16.266 
    GENERATE                       generate_ij_599            1      7.507     0.000        7.507 
    PROPAGATE                      propagate_ij_709           1      8.758     0.000        8.758 
  LEVEL_5[29].B9                   bolinha_457                3     18.768     3.394       22.162 
    GENERATE                       generate_ij_598            2     10.010     3.394       13.403 
    PROPAGATE                      propagate_ij_708           1      8.758     0.000        8.758 
  LEVEL_5[31].B9                   bolinha_456                2     13.763     0.000       13.763 
    GENERATE                       generate_ij_597            1      7.507     0.000        7.507 
    PROPAGATE                      propagate_ij_707           1      6.256     0.000        6.256 
  LEVEL_6[10].B10                  bolinha_451                2     13.763     0.000       13.763 
    GENERATE                       generate_ij_592            1      7.507     0.000        7.507 
    PROPAGATE                      propagate_ij_702           1      6.256     0.000        6.256 
  LEVEL_6[12].B10                  bolinha_450                2     13.763     0.000       13.763 
    GENERATE                       generate_ij_591            1      7.507     0.000        7.507 
    PROPAGATE                      propagate_ij_701           1      6.256     0.000        6.256 
  LEVEL_6[14].B10                  bolinha_449                2     13.763     0.000       13.763 
    GENERATE                       generate_ij_590            1      7.507     0.000        7.507 
    PROPAGATE                      propagate_ij_700           1      6.256     0.000        6.256 
  LEVEL_6[16].B10                  bolinha_448                2     13.763     0.000       13.763 
    GENERATE                       generate_ij_589            1      7.507     0.000        7.507 
    PROPAGATE                      propagate_ij_699           1      6.256     0.000        6.256 
  LEVEL_6[18].B10                  bolinha_447                3     16.266     3.394       19.659 
    GENERATE                       generate_ij_588            2     10.010     3.394       13.403 
    PROPAGATE                      propagate_ij_698           1      6.256     0.000        6.256 
  LEVEL_6[20].B10                  bolinha_446                2     16.266     0.000       16.266 
    GENERATE                       generate_ij_587            1      7.507     0.000        7.507 
    PROPAGATE                      propagate_ij_697           1      8.758     0.000        8.758 
  LEVEL_6[22].B10                  bolinha_445                3     16.266     3.394       19.659 
    GENERATE                       generate_ij_586            2     10.010     3.394       13.403 
    PROPAGATE                      propagate_ij_696           1      6.256     0.000        6.256 
  LEVEL_6[24].B10                  bolinha_444                3     16.266     3.394       19.659 
    GENERATE                       generate_ij_585            2     10.010     3.394       13.403 
    PROPAGATE                      propagate_ij_695           1      6.256     0.000        6.256 
  LEVEL_6[26].B10                  bolinha_443                3     18.768     3.394       22.162 
    GENERATE                       generate_ij_584            2     10.010     3.394       13.403 
    PROPAGATE                      propagate_ij_694           1      8.758     0.000        8.758 
  LEVEL_6[28].B10                  bolinha_442                3     18.768     3.394       22.162 
    GENERATE                       generate_ij_583            2     10.010     3.394       13.403 
    PROPAGATE                      propagate_ij_693           1      8.758     0.000        8.758 
  LEVEL_6[2].B10                   bolinha_455                2     13.763     0.000       13.763 
    GENERATE                       generate_ij_596            1      7.507     0.000        7.507 
    PROPAGATE                      propagate_ij_706           1      6.256     0.000        6.256 
  LEVEL_6[30].B10                  bolinha_441                3     18.768     3.394       22.162 
    GENERATE                       generate_ij_582            2     10.010     3.394       13.403 
    PROPAGATE                      propagate_ij_692           1      8.758     0.000        8.758 
  LEVEL_6[4].B10                   bolinha_454                2     13.763     0.000       13.763 
    GENERATE                       generate_ij_595            1      7.507     0.000        7.507 
    PROPAGATE                      propagate_ij_705           1      6.256     0.000        6.256 
  LEVEL_6[6].B10                   bolinha_453                2     13.763     0.000       13.763 
    GENERATE                       generate_ij_594            1      7.507     0.000        7.507 
    PROPAGATE                      propagate_ij_704           1      6.256     0.000        6.256 
  LEVEL_6[8].B10                   bolinha_452                3     16.266     3.394       19.659 
    GENERATE                       generate_ij_593            2     10.010     3.394       13.403 
    PROPAGATE                      propagate_ij_703           1      6.256     0.000        6.256 
  S0                               soutput                    1      8.758     0.000        8.758 
  S1                               soutput_801                1      8.758     0.000        8.758 
  S10                              soutput_792                1     12.512     0.000       12.512 
  S11                              soutput_791                2     15.014     3.394       18.408 
  S12                              soutput_790                1     12.512     0.000       12.512 
  S13                              soutput_789                3     18.768     6.787       25.555 
  S14                              soutput_788                1     12.512     0.000       12.512 
  S15                              soutput_787                3     18.768     6.787       25.555 
  S16                              soutput_786                1     12.512     0.000       12.512 
  S17                              soutput_785                3     22.522     6.787       29.309 
  S18                              soutput_784                1     15.014     0.000       15.014 
  S19                              soutput_783                3     22.522     6.787       29.309 
  S2                               soutput_800                1      8.758     0.000        8.758 
  S20                              soutput_782                1     15.014     0.000       15.014 
  S21                              soutput_781                3     22.522     6.787       29.309 
  S22                              soutput_780                1     25.024     0.000       25.024 
  S23                              soutput_779                3     22.522     6.787       29.309 
  S24                              soutput_778                1     15.014     0.000       15.014 
  S25                              soutput_777                3     22.522     6.787       29.309 
  S26                              soutput_776                1     15.014     0.000       15.014 
  S27                              soutput_775                3     22.522     6.787       29.309 
  S28                              soutput_774                1     15.014     0.000       15.014 
  S29                              soutput_773                3     23.773     6.787       30.560 
  S3                               soutput_799                1      8.758     0.000        8.758 
  S30                              soutput_772                2     15.014     3.394       18.408 
  S31                              soutput_771                2     18.768     3.394       22.162 
  S4                               soutput_798                1      8.758     0.000        8.758 
  S5                               soutput_797                1     12.512     0.000       12.512 
  S6                               soutput_796                1      8.758     0.000        8.758 
  S7                               soutput_795                1     12.512     0.000       12.512 
  S8                               soutput_794                1     12.512     0.000       12.512 
  S9                               soutput_793                1     12.512     0.000       12.512 
