============================================================
  Generated by:           Genus(TM) Synthesis Solution 23.12-s086_1
  Generated on:           Apr 11 2025  03:11:55 pm
  Module:                 brent_kung_32bits
  Operating conditions:   tt_025C_1v80 
  Interconnect mode:      global
  Area mode:              physical library
============================================================


Path 1: MET (1 ps) Path Delay Check
     Startpoint: (F) B[9]
       Endpoint: (F) S[31]

                   Capture    Launch  
      Path Delay:+    2098         -  
      Drv Adjust:+       0         0  
         Arrival:=    2098            
                                      
   Required Time:=    2098            
       Data Path:-    2097            
           Slack:=       1            

Exceptions/Constraints:
  max_delay             2098            constraints.sdc_line_1 

#-------------------------------------------------------------------------------------------------------------------------------------
#                Timing Point                 Flags    Arc   Edge           Cell             Fanout Load Trans Delay Arrival Instance 
#                                                                                                   (fF)  (ps)  (ps)   (ps)  Location 
#-------------------------------------------------------------------------------------------------------------------------------------
  B[9]                                        -       -      F     (arrival)                      1  3.3  1000     0       0    (-,-) 
  g12/X                                       -       A->X   F     sky130_fd_sc_hd__clkbuf_1      3  8.7    76   343     343    (-,-) 
  GENERATE_PROPAGATE[9].PROPAGATE/g2__2346/Y  -       A_N->Y F     sky130_fd_sc_hd__nand2b_4      1  3.6   111   144     488    (-,-) 
  GENERATE_PROPAGATE[9].PROPAGATE/g21__9945/Y -       A->Y   R     sky130_fd_sc_hd__nand2_1       3 10.7   114   133     620    (-,-) 
  LEVEL_1[9].B1/PROPAGATE/g11__9315/X         -       B->X   R     sky130_fd_sc_hd__and2_4        3  8.9    51   161     782    (-,-) 
  LEVEL_2[11].B2/PROPAGATE/g11__9945/X        -       A->X   R     sky130_fd_sc_hd__and2_4        3  8.9    48   139     921    (-,-) 
  LEVEL_3[15].B3/PROPAGATE/g11__1617/X        -       A->X   R     sky130_fd_sc_hd__and2_4        2  8.9    48   138    1059    (-,-) 
  LEVEL_4[15].B4/PROPAGATE/g11__1881/X        -       A->X   R     sky130_fd_sc_hd__and2_4        4 10.7    53   142    1201    (-,-) 
  B6/PROPAGATE/g11__8428/X                    -       A->X   R     sky130_fd_sc_hd__and2_4        4 11.0    53   145    1346    (-,-) 
  LEVEL_7[27].B7/PROPAGATE/g11__7410/X        -       A->X   R     sky130_fd_sc_hd__and2_4        3  8.9    48   140    1486    (-,-) 
  LEVEL_8[29].B8/PROPAGATE/g11__7098/X        -       A->X   R     sky130_fd_sc_hd__and2_4        2  6.8    43   133    1618    (-,-) 
  LEVEL_9[30].B9/PROPAGATE/g11__5115/X        -       A->X   R     sky130_fd_sc_hd__and2_4        1  5.9    44   129    1747    (-,-) 
  C30/g20__8246/Y                             -       A->Y   F     sky130_fd_sc_hd__nand2_2       1  9.7    54    57    1804    (-,-) 
  C30/g19__5122/Y                             -       B->Y   R     sky130_fd_sc_hd__nand2_4       2 20.6    81    94    1898    (-,-) 
  S31/g19/Y                                   -       A->Y   F     sky130_fd_sc_hd__inv_4         1  9.6    26    38    1937    (-,-) 
  S31/g17__5107/Y                             -       A->Y   R     sky130_fd_sc_hd__nand2_4       1 18.7    82    69    2006    (-,-) 
  S31/g15__2398/Y                             -       A->Y   F     sky130_fd_sc_hd__nand2_8       1 51.3    82    91    2097    (-,-) 
  S[31]                                       <<<     -      F     (port)                         -    -     -     0    2097    (-,-) 
#-------------------------------------------------------------------------------------------------------------------------------------

