============================================================
  Generated by:           Genus(TM) Synthesis Solution 23.12-s086_1
  Generated on:           Jan 22 2025  04:34:07 pm
  Module:                 alu
  Technology libraries:   fast_vdd1v2 1.0
                          physical_cells 
                          fast_vdd1v2 1.0
                          physical_cells 
  Operating conditions:   PVT_1P32V_0C 
  Interconnect mode:      global
  Area mode:              physical library
============================================================

                                
    Gate     Instances   Area       Library    
-----------------------------------------------
ADDFX1LVT           15   76.950    fast_vdd1v2 
AND2X1LVT           16   21.888    fast_vdd1v2 
AOI222X1LVT         16   49.248    fast_vdd1v2 
INVX2LVT             1    1.026    fast_vdd1v2 
INVXLLVT             1    0.684    fast_vdd1v2 
NAND2BXLLVT          1    1.368    fast_vdd1v2 
NAND2X1LVT           1    1.026    fast_vdd1v2 
NAND3BX1LVT          1    2.052    fast_vdd1v2 
NOR2BX1LVT           2    2.736    fast_vdd1v2 
NOR2X1LVT            1    1.026    fast_vdd1v2 
NOR2XLLVT           16   16.416    fast_vdd1v2 
OAI211X1LVT         16   27.360    fast_vdd1v2 
OR2X1LVT             1    1.368    fast_vdd1v2 
OR3X1LVT            16   32.832    fast_vdd1v2 
XNOR2X1LVT          18   43.092    fast_vdd1v2 
-----------------------------------------------
total              122  279.072                


                                        
     Type      Instances   Area  Area % 
----------------------------------------
inverter               2   1.710    0.6 
logic                120 277.362   99.4 
physical_cells         0   0.000    0.0 
----------------------------------------
total                122 279.072  100.0 

