============================================================
  Generated by:           Genus(TM) Synthesis Solution 23.12-s086_1
  Generated on:           Apr 11 2025  02:07:09 pm
  Module:                 cla_32bits
  Operating conditions:   tt_025C_1v80 
  Interconnect mode:      global
  Area mode:              physical library
============================================================

             Instance                   Module      Cell-Count  Cell-Area  Net-Area   Total-Area 
-------------------------------------------------------------------------------------------------
cla_32bits                         NA                      230   1702.883  1465.749     3168.632 
  B10                              bolinha                   2     13.763     0.000       13.763 
    GENERATE                       generate_ij               1      7.507     0.000        7.507 
    PROPAGATE                      propagate_ij              1      6.256     0.000        6.256 
  C0                               carry                     1      7.507     0.000        7.507 
  C1                               carry_202                 1      7.507     0.000        7.507 
  C10                              carry_193                 1      7.507     0.000        7.507 
  C11                              carry_192                 1      7.507     0.000        7.507 
  C12                              carry_191                 1      7.507     0.000        7.507 
  C13                              carry_190                 1      7.507     0.000        7.507 
  C14                              carry_189                 1      7.507     0.000        7.507 
  C15                              carry_188                 1      7.507     0.000        7.507 
  C16                              carry_187                 1      7.507     0.000        7.507 
  C17                              carry_186                 1      7.507     0.000        7.507 
  C18                              carry_185                 1      7.507     0.000        7.507 
  C19                              carry_184                 1      7.507     0.000        7.507 
  C2                               carry_201                 1      7.507     0.000        7.507 
  C20                              carry_183                 1      7.507     0.000        7.507 
  C21                              carry_182                 1      7.507     0.000        7.507 
  C22                              carry_181                 1      7.507     0.000        7.507 
  C23                              carry_180                 1      7.507     0.000        7.507 
  C24                              carry_179                 1      7.507     0.000        7.507 
  C25                              carry_178                 1      7.507     0.000        7.507 
  C26                              carry_177                 1      7.507     0.000        7.507 
  C27                              carry_176                 1      7.507     0.000        7.507 
  C28                              carry_175                 1      7.507     0.000        7.507 
  C29                              carry_174                 1      7.507     0.000        7.507 
  C3                               carry_200                 1      7.507     0.000        7.507 
  C30                              carry_173                 1      7.507     0.000        7.507 
  C31                              carry_172                 1      7.507     0.000        7.507 
  C4                               carry_199                 1      7.507     0.000        7.507 
  C5                               carry_198                 1      7.507     0.000        7.507 
  C6                               carry_197                 1      7.507     0.000        7.507 
  C7                               carry_196                 1      7.507     0.000        7.507 
  C8                               carry_195                 1      7.507     0.000        7.507 
  C9                               carry_194                 1      7.507     0.000        7.507 
  CLA1                             cla4x3                    6     41.290     0.000       41.290 
  CLA10                            cla4x3_210                6     41.290     0.000       41.290 
  CLA11                            cla4x3_209                6     41.290     0.000       41.290 
  CLA12                            cla4x3_208                6     41.290     0.000       41.290 
  CLA13                            cla4x3_207                6     41.290     0.000       41.290 
  CLA14                            cla4x3_206                6     41.290     0.000       41.290 
  CLA15                            cla4x3_205                6     41.290     0.000       41.290 
  CLA16                            cla4x3_204                6     41.290     0.000       41.290 
  CLA17                            cla4x3_203                6     41.290     0.000       41.290 
  CLA2                             cla4x3_218                6     41.290     0.000       41.290 
  CLA3                             cla4x3_217                6     41.290     0.000       41.290 
  CLA4                             cla4x3_216                6     41.290     0.000       41.290 
  CLA5                             cla4x3_215                6     41.290     0.000       41.290 
  CLA6                             cla4x3_214                6     41.290     0.000       41.290 
  CLA7                             cla4x3_213                6     41.290     0.000       41.290 
  CLA8                             cla4x3_212                4     27.526     0.000       27.526 
  CLA9                             cla4x3_211                6     41.290     0.000       41.290 
  GENERATE_PROPAGATE[0].GENERATE   generate_i                1      6.256     0.000        6.256 
  GENERATE_PROPAGATE[0].PROPAGATE  propagate_i               1      8.758     0.000        8.758 
  GENERATE_PROPAGATE[10].GENERATE  generate_i_240            1      6.256     0.000        6.256 
  GENERATE_PROPAGATE[10].PROPAGATE propagate_i_271           1      8.758     0.000        8.758 
  GENERATE_PROPAGATE[11].GENERATE  generate_i_239            1      6.256     0.000        6.256 
  GENERATE_PROPAGATE[11].PROPAGATE propagate_i_270           1      8.758     0.000        8.758 
  GENERATE_PROPAGATE[12].GENERATE  generate_i_238            1      6.256     0.000        6.256 
  GENERATE_PROPAGATE[12].PROPAGATE propagate_i_269           1      8.758     0.000        8.758 
  GENERATE_PROPAGATE[13].GENERATE  generate_i_237            1      6.256     0.000        6.256 
  GENERATE_PROPAGATE[13].PROPAGATE propagate_i_268           1      8.758     0.000        8.758 
  GENERATE_PROPAGATE[14].GENERATE  generate_i_236            1      6.256     0.000        6.256 
  GENERATE_PROPAGATE[14].PROPAGATE propagate_i_267           1      8.758     0.000        8.758 
  GENERATE_PROPAGATE[15].GENERATE  generate_i_235            1      6.256     0.000        6.256 
  GENERATE_PROPAGATE[15].PROPAGATE propagate_i_266           1      8.758     0.000        8.758 
  GENERATE_PROPAGATE[16].GENERATE  generate_i_234            1      6.256     0.000        6.256 
  GENERATE_PROPAGATE[16].PROPAGATE propagate_i_265           1      8.758     0.000        8.758 
  GENERATE_PROPAGATE[17].GENERATE  generate_i_233            1      6.256     0.000        6.256 
  GENERATE_PROPAGATE[17].PROPAGATE propagate_i_264           1      8.758     0.000        8.758 
  GENERATE_PROPAGATE[18].GENERATE  generate_i_232            1      6.256     0.000        6.256 
  GENERATE_PROPAGATE[18].PROPAGATE propagate_i_263           1      8.758     0.000        8.758 
  GENERATE_PROPAGATE[19].GENERATE  generate_i_231            1      6.256     0.000        6.256 
  GENERATE_PROPAGATE[19].PROPAGATE propagate_i_262           1      8.758     0.000        8.758 
  GENERATE_PROPAGATE[1].GENERATE   generate_i_249            1      6.256     0.000        6.256 
  GENERATE_PROPAGATE[1].PROPAGATE  propagate_i_280           1      8.758     0.000        8.758 
  GENERATE_PROPAGATE[20].GENERATE  generate_i_230            1      6.256     0.000        6.256 
  GENERATE_PROPAGATE[20].PROPAGATE propagate_i_261           1      8.758     0.000        8.758 
  GENERATE_PROPAGATE[21].GENERATE  generate_i_229            1      6.256     0.000        6.256 
  GENERATE_PROPAGATE[21].PROPAGATE propagate_i_260           1      8.758     0.000        8.758 
  GENERATE_PROPAGATE[22].GENERATE  generate_i_228            1      6.256     0.000        6.256 
  GENERATE_PROPAGATE[22].PROPAGATE propagate_i_259           1      8.758     0.000        8.758 
  GENERATE_PROPAGATE[23].GENERATE  generate_i_227            1      6.256     0.000        6.256 
  GENERATE_PROPAGATE[23].PROPAGATE propagate_i_258           1      8.758     0.000        8.758 
  GENERATE_PROPAGATE[24].GENERATE  generate_i_226            1      6.256     0.000        6.256 
  GENERATE_PROPAGATE[24].PROPAGATE propagate_i_257           1      8.758     0.000        8.758 
  GENERATE_PROPAGATE[25].GENERATE  generate_i_225            1      6.256     0.000        6.256 
  GENERATE_PROPAGATE[25].PROPAGATE propagate_i_256           1      8.758     0.000        8.758 
  GENERATE_PROPAGATE[26].GENERATE  generate_i_224            1      6.256     0.000        6.256 
  GENERATE_PROPAGATE[26].PROPAGATE propagate_i_255           1      8.758     0.000        8.758 
  GENERATE_PROPAGATE[27].GENERATE  generate_i_223            1      6.256     0.000        6.256 
  GENERATE_PROPAGATE[27].PROPAGATE propagate_i_254           1      8.758     0.000        8.758 
  GENERATE_PROPAGATE[28].GENERATE  generate_i_222            1      6.256     0.000        6.256 
  GENERATE_PROPAGATE[28].PROPAGATE propagate_i_253           1      8.758     0.000        8.758 
  GENERATE_PROPAGATE[29].GENERATE  generate_i_221            1      6.256     0.000        6.256 
  GENERATE_PROPAGATE[29].PROPAGATE propagate_i_252           1      8.758     0.000        8.758 
  GENERATE_PROPAGATE[2].GENERATE   generate_i_248            1      6.256     0.000        6.256 
  GENERATE_PROPAGATE[2].PROPAGATE  propagate_i_279           1      8.758     0.000        8.758 
  GENERATE_PROPAGATE[30].GENERATE  generate_i_220            1      6.256     0.000        6.256 
  GENERATE_PROPAGATE[30].PROPAGATE propagate_i_251           1      8.758     0.000        8.758 
  GENERATE_PROPAGATE[31].GENERATE  generate_i_219            1      6.256     0.000        6.256 
  GENERATE_PROPAGATE[31].PROPAGATE propagate_i_250           1      8.758     0.000        8.758 
  GENERATE_PROPAGATE[3].GENERATE   generate_i_247            1      6.256     0.000        6.256 
  GENERATE_PROPAGATE[3].PROPAGATE  propagate_i_278           1      8.758     0.000        8.758 
  GENERATE_PROPAGATE[4].GENERATE   generate_i_246            1      6.256     0.000        6.256 
  GENERATE_PROPAGATE[4].PROPAGATE  propagate_i_277           1      8.758     0.000        8.758 
  GENERATE_PROPAGATE[5].GENERATE   generate_i_245            1      6.256     0.000        6.256 
  GENERATE_PROPAGATE[5].PROPAGATE  propagate_i_276           1      8.758     0.000        8.758 
  GENERATE_PROPAGATE[6].GENERATE   generate_i_244            1      6.256     0.000        6.256 
  GENERATE_PROPAGATE[6].PROPAGATE  propagate_i_275           1      8.758     0.000        8.758 
  GENERATE_PROPAGATE[7].GENERATE   generate_i_243            1      6.256     0.000        6.256 
  GENERATE_PROPAGATE[7].PROPAGATE  propagate_i_274           1      8.758     0.000        8.758 
  GENERATE_PROPAGATE[8].GENERATE   generate_i_242            1      6.256     0.000        6.256 
  GENERATE_PROPAGATE[8].PROPAGATE  propagate_i_273           1      8.758     0.000        8.758 
  GENERATE_PROPAGATE[9].GENERATE   generate_i_241            1      6.256     0.000        6.256 
  GENERATE_PROPAGATE[9].PROPAGATE  propagate_i_272           1      8.758     0.000        8.758 
  S0                               soutput                   1      8.758     0.000        8.758 
  S1                               soutput_311               1      8.758     0.000        8.758 
  S10                              soutput_302               1      8.758     0.000        8.758 
  S11                              soutput_301               1      8.758     0.000        8.758 
  S12                              soutput_300               1      8.758     0.000        8.758 
  S13                              soutput_299               1      8.758     0.000        8.758 
  S14                              soutput_298               1      8.758     0.000        8.758 
  S15                              soutput_297               1      8.758     0.000        8.758 
  S16                              soutput_296               1      8.758     0.000        8.758 
  S17                              soutput_295               1      8.758     0.000        8.758 
  S18                              soutput_294               1      8.758     0.000        8.758 
  S19                              soutput_293               1      8.758     0.000        8.758 
  S2                               soutput_310               1      8.758     0.000        8.758 
  S20                              soutput_292               1      8.758     0.000        8.758 
  S21                              soutput_291               1      8.758     0.000        8.758 
  S22                              soutput_290               1      8.758     0.000        8.758 
  S23                              soutput_289               1      8.758     0.000        8.758 
  S24                              soutput_288               1      8.758     0.000        8.758 
  S25                              soutput_287               1      8.758     0.000        8.758 
  S26                              soutput_286               1      8.758     0.000        8.758 
  S27                              soutput_285               1      8.758     0.000        8.758 
  S28                              soutput_284               1      8.758     0.000        8.758 
  S29                              soutput_283               1      8.758     0.000        8.758 
  S3                               soutput_309               1      8.758     0.000        8.758 
  S30                              soutput_282               1      8.758     0.000        8.758 
  S31                              soutput_281               1      8.758     0.000        8.758 
  S4                               soutput_308               1      8.758     0.000        8.758 
  S5                               soutput_307               1      8.758     0.000        8.758 
  S6                               soutput_306               1      8.758     0.000        8.758 
  S7                               soutput_305               1      8.758     0.000        8.758 
  S8                               soutput_304               1      8.758     0.000        8.758 
  S9                               soutput_303               1      8.758     0.000        8.758 
