============================================================
  Generated by:           Genus(TM) Synthesis Solution 23.12-s086_1
  Generated on:           Apr 11 2025  03:05:52 pm
  Module:                 brent_kung_32bits
  Operating conditions:   tt_025C_1v80 
  Interconnect mode:      global
  Area mode:              physical library
============================================================


Path 1: VIOLATED (-14 ps) Path Delay Check
     Startpoint: (F) B[14]
       Endpoint: (R) S[31]

                   Capture    Launch  
      Path Delay:+    1910         -  
      Drv Adjust:+       0         0  
         Arrival:=    1910            
                                      
   Required Time:=    1910            
       Data Path:-    1924            
           Slack:=     -14            

Exceptions/Constraints:
  max_delay             1910            constraints.sdc_line_1 

#------------------------------------------------------------------------------------------------------------------------------
#             Timing Point              Flags   Arc   Edge           Cell             Fanout Load Trans Delay Arrival Instance 
#                                                                                            (fF)  (ps)  (ps)   (ps)  Location 
#------------------------------------------------------------------------------------------------------------------------------
  B[14]                                 -       -     F     (arrival)                      2  5.9  1000     0       0    (-,-) 
  g121/X                                -       A->X  F     sky130_fd_sc_hd__clkbuf_1      1  9.9    82   349     349    (-,-) 
  GENERATE_PROPAGATE[14].PROPAGATE/g2/X -       A->X  R     sky130_fd_sc_hd__xor2_2        2  6.0   127   175     524    (-,-) 
  LEVEL_1[15].B1/PROPAGATE/g11__3680/X  -       A->X  R     sky130_fd_sc_hd__and2_4        2  6.7    42   160     684    (-,-) 
  LEVEL_2[15].B2/PROPAGATE/g11__3680/X  -       A->X  R     sky130_fd_sc_hd__and2_4        2  6.7    42   130     814    (-,-) 
  LEVEL_3[15].B3/PROPAGATE/g11__9945/X  -       A->X  R     sky130_fd_sc_hd__and2_4        2  8.9    48   136     950    (-,-) 
  LEVEL_4[15].B4/PROPAGATE/g12__2398/Y  -       A->Y  F     sky130_fd_sc_hd__nand2_2       1  5.6    34    46     997    (-,-) 
  LEVEL_4[15].B4/PROPAGATE/fopt1/Y      -       A->Y  R     sky130_fd_sc_hd__inv_2         4 10.3    54    60    1057    (-,-) 
  B6/PROPAGATE/g11__8428/X              -       A->X  R     sky130_fd_sc_hd__and2_4        3  8.6    47   139    1196    (-,-) 
  LEVEL_7[27].B7/PROPAGATE/g11__5122/X  -       A->X  R     sky130_fd_sc_hd__and2_4        3  8.6    48   137    1333    (-,-) 
  LEVEL_8[29].B8/PROPAGATE/g11__5107/X  -       A->X  R     sky130_fd_sc_hd__and2_4        2  6.7    42   132    1465    (-,-) 
  LEVEL_9[30].B9/PROPAGATE/g11__5526/X  -       A->X  R     sky130_fd_sc_hd__and2_4        1 10.1    56   139    1604    (-,-) 
  C30/g2__6161/Y                        -       A->Y  F     sky130_fd_sc_hd__nand2_4       1  9.6    48    48    1652    (-,-) 
  C30/g19__4733/Y                       -       A->Y  R     sky130_fd_sc_hd__nand2_4       2 11.1    55    63    1715    (-,-) 
  S31/g16__4733/Y                       -       A->Y  F     sky130_fd_sc_hd__nand2_2       1 17.6    78    82    1797    (-,-) 
  S31/g15__7482/Y                       -       B->Y  R     sky130_fd_sc_hd__nand2_8       1 51.3   109   127    1924    (-,-) 
  S[31]                                 <<<     -     R     (port)                         -    -     -     0    1924    (-,-) 
#------------------------------------------------------------------------------------------------------------------------------

