============================================================
  Generated by:           Genus(TM) Synthesis Solution 23.12-s086_1
  Generated on:           Jan 27 2025  02:57:32 pm
  Module:                 alu
  Technology libraries:   fast_vdd1v2 1.0
                          physical_cells 
                          fast_vdd1v2 1.0
                          physical_cells 
  Operating conditions:   PVT_1P32V_0C 
  Interconnect mode:      global
  Area mode:              physical library
============================================================

                                 
    Gate      Instances   Area       Library    
------------------------------------------------
ADDFX1LVT            15   76.950    fast_vdd1v2 
ADDHX1LVT            16   60.192    fast_vdd1v2 
AND2X1LVT             2    2.736    fast_vdd1v2 
AO22X1LVT             7   19.152    fast_vdd1v2 
AOI21X1LVT            1    1.710    fast_vdd1v2 
AOI221X1LVT           7   16.758    fast_vdd1v2 
AOI222X1LVT           9   27.702    fast_vdd1v2 
AOI22X1LVT            9   18.468    fast_vdd1v2 
AOI32X1LVT            2    4.788    fast_vdd1v2 
DFFRHQX1LVT          52  320.112    fast_vdd1v2 
DFFRX1LVT             4   27.360    fast_vdd1v2 
INVX1LVT              3    2.052    fast_vdd1v2 
INVXLLVT              1    0.684    fast_vdd1v2 
NAND2BX1LVT           1    1.368    fast_vdd1v2 
NAND2X1LVT            9    9.234    fast_vdd1v2 
NAND3X1LVT            1    1.710    fast_vdd1v2 
NOR2BX1LVT            1    1.368    fast_vdd1v2 
NOR2X1LVT            10   10.260    fast_vdd1v2 
NOR4BBX1LVT           2    5.472    fast_vdd1v2 
OAI211X1LVT          16   27.360    fast_vdd1v2 
OAI21X1LVT            1    1.710    fast_vdd1v2 
OAI2BB1X1LVT          1    1.710    fast_vdd1v2 
OR2X1LVT              9   12.312    fast_vdd1v2 
OR3X1LVT              1    2.052    fast_vdd1v2 
XNOR2X1LVT           18   43.092    fast_vdd1v2 
------------------------------------------------
total               198  696.312                


                                        
     Type      Instances   Area  Area % 
----------------------------------------
sequential            56 347.472   49.9 
inverter               4   2.736    0.4 
logic                138 346.104   49.7 
physical_cells         0   0.000    0.0 
----------------------------------------
total                198 696.312  100.0 

