Analysis & Synthesis report for swap
Tue Dec 10 16:32:56 2024
Quartus II 32-bit Version 13.1.0 Build 162 10/23/2013 SJ Web Edition


---------------------
; Table of Contents ;
---------------------
  1. Legal Notice
  2. Analysis & Synthesis Summary
  3. Analysis & Synthesis Settings
  4. Parallel Compilation
  5. Parameter Settings for User Entity Instance: Top-level Entity: |swap
  6. Analysis & Synthesis Messages



----------------
; Legal Notice ;
----------------
Copyright (C) 1991-2013 Altera Corporation
Your use of Altera Corporation's design tools, logic functions 
and other software and tools, and its AMPP partner logic 
functions, and any output files from any of the foregoing 
(including device programming or simulation files), and any 
associated documentation or information are expressly subject 
to the terms and conditions of the Altera Program License 
Subscription Agreement, Altera MegaCore Function License 
Agreement, or other applicable license agreement, including, 
without limitation, that your use is for the sole purpose of 
programming logic devices manufactured by Altera and sold by 
Altera or its authorized distributors.  Please refer to the 
applicable agreement for further details.



+---------------------------------------------------------------------------------+
; Analysis & Synthesis Summary                                                    ;
+------------------------------------+--------------------------------------------+
; Analysis & Synthesis Status        ; Failed - Tue Dec 10 16:32:56 2024          ;
; Quartus II 32-bit Version          ; 13.1.0 Build 162 10/23/2013 SJ Web Edition ;
; Revision Name                      ; swap                                       ;
; Top-level Entity Name              ; swap                                       ;
; Family                             ; Cyclone IV GX                              ;
; Total logic elements               ; N/A until Partition Merge                  ;
;     Total combinational functions  ; N/A until Partition Merge                  ;
;     Dedicated logic registers      ; N/A until Partition Merge                  ;
; Total registers                    ; N/A until Partition Merge                  ;
; Total pins                         ; N/A until Partition Merge                  ;
; Total virtual pins                 ; N/A until Partition Merge                  ;
; Total memory bits                  ; N/A until Partition Merge                  ;
; Embedded Multiplier 9-bit elements ; N/A until Partition Merge                  ;
; Total GXB Receiver Channel PCS     ; N/A until Partition Merge                  ;
; Total GXB Receiver Channel PMA     ; N/A until Partition Merge                  ;
; Total GXB Transmitter Channel PCS  ; N/A until Partition Merge                  ;
; Total GXB Transmitter Channel PMA  ; N/A until Partition Merge                  ;
; Total PLLs                         ; N/A until Partition Merge                  ;
+------------------------------------+--------------------------------------------+


+----------------------------------------------------------------------------------------------------------------------+
; Analysis & Synthesis Settings                                                                                        ;
+----------------------------------------------------------------------------+--------------------+--------------------+
; Option                                                                     ; Setting            ; Default Value      ;
+----------------------------------------------------------------------------+--------------------+--------------------+
; Top-level entity name                                                      ; swap               ; swap               ;
; Family name                                                                ; Cyclone IV GX      ; Cyclone IV GX      ;
; Use smart compilation                                                      ; Off                ; Off                ;
; Enable parallel Assembler and TimeQuest Timing Analyzer during compilation ; On                 ; On                 ;
; Enable compact report table                                                ; Off                ; Off                ;
; Restructure Multiplexers                                                   ; Auto               ; Auto               ;
; Create Debugging Nodes for IP Cores                                        ; Off                ; Off                ;
; Preserve fewer node names                                                  ; On                 ; On                 ;
; Disable OpenCore Plus hardware evaluation                                  ; Off                ; Off                ;
; Verilog Version                                                            ; Verilog_2001       ; Verilog_2001       ;
; VHDL Version                                                               ; VHDL_1993          ; VHDL_1993          ;
; State Machine Processing                                                   ; Auto               ; Auto               ;
; Safe State Machine                                                         ; Off                ; Off                ;
; Extract Verilog State Machines                                             ; On                 ; On                 ;
; Extract VHDL State Machines                                                ; On                 ; On                 ;
; Ignore Verilog initial constructs                                          ; Off                ; Off                ;
; Iteration limit for constant Verilog loops                                 ; 5000               ; 5000               ;
; Iteration limit for non-constant Verilog loops                             ; 250                ; 250                ;
; Add Pass-Through Logic to Inferred RAMs                                    ; On                 ; On                 ;
; Infer RAMs from Raw Logic                                                  ; On                 ; On                 ;
; Parallel Synthesis                                                         ; On                 ; On                 ;
; DSP Block Balancing                                                        ; Auto               ; Auto               ;
; NOT Gate Push-Back                                                         ; On                 ; On                 ;
; Power-Up Don't Care                                                        ; On                 ; On                 ;
; Remove Redundant Logic Cells                                               ; Off                ; Off                ;
; Remove Duplicate Registers                                                 ; On                 ; On                 ;
; Ignore CARRY Buffers                                                       ; Off                ; Off                ;
; Ignore CASCADE Buffers                                                     ; Off                ; Off                ;
; Ignore GLOBAL Buffers                                                      ; Off                ; Off                ;
; Ignore ROW GLOBAL Buffers                                                  ; Off                ; Off                ;
; Ignore LCELL Buffers                                                       ; Off                ; Off                ;
; Ignore SOFT Buffers                                                        ; On                 ; On                 ;
; Limit AHDL Integers to 32 Bits                                             ; Off                ; Off                ;
; Optimization Technique                                                     ; Balanced           ; Balanced           ;
; Carry Chain Length                                                         ; 70                 ; 70                 ;
; Auto Carry Chains                                                          ; On                 ; On                 ;
; Auto Open-Drain Pins                                                       ; On                 ; On                 ;
; Perform WYSIWYG Primitive Resynthesis                                      ; Off                ; Off                ;
; Auto ROM Replacement                                                       ; On                 ; On                 ;
; Auto RAM Replacement                                                       ; On                 ; On                 ;
; Auto DSP Block Replacement                                                 ; On                 ; On                 ;
; Auto Shift Register Replacement                                            ; Auto               ; Auto               ;
; Allow Shift Register Merging across Hierarchies                            ; Auto               ; Auto               ;
; Auto Clock Enable Replacement                                              ; On                 ; On                 ;
; Strict RAM Replacement                                                     ; Off                ; Off                ;
; Allow Synchronous Control Signals                                          ; On                 ; On                 ;
; Force Use of Synchronous Clear Signals                                     ; Off                ; Off                ;
; Auto RAM Block Balancing                                                   ; On                 ; On                 ;
; Auto RAM to Logic Cell Conversion                                          ; Off                ; Off                ;
; Auto Resource Sharing                                                      ; Off                ; Off                ;
; Allow Any RAM Size For Recognition                                         ; Off                ; Off                ;
; Allow Any ROM Size For Recognition                                         ; Off                ; Off                ;
; Allow Any Shift Register Size For Recognition                              ; Off                ; Off                ;
; Use LogicLock Constraints during Resource Balancing                        ; On                 ; On                 ;
; Ignore translate_off and synthesis_off directives                          ; Off                ; Off                ;
; Timing-Driven Synthesis                                                    ; On                 ; On                 ;
; Report Parameter Settings                                                  ; On                 ; On                 ;
; Report Source Assignments                                                  ; On                 ; On                 ;
; Report Connectivity Checks                                                 ; On                 ; On                 ;
; Ignore Maximum Fan-Out Assignments                                         ; Off                ; Off                ;
; Synchronization Register Chain Length                                      ; 2                  ; 2                  ;
; PowerPlay Power Optimization                                               ; Normal compilation ; Normal compilation ;
; HDL message level                                                          ; Level2             ; Level2             ;
; Suppress Register Optimization Related Messages                            ; Off                ; Off                ;
; Number of Removed Registers Reported in Synthesis Report                   ; 5000               ; 5000               ;
; Number of Swept Nodes Reported in Synthesis Report                         ; 5000               ; 5000               ;
; Number of Inverted Registers Reported in Synthesis Report                  ; 100                ; 100                ;
; Clock MUX Protection                                                       ; On                 ; On                 ;
; Auto Gated Clock Conversion                                                ; Off                ; Off                ;
; Block Design Naming                                                        ; Auto               ; Auto               ;
; SDC constraint protection                                                  ; Off                ; Off                ;
; Synthesis Effort                                                           ; Auto               ; Auto               ;
; Shift Register Replacement - Allow Asynchronous Clear Signal               ; On                 ; On                 ;
; Pre-Mapping Resynthesis Optimization                                       ; Off                ; Off                ;
; Analysis & Synthesis Message Level                                         ; Medium             ; Medium             ;
; Disable Register Merging Across Hierarchies                                ; Auto               ; Auto               ;
; Resource Aware Inference For Block RAM                                     ; On                 ; On                 ;
; Synthesis Seed                                                             ; 1                  ; 1                  ;
+----------------------------------------------------------------------------+--------------------+--------------------+


Parallel compilation was disabled, but you have multiple processors available. Enable parallel compilation to reduce compilation time.
+-------------------------------------+
; Parallel Compilation                ;
+----------------------------+--------+
; Processors                 ; Number ;
+----------------------------+--------+
; Number detected on machine ; 12     ;
; Maximum allowed            ; 1      ;
+----------------------------+--------+


+----------------------------------------------------------------------+
; Parameter Settings for User Entity Instance: Top-level Entity: |swap ;
+----------------+-------+---------------------------------------------+
; Parameter Name ; Value ; Type                                        ;
+----------------+-------+---------------------------------------------+
; WIDTH          ; 3     ; Signed Integer                              ;
+----------------+-------+---------------------------------------------+
Note: In order to hide this table in the UI and the text report file, please set the "Show Parameter Settings in Synthesis Report" option in "Analysis and Synthesis Settings -> More Settings" to "Off".


+-------------------------------+
; Analysis & Synthesis Messages ;
+-------------------------------+
Info: *******************************************************************
Info: Running Quartus II 32-bit Analysis & Synthesis
    Info: Version 13.1.0 Build 162 10/23/2013 SJ Web Edition
    Info: Processing started: Tue Dec 10 16:32:55 2024
Info: Command: quartus_map --read_settings_files=on --write_settings_files=off swap -c swap
Warning (20028): Parallel compilation is not licensed and has been disabled
Info (12021): Found 1 design units, including 1 entities, in source file swap.v
    Info (12023): Found entity 1: swap
Info (12127): Elaborating entity "swap" for the top level hierarchy
Warning (10036): Verilog HDL or VHDL warning at swap.v(8): object "data_1" assigned a value but never read
Warning (10036): Verilog HDL or VHDL warning at swap.v(9): object "data_2" assigned a value but never read
Info (10648): Verilog HDL Display System Task info at swap.v(25): Before: data1: 0 | data2: 0
Info (10648): Verilog HDL Display System Task info at swap.v(28): After : data1: 0 | data2: 0
Info (10648): Verilog HDL Display System Task info at swap.v(25): Before: data1: 0 | data2: 1
Info (10648): Verilog HDL Display System Task info at swap.v(28): After : data1: 1 | data2: 0
Info (10648): Verilog HDL Display System Task info at swap.v(25): Before: data1: 0 | data2: 2
Info (10648): Verilog HDL Display System Task info at swap.v(28): After : data1: 2 | data2: 0
Info (10648): Verilog HDL Display System Task info at swap.v(25): Before: data1: 0 | data2: 3
Info (10648): Verilog HDL Display System Task info at swap.v(28): After : data1: 3 | data2: 0
Info (10648): Verilog HDL Display System Task info at swap.v(25): Before: data1: 0 | data2: 4
Info (10648): Verilog HDL Display System Task info at swap.v(28): After : data1: 4 | data2: 0
Info (10648): Verilog HDL Display System Task info at swap.v(25): Before: data1: 0 | data2: 5
Info (10648): Verilog HDL Display System Task info at swap.v(28): After : data1: 5 | data2: 0
Info (10648): Verilog HDL Display System Task info at swap.v(25): Before: data1: 0 | data2: 6
Info (10648): Verilog HDL Display System Task info at swap.v(28): After : data1: 6 | data2: 0
Info (10648): Verilog HDL Display System Task info at swap.v(25): Before: data1: 0 | data2: 7
Info (10648): Verilog HDL Display System Task info at swap.v(28): After : data1: 7 | data2: 0
Info (10648): Verilog HDL Display System Task info at swap.v(25): Before: data1: 1 | data2: 0
Info (10648): Verilog HDL Display System Task info at swap.v(28): After : data1: 0 | data2: 1
Info (10648): Verilog HDL Display System Task info at swap.v(25): Before: data1: 1 | data2: 1
Info (10648): Verilog HDL Display System Task info at swap.v(28): After : data1: 1 | data2: 1
Info (10648): Verilog HDL Display System Task info at swap.v(25): Before: data1: 1 | data2: 2
Info (10648): Verilog HDL Display System Task info at swap.v(28): After : data1: 2 | data2: 1
Info (10648): Verilog HDL Display System Task info at swap.v(25): Before: data1: 1 | data2: 3
Info (10648): Verilog HDL Display System Task info at swap.v(28): After : data1: 3 | data2: 1
Info (10648): Verilog HDL Display System Task info at swap.v(25): Before: data1: 1 | data2: 4
Info (10648): Verilog HDL Display System Task info at swap.v(28): After : data1: 4 | data2: 1
Info (10648): Verilog HDL Display System Task info at swap.v(25): Before: data1: 1 | data2: 5
Info (10648): Verilog HDL Display System Task info at swap.v(28): After : data1: 5 | data2: 1
Info (10648): Verilog HDL Display System Task info at swap.v(25): Before: data1: 1 | data2: 6
Info (10648): Verilog HDL Display System Task info at swap.v(28): After : data1: 6 | data2: 1
Info (10648): Verilog HDL Display System Task info at swap.v(25): Before: data1: 1 | data2: 7
Info (10648): Verilog HDL Display System Task info at swap.v(28): After : data1: 7 | data2: 1
Info (10648): Verilog HDL Display System Task info at swap.v(25): Before: data1: 2 | data2: 0
Info (10648): Verilog HDL Display System Task info at swap.v(28): After : data1: 0 | data2: 2
Info (10648): Verilog HDL Display System Task info at swap.v(25): Before: data1: 2 | data2: 1
Info (10648): Verilog HDL Display System Task info at swap.v(28): After : data1: 1 | data2: 2
Info (10648): Verilog HDL Display System Task info at swap.v(25): Before: data1: 2 | data2: 2
Info (10648): Verilog HDL Display System Task info at swap.v(28): After : data1: 2 | data2: 2
Info (10648): Verilog HDL Display System Task info at swap.v(25): Before: data1: 2 | data2: 3
Info (10648): Verilog HDL Display System Task info at swap.v(28): After : data1: 3 | data2: 2
Info (10648): Verilog HDL Display System Task info at swap.v(25): Before: data1: 2 | data2: 4
Info (10648): Verilog HDL Display System Task info at swap.v(28): After : data1: 4 | data2: 2
Info (10648): Verilog HDL Display System Task info at swap.v(25): Before: data1: 2 | data2: 5
Info (10648): Verilog HDL Display System Task info at swap.v(28): After : data1: 5 | data2: 2
Info (10648): Verilog HDL Display System Task info at swap.v(25): Before: data1: 2 | data2: 6
Info (10648): Verilog HDL Display System Task info at swap.v(28): After : data1: 6 | data2: 2
Info (10648): Verilog HDL Display System Task info at swap.v(25): Before: data1: 2 | data2: 7
Info (10648): Verilog HDL Display System Task info at swap.v(28): After : data1: 7 | data2: 2
Info (10648): Verilog HDL Display System Task info at swap.v(25): Before: data1: 3 | data2: 0
Info (10648): Verilog HDL Display System Task info at swap.v(28): After : data1: 0 | data2: 3
Info (10648): Verilog HDL Display System Task info at swap.v(25): Before: data1: 3 | data2: 1
Info (10648): Verilog HDL Display System Task info at swap.v(28): After : data1: 1 | data2: 3
Info (10648): Verilog HDL Display System Task info at swap.v(25): Before: data1: 3 | data2: 2
Info (10648): Verilog HDL Display System Task info at swap.v(28): After : data1: 2 | data2: 3
Info (10648): Verilog HDL Display System Task info at swap.v(25): Before: data1: 3 | data2: 3
Info (10648): Verilog HDL Display System Task info at swap.v(28): After : data1: 3 | data2: 3
Info (10648): Verilog HDL Display System Task info at swap.v(25): Before: data1: 3 | data2: 4
Info (10648): Verilog HDL Display System Task info at swap.v(28): After : data1: 4 | data2: 3
Info (10648): Verilog HDL Display System Task info at swap.v(25): Before: data1: 3 | data2: 5
Info (10648): Verilog HDL Display System Task info at swap.v(28): After : data1: 5 | data2: 3
Info (10648): Verilog HDL Display System Task info at swap.v(25): Before: data1: 3 | data2: 6
Info (10648): Verilog HDL Display System Task info at swap.v(28): After : data1: 6 | data2: 3
Info (10648): Verilog HDL Display System Task info at swap.v(25): Before: data1: 3 | data2: 7
Info (10648): Verilog HDL Display System Task info at swap.v(28): After : data1: 7 | data2: 3
Info (10648): Verilog HDL Display System Task info at swap.v(25): Before: data1: 4 | data2: 0
Info (10648): Verilog HDL Display System Task info at swap.v(28): After : data1: 0 | data2: 4
Info (10648): Verilog HDL Display System Task info at swap.v(25): Before: data1: 4 | data2: 1
Info (10648): Verilog HDL Display System Task info at swap.v(28): After : data1: 1 | data2: 4
Info (10648): Verilog HDL Display System Task info at swap.v(25): Before: data1: 4 | data2: 2
Info (10648): Verilog HDL Display System Task info at swap.v(28): After : data1: 2 | data2: 4
Info (10648): Verilog HDL Display System Task info at swap.v(25): Before: data1: 4 | data2: 3
Info (10648): Verilog HDL Display System Task info at swap.v(28): After : data1: 3 | data2: 4
Info (10648): Verilog HDL Display System Task info at swap.v(25): Before: data1: 4 | data2: 4
Info (10648): Verilog HDL Display System Task info at swap.v(28): After : data1: 4 | data2: 4
Info (10648): Verilog HDL Display System Task info at swap.v(25): Before: data1: 4 | data2: 5
Info (10648): Verilog HDL Display System Task info at swap.v(28): After : data1: 5 | data2: 4
Info (10648): Verilog HDL Display System Task info at swap.v(25): Before: data1: 4 | data2: 6
Info (10648): Verilog HDL Display System Task info at swap.v(28): After : data1: 6 | data2: 4
Info (10648): Verilog HDL Display System Task info at swap.v(25): Before: data1: 4 | data2: 7
Info (10648): Verilog HDL Display System Task info at swap.v(28): After : data1: 7 | data2: 4
Info (10648): Verilog HDL Display System Task info at swap.v(25): Before: data1: 5 | data2: 0
Info (10648): Verilog HDL Display System Task info at swap.v(28): After : data1: 0 | data2: 5
Info (10648): Verilog HDL Display System Task info at swap.v(25): Before: data1: 5 | data2: 1
Info (10648): Verilog HDL Display System Task info at swap.v(28): After : data1: 1 | data2: 5
Info (10648): Verilog HDL Display System Task info at swap.v(25): Before: data1: 5 | data2: 2
Info (10648): Verilog HDL Display System Task info at swap.v(28): After : data1: 2 | data2: 5
Info (10648): Verilog HDL Display System Task info at swap.v(25): Before: data1: 5 | data2: 3
Info (10648): Verilog HDL Display System Task info at swap.v(28): After : data1: 3 | data2: 5
Info (10648): Verilog HDL Display System Task info at swap.v(25): Before: data1: 5 | data2: 4
Info (10648): Verilog HDL Display System Task info at swap.v(28): After : data1: 4 | data2: 5
Info (10648): Verilog HDL Display System Task info at swap.v(25): Before: data1: 5 | data2: 5
Info (10648): Verilog HDL Display System Task info at swap.v(28): After : data1: 5 | data2: 5
Info (10648): Verilog HDL Display System Task info at swap.v(25): Before: data1: 5 | data2: 6
Info (10648): Verilog HDL Display System Task info at swap.v(28): After : data1: 6 | data2: 5
Info (10648): Verilog HDL Display System Task info at swap.v(25): Before: data1: 5 | data2: 7
Info (10648): Verilog HDL Display System Task info at swap.v(28): After : data1: 7 | data2: 5
Info (10648): Verilog HDL Display System Task info at swap.v(25): Before: data1: 6 | data2: 0
Info (10648): Verilog HDL Display System Task info at swap.v(28): After : data1: 0 | data2: 6
Info (10648): Verilog HDL Display System Task info at swap.v(25): Before: data1: 6 | data2: 1
Info (10648): Verilog HDL Display System Task info at swap.v(28): After : data1: 1 | data2: 6
Info (10648): Verilog HDL Display System Task info at swap.v(25): Before: data1: 6 | data2: 2
Info (10648): Verilog HDL Display System Task info at swap.v(28): After : data1: 2 | data2: 6
Info (10648): Verilog HDL Display System Task info at swap.v(25): Before: data1: 6 | data2: 3
Info (10648): Verilog HDL Display System Task info at swap.v(28): After : data1: 3 | data2: 6
Info (10648): Verilog HDL Display System Task info at swap.v(25): Before: data1: 6 | data2: 4
Info (10648): Verilog HDL Display System Task info at swap.v(28): After : data1: 4 | data2: 6
Info (10648): Verilog HDL Display System Task info at swap.v(25): Before: data1: 6 | data2: 5
Info (10648): Verilog HDL Display System Task info at swap.v(28): After : data1: 5 | data2: 6
Info (10648): Verilog HDL Display System Task info at swap.v(25): Before: data1: 6 | data2: 6
Info (10648): Verilog HDL Display System Task info at swap.v(28): After : data1: 6 | data2: 6
Info (10648): Verilog HDL Display System Task info at swap.v(25): Before: data1: 6 | data2: 7
Info (10648): Verilog HDL Display System Task info at swap.v(28): After : data1: 7 | data2: 6
Info (10648): Verilog HDL Display System Task info at swap.v(25): Before: data1: 7 | data2: 0
Info (10648): Verilog HDL Display System Task info at swap.v(28): After : data1: 0 | data2: 7
Info (10648): Verilog HDL Display System Task info at swap.v(25): Before: data1: 7 | data2: 1
Info (10648): Verilog HDL Display System Task info at swap.v(28): After : data1: 1 | data2: 7
Info (10648): Verilog HDL Display System Task info at swap.v(25): Before: data1: 7 | data2: 2
Info (10648): Verilog HDL Display System Task info at swap.v(28): After : data1: 2 | data2: 7
Info (10648): Verilog HDL Display System Task info at swap.v(25): Before: data1: 7 | data2: 3
Info (10648): Verilog HDL Display System Task info at swap.v(28): After : data1: 3 | data2: 7
Info (10648): Verilog HDL Display System Task info at swap.v(25): Before: data1: 7 | data2: 4
Info (10648): Verilog HDL Display System Task info at swap.v(28): After : data1: 4 | data2: 7
Info (10648): Verilog HDL Display System Task info at swap.v(25): Before: data1: 7 | data2: 5
Info (10648): Verilog HDL Display System Task info at swap.v(28): After : data1: 5 | data2: 7
Info (10648): Verilog HDL Display System Task info at swap.v(25): Before: data1: 7 | data2: 6
Info (10648): Verilog HDL Display System Task info at swap.v(28): After : data1: 6 | data2: 7
Info (10648): Verilog HDL Display System Task info at swap.v(25): Before: data1: 7 | data2: 7
Info (10648): Verilog HDL Display System Task info at swap.v(28): After : data1: 7 | data2: 7
Warning (12158): Entity "swap" contains only dangling pins
Error (12061): Can't synthesize current design -- Top partition does not contain any logic
Error: Quartus II 32-bit Analysis & Synthesis was unsuccessful. 1 error, 4 warnings
    Error: Peak virtual memory: 384 megabytes
    Error: Processing ended: Tue Dec 10 16:32:56 2024
    Error: Elapsed time: 00:00:01
    Error: Total CPU time (on all processors): 00:00:00


