###############################################################
#  Generated by:      Cadence Innovus 23.32-s091_1
#  OS:                Linux x86_64(Host ID cadmicro-inf-el8-623207)
#  Generated on:      Mon Apr 14 15:07:13 2025
#  Design:            signal_32bits
#  Command:           report_timing > reports/report_timing.rpt
###############################################################
Path 1: MET Path Delay Check
Endpoint:   S[31] (^)
Beginpoint: B[1]  (v) triggered by  leading edge of '@'
Path Groups: {default}
Analysis View: default_emulate_view
- External Delay                0.000
+ Path Delay                    2.500
= Required Time                 2.500
- Arrival Time                  2.490
= Slack Time                    0.010
     Clock Rise Edge                      0.000
     + Input Delay                        0.000
     = Beginpoint Arrival Time            0.000
     +------------------------------------------------------------------------------------------------------+ 
     |          Instance           |      Arc      |           Cell            | Delay | Arrival | Required | 
     |                             |               |                           |       |  Time   |   Time   | 
     |-----------------------------+---------------+---------------------------+-------+---------+----------| 
     |                             | B[1] v        |                           |       |   0.000 |    0.010 | 
     | g2                          | B v -> X v    | sky130_fd_sc_hd__or2_1    | 0.574 |   0.574 |    0.584 | 
     | addinc_add_7_30_g1246__9315 | B v -> Y ^    | sky130_fd_sc_hd__nand2_2  | 0.087 |   0.661 |    0.671 | 
     | addinc_add_7_30_g1244__4733 | A ^ -> Y v    | sky130_fd_sc_hd__nand2_2  | 0.059 |   0.720 |    0.730 | 
     | addinc_add_7_30_g1242__5115 | A v -> Y ^    | sky130_fd_sc_hd__nand2_2  | 0.073 |   0.793 |    0.804 | 
     | addinc_add_7_30_g1240__6131 | A ^ -> Y v    | sky130_fd_sc_hd__nand2_2  | 0.062 |   0.856 |    0.866 | 
     | addinc_add_7_30_g1239__7098 | A v -> Y ^    | sky130_fd_sc_hd__nand2_2  | 0.086 |   0.941 |    0.952 | 
     | addinc_add_7_30_g1237__5122 | A ^ -> Y v    | sky130_fd_sc_hd__nand2_4  | 0.059 |   1.000 |    1.011 | 
     | addinc_add_7_30_g1235__1705 | A v -> Y ^    | sky130_fd_sc_hd__nand3_1  | 0.074 |   1.074 |    1.085 | 
     | addinc_add_7_30_g1233__1617 | A ^ -> Y v    | sky130_fd_sc_hd__nand2_1  | 0.081 |   1.155 |    1.166 | 
     | addinc_add_7_30_g1229__5526 | A v -> Y ^    | sky130_fd_sc_hd__nand2_2  | 0.069 |   1.225 |    1.235 | 
     | addinc_add_7_30_g1224__2398 | A ^ -> Y v    | sky130_fd_sc_hd__nand3_2  | 0.108 |   1.333 |    1.343 | 
     | addinc_add_7_30_g1216__9315 | A v -> Y ^    | sky130_fd_sc_hd__nand3_2  | 0.095 |   1.428 |    1.439 | 
     | addinc_add_7_30_g1211__1881 | A ^ -> Y v    | sky130_fd_sc_hd__nand2_2  | 0.073 |   1.501 |    1.511 | 
     | addinc_add_7_30_g1208__7098 | A v -> Y ^    | sky130_fd_sc_hd__nand3_1  | 0.078 |   1.579 |    1.589 | 
     | addinc_add_7_30_g1201__3680 | A ^ -> Y v    | sky130_fd_sc_hd__nand2_1  | 0.074 |   1.653 |    1.663 | 
     | addinc_add_7_30_g1197__8428 | A v -> Y ^    | sky130_fd_sc_hd__nand2_1  | 0.081 |   1.733 |    1.744 | 
     | addinc_add_7_30_g1190__7410 | A ^ -> Y v    | sky130_fd_sc_hd__nand2_1  | 0.101 |   1.835 |    1.845 | 
     | addinc_add_7_30_g1178__7098 | A1 v -> Y ^   | sky130_fd_sc_hd__a31oi_2  | 0.197 |   2.031 |    2.042 | 
     | addinc_add_7_30_g1168__4319 | A2 ^ -> Y v   | sky130_fd_sc_hd__o21ai_1  | 0.132 |   2.163 |    2.173 | 
     | addinc_add_7_30_g1165__2398 | A2_N v -> X ^ | sky130_fd_sc_hd__a2bb2o_4 | 0.326 |   2.489 |    2.499 | 
     |                             | S[31] ^       |                           | 0.001 |   2.490 |    2.500 | 
     +------------------------------------------------------------------------------------------------------+ 

