============================================================
  Generated by:           Genus(TM) Synthesis Solution 23.12-s086_1
  Generated on:           Apr 14 2025  12:59:52 pm
  Module:                 signal_32bits
  Operating conditions:   tt_025C_1v80 
  Interconnect mode:      global
  Area mode:              physical library
============================================================


Path 1: MET (6 ps) Path Delay Check
     Startpoint: (F) B[0]
       Endpoint: (R) S[31]

                   Capture    Launch  
      Path Delay:+   12000         -  
      Drv Adjust:+       0         0  
         Arrival:=   12000            
                                      
   Required Time:=   12000            
       Data Path:-   11994            
           Slack:=       6            

Exceptions/Constraints:
  max_delay            12000            constraints.sdc_line_1 

#-----------------------------------------------------------------------------------------------------------------------------
#          Timing Point           Flags     Arc     Edge            Cell             Fanout Load Trans Delay Arrival Instance 
#                                                                                           (fF)  (ps)  (ps)   (ps)  Location 
#-----------------------------------------------------------------------------------------------------------------------------
  B[0]                            -       -         F     (arrival)                       1  7.5  1000     0       0    (-,-) 
  g847/COUT                       -       B->COUT   F     sky130_fd_sc_hd__fahcin_1       1  3.5   104   554     554    (-,-) 
  g3/Y                            -       A->Y      R     sky130_fd_sc_hd__inv_1          2  9.1    88   110     664    (-,-) 
  addinc_add_7_30_g812__8246/Y    -       B2->Y     F     sky130_fd_sc_hd__o2bb2ai_1      2  8.4    98    95     759    (-,-) 
  addinc_add_7_30_g811__5122/Y    -       A->Y      R     sky130_fd_sc_hd__nand2_1        1  3.7    55    82     842    (-,-) 
  addinc_add_7_30_g809__2802/Y    -       A->Y      F     sky130_fd_sc_hd__nand2_1        2 10.3    95    86     928    (-,-) 
  g845/Y                          -       B1->Y     R     sky130_fd_sc_hd__o21ai_2        1  5.9   242    81    1010    (-,-) 
  addinc_add_7_30_g806__6783/Y    -       A->Y      F     sky130_fd_sc_hd__nand2_2        2  8.4    79    94    1104    (-,-) 
  g844/X                          -       A1->X     F     sky130_fd_sc_hd__a21o_1         2  8.4    58   190    1294    (-,-) 
  g2/X                            -       A1->X     F     sky130_fd_sc_hd__a21o_1         2  8.1    57   180    1474    (-,-) 
  addinc_add_7_30_g799__5477/Y    -       B1->Y     R     sky130_fd_sc_hd__o21ai_1        1  3.8   250    82    1556    (-,-) 
  addinc_add_7_30_g797__7410/Y    -       B->Y      F     sky130_fd_sc_hd__nand2b_1       1  5.8    79   111    1667    (-,-) 
  addinc_add_7_30_g796__1666/COUT -       CIN->COUT F     sky130_fd_sc_hd__fa_1           1  5.8    96   390    2057    (-,-) 
  addinc_add_7_30_g795__2346/COUT -       CIN->COUT F     sky130_fd_sc_hd__fa_1           1  5.8    96   396    2454    (-,-) 
  addinc_add_7_30_g794__2883/COUT -       CIN->COUT F     sky130_fd_sc_hd__fa_1           1  5.8    96   396    2850    (-,-) 
  addinc_add_7_30_g793__9945/COUT -       CIN->COUT F     sky130_fd_sc_hd__fa_1           1  5.8    96   396    3246    (-,-) 
  addinc_add_7_30_g792__9315/COUT -       CIN->COUT F     sky130_fd_sc_hd__fa_1           1  5.8    96   396    3642    (-,-) 
  addinc_add_7_30_g791__6161/COUT -       CIN->COUT F     sky130_fd_sc_hd__fa_1           1  5.8    96   396    4039    (-,-) 
  addinc_add_7_30_g790__4733/COUT -       CIN->COUT F     sky130_fd_sc_hd__fa_1           1  5.8    96   396    4435    (-,-) 
  addinc_add_7_30_g789__7482/COUT -       CIN->COUT F     sky130_fd_sc_hd__fa_1           1  5.8    96   396    4831    (-,-) 
  addinc_add_7_30_g788__5115/COUT -       CIN->COUT F     sky130_fd_sc_hd__fa_1           1  5.8    96   396    5228    (-,-) 
  addinc_add_7_30_g787__1881/COUT -       CIN->COUT F     sky130_fd_sc_hd__fa_1           1  5.8    96   396    5624    (-,-) 
  addinc_add_7_30_g786__6131/COUT -       CIN->COUT F     sky130_fd_sc_hd__fa_1           1  5.8    96   396    6020    (-,-) 
  addinc_add_7_30_g785__7098/COUT -       CIN->COUT F     sky130_fd_sc_hd__fa_1           1  5.8    96   396    6417    (-,-) 
  addinc_add_7_30_g784__8246/COUT -       CIN->COUT F     sky130_fd_sc_hd__fa_1           1  5.8    96   396    6813    (-,-) 
  addinc_add_7_30_g783__5122/COUT -       CIN->COUT F     sky130_fd_sc_hd__fa_1           1  5.8    96   396    7209    (-,-) 
  addinc_add_7_30_g782__1705/COUT -       CIN->COUT F     sky130_fd_sc_hd__fa_1           1  5.8    96   396    7606    (-,-) 
  addinc_add_7_30_g781__2802/COUT -       CIN->COUT F     sky130_fd_sc_hd__fa_1           1  5.8    96   396    8002    (-,-) 
  addinc_add_7_30_g780__1617/COUT -       CIN->COUT F     sky130_fd_sc_hd__fa_1           1  5.8    96   396    8398    (-,-) 
  addinc_add_7_30_g779__3680/COUT -       CIN->COUT F     sky130_fd_sc_hd__fa_1           1  5.8    96   396    8794    (-,-) 
  addinc_add_7_30_g778__6783/COUT -       CIN->COUT F     sky130_fd_sc_hd__fa_1           1  5.8    96   396    9191    (-,-) 
  addinc_add_7_30_g777__5526/COUT -       CIN->COUT F     sky130_fd_sc_hd__fa_1           1  5.8    96   396    9587    (-,-) 
  addinc_add_7_30_g776__8428/COUT -       CIN->COUT F     sky130_fd_sc_hd__fa_1           1  5.8    96   396    9983    (-,-) 
  addinc_add_7_30_g775__4319/COUT -       CIN->COUT F     sky130_fd_sc_hd__fa_1           1  5.8    96   396   10380    (-,-) 
  addinc_add_7_30_g774__6260/COUT -       CIN->COUT F     sky130_fd_sc_hd__fa_1           1  5.8    96   396   10776    (-,-) 
  addinc_add_7_30_g773__5107/COUT -       CIN->COUT F     sky130_fd_sc_hd__fa_1           1  5.8    96   396   11172    (-,-) 
  addinc_add_7_30_g772__2398/SUM  -       CIN->SUM  R     sky130_fd_sc_hd__fa_1           1 51.3   506   822   11994    (-,-) 
  S[31]                           <<<     -         R     (port)                          -    -     -     0   11994    (-,-) 
#-----------------------------------------------------------------------------------------------------------------------------

