============================================================
  Generated by:           Genus(TM) Synthesis Solution 23.12-s086_1
  Generated on:           Apr 14 2025  12:59:52 pm
  Module:                 signal_32bits
  Operating conditions:   tt_025C_1v80 
  Interconnect mode:      global
  Area mode:              physical library
============================================================

Timing
-------
  Cost    Critical         Violating 
 Group   Path Slack  TNS     Paths   
-------------------------------------
default         5.8   0.0          0 
-------------------------------------
Total                 0.0          0 

Instance Count
--------------
Leaf Instance Count             57 
Physical Instance count          0 
Sequential Instance Count        0 
Combinational Instance Count    57 
Hierarchical Instance Count      0 

Area
----
Cell Area                          753.222
Physical Cell Area                 0.000
Total Cell Area (Cell+Physical)    753.222
Net Area                           552.136
Total Area (Cell+Physical+Net)     1305.358

Max Fanout                         3 (B[1])
Min Fanout                         1 (B[7])
Average Fanout                     1.2
Terms to net ratio                 1.5099
Terms to instance ratio            4.0000
Runtime                            13.483207 seconds
Elapsed Runtime                    13 seconds
Genus peak memory usage            1941.53 
Innovus peak memory usage          no_value 
Hostname                           cadmicro-inf-el8-623207
