============================================================
  Generated by:           Genus(TM) Synthesis Solution 23.12-s086_1
  Generated on:           Dec 17 2024  02:39:53 pm
  Module:                 NanoCPU
  Technology libraries:   fast_vdd1v0 1.0
                          physical_cells 
                          fast_vdd1v0 1.0
                          physical_cells 
  Operating conditions:   PVT_1P1V_0C 
  Interconnect mode:      global
  Area mode:              physical library
============================================================

Instance    Module     Cell-Count  Cell-Area  Net-Area   Total-Area 
--------------------------------------------------------------------
NanoCPU  NA                   782   2109.798  1029.491     3139.289 
  R_IR   Reg16bit_113          16    102.258     0.000      102.258 
  R_PC   Reg16bit_112          10     56.430     0.000       56.430 
  r0     Reg16bit              18    105.678     0.000      105.678 
  r1     Reg16bit_116          18    105.678     0.000      105.678 
  r2     Reg16bit_115          18    105.678     0.000      105.678 
  r3     Reg16bit_114          18    105.678     0.000      105.678 
