============================================================
  Generated by:           Genus(TM) Synthesis Solution 23.12-s086_1
  Generated on:           Apr 11 2025  04:09:55 pm
  Module:                 han_carlson_32bits
  Operating conditions:   tt_025C_1v80 
  Interconnect mode:      global
  Area mode:              physical library
============================================================


Path 1: MET (1 ps) Path Delay Check
     Startpoint: (F) B[9]
       Endpoint: (R) S[21]

                   Capture    Launch  
      Path Delay:+    2106         -  
      Drv Adjust:+       0         0  
         Arrival:=    2106            
                                      
   Required Time:=    2106            
       Data Path:-    2105            
           Slack:=       1            

Exceptions/Constraints:
  max_delay             2106            constraints.sdc_line_1 

#-------------------------------------------------------------------------------------------------------------------------------------
#                Timing Point                 Flags    Arc   Edge           Cell             Fanout Load Trans Delay Arrival Instance 
#                                                                                                   (fF)  (ps)  (ps)   (ps)  Location 
#-------------------------------------------------------------------------------------------------------------------------------------
  B[9]                                        -       -      F     (arrival)                      1  3.3  1000     0       0    (-,-) 
  g23/X                                       -       A->X   F     sky130_fd_sc_hd__clkbuf_1      3  7.7    72   338     338    (-,-) 
  GENERATE_PROPAGATE[9].PROPAGATE/g2__6417/Y  -       B->Y   R     sky130_fd_sc_hd__nand2b_1      1  5.9    80    98     436    (-,-) 
  GENERATE_PROPAGATE[9].PROPAGATE/g21__7410/Y -       B->Y   F     sky130_fd_sc_hd__nand2_2       3 10.0    55    74     509    (-,-) 
  LEVEL_1[9].B1/PROPAGATE/g11__1705/X         -       B->X   F     sky130_fd_sc_hd__and2_4        3  9.3    37   165     674    (-,-) 
  LEVEL_2[11].B2/PROPAGATE/g11__6161/X        -       B->X   F     sky130_fd_sc_hd__and2_4        3  9.2    37   157     831    (-,-) 
  LEVEL_3[11].B4/PROPAGATE/g2__7410/X         -       B->X   F     sky130_fd_sc_hd__and2_4        3  7.6    35   154     985    (-,-) 
  LEVEL_4[19].B8/PROPAGATE/g11__8428/X        -       B->X   F     sky130_fd_sc_hd__and2_1        2  5.6    48   159    1144    (-,-) 
  LEVEL_5[19].B9/GENERATE/g13__6161/X         -       A1->X  F     sky130_fd_sc_hd__a21o_1        2  6.4    50   168    1312    (-,-) 
  LEVEL_6[20].B10/GENERATE/g13__6417/X        -       A1->X  F     sky130_fd_sc_hd__a21o_1        1  3.5    38   156    1468    (-,-) 
  C20/g13__8428/X                             -       B1->X  F     sky130_fd_sc_hd__a21o_1        1  4.6    42   155    1623    (-,-) 
  S21/g12__4319/SUM                           -       B->SUM R     sky130_fd_sc_hd__ha_2          1 51.3   260   482    2105    (-,-) 
  S[21]                                       <<<     -      R     (port)                         -    -     -     0    2105    (-,-) 
#-------------------------------------------------------------------------------------------------------------------------------------

