============================================================
  Generated by:           Genus(TM) Synthesis Solution 23.12-s086_1
  Generated on:           Apr 11 2025  02:44:46 pm
  Module:                 kogge_stone_32bits
  Operating conditions:   tt_025C_1v80 
  Interconnect mode:      global
  Area mode:              physical library
============================================================

Timing
-------
  Cost    Critical            Violating 
 Group   Path Slack    TNS      Paths   
----------------------------------------
default       -44.8   -598.9         16 
----------------------------------------
Total                 -598.9         16 

Instance Count
--------------
Leaf Instance Count             984 
Physical Instance count           0 
Sequential Instance Count         0 
Combinational Instance Count    984 
Hierarchical Instance Count     515 

Area
----
Cell Area                          6795.267
Physical Cell Area                 0.000
Total Cell Area (Cell+Physical)    6795.267
Net Area                           4598.348
Total Area (Cell+Physical+Net)     11393.615

Max Fanout                         11 (n_107)
Min Fanout                         1 (C[0])
Average Fanout                     1.6
Terms to net ratio                 2.5100
Terms to instance ratio            2.6758
Runtime                            29.777532 seconds
Elapsed Runtime                    30 seconds
Genus peak memory usage            1906.36 
Innovus peak memory usage          no_value 
Hostname                           cadmicro-inf-el8-623207
