============================================================
  Generated by:           Genus(TM) Synthesis Solution 23.12-s086_1
  Generated on:           Apr 11 2025  02:44:46 pm
  Module:                 kogge_stone_32bits
  Operating conditions:   tt_025C_1v80 
  Interconnect mode:      global
  Area mode:              physical library
============================================================

             Instance                    Module       Cell-Count  Cell-Area  Net-Area   Total-Area 
---------------------------------------------------------------------------------------------------
kogge_stone_32bits                 NA                        984   6795.267  4598.348    11393.615 
  B10                              bolinha_674                 4     21.270     6.787       28.058 
    GENERATE                       generate_ij_864             3     13.763     6.787       20.551 
    PROPAGATE                      propagate_ij_1023           1      7.507     0.000        7.507 
  B11                              bolinha_673                 4     22.522     6.787       29.309 
    GENERATE                       generate_ij_863             3     13.763     6.787       20.551 
    PROPAGATE                      propagate_ij_1022           1      8.758     0.000        8.758 
  B12                              bolinha_672                 4     22.522     6.787       29.309 
    GENERATE                       generate_ij_862             3     13.763     6.787       20.551 
    PROPAGATE                      propagate_ij_1021           1      8.758     0.000        8.758 
  B13                              bolinha_671                 4     22.522     6.787       29.309 
    GENERATE                       generate_ij_861             3     13.763     6.787       20.551 
    PROPAGATE                      propagate_ij_1020           1      8.758     0.000        8.758 
  B14                              bolinha_670                 4     22.522     6.787       29.309 
    GENERATE                       generate_ij_860             3     13.763     6.787       20.551 
    PROPAGATE                      propagate_ij_1019           1      8.758     0.000        8.758 
  B16                              bolinha_652                 3     28.778     3.394       32.171 
    GENERATE                       generate_ij_842             2     20.019     3.394       23.413 
    PROPAGATE                      propagate_ij_1001           1      8.758     0.000        8.758 
  B2                               bolinha_734                 4     22.522     6.787       29.309 
    GENERATE                       generate_ij_924             3     13.763     6.787       20.551 
    PROPAGATE                      propagate_ij_1083           1      8.758     0.000        8.758 
  B4                               bolinha_704                 4     21.270     6.787       28.058 
    GENERATE                       generate_ij_894             3     13.763     6.787       20.551 
    PROPAGATE                      propagate_ij_1053           1      7.507     0.000        7.507 
  B5                               bolinha_703                 4     22.522     6.787       29.309 
    GENERATE                       generate_ij_893             3     13.763     6.787       20.551 
    PROPAGATE                      propagate_ij_1052           1      8.758     0.000        8.758 
  B6                               bolinha_702                 4     25.024     6.787       31.811 
    GENERATE                       generate_ij_892             3     16.266     6.787       23.053 
    PROPAGATE                      propagate_ij_1051           1      8.758     0.000        8.758 
  B8                               bolinha_676                 4     22.522     6.787       29.309 
    GENERATE                       generate_ij_866             3     13.763     6.787       20.551 
    PROPAGATE                      propagate_ij_1025           1      8.758     0.000        8.758 
  B9                               bolinha_675                 4     22.522     6.787       29.309 
    GENERATE                       generate_ij_865             3     13.763     6.787       20.551 
    PROPAGATE                      propagate_ij_1024           1      8.758     0.000        8.758 
  C0                               carry                       1      7.507     0.000        7.507 
  C1                               carry_795                   1      7.507     0.000        7.507 
  C10                              carry_786                   3     11.261     6.787       18.048 
  C11                              carry_785                   1      7.507     0.000        7.507 
  C12                              carry_784                   3     11.261     6.787       18.048 
  C13                              carry_783                   2     10.010     3.394       13.403 
  C14                              carry_782                   2     10.010     3.394       13.403 
  C15                              carry_781                   3     13.763     6.787       20.551 
  C16                              carry_780                   3     26.275     6.787       33.063 
  C17                              carry_779                   3     23.773     6.787       30.560 
  C18                              carry_778                   3     21.270     6.787       28.058 
  C19                              carry_777                   3     21.270     6.787       28.058 
  C2                               carry_794                   1      7.507     0.000        7.507 
  C20                              carry_776                   3     26.275     6.787       33.063 
  C21                              carry_775                   3     26.275     6.787       33.063 
  C22                              carry_774                   3     13.763     6.787       20.551 
  C23                              carry_773                   3     26.275     6.787       33.063 
  C24                              carry_772                   3     21.270     6.787       28.058 
  C25                              carry_771                   3     21.270     6.787       28.058 
  C26                              carry_770                   3     21.270     6.787       28.058 
  C27                              carry_769                   3     21.270     6.787       28.058 
  C28                              carry_768                   3     26.275     6.787       33.063 
  C29                              carry_767                   3     26.275     6.787       33.063 
  C3                               carry_793                   1      7.507     0.000        7.507 
  C30                              carry_766                   3     21.270     6.787       28.058 
  C31                              carry_765                   1     15.014     0.000       15.014 
  C4                               carry_792                   1      7.507     0.000        7.507 
  C5                               carry_791                   1      7.507     0.000        7.507 
  C6                               carry_790                   1      7.507     0.000        7.507 
  C7                               carry_789                   1      7.507     0.000        7.507 
  C8                               carry_788                   3     11.261     6.787       18.048 
  C9                               carry_787                   3     11.261     6.787       18.048 
  GENERATE_PROPAGATE[0].GENERATE   generate_i                  3     18.768     6.787       25.555 
  GENERATE_PROPAGATE[0].PROPAGATE  propagate_i                 5     21.270    13.575       34.845 
  GENERATE_PROPAGATE[10].GENERATE  generate_i_817              3     11.261     6.787       18.048 
  GENERATE_PROPAGATE[10].PROPAGATE propagate_i_976             5     51.299    13.575       64.874 
  GENERATE_PROPAGATE[11].GENERATE  generate_i_816              3     11.261     6.787       18.048 
  GENERATE_PROPAGATE[11].PROPAGATE propagate_i_975             5     47.546    13.575       61.121 
  GENERATE_PROPAGATE[12].GENERATE  generate_i_815              3     11.261     6.787       18.048 
  GENERATE_PROPAGATE[12].PROPAGATE propagate_i_974             5     47.546    13.575       61.121 
  GENERATE_PROPAGATE[13].GENERATE  generate_i_814              3     11.261     6.787       18.048 
  GENERATE_PROPAGATE[13].PROPAGATE propagate_i_973             5     56.304    13.575       69.879 
  GENERATE_PROPAGATE[14].GENERATE  generate_i_813              3     11.261     6.787       18.048 
  GENERATE_PROPAGATE[14].PROPAGATE propagate_i_972             5     56.304    13.575       69.879 
  GENERATE_PROPAGATE[15].GENERATE  generate_i_812              1      6.256     0.000        6.256 
  GENERATE_PROPAGATE[15].PROPAGATE propagate_i_971             5     56.304    13.575       69.879 
  GENERATE_PROPAGATE[16].GENERATE  generate_i_811              3     13.763     6.787       20.551 
  GENERATE_PROPAGATE[16].PROPAGATE propagate_i_970             5     56.304    13.575       69.879 
  GENERATE_PROPAGATE[17].GENERATE  generate_i_810              1      6.256     0.000        6.256 
  GENERATE_PROPAGATE[17].PROPAGATE propagate_i_969             5     56.304    13.575       69.879 
  GENERATE_PROPAGATE[18].GENERATE  generate_i_809              3     11.261     6.787       18.048 
  GENERATE_PROPAGATE[18].PROPAGATE propagate_i_968             5     47.546    13.575       61.121 
  GENERATE_PROPAGATE[19].GENERATE  generate_i_808              3     11.261     6.787       18.048 
  GENERATE_PROPAGATE[19].PROPAGATE propagate_i_967             5     47.546    13.575       61.121 
  GENERATE_PROPAGATE[1].GENERATE   generate_i_826              3     11.261     6.787       18.048 
  GENERATE_PROPAGATE[1].PROPAGATE  propagate_i_985             5     47.546    13.575       61.121 
  GENERATE_PROPAGATE[20].GENERATE  generate_i_807              3     11.261     6.787       18.048 
  GENERATE_PROPAGATE[20].PROPAGATE propagate_i_966             5     47.546    13.575       61.121 
  GENERATE_PROPAGATE[21].GENERATE  generate_i_806              3     11.261     6.787       18.048 
  GENERATE_PROPAGATE[21].PROPAGATE propagate_i_965             5     21.270    13.575       34.845 
  GENERATE_PROPAGATE[22].GENERATE  generate_i_805              3     11.261     6.787       18.048 
  GENERATE_PROPAGATE[22].PROPAGATE propagate_i_964             5     21.270    13.575       34.845 
  GENERATE_PROPAGATE[23].GENERATE  generate_i_804              3     11.261     6.787       18.048 
  GENERATE_PROPAGATE[23].PROPAGATE propagate_i_963             5     21.270    13.575       34.845 
  GENERATE_PROPAGATE[24].GENERATE  generate_i_803              3     11.261     6.787       18.048 
  GENERATE_PROPAGATE[24].PROPAGATE propagate_i_962             5     23.773    13.575       37.348 
  GENERATE_PROPAGATE[25].GENERATE  generate_i_802              3     11.261     6.787       18.048 
  GENERATE_PROPAGATE[25].PROPAGATE propagate_i_961             5     21.270    13.575       34.845 
  GENERATE_PROPAGATE[26].GENERATE  generate_i_801              3     11.261     6.787       18.048 
  GENERATE_PROPAGATE[26].PROPAGATE propagate_i_960             5     21.270    13.575       34.845 
  GENERATE_PROPAGATE[27].GENERATE  generate_i_800              3     11.261     6.787       18.048 
  GENERATE_PROPAGATE[27].PROPAGATE propagate_i_959             5     26.275    13.575       39.850 
  GENERATE_PROPAGATE[28].GENERATE  generate_i_799              3     11.261     6.787       18.048 
  GENERATE_PROPAGATE[28].PROPAGATE propagate_i_958             5     31.280    13.575       44.855 
  GENERATE_PROPAGATE[29].GENERATE  generate_i_798              1      8.758     0.000        8.758 
  GENERATE_PROPAGATE[29].PROPAGATE propagate_i_957             5     21.270    13.575       34.845 
  GENERATE_PROPAGATE[2].GENERATE   generate_i_825              3     11.261     6.787       18.048 
  GENERATE_PROPAGATE[2].PROPAGATE  propagate_i_984             5     46.294    13.575       59.869 
  GENERATE_PROPAGATE[30].GENERATE  generate_i_797              1      6.256     0.000        6.256 
  GENERATE_PROPAGATE[30].PROPAGATE propagate_i_956             5     26.275    13.575       39.850 
  GENERATE_PROPAGATE[31].GENERATE  generate_i_796              1      6.256     0.000        6.256 
  GENERATE_PROPAGATE[31].PROPAGATE propagate_i_955             3     16.266     6.787       23.053 
  GENERATE_PROPAGATE[3].GENERATE   generate_i_824              1      6.256     0.000        6.256 
  GENERATE_PROPAGATE[3].PROPAGATE  propagate_i_983             5     47.546    13.575       61.121 
  GENERATE_PROPAGATE[4].GENERATE   generate_i_823              3     11.261     6.787       18.048 
  GENERATE_PROPAGATE[4].PROPAGATE  propagate_i_982             5     56.304    13.575       69.879 
  GENERATE_PROPAGATE[5].GENERATE   generate_i_822              3     11.261     6.787       18.048 
  GENERATE_PROPAGATE[5].PROPAGATE  propagate_i_981             5     51.299    13.575       64.874 
  GENERATE_PROPAGATE[6].GENERATE   generate_i_821              3     11.261     6.787       18.048 
  GENERATE_PROPAGATE[6].PROPAGATE  propagate_i_980             5     56.304    13.575       69.879 
  GENERATE_PROPAGATE[7].GENERATE   generate_i_820              3     11.261     6.787       18.048 
  GENERATE_PROPAGATE[7].PROPAGATE  propagate_i_979             5     47.546    13.575       61.121 
  GENERATE_PROPAGATE[8].GENERATE   generate_i_819              3     11.261     6.787       18.048 
  GENERATE_PROPAGATE[8].PROPAGATE  propagate_i_978             5     47.546    13.575       61.121 
  GENERATE_PROPAGATE[9].GENERATE   generate_i_818              1      6.256     0.000        6.256 
  GENERATE_PROPAGATE[9].PROPAGATE  propagate_i_977             5     47.546    13.575       61.121 
  LEVEL_1[10].B1                   bolinha_756                 4     20.019     6.787       26.807 
    GENERATE                       generate_ij_946             2     12.512     3.394       15.906 
    PROPAGATE                      propagate_ij_1105           2      7.507     3.394       10.901 
  LEVEL_1[11].B1                   bolinha_755                 3     17.517     3.394       20.911 
    GENERATE                       generate_ij_945             1      7.507     0.000        7.507 
    PROPAGATE                      propagate_ij_1104           2     10.010     3.394       13.403 
  LEVEL_1[12].B1                   bolinha_754                 3     18.768     3.394       22.162 
    GENERATE                       generate_ij_944             1      8.758     0.000        8.758 
    PROPAGATE                      propagate_ij_1103           2     10.010     3.394       13.403 
  LEVEL_1[13].B1                   bolinha_753                 4     23.773     6.787       30.560 
    GENERATE                       generate_ij_943             2     12.512     3.394       15.906 
    PROPAGATE                      propagate_ij_1102           2     11.261     3.394       14.655 
  LEVEL_1[14].B1                   bolinha_752                 4     32.531     6.787       39.319 
    GENERATE                       generate_ij_942             2     15.014     3.394       18.408 
    PROPAGATE                      propagate_ij_1101           2     17.517     3.394       20.911 
  LEVEL_1[15].B1                   bolinha_751                 4     30.029     6.787       36.816 
    GENERATE                       generate_ij_941             2     12.512     3.394       15.906 
    PROPAGATE                      propagate_ij_1100           2     17.517     3.394       20.911 
  LEVEL_1[16].B1                   bolinha_750                 4     30.029     6.787       36.816 
    GENERATE                       generate_ij_940             2     12.512     3.394       15.906 
    PROPAGATE                      propagate_ij_1099           2     17.517     3.394       20.911 
  LEVEL_1[17].B1                   bolinha_749                 4     30.029     6.787       36.816 
    GENERATE                       generate_ij_939             2     12.512     3.394       15.906 
    PROPAGATE                      propagate_ij_1098           2     17.517     3.394       20.911 
  LEVEL_1[18].B1                   bolinha_748                 5     28.778    10.181       38.959 
    GENERATE                       generate_ij_938             3     11.261     6.787       18.048 
    PROPAGATE                      propagate_ij_1097           2     17.517     3.394       20.911 
  LEVEL_1[19].B1                   bolinha_747                 3     18.768     3.394       22.162 
    GENERATE                       generate_ij_937             1      7.507     0.000        7.507 
    PROPAGATE                      propagate_ij_1096           2     11.261     3.394       14.655 
  LEVEL_1[1].B1                    bolinha                     2     23.773     0.000       23.773 
    GENERATE                       generate_ij                 1     15.014     0.000       15.014 
    PROPAGATE                      propagate_ij                1      8.758     0.000        8.758 
  LEVEL_1[20].B1                   bolinha_746                 3     25.024     3.394       28.418 
    GENERATE                       generate_ij_936             1      7.507     0.000        7.507 
    PROPAGATE                      propagate_ij_1095           2     17.517     3.394       20.911 
  LEVEL_1[21].B1                   bolinha_745                 3     17.517     3.394       20.911 
    GENERATE                       generate_ij_935             1      7.507     0.000        7.507 
    PROPAGATE                      propagate_ij_1094           2     10.010     3.394       13.403 
  LEVEL_1[22].B1                   bolinha_744                 3     15.014     3.394       18.408 
    GENERATE                       generate_ij_934             1      7.507     0.000        7.507 
    PROPAGATE                      propagate_ij_1093           2      7.507     3.394       10.901 
  LEVEL_1[23].B1                   bolinha_743                 2     16.266     0.000       16.266 
    GENERATE                       generate_ij_933             1      7.507     0.000        7.507 
    PROPAGATE                      propagate_ij_1092           1      8.758     0.000        8.758 
  LEVEL_1[24].B1                   bolinha_742                 3     15.014     3.394       18.408 
    GENERATE                       generate_ij_932             1      7.507     0.000        7.507 
    PROPAGATE                      propagate_ij_1091           2      7.507     3.394       10.901 
  LEVEL_1[25].B1                   bolinha_741                 3     15.014     3.394       18.408 
    GENERATE                       generate_ij_931             1      7.507     0.000        7.507 
    PROPAGATE                      propagate_ij_1090           2      7.507     3.394       10.901 
  LEVEL_1[26].B1                   bolinha_740                 3     15.014     3.394       18.408 
    GENERATE                       generate_ij_930             1      7.507     0.000        7.507 
    PROPAGATE                      propagate_ij_1089           2      7.507     3.394       10.901 
  LEVEL_1[27].B1                   bolinha_739                 3     15.014     3.394       18.408 
    GENERATE                       generate_ij_929             1      7.507     0.000        7.507 
    PROPAGATE                      propagate_ij_1088           2      7.507     3.394       10.901 
  LEVEL_1[28].B1                   bolinha_738                 3     15.014     3.394       18.408 
    GENERATE                       generate_ij_928             1      7.507     0.000        7.507 
    PROPAGATE                      propagate_ij_1087           2      7.507     3.394       10.901 
  LEVEL_1[29].B1                   bolinha_737                 2     16.266     0.000       16.266 
    GENERATE                       generate_ij_927             1      7.507     0.000        7.507 
    PROPAGATE                      propagate_ij_1086           1      8.758     0.000        8.758 
  LEVEL_1[2].B1                    bolinha_764                 4     22.522     6.787       29.309 
    GENERATE                       generate_ij_954             2     12.512     3.394       15.906 
    PROPAGATE                      propagate_ij_1113           2     10.010     3.394       13.403 
  LEVEL_1[30].B1                   bolinha_736                 2     16.266     0.000       16.266 
    GENERATE                       generate_ij_926             1      7.507     0.000        7.507 
    PROPAGATE                      propagate_ij_1085           1      8.758     0.000        8.758 
  LEVEL_1[31].B1                   bolinha_735                 2     13.763     0.000       13.763 
    GENERATE                       generate_ij_925             1      7.507     0.000        7.507 
    PROPAGATE                      propagate_ij_1084           1      6.256     0.000        6.256 
  LEVEL_1[3].B1                    bolinha_763                 2     16.266     0.000       16.266 
    GENERATE                       generate_ij_953             1      7.507     0.000        7.507 
    PROPAGATE                      propagate_ij_1112           1      8.758     0.000        8.758 
  LEVEL_1[4].B1                    bolinha_762                 4     25.024     6.787       31.811 
    GENERATE                       generate_ij_952             2     15.014     3.394       18.408 
    PROPAGATE                      propagate_ij_1111           2     10.010     3.394       13.403 
  LEVEL_1[5].B1                    bolinha_761                 4     30.029     6.787       36.816 
    GENERATE                       generate_ij_951             2     12.512     3.394       15.906 
    PROPAGATE                      propagate_ij_1110           2     17.517     3.394       20.911 
  LEVEL_1[6].B1                    bolinha_760                 4     32.531     6.787       39.319 
    GENERATE                       generate_ij_950             2     15.014     3.394       18.408 
    PROPAGATE                      propagate_ij_1109           2     17.517     3.394       20.911 
  LEVEL_1[7].B1                    bolinha_759                 4     22.522     6.787       29.309 
    GENERATE                       generate_ij_949             2     10.010     3.394       13.403 
    PROPAGATE                      propagate_ij_1108           2     12.512     3.394       15.906 
  LEVEL_1[8].B1                    bolinha_758                 4     25.024     6.787       31.811 
    GENERATE                       generate_ij_948             2     12.512     3.394       15.906 
    PROPAGATE                      propagate_ij_1107           2     12.512     3.394       15.906 
  LEVEL_1[9].B1                    bolinha_757                 3     18.768     3.394       22.162 
    GENERATE                       generate_ij_947             1      7.507     0.000        7.507 
    PROPAGATE                      propagate_ij_1106           2     11.261     3.394       14.655 
  LEVEL_2[10].B3                   bolinha_726                 5     21.270    10.181       31.452 
    GENERATE                       generate_ij_916             3     11.261     6.787       18.048 
    PROPAGATE                      propagate_ij_1075           2     10.010     3.394       13.403 
  LEVEL_2[11].B3                   bolinha_725                 5     18.768    10.181       28.949 
    GENERATE                       generate_ij_915             3     11.261     6.787       18.048 
    PROPAGATE                      propagate_ij_1074           2      7.507     3.394       10.901 
  LEVEL_2[12].B3                   bolinha_724                 5     22.522    10.181       32.703 
    GENERATE                       generate_ij_914             3     15.014     6.787       21.802 
    PROPAGATE                      propagate_ij_1073           2      7.507     3.394       10.901 
  LEVEL_2[13].B3                   bolinha_723                 5     21.270    10.181       31.452 
    GENERATE                       generate_ij_913             3     13.763     6.787       20.551 
    PROPAGATE                      propagate_ij_1072           2      7.507     3.394       10.901 
  LEVEL_2[14].B3                   bolinha_722                 5     21.270    10.181       31.452 
    GENERATE                       generate_ij_912             3     13.763     6.787       20.551 
    PROPAGATE                      propagate_ij_1071           2      7.507     3.394       10.901 
  LEVEL_2[15].B3                   bolinha_721                 5     21.270    10.181       31.452 
    GENERATE                       generate_ij_911             3     13.763     6.787       20.551 
    PROPAGATE                      propagate_ij_1070           2      7.507     3.394       10.901 
  LEVEL_2[16].B3                   bolinha_720                 3     26.275     3.394       29.669 
    GENERATE                       generate_ij_910             2     17.517     3.394       20.911 
    PROPAGATE                      propagate_ij_1069           1      8.758     0.000        8.758 
  LEVEL_2[17].B3                   bolinha_719                 3     28.778     3.394       32.171 
    GENERATE                       generate_ij_909             2     20.019     3.394       23.413 
    PROPAGATE                      propagate_ij_1068           1      8.758     0.000        8.758 
  LEVEL_2[18].B3                   bolinha_718                 3     21.270     3.394       24.664 
    GENERATE                       generate_ij_908             2     12.512     3.394       15.906 
    PROPAGATE                      propagate_ij_1067           1      8.758     0.000        8.758 
  LEVEL_2[19].B3                   bolinha_717                 3     28.778     3.394       32.171 
    GENERATE                       generate_ij_907             2     20.019     3.394       23.413 
    PROPAGATE                      propagate_ij_1066           1      8.758     0.000        8.758 
  LEVEL_2[20].B3                   bolinha_716                 4     20.019     6.787       26.807 
    GENERATE                       generate_ij_906             3     11.261     6.787       18.048 
    PROPAGATE                      propagate_ij_1065           1      8.758     0.000        8.758 
  LEVEL_2[21].B3                   bolinha_715                 4     20.019     6.787       26.807 
    GENERATE                       generate_ij_905             3     11.261     6.787       18.048 
    PROPAGATE                      propagate_ij_1064           1      8.758     0.000        8.758 
  LEVEL_2[22].B3                   bolinha_714                 4     20.019     6.787       26.807 
    GENERATE                       generate_ij_904             3     11.261     6.787       18.048 
    PROPAGATE                      propagate_ij_1063           1      8.758     0.000        8.758 
  LEVEL_2[23].B3                   bolinha_713                 3     18.768     3.394       22.162 
    GENERATE                       generate_ij_903             2     10.010     3.394       13.403 
    PROPAGATE                      propagate_ij_1062           1      8.758     0.000        8.758 
  LEVEL_2[24].B3                   bolinha_712                 4     17.517     6.787       24.304 
    GENERATE                       generate_ij_902             2     10.010     3.394       13.403 
    PROPAGATE                      propagate_ij_1061           2      7.507     3.394       10.901 
  LEVEL_2[25].B3                   bolinha_711                 4     17.517     6.787       24.304 
    GENERATE                       generate_ij_901             2     10.010     3.394       13.403 
    PROPAGATE                      propagate_ij_1060           2      7.507     3.394       10.901 
  LEVEL_2[26].B3                   bolinha_710                 3     18.768     3.394       22.162 
    GENERATE                       generate_ij_900             2     10.010     3.394       13.403 
    PROPAGATE                      propagate_ij_1059           1      8.758     0.000        8.758 
  LEVEL_2[27].B3                   bolinha_709                 3     18.768     3.394       22.162 
    GENERATE                       generate_ij_899             2     10.010     3.394       13.403 
    PROPAGATE                      propagate_ij_1058           1      8.758     0.000        8.758 
  LEVEL_2[28].B3                   bolinha_708                 3     16.266     3.394       19.659 
    GENERATE                       generate_ij_898             2     10.010     3.394       13.403 
    PROPAGATE                      propagate_ij_1057           1      6.256     0.000        6.256 
  LEVEL_2[29].B3                   bolinha_707                 3     18.768     3.394       22.162 
    GENERATE                       generate_ij_897             2     10.010     3.394       13.403 
    PROPAGATE                      propagate_ij_1056           1      8.758     0.000        8.758 
  LEVEL_2[30].B3                   bolinha_706                 3     17.517     3.394       20.911 
    GENERATE                       generate_ij_896             1      7.507     0.000        7.507 
    PROPAGATE                      propagate_ij_1055           2     10.010     3.394       13.403 
  LEVEL_2[31].B3                   bolinha_705                 2     16.266     0.000       16.266 
    GENERATE                       generate_ij_895             1      7.507     0.000        7.507 
    PROPAGATE                      propagate_ij_1054           1      8.758     0.000        8.758 
  LEVEL_2[3].B3                    bolinha_733                 4     30.029     6.787       36.816 
    GENERATE                       generate_ij_923             3     21.270     6.787       28.058 
    PROPAGATE                      propagate_ij_1082           1      8.758     0.000        8.758 
  LEVEL_2[4].B3                    bolinha_732                 5     21.270    10.181       31.452 
    GENERATE                       generate_ij_922             3     13.763     6.787       20.551 
    PROPAGATE                      propagate_ij_1081           2      7.507     3.394       10.901 
  LEVEL_2[5].B3                    bolinha_731                 5     23.773    10.181       33.954 
    GENERATE                       generate_ij_921             3     13.763     6.787       20.551 
    PROPAGATE                      propagate_ij_1080           2     10.010     3.394       13.403 
  LEVEL_2[6].B3                    bolinha_730                 5     23.773    10.181       33.954 
    GENERATE                       generate_ij_920             3     13.763     6.787       20.551 
    PROPAGATE                      propagate_ij_1079           2     10.010     3.394       13.403 
  LEVEL_2[7].B3                    bolinha_729                 4     21.270     6.787       28.058 
    GENERATE                       generate_ij_919             2     10.010     3.394       13.403 
    PROPAGATE                      propagate_ij_1078           2     11.261     3.394       14.655 
  LEVEL_2[8].B3                    bolinha_728                 5     21.270    10.181       31.452 
    GENERATE                       generate_ij_918             3     11.261     6.787       18.048 
    PROPAGATE                      propagate_ij_1077           2     10.010     3.394       13.403 
  LEVEL_2[9].B3                    bolinha_727                 5     23.773    10.181       33.954 
    GENERATE                       generate_ij_917             3     13.763     6.787       20.551 
    PROPAGATE                      propagate_ij_1076           2     10.010     3.394       13.403 
  LEVEL_3[10].B7                   bolinha_698                 3     18.768     3.394       22.162 
    GENERATE                       generate_ij_888             2     10.010     3.394       13.403 
    PROPAGATE                      propagate_ij_1047           1      8.758     0.000        8.758 
  LEVEL_3[11].B7                   bolinha_697                 4     20.019     6.787       26.807 
    GENERATE                       generate_ij_887             3     11.261     6.787       18.048 
    PROPAGATE                      propagate_ij_1046           1      8.758     0.000        8.758 
  LEVEL_3[12].B7                   bolinha_696                 3     26.275     3.394       29.669 
    GENERATE                       generate_ij_886             2     17.517     3.394       20.911 
    PROPAGATE                      propagate_ij_1045           1      8.758     0.000        8.758 
  LEVEL_3[13].B7                   bolinha_695                 3     28.778     3.394       32.171 
    GENERATE                       generate_ij_885             2     20.019     3.394       23.413 
    PROPAGATE                      propagate_ij_1044           1      8.758     0.000        8.758 
  LEVEL_3[14].B7                   bolinha_694                 4     22.522     6.787       29.309 
    GENERATE                       generate_ij_884             3     13.763     6.787       20.551 
    PROPAGATE                      propagate_ij_1043           1      8.758     0.000        8.758 
  LEVEL_3[15].B7                   bolinha_693                 3     18.768     3.394       22.162 
    GENERATE                       generate_ij_883             2     10.010     3.394       13.403 
    PROPAGATE                      propagate_ij_1042           1      8.758     0.000        8.758 
  LEVEL_3[16].B7                   bolinha_692                 3     26.275     3.394       29.669 
    GENERATE                       generate_ij_882             2     17.517     3.394       20.911 
    PROPAGATE                      propagate_ij_1041           1      8.758     0.000        8.758 
  LEVEL_3[17].B7                   bolinha_691                 4     22.522     6.787       29.309 
    GENERATE                       generate_ij_881             3     13.763     6.787       20.551 
    PROPAGATE                      propagate_ij_1040           1      8.758     0.000        8.758 
  LEVEL_3[18].B7                   bolinha_690                 4     22.522     6.787       29.309 
    GENERATE                       generate_ij_880             3     13.763     6.787       20.551 
    PROPAGATE                      propagate_ij_1039           1      8.758     0.000        8.758 
  LEVEL_3[19].B7                   bolinha_689                 3     26.275     3.394       29.669 
    GENERATE                       generate_ij_879             2     17.517     3.394       20.911 
    PROPAGATE                      propagate_ij_1038           1      8.758     0.000        8.758 
  LEVEL_3[20].B7                   bolinha_688                 4     20.019     6.787       26.807 
    GENERATE                       generate_ij_878             3     11.261     6.787       18.048 
    PROPAGATE                      propagate_ij_1037           1      8.758     0.000        8.758 
  LEVEL_3[21].B7                   bolinha_687                 3     28.778     3.394       32.171 
    GENERATE                       generate_ij_877             2     20.019     3.394       23.413 
    PROPAGATE                      propagate_ij_1036           1      8.758     0.000        8.758 
  LEVEL_3[22].B7                   bolinha_686                 3     28.778     3.394       32.171 
    GENERATE                       generate_ij_876             2     20.019     3.394       23.413 
    PROPAGATE                      propagate_ij_1035           1      8.758     0.000        8.758 
  LEVEL_3[23].B7                   bolinha_685                 3     21.270     3.394       24.664 
    GENERATE                       generate_ij_875             2     12.512     3.394       15.906 
    PROPAGATE                      propagate_ij_1034           1      8.758     0.000        8.758 
  LEVEL_3[24].B7                   bolinha_684                 2     16.266     0.000       16.266 
    GENERATE                       generate_ij_874             1      7.507     0.000        7.507 
    PROPAGATE                      propagate_ij_1033           1      8.758     0.000        8.758 
  LEVEL_3[25].B7                   bolinha_683                 2     16.266     0.000       16.266 
    GENERATE                       generate_ij_873             1      7.507     0.000        7.507 
    PROPAGATE                      propagate_ij_1032           1      8.758     0.000        8.758 
  LEVEL_3[26].B7                   bolinha_682                 2     13.763     0.000       13.763 
    GENERATE                       generate_ij_872             1      7.507     0.000        7.507 
    PROPAGATE                      propagate_ij_1031           1      6.256     0.000        6.256 
  LEVEL_3[27].B7                   bolinha_681                 2     16.266     0.000       16.266 
    GENERATE                       generate_ij_871             1      7.507     0.000        7.507 
    PROPAGATE                      propagate_ij_1030           1      8.758     0.000        8.758 
  LEVEL_3[28].B7                   bolinha_680                 3     18.768     3.394       22.162 
    GENERATE                       generate_ij_870             2     10.010     3.394       13.403 
    PROPAGATE                      propagate_ij_1029           1      8.758     0.000        8.758 
  LEVEL_3[29].B7                   bolinha_679                 2     16.266     0.000       16.266 
    GENERATE                       generate_ij_869             1      7.507     0.000        7.507 
    PROPAGATE                      propagate_ij_1028           1      8.758     0.000        8.758 
  LEVEL_3[30].B7                   bolinha_678                 2     13.763     0.000       13.763 
    GENERATE                       generate_ij_868             1      7.507     0.000        7.507 
    PROPAGATE                      propagate_ij_1027           1      6.256     0.000        6.256 
  LEVEL_3[31].B7                   bolinha_677                 2     13.763     0.000       13.763 
    GENERATE                       generate_ij_867             1      7.507     0.000        7.507 
    PROPAGATE                      propagate_ij_1026           1      6.256     0.000        6.256 
  LEVEL_3[7].B7                    bolinha_701                 3     21.270     3.394       24.664 
    GENERATE                       generate_ij_891             2     12.512     3.394       15.906 
    PROPAGATE                      propagate_ij_1050           1      8.758     0.000        8.758 
  LEVEL_3[8].B7                    bolinha_700                 3     18.768     3.394       22.162 
    GENERATE                       generate_ij_890             2     10.010     3.394       13.403 
    PROPAGATE                      propagate_ij_1049           1      8.758     0.000        8.758 
  LEVEL_3[9].B7                    bolinha_699                 4     22.522     6.787       29.309 
    GENERATE                       generate_ij_889             3     13.763     6.787       20.551 
    PROPAGATE                      propagate_ij_1048           1      8.758     0.000        8.758 
  LEVEL_4[15].B15                  bolinha_669                 3     18.768     3.394       22.162 
    GENERATE                       generate_ij_859             2     10.010     3.394       13.403 
    PROPAGATE                      propagate_ij_1018           1      8.758     0.000        8.758 
  LEVEL_4[16].B15                  bolinha_668                 4     20.019     6.787       26.807 
    GENERATE                       generate_ij_858             3     11.261     6.787       18.048 
    PROPAGATE                      propagate_ij_1017           1      8.758     0.000        8.758 
  LEVEL_4[17].B15                  bolinha_667                 4     20.019     6.787       26.807 
    GENERATE                       generate_ij_857             3     11.261     6.787       18.048 
    PROPAGATE                      propagate_ij_1016           1      8.758     0.000        8.758 
  LEVEL_4[18].B15                  bolinha_666                 4     20.019     6.787       26.807 
    GENERATE                       generate_ij_856             3     11.261     6.787       18.048 
    PROPAGATE                      propagate_ij_1015           1      8.758     0.000        8.758 
  LEVEL_4[19].B15                  bolinha_665                 4     20.019     6.787       26.807 
    GENERATE                       generate_ij_855             3     11.261     6.787       18.048 
    PROPAGATE                      propagate_ij_1014           1      8.758     0.000        8.758 
  LEVEL_4[20].B15                  bolinha_664                 4     20.019     6.787       26.807 
    GENERATE                       generate_ij_854             3     11.261     6.787       18.048 
    PROPAGATE                      propagate_ij_1013           1      8.758     0.000        8.758 
  LEVEL_4[21].B15                  bolinha_663                 4     20.019     6.787       26.807 
    GENERATE                       generate_ij_853             3     11.261     6.787       18.048 
    PROPAGATE                      propagate_ij_1012           1      8.758     0.000        8.758 
  LEVEL_4[22].B15                  bolinha_662                 4     20.019     6.787       26.807 
    GENERATE                       generate_ij_852             3     11.261     6.787       18.048 
    PROPAGATE                      propagate_ij_1011           1      8.758     0.000        8.758 
  LEVEL_4[23].B15                  bolinha_661                 4     20.019     6.787       26.807 
    GENERATE                       generate_ij_851             3     11.261     6.787       18.048 
    PROPAGATE                      propagate_ij_1010           1      8.758     0.000        8.758 
  LEVEL_4[24].B15                  bolinha_660                 4     20.019     6.787       26.807 
    GENERATE                       generate_ij_850             3     11.261     6.787       18.048 
    PROPAGATE                      propagate_ij_1009           1      8.758     0.000        8.758 
  LEVEL_4[25].B15                  bolinha_659                 3     18.768     3.394       22.162 
    GENERATE                       generate_ij_849             2     10.010     3.394       13.403 
    PROPAGATE                      propagate_ij_1008           1      8.758     0.000        8.758 
  LEVEL_4[26].B15                  bolinha_658                 3     18.768     3.394       22.162 
    GENERATE                       generate_ij_848             2     10.010     3.394       13.403 
    PROPAGATE                      propagate_ij_1007           1      8.758     0.000        8.758 
  LEVEL_4[27].B15                  bolinha_657                 3     18.768     3.394       22.162 
    GENERATE                       generate_ij_847             2     10.010     3.394       13.403 
    PROPAGATE                      propagate_ij_1006           1      8.758     0.000        8.758 
  LEVEL_4[28].B15                  bolinha_656                 2     16.266     0.000       16.266 
    GENERATE                       generate_ij_846             1      7.507     0.000        7.507 
    PROPAGATE                      propagate_ij_1005           1      8.758     0.000        8.758 
  LEVEL_4[29].B15                  bolinha_655                 3     18.768     3.394       22.162 
    GENERATE                       generate_ij_845             2     10.010     3.394       13.403 
    PROPAGATE                      propagate_ij_1004           1      8.758     0.000        8.758 
  LEVEL_4[30].B15                  bolinha_654                 4     20.019     6.787       26.807 
    GENERATE                       generate_ij_844             3     11.261     6.787       18.048 
    PROPAGATE                      propagate_ij_1003           1      8.758     0.000        8.758 
  LEVEL_4[31].B15                  bolinha_653                 2     13.763     0.000       13.763 
    GENERATE                       generate_ij_843             1      7.507     0.000        7.507 
    PROPAGATE                      propagate_ij_1002           1      6.256     0.000        6.256 
  LEVEL_5[17].B17                  bolinha_651                 3     28.778     3.394       32.171 
    GENERATE                       generate_ij_841             2     20.019     3.394       23.413 
    PROPAGATE                      propagate_ij_1000           1      8.758     0.000        8.758 
  LEVEL_5[18].B17                  bolinha_650                 3     16.266     3.394       19.659 
    GENERATE                       generate_ij_840             2     10.010     3.394       13.403 
    PROPAGATE                      propagate_ij_999            1      6.256     0.000        6.256 
  LEVEL_5[19].B17                  bolinha_649                 3     16.266     3.394       19.659 
    GENERATE                       generate_ij_839             2     10.010     3.394       13.403 
    PROPAGATE                      propagate_ij_998            1      6.256     0.000        6.256 
  LEVEL_5[20].B17                  bolinha_648                 3     18.768     3.394       22.162 
    GENERATE                       generate_ij_838             2     10.010     3.394       13.403 
    PROPAGATE                      propagate_ij_997            1      8.758     0.000        8.758 
  LEVEL_5[21].B17                  bolinha_647                 3     18.768     3.394       22.162 
    GENERATE                       generate_ij_837             2     10.010     3.394       13.403 
    PROPAGATE                      propagate_ij_996            1      8.758     0.000        8.758 
  LEVEL_5[22].B17                  bolinha_646                 3     16.266     3.394       19.659 
    GENERATE                       generate_ij_836             2     10.010     3.394       13.403 
    PROPAGATE                      propagate_ij_995            1      6.256     0.000        6.256 
  LEVEL_5[23].B17                  bolinha_645                 4     20.019     6.787       26.807 
    GENERATE                       generate_ij_835             3     11.261     6.787       18.048 
    PROPAGATE                      propagate_ij_994            1      8.758     0.000        8.758 
  LEVEL_5[24].B17                  bolinha_644                 4     20.019     6.787       26.807 
    GENERATE                       generate_ij_834             3     11.261     6.787       18.048 
    PROPAGATE                      propagate_ij_993            1      8.758     0.000        8.758 
  LEVEL_5[25].B17                  bolinha_643                 4     22.522     6.787       29.309 
    GENERATE                       generate_ij_833             3     13.763     6.787       20.551 
    PROPAGATE                      propagate_ij_992            1      8.758     0.000        8.758 
  LEVEL_5[26].B17                  bolinha_642                 4     22.522     6.787       29.309 
    GENERATE                       generate_ij_832             3     13.763     6.787       20.551 
    PROPAGATE                      propagate_ij_991            1      8.758     0.000        8.758 
  LEVEL_5[27].B17                  bolinha_641                 4     22.522     6.787       29.309 
    GENERATE                       generate_ij_831             3     13.763     6.787       20.551 
    PROPAGATE                      propagate_ij_990            1      8.758     0.000        8.758 
  LEVEL_5[28].B17                  bolinha_640                 4     20.019     6.787       26.807 
    GENERATE                       generate_ij_830             3     11.261     6.787       18.048 
    PROPAGATE                      propagate_ij_989            1      8.758     0.000        8.758 
  LEVEL_5[29].B17                  bolinha_639                 4     20.019     6.787       26.807 
    GENERATE                       generate_ij_829             3     11.261     6.787       18.048 
    PROPAGATE                      propagate_ij_988            1      8.758     0.000        8.758 
  LEVEL_5[30].B17                  bolinha_638                 4     22.522     6.787       29.309 
    GENERATE                       generate_ij_828             3     13.763     6.787       20.551 
    PROPAGATE                      propagate_ij_987            1      8.758     0.000        8.758 
  LEVEL_5[31].B17                  bolinha_637                 4     17.517     6.787       24.304 
    GENERATE                       generate_ij_827             3     11.261     6.787       18.048 
    PROPAGATE                      propagate_ij_986            1      6.256     0.000        6.256 
  S0                               soutput                     1     12.512     0.000       12.512 
  S1                               soutput_1144                1     12.512     0.000       12.512 
  S10                              soutput_1135                3     23.773     6.787       30.560 
  S11                              soutput_1134                3     31.280     6.787       38.067 
  S12                              soutput_1133                3     31.280     6.787       38.067 
  S13                              soutput_1132                3     31.280     6.787       38.067 
  S14                              soutput_1131                3     31.280     6.787       38.067 
  S15                              soutput_1130                3     31.280     6.787       38.067 
  S16                              soutput_1129                6     53.802    18.622       72.424 
  S17                              soutput_1128                6     66.314    18.622       84.936 
  S18                              soutput_1127                6     53.802    18.622       72.424 
  S19                              soutput_1126                6     50.048    18.622       68.670 
  S2                               soutput_1143                1     12.512     0.000       12.512 
  S20                              soutput_1125                6     50.048    18.622       68.670 
  S21                              soutput_1124                5     50.048    13.575       63.623 
  S22                              soutput_1123                5     52.550    13.575       66.125 
  S23                              soutput_1122                5     45.043    13.575       58.618 
  S24                              soutput_1121                5     45.043    13.575       58.618 
  S25                              soutput_1120                5     45.043    13.575       58.618 
  S26                              soutput_1119                5     45.043    13.575       58.618 
  S27                              soutput_1118                5     45.043    13.575       58.618 
  S28                              soutput_1117                5     45.043    13.575       58.618 
  S29                              soutput_1116                5     45.043    13.575       58.618 
  S3                               soutput_1142                1     12.512     0.000       12.512 
  S30                              soutput_1115                5     45.043    13.575       58.618 
  S31                              soutput_1114                5     45.043    13.575       58.618 
  S4                               soutput_1141                1     15.014     0.000       15.014 
  S5                               soutput_1140                2     15.014     3.394       18.408 
  S6                               soutput_1139                2     15.014     3.394       18.408 
  S7                               soutput_1138                2     15.014     3.394       18.408 
  S8                               soutput_1137                3     32.531     8.441       40.972 
  S9                               soutput_1136                3     23.773     6.787       30.560 
